Linux 5.5.8test (syslab-desk) 	2021년 10월 04일 	_x86_64_	(16 CPU)

2021년 10월 04일 01시 07분 11초
avg-cpu:  %user   %nice %system %iowait  %steal   %idle
           0.90    0.00    2.61    5.12    0.00   91.38

Device            r/s     w/s     rMB/s     wMB/s   rrqm/s   wrqm/s  %rrqm  %wrqm r_await w_await aqu-sz rareq-sz wareq-sz  svctm  %util
nvme0n1        250.82 2584.76      0.99    129.85     1.80  2146.83   0.71  45.37    0.29    7.96  16.27     4.04    51.44   0.05  12.79

2021년 10월 04일 01시 07분 12초
avg-cpu:  %user   %nice %system %iowait  %steal   %idle
           0.00    0.00    0.06    0.00    0.00   99.94

Device            r/s     w/s     rMB/s     wMB/s   rrqm/s   wrqm/s  %rrqm  %wrqm r_await w_await aqu-sz rareq-sz wareq-sz  svctm  %util
nvme0n1          0.00    0.00      0.00      0.00     0.00     0.00   0.00   0.00    0.00    0.00   0.00     0.00     0.00   0.00   0.00

2021년 10월 04일 01시 07분 13초
avg-cpu:  %user   %nice %system %iowait  %steal   %idle
           0.06    0.00    0.00    0.00    0.00   99.94

Device            r/s     w/s     rMB/s     wMB/s   rrqm/s   wrqm/s  %rrqm  %wrqm r_await w_await aqu-sz rareq-sz wareq-sz  svctm  %util
nvme0n1          0.00    0.00      0.00      0.00     0.00     0.00   0.00   0.00    0.00    0.00   0.00     0.00     0.00   0.00   0.00

2021년 10월 04일 01시 07분 14초
avg-cpu:  %user   %nice %system %iowait  %steal   %idle
           0.12    0.00    1.44    0.38    0.00   98.06

Device            r/s     w/s     rMB/s     wMB/s   rrqm/s   wrqm/s  %rrqm  %wrqm r_await w_await aqu-sz rareq-sz wareq-sz  svctm  %util
nvme0n1        736.00    1.00     20.97      0.00  4629.00     0.00  86.28   0.00    0.14   14.00   0.01    29.17     0.00   0.32  23.60

2021년 10월 04일 01시 07분 15초
avg-cpu:  %user   %nice %system %iowait  %steal   %idle
           0.25    0.00    3.58   19.11    0.00   77.06

Device            r/s     w/s     rMB/s     wMB/s   rrqm/s   wrqm/s  %rrqm  %wrqm r_await w_await aqu-sz rareq-sz wareq-sz  svctm  %util
nvme0n1       5552.00 2279.00     21.69     21.14     0.00     2.00   0.00   0.09    0.31    0.64   0.06     4.00     9.50   0.12  94.40

2021년 10월 04일 01시 07분 16초
avg-cpu:  %user   %nice %system %iowait  %steal   %idle
           0.32    0.00    3.21   20.98    0.00   75.49

Device            r/s     w/s     rMB/s     wMB/s   rrqm/s   wrqm/s  %rrqm  %wrqm r_await w_await aqu-sz rareq-sz wareq-sz  svctm  %util
nvme0n1       5620.00 2549.00     21.95     21.86     0.00     0.00   0.00   0.00    0.33    0.63   0.05     4.00     8.78   0.12 100.00

2021년 10월 04일 01시 07분 17초
avg-cpu:  %user   %nice %system %iowait  %steal   %idle
           0.25    0.00    3.04   20.85    0.00   75.86

Device            r/s     w/s     rMB/s     wMB/s   rrqm/s   wrqm/s  %rrqm  %wrqm r_await w_await aqu-sz rareq-sz wareq-sz  svctm  %util
nvme0n1       5622.00 2709.00     21.96     21.94     0.00     0.00   0.00   0.00    0.32    0.62   0.03     4.00     8.29   0.12 100.00

2021년 10월 04일 01시 07분 18초
avg-cpu:  %user   %nice %system %iowait  %steal   %idle
           0.31    0.00    4.14   20.46    0.00   75.08

Device            r/s     w/s     rMB/s     wMB/s   rrqm/s   wrqm/s  %rrqm  %wrqm r_await w_await aqu-sz rareq-sz wareq-sz  svctm  %util
nvme0n1       5431.00 2594.00     21.21     21.09     0.00     0.00   0.00   0.00    0.32    0.65   0.07     4.00     8.33   0.12 100.00

2021년 10월 04일 01시 07분 19초
avg-cpu:  %user   %nice %system %iowait  %steal   %idle
           0.32    0.00    2.85   21.04    0.00   75.79

Device            r/s     w/s     rMB/s     wMB/s   rrqm/s   wrqm/s  %rrqm  %wrqm r_await w_await aqu-sz rareq-sz wareq-sz  svctm  %util
nvme0n1       5822.00 2436.00     22.74     22.66     0.00     0.00   0.00   0.00    0.32    0.65   0.07     4.00     9.52   0.12 100.00

2021년 10월 04일 01시 07분 20초
avg-cpu:  %user   %nice %system %iowait  %steal   %idle
           0.25    0.00    3.29   20.90    0.00   75.55

Device            r/s     w/s     rMB/s     wMB/s   rrqm/s   wrqm/s  %rrqm  %wrqm r_await w_await aqu-sz rareq-sz wareq-sz  svctm  %util
nvme0n1       5754.00 2609.00     22.48     36.46     0.00  3594.00   0.00  57.94    0.32    0.64   0.03     4.00    14.31   0.12  99.60

2021년 10월 04일 01시 07분 21초
avg-cpu:  %user   %nice %system %iowait  %steal   %idle
           0.38    0.00    3.52   20.83    0.00   75.27

Device            r/s     w/s     rMB/s     wMB/s   rrqm/s   wrqm/s  %rrqm  %wrqm r_await w_await aqu-sz rareq-sz wareq-sz  svctm  %util
nvme0n1       5544.00 2511.00     21.66     21.60     0.00     0.00   0.00   0.00    0.34    0.64   0.06     4.00     8.81   0.12 100.40

2021년 10월 04일 01시 07분 22초
avg-cpu:  %user   %nice %system %iowait  %steal   %idle
           0.32    0.00    3.16   20.89    0.00   75.63

Device            r/s     w/s     rMB/s     wMB/s   rrqm/s   wrqm/s  %rrqm  %wrqm r_await w_await aqu-sz rareq-sz wareq-sz  svctm  %util
nvme0n1       5524.00 2546.00     21.58     21.51     0.00     0.00   0.00   0.00    0.33    0.64   0.05     4.00     8.65   0.12 100.00

2021년 10월 04일 01시 07분 23초
avg-cpu:  %user   %nice %system %iowait  %steal   %idle
           0.38    0.00    3.29   20.58    0.00   75.74

Device            r/s     w/s     rMB/s     wMB/s   rrqm/s   wrqm/s  %rrqm  %wrqm r_await w_await aqu-sz rareq-sz wareq-sz  svctm  %util
nvme0n1       5690.00 2671.00     22.23     22.16     0.00     0.00   0.00   0.00    0.32    0.60   0.04     4.00     8.49   0.12 100.00

2021년 10월 04일 01시 07분 24초
avg-cpu:  %user   %nice %system %iowait  %steal   %idle
           0.19    0.00    3.35   20.91    0.00   75.55

Device            r/s     w/s     rMB/s     wMB/s   rrqm/s   wrqm/s  %rrqm  %wrqm r_await w_await aqu-sz rareq-sz wareq-sz  svctm  %util
nvme0n1       5929.00 2500.00     23.16     23.07     0.00     0.00   0.00   0.00    0.31    0.66   0.06     4.00     9.45   0.12 100.80

2021년 10월 04일 01시 07분 25초
avg-cpu:  %user   %nice %system %iowait  %steal   %idle
           0.38    0.00    3.59   20.81    0.00   75.22

Device            r/s     w/s     rMB/s     wMB/s   rrqm/s   wrqm/s  %rrqm  %wrqm r_await w_await aqu-sz rareq-sz wareq-sz  svctm  %util
nvme0n1       5480.00 2433.00     21.41     35.41     0.00  3576.00   0.00  59.51    0.35    0.66   0.05     4.00    14.91   0.13 100.00

2021년 10월 04일 01시 07분 26초
avg-cpu:  %user   %nice %system %iowait  %steal   %idle
           0.38    0.00    3.53   20.78    0.00   75.31

Device            r/s     w/s     rMB/s     wMB/s   rrqm/s   wrqm/s  %rrqm  %wrqm r_await w_await aqu-sz rareq-sz wareq-sz  svctm  %util
nvme0n1       5544.00 2530.00     21.66     21.57     0.00     0.00   0.00   0.00    0.34    0.63   0.05     4.00     8.73   0.12 100.00

2021년 10월 04일 01시 07분 27초
avg-cpu:  %user   %nice %system %iowait  %steal   %idle
           0.32    0.00    3.47   20.72    0.00   75.49

Device            r/s     w/s     rMB/s     wMB/s   rrqm/s   wrqm/s  %rrqm  %wrqm r_await w_await aqu-sz rareq-sz wareq-sz  svctm  %util
nvme0n1       5794.00 2611.00     22.63     22.60     0.00     0.00   0.00   0.00    0.32    0.60   0.03     4.00     8.86   0.12 100.00

2021년 10월 04일 01시 07분 28초
avg-cpu:  %user   %nice %system %iowait  %steal   %idle
           0.25    0.00    3.90   20.63    0.00   75.22

Device            r/s     w/s     rMB/s     wMB/s   rrqm/s   wrqm/s  %rrqm  %wrqm r_await w_await aqu-sz rareq-sz wareq-sz  svctm  %util
nvme0n1       5550.00 2569.00     21.68     21.60     0.00     0.00   0.00   0.00    0.33    0.63   0.04     4.00     8.61   0.12 100.00

2021년 10월 04일 01시 07분 29초
avg-cpu:  %user   %nice %system %iowait  %steal   %idle
           0.31    0.00    3.90   20.62    0.00   75.17

Device            r/s     w/s     rMB/s     wMB/s   rrqm/s   wrqm/s  %rrqm  %wrqm r_await w_await aqu-sz rareq-sz wareq-sz  svctm  %util
nvme0n1       5805.00 2594.00     22.68     22.63     0.00     0.00   0.00   0.00    0.32    0.61   0.05     4.00     8.93   0.12 100.00

2021년 10월 04일 01시 07분 30초
avg-cpu:  %user   %nice %system %iowait  %steal   %idle
           0.25    0.00    3.95   20.72    0.00   75.08

Device            r/s     w/s     rMB/s     wMB/s   rrqm/s   wrqm/s  %rrqm  %wrqm r_await w_await aqu-sz rareq-sz wareq-sz  svctm  %util
nvme0n1       5747.00 2532.00     22.45     36.41     0.00  3558.00   0.00  58.42    0.33    0.66   0.03     4.00    14.73   0.12 100.00

2021년 10월 04일 01시 07분 31초
avg-cpu:  %user   %nice %system %iowait  %steal   %idle
           0.25    0.00    3.47   20.93    0.00   75.35

Device            r/s     w/s     rMB/s     wMB/s   rrqm/s   wrqm/s  %rrqm  %wrqm r_await w_await aqu-sz rareq-sz wareq-sz  svctm  %util
nvme0n1       5776.00 2484.00     22.56     22.50     0.00     0.00   0.00   0.00    0.33    0.64   0.06     4.00     9.28   0.12 100.00

2021년 10월 04일 01시 07분 32초
avg-cpu:  %user   %nice %system %iowait  %steal   %idle
           0.25    0.00    3.29   20.81    0.00   75.65

Device            r/s     w/s     rMB/s     wMB/s   rrqm/s   wrqm/s  %rrqm  %wrqm r_await w_await aqu-sz rareq-sz wareq-sz  svctm  %util
nvme0n1       5784.00 2540.00     22.59     22.52     0.00     0.00   0.00   0.00    0.32    0.63   0.05     4.00     9.08   0.12 100.00

2021년 10월 04일 01시 07분 33초
avg-cpu:  %user   %nice %system %iowait  %steal   %idle
           0.25    0.00    2.98   20.93    0.00   75.84

Device            r/s     w/s     rMB/s     wMB/s   rrqm/s   wrqm/s  %rrqm  %wrqm r_await w_await aqu-sz rareq-sz wareq-sz  svctm  %util
nvme0n1       6072.00 2571.00     23.72     23.58     0.00     0.00   0.00   0.00    0.31    0.61   0.02     4.00     9.39   0.12 100.00

2021년 10월 04일 01시 07분 34초
avg-cpu:  %user   %nice %system %iowait  %steal   %idle
           0.32    0.00    2.72   21.33    0.00   75.63

Device            r/s     w/s     rMB/s     wMB/s   rrqm/s   wrqm/s  %rrqm  %wrqm r_await w_await aqu-sz rareq-sz wareq-sz  svctm  %util
nvme0n1       5596.00 2433.00     21.86     21.78     0.00     0.00   0.00   0.00    0.33    0.68   0.06     4.00     9.17   0.12 100.00

2021년 10월 04일 01시 07분 35초
avg-cpu:  %user   %nice %system %iowait  %steal   %idle
           0.19    0.00    2.54   21.36    0.00   75.91

Device            r/s     w/s     rMB/s     wMB/s   rrqm/s   wrqm/s  %rrqm  %wrqm r_await w_await aqu-sz rareq-sz wareq-sz  svctm  %util
nvme0n1       5709.00 2423.00     22.30     36.45     0.00  3599.00   0.00  59.76    0.34    0.67   0.06     4.00    15.40   0.12 100.00

2021년 10월 04일 01시 07분 36초
avg-cpu:  %user   %nice %system %iowait  %steal   %idle
           0.38    0.00    2.41   21.27    0.00   75.94

Device            r/s     w/s     rMB/s     wMB/s   rrqm/s   wrqm/s  %rrqm  %wrqm r_await w_await aqu-sz rareq-sz wareq-sz  svctm  %util
nvme0n1       5894.00 2493.00     23.02     22.96     0.00     0.00   0.00   0.00    0.33    0.63   0.03     4.00     9.43   0.12 100.00

2021년 10월 04일 01시 07분 37초
avg-cpu:  %user   %nice %system %iowait  %steal   %idle
           0.13    0.00    3.53   21.03    0.00   75.31

Device            r/s     w/s     rMB/s     wMB/s   rrqm/s   wrqm/s  %rrqm  %wrqm r_await w_await aqu-sz rareq-sz wareq-sz  svctm  %util
nvme0n1       5588.00 2538.00     21.83     21.76     0.00     0.00   0.00   0.00    0.34    0.64   0.04     4.00     8.78   0.12 100.00

2021년 10월 04일 01시 07분 38초
avg-cpu:  %user   %nice %system %iowait  %steal   %idle
           0.25    0.00    2.80   20.87    0.00   76.08

Device            r/s     w/s     rMB/s     wMB/s   rrqm/s   wrqm/s  %rrqm  %wrqm r_await w_await aqu-sz rareq-sz wareq-sz  svctm  %util
nvme0n1       5600.00 2446.00     21.88     21.80     0.00     0.00   0.00   0.00    0.33    0.65   0.06     4.00     9.13   0.12 100.00

2021년 10월 04일 01시 07분 39초
avg-cpu:  %user   %nice %system %iowait  %steal   %idle
           0.19    0.00    2.85   21.27    0.00   75.70

Device            r/s     w/s     rMB/s     wMB/s   rrqm/s   wrqm/s  %rrqm  %wrqm r_await w_await aqu-sz rareq-sz wareq-sz  svctm  %util
nvme0n1       5736.00 2598.00     22.41     22.33     0.00     0.00   0.00   0.00    0.32    0.65   0.05     4.00     8.80   0.12 100.00

2021년 10월 04일 01시 07분 40초
avg-cpu:  %user   %nice %system %iowait  %steal   %idle
           0.44    0.00    2.85   21.01    0.00   75.70

Device            r/s     w/s     rMB/s     wMB/s   rrqm/s   wrqm/s  %rrqm  %wrqm r_await w_await aqu-sz rareq-sz wareq-sz  svctm  %util
nvme0n1       6002.00 2504.00     23.45     37.67     0.00  3643.00   0.00  59.26    0.32    0.66   0.10     4.00    15.41   0.12 100.00

2021년 10월 04일 01시 07분 41초
avg-cpu:  %user   %nice %system %iowait  %steal   %idle
           0.32    0.00    3.34   20.98    0.00   75.36

Device            r/s     w/s     rMB/s     wMB/s   rrqm/s   wrqm/s  %rrqm  %wrqm r_await w_await aqu-sz rareq-sz wareq-sz  svctm  %util
nvme0n1       5865.00 2398.00     22.91     22.79     0.00     0.00   0.00   0.00    0.33    0.64   0.05     4.00     9.73   0.12 100.40

2021년 10월 04일 01시 07분 42초
avg-cpu:  %user   %nice %system %iowait  %steal   %idle
           0.31    0.00    3.89   20.67    0.00   75.13

Device            r/s     w/s     rMB/s     wMB/s   rrqm/s   wrqm/s  %rrqm  %wrqm r_await w_await aqu-sz rareq-sz wareq-sz  svctm  %util
nvme0n1       5614.00 2491.00     21.93     21.86     0.00     0.00   0.00   0.00    0.33    0.64   0.03     4.00     8.99   0.12 100.00

2021년 10월 04일 01시 07분 43초
avg-cpu:  %user   %nice %system %iowait  %steal   %idle
           0.25    0.00    2.80   20.98    0.00   75.97

Device            r/s     w/s     rMB/s     wMB/s   rrqm/s   wrqm/s  %rrqm  %wrqm r_await w_await aqu-sz rareq-sz wareq-sz  svctm  %util
nvme0n1       5526.00 2727.00     21.59     21.50     0.00     0.00   0.00   0.00    0.33    0.60   0.03     4.00     8.07   0.12  99.60

2021년 10월 04일 01시 07분 44초
avg-cpu:  %user   %nice %system %iowait  %steal   %idle
           0.25    0.00    2.85   21.05    0.00   75.84

Device            r/s     w/s     rMB/s     wMB/s   rrqm/s   wrqm/s  %rrqm  %wrqm r_await w_await aqu-sz rareq-sz wareq-sz  svctm  %util
nvme0n1       5603.00 2504.00     21.89     21.75     0.00     0.00   0.00   0.00    0.33    0.65   0.07     4.00     8.89   0.12 100.40

2021년 10월 04일 01시 07분 45초
avg-cpu:  %user   %nice %system %iowait  %steal   %idle
           0.25    0.00    3.72   20.77    0.00   75.25

Device            r/s     w/s     rMB/s     wMB/s   rrqm/s   wrqm/s  %rrqm  %wrqm r_await w_await aqu-sz rareq-sz wareq-sz  svctm  %util
nvme0n1       5756.00 3029.00     22.48     55.72     0.00  8033.00   0.00  72.62    0.32    1.19   1.30     4.00    18.84   0.11 100.00

2021년 10월 04일 01시 07분 46초
avg-cpu:  %user   %nice %system %iowait  %steal   %idle
           0.38    0.00    3.40   20.93    0.00   75.28

Device            r/s     w/s     rMB/s     wMB/s   rrqm/s   wrqm/s  %rrqm  %wrqm r_await w_await aqu-sz rareq-sz wareq-sz  svctm  %util
nvme0n1       5740.00 2506.00     22.42     22.36     0.00     0.00   0.00   0.00    0.33    0.63   0.06     4.00     9.14   0.12  99.60

2021년 10월 04일 01시 07분 47초
avg-cpu:  %user   %nice %system %iowait  %steal   %idle
           0.32    0.00    3.04   20.85    0.00   75.79

Device            r/s     w/s     rMB/s     wMB/s   rrqm/s   wrqm/s  %rrqm  %wrqm r_await w_await aqu-sz rareq-sz wareq-sz  svctm  %util
nvme0n1       5767.00 2552.00     22.53     22.43     0.00     0.00   0.00   0.00    0.33    0.60   0.02     4.00     9.00   0.12 100.40

2021년 10월 04일 01시 07분 48초
avg-cpu:  %user   %nice %system %iowait  %steal   %idle
           0.25    0.00    3.77   20.85    0.00   75.13

Device            r/s     w/s     rMB/s     wMB/s   rrqm/s   wrqm/s  %rrqm  %wrqm r_await w_await aqu-sz rareq-sz wareq-sz  svctm  %util
nvme0n1       5336.00 2592.00     20.84     20.77     0.00     0.00   0.00   0.00    0.34    0.64   0.06     4.00     8.20   0.13 100.00

2021년 10월 04일 01시 07분 49초
avg-cpu:  %user   %nice %system %iowait  %steal   %idle
           0.19    0.00    2.92   20.90    0.00   75.98

Device            r/s     w/s     rMB/s     wMB/s   rrqm/s   wrqm/s  %rrqm  %wrqm r_await w_await aqu-sz rareq-sz wareq-sz  svctm  %util
nvme0n1       5560.00 2636.00     21.72     21.60     0.00     0.00   0.00   0.00    0.32    0.63   0.06     4.00     8.39   0.12 100.00

2021년 10월 04일 01시 07분 50초
avg-cpu:  %user   %nice %system %iowait  %steal   %idle
           0.38    0.00    3.10   21.11    0.00   75.41

Device            r/s     w/s     rMB/s     wMB/s   rrqm/s   wrqm/s  %rrqm  %wrqm r_await w_await aqu-sz rareq-sz wareq-sz  svctm  %util
nvme0n1       5824.00 2554.00     22.75     36.94     0.00  3619.00   0.00  58.63    0.33    0.65   0.06     4.00    14.81   0.12 100.00

2021년 10월 04일 01시 07분 51초
avg-cpu:  %user   %nice %system %iowait  %steal   %idle
           0.38    0.00    3.03   21.09    0.00   75.51

Device            r/s     w/s     rMB/s     wMB/s   rrqm/s   wrqm/s  %rrqm  %wrqm r_await w_await aqu-sz rareq-sz wareq-sz  svctm  %util
nvme0n1       5629.00 2505.00     21.99     21.91     0.00     0.00   0.00   0.00    0.33    0.65   0.04     4.00     8.95   0.12 100.00

2021년 10월 04일 01시 07분 52초
avg-cpu:  %user   %nice %system %iowait  %steal   %idle
           0.57    0.00    3.34   20.63    0.00   75.46

Device            r/s     w/s     rMB/s     wMB/s   rrqm/s   wrqm/s  %rrqm  %wrqm r_await w_await aqu-sz rareq-sz wareq-sz  svctm  %util
nvme0n1       5713.00 2396.00     22.32     22.24     0.00     0.00   0.00   0.00    0.33    0.65   0.05     4.00     9.50   0.12 100.00

2021년 10월 04일 01시 07분 53초
avg-cpu:  %user   %nice %system %iowait  %steal   %idle
           0.32    0.00    2.91   20.96    0.00   75.81

Device            r/s     w/s     rMB/s     wMB/s   rrqm/s   wrqm/s  %rrqm  %wrqm r_await w_await aqu-sz rareq-sz wareq-sz  svctm  %util
nvme0n1       5856.00 2657.00     22.88     22.77     0.00     0.00   0.00   0.00    0.31    0.61   0.05     4.00     8.77   0.12 100.00

2021년 10월 04일 01시 07분 54초
avg-cpu:  %user   %nice %system %iowait  %steal   %idle
           0.38    0.00    3.11   20.61    0.00   75.90

Device            r/s     w/s     rMB/s     wMB/s   rrqm/s   wrqm/s  %rrqm  %wrqm r_await w_await aqu-sz rareq-sz wareq-sz  svctm  %util
nvme0n1       5443.00 2661.00     21.26     21.17     0.00     0.00   0.00   0.00    0.32    0.63   0.07     4.00     8.15   0.12 100.00

2021년 10월 04일 01시 07분 55초
avg-cpu:  %user   %nice %system %iowait  %steal   %idle
           0.32    0.00    3.23   20.72    0.00   75.73

Device            r/s     w/s     rMB/s     wMB/s   rrqm/s   wrqm/s  %rrqm  %wrqm r_await w_await aqu-sz rareq-sz wareq-sz  svctm  %util
nvme0n1       5386.00 2714.00     21.04     35.03     0.00  3598.00   0.00  57.00    0.33    0.64   0.05     4.00    13.22   0.12 100.00

2021년 10월 04일 01시 07분 56초
avg-cpu:  %user   %nice %system %iowait  %steal   %idle
           0.25    0.00    4.14   20.58    0.00   75.03

Device            r/s     w/s     rMB/s     wMB/s   rrqm/s   wrqm/s  %rrqm  %wrqm r_await w_await aqu-sz rareq-sz wareq-sz  svctm  %util
nvme0n1       5701.00 2610.00     22.27     22.26     0.00     0.00   0.00   0.00    0.33    0.61   0.05     4.00     8.73   0.12 100.00

2021년 10월 04일 01시 07분 57초
avg-cpu:  %user   %nice %system %iowait  %steal   %idle
           0.38    0.00    3.22   20.95    0.00   75.46

Device            r/s     w/s     rMB/s     wMB/s   rrqm/s   wrqm/s  %rrqm  %wrqm r_await w_await aqu-sz rareq-sz wareq-sz  svctm  %util
nvme0n1       5805.00 2579.00     22.67     22.55     0.00     0.00   0.00   0.00    0.33    0.61   0.06     4.00     8.95   0.12 100.00

2021년 10월 04일 01시 07분 58초
avg-cpu:  %user   %nice %system %iowait  %steal   %idle
           0.38    0.00    3.34   20.76    0.00   75.52

Device            r/s     w/s     rMB/s     wMB/s   rrqm/s   wrqm/s  %rrqm  %wrqm r_await w_await aqu-sz rareq-sz wareq-sz  svctm  %util
nvme0n1       5352.00 2625.00     20.91     20.86     0.00     0.00   0.00   0.00    0.33    0.64   0.06     4.00     8.14   0.13 100.00

2021년 10월 04일 01시 07분 59초
avg-cpu:  %user   %nice %system %iowait  %steal   %idle
           0.32    0.00    3.41   20.82    0.00   75.46

Device            r/s     w/s     rMB/s     wMB/s   rrqm/s   wrqm/s  %rrqm  %wrqm r_await w_await aqu-sz rareq-sz wareq-sz  svctm  %util
nvme0n1       5401.00 2664.00     21.10     21.03     0.00     0.00   0.00   0.00    0.33    0.63   0.06     4.00     8.08   0.12 100.00

2021년 10월 04일 01시 08분 00초
avg-cpu:  %user   %nice %system %iowait  %steal   %idle
           0.19    0.00    4.15   20.49    0.00   75.17

Device            r/s     w/s     rMB/s     wMB/s   rrqm/s   wrqm/s  %rrqm  %wrqm r_await w_await aqu-sz rareq-sz wareq-sz  svctm  %util
nvme0n1       5364.00 2868.00     20.95     34.62     0.00  3496.00   0.00  54.93    0.32    0.61   0.04     4.00    12.36   0.12 100.00

2021년 10월 04일 01시 08분 01초
avg-cpu:  %user   %nice %system %iowait  %steal   %idle
           0.31    0.00    3.46   20.89    0.00   75.33

Device            r/s     w/s     rMB/s     wMB/s   rrqm/s   wrqm/s  %rrqm  %wrqm r_await w_await aqu-sz rareq-sz wareq-sz  svctm  %util
nvme0n1       5598.00 2623.00     21.87     21.79     0.00     0.00   0.00   0.00    0.33    0.63   0.06     4.00     8.51   0.12 100.00

2021년 10월 04일 01시 08분 02초
avg-cpu:  %user   %nice %system %iowait  %steal   %idle
           0.38    0.00    3.89   20.60    0.00   75.13

Device            r/s     w/s     rMB/s     wMB/s   rrqm/s   wrqm/s  %rrqm  %wrqm r_await w_await aqu-sz rareq-sz wareq-sz  svctm  %util
nvme0n1       5511.00 2554.00     21.53     21.48     0.00     0.00   0.00   0.00    0.33    0.63   0.05     4.00     8.61   0.12  99.60

2021년 10월 04일 01시 08분 03초
avg-cpu:  %user   %nice %system %iowait  %steal   %idle
           0.25    0.00    3.22   20.96    0.00   75.57

Device            r/s     w/s     rMB/s     wMB/s   rrqm/s   wrqm/s  %rrqm  %wrqm r_await w_await aqu-sz rareq-sz wareq-sz  svctm  %util
nvme0n1       5746.00 2597.00     22.45     22.42     0.00     0.00   0.00   0.00    0.33    0.61   0.06     4.00     8.84   0.12 100.40

2021년 10월 04일 01시 08분 04초
avg-cpu:  %user   %nice %system %iowait  %steal   %idle
           0.19    0.00    3.96   18.94    0.00   76.90

Device            r/s     w/s     rMB/s     wMB/s   rrqm/s   wrqm/s  %rrqm  %wrqm r_await w_await aqu-sz rareq-sz wareq-sz  svctm  %util
nvme0n1       4937.00 2389.00     19.29     19.23     0.00     0.00   0.00   0.00    0.33    0.63   0.02     4.00     8.24   0.13  93.20

2021년 10월 04일 01시 08분 05초
avg-cpu:  %user   %nice %system %iowait  %steal   %idle
           0.06    0.00    0.19    0.06    0.00   99.69

Device            r/s     w/s     rMB/s     wMB/s   rrqm/s   wrqm/s  %rrqm  %wrqm r_await w_await aqu-sz rareq-sz wareq-sz  svctm  %util
nvme0n1          0.00   29.00      0.00     13.70     0.00  3479.00   0.00  99.17    0.00    0.83   0.00     0.00   483.86   0.41   1.20

2021년 10월 04일 01시 08분 06초
avg-cpu:  %user   %nice %system %iowait  %steal   %idle
           0.06    0.00    0.19    0.00    0.00   99.75

Device            r/s     w/s     rMB/s     wMB/s   rrqm/s   wrqm/s  %rrqm  %wrqm r_await w_await aqu-sz rareq-sz wareq-sz  svctm  %util
nvme0n1          0.00    0.00      0.00      0.00     0.00     0.00   0.00   0.00    0.00    0.00   0.00     0.00     0.00   0.00   0.00

