Linux 5.5.8test (syslab-desk) 	2021년 10월 04일 	_x86_64_	(16 CPU)

2021년 10월 04일 00시 47분 47초
avg-cpu:  %user   %nice %system %iowait  %steal   %idle
           0.92    0.00    2.52    4.80    0.00   91.76

Device            r/s     w/s     rMB/s     wMB/s   rrqm/s   wrqm/s  %rrqm  %wrqm r_await w_await aqu-sz rareq-sz wareq-sz  svctm  %util
nvme0n1        236.35 2607.14      0.93    133.21     1.51  1724.88   0.63  39.82    0.23    8.14  16.80     4.03    52.32   0.04  10.57

2021년 10월 04일 00시 47분 48초
avg-cpu:  %user   %nice %system %iowait  %steal   %idle
           0.06    0.00    0.06    0.00    0.00   99.87

Device            r/s     w/s     rMB/s     wMB/s   rrqm/s   wrqm/s  %rrqm  %wrqm r_await w_await aqu-sz rareq-sz wareq-sz  svctm  %util
nvme0n1          0.00    0.00      0.00      0.00     0.00     0.00   0.00   0.00    0.00    0.00   0.00     0.00     0.00   0.00   0.00

2021년 10월 04일 00시 47분 49초
avg-cpu:  %user   %nice %system %iowait  %steal   %idle
           0.00    0.00    0.00    0.00    0.00  100.00

Device            r/s     w/s     rMB/s     wMB/s   rrqm/s   wrqm/s  %rrqm  %wrqm r_await w_await aqu-sz rareq-sz wareq-sz  svctm  %util
nvme0n1          0.00    0.00      0.00      0.00     0.00     0.00   0.00   0.00    0.00    0.00   0.00     0.00     0.00   0.00   0.00

2021년 10월 04일 00시 47분 50초
avg-cpu:  %user   %nice %system %iowait  %steal   %idle
           0.00    0.00    0.13    0.00    0.00   99.87

Device            r/s     w/s     rMB/s     wMB/s   rrqm/s   wrqm/s  %rrqm  %wrqm r_await w_await aqu-sz rareq-sz wareq-sz  svctm  %util
nvme0n1          0.00    0.00      0.00      0.00     0.00     0.00   0.00   0.00    0.00    0.00   0.00     0.00     0.00   0.00   0.00

2021년 10월 04일 00시 47분 51초
avg-cpu:  %user   %nice %system %iowait  %steal   %idle
           0.25    0.00    1.81    0.44    0.00   97.50

Device            r/s     w/s     rMB/s     wMB/s   rrqm/s   wrqm/s  %rrqm  %wrqm r_await w_await aqu-sz rareq-sz wareq-sz  svctm  %util
nvme0n1        828.00    1.00     21.27      0.00  4615.00     0.00  84.79   0.00    0.14   14.00   0.01    26.31     0.00   0.33  27.20

2021년 10월 04일 00시 47분 52초
avg-cpu:  %user   %nice %system %iowait  %steal   %idle
           0.72    0.00    4.54   92.43    0.00    2.30

Device            r/s     w/s     rMB/s     wMB/s   rrqm/s   wrqm/s  %rrqm  %wrqm r_await w_await aqu-sz rareq-sz wareq-sz  svctm  %util
nvme0n1       8041.00 3408.00     31.41     30.94     0.00     2.00   0.00   0.06    1.18    1.53   0.59     4.00     9.30   0.09  99.60

2021년 10월 04일 00시 47분 53초
avg-cpu:  %user   %nice %system %iowait  %steal   %idle
           0.33    0.00    6.08   92.48    0.00    1.11

Device            r/s     w/s     rMB/s     wMB/s   rrqm/s   wrqm/s  %rrqm  %wrqm r_await w_await aqu-sz rareq-sz wareq-sz  svctm  %util
nvme0n1       8244.00 3649.00     32.20     32.11     0.00     0.00   0.00   0.00    1.13    1.51   0.50     4.00     9.01   0.08 100.00

2021년 10월 04일 00시 47분 54초
avg-cpu:  %user   %nice %system %iowait  %steal   %idle
           0.45    0.00    6.36   92.34    0.00    0.84

Device            r/s     w/s     rMB/s     wMB/s   rrqm/s   wrqm/s  %rrqm  %wrqm r_await w_await aqu-sz rareq-sz wareq-sz  svctm  %util
nvme0n1       7547.00 3592.00     29.48     29.33     0.00     0.00   0.00   0.00    1.23    1.55   0.70     4.00     8.36   0.09  99.60

2021년 10월 04일 00시 47분 55초
avg-cpu:  %user   %nice %system %iowait  %steal   %idle
           0.52    0.00    5.89   92.87    0.00    0.72

Device            r/s     w/s     rMB/s     wMB/s   rrqm/s   wrqm/s  %rrqm  %wrqm r_await w_await aqu-sz rareq-sz wareq-sz  svctm  %util
nvme0n1       8202.00 3575.00     32.04     31.90     0.00     0.00   0.00   0.00    1.14    1.53   0.75     4.00     9.14   0.08 100.00

2021년 10월 04일 00시 47분 56초
avg-cpu:  %user   %nice %system %iowait  %steal   %idle
           0.26    0.00    6.23   92.41    0.00    1.10

Device            r/s     w/s     rMB/s     wMB/s   rrqm/s   wrqm/s  %rrqm  %wrqm r_await w_await aqu-sz rareq-sz wareq-sz  svctm  %util
nvme0n1       7914.00 3470.00     30.91     30.64     0.00     0.00   0.00   0.00    1.20    1.57   0.66     4.00     9.04   0.09 100.00

2021년 10월 04일 00시 47분 57초
avg-cpu:  %user   %nice %system %iowait  %steal   %idle
           0.45    0.00    8.25   89.76    0.00    1.54

Device            r/s     w/s     rMB/s     wMB/s   rrqm/s   wrqm/s  %rrqm  %wrqm r_await w_await aqu-sz rareq-sz wareq-sz  svctm  %util
nvme0n1       7217.00 3835.00     28.20     44.99     0.00  4306.00   0.00  52.89    1.20    1.62   0.62     4.00    12.01   0.09 100.00

2021년 10월 04일 00시 47분 58초
avg-cpu:  %user   %nice %system %iowait  %steal   %idle
           0.46    0.00    5.72   93.10    0.00    0.72

Device            r/s     w/s     rMB/s     wMB/s   rrqm/s   wrqm/s  %rrqm  %wrqm r_await w_await aqu-sz rareq-sz wareq-sz  svctm  %util
nvme0n1       8210.00 3696.00     32.06     31.95     0.00     0.00   0.00   0.00    1.13    1.50   0.54     4.00     8.85   0.08 100.00

2021년 10월 04일 00시 47분 59초
avg-cpu:  %user   %nice %system %iowait  %steal   %idle
           0.77    0.00    7.38   90.89    0.00    0.96

Device            r/s     w/s     rMB/s     wMB/s   rrqm/s   wrqm/s  %rrqm  %wrqm r_await w_await aqu-sz rareq-sz wareq-sz  svctm  %util
nvme0n1       7772.00 3574.00     30.36     30.23     0.00     0.00   0.00   0.00    1.20    1.55   0.70     4.00     8.66   0.09 100.00

2021년 10월 04일 00시 48분 00초
avg-cpu:  %user   %nice %system %iowait  %steal   %idle
           0.46    0.00    5.08   93.33    0.00    1.12

Device            r/s     w/s     rMB/s     wMB/s   rrqm/s   wrqm/s  %rrqm  %wrqm r_await w_await aqu-sz rareq-sz wareq-sz  svctm  %util
nvme0n1       7635.00 3658.00     29.82     29.64     0.00     0.00   0.00   0.00    1.18    1.57   0.79     4.00     8.30   0.09 100.00

2021년 10월 04일 00시 48분 01초
avg-cpu:  %user   %nice %system %iowait  %steal   %idle
           0.51    0.00    7.53   91.51    0.00    0.45

Device            r/s     w/s     rMB/s     wMB/s   rrqm/s   wrqm/s  %rrqm  %wrqm r_await w_await aqu-sz rareq-sz wareq-sz  svctm  %util
nvme0n1       7957.00 3567.00     31.08     30.93     0.00     0.00   0.00   0.00    1.19    1.51   0.56     4.00     8.88   0.09 100.00

2021년 10월 04일 00시 48분 02초
avg-cpu:  %user   %nice %system %iowait  %steal   %idle
           0.58    0.00    6.49   90.39    0.00    2.53

Device            r/s     w/s     rMB/s     wMB/s   rrqm/s   wrqm/s  %rrqm  %wrqm r_await w_await aqu-sz rareq-sz wareq-sz  svctm  %util
nvme0n1       7076.00 3520.00     27.64     44.04     0.00  4221.00   0.00  54.53    1.28    1.64   0.61     4.00    12.81   0.09 100.00

2021년 10월 04일 00시 48분 03초
avg-cpu:  %user   %nice %system %iowait  %steal   %idle
           0.58    0.00    6.17   91.69    0.00    1.56

Device            r/s     w/s     rMB/s     wMB/s   rrqm/s   wrqm/s  %rrqm  %wrqm r_await w_await aqu-sz rareq-sz wareq-sz  svctm  %util
nvme0n1       7754.00 3471.00     30.29     30.16     0.00     0.00   0.00   0.00    1.22    1.57   0.60     4.00     8.90   0.09 100.00

2021년 10월 04일 00시 48분 04초
avg-cpu:  %user   %nice %system %iowait  %steal   %idle
           0.40    0.00    5.20   93.74    0.00    0.66

Device            r/s     w/s     rMB/s     wMB/s   rrqm/s   wrqm/s  %rrqm  %wrqm r_await w_await aqu-sz rareq-sz wareq-sz  svctm  %util
nvme0n1       7917.00 3560.00     30.93     30.68     0.00     0.00   0.00   0.00    1.19    1.53   0.58     4.00     8.83   0.09 100.00

2021년 10월 04일 00시 48분 05초
avg-cpu:  %user   %nice %system %iowait  %steal   %idle
           0.77    0.00    7.89   90.82    0.00    0.51

Device            r/s     w/s     rMB/s     wMB/s   rrqm/s   wrqm/s  %rrqm  %wrqm r_await w_await aqu-sz rareq-sz wareq-sz  svctm  %util
nvme0n1       7620.00 3821.00     29.77     29.61     0.00     0.00   0.00   0.00    1.18    1.52   0.34     4.00     7.93   0.09 100.00

2021년 10월 04일 00시 48분 06초
avg-cpu:  %user   %nice %system %iowait  %steal   %idle
           0.39    0.00    6.56   92.40    0.00    0.65

Device            r/s     w/s     rMB/s     wMB/s   rrqm/s   wrqm/s  %rrqm  %wrqm r_await w_await aqu-sz rareq-sz wareq-sz  svctm  %util
nvme0n1       7403.00 3649.00     28.93     28.90     0.00     0.00   0.00   0.00    1.23    1.57   0.83     4.00     8.11   0.09 100.00

2021년 10월 04일 00시 48분 07초
avg-cpu:  %user   %nice %system %iowait  %steal   %idle
           0.51    0.00    7.49   90.59    0.00    1.41

Device            r/s     w/s     rMB/s     wMB/s   rrqm/s   wrqm/s  %rrqm  %wrqm r_await w_await aqu-sz rareq-sz wareq-sz  svctm  %util
nvme0n1       8157.00 3507.00     31.85     48.07     0.00  4205.00   0.00  54.53    1.16    1.56   0.83     4.00    14.03   0.09 100.00

2021년 10월 04일 00시 48분 08초
avg-cpu:  %user   %nice %system %iowait  %steal   %idle
           0.65    0.00    6.73   92.30    0.00    0.32

Device            r/s     w/s     rMB/s     wMB/s   rrqm/s   wrqm/s  %rrqm  %wrqm r_await w_await aqu-sz rareq-sz wareq-sz  svctm  %util
nvme0n1       8167.00 3529.00     31.90     31.83     0.00     0.00   0.00   0.00    1.15    1.54   0.59     4.00     9.24   0.09 100.00

2021년 10월 04일 00시 48분 09초
avg-cpu:  %user   %nice %system %iowait  %steal   %idle
           0.65    0.00    6.44   91.80    0.00    1.11

Device            r/s     w/s     rMB/s     wMB/s   rrqm/s   wrqm/s  %rrqm  %wrqm r_await w_await aqu-sz rareq-sz wareq-sz  svctm  %util
nvme0n1       7629.00 3738.00     29.80     29.69     0.00     0.00   0.00   0.00    1.19    1.53   0.44     4.00     8.13   0.09 100.00

2021년 10월 04일 00시 48분 10초
avg-cpu:  %user   %nice %system %iowait  %steal   %idle
           0.65    0.00    6.31   91.67    0.00    1.37

Device            r/s     w/s     rMB/s     wMB/s   rrqm/s   wrqm/s  %rrqm  %wrqm r_await w_await aqu-sz rareq-sz wareq-sz  svctm  %util
nvme0n1       7371.00 3654.00     28.79     28.55     0.00     0.00   0.00   0.00    1.22    1.60   0.60     4.00     8.00   0.09 100.00

2021년 10월 04일 00시 48분 11초
avg-cpu:  %user   %nice %system %iowait  %steal   %idle
           0.59    0.00    6.25   91.99    0.00    1.17

Device            r/s     w/s     rMB/s     wMB/s   rrqm/s   wrqm/s  %rrqm  %wrqm r_await w_await aqu-sz rareq-sz wareq-sz  svctm  %util
nvme0n1       8354.00 3638.00     32.63     32.53     0.00     0.00   0.00   0.00    1.12    1.50   0.62     4.00     9.16   0.08 100.00

2021년 10월 04일 00시 48분 12초
avg-cpu:  %user   %nice %system %iowait  %steal   %idle
           0.59    0.00    5.82   91.69    0.00    1.90

Device            r/s     w/s     rMB/s     wMB/s   rrqm/s   wrqm/s  %rrqm  %wrqm r_await w_await aqu-sz rareq-sz wareq-sz  svctm  %util
nvme0n1       7408.00 3571.00     28.94     45.45     0.00  4274.00   0.00  54.48    1.23    1.62   0.64     4.00    13.03   0.09 100.00

2021년 10월 04일 00시 48분 13초
avg-cpu:  %user   %nice %system %iowait  %steal   %idle
           0.39    0.00    6.50   91.29    0.00    1.82

Device            r/s     w/s     rMB/s     wMB/s   rrqm/s   wrqm/s  %rrqm  %wrqm r_await w_await aqu-sz rareq-sz wareq-sz  svctm  %util
nvme0n1       7674.00 3647.00     29.98     29.91     0.00     0.00   0.00   0.00    1.19    1.56   0.49     4.00     8.40   0.09 100.00

2021년 10월 04일 00시 48분 14초
avg-cpu:  %user   %nice %system %iowait  %steal   %idle
           0.46    0.00    6.09   92.93    0.00    0.52

Device            r/s     w/s     rMB/s     wMB/s   rrqm/s   wrqm/s  %rrqm  %wrqm r_await w_await aqu-sz rareq-sz wareq-sz  svctm  %util
nvme0n1       7934.00 3699.00     30.99     30.78     0.00     0.00   0.00   0.00    1.16    1.51   0.53     4.00     8.52   0.09 100.00

2021년 10월 04일 00시 48분 15초
avg-cpu:  %user   %nice %system %iowait  %steal   %idle
           0.53    0.00    5.32   93.56    0.00    0.59

Device            r/s     w/s     rMB/s     wMB/s   rrqm/s   wrqm/s  %rrqm  %wrqm r_await w_await aqu-sz rareq-sz wareq-sz  svctm  %util
nvme0n1       8204.00 3608.00     32.05     31.94     0.00     0.00   0.00   0.00    1.14    1.52   0.62     4.00     9.07   0.08 100.00

2021년 10월 04일 00시 48분 16초
avg-cpu:  %user   %nice %system %iowait  %steal   %idle
           0.59    0.00    6.22   92.41    0.00    0.79

Device            r/s     w/s     rMB/s     wMB/s   rrqm/s   wrqm/s  %rrqm  %wrqm r_await w_await aqu-sz rareq-sz wareq-sz  svctm  %util
nvme0n1       7769.00 3635.00     30.35     30.16     0.00     0.00   0.00   0.00    1.17    1.56   0.52     4.00     8.50   0.09 100.00

2021년 10월 04일 00시 48분 17초
avg-cpu:  %user   %nice %system %iowait  %steal   %idle
           0.52    0.00    7.01   91.11    0.00    1.36

Device            r/s     w/s     rMB/s     wMB/s   rrqm/s   wrqm/s  %rrqm  %wrqm r_await w_await aqu-sz rareq-sz wareq-sz  svctm  %util
nvme0n1       7228.00 3829.00     28.23     44.56     0.00  4212.00   0.00  52.38    1.22    1.57   0.40     4.00    11.92   0.09 100.00

2021년 10월 04일 00시 48분 18초
avg-cpu:  %user   %nice %system %iowait  %steal   %idle
           0.65    0.00    6.99   91.71    0.00    0.65

Device            r/s     w/s     rMB/s     wMB/s   rrqm/s   wrqm/s  %rrqm  %wrqm r_await w_await aqu-sz rareq-sz wareq-sz  svctm  %util
nvme0n1       7931.00 3665.00     30.98     30.84     0.00     0.00   0.00   0.00    1.15    1.54   0.81     4.00     8.62   0.09 100.00

2021년 10월 04일 00시 48분 19초
avg-cpu:  %user   %nice %system %iowait  %steal   %idle
           0.39    0.00    5.83   92.93    0.00    0.85

Device            r/s     w/s     rMB/s     wMB/s   rrqm/s   wrqm/s  %rrqm  %wrqm r_await w_await aqu-sz rareq-sz wareq-sz  svctm  %util
nvme0n1       7758.00 3585.00     30.30     30.20     0.00     0.00   0.00   0.00    1.19    1.56   0.72     4.00     8.63   0.09 100.00

2021년 10월 04일 00시 48분 20초
avg-cpu:  %user   %nice %system %iowait  %steal   %idle
           0.65    0.00    6.79   91.79    0.00    0.78

Device            r/s     w/s     rMB/s     wMB/s   rrqm/s   wrqm/s  %rrqm  %wrqm r_await w_await aqu-sz rareq-sz wareq-sz  svctm  %util
nvme0n1       7645.00 3555.00     29.86     29.75     0.00     0.00   0.00   0.00    1.19    1.60   0.77     4.00     8.57   0.09 100.00

2021년 10월 04일 00시 48분 21초
avg-cpu:  %user   %nice %system %iowait  %steal   %idle
           0.65    0.00    7.17   91.48    0.00    0.71

Device            r/s     w/s     rMB/s     wMB/s   rrqm/s   wrqm/s  %rrqm  %wrqm r_await w_await aqu-sz rareq-sz wareq-sz  svctm  %util
nvme0n1       7582.00 3710.00     29.62     29.46     0.00     0.00   0.00   0.00    1.20    1.54   0.44     4.00     8.13   0.09 100.00

2021년 10월 04일 00시 48분 22초
avg-cpu:  %user   %nice %system %iowait  %steal   %idle
           0.59    0.00    6.06   91.07    0.00    2.28

Device            r/s     w/s     rMB/s     wMB/s   rrqm/s   wrqm/s  %rrqm  %wrqm r_await w_await aqu-sz rareq-sz wareq-sz  svctm  %util
nvme0n1       6680.00 4032.00     26.09     61.32     0.00  8538.00   0.00  67.92    1.32    2.73   5.41     4.00    15.57   0.09 100.00

2021년 10월 04일 00시 48분 23초
avg-cpu:  %user   %nice %system %iowait  %steal   %idle
           0.52    0.00    6.43   91.49    0.00    1.56

Device            r/s     w/s     rMB/s     wMB/s   rrqm/s   wrqm/s  %rrqm  %wrqm r_await w_await aqu-sz rareq-sz wareq-sz  svctm  %util
nvme0n1       8130.00 3641.00     31.76     31.52     0.00     0.00   0.00   0.00    1.15    1.52   0.52     4.00     8.86   0.08 100.00

2021년 10월 04일 00시 48분 24초
avg-cpu:  %user   %nice %system %iowait  %steal   %idle
           0.46    0.00    6.54   92.81    0.00    0.20

Device            r/s     w/s     rMB/s     wMB/s   rrqm/s   wrqm/s  %rrqm  %wrqm r_await w_await aqu-sz rareq-sz wareq-sz  svctm  %util
nvme0n1       8425.00 3799.00     32.91     32.75     0.00     0.00   0.00   0.00    1.10    1.44   0.40     4.00     8.83   0.08 100.00

2021년 10월 04일 00시 48분 25초
avg-cpu:  %user   %nice %system %iowait  %steal   %idle
           0.78    0.00    5.48   92.63    0.00    1.11

Device            r/s     w/s     rMB/s     wMB/s   rrqm/s   wrqm/s  %rrqm  %wrqm r_await w_await aqu-sz rareq-sz wareq-sz  svctm  %util
nvme0n1       7503.00 3485.00     29.31     29.21     0.00     0.00   0.00   0.00    1.24    1.60   0.77     4.00     8.58   0.09 100.00

2021년 10월 04일 00시 48분 26초
avg-cpu:  %user   %nice %system %iowait  %steal   %idle
           0.39    0.00    7.06   91.52    0.00    1.04

Device            r/s     w/s     rMB/s     wMB/s   rrqm/s   wrqm/s  %rrqm  %wrqm r_await w_await aqu-sz rareq-sz wareq-sz  svctm  %util
nvme0n1       7764.00 3632.00     30.33     30.12     0.00     0.00   0.00   0.00    1.19    1.54   0.71     4.00     8.49   0.09 100.00

2021년 10월 04일 00시 48분 27초
avg-cpu:  %user   %nice %system %iowait  %steal   %idle
           0.13    0.00    0.88    9.93    0.00   89.06

Device            r/s     w/s     rMB/s     wMB/s   rrqm/s   wrqm/s  %rrqm  %wrqm r_await w_await aqu-sz rareq-sz wareq-sz  svctm  %util
nvme0n1        845.00  416.00      3.30     19.98     0.00  4212.00   0.00  91.01    1.27    2.01   0.39     4.00    49.18   0.10  12.00

2021년 10월 04일 00시 48분 28초
avg-cpu:  %user   %nice %system %iowait  %steal   %idle
           0.13    0.00    0.00    0.00    0.00   99.87

Device            r/s     w/s     rMB/s     wMB/s   rrqm/s   wrqm/s  %rrqm  %wrqm r_await w_await aqu-sz rareq-sz wareq-sz  svctm  %util
nvme0n1          0.00    0.00      0.00      0.00     0.00     0.00   0.00   0.00    0.00    0.00   0.00     0.00     0.00   0.00   0.00

2021년 10월 04일 00시 48분 29초
avg-cpu:  %user   %nice %system %iowait  %steal   %idle
           0.06    0.00    0.12    0.00    0.00   99.81

Device            r/s     w/s     rMB/s     wMB/s   rrqm/s   wrqm/s  %rrqm  %wrqm r_await w_await aqu-sz rareq-sz wareq-sz  svctm  %util
nvme0n1          0.00    0.00      0.00      0.00     0.00     0.00   0.00   0.00    0.00    0.00   0.00     0.00     0.00   0.00   0.00

