Linux 5.5.8test (syslab-desk) 	2021년 09월 30일 	_x86_64_	(16 CPU)

2021년 09월 30일 22시 27분 59초
avg-cpu:  %user   %nice %system %iowait  %steal   %idle
           0.13    0.00    2.19    4.56    0.00   93.12

Device            r/s     w/s     rMB/s     wMB/s   rrqm/s   wrqm/s  %rrqm  %wrqm r_await w_await aqu-sz rareq-sz wareq-sz  svctm  %util
nvme0n1        278.20 2512.29      1.22    115.17     1.45  1428.22   0.52  36.24    2.88    6.52  12.79     4.50    46.94   0.04  10.65

2021년 09월 30일 22시 28분 00초
avg-cpu:  %user   %nice %system %iowait  %steal   %idle
           0.06    0.00    0.06    0.00    0.00   99.87

Device            r/s     w/s     rMB/s     wMB/s   rrqm/s   wrqm/s  %rrqm  %wrqm r_await w_await aqu-sz rareq-sz wareq-sz  svctm  %util
nvme0n1          0.00    0.00      0.00      0.00     0.00     0.00   0.00   0.00    0.00    0.00   0.00     0.00     0.00   0.00   0.00

2021년 09월 30일 22시 28분 01초
avg-cpu:  %user   %nice %system %iowait  %steal   %idle
           0.06    0.00    0.12    0.00    0.00   99.81

Device            r/s     w/s     rMB/s     wMB/s   rrqm/s   wrqm/s  %rrqm  %wrqm r_await w_await aqu-sz rareq-sz wareq-sz  svctm  %util
nvme0n1          0.00    0.00      0.00      0.00     0.00     0.00   0.00   0.00    0.00    0.00   0.00     0.00     0.00   0.00   0.00

2021년 09월 30일 22시 28분 02초
avg-cpu:  %user   %nice %system %iowait  %steal   %idle
           0.06    0.00    0.12    0.00    0.00   99.81

Device            r/s     w/s     rMB/s     wMB/s   rrqm/s   wrqm/s  %rrqm  %wrqm r_await w_await aqu-sz rareq-sz wareq-sz  svctm  %util
nvme0n1          0.00    0.00      0.00      0.00     0.00     0.00   0.00   0.00    0.00    0.00   0.00     0.00     0.00   0.00   0.00

2021년 09월 30일 22시 28분 03초
avg-cpu:  %user   %nice %system %iowait  %steal   %idle
           0.32    0.00    2.73   18.88    0.00   78.07

Device            r/s     w/s     rMB/s     wMB/s   rrqm/s   wrqm/s  %rrqm  %wrqm r_await w_await aqu-sz rareq-sz wareq-sz  svctm  %util
nvme0n1       2786.00 2562.00     29.66      7.97  4657.00     2.00  62.57   0.08    1.70    1.89   1.61    10.90     3.19   0.11  58.40

2021년 09월 30일 22시 28분 04초
avg-cpu:  %user   %nice %system %iowait  %steal   %idle
           0.51    0.00    5.95   85.57    0.00    7.97

Device            r/s     w/s     rMB/s     wMB/s   rrqm/s   wrqm/s  %rrqm  %wrqm r_await w_await aqu-sz rareq-sz wareq-sz  svctm  %util
nvme0n1       7553.00 9450.00     29.50     29.30     0.00     0.00   0.00   0.00    3.37    3.29  19.00     4.00     3.18   0.06 100.00

2021년 09월 30일 22시 28분 05초
avg-cpu:  %user   %nice %system %iowait  %steal   %idle
           0.45    0.00    5.37   86.64    0.00    7.54

Device            r/s     w/s     rMB/s     wMB/s   rrqm/s   wrqm/s  %rrqm  %wrqm r_await w_await aqu-sz rareq-sz wareq-sz  svctm  %util
nvme0n1       7700.00 9616.00     30.08     29.79     0.00     0.00   0.00   0.00    3.25    3.20  17.28     4.00     3.17   0.06 100.00

2021년 09월 30일 22시 28분 06초
avg-cpu:  %user   %nice %system %iowait  %steal   %idle
           0.45    0.00    5.29   86.35    0.00    7.91

Device            r/s     w/s     rMB/s     wMB/s   rrqm/s   wrqm/s  %rrqm  %wrqm r_await w_await aqu-sz rareq-sz wareq-sz  svctm  %util
nvme0n1       7171.00 9028.00     28.01     27.84     0.00     0.00   0.00   0.00    3.46    3.39  20.78     4.00     3.16   0.06 100.00

2021년 09월 30일 22시 28분 07초
avg-cpu:  %user   %nice %system %iowait  %steal   %idle
           0.51    0.00    5.84   84.32    0.00    9.33

Device            r/s     w/s     rMB/s     wMB/s   rrqm/s   wrqm/s  %rrqm  %wrqm r_await w_await aqu-sz rareq-sz wareq-sz  svctm  %util
nvme0n1       7754.00 9710.00     30.29     30.09     0.00     0.00   0.00   0.00    3.22    3.26  19.13     4.00     3.17   0.06 100.00

2021년 09월 30일 22시 28분 08초
avg-cpu:  %user   %nice %system %iowait  %steal   %idle
           0.64    0.00    5.64   87.70    0.00    6.02

Device            r/s     w/s     rMB/s     wMB/s   rrqm/s   wrqm/s  %rrqm  %wrqm r_await w_await aqu-sz rareq-sz wareq-sz  svctm  %util
nvme0n1       6521.00 8640.00     25.47     40.93     0.00  3988.00   0.00  31.58    3.17    3.06  11.99     4.00     4.85   0.07 100.00

2021년 09월 30일 22시 28분 09초
avg-cpu:  %user   %nice %system %iowait  %steal   %idle
           0.64    0.00    5.64   85.46    0.00    8.26

Device            r/s     w/s     rMB/s     wMB/s   rrqm/s   wrqm/s  %rrqm  %wrqm r_await w_await aqu-sz rareq-sz wareq-sz  svctm  %util
nvme0n1       7019.00 9203.00     27.42     27.26     1.00     0.00   0.01   0.00    3.07    3.02  13.80     4.00     3.03   0.06 100.00

2021년 09월 30일 22시 28분 10초
avg-cpu:  %user   %nice %system %iowait  %steal   %idle
           0.51    0.00    5.05   83.82    0.00   10.61

Device            r/s     w/s     rMB/s     wMB/s   rrqm/s   wrqm/s  %rrqm  %wrqm r_await w_await aqu-sz rareq-sz wareq-sz  svctm  %util
nvme0n1       7404.00 9357.00     28.93     28.66     1.00     0.00   0.01   0.00    3.25    3.21  17.16     4.00     3.14   0.06 100.00

2021년 09월 30일 22시 28분 11초
avg-cpu:  %user   %nice %system %iowait  %steal   %idle
           0.63    0.00    6.27   85.49    0.00    7.60

Device            r/s     w/s     rMB/s     wMB/s   rrqm/s   wrqm/s  %rrqm  %wrqm r_await w_await aqu-sz rareq-sz wareq-sz  svctm  %util
nvme0n1       6960.00 8948.00     27.19     26.87     1.00     0.00   0.01   0.00    3.22    3.17  14.57     4.00     3.07   0.06 100.00

2021년 09월 30일 22시 28분 12초
avg-cpu:  %user   %nice %system %iowait  %steal   %idle
           0.32    0.00    5.15   86.48    0.00    8.05

Device            r/s     w/s     rMB/s     wMB/s   rrqm/s   wrqm/s  %rrqm  %wrqm r_await w_await aqu-sz rareq-sz wareq-sz  svctm  %util
nvme0n1       6887.00 9016.00     26.90     26.75     0.00     0.00   0.00   0.00    3.20    3.05  12.88     4.00     3.04   0.06 100.00

2021년 09월 30일 22시 28분 13초
avg-cpu:  %user   %nice %system %iowait  %steal   %idle
           0.57    0.00    6.40   86.68    0.00    6.34

Device            r/s     w/s     rMB/s     wMB/s   rrqm/s   wrqm/s  %rrqm  %wrqm r_await w_await aqu-sz rareq-sz wareq-sz  svctm  %util
nvme0n1       6772.00 8789.00     26.45     41.22     0.00  3824.00   0.00  30.32    3.18    3.07  12.96     4.00     4.80   0.06 100.00

2021년 09월 30일 22시 28분 14초
avg-cpu:  %user   %nice %system %iowait  %steal   %idle
           0.44    0.00    5.78   86.54    0.00    7.24

Device            r/s     w/s     rMB/s     wMB/s   rrqm/s   wrqm/s  %rrqm  %wrqm r_await w_await aqu-sz rareq-sz wareq-sz  svctm  %util
nvme0n1       7036.00 8994.00     27.49     27.28     1.00     0.00   0.01   0.00    3.40    3.33  18.36     4.00     3.11   0.06 100.00

2021년 09월 30일 22시 28분 15초
avg-cpu:  %user   %nice %system %iowait  %steal   %idle
           0.39    0.00    4.88   90.17    0.00    4.56

Device            r/s     w/s     rMB/s     wMB/s   rrqm/s   wrqm/s  %rrqm  %wrqm r_await w_await aqu-sz rareq-sz wareq-sz  svctm  %util
nvme0n1       6987.00 8962.00     27.29     27.18     0.00     0.00   0.00   0.00    3.26    3.19  16.60     4.00     3.11   0.06 100.00

2021년 09월 30일 22시 28분 16초
avg-cpu:  %user   %nice %system %iowait  %steal   %idle
           0.70    0.00    6.10   85.64    0.00    7.56

Device            r/s     w/s     rMB/s     wMB/s   rrqm/s   wrqm/s  %rrqm  %wrqm r_await w_await aqu-sz rareq-sz wareq-sz  svctm  %util
nvme0n1       6989.00 9225.00     27.30     27.13     0.00     0.00   0.00   0.00    2.99    2.98  11.94     4.00     3.01   0.06 100.00

2021년 09월 30일 22시 28분 17초
avg-cpu:  %user   %nice %system %iowait  %steal   %idle
           0.51    0.00    5.59   86.14    0.00    7.76

Device            r/s     w/s     rMB/s     wMB/s   rrqm/s   wrqm/s  %rrqm  %wrqm r_await w_await aqu-sz rareq-sz wareq-sz  svctm  %util
nvme0n1       6971.00 8981.00     27.23     27.05     1.00     0.00   0.01   0.00    3.37    3.30  17.60     4.00     3.08   0.06 100.00

2021년 09월 30일 22시 28분 18초
avg-cpu:  %user   %nice %system %iowait  %steal   %idle
           0.38    0.00    5.45   83.53    0.00   10.64

Device            r/s     w/s     rMB/s     wMB/s   rrqm/s   wrqm/s  %rrqm  %wrqm r_await w_await aqu-sz rareq-sz wareq-sz  svctm  %util
nvme0n1       7255.00 9330.00     28.34     43.41     0.00  3883.00   0.00  29.39    3.18    3.12  15.11     4.00     4.76   0.06 100.00

2021년 09월 30일 22시 28분 19초
avg-cpu:  %user   %nice %system %iowait  %steal   %idle
           0.51    0.00    5.50   86.90    0.00    7.09

Device            r/s     w/s     rMB/s     wMB/s   rrqm/s   wrqm/s  %rrqm  %wrqm r_await w_await aqu-sz rareq-sz wareq-sz  svctm  %util
nvme0n1       7005.00 9059.00     27.36     27.16     0.00     0.00   0.00   0.00    3.23    3.15  16.87     4.00     3.07   0.06 100.00

2021년 09월 30일 22시 28분 20초
avg-cpu:  %user   %nice %system %iowait  %steal   %idle
           0.44    0.00    5.95   83.92    0.00    9.68

Device            r/s     w/s     rMB/s     wMB/s   rrqm/s   wrqm/s  %rrqm  %wrqm r_await w_await aqu-sz rareq-sz wareq-sz  svctm  %util
nvme0n1       7286.00 9228.00     28.46     28.21     0.00     0.00   0.00   0.00    3.36    3.27  18.15     4.00     3.13   0.06 100.00

2021년 09월 30일 22시 28분 21초
avg-cpu:  %user   %nice %system %iowait  %steal   %idle
           0.51    0.00    6.07   86.72    0.00    6.70

Device            r/s     w/s     rMB/s     wMB/s   rrqm/s   wrqm/s  %rrqm  %wrqm r_await w_await aqu-sz rareq-sz wareq-sz  svctm  %util
nvme0n1       7276.00 9136.00     28.42     28.22     0.00     0.00   0.00   0.00    3.48    3.29  18.70     4.00     3.16   0.06 100.00

2021년 09월 30일 22시 28분 22초
avg-cpu:  %user   %nice %system %iowait  %steal   %idle
           0.45    0.00    5.49   85.25    0.00    8.81

Device            r/s     w/s     rMB/s     wMB/s   rrqm/s   wrqm/s  %rrqm  %wrqm r_await w_await aqu-sz rareq-sz wareq-sz  svctm  %util
nvme0n1       7186.00 9130.00     28.07     27.89     1.00     0.00   0.01   0.00    3.25    3.14  16.00     4.00     3.13   0.06 100.00

2021년 09월 30일 22시 28분 23초
avg-cpu:  %user   %nice %system %iowait  %steal   %idle
           0.77    0.00    5.11   85.19    0.00    8.93

Device            r/s     w/s     rMB/s     wMB/s   rrqm/s   wrqm/s  %rrqm  %wrqm r_await w_await aqu-sz rareq-sz wareq-sz  svctm  %util
nvme0n1       6748.00 8673.00     26.36     41.26     0.00  3867.00   0.00  30.84    3.31    3.38  17.12     4.00     4.87   0.06 100.00

2021년 09월 30일 22시 28분 24초
avg-cpu:  %user   %nice %system %iowait  %steal   %idle
           0.57    0.00    5.79   87.14    0.00    6.49

Device            r/s     w/s     rMB/s     wMB/s   rrqm/s   wrqm/s  %rrqm  %wrqm r_await w_await aqu-sz rareq-sz wareq-sz  svctm  %util
nvme0n1       6910.00 8977.00     26.99     26.81     0.00     0.00   0.00   0.00    3.18    3.14  14.95     4.00     3.06   0.06 100.00

2021년 09월 30일 22시 28분 25초
avg-cpu:  %user   %nice %system %iowait  %steal   %idle
           0.58    0.00    5.32   84.48    0.00    9.62

Device            r/s     w/s     rMB/s     wMB/s   rrqm/s   wrqm/s  %rrqm  %wrqm r_await w_await aqu-sz rareq-sz wareq-sz  svctm  %util
nvme0n1       6993.00 9187.00     27.32     27.18     0.00     0.00   0.00   0.00    3.10    3.04  13.05     4.00     3.03   0.06 100.00

2021년 09월 30일 22시 28분 26초
avg-cpu:  %user   %nice %system %iowait  %steal   %idle
           0.51    0.00    5.68   85.50    0.00    8.30

Device            r/s     w/s     rMB/s     wMB/s   rrqm/s   wrqm/s  %rrqm  %wrqm r_await w_await aqu-sz rareq-sz wareq-sz  svctm  %util
nvme0n1       7396.00 9370.00     28.89     28.68     0.00     0.00   0.00   0.00    3.23    3.17  15.92     4.00     3.13   0.06 100.00

2021년 09월 30일 22시 28분 27초
avg-cpu:  %user   %nice %system %iowait  %steal   %idle
           0.38    0.00    5.32   85.50    0.00    8.79

Device            r/s     w/s     rMB/s     wMB/s   rrqm/s   wrqm/s  %rrqm  %wrqm r_await w_await aqu-sz rareq-sz wareq-sz  svctm  %util
nvme0n1       7296.00 9296.00     28.50     28.37     0.00     0.00   0.00   0.00    3.27    3.07  15.73     4.00     3.13   0.06 100.00

2021년 09월 30일 22시 28분 28초
avg-cpu:  %user   %nice %system %iowait  %steal   %idle
           0.76    0.00    6.46   85.50    0.00    7.28

Device            r/s     w/s     rMB/s     wMB/s   rrqm/s   wrqm/s  %rrqm  %wrqm r_await w_await aqu-sz rareq-sz wareq-sz  svctm  %util
nvme0n1       7092.00 9151.00     27.70     42.96     0.00  3932.00   0.00  30.05    3.24    3.11  15.44     4.00     4.81   0.06 100.00

2021년 09월 30일 22시 28분 29초
avg-cpu:  %user   %nice %system %iowait  %steal   %idle
           0.57    0.00    5.98   84.92    0.00    8.52

Device            r/s     w/s     rMB/s     wMB/s   rrqm/s   wrqm/s  %rrqm  %wrqm r_await w_await aqu-sz rareq-sz wareq-sz  svctm  %util
nvme0n1       7285.00 9238.00     28.46     28.28     0.00     0.00   0.00   0.00    3.21    3.08  13.85     4.00     3.13   0.06 100.00

2021년 09월 30일 22시 28분 30초
avg-cpu:  %user   %nice %system %iowait  %steal   %idle
           0.51    0.00    6.23   85.71    0.00    7.56

Device            r/s     w/s     rMB/s     wMB/s   rrqm/s   wrqm/s  %rrqm  %wrqm r_await w_await aqu-sz rareq-sz wareq-sz  svctm  %util
nvme0n1       7249.00 9226.00     28.32     28.12     0.00     0.00   0.00   0.00    3.16    3.08  13.03     4.00     3.12   0.06 100.00

2021년 09월 30일 22시 28분 31초
avg-cpu:  %user   %nice %system %iowait  %steal   %idle
           0.50    0.00    7.14   84.40    0.00    7.96

Device            r/s     w/s     rMB/s     wMB/s   rrqm/s   wrqm/s  %rrqm  %wrqm r_await w_await aqu-sz rareq-sz wareq-sz  svctm  %util
nvme0n1       6919.00 8888.00     27.03     26.73     0.00     0.00   0.00   0.00    3.24    3.17  14.66     4.00     3.08   0.06 100.00

2021년 09월 30일 22시 28분 32초
avg-cpu:  %user   %nice %system %iowait  %steal   %idle
           0.51    0.00    5.92   84.29    0.00    9.29

Device            r/s     w/s     rMB/s     wMB/s   rrqm/s   wrqm/s  %rrqm  %wrqm r_await w_await aqu-sz rareq-sz wareq-sz  svctm  %util
nvme0n1       7002.00 9036.00     27.35     27.13     0.00     0.00   0.00   0.00    3.20    3.19  16.00     4.00     3.07   0.06 100.00

2021년 09월 30일 22시 28분 33초
avg-cpu:  %user   %nice %system %iowait  %steal   %idle
           0.32    0.00    6.11   87.34    0.00    6.23

Device            r/s     w/s     rMB/s     wMB/s   rrqm/s   wrqm/s  %rrqm  %wrqm r_await w_await aqu-sz rareq-sz wareq-sz  svctm  %util
nvme0n1       6890.00 8854.00     26.91     42.01     0.00  3888.00   0.00  30.51    3.25    3.17  15.34     4.00     4.86   0.06 100.00

2021년 09월 30일 22시 28분 34초
avg-cpu:  %user   %nice %system %iowait  %steal   %idle
           0.13    0.00    5.58   88.90    0.00    5.39

Device            r/s     w/s     rMB/s     wMB/s   rrqm/s   wrqm/s  %rrqm  %wrqm r_await w_await aqu-sz rareq-sz wareq-sz  svctm  %util
nvme0n1       7270.00 9573.00     28.40     47.81     0.00  4631.00   0.00  32.60    3.28    3.70  19.69     4.00     5.11   0.06 100.00

2021년 09월 30일 22시 28분 35초
avg-cpu:  %user   %nice %system %iowait  %steal   %idle
           0.51    0.00    4.93   83.35    0.00   11.20

Device            r/s     w/s     rMB/s     wMB/s   rrqm/s   wrqm/s  %rrqm  %wrqm r_await w_await aqu-sz rareq-sz wareq-sz  svctm  %util
nvme0n1       7276.00 9211.00     28.43     28.26     1.00     0.00   0.01   0.00    3.33    3.23  17.94     4.00     3.14   0.06 100.00

2021년 09월 30일 22시 28분 36초
avg-cpu:  %user   %nice %system %iowait  %steal   %idle
           0.38    0.00    6.08   83.97    0.00    9.57

Device            r/s     w/s     rMB/s     wMB/s   rrqm/s   wrqm/s  %rrqm  %wrqm r_await w_await aqu-sz rareq-sz wareq-sz  svctm  %util
nvme0n1       6955.00 8953.00     27.17     27.02     0.00     0.00   0.00   0.00    3.35    3.29  16.66     4.00     3.09   0.06 100.00

2021년 09월 30일 22시 28분 37초
avg-cpu:  %user   %nice %system %iowait  %steal   %idle
           0.51    0.00    5.95   84.87    0.00    8.67

Device            r/s     w/s     rMB/s     wMB/s   rrqm/s   wrqm/s  %rrqm  %wrqm r_await w_await aqu-sz rareq-sz wareq-sz  svctm  %util
nvme0n1       6998.00 8935.00     27.34     27.11     0.00     0.00   0.00   0.00    3.37    3.36  19.63     4.00     3.11   0.06 100.00

2021년 09월 30일 22시 28분 38초
avg-cpu:  %user   %nice %system %iowait  %steal   %idle
           0.50    0.00    7.11   85.59    0.00    6.80

Device            r/s     w/s     rMB/s     wMB/s   rrqm/s   wrqm/s  %rrqm  %wrqm r_await w_await aqu-sz rareq-sz wareq-sz  svctm  %util
nvme0n1       7287.00 9286.00     28.46     43.56     1.00  3894.00   0.01  29.54    3.21    3.17  16.96     4.00     4.80   0.06 100.00

2021년 09월 30일 22시 28분 39초
avg-cpu:  %user   %nice %system %iowait  %steal   %idle
           0.57    0.00    5.59   87.10    0.00    6.73

Device            r/s     w/s     rMB/s     wMB/s   rrqm/s   wrqm/s  %rrqm  %wrqm r_await w_await aqu-sz rareq-sz wareq-sz  svctm  %util
nvme0n1       7300.00 9178.00     28.52     28.40     0.00     0.00   0.00   0.00    3.44    3.34  19.84     4.00     3.17   0.06 100.00

2021년 09월 30일 22시 28분 40초
avg-cpu:  %user   %nice %system %iowait  %steal   %idle
           0.45    0.00    5.48   84.00    0.00   10.07

Device            r/s     w/s     rMB/s     wMB/s   rrqm/s   wrqm/s  %rrqm  %wrqm r_await w_await aqu-sz rareq-sz wareq-sz  svctm  %util
nvme0n1       7428.00 9310.00     29.02     28.71     0.00     0.00   0.00   0.00    3.28    3.27  18.05     4.00     3.16   0.06 100.00

2021년 09월 30일 22시 28분 41초
avg-cpu:  %user   %nice %system %iowait  %steal   %idle
           0.50    0.00    6.05   86.14    0.00    7.31

Device            r/s     w/s     rMB/s     wMB/s   rrqm/s   wrqm/s  %rrqm  %wrqm r_await w_await aqu-sz rareq-sz wareq-sz  svctm  %util
nvme0n1       6955.00 8695.00     27.17     26.98     0.00     0.00   0.00   0.00    3.61    3.52  22.05     4.00     3.18   0.06 100.00

2021년 09월 30일 22시 28분 42초
avg-cpu:  %user   %nice %system %iowait  %steal   %idle
           0.38    0.00    4.78   84.69    0.00   10.14

Device            r/s     w/s     rMB/s     wMB/s   rrqm/s   wrqm/s  %rrqm  %wrqm r_await w_await aqu-sz rareq-sz wareq-sz  svctm  %util
nvme0n1       7397.00 9238.00     28.89     28.69     0.00     0.00   0.00   0.00    3.40    3.45  20.96     4.00     3.18   0.06 100.00

2021년 09월 30일 22시 28분 43초
avg-cpu:  %user   %nice %system %iowait  %steal   %idle
           0.13    0.00    0.94   15.24    0.00   83.69

Device            r/s     w/s     rMB/s     wMB/s   rrqm/s   wrqm/s  %rrqm  %wrqm r_await w_await aqu-sz rareq-sz wareq-sz  svctm  %util
nvme0n1       1510.00 1905.00      5.90      5.96     0.00     0.00   0.00   0.00    3.27    3.14   3.31     4.00     3.21   0.06  19.60

2021년 09월 30일 22시 28분 44초
avg-cpu:  %user   %nice %system %iowait  %steal   %idle
           0.00    0.00    0.19    0.06    0.00   99.75

Device            r/s     w/s     rMB/s     wMB/s   rrqm/s   wrqm/s  %rrqm  %wrqm r_await w_await aqu-sz rareq-sz wareq-sz  svctm  %util
nvme0n1          0.00   30.69      0.00     14.62     0.00  3710.89   0.00  99.18    0.00    0.84   0.00     0.00   487.61   0.52   1.58

2021년 09월 30일 22시 28분 45초
avg-cpu:  %user   %nice %system %iowait  %steal   %idle
           0.06    0.00    0.06    0.00    0.00   99.87

Device            r/s     w/s     rMB/s     wMB/s   rrqm/s   wrqm/s  %rrqm  %wrqm r_await w_await aqu-sz rareq-sz wareq-sz  svctm  %util
nvme0n1          0.00    0.00      0.00      0.00     0.00     0.00   0.00   0.00    0.00    0.00   0.00     0.00     0.00   0.00   0.00

