Linux 5.5.8test (syslab-desk) 	2021년 10월 04일 	_x86_64_	(16 CPU)

2021년 10월 04일 10시 01분 01초
avg-cpu:  %user   %nice %system %iowait  %steal   %idle
           1.16    0.00    1.28    2.54    0.00   95.02

Device            r/s     w/s     rMB/s     wMB/s   rrqm/s   wrqm/s  %rrqm  %wrqm r_await w_await aqu-sz rareq-sz wareq-sz  svctm  %util
nvme0n1        126.45 1421.79      0.50     60.62     0.96  1291.10   0.75  47.59    0.28    7.03   7.73     4.04    43.66   0.05   7.53

2021년 10월 04일 10시 01분 02초
avg-cpu:  %user   %nice %system %iowait  %steal   %idle
           0.06    0.00    0.19    0.00    0.00   99.75

Device            r/s     w/s     rMB/s     wMB/s   rrqm/s   wrqm/s  %rrqm  %wrqm r_await w_await aqu-sz rareq-sz wareq-sz  svctm  %util
nvme0n1          0.00    0.00      0.00      0.00     0.00     0.00   0.00   0.00    0.00    0.00   0.00     0.00     0.00   0.00   0.00

2021년 10월 04일 10시 01분 03초
avg-cpu:  %user   %nice %system %iowait  %steal   %idle
           0.00    0.00    0.13    0.00    0.00   99.87

Device            r/s     w/s     rMB/s     wMB/s   rrqm/s   wrqm/s  %rrqm  %wrqm r_await w_await aqu-sz rareq-sz wareq-sz  svctm  %util
nvme0n1          0.00    0.00      0.00      0.00     0.00     0.00   0.00   0.00    0.00    0.00   0.00     0.00     0.00   0.00   0.00

2021년 10월 04일 10시 01분 04초
avg-cpu:  %user   %nice %system %iowait  %steal   %idle
           0.13    0.00    0.63    3.76    0.00   95.49

Device            r/s     w/s     rMB/s     wMB/s   rrqm/s   wrqm/s  %rrqm  %wrqm r_await w_await aqu-sz rareq-sz wareq-sz  svctm  %util
nvme0n1       12648.00   98.00     49.41     30.00     0.00     0.00   0.00   0.00    0.05    1.40   0.01     4.00   313.47   0.01  18.00

2021년 10월 04일 10시 01분 05초
avg-cpu:  %user   %nice %system %iowait  %steal   %idle
           0.00    0.00    3.17   20.70    0.00   76.13

Device            r/s     w/s     rMB/s     wMB/s   rrqm/s   wrqm/s  %rrqm  %wrqm r_await w_await aqu-sz rareq-sz wareq-sz  svctm  %util
nvme0n1       52965.00  620.00    206.89    200.00     0.00     0.00   0.00   0.00    0.06    1.32   0.00     4.00   330.32   0.02 100.00

2021년 10월 04일 10시 01분 06초
avg-cpu:  %user   %nice %system %iowait  %steal   %idle
           0.06    0.00    3.61   20.46    0.00   75.87

Device            r/s     w/s     rMB/s     wMB/s   rrqm/s   wrqm/s  %rrqm  %wrqm r_await w_await aqu-sz rareq-sz wareq-sz  svctm  %util
nvme0n1       56856.00  682.00    222.09    220.00     0.00     0.00   0.00   0.00    0.06    1.32   0.02     4.00   330.32   0.02 100.00

2021년 10월 04일 10시 01분 07초
avg-cpu:  %user   %nice %system %iowait  %steal   %idle
           0.00    0.00    3.66   20.64    0.00   75.69

Device            r/s     w/s     rMB/s     wMB/s   rrqm/s   wrqm/s  %rrqm  %wrqm r_await w_await aqu-sz rareq-sz wareq-sz  svctm  %util
nvme0n1       54149.00  682.00    211.52    220.00     0.00     0.00   0.00   0.00    0.06    1.23   0.00     4.00   330.32   0.02 100.00

2021년 10월 04일 10시 01분 08초
avg-cpu:  %user   %nice %system %iowait  %steal   %idle
           0.00    0.00    2.91   21.20    0.00   75.89

Device            r/s     w/s     rMB/s     wMB/s   rrqm/s   wrqm/s  %rrqm  %wrqm r_await w_await aqu-sz rareq-sz wareq-sz  svctm  %util
nvme0n1       59200.00  681.00    231.25    220.00     0.00     0.00   0.00   0.00    0.06    1.44   0.00     4.00   330.81   0.02 100.00

2021년 10월 04일 10시 01분 09초
avg-cpu:  %user   %nice %system %iowait  %steal   %idle
           0.06    0.00    2.58    8.23    0.00   89.13

Device            r/s     w/s     rMB/s     wMB/s   rrqm/s   wrqm/s  %rrqm  %wrqm r_await w_await aqu-sz rareq-sz wareq-sz  svctm  %util
nvme0n1       20469.00  338.00     79.96    110.00     0.00     0.00   0.00   0.00    0.07    0.86   0.00     4.00   333.25   0.02  49.60

2021년 10월 04일 10시 01분 10초
avg-cpu:  %user   %nice %system %iowait  %steal   %idle
           0.00    0.00    0.13    0.06    0.00   99.81

Device            r/s     w/s     rMB/s     wMB/s   rrqm/s   wrqm/s  %rrqm  %wrqm r_await w_await aqu-sz rareq-sz wareq-sz  svctm  %util
nvme0n1          1.00    4.00      0.00      1.24     0.00   313.00   0.00  98.74    0.00    2.25   0.00     4.00   317.00   1.60   0.80

2021년 10월 04일 10시 01분 11초
avg-cpu:  %user   %nice %system %iowait  %steal   %idle
           0.62    0.00    0.12    0.00    0.00   99.25

Device            r/s     w/s     rMB/s     wMB/s   rrqm/s   wrqm/s  %rrqm  %wrqm r_await w_await aqu-sz rareq-sz wareq-sz  svctm  %util
nvme0n1          0.00    0.00      0.00      0.00     0.00     0.00   0.00   0.00    0.00    0.00   0.00     0.00     0.00   0.00   0.00

