Linux 5.5.8test (syslab-desk) 	2021년 10월 04일 	_x86_64_	(16 CPU)

2021년 10월 04일 09시 51분 53초
avg-cpu:  %user   %nice %system %iowait  %steal   %idle
           0.80    0.00    1.26    2.47    0.00   95.47

Device            r/s     w/s     rMB/s     wMB/s   rrqm/s   wrqm/s  %rrqm  %wrqm r_await w_await aqu-sz rareq-sz wareq-sz  svctm  %util
nvme0n1        123.17 1306.83      0.49     60.40     0.97  1224.88   0.78  48.38    0.29    7.46   7.63     4.04    47.32   0.05   7.06

2021년 10월 04일 09시 51분 54초
avg-cpu:  %user   %nice %system %iowait  %steal   %idle
           0.00    0.00    0.00    0.00    0.00  100.00

Device            r/s     w/s     rMB/s     wMB/s   rrqm/s   wrqm/s  %rrqm  %wrqm r_await w_await aqu-sz rareq-sz wareq-sz  svctm  %util
nvme0n1          0.00    0.00      0.00      0.00     0.00     0.00   0.00   0.00    0.00    0.00   0.00     0.00     0.00   0.00   0.00

2021년 10월 04일 09시 51분 55초
avg-cpu:  %user   %nice %system %iowait  %steal   %idle
           0.12    0.00    0.12    0.00    0.00   99.75

Device            r/s     w/s     rMB/s     wMB/s   rrqm/s   wrqm/s  %rrqm  %wrqm r_await w_await aqu-sz rareq-sz wareq-sz  svctm  %util
nvme0n1          0.00    0.00      0.00      0.00     0.00     0.00   0.00   0.00    0.00    0.00   0.00     0.00     0.00   0.00   0.00

2021년 10월 04일 09시 51분 56초
avg-cpu:  %user   %nice %system %iowait  %steal   %idle
           0.06    0.00    0.19    0.00    0.00   99.75

Device            r/s     w/s     rMB/s     wMB/s   rrqm/s   wrqm/s  %rrqm  %wrqm r_await w_await aqu-sz rareq-sz wareq-sz  svctm  %util
nvme0n1          0.00    0.00      0.00      0.00     0.00     0.00   0.00   0.00    0.00    0.00   0.00     0.00     0.00   0.00   0.00

2021년 10월 04일 09시 51분 57초
avg-cpu:  %user   %nice %system %iowait  %steal   %idle
           0.06    0.00    0.06    0.00    0.00   99.87

Device            r/s     w/s     rMB/s     wMB/s   rrqm/s   wrqm/s  %rrqm  %wrqm r_await w_await aqu-sz rareq-sz wareq-sz  svctm  %util
nvme0n1          0.00    0.00      0.00      0.00     0.00     0.00   0.00   0.00    0.00    0.00   0.00     0.00     0.00   0.00   0.00

2021년 10월 04일 09시 51분 58초
avg-cpu:  %user   %nice %system %iowait  %steal   %idle
           0.06    0.00    0.06    0.00    0.00   99.88

Device            r/s     w/s     rMB/s     wMB/s   rrqm/s   wrqm/s  %rrqm  %wrqm r_await w_await aqu-sz rareq-sz wareq-sz  svctm  %util
nvme0n1          0.00    0.00      0.00      0.00     0.00     0.00   0.00   0.00    0.00    0.00   0.00     0.00     0.00   0.00   0.00

2021년 10월 04일 09시 51분 59초
avg-cpu:  %user   %nice %system %iowait  %steal   %idle
           0.06    0.00    0.88    2.88    0.00   96.18

Device            r/s     w/s     rMB/s     wMB/s   rrqm/s   wrqm/s  %rrqm  %wrqm r_await w_await aqu-sz rareq-sz wareq-sz  svctm  %util
nvme0n1       20048.00  219.00     78.31     70.00     0.00     0.00   0.00   0.00    0.02    1.42   0.01     4.00   327.31   0.01  29.60

2021년 10월 04일 09시 52분 00초
avg-cpu:  %user   %nice %system %iowait  %steal   %idle
           0.00    0.00    2.57    9.66    0.00   87.77

Device            r/s     w/s     rMB/s     wMB/s   rrqm/s   wrqm/s  %rrqm  %wrqm r_await w_await aqu-sz rareq-sz wareq-sz  svctm  %util
nvme0n1       67366.00  810.00    263.15    261.00     0.00     0.00   0.00   0.00    0.02    1.54   0.01     4.00   329.96   0.01 100.00

2021년 10월 04일 09시 52분 01초
avg-cpu:  %user   %nice %system %iowait  %steal   %idle
           0.06    0.00    2.27    9.51    0.00   88.15

Device            r/s     w/s     rMB/s     wMB/s   rrqm/s   wrqm/s  %rrqm  %wrqm r_await w_await aqu-sz rareq-sz wareq-sz  svctm  %util
nvme0n1       65549.00  803.00    256.05    259.00     0.00     0.00   0.00   0.00    0.02    1.51   0.00     4.00   330.28   0.02 100.00

2021년 10월 04일 09시 52분 02초
avg-cpu:  %user   %nice %system %iowait  %steal   %idle
           0.00    0.00    2.08    9.94    0.00   87.99

Device            r/s     w/s     rMB/s     wMB/s   rrqm/s   wrqm/s  %rrqm  %wrqm r_await w_await aqu-sz rareq-sz wareq-sz  svctm  %util
nvme0n1       69801.00  837.00    272.66    270.00     0.00     0.00   0.00   0.00    0.02    1.57   0.01     4.00   330.32   0.01 100.00

2021년 10월 04일 09시 52분 03초
avg-cpu:  %user   %nice %system %iowait  %steal   %idle
           0.06    0.00    0.88    4.71    0.00   94.35

Device            r/s     w/s     rMB/s     wMB/s   rrqm/s   wrqm/s  %rrqm  %wrqm r_await w_await aqu-sz rareq-sz wareq-sz  svctm  %util
nvme0n1       33458.00  433.00    130.70    140.00     0.00     0.00   0.00   0.00    0.02    1.57   0.01     4.00   331.09   0.01  49.60

2021년 10월 04일 09시 52분 04초
avg-cpu:  %user   %nice %system %iowait  %steal   %idle
           0.06    0.00    0.12    0.06    0.00   99.75

Device            r/s     w/s     rMB/s     wMB/s   rrqm/s   wrqm/s  %rrqm  %wrqm r_await w_await aqu-sz rareq-sz wareq-sz  svctm  %util
nvme0n1          1.00    4.00      0.00      1.01     0.00   254.00   0.00  98.45    5.00    1.00   0.00     4.00   258.00   2.40   1.20

2021년 10월 04일 09시 52분 05초
avg-cpu:  %user   %nice %system %iowait  %steal   %idle
           0.06    0.00    0.19    0.00    0.00   99.75

Device            r/s     w/s     rMB/s     wMB/s   rrqm/s   wrqm/s  %rrqm  %wrqm r_await w_await aqu-sz rareq-sz wareq-sz  svctm  %util
nvme0n1          0.00    0.00      0.00      0.00     0.00     0.00   0.00   0.00    0.00    0.00   0.00     0.00     0.00   0.00   0.00

