Linux 5.5.8test (syslab-desk) 	2021년 10월 03일 	_x86_64_	(16 CPU)

2021년 10월 03일 17시 22분 01초
avg-cpu:  %user   %nice %system %iowait  %steal   %idle
           0.03    0.01    0.10    0.02    0.00   99.85

Device            r/s     w/s     rMB/s     wMB/s   rrqm/s   wrqm/s  %rrqm  %wrqm r_await w_await aqu-sz rareq-sz wareq-sz  svctm  %util
nvme0n1          0.04    0.00      0.00      0.00     0.00     0.00   2.22  25.00    0.53   10.00   0.00    24.17     4.89   0.56   0.00

2021년 10월 03일 17시 22분 02초
avg-cpu:  %user   %nice %system %iowait  %steal   %idle
           0.00    0.00    0.06    0.00    0.00   99.94

Device            r/s     w/s     rMB/s     wMB/s   rrqm/s   wrqm/s  %rrqm  %wrqm r_await w_await aqu-sz rareq-sz wareq-sz  svctm  %util
nvme0n1          0.00    0.00      0.00      0.00     0.00     0.00   0.00   0.00    0.00    0.00   0.00     0.00     0.00   0.00   0.00

2021년 10월 03일 17시 22분 03초
avg-cpu:  %user   %nice %system %iowait  %steal   %idle
           0.06    0.00    0.00    0.00    0.00   99.94

Device            r/s     w/s     rMB/s     wMB/s   rrqm/s   wrqm/s  %rrqm  %wrqm r_await w_await aqu-sz rareq-sz wareq-sz  svctm  %util
nvme0n1          0.00    0.00      0.00      0.00     0.00     0.00   0.00   0.00    0.00    0.00   0.00     0.00     0.00   0.00   0.00

2021년 10월 03일 17시 22분 04초
avg-cpu:  %user   %nice %system %iowait  %steal   %idle
           0.13    0.00    1.57   10.67    0.00   87.63

Device            r/s     w/s     rMB/s     wMB/s   rrqm/s   wrqm/s  %rrqm  %wrqm r_await w_await aqu-sz rareq-sz wareq-sz  svctm  %util
nvme0n1       63012.00 57610.00    246.15    225.25     0.00    81.00   0.00   0.14    6.10    0.40 264.70     4.00     4.00   0.00  49.60

2021년 10월 03일 17시 22분 05초
avg-cpu:  %user   %nice %system %iowait  %steal   %idle
           0.00    0.00    1.84   14.70    0.00   83.46

Device            r/s     w/s     rMB/s     wMB/s   rrqm/s   wrqm/s  %rrqm  %wrqm r_await w_await aqu-sz rareq-sz wareq-sz  svctm  %util
nvme0n1       125217.00 126483.00    489.13    495.61     0.00   443.00   0.00   0.35    7.87    2.38 821.62     4.00     4.01   0.00 100.00

2021년 10월 03일 17시 22분 06초
avg-cpu:  %user   %nice %system %iowait  %steal   %idle
           0.00    0.00    1.26    7.04    0.00   91.70

Device            r/s     w/s     rMB/s     wMB/s   rrqm/s   wrqm/s  %rrqm  %wrqm r_await w_await aqu-sz rareq-sz wareq-sz  svctm  %util
nvme0n1       65415.00 69529.00    255.53    272.30     0.00   204.00   0.00   0.29    8.20    2.44 457.15     4.00     4.01   0.00  53.20

2021년 10월 03일 17시 22분 07초
avg-cpu:  %user   %nice %system %iowait  %steal   %idle
           0.06    0.00    0.13    0.00    0.00   99.81

Device            r/s     w/s     rMB/s     wMB/s   rrqm/s   wrqm/s  %rrqm  %wrqm r_await w_await aqu-sz rareq-sz wareq-sz  svctm  %util
nvme0n1          0.00    0.00      0.00      0.00     0.00     0.00   0.00   0.00    0.00    0.00   0.00     0.00     0.00   0.00   0.00

