Linux 5.5.8test (syslab-desk) 	2021년 10월 01일 	_x86_64_	(16 CPU)

2021년 10월 01일 18시 20분 23초
avg-cpu:  %user   %nice %system %iowait  %steal   %idle
           1.26    0.00    1.56    3.25    0.00   93.93

Device            r/s     w/s     rMB/s     wMB/s   rrqm/s   wrqm/s  %rrqm  %wrqm r_await w_await aqu-sz rareq-sz wareq-sz  svctm  %util
nvme0n1        178.95 1967.67      0.74     70.65     0.87  1201.62   0.49  37.91    2.57    5.70   8.41     4.25    36.76   0.04   8.81

2021년 10월 01일 18시 20분 24초
avg-cpu:  %user   %nice %system %iowait  %steal   %idle
           0.06    0.00    0.25    0.00    0.00   99.69

Device            r/s     w/s     rMB/s     wMB/s   rrqm/s   wrqm/s  %rrqm  %wrqm r_await w_await aqu-sz rareq-sz wareq-sz  svctm  %util
nvme0n1          0.00    0.00      0.00      0.00     0.00     0.00   0.00   0.00    0.00    0.00   0.00     0.00     0.00   0.00   0.00

2021년 10월 01일 18시 20분 25초
avg-cpu:  %user   %nice %system %iowait  %steal   %idle
           0.06    0.00    0.06    0.00    0.00   99.88

Device            r/s     w/s     rMB/s     wMB/s   rrqm/s   wrqm/s  %rrqm  %wrqm r_await w_await aqu-sz rareq-sz wareq-sz  svctm  %util
nvme0n1          0.00    0.00      0.00      0.00     0.00     0.00   0.00   0.00    0.00    0.00   0.00     0.00     0.00   0.00   0.00

2021년 10월 01일 18시 20분 26초
avg-cpu:  %user   %nice %system %iowait  %steal   %idle
           0.06    0.00    0.12    0.00    0.00   99.81

Device            r/s     w/s     rMB/s     wMB/s   rrqm/s   wrqm/s  %rrqm  %wrqm r_await w_await aqu-sz rareq-sz wareq-sz  svctm  %util
nvme0n1          0.00    0.00      0.00      0.00     0.00     0.00   0.00   0.00    0.00    0.00   0.00     0.00     0.00   0.00   0.00

2021년 10월 01일 18시 20분 27초
avg-cpu:  %user   %nice %system %iowait  %steal   %idle
           0.19    0.00    1.25    1.62    0.00   96.95

Device            r/s     w/s     rMB/s     wMB/s   rrqm/s   wrqm/s  %rrqm  %wrqm r_await w_await aqu-sz rareq-sz wareq-sz  svctm  %util
nvme0n1       16093.00 13139.00     70.13     51.34  1861.00    13.00  10.37   0.10    1.07    0.12   0.06     4.46     4.00   0.00  14.40

2021년 10월 01일 18시 20분 28초
avg-cpu:  %user   %nice %system %iowait  %steal   %idle
           0.06    0.00    2.92   12.83    0.00   84.19

Device            r/s     w/s     rMB/s     wMB/s   rrqm/s   wrqm/s  %rrqm  %wrqm r_await w_await aqu-sz rareq-sz wareq-sz  svctm  %util
nvme0n1       119263.00 120109.00    465.87    471.03     0.00   524.00   0.00   0.43    2.02    1.37  53.04     4.00     4.02   0.00 100.00

2021년 10월 01일 18시 20분 29초
avg-cpu:  %user   %nice %system %iowait  %steal   %idle
           0.00    0.00    3.53   13.81    0.00   82.66

Device            r/s     w/s     rMB/s     wMB/s   rrqm/s   wrqm/s  %rrqm  %wrqm r_await w_await aqu-sz rareq-sz wareq-sz  svctm  %util
nvme0n1       116444.00 120416.00    454.86    471.77     0.00   400.00   0.00   0.33    2.67    2.09 136.16     4.00     4.01   0.00  89.60

2021년 10월 01일 18시 20분 30초
avg-cpu:  %user   %nice %system %iowait  %steal   %idle
           0.06    0.00    0.06    0.00    0.00   99.87

Device            r/s     w/s     rMB/s     wMB/s   rrqm/s   wrqm/s  %rrqm  %wrqm r_await w_await aqu-sz rareq-sz wareq-sz  svctm  %util
nvme0n1          0.00    0.00      0.00      0.00     0.00     0.00   0.00   0.00    0.00    0.00   0.00     0.00     0.00   0.00   0.00

2021년 10월 01일 18시 20분 31초
avg-cpu:  %user   %nice %system %iowait  %steal   %idle
           0.00    0.00    0.06    0.00    0.00   99.94

Device            r/s     w/s     rMB/s     wMB/s   rrqm/s   wrqm/s  %rrqm  %wrqm r_await w_await aqu-sz rareq-sz wareq-sz  svctm  %util
nvme0n1          0.00    0.00      0.00      0.00     0.00     0.00   0.00   0.00    0.00    0.00   0.00     0.00     0.00   0.00   0.00

