Linux 5.5.8test (syslab-desk) 	2021년 09월 30일 	_x86_64_	(16 CPU)

2021년 09월 30일 18시 40분 34초
avg-cpu:  %user   %nice %system %iowait  %steal   %idle
           0.08    0.00    1.46    3.07    0.00   95.38

Device            r/s     w/s     rMB/s     wMB/s   rrqm/s   wrqm/s  %rrqm  %wrqm r_await w_await aqu-sz rareq-sz wareq-sz  svctm  %util
nvme0n1        171.71 1820.36      0.78     85.25     0.74   788.31   0.43  30.22    2.85    7.76  11.41     4.67    47.96   0.03   6.12

2021년 09월 30일 18시 40분 35초
avg-cpu:  %user   %nice %system %iowait  %steal   %idle
           0.12    0.00    0.00    0.00    0.00   99.88

Device            r/s     w/s     rMB/s     wMB/s   rrqm/s   wrqm/s  %rrqm  %wrqm r_await w_await aqu-sz rareq-sz wareq-sz  svctm  %util
nvme0n1          0.00    0.00      0.00      0.00     0.00     0.00   0.00   0.00    0.00    0.00   0.00     0.00     0.00   0.00   0.00

2021년 09월 30일 18시 40분 36초
avg-cpu:  %user   %nice %system %iowait  %steal   %idle
           0.06    0.00    0.19    0.00    0.00   99.75

Device            r/s     w/s     rMB/s     wMB/s   rrqm/s   wrqm/s  %rrqm  %wrqm r_await w_await aqu-sz rareq-sz wareq-sz  svctm  %util
nvme0n1          0.00    0.00      0.00      0.00     0.00     0.00   0.00   0.00    0.00    0.00   0.00     0.00     0.00   0.00   0.00

2021년 09월 30일 18시 40분 37초
avg-cpu:  %user   %nice %system %iowait  %steal   %idle
           0.06    0.00    0.06    0.00    0.00   99.88

Device            r/s     w/s     rMB/s     wMB/s   rrqm/s   wrqm/s  %rrqm  %wrqm r_await w_await aqu-sz rareq-sz wareq-sz  svctm  %util
nvme0n1          0.00    0.00      0.00      0.00     0.00     0.00   0.00   0.00    0.00    0.00   0.00     0.00     0.00   0.00   0.00

2021년 09월 30일 18시 40분 38초
avg-cpu:  %user   %nice %system %iowait  %steal   %idle
           0.06    0.00    0.38    0.19    0.00   99.37

Device            r/s     w/s     rMB/s     wMB/s   rrqm/s   wrqm/s  %rrqm  %wrqm r_await w_await aqu-sz rareq-sz wareq-sz  svctm  %util
nvme0n1        144.00    1.00      2.29      0.00   430.00     0.00  74.91   0.00    0.12   15.00   0.01    16.25     0.00   0.36   5.20

2021년 09월 30일 18시 40분 39초
avg-cpu:  %user   %nice %system %iowait  %steal   %idle
           0.44    0.00    4.96   18.09    0.00   76.51

Device            r/s     w/s     rMB/s     wMB/s   rrqm/s   wrqm/s  %rrqm  %wrqm r_await w_await aqu-sz rareq-sz wareq-sz  svctm  %util
nvme0n1       10749.00  533.00     65.12     21.35  5752.00   325.00  34.86  37.88    0.26    0.79   0.07     6.20    41.01   0.08  92.40

2021년 09월 30일 18시 40분 40초
avg-cpu:  %user   %nice %system %iowait  %steal   %idle
           0.46    0.00   11.57   86.32    0.00    1.64

Device            r/s     w/s     rMB/s     wMB/s   rrqm/s   wrqm/s  %rrqm  %wrqm r_await w_await aqu-sz rareq-sz wareq-sz  svctm  %util
nvme0n1       24912.00 2687.00     97.31     97.32     0.00     0.00   0.00   0.00    0.48    0.89   0.71     4.00    37.09   0.04 100.00

2021년 09월 30일 18시 40분 41초
avg-cpu:  %user   %nice %system %iowait  %steal   %idle
           0.26    0.00   13.42   84.76    0.00    1.56

Device            r/s     w/s     rMB/s     wMB/s   rrqm/s   wrqm/s  %rrqm  %wrqm r_await w_await aqu-sz rareq-sz wareq-sz  svctm  %util
nvme0n1       25581.00 2558.00     99.93     98.64     0.00     0.00   0.00   0.00    0.47    0.87   0.75     4.00    39.49   0.04 100.00

2021년 09월 30일 18시 40분 42초
avg-cpu:  %user   %nice %system %iowait  %steal   %idle
           0.53    0.00   10.87   87.20    0.00    1.40

Device            r/s     w/s     rMB/s     wMB/s   rrqm/s   wrqm/s  %rrqm  %wrqm r_await w_await aqu-sz rareq-sz wareq-sz  svctm  %util
nvme0n1       27266.00 2441.00    106.51    106.22     0.00     0.00   0.00   0.00    0.45    0.89   0.46     4.00    44.56   0.03 100.00

2021년 09월 30일 18시 40분 43초
avg-cpu:  %user   %nice %system %iowait  %steal   %idle
           0.46    0.00   12.80   85.36    0.00    1.38

Device            r/s     w/s     rMB/s     wMB/s   rrqm/s   wrqm/s  %rrqm  %wrqm r_await w_await aqu-sz rareq-sz wareq-sz  svctm  %util
nvme0n1       27767.00 2280.00    108.46    108.38     0.00     0.00   0.00   0.00    0.44    0.88   0.69     4.00    48.67   0.03 100.00

2021년 09월 30일 18시 40분 44초
avg-cpu:  %user   %nice %system %iowait  %steal   %idle
           0.26    0.00   12.53   82.44    0.00    4.77

Device            r/s     w/s     rMB/s     wMB/s   rrqm/s   wrqm/s  %rrqm  %wrqm r_await w_await aqu-sz rareq-sz wareq-sz  svctm  %util
nvme0n1       25580.00 2415.00     99.92    105.73     0.00  1713.00   0.00  41.50    0.46    0.91   0.41     4.00    44.83   0.03  97.60

2021년 09월 30일 18시 40분 45초
avg-cpu:  %user   %nice %system %iowait  %steal   %idle
           0.39    0.00   12.89   85.47    0.00    1.24

Device            r/s     w/s     rMB/s     wMB/s   rrqm/s   wrqm/s  %rrqm  %wrqm r_await w_await aqu-sz rareq-sz wareq-sz  svctm  %util
nvme0n1       27814.00 2358.00    108.65    108.45     0.00     0.00   0.00   0.00    0.44    0.88   0.61     4.00    47.09   0.03 100.00

2021년 09월 30일 18시 40분 46초
avg-cpu:  %user   %nice %system %iowait  %steal   %idle
           0.39    0.00   13.50   84.67    0.00    1.44

Device            r/s     w/s     rMB/s     wMB/s   rrqm/s   wrqm/s  %rrqm  %wrqm r_await w_await aqu-sz rareq-sz wareq-sz  svctm  %util
nvme0n1       29532.00 2282.00    115.36    114.66     0.00     2.00   0.00   0.09    0.41    0.87   0.50     4.00    51.45   0.03 100.00

2021년 09월 30일 18시 40분 47초
avg-cpu:  %user   %nice %system %iowait  %steal   %idle
           0.32    0.00   15.30   82.90    0.00    1.48

Device            r/s     w/s     rMB/s     wMB/s   rrqm/s   wrqm/s  %rrqm  %wrqm r_await w_await aqu-sz rareq-sz wareq-sz  svctm  %util
nvme0n1       28407.00 2276.00    110.96    109.26     0.00     0.00   0.00   0.00    0.43    0.86   0.58     4.00    49.16   0.03 100.00

2021년 09월 30일 18시 40분 48초
avg-cpu:  %user   %nice %system %iowait  %steal   %idle
           0.38    0.00   14.50   83.77    0.00    1.35

Device            r/s     w/s     rMB/s     wMB/s   rrqm/s   wrqm/s  %rrqm  %wrqm r_await w_await aqu-sz rareq-sz wareq-sz  svctm  %util
nvme0n1       26590.00 2411.00    103.87    104.52     0.00     0.00   0.00   0.00    0.46    0.90   0.68     4.00    44.39   0.03 100.00

2021년 09월 30일 18시 40분 49초
avg-cpu:  %user   %nice %system %iowait  %steal   %idle
           0.26    0.00   12.44   82.88    0.00    4.41

Device            r/s     w/s     rMB/s     wMB/s   rrqm/s   wrqm/s  %rrqm  %wrqm r_await w_await aqu-sz rareq-sz wareq-sz  svctm  %util
nvme0n1       26292.00 2319.00    102.70    107.94     1.00  1801.00   0.00  43.71    0.45    0.89   0.50     4.00    47.66   0.03  97.60

2021년 09월 30일 18시 40분 50초
avg-cpu:  %user   %nice %system %iowait  %steal   %idle
           0.33    0.00   12.15   86.27    0.00    1.25

Device            r/s     w/s     rMB/s     wMB/s   rrqm/s   wrqm/s  %rrqm  %wrqm r_await w_await aqu-sz rareq-sz wareq-sz  svctm  %util
nvme0n1       28079.00 2305.00    109.68    109.48     0.00     0.00   0.00   0.00    0.43    0.92   0.65     4.00    48.64   0.03 100.00

2021년 09월 30일 18시 40분 51초
avg-cpu:  %user   %nice %system %iowait  %steal   %idle
           0.32    0.00   13.41   85.23    0.00    1.04

Device            r/s     w/s     rMB/s     wMB/s   rrqm/s   wrqm/s  %rrqm  %wrqm r_await w_await aqu-sz rareq-sz wareq-sz  svctm  %util
nvme0n1       28305.00 2110.00    110.57    110.33     0.00     0.00   0.00   0.00    0.44    0.93   0.52     4.00    53.54   0.03 100.00

2021년 09월 30일 18시 40분 52초
avg-cpu:  %user   %nice %system %iowait  %steal   %idle
           0.45    0.00   14.50   83.51    0.00    1.55

Device            r/s     w/s     rMB/s     wMB/s   rrqm/s   wrqm/s  %rrqm  %wrqm r_await w_await aqu-sz rareq-sz wareq-sz  svctm  %util
nvme0n1       29186.00 2207.00    114.01    113.13     0.00     1.00   0.00   0.05    0.42    0.90   0.58     4.00    52.49   0.03 100.00

2021년 09월 30일 18시 40분 53초
avg-cpu:  %user   %nice %system %iowait  %steal   %idle
           0.45    0.00   13.64   84.29    0.00    1.62

Device            r/s     w/s     rMB/s     wMB/s   rrqm/s   wrqm/s  %rrqm  %wrqm r_await w_await aqu-sz rareq-sz wareq-sz  svctm  %util
nvme0n1       28442.00 2211.00    111.10    111.18     0.00     0.00   0.00   0.00    0.43    0.91   0.50     4.00    51.49   0.03 100.00

2021년 09월 30일 18시 40분 54초
avg-cpu:  %user   %nice %system %iowait  %steal   %idle
           0.32    0.00   13.51   82.08    0.00    4.09

Device            r/s     w/s     rMB/s     wMB/s   rrqm/s   wrqm/s  %rrqm  %wrqm r_await w_await aqu-sz rareq-sz wareq-sz  svctm  %util
nvme0n1       26765.00 2254.00    104.55    109.10     0.00  1770.00   0.00  43.99    0.44    0.90   0.58     4.00    49.57   0.03  97.60

2021년 09월 30일 18시 40분 55초
avg-cpu:  %user   %nice %system %iowait  %steal   %idle
           0.26    0.00   12.69   85.67    0.00    1.38

Device            r/s     w/s     rMB/s     wMB/s   rrqm/s   wrqm/s  %rrqm  %wrqm r_await w_await aqu-sz rareq-sz wareq-sz  svctm  %util
nvme0n1       28169.00 2397.00    110.04    110.03     0.00     1.00   0.00   0.04    0.43    0.87   0.47     4.00    47.00   0.03 100.00

2021년 09월 30일 18시 40분 56초
avg-cpu:  %user   %nice %system %iowait  %steal   %idle
           0.52    0.00   13.81   84.31    0.00    1.36

Device            r/s     w/s     rMB/s     wMB/s   rrqm/s   wrqm/s  %rrqm  %wrqm r_await w_await aqu-sz rareq-sz wareq-sz  svctm  %util
nvme0n1       27829.00 2228.00    108.71    107.79     0.00     1.00   0.00   0.04    0.44    0.92   0.80     4.00    49.54   0.03  99.60

2021년 09월 30일 18시 40분 57초
avg-cpu:  %user   %nice %system %iowait  %steal   %idle
           0.26    0.00   15.28   83.38    0.00    1.09

Device            r/s     w/s     rMB/s     wMB/s   rrqm/s   wrqm/s  %rrqm  %wrqm r_await w_await aqu-sz rareq-sz wareq-sz  svctm  %util
nvme0n1       28868.00 2308.00    112.77    112.23     0.00     0.00   0.00   0.00    0.42    0.87   0.51     4.00    49.80   0.03 100.00

2021년 09월 30일 18시 40분 58초
avg-cpu:  %user   %nice %system %iowait  %steal   %idle
           0.32    0.00   13.90   84.42    0.00    1.36

Device            r/s     w/s     rMB/s     wMB/s   rrqm/s   wrqm/s  %rrqm  %wrqm r_await w_await aqu-sz rareq-sz wareq-sz  svctm  %util
nvme0n1       27587.00 2205.00    107.76    107.21     0.00     0.00   0.00   0.00    0.44    0.94   0.92     4.00    49.79   0.03  99.60

2021년 09월 30일 18시 40분 59초
avg-cpu:  %user   %nice %system %iowait  %steal   %idle
           0.33    0.00   13.02   82.15    0.00    4.51

Device            r/s     w/s     rMB/s     wMB/s   rrqm/s   wrqm/s  %rrqm  %wrqm r_await w_await aqu-sz rareq-sz wareq-sz  svctm  %util
nvme0n1       26596.00 2179.00    103.89    109.51     0.00  1817.00   0.00  45.47    0.44    0.93   0.36     4.00    51.46   0.03  97.60

2021년 09월 30일 18시 41분 00초
avg-cpu:  %user   %nice %system %iowait  %steal   %idle
           0.33    0.00   12.22   86.27    0.00    1.18

Device            r/s     w/s     rMB/s     wMB/s   rrqm/s   wrqm/s  %rrqm  %wrqm r_await w_await aqu-sz rareq-sz wareq-sz  svctm  %util
nvme0n1       27535.00 2144.00    107.56    107.04     0.00     0.00   0.00   0.00    0.45    0.94   0.75     4.00    51.12   0.03  99.60

2021년 09월 30일 18시 41분 01초
avg-cpu:  %user   %nice %system %iowait  %steal   %idle
           0.20    0.00   11.43   86.63    0.00    1.74

Device            r/s     w/s     rMB/s     wMB/s   rrqm/s   wrqm/s  %rrqm  %wrqm r_await w_await aqu-sz rareq-sz wareq-sz  svctm  %util
nvme0n1       28612.00 2277.00    111.77    111.68     0.00     0.00   0.00   0.00    0.43    0.88   0.61     4.00    50.22   0.03  99.60

2021년 09월 30일 18시 41분 02초
avg-cpu:  %user   %nice %system %iowait  %steal   %idle
           0.26    0.00   14.48   83.65    0.00    1.62

Device            r/s     w/s     rMB/s     wMB/s   rrqm/s   wrqm/s  %rrqm  %wrqm r_await w_await aqu-sz rareq-sz wareq-sz  svctm  %util
nvme0n1       28561.00 2113.00    111.56    111.20     0.00     1.00   0.00   0.05    0.43    0.92   0.26     4.00    53.89   0.03 100.00

2021년 09월 30일 18시 41분 03초
avg-cpu:  %user   %nice %system %iowait  %steal   %idle
           0.32    0.00   14.24   83.96    0.00    1.48

Device            r/s     w/s     rMB/s     wMB/s   rrqm/s   wrqm/s  %rrqm  %wrqm r_await w_await aqu-sz rareq-sz wareq-sz  svctm  %util
nvme0n1       26932.00 2293.00    105.20    104.37     0.00     0.00   0.00   0.00    0.45    0.91   0.86     4.00    46.61   0.03 100.00

2021년 09월 30일 18시 41분 04초
avg-cpu:  %user   %nice %system %iowait  %steal   %idle
           0.20    0.00   12.27   83.38    0.00    4.16

Device            r/s     w/s     rMB/s     wMB/s   rrqm/s   wrqm/s  %rrqm  %wrqm r_await w_await aqu-sz rareq-sz wareq-sz  svctm  %util
nvme0n1       26932.00 2219.00    105.20    110.50     0.00  1637.00   0.00  42.45    0.44    0.91   0.52     4.00    50.99   0.03  98.40

2021년 09월 30일 18시 41분 05초
avg-cpu:  %user   %nice %system %iowait  %steal   %idle
           0.52    0.00   12.80   85.30    0.00    1.38

Device            r/s     w/s     rMB/s     wMB/s   rrqm/s   wrqm/s  %rrqm  %wrqm r_await w_await aqu-sz rareq-sz wareq-sz  svctm  %util
nvme0n1       27775.25 2245.54    108.50    108.62     0.00     0.00   0.00   0.00    0.44    0.89   0.51     4.00    49.53   0.03  98.61

2021년 09월 30일 18시 41분 06초
avg-cpu:  %user   %nice %system %iowait  %steal   %idle
           0.40    0.00   10.75   87.44    0.00    1.41

Device            r/s     w/s     rMB/s     wMB/s   rrqm/s   wrqm/s  %rrqm  %wrqm r_await w_await aqu-sz rareq-sz wareq-sz  svctm  %util
nvme0n1       28476.00 2321.00    111.23    110.89     0.00     0.00   0.00   0.00    0.43    0.88   0.45     4.00    48.93   0.03 100.00

2021년 09월 30일 18시 41분 07초
avg-cpu:  %user   %nice %system %iowait  %steal   %idle
           0.33    0.00   13.67   84.76    0.00    1.24

Device            r/s     w/s     rMB/s     wMB/s   rrqm/s   wrqm/s  %rrqm  %wrqm r_await w_await aqu-sz rareq-sz wareq-sz  svctm  %util
nvme0n1       28950.00 2308.00    113.09    112.62     0.00     0.00   0.00   0.00    0.42    0.86   0.50     4.00    49.97   0.03  99.60

2021년 09월 30일 18시 41분 08초
avg-cpu:  %user   %nice %system %iowait  %steal   %idle
           0.38    0.00   15.31   82.65    0.00    1.66

Device            r/s     w/s     rMB/s     wMB/s   rrqm/s   wrqm/s  %rrqm  %wrqm r_await w_await aqu-sz rareq-sz wareq-sz  svctm  %util
nvme0n1       28385.00 2308.00    110.88    110.03     0.00     1.00   0.00   0.04    0.43    0.90   0.45     4.00    48.82   0.03 100.00

2021년 09월 30일 18시 41분 09초
avg-cpu:  %user   %nice %system %iowait  %steal   %idle
           0.26    0.00   13.46   81.88    0.00    4.40

Device            r/s     w/s     rMB/s     wMB/s   rrqm/s   wrqm/s  %rrqm  %wrqm r_await w_await aqu-sz rareq-sz wareq-sz  svctm  %util
nvme0n1       25425.00 2376.00     99.32    105.64     0.00  1701.00   0.00  41.72    0.46    0.90   0.72     4.00    45.53   0.04  97.60

2021년 09월 30일 18시 41분 10초
avg-cpu:  %user   %nice %system %iowait  %steal   %idle
           0.39    0.00   12.64   85.55    0.00    1.43

Device            r/s     w/s     rMB/s     wMB/s   rrqm/s   wrqm/s  %rrqm  %wrqm r_await w_await aqu-sz rareq-sz wareq-sz  svctm  %util
nvme0n1       26935.00 2438.00    105.22    104.11     0.00     3.00   0.00   0.12    0.46    0.88   0.64     4.00    43.73   0.03 100.00

2021년 09월 30일 18시 41분 11초
avg-cpu:  %user   %nice %system %iowait  %steal   %idle
           0.45    0.00   14.51   83.56    0.00    1.48

Device            r/s     w/s     rMB/s     wMB/s   rrqm/s   wrqm/s  %rrqm  %wrqm r_await w_await aqu-sz rareq-sz wareq-sz  svctm  %util
nvme0n1       28515.00 2229.00    111.38    109.85     0.00     0.00   0.00   0.00    0.43    0.90   0.73     4.00    50.47   0.03 100.00

2021년 09월 30일 18시 41분 12초
avg-cpu:  %user   %nice %system %iowait  %steal   %idle
           0.32    0.00   14.87   83.53    0.00    1.28

Device            r/s     w/s     rMB/s     wMB/s   rrqm/s   wrqm/s  %rrqm  %wrqm r_await w_await aqu-sz rareq-sz wareq-sz  svctm  %util
nvme0n1       27524.00 2390.00    107.52    107.50     0.00     0.00   0.00   0.00    0.44    0.87   0.61     4.00    46.06   0.03 100.00

2021년 09월 30일 18시 41분 13초
avg-cpu:  %user   %nice %system %iowait  %steal   %idle
           0.46    0.00   12.65   85.77    0.00    1.12

Device            r/s     w/s     rMB/s     wMB/s   rrqm/s   wrqm/s  %rrqm  %wrqm r_await w_await aqu-sz rareq-sz wareq-sz  svctm  %util
nvme0n1       27457.00 2455.00    107.25    107.64     0.00     0.00   0.00   0.00    0.44    0.86   0.47     4.00    44.90   0.03 100.80

2021년 09월 30일 18시 41분 14초
avg-cpu:  %user   %nice %system %iowait  %steal   %idle
           0.33    0.00   11.29   85.04    0.00    3.34

Device            r/s     w/s     rMB/s     wMB/s   rrqm/s   wrqm/s  %rrqm  %wrqm r_await w_await aqu-sz rareq-sz wareq-sz  svctm  %util
nvme0n1       27422.00 2579.00    107.12    133.42     1.00  6523.00   0.00  71.67    0.44    1.05   0.74     4.00    52.98   0.03  98.40

2021년 09월 30일 18시 41분 15초
avg-cpu:  %user   %nice %system %iowait  %steal   %idle
           0.46    0.00   13.20   84.31    0.00    2.03

Device            r/s     w/s     rMB/s     wMB/s   rrqm/s   wrqm/s  %rrqm  %wrqm r_await w_await aqu-sz rareq-sz wareq-sz  svctm  %util
nvme0n1       28766.00 2242.00    112.37    117.83     0.00  1753.00   0.00  43.88    0.42    0.88   0.38     4.00    53.82   0.03  99.60

2021년 09월 30일 18시 41분 16초
avg-cpu:  %user   %nice %system %iowait  %steal   %idle
           0.26    0.00   13.57   84.81    0.00    1.36

Device            r/s     w/s     rMB/s     wMB/s   rrqm/s   wrqm/s  %rrqm  %wrqm r_await w_await aqu-sz rareq-sz wareq-sz  svctm  %util
nvme0n1       28034.00 2240.00    109.51    109.32     0.00     1.00   0.00   0.04    0.44    0.89   0.80     4.00    49.97   0.03 100.00

2021년 09월 30일 18시 41분 17초
avg-cpu:  %user   %nice %system %iowait  %steal   %idle
           0.40    0.00   11.84   86.23    0.00    1.53

Device            r/s     w/s     rMB/s     wMB/s   rrqm/s   wrqm/s  %rrqm  %wrqm r_await w_await aqu-sz rareq-sz wareq-sz  svctm  %util
nvme0n1       29153.00 2264.00    113.88    113.40     0.00     0.00   0.00   0.00    0.42    0.86   0.42     4.00    51.29   0.03 100.40

2021년 09월 30일 18시 41분 18초
avg-cpu:  %user   %nice %system %iowait  %steal   %idle
           0.45    0.00   15.21   82.81    0.00    1.53

Device            r/s     w/s     rMB/s     wMB/s   rrqm/s   wrqm/s  %rrqm  %wrqm r_await w_await aqu-sz rareq-sz wareq-sz  svctm  %util
nvme0n1       27686.00 2181.00    108.15    108.14     0.00     0.00   0.00   0.00    0.44    0.92   0.67     4.00    50.77   0.03 100.00

2021년 09월 30일 18시 41분 19초
avg-cpu:  %user   %nice %system %iowait  %steal   %idle
           0.26    0.00   13.56   85.07    0.00    1.11

Device            r/s     w/s     rMB/s     wMB/s   rrqm/s   wrqm/s  %rrqm  %wrqm r_await w_await aqu-sz rareq-sz wareq-sz  svctm  %util
nvme0n1       27321.00 2244.00    106.72    106.15     0.00     0.00   0.00   0.00    0.45    0.93   0.61     4.00    48.44   0.03 100.00

2021년 09월 30일 18시 41분 20초
avg-cpu:  %user   %nice %system %iowait  %steal   %idle
           0.33    0.00   11.01   84.42    0.00    4.24

Device            r/s     w/s     rMB/s     wMB/s   rrqm/s   wrqm/s  %rrqm  %wrqm r_await w_await aqu-sz rareq-sz wareq-sz  svctm  %util
nvme0n1       26661.00 2191.00    104.14    109.01     0.00  1465.00   0.00  40.07    0.45    0.92   0.76     4.00    50.95   0.03  97.60

2021년 09월 30일 18시 41분 21초
avg-cpu:  %user   %nice %system %iowait  %steal   %idle
           0.40    0.00   10.37   87.96    0.00    1.27

Device            r/s     w/s     rMB/s     wMB/s   rrqm/s   wrqm/s  %rrqm  %wrqm r_await w_await aqu-sz rareq-sz wareq-sz  svctm  %util
nvme0n1       27438.00 2199.00    107.18    107.09     0.00     1.00   0.00   0.05    0.45    0.92   0.56     4.00    49.87   0.03 100.00

2021년 09월 30일 18시 41분 22초
avg-cpu:  %user   %nice %system %iowait  %steal   %idle
           0.26    0.00   12.55   85.73    0.00    1.45

Device            r/s     w/s     rMB/s     wMB/s   rrqm/s   wrqm/s  %rrqm  %wrqm r_await w_await aqu-sz rareq-sz wareq-sz  svctm  %util
nvme0n1       29000.00 2288.00    113.28    112.04     0.00     0.00   0.00   0.00    0.42    0.86   0.61     4.00    50.14   0.03 100.00

2021년 09월 30일 18시 41분 23초
avg-cpu:  %user   %nice %system %iowait  %steal   %idle
           0.38    0.00   15.20   83.27    0.00    1.15

Device            r/s     w/s     rMB/s     wMB/s   rrqm/s   wrqm/s  %rrqm  %wrqm r_await w_await aqu-sz rareq-sz wareq-sz  svctm  %util
nvme0n1       28588.00 2139.00    111.67    112.25     0.00     0.00   0.00   0.00    0.43    0.90   0.48     4.00    53.74   0.03 100.00

2021년 09월 30일 18시 41분 24초
avg-cpu:  %user   %nice %system %iowait  %steal   %idle
           0.33    0.00   13.24   85.00    0.00    1.44

Device            r/s     w/s     rMB/s     wMB/s   rrqm/s   wrqm/s  %rrqm  %wrqm r_await w_await aqu-sz rareq-sz wareq-sz  svctm  %util
nvme0n1       27823.00 2222.00    108.68    107.92     0.00     2.00   0.00   0.09    0.44    0.91   0.56     4.00    49.74   0.03 100.00

2021년 09월 30일 18시 41분 25초
avg-cpu:  %user   %nice %system %iowait  %steal   %idle
           0.27    0.00   10.67   84.93    0.00    4.13

Device            r/s     w/s     rMB/s     wMB/s   rrqm/s   wrqm/s  %rrqm  %wrqm r_await w_await aqu-sz rareq-sz wareq-sz  svctm  %util
nvme0n1       26608.00 2354.00    103.94    108.63     0.00  1619.00   0.00  40.75    0.45    0.89   0.50     4.00    47.25   0.03  98.00

2021년 09월 30일 18시 41분 26초
avg-cpu:  %user   %nice %system %iowait  %steal   %idle
           0.33    0.00   12.18   86.18    0.00    1.32

Device            r/s     w/s     rMB/s     wMB/s   rrqm/s   wrqm/s  %rrqm  %wrqm r_await w_await aqu-sz rareq-sz wareq-sz  svctm  %util
nvme0n1       26518.00 2567.00    103.59    103.60     0.00     0.00   0.00   0.00    0.46    0.84   0.63     4.00    41.33   0.03 100.00

2021년 09월 30일 18시 41분 27초
avg-cpu:  %user   %nice %system %iowait  %steal   %idle
           0.20    0.00   11.93   86.22    0.00    1.65

Device            r/s     w/s     rMB/s     wMB/s   rrqm/s   wrqm/s  %rrqm  %wrqm r_await w_await aqu-sz rareq-sz wareq-sz  svctm  %util
nvme0n1       25317.00 2531.00     98.89     98.44     0.00     0.00   0.00   0.00    0.48    0.88   0.76     4.00    39.83   0.04 100.00

2021년 09월 30일 18시 41분 28초
avg-cpu:  %user   %nice %system %iowait  %steal   %idle
           0.39    0.00   12.28   85.95    0.00    1.38

Device            r/s     w/s     rMB/s     wMB/s   rrqm/s   wrqm/s  %rrqm  %wrqm r_await w_await aqu-sz rareq-sz wareq-sz  svctm  %util
nvme0n1       26103.00 2620.00    101.97    101.30     0.00     0.00   0.00   0.00    0.46    0.85   0.33     4.00    39.59   0.03 100.00

2021년 09월 30일 18시 41분 29초
avg-cpu:  %user   %nice %system %iowait  %steal   %idle
           0.46    0.00   12.79   84.92    0.00    1.83

Device            r/s     w/s     rMB/s     wMB/s   rrqm/s   wrqm/s  %rrqm  %wrqm r_await w_await aqu-sz rareq-sz wareq-sz  svctm  %util
nvme0n1       25827.00 2502.00    100.89    100.84     0.00     1.00   0.00   0.04    0.47    0.89   0.77     4.00    41.27   0.04 100.00

2021년 09월 30일 18시 41분 30초
avg-cpu:  %user   %nice %system %iowait  %steal   %idle
           0.25    0.00    5.77   29.74    0.00   64.24

Device            r/s     w/s     rMB/s     wMB/s   rrqm/s   wrqm/s  %rrqm  %wrqm r_await w_await aqu-sz rareq-sz wareq-sz  svctm  %util
nvme0n1       9587.00  929.00     37.45     44.18     1.00  1621.00   0.01  63.57    0.47    0.89   0.21     4.00    48.70   0.04  37.60

2021년 09월 30일 18시 41분 31초
avg-cpu:  %user   %nice %system %iowait  %steal   %idle
           0.06    0.00    0.12    0.00    0.00   99.81

Device            r/s     w/s     rMB/s     wMB/s   rrqm/s   wrqm/s  %rrqm  %wrqm r_await w_await aqu-sz rareq-sz wareq-sz  svctm  %util
nvme0n1          0.00    0.00      0.00      0.00     0.00     0.00   0.00   0.00    0.00    0.00   0.00     0.00     0.00   0.00   0.00

2021년 09월 30일 18시 41분 32초
avg-cpu:  %user   %nice %system %iowait  %steal   %idle
           0.00    0.00    0.12    0.00    0.00   99.88

Device            r/s     w/s     rMB/s     wMB/s   rrqm/s   wrqm/s  %rrqm  %wrqm r_await w_await aqu-sz rareq-sz wareq-sz  svctm  %util
nvme0n1          0.00    0.00      0.00      0.00     0.00     0.00   0.00   0.00    0.00    0.00   0.00     0.00     0.00   0.00   0.00

2021년 09월 30일 18시 41분 33초
avg-cpu:  %user   %nice %system %iowait  %steal   %idle
           0.06    0.00    0.12    0.00    0.00   99.81

Device            r/s     w/s     rMB/s     wMB/s   rrqm/s   wrqm/s  %rrqm  %wrqm r_await w_await aqu-sz rareq-sz wareq-sz  svctm  %util
nvme0n1          0.00    0.00      0.00      0.00     0.00     0.00   0.00   0.00    0.00    0.00   0.00     0.00     0.00   0.00   0.00

2021년 09월 30일 18시 41분 34초
avg-cpu:  %user   %nice %system %iowait  %steal   %idle
           0.00    0.00    0.12    0.00    0.00   99.88

Device            r/s     w/s     rMB/s     wMB/s   rrqm/s   wrqm/s  %rrqm  %wrqm r_await w_await aqu-sz rareq-sz wareq-sz  svctm  %util
nvme0n1          0.00    0.00      0.00      0.00     0.00     0.00   0.00   0.00    0.00    0.00   0.00     0.00     0.00   0.00   0.00

