Linux 5.5.8test (syslab-desk) 	2021년 09월 30일 	_x86_64_	(16 CPU)

2021년 09월 30일 17시 36분 37초
avg-cpu:  %user   %nice %system %iowait  %steal   %idle
           0.04    0.00    0.64    1.25    0.00   98.06

Device            r/s     w/s     rMB/s     wMB/s   rrqm/s   wrqm/s  %rrqm  %wrqm r_await w_await aqu-sz rareq-sz wareq-sz  svctm  %util
nvme0n1         60.78  748.68      0.27     36.28     0.27   314.45   0.44  29.58    0.11    8.84   5.38     4.58    49.63   0.03   2.75

2021년 09월 30일 17시 36분 38초
avg-cpu:  %user   %nice %system %iowait  %steal   %idle
           0.06    0.00    0.12    0.00    0.00   99.81

Device            r/s     w/s     rMB/s     wMB/s   rrqm/s   wrqm/s  %rrqm  %wrqm r_await w_await aqu-sz rareq-sz wareq-sz  svctm  %util
nvme0n1          0.00    0.00      0.00      0.00     0.00     0.00   0.00   0.00    0.00    0.00   0.00     0.00     0.00   0.00   0.00

2021년 09월 30일 17시 36분 39초
avg-cpu:  %user   %nice %system %iowait  %steal   %idle
           0.06    0.00    0.06    0.00    0.00   99.87

Device            r/s     w/s     rMB/s     wMB/s   rrqm/s   wrqm/s  %rrqm  %wrqm r_await w_await aqu-sz rareq-sz wareq-sz  svctm  %util
nvme0n1          0.00    0.00      0.00      0.00     0.00     0.00   0.00   0.00    0.00    0.00   0.00     0.00     0.00   0.00   0.00

2021년 09월 30일 17시 36분 40초
avg-cpu:  %user   %nice %system %iowait  %steal   %idle
           0.06    0.00    0.13    0.00    0.00   99.81

Device            r/s     w/s     rMB/s     wMB/s   rrqm/s   wrqm/s  %rrqm  %wrqm r_await w_await aqu-sz rareq-sz wareq-sz  svctm  %util
nvme0n1          0.00    0.00      0.00      0.00     0.00     0.00   0.00   0.00    0.00    0.00   0.00     0.00     0.00   0.00   0.00

2021년 09월 30일 17시 36분 41초
avg-cpu:  %user   %nice %system %iowait  %steal   %idle
           0.06    0.00    0.56    0.19    0.00   99.19

Device            r/s     w/s     rMB/s     wMB/s   rrqm/s   wrqm/s  %rrqm  %wrqm r_await w_await aqu-sz rareq-sz wareq-sz  svctm  %util
nvme0n1        226.00    1.00      3.64      0.00   704.00     0.00  75.70   0.00    0.11   14.00   0.01    16.51     0.00   0.26   6.00

2021년 09월 30일 17시 36분 42초
avg-cpu:  %user   %nice %system %iowait  %steal   %idle
           0.13    0.00    3.01    4.39    0.00   92.47

Device            r/s     w/s     rMB/s     wMB/s   rrqm/s   wrqm/s  %rrqm  %wrqm r_await w_await aqu-sz rareq-sz wareq-sz  svctm  %util
nvme0n1       10286.00 5212.00     61.22     20.57  5386.00   324.00  34.37   5.85    0.19    0.41   0.00     6.09     4.04   0.06  92.00

2021년 09월 30일 17시 36분 43초
avg-cpu:  %user   %nice %system %iowait  %steal   %idle
           0.50    0.00    3.70    8.33    0.00   87.47

Device            r/s     w/s     rMB/s     wMB/s   rrqm/s   wrqm/s  %rrqm  %wrqm r_await w_await aqu-sz rareq-sz wareq-sz  svctm  %util
nvme0n1       21464.00 22602.00     83.84     83.50     0.00     0.00   0.00   0.00    0.34    0.51   0.16     4.00     3.78   0.02 100.80

2021년 09월 30일 17시 36분 44초
avg-cpu:  %user   %nice %system %iowait  %steal   %idle
           0.32    0.00    3.09    8.46    0.00   88.13

Device            r/s     w/s     rMB/s     wMB/s   rrqm/s   wrqm/s  %rrqm  %wrqm r_await w_await aqu-sz rareq-sz wareq-sz  svctm  %util
nvme0n1       21291.00 22482.00     83.17     82.84     0.00     0.00   0.00   0.00    0.34    0.49   0.04     4.00     3.77   0.02 100.00

2021년 09월 30일 17시 36분 45초
avg-cpu:  %user   %nice %system %iowait  %steal   %idle
           0.32    0.00    3.03    8.52    0.00   88.13

Device            r/s     w/s     rMB/s     wMB/s   rrqm/s   wrqm/s  %rrqm  %wrqm r_await w_await aqu-sz rareq-sz wareq-sz  svctm  %util
nvme0n1       21404.00 22777.00     83.61     83.37     0.00     0.00   0.00   0.00    0.33    0.48   0.10     4.00     3.75   0.02 100.00

2021년 09월 30일 17시 36분 46초
avg-cpu:  %user   %nice %system %iowait  %steal   %idle
           0.25    0.00    3.15    8.57    0.00   88.03

Device            r/s     w/s     rMB/s     wMB/s   rrqm/s   wrqm/s  %rrqm  %wrqm r_await w_await aqu-sz rareq-sz wareq-sz  svctm  %util
nvme0n1       20995.00 22479.00     82.01     81.78     0.00     0.00   0.00   0.00    0.33    0.52   0.13     4.00     3.73   0.02 100.00

2021년 09월 30일 17시 36분 47초
avg-cpu:  %user   %nice %system %iowait  %steal   %idle
           0.25    0.00    3.21    8.75    0.00   87.79

Device            r/s     w/s     rMB/s     wMB/s   rrqm/s   wrqm/s  %rrqm  %wrqm r_await w_await aqu-sz rareq-sz wareq-sz  svctm  %util
nvme0n1       21677.00 23122.00     84.68     88.38     0.00  1035.00   0.00   4.28    0.34    0.50   0.34     4.00     3.91   0.02  99.60

2021년 09월 30일 17시 36분 48초
avg-cpu:  %user   %nice %system %iowait  %steal   %idle
           0.13    0.00    3.65    8.43    0.00   87.80

Device            r/s     w/s     rMB/s     wMB/s   rrqm/s   wrqm/s  %rrqm  %wrqm r_await w_await aqu-sz rareq-sz wareq-sz  svctm  %util
nvme0n1       21231.00 22555.00     82.93     82.82     0.00     0.00   0.00   0.00    0.31    0.50   0.09     4.00     3.76   0.02 100.00

2021년 09월 30일 17시 36분 49초
avg-cpu:  %user   %nice %system %iowait  %steal   %idle
           0.31    0.00    3.64    8.47    0.00   87.58

Device            r/s     w/s     rMB/s     wMB/s   rrqm/s   wrqm/s  %rrqm  %wrqm r_await w_await aqu-sz rareq-sz wareq-sz  svctm  %util
nvme0n1       21427.00 22417.00     83.70     83.21     0.00     0.00   0.00   0.00    0.37    0.55   0.35     4.00     3.80   0.02 100.00

2021년 09월 30일 17시 36분 50초
avg-cpu:  %user   %nice %system %iowait  %steal   %idle
           0.25    0.00    3.40    8.50    0.00   87.85

Device            r/s     w/s     rMB/s     wMB/s   rrqm/s   wrqm/s  %rrqm  %wrqm r_await w_await aqu-sz rareq-sz wareq-sz  svctm  %util
nvme0n1       22321.00 23413.00     87.19     87.04     0.00     0.00   0.00   0.00    0.37    0.54   0.04     4.00     3.81   0.02 100.00

2021년 09월 30일 17시 36분 51초
avg-cpu:  %user   %nice %system %iowait  %steal   %idle
           0.13    0.00    2.79    8.56    0.00   88.52

Device            r/s     w/s     rMB/s     wMB/s   rrqm/s   wrqm/s  %rrqm  %wrqm r_await w_await aqu-sz rareq-sz wareq-sz  svctm  %util
nvme0n1       21509.00 22528.00     84.02     83.53     0.00     0.00   0.00   0.00    0.36    0.53   0.57     4.00     3.80   0.02 100.00

2021년 09월 30일 17시 36분 52초
avg-cpu:  %user   %nice %system %iowait  %steal   %idle
           0.25    0.00    3.28    8.58    0.00   87.89

Device            r/s     w/s     rMB/s     wMB/s   rrqm/s   wrqm/s  %rrqm  %wrqm r_await w_await aqu-sz rareq-sz wareq-sz  svctm  %util
nvme0n1       21495.00 22638.00     83.96     87.76     0.00   990.00   0.00   4.19    0.38    0.52   0.00     4.00     3.97   0.02 100.00

2021년 09월 30일 17시 36분 53초
avg-cpu:  %user   %nice %system %iowait  %steal   %idle
           0.19    0.00    3.28    8.57    0.00   87.96

Device            r/s     w/s     rMB/s     wMB/s   rrqm/s   wrqm/s  %rrqm  %wrqm r_await w_await aqu-sz rareq-sz wareq-sz  svctm  %util
nvme0n1       22276.00 23366.00     87.02     86.79     0.00     0.00   0.00   0.00    0.38    0.54   0.16     4.00     3.80   0.02 100.00

2021년 09월 30일 17시 36분 54초
avg-cpu:  %user   %nice %system %iowait  %steal   %idle
           0.13    0.00    2.73    8.56    0.00   88.59

Device            r/s     w/s     rMB/s     wMB/s   rrqm/s   wrqm/s  %rrqm  %wrqm r_await w_await aqu-sz rareq-sz wareq-sz  svctm  %util
nvme0n1       22864.00 23981.00     89.31     88.92     0.00     0.00   0.00   0.00    0.37    0.52   0.00     4.00     3.80   0.02 100.00

2021년 09월 30일 17시 36분 55초
avg-cpu:  %user   %nice %system %iowait  %steal   %idle
           0.13    0.00    3.40    8.62    0.00   87.85

Device            r/s     w/s     rMB/s     wMB/s   rrqm/s   wrqm/s  %rrqm  %wrqm r_await w_await aqu-sz rareq-sz wareq-sz  svctm  %util
nvme0n1       20572.00 21854.00     80.36     80.24     0.00     0.00   0.00   0.00    0.36    0.53   0.43     4.00     3.76   0.02 100.00

2021년 09월 30일 17시 36분 56초
avg-cpu:  %user   %nice %system %iowait  %steal   %idle
           0.25    0.00    3.09    8.46    0.00   88.19

Device            r/s     w/s     rMB/s     wMB/s   rrqm/s   wrqm/s  %rrqm  %wrqm r_await w_await aqu-sz rareq-sz wareq-sz  svctm  %util
nvme0n1       21413.00 22751.00     83.64     83.24     0.00     0.00   0.00   0.00    0.34    0.50   0.04     4.00     3.75   0.02  99.60

2021년 09월 30일 17시 36분 57초
avg-cpu:  %user   %nice %system %iowait  %steal   %idle
           0.19    0.00    3.34    8.63    0.00   87.84

Device            r/s     w/s     rMB/s     wMB/s   rrqm/s   wrqm/s  %rrqm  %wrqm r_await w_await aqu-sz rareq-sz wareq-sz  svctm  %util
nvme0n1       22821.00 23793.00     89.14     92.77     0.00  1024.00   0.00   4.13    0.34    0.56   0.69     4.00     3.99   0.02 100.00

2021년 09월 30일 17시 36분 58초
avg-cpu:  %user   %nice %system %iowait  %steal   %idle
           0.19    0.00    2.92    8.43    0.00   88.47

Device            r/s     w/s     rMB/s     wMB/s   rrqm/s   wrqm/s  %rrqm  %wrqm r_await w_await aqu-sz rareq-sz wareq-sz  svctm  %util
nvme0n1       21864.00 22894.00     85.41     85.20     0.00     0.00   0.00   0.00    0.36    0.52   0.19     4.00     3.81   0.02 100.00

2021년 09월 30일 17시 36분 59초
avg-cpu:  %user   %nice %system %iowait  %steal   %idle
           0.32    0.00    3.09    8.52    0.00   88.07

Device            r/s     w/s     rMB/s     wMB/s   rrqm/s   wrqm/s  %rrqm  %wrqm r_await w_await aqu-sz rareq-sz wareq-sz  svctm  %util
nvme0n1       21911.00 23105.00     85.59     85.54     0.00     0.00   0.00   0.00    0.34    0.51   0.27     4.00     3.79   0.02 100.00

2021년 09월 30일 17시 37분 00초
avg-cpu:  %user   %nice %system %iowait  %steal   %idle
           0.13    0.00    3.53    8.39    0.00   87.96

Device            r/s     w/s     rMB/s     wMB/s   rrqm/s   wrqm/s  %rrqm  %wrqm r_await w_await aqu-sz rareq-sz wareq-sz  svctm  %util
nvme0n1       23486.00 24604.00     91.74     91.48     0.00     0.00   0.00   0.00    0.35    0.50   0.27     4.00     3.81   0.02 100.00

2021년 09월 30일 17시 37분 01초
avg-cpu:  %user   %nice %system %iowait  %steal   %idle
           0.19    0.00    3.10    8.53    0.00   88.19

Device            r/s     w/s     rMB/s     wMB/s   rrqm/s   wrqm/s  %rrqm  %wrqm r_await w_await aqu-sz rareq-sz wareq-sz  svctm  %util
nvme0n1       22449.00 23428.00     87.69     87.43     0.00     0.00   0.00   0.00    0.38    0.49   0.27     4.00     3.82   0.02 100.00

2021년 09월 30일 17시 37분 02초
avg-cpu:  %user   %nice %system %iowait  %steal   %idle
           0.13    0.00    3.10    8.55    0.00   88.22

Device            r/s     w/s     rMB/s     wMB/s   rrqm/s   wrqm/s  %rrqm  %wrqm r_await w_await aqu-sz rareq-sz wareq-sz  svctm  %util
nvme0n1       21252.00 22267.00     83.02     86.54     0.00   976.00   0.00   4.20    0.35    0.49   0.02     4.00     3.98   0.02 100.00

2021년 09월 30일 17시 37분 03초
avg-cpu:  %user   %nice %system %iowait  %steal   %idle
           0.32    0.00    3.03    8.52    0.00   88.13

Device            r/s     w/s     rMB/s     wMB/s   rrqm/s   wrqm/s  %rrqm  %wrqm r_await w_await aqu-sz rareq-sz wareq-sz  svctm  %util
nvme0n1       22006.00 22984.00     85.96     85.52     0.00     0.00   0.00   0.00    0.35    0.52   0.14     4.00     3.81   0.02  99.60

2021년 09월 30일 17시 37분 04초
avg-cpu:  %user   %nice %system %iowait  %steal   %idle
           0.13    0.00    2.72    8.68    0.00   88.47

Device            r/s     w/s     rMB/s     wMB/s   rrqm/s   wrqm/s  %rrqm  %wrqm r_await w_await aqu-sz rareq-sz wareq-sz  svctm  %util
nvme0n1       20457.00 21559.00     79.91     79.68     0.00     0.00   0.00   0.00    0.34    0.53   0.38     4.00     3.78   0.02 100.00

2021년 09월 30일 17시 37분 05초
avg-cpu:  %user   %nice %system %iowait  %steal   %idle
           0.19    0.00    3.47    8.44    0.00   87.90

Device            r/s     w/s     rMB/s     wMB/s   rrqm/s   wrqm/s  %rrqm  %wrqm r_await w_await aqu-sz rareq-sz wareq-sz  svctm  %util
nvme0n1       21805.00 22932.00     85.18     85.05     0.00     0.00   0.00   0.00    0.34    0.50   0.36     4.00     3.80   0.02  99.60

2021년 09월 30일 17시 37분 06초
avg-cpu:  %user   %nice %system %iowait  %steal   %idle
           0.19    0.00    3.22    8.46    0.00   88.13

Device            r/s     w/s     rMB/s     wMB/s   rrqm/s   wrqm/s  %rrqm  %wrqm r_await w_await aqu-sz rareq-sz wareq-sz  svctm  %util
nvme0n1       22302.00 23336.00     87.12     86.87     0.00     0.00   0.00   0.00    0.38    0.51   0.22     4.00     3.81   0.02 100.00

2021년 09월 30일 17시 37분 07초
avg-cpu:  %user   %nice %system %iowait  %steal   %idle
           0.38    0.00    3.34    8.51    0.00   87.78

Device            r/s     w/s     rMB/s     wMB/s   rrqm/s   wrqm/s  %rrqm  %wrqm r_await w_await aqu-sz rareq-sz wareq-sz  svctm  %util
nvme0n1       21389.00 22485.00     83.55     87.25     0.00  1029.00   0.00   4.38    0.37    0.53   0.35     4.00     3.97   0.02 100.00

2021년 09월 30일 17시 37분 08초
avg-cpu:  %user   %nice %system %iowait  %steal   %idle
           0.37    0.00    4.12    8.36    0.00   87.14

Device            r/s     w/s     rMB/s     wMB/s   rrqm/s   wrqm/s  %rrqm  %wrqm r_await w_await aqu-sz rareq-sz wareq-sz  svctm  %util
nvme0n1       22488.00 23734.00     87.84     87.62     0.00     0.00   0.00   0.00    0.35    0.50   0.72     4.00     3.78   0.02 100.00

2021년 09월 30일 17시 37분 09초
avg-cpu:  %user   %nice %system %iowait  %steal   %idle
           0.19    0.00    4.84    8.37    0.00   86.60

Device            r/s     w/s     rMB/s     wMB/s   rrqm/s   wrqm/s  %rrqm  %wrqm r_await w_await aqu-sz rareq-sz wareq-sz  svctm  %util
nvme0n1       22346.00 23489.00     87.29     86.98     0.00     0.00   0.00   0.00    0.34    0.54   0.26     4.00     3.79   0.02 100.00

2021년 09월 30일 17시 37분 10초
avg-cpu:  %user   %nice %system %iowait  %steal   %idle
           0.19    0.00    3.77    8.30    0.00   87.74

Device            r/s     w/s     rMB/s     wMB/s   rrqm/s   wrqm/s  %rrqm  %wrqm r_await w_await aqu-sz rareq-sz wareq-sz  svctm  %util
nvme0n1       23131.00 24276.00     90.36     89.97     0.00     0.00   0.00   0.00    0.36    0.48   0.25     4.00     3.80   0.02 100.00

2021년 09월 30일 17시 37분 11초
avg-cpu:  %user   %nice %system %iowait  %steal   %idle
           0.38    0.00    3.40    8.50    0.00   87.73

Device            r/s     w/s     rMB/s     wMB/s   rrqm/s   wrqm/s  %rrqm  %wrqm r_await w_await aqu-sz rareq-sz wareq-sz  svctm  %util
nvme0n1       22044.00 23168.00     86.11     85.92     0.00     0.00   0.00   0.00    0.36    0.51   0.56     4.00     3.80   0.02  99.60

2021년 09월 30일 17시 37분 12초
avg-cpu:  %user   %nice %system %iowait  %steal   %idle
           0.38    0.00    3.39    8.61    0.00   87.62

Device            r/s     w/s     rMB/s     wMB/s   rrqm/s   wrqm/s  %rrqm  %wrqm r_await w_await aqu-sz rareq-sz wareq-sz  svctm  %util
nvme0n1       21812.00 22781.00     85.20     88.77     0.00  1001.00   0.00   4.21    0.36    0.52   0.00     4.00     3.99   0.02 100.00

2021년 09월 30일 17시 37분 13초
avg-cpu:  %user   %nice %system %iowait  %steal   %idle
           0.25    0.00    3.03    8.47    0.00   88.24

Device            r/s     w/s     rMB/s     wMB/s   rrqm/s   wrqm/s  %rrqm  %wrqm r_await w_await aqu-sz rareq-sz wareq-sz  svctm  %util
nvme0n1       22035.00 23111.00     86.07     85.91     0.00     0.00   0.00   0.00    0.36    0.50   0.04     4.00     3.81   0.02  99.60

2021년 09월 30일 17시 37분 14초
avg-cpu:  %user   %nice %system %iowait  %steal   %idle
           0.44    0.00    3.04    8.11    0.00   88.40

Device            r/s     w/s     rMB/s     wMB/s   rrqm/s   wrqm/s  %rrqm  %wrqm r_await w_await aqu-sz rareq-sz wareq-sz  svctm  %util
nvme0n1       23202.00 24222.00     90.63     89.93     0.00     0.00   0.00   0.00    0.35    0.50   0.72     4.00     3.80   0.02 100.00

2021년 09월 30일 17시 37분 15초
avg-cpu:  %user   %nice %system %iowait  %steal   %idle
           0.19    0.00    3.76    8.46    0.00   87.59

Device            r/s     w/s     rMB/s     wMB/s   rrqm/s   wrqm/s  %rrqm  %wrqm r_await w_await aqu-sz rareq-sz wareq-sz  svctm  %util
nvme0n1       21432.00 22655.00     83.72     83.86     0.00     0.00   0.00   0.00    0.33    0.48   0.12     4.00     3.79   0.02 100.00

2021년 09월 30일 17시 37분 16초
avg-cpu:  %user   %nice %system %iowait  %steal   %idle
           0.25    0.00    3.47    8.32    0.00   87.96

Device            r/s     w/s     rMB/s     wMB/s   rrqm/s   wrqm/s  %rrqm  %wrqm r_await w_await aqu-sz rareq-sz wareq-sz  svctm  %util
nvme0n1       21870.00 22973.00     85.43     85.21     0.00     0.00   0.00   0.00    0.35    0.47   0.19     4.00     3.80   0.02 100.00

2021년 09월 30일 17시 37분 17초
avg-cpu:  %user   %nice %system %iowait  %steal   %idle
           0.19    0.00    3.03    8.78    0.00   88.00

Device            r/s     w/s     rMB/s     wMB/s   rrqm/s   wrqm/s  %rrqm  %wrqm r_await w_await aqu-sz rareq-sz wareq-sz  svctm  %util
nvme0n1       21902.00 23218.00     85.55    113.92     0.00  7078.00   0.00  23.36    0.34    0.59   0.90     4.00     5.02   0.02 100.00

2021년 09월 30일 17시 37분 18초
avg-cpu:  %user   %nice %system %iowait  %steal   %idle
           0.19    0.00    3.83    8.34    0.00   87.64

Device            r/s     w/s     rMB/s     wMB/s   rrqm/s   wrqm/s  %rrqm  %wrqm r_await w_await aqu-sz rareq-sz wareq-sz  svctm  %util
nvme0n1       22212.00 23362.00     86.77     86.78     0.00     0.00   0.00   0.00    0.34    0.50   0.02     4.00     3.80   0.02 100.00

2021년 09월 30일 17시 37분 19초
avg-cpu:  %user   %nice %system %iowait  %steal   %idle
           0.19    0.00    3.88    8.46    0.00   87.47

Device            r/s     w/s     rMB/s     wMB/s   rrqm/s   wrqm/s  %rrqm  %wrqm r_await w_await aqu-sz rareq-sz wareq-sz  svctm  %util
nvme0n1       22627.00 23740.00     88.39     87.93     0.00     0.00   0.00   0.00    0.33    0.49   0.83     4.00     3.79   0.02 100.00

2021년 09월 30일 17시 37분 20초
avg-cpu:  %user   %nice %system %iowait  %steal   %idle
           0.19    0.00    4.72    8.39    0.00   86.71

Device            r/s     w/s     rMB/s     wMB/s   rrqm/s   wrqm/s  %rrqm  %wrqm r_await w_await aqu-sz rareq-sz wareq-sz  svctm  %util
nvme0n1       21758.00 22892.00     84.99     84.80     0.00     0.00   0.00   0.00    0.34    0.50   0.14     4.00     3.79   0.02 100.00

2021년 09월 30일 17시 37분 21초
avg-cpu:  %user   %nice %system %iowait  %steal   %idle
           0.12    0.00    4.61    8.29    0.00   86.98

Device            r/s     w/s     rMB/s     wMB/s   rrqm/s   wrqm/s  %rrqm  %wrqm r_await w_await aqu-sz rareq-sz wareq-sz  svctm  %util
nvme0n1       22762.00 23878.00     88.91     88.42     0.00     0.00   0.00   0.00    0.33    0.49   0.03     4.00     3.79   0.02 100.00

2021년 09월 30일 17시 37분 22초
avg-cpu:  %user   %nice %system %iowait  %steal   %idle
           0.31    0.00    4.66    8.33    0.00   86.69

Device            r/s     w/s     rMB/s     wMB/s   rrqm/s   wrqm/s  %rrqm  %wrqm r_await w_await aqu-sz rareq-sz wareq-sz  svctm  %util
nvme0n1       22627.00 23877.00     88.39     92.38     0.00  1005.00   0.00   4.04    0.34    0.52   0.02     4.00     3.96   0.02 100.00

2021년 09월 30일 17시 37분 23초
avg-cpu:  %user   %nice %system %iowait  %steal   %idle
           0.25    0.00    2.85    8.54    0.00   88.36

Device            r/s     w/s     rMB/s     wMB/s   rrqm/s   wrqm/s  %rrqm  %wrqm r_await w_await aqu-sz rareq-sz wareq-sz  svctm  %util
nvme0n1       22076.00 23216.00     86.23     85.82     0.00     0.00   0.00   0.00    0.35    0.51   0.49     4.00     3.79   0.02 100.00

2021년 09월 30일 17시 37분 24초
avg-cpu:  %user   %nice %system %iowait  %steal   %idle
           0.25    0.00    3.28    8.34    0.00   88.12

Device            r/s     w/s     rMB/s     wMB/s   rrqm/s   wrqm/s  %rrqm  %wrqm r_await w_await aqu-sz rareq-sz wareq-sz  svctm  %util
nvme0n1       22251.00 23369.00     86.92     86.82     0.00     0.00   0.00   0.00    0.35    0.49   0.04     4.00     3.80   0.02 100.00

2021년 09월 30일 17시 37분 25초
avg-cpu:  %user   %nice %system %iowait  %steal   %idle
           0.31    0.00    4.36    8.41    0.00   86.92

Device            r/s     w/s     rMB/s     wMB/s   rrqm/s   wrqm/s  %rrqm  %wrqm r_await w_await aqu-sz rareq-sz wareq-sz  svctm  %util
nvme0n1       21838.00 22827.00     85.30     84.87     0.00     0.00   0.00   0.00    0.35    0.54   0.26     4.00     3.81   0.02 100.00

2021년 09월 30일 17시 37분 26초
avg-cpu:  %user   %nice %system %iowait  %steal   %idle
           0.31    0.00    4.24    8.35    0.00   87.09

Device            r/s     w/s     rMB/s     wMB/s   rrqm/s   wrqm/s  %rrqm  %wrqm r_await w_await aqu-sz rareq-sz wareq-sz  svctm  %util
nvme0n1       22042.00 23092.00     86.10     85.98     0.00     0.00   0.00   0.00    0.36    0.51   0.02     4.00     3.81   0.02 100.00

2021년 09월 30일 17시 37분 27초
avg-cpu:  %user   %nice %system %iowait  %steal   %idle
           0.25    0.00    3.46    8.62    0.00   87.67

Device            r/s     w/s     rMB/s     wMB/s   rrqm/s   wrqm/s  %rrqm  %wrqm r_await w_await aqu-sz rareq-sz wareq-sz  svctm  %util
nvme0n1       21212.00 22216.00     82.86     86.61     0.00  1016.00   0.00   4.37    0.38    0.51   0.29     4.00     3.99   0.02 100.40

2021년 09월 30일 17시 37분 28초
avg-cpu:  %user   %nice %system %iowait  %steal   %idle
           0.25    0.00    4.30    8.48    0.00   86.97

Device            r/s     w/s     rMB/s     wMB/s   rrqm/s   wrqm/s  %rrqm  %wrqm r_await w_await aqu-sz rareq-sz wareq-sz  svctm  %util
nvme0n1       21846.00 22975.00     85.34     85.12     0.00     0.00   0.00   0.00    0.34    0.51   0.24     4.00     3.79   0.02  99.60

2021년 09월 30일 17시 37분 29초
avg-cpu:  %user   %nice %system %iowait  %steal   %idle
           0.19    0.00    4.25    8.37    0.00   87.20

Device            r/s     w/s     rMB/s     wMB/s   rrqm/s   wrqm/s  %rrqm  %wrqm r_await w_await aqu-sz rareq-sz wareq-sz  svctm  %util
nvme0n1       21666.00 22898.00     84.63     84.34     0.00     0.00   0.00   0.00    0.33    0.51   0.02     4.00     3.77   0.02 100.00

2021년 09월 30일 17시 37분 30초
avg-cpu:  %user   %nice %system %iowait  %steal   %idle
           0.31    0.00    4.55    8.22    0.00   86.92

Device            r/s     w/s     rMB/s     wMB/s   rrqm/s   wrqm/s  %rrqm  %wrqm r_await w_await aqu-sz rareq-sz wareq-sz  svctm  %util
nvme0n1       20991.00 22515.00     82.00     81.76     0.00     0.00   0.00   0.00    0.33    0.49   0.02     4.00     3.72   0.02  99.60

2021년 09월 30일 17시 37분 31초
avg-cpu:  %user   %nice %system %iowait  %steal   %idle
           0.25    0.00    3.34    8.45    0.00   87.96

Device            r/s     w/s     rMB/s     wMB/s   rrqm/s   wrqm/s  %rrqm  %wrqm r_await w_await aqu-sz rareq-sz wareq-sz  svctm  %util
nvme0n1       20307.00 21689.00     79.32     79.02     0.00     0.00   0.00   0.00    0.34    0.52   0.09     4.00     3.73   0.02 100.40

2021년 09월 30일 17시 37분 32초
avg-cpu:  %user   %nice %system %iowait  %steal   %idle
           0.06    0.00    3.59    8.45    0.00   87.89

Device            r/s     w/s     rMB/s     wMB/s   rrqm/s   wrqm/s  %rrqm  %wrqm r_await w_await aqu-sz rareq-sz wareq-sz  svctm  %util
nvme0n1       20490.00 21846.00     80.04     83.81     0.00  1005.00   0.00   4.40    0.35    0.48   0.11     4.00     3.93   0.02 100.00

2021년 09월 30일 17시 37분 33초
avg-cpu:  %user   %nice %system %iowait  %steal   %idle
           0.25    0.00    2.78    8.67    0.00   88.29

Device            r/s     w/s     rMB/s     wMB/s   rrqm/s   wrqm/s  %rrqm  %wrqm r_await w_await aqu-sz rareq-sz wareq-sz  svctm  %util
nvme0n1       20214.00 21547.00     78.96     78.75     0.00     0.00   0.00   0.00    0.34    0.53   0.74     4.00     3.74   0.02  99.60

2021년 09월 30일 17시 37분 34초
avg-cpu:  %user   %nice %system %iowait  %steal   %idle
           0.19    0.00    3.27    8.63    0.00   87.91

Device            r/s     w/s     rMB/s     wMB/s   rrqm/s   wrqm/s  %rrqm  %wrqm r_await w_await aqu-sz rareq-sz wareq-sz  svctm  %util
nvme0n1       20148.00 21542.00     78.70     78.48     0.00     0.00   0.00   0.00    0.34    0.54   0.01     4.00     3.73   0.02 100.40

2021년 09월 30일 17시 37분 35초
avg-cpu:  %user   %nice %system %iowait  %steal   %idle
           0.19    0.00    3.34    8.56    0.00   87.91

Device            r/s     w/s     rMB/s     wMB/s   rrqm/s   wrqm/s  %rrqm  %wrqm r_await w_await aqu-sz rareq-sz wareq-sz  svctm  %util
nvme0n1       21005.00 22260.00     82.05     81.77     0.00     0.00   0.00   0.00    0.35    0.48   0.18     4.00     3.76   0.02 100.00

2021년 09월 30일 17시 37분 36초
avg-cpu:  %user   %nice %system %iowait  %steal   %idle
           0.19    0.00    3.28    8.45    0.00   88.08

Device            r/s     w/s     rMB/s     wMB/s   rrqm/s   wrqm/s  %rrqm  %wrqm r_await w_await aqu-sz rareq-sz wareq-sz  svctm  %util
nvme0n1       22262.00 23303.00     86.96     86.53     0.00     0.00   0.00   0.00    0.37    0.52   0.23     4.00     3.80   0.02 100.00

2021년 09월 30일 17시 37분 37초
avg-cpu:  %user   %nice %system %iowait  %steal   %idle
           0.13    0.00    3.29    8.60    0.00   87.99

Device            r/s     w/s     rMB/s     wMB/s   rrqm/s   wrqm/s  %rrqm  %wrqm r_await w_await aqu-sz rareq-sz wareq-sz  svctm  %util
nvme0n1       22179.00 23332.00     86.64     90.31     0.00   972.00   0.00   4.00    0.36    0.52   0.83     4.00     3.96   0.02 100.00

2021년 09월 30일 17시 37분 38초
avg-cpu:  %user   %nice %system %iowait  %steal   %idle
           0.13    0.00    3.53    8.26    0.00   88.08

Device            r/s     w/s     rMB/s     wMB/s   rrqm/s   wrqm/s  %rrqm  %wrqm r_await w_await aqu-sz rareq-sz wareq-sz  svctm  %util
nvme0n1       22699.00 23867.00     88.67     88.44     0.00     0.00   0.00   0.00    0.34    0.50   0.16     4.00     3.79   0.02 100.00

2021년 09월 30일 17시 37분 39초
avg-cpu:  %user   %nice %system %iowait  %steal   %idle
           0.25    0.00    4.89    8.36    0.00   86.49

Device            r/s     w/s     rMB/s     wMB/s   rrqm/s   wrqm/s  %rrqm  %wrqm r_await w_await aqu-sz rareq-sz wareq-sz  svctm  %util
nvme0n1       21694.00 22705.00     84.74     84.32     0.00     0.00   0.00   0.00    0.40    0.54   0.08     4.00     3.80   0.02 100.00

2021년 09월 30일 17시 37분 40초
avg-cpu:  %user   %nice %system %iowait  %steal   %idle
           0.12    0.00    4.66    8.40    0.00   86.82

Device            r/s     w/s     rMB/s     wMB/s   rrqm/s   wrqm/s  %rrqm  %wrqm r_await w_await aqu-sz rareq-sz wareq-sz  svctm  %util
nvme0n1       21866.00 23037.00     85.41     85.29     0.00     0.00   0.00   0.00    0.35    0.50   0.02     4.00     3.79   0.02 100.00

2021년 09월 30일 17시 37분 41초
avg-cpu:  %user   %nice %system %iowait  %steal   %idle
           0.31    0.00    3.77    8.29    0.00   87.63

Device            r/s     w/s     rMB/s     wMB/s   rrqm/s   wrqm/s  %rrqm  %wrqm r_await w_await aqu-sz rareq-sz wareq-sz  svctm  %util
nvme0n1       21646.00 22603.00     84.55     84.02     0.00     0.00   0.00   0.00    0.36    0.49   0.18     4.00     3.81   0.02 100.00

2021년 09월 30일 17시 37분 42초
avg-cpu:  %user   %nice %system %iowait  %steal   %idle
           0.19    0.00    3.29    8.35    0.00   88.17

Device            r/s     w/s     rMB/s     wMB/s   rrqm/s   wrqm/s  %rrqm  %wrqm r_await w_await aqu-sz rareq-sz wareq-sz  svctm  %util
nvme0n1       21711.00 22810.00     84.81     88.61     0.00   940.00   0.00   3.96    0.35    0.51   0.02     4.00     3.98   0.02 100.00

2021년 09월 30일 17시 37분 43초
avg-cpu:  %user   %nice %system %iowait  %steal   %idle
           0.37    0.00    4.29    8.46    0.00   86.87

Device            r/s     w/s     rMB/s     wMB/s   rrqm/s   wrqm/s  %rrqm  %wrqm r_await w_await aqu-sz rareq-sz wareq-sz  svctm  %util
nvme0n1       21772.00 22700.00     85.04     84.45     0.00     0.00   0.00   0.00    0.39    0.54   0.10     4.00     3.81   0.02  99.60

2021년 09월 30일 17시 37분 44초
avg-cpu:  %user   %nice %system %iowait  %steal   %idle
           0.19    0.00    4.84    8.32    0.00   86.65

Device            r/s     w/s     rMB/s     wMB/s   rrqm/s   wrqm/s  %rrqm  %wrqm r_await w_await aqu-sz rareq-sz wareq-sz  svctm  %util
nvme0n1       21853.00 23015.00     85.37     85.35     0.00     0.00   0.00   0.00    0.35    0.49   0.41     4.00     3.80   0.02 100.00

2021년 09월 30일 17시 37분 45초
avg-cpu:  %user   %nice %system %iowait  %steal   %idle
           0.19    0.00    3.53    8.32    0.00   87.96

Device            r/s     w/s     rMB/s     wMB/s   rrqm/s   wrqm/s  %rrqm  %wrqm r_await w_await aqu-sz rareq-sz wareq-sz  svctm  %util
nvme0n1       22459.00 23602.00     87.73     87.45     0.00     0.00   0.00   0.00    0.31    0.50   0.34     4.00     3.79   0.02 100.00

2021년 09월 30일 17시 37분 46초
avg-cpu:  %user   %nice %system %iowait  %steal   %idle
           0.19    0.00    3.71    8.42    0.00   87.69

Device            r/s     w/s     rMB/s     wMB/s   rrqm/s   wrqm/s  %rrqm  %wrqm r_await w_await aqu-sz rareq-sz wareq-sz  svctm  %util
nvme0n1       22146.00 23253.00     86.51     86.24     0.00     0.00   0.00   0.00    0.37    0.53   0.33     4.00     3.80   0.02 100.00

2021년 09월 30일 17시 37분 47초
avg-cpu:  %user   %nice %system %iowait  %steal   %idle
           0.12    0.00    0.44    0.44    0.00   99.00

Device            r/s     w/s     rMB/s     wMB/s   rrqm/s   wrqm/s  %rrqm  %wrqm r_await w_await aqu-sz rareq-sz wareq-sz  svctm  %util
nvme0n1       1293.00 1361.00      5.05      5.03     0.00     0.00   0.00   0.00    0.39    0.45   0.00     4.00     3.78   0.02   5.60

2021년 09월 30일 17시 37분 48초
avg-cpu:  %user   %nice %system %iowait  %steal   %idle
           0.06    0.00    0.19    0.12    0.00   99.62

Device            r/s     w/s     rMB/s     wMB/s   rrqm/s   wrqm/s  %rrqm  %wrqm r_await w_await aqu-sz rareq-sz wareq-sz  svctm  %util
nvme0n1          0.00    8.00      0.00      3.26     0.00   827.00   0.00  99.04    0.00   12.88   0.08     0.00   417.50   2.00   1.60

2021년 09월 30일 17시 37분 49초
avg-cpu:  %user   %nice %system %iowait  %steal   %idle
           0.13    0.00    0.06    0.00    0.00   99.81

Device            r/s     w/s     rMB/s     wMB/s   rrqm/s   wrqm/s  %rrqm  %wrqm r_await w_await aqu-sz rareq-sz wareq-sz  svctm  %util
nvme0n1          0.00    0.00      0.00      0.00     0.00     0.00   0.00   0.00    0.00    0.00   0.00     0.00     0.00   0.00   0.00

2021년 09월 30일 17시 37분 50초
avg-cpu:  %user   %nice %system %iowait  %steal   %idle
           0.12    0.00    0.12    0.00    0.00   99.75

Device            r/s     w/s     rMB/s     wMB/s   rrqm/s   wrqm/s  %rrqm  %wrqm r_await w_await aqu-sz rareq-sz wareq-sz  svctm  %util
nvme0n1          0.00    0.00      0.00      0.00     0.00     0.00   0.00   0.00    0.00    0.00   0.00     0.00     0.00   0.00   0.00

