Linux 5.5.8test (syslab-desk) 	2021년 09월 30일 	_x86_64_	(16 CPU)

2021년 09월 30일 17시 44분 51초
avg-cpu:  %user   %nice %system %iowait  %steal   %idle
           0.05    0.00    0.77    1.49    0.00   97.69

Device            r/s     w/s     rMB/s     wMB/s   rrqm/s   wrqm/s  %rrqm  %wrqm r_await w_await aqu-sz rareq-sz wareq-sz  svctm  %util
nvme0n1         80.08  916.55      0.36     43.89     0.35   385.71   0.44  29.62    0.17    8.38   6.17     4.54    49.03   0.03   3.26

2021년 09월 30일 17시 44분 52초
avg-cpu:  %user   %nice %system %iowait  %steal   %idle
           0.00    0.00    0.00    0.00    0.00  100.00

Device            r/s     w/s     rMB/s     wMB/s   rrqm/s   wrqm/s  %rrqm  %wrqm r_await w_await aqu-sz rareq-sz wareq-sz  svctm  %util
nvme0n1          0.00    0.00      0.00      0.00     0.00     0.00   0.00   0.00    0.00    0.00   0.00     0.00     0.00   0.00   0.00

2021년 09월 30일 17시 44분 53초
avg-cpu:  %user   %nice %system %iowait  %steal   %idle
           0.12    0.00    0.31    0.00    0.00   99.56

Device            r/s     w/s     rMB/s     wMB/s   rrqm/s   wrqm/s  %rrqm  %wrqm r_await w_await aqu-sz rareq-sz wareq-sz  svctm  %util
nvme0n1          0.00    0.00      0.00      0.00     0.00     0.00   0.00   0.00    0.00    0.00   0.00     0.00     0.00   0.00   0.00

2021년 09월 30일 17시 44분 54초
avg-cpu:  %user   %nice %system %iowait  %steal   %idle
           0.06    0.00    0.81    0.56    0.00   98.56

Device            r/s     w/s     rMB/s     wMB/s   rrqm/s   wrqm/s  %rrqm  %wrqm r_await w_await aqu-sz rareq-sz wareq-sz  svctm  %util
nvme0n1        976.00    1.00      8.96      0.00  1315.00     0.00  57.40   0.00    0.10   15.00   0.01     9.40     0.00   0.20  19.60

2021년 09월 30일 17시 44분 55초
avg-cpu:  %user   %nice %system %iowait  %steal   %idle
           0.38    0.00    3.08    3.77    0.00   92.77

Device            r/s     w/s     rMB/s     wMB/s   rrqm/s   wrqm/s  %rrqm  %wrqm r_await w_await aqu-sz rareq-sz wareq-sz  svctm  %util
nvme0n1       6254.00 1766.00     43.16      7.80  4794.00   324.00  43.39  15.50    0.23    0.53   0.00     7.07     4.53   0.11  92.00

2021년 09월 30일 17시 44분 56초
avg-cpu:  %user   %nice %system %iowait  %steal   %idle
           0.31    0.00    4.91   19.25    0.00   75.53

Device            r/s     w/s     rMB/s     wMB/s   rrqm/s   wrqm/s  %rrqm  %wrqm r_await w_await aqu-sz rareq-sz wareq-sz  svctm  %util
nvme0n1       25174.00 26269.00     98.34     97.71     0.00     0.00   0.00   0.00    0.94    1.12   2.04     4.00     3.81   0.02 100.00

2021년 09월 30일 17시 44분 57초
avg-cpu:  %user   %nice %system %iowait  %steal   %idle
           0.19    0.00    4.06   19.96    0.00   75.79

Device            r/s     w/s     rMB/s     wMB/s   rrqm/s   wrqm/s  %rrqm  %wrqm r_await w_await aqu-sz rareq-sz wareq-sz  svctm  %util
nvme0n1       25483.00 26710.00     99.54     99.18     0.00     0.00   0.00   0.00    0.93    1.22   2.18     4.00     3.80   0.02 100.00

2021년 09월 30일 17시 44분 58초
avg-cpu:  %user   %nice %system %iowait  %steal   %idle
           0.32    0.00    3.81   19.82    0.00   76.05

Device            r/s     w/s     rMB/s     wMB/s   rrqm/s   wrqm/s  %rrqm  %wrqm r_await w_await aqu-sz rareq-sz wareq-sz  svctm  %util
nvme0n1       25176.00 26419.00     98.34     98.05     0.00     0.00   0.00   0.00    0.95    1.15   2.74     4.00     3.80   0.02 100.00

2021년 09월 30일 17시 44분 59초
avg-cpu:  %user   %nice %system %iowait  %steal   %idle
           0.25    0.00    4.12   19.84    0.00   75.79

Device            r/s     w/s     rMB/s     wMB/s   rrqm/s   wrqm/s  %rrqm  %wrqm r_await w_await aqu-sz rareq-sz wareq-sz  svctm  %util
nvme0n1       24750.00 25890.00     96.68     95.97     0.00     0.00   0.00   0.00    0.89    1.18   1.99     4.00     3.80   0.02 100.00

2021년 09월 30일 17시 45분 00초
avg-cpu:  %user   %nice %system %iowait  %steal   %idle
           0.31    0.00    4.71   19.92    0.00   75.05

Device            r/s     w/s     rMB/s     wMB/s   rrqm/s   wrqm/s  %rrqm  %wrqm r_await w_await aqu-sz rareq-sz wareq-sz  svctm  %util
nvme0n1       24656.00 26047.00     96.31    100.99     0.00  1148.00   0.00   4.22    0.97    1.21   4.16     4.00     3.97   0.02 100.00

2021년 09월 30일 17시 45분 01초
avg-cpu:  %user   %nice %system %iowait  %steal   %idle
           0.32    0.00    4.35   19.87    0.00   75.46

Device            r/s     w/s     rMB/s     wMB/s   rrqm/s   wrqm/s  %rrqm  %wrqm r_await w_await aqu-sz rareq-sz wareq-sz  svctm  %util
nvme0n1       23859.00 25390.00     93.20     92.73     0.00     0.00   0.00   0.00    0.83    1.10   0.86     4.00     3.74   0.02 100.00

2021년 09월 30일 17시 45분 02초
avg-cpu:  %user   %nice %system %iowait  %steal   %idle
           0.38    0.00    3.92   20.16    0.00   75.54

Device            r/s     w/s     rMB/s     wMB/s   rrqm/s   wrqm/s  %rrqm  %wrqm r_await w_await aqu-sz rareq-sz wareq-sz  svctm  %util
nvme0n1       22356.00 23985.00     87.33     87.39     0.00     0.00   0.00   0.00    0.83    1.27   2.34     4.00     3.73   0.02 100.00

2021년 09월 30일 17시 45분 03초
avg-cpu:  %user   %nice %system %iowait  %steal   %idle
           0.25    0.00    3.61   20.16    0.00   75.97

Device            r/s     w/s     rMB/s     wMB/s   rrqm/s   wrqm/s  %rrqm  %wrqm r_await w_await aqu-sz rareq-sz wareq-sz  svctm  %util
nvme0n1       22901.00 24457.00     89.46     89.05     0.00     0.00   0.00   0.00    0.95    1.21   1.62     4.00     3.73   0.02 100.00

2021년 09월 30일 17시 45분 04초
avg-cpu:  %user   %nice %system %iowait  %steal   %idle
           0.25    0.00    3.75   19.90    0.00   76.10

Device            r/s     w/s     rMB/s     wMB/s   rrqm/s   wrqm/s  %rrqm  %wrqm r_await w_await aqu-sz rareq-sz wareq-sz  svctm  %util
nvme0n1       24787.00 26232.00     96.82     96.50     0.00     0.00   0.00   0.00    0.82    1.24   2.40     4.00     3.77   0.02 100.00

2021년 09월 30일 17시 45분 05초
avg-cpu:  %user   %nice %system %iowait  %steal   %idle
           0.19    0.00    3.86   20.33    0.00   75.62

Device            r/s     w/s     rMB/s     wMB/s   rrqm/s   wrqm/s  %rrqm  %wrqm r_await w_await aqu-sz rareq-sz wareq-sz  svctm  %util
nvme0n1       23232.00 24651.00     90.75     94.56     0.00  1050.00   0.00   4.09    0.96    1.28   2.85     4.00     3.93   0.02 100.00

2021년 09월 30일 17시 45분 06초
avg-cpu:  %user   %nice %system %iowait  %steal   %idle
           0.38    0.00    3.98   20.14    0.00   75.51

Device            r/s     w/s     rMB/s     wMB/s   rrqm/s   wrqm/s  %rrqm  %wrqm r_await w_await aqu-sz rareq-sz wareq-sz  svctm  %util
nvme0n1       22694.00 24304.00     88.65     88.50     0.00     0.00   0.00   0.00    0.87    1.29   2.92     4.00     3.73   0.02 100.00

2021년 09월 30일 17시 45분 07초
avg-cpu:  %user   %nice %system %iowait  %steal   %idle
           0.19    0.00    4.05   20.01    0.00   75.74

Device            r/s     w/s     rMB/s     wMB/s   rrqm/s   wrqm/s  %rrqm  %wrqm r_await w_await aqu-sz rareq-sz wareq-sz  svctm  %util
nvme0n1       23552.00 24982.00     92.00     91.43     0.00     0.00   0.00   0.00    0.89    1.19   3.49     4.00     3.75   0.02 100.00

2021년 09월 30일 17시 45분 08초
avg-cpu:  %user   %nice %system %iowait  %steal   %idle
           0.31    0.00    5.01   19.77    0.00   74.91

Device            r/s     w/s     rMB/s     wMB/s   rrqm/s   wrqm/s  %rrqm  %wrqm r_await w_await aqu-sz rareq-sz wareq-sz  svctm  %util
nvme0n1       23501.00 25077.00     91.80     91.70     0.00     0.00   0.00   0.00    0.86    1.21   2.62     4.00     3.74   0.02 100.00

2021년 09월 30일 17시 45분 09초
avg-cpu:  %user   %nice %system %iowait  %steal   %idle
           0.25    0.00    4.10   20.08    0.00   75.57

Device            r/s     w/s     rMB/s     wMB/s   rrqm/s   wrqm/s  %rrqm  %wrqm r_await w_await aqu-sz rareq-sz wareq-sz  svctm  %util
nvme0n1       23634.00 25165.00     92.32     92.00     0.00     0.00   0.00   0.00    0.87    1.21   2.46     4.00     3.74   0.02 100.00

2021년 09월 30일 17시 45분 10초
avg-cpu:  %user   %nice %system %iowait  %steal   %idle
           0.19    0.00    4.61   19.87    0.00   75.33

Device            r/s     w/s     rMB/s     wMB/s   rrqm/s   wrqm/s  %rrqm  %wrqm r_await w_await aqu-sz rareq-sz wareq-sz  svctm  %util
nvme0n1       23803.00 25303.00     92.98     96.66     0.00   976.00   0.00   3.71    0.87    1.28   3.36     4.00     3.91   0.02 100.00

2021년 09월 30일 17시 45분 11초
avg-cpu:  %user   %nice %system %iowait  %steal   %idle
           0.56    0.00    4.58   19.90    0.00   74.95

Device            r/s     w/s     rMB/s     wMB/s   rrqm/s   wrqm/s  %rrqm  %wrqm r_await w_await aqu-sz rareq-sz wareq-sz  svctm  %util
nvme0n1       23090.00 24569.00     90.20     89.84     0.00     0.00   0.00   0.00    1.01    1.24   5.63     4.00     3.74   0.02 100.00

2021년 09월 30일 17시 45분 12초
avg-cpu:  %user   %nice %system %iowait  %steal   %idle
           0.45    0.00    2.99   20.42    0.00   76.15

Device            r/s     w/s     rMB/s     wMB/s   rrqm/s   wrqm/s  %rrqm  %wrqm r_await w_await aqu-sz rareq-sz wareq-sz  svctm  %util
nvme0n1       22759.00 24222.00     88.90     88.54     0.00     0.00   0.00   0.00    0.95    1.27   1.52     4.00     3.74   0.02 100.00

2021년 09월 30일 17시 45분 13초
avg-cpu:  %user   %nice %system %iowait  %steal   %idle
           0.25    0.00    3.75   20.01    0.00   75.98

Device            r/s     w/s     rMB/s     wMB/s   rrqm/s   wrqm/s  %rrqm  %wrqm r_await w_await aqu-sz rareq-sz wareq-sz  svctm  %util
nvme0n1       24964.00 26265.00     97.52     96.90     0.00     0.00   0.00   0.00    0.86    1.22   2.14     4.00     3.78   0.02 100.00

2021년 09월 30일 17시 45분 14초
avg-cpu:  %user   %nice %system %iowait  %steal   %idle
           0.19    0.00    4.18   19.94    0.00   75.70

Device            r/s     w/s     rMB/s     wMB/s   rrqm/s   wrqm/s  %rrqm  %wrqm r_await w_await aqu-sz rareq-sz wareq-sz  svctm  %util
nvme0n1       24324.00 25707.00     95.02     94.98     0.00     0.00   0.00   0.00    0.92    1.26   2.18     4.00     3.78   0.02 100.00

2021년 09월 30일 17시 45분 15초
avg-cpu:  %user   %nice %system %iowait  %steal   %idle
           0.32    0.00    4.79   19.50    0.00   75.39

Device            r/s     w/s     rMB/s     wMB/s   rrqm/s   wrqm/s  %rrqm  %wrqm r_await w_await aqu-sz rareq-sz wareq-sz  svctm  %util
nvme0n1       25436.00 26593.00     99.36    103.00     0.00  1100.00   0.00   3.97    0.95    1.18   1.92     4.00     3.97   0.02 100.00

2021년 09월 30일 17시 45분 16초
avg-cpu:  %user   %nice %system %iowait  %steal   %idle
           0.25    0.00    5.08   19.67    0.00   75.00

Device            r/s     w/s     rMB/s     wMB/s   rrqm/s   wrqm/s  %rrqm  %wrqm r_await w_await aqu-sz rareq-sz wareq-sz  svctm  %util
nvme0n1       25429.00 26809.00     99.33     98.96     0.00     0.00   0.00   0.00    0.78    1.18   1.00     4.00     3.78   0.02 100.00

2021년 09월 30일 17시 45분 17초
avg-cpu:  %user   %nice %system %iowait  %steal   %idle
           0.25    0.00    4.11   19.99    0.00   75.65

Device            r/s     w/s     rMB/s     wMB/s   rrqm/s   wrqm/s  %rrqm  %wrqm r_await w_await aqu-sz rareq-sz wareq-sz  svctm  %util
nvme0n1       25454.00 26743.00     99.43     99.20     0.00     0.00   0.00   0.00    0.93    1.21   1.92     4.00     3.80   0.02 100.80

2021년 09월 30일 17시 45분 18초
avg-cpu:  %user   %nice %system %iowait  %steal   %idle
           0.38    0.00    3.32   20.28    0.00   76.02

Device            r/s     w/s     rMB/s     wMB/s   rrqm/s   wrqm/s  %rrqm  %wrqm r_await w_await aqu-sz rareq-sz wareq-sz  svctm  %util
nvme0n1       24805.00 26225.00     96.89     96.93     0.00     0.00   0.00   0.00    0.93    1.22   2.55     4.00     3.78   0.02 100.00

2021년 09월 30일 17시 45분 19초
avg-cpu:  %user   %nice %system %iowait  %steal   %idle
           0.25    0.00    3.74   20.01    0.00   76.00

Device            r/s     w/s     rMB/s     wMB/s   rrqm/s   wrqm/s  %rrqm  %wrqm r_await w_await aqu-sz rareq-sz wareq-sz  svctm  %util
nvme0n1       25452.00 26772.00     99.42     99.18     0.00     0.00   0.00   0.00    0.89    1.24   3.49     4.00     3.79   0.02 100.00

2021년 09월 30일 17시 45분 20초
avg-cpu:  %user   %nice %system %iowait  %steal   %idle
           0.25    0.00    3.50   20.24    0.00   76.00

Device            r/s     w/s     rMB/s     wMB/s   rrqm/s   wrqm/s  %rrqm  %wrqm r_await w_await aqu-sz rareq-sz wareq-sz  svctm  %util
nvme0n1       25359.00 26706.00     99.06    103.56     0.00  1202.00   0.00   4.31    0.88    1.29   2.95     4.00     3.97   0.02 100.00

2021년 09월 30일 17시 45분 21초
avg-cpu:  %user   %nice %system %iowait  %steal   %idle
           0.25    0.00    3.87   20.03    0.00   75.86

Device            r/s     w/s     rMB/s     wMB/s   rrqm/s   wrqm/s  %rrqm  %wrqm r_await w_await aqu-sz rareq-sz wareq-sz  svctm  %util
nvme0n1       24249.00 25527.00     94.72     94.19     0.00     0.00   0.00   0.00    0.91    1.19   2.64     4.00     3.78   0.02 100.00

2021년 09월 30일 17시 45분 22초
avg-cpu:  %user   %nice %system %iowait  %steal   %idle
           0.25    0.00    3.80   20.04    0.00   75.90

Device            r/s     w/s     rMB/s     wMB/s   rrqm/s   wrqm/s  %rrqm  %wrqm r_await w_await aqu-sz rareq-sz wareq-sz  svctm  %util
nvme0n1       25894.00 27221.00    101.15    100.82     0.00     0.00   0.00   0.00    0.86    1.14   3.14     4.00     3.79   0.02 100.00

2021년 09월 30일 17시 45분 23초
avg-cpu:  %user   %nice %system %iowait  %steal   %idle
           0.32    0.00    3.50   20.09    0.00   76.10

Device            r/s     w/s     rMB/s     wMB/s   rrqm/s   wrqm/s  %rrqm  %wrqm r_await w_await aqu-sz rareq-sz wareq-sz  svctm  %util
nvme0n1       25661.00 26728.00    100.24     99.21     0.00     0.00   0.00   0.00    0.97    1.24   2.80     4.00     3.80   0.02  99.60

2021년 09월 30일 17시 45분 24초
avg-cpu:  %user   %nice %system %iowait  %steal   %idle
           0.32    0.00    3.99   19.78    0.00   75.90

Device            r/s     w/s     rMB/s     wMB/s   rrqm/s   wrqm/s  %rrqm  %wrqm r_await w_await aqu-sz rareq-sz wareq-sz  svctm  %util
nvme0n1       25366.00 26814.00     99.09     99.56     0.00     0.00   0.00   0.00    0.96    1.19   2.33     4.00     3.80   0.02 100.00

2021년 09월 30일 17시 45분 25초
avg-cpu:  %user   %nice %system %iowait  %steal   %idle
           0.13    0.00    4.51   19.61    0.00   75.76

Device            r/s     w/s     rMB/s     wMB/s   rrqm/s   wrqm/s  %rrqm  %wrqm r_await w_await aqu-sz rareq-sz wareq-sz  svctm  %util
nvme0n1       24922.00 26269.00     97.35    101.70     0.00  1169.00   0.00   4.26    0.80    1.18   2.34     4.00     3.96   0.02 100.00

2021년 09월 30일 17시 45분 26초
avg-cpu:  %user   %nice %system %iowait  %steal   %idle
           0.25    0.00    3.99   20.00    0.00   75.76

Device            r/s     w/s     rMB/s     wMB/s   rrqm/s   wrqm/s  %rrqm  %wrqm r_await w_await aqu-sz rareq-sz wareq-sz  svctm  %util
nvme0n1       25707.00 26945.00    100.42     99.89     0.00     0.00   0.00   0.00    0.83    1.18   1.80     4.00     3.80   0.02 100.00

2021년 09월 30일 17시 45분 27초
avg-cpu:  %user   %nice %system %iowait  %steal   %idle
           0.19    0.00    3.51   19.97    0.00   76.32

Device            r/s     w/s     rMB/s     wMB/s   rrqm/s   wrqm/s  %rrqm  %wrqm r_await w_await aqu-sz rareq-sz wareq-sz  svctm  %util
nvme0n1       25926.00 27095.00    101.27    100.66     0.00     0.00   0.00   0.00    0.88    1.11   2.42     4.00     3.80   0.02 100.00

2021년 09월 30일 17시 45분 28초
avg-cpu:  %user   %nice %system %iowait  %steal   %idle
           0.38    0.00    4.18   19.75    0.00   75.70

Device            r/s     w/s     rMB/s     wMB/s   rrqm/s   wrqm/s  %rrqm  %wrqm r_await w_await aqu-sz rareq-sz wareq-sz  svctm  %util
nvme0n1       25384.00 26748.00     99.16     99.35     0.00     0.00   0.00   0.00    0.86    1.13   1.07     4.00     3.80   0.02 100.00

2021년 09월 30일 17시 45분 29초
avg-cpu:  %user   %nice %system %iowait  %steal   %idle
           0.25    0.00    3.81   19.83    0.00   76.10

Device            r/s     w/s     rMB/s     wMB/s   rrqm/s   wrqm/s  %rrqm  %wrqm r_await w_await aqu-sz rareq-sz wareq-sz  svctm  %util
nvme0n1       25885.00 27056.00    101.11    100.68     0.00     0.00   0.00   0.00    0.93    1.14   1.52     4.00     3.81   0.02 100.00

2021년 09월 30일 17시 45분 30초
avg-cpu:  %user   %nice %system %iowait  %steal   %idle
           0.32    0.00    4.38   19.66    0.00   75.65

Device            r/s     w/s     rMB/s     wMB/s   rrqm/s   wrqm/s  %rrqm  %wrqm r_await w_await aqu-sz rareq-sz wareq-sz  svctm  %util
nvme0n1       26816.00 28199.00    104.75    132.57     0.00  6921.00   0.00  19.71    0.97    1.26   3.75     4.00     4.81   0.02 100.00

2021년 09월 30일 17시 45분 31초
avg-cpu:  %user   %nice %system %iowait  %steal   %idle
           0.19    0.00    3.94   19.87    0.00   76.00

Device            r/s     w/s     rMB/s     wMB/s   rrqm/s   wrqm/s  %rrqm  %wrqm r_await w_await aqu-sz rareq-sz wareq-sz  svctm  %util
nvme0n1       25500.00 26794.00     99.61     99.38     0.00     0.00   0.00   0.00    0.91    1.24   3.41     4.00     3.80   0.02 100.40

2021년 09월 30일 17시 45분 32초
avg-cpu:  %user   %nice %system %iowait  %steal   %idle
           0.19    0.00    4.25   19.72    0.00   75.84

Device            r/s     w/s     rMB/s     wMB/s   rrqm/s   wrqm/s  %rrqm  %wrqm r_await w_await aqu-sz rareq-sz wareq-sz  svctm  %util
nvme0n1       26181.00 27521.00    102.27    102.19     0.00     0.00   0.00   0.00    0.91    1.22   4.00     4.00     3.80   0.02  99.60

2021년 09월 30일 17시 45분 33초
avg-cpu:  %user   %nice %system %iowait  %steal   %idle
           0.32    0.00    3.69   19.90    0.00   76.10

Device            r/s     w/s     rMB/s     wMB/s   rrqm/s   wrqm/s  %rrqm  %wrqm r_await w_await aqu-sz rareq-sz wareq-sz  svctm  %util
nvme0n1       26517.00 27604.00    103.59    102.77     0.00     0.00   0.00   0.00    0.99    1.23   3.56     4.00     3.81   0.02 100.40

2021년 09월 30일 17시 45분 34초
avg-cpu:  %user   %nice %system %iowait  %steal   %idle
           0.44    0.00    3.80   19.90    0.00   75.86

Device            r/s     w/s     rMB/s     wMB/s   rrqm/s   wrqm/s  %rrqm  %wrqm r_await w_await aqu-sz rareq-sz wareq-sz  svctm  %util
nvme0n1       26374.00 27672.00    103.02    103.08     0.00     0.00   0.00   0.00    0.90    1.24   2.77     4.00     3.81   0.02 100.00

2021년 09월 30일 17시 45분 35초
avg-cpu:  %user   %nice %system %iowait  %steal   %idle
           0.32    0.00    3.93   19.92    0.00   75.82

Device            r/s     w/s     rMB/s     wMB/s   rrqm/s   wrqm/s  %rrqm  %wrqm r_await w_await aqu-sz rareq-sz wareq-sz  svctm  %util
nvme0n1       25908.00 27154.00    101.20    105.33     0.00  1084.00   0.00   3.84    0.87    1.18   2.46     4.00     3.97   0.02 100.00

2021년 09월 30일 17시 45분 36초
avg-cpu:  %user   %nice %system %iowait  %steal   %idle
           0.44    0.00    4.11   19.79    0.00   75.66

Device            r/s     w/s     rMB/s     wMB/s   rrqm/s   wrqm/s  %rrqm  %wrqm r_await w_await aqu-sz rareq-sz wareq-sz  svctm  %util
nvme0n1       25634.00 26764.00    100.13     99.53     0.00     0.00   0.00   0.00    0.90    1.21   1.47     4.00     3.81   0.02 100.00

2021년 09월 30일 17시 45분 37초
avg-cpu:  %user   %nice %system %iowait  %steal   %idle
           0.25    0.00    4.31   19.65    0.00   75.79

Device            r/s     w/s     rMB/s     wMB/s   rrqm/s   wrqm/s  %rrqm  %wrqm r_await w_await aqu-sz rareq-sz wareq-sz  svctm  %util
nvme0n1       25988.00 27387.00    101.52    101.53     0.00     0.00   0.00   0.00    0.85    1.17   1.47     4.00     3.80   0.02 100.40

2021년 09월 30일 17시 45분 38초
avg-cpu:  %user   %nice %system %iowait  %steal   %idle
           0.38    0.00    4.17   19.84    0.00   75.62

Device            r/s     w/s     rMB/s     wMB/s   rrqm/s   wrqm/s  %rrqm  %wrqm r_await w_await aqu-sz rareq-sz wareq-sz  svctm  %util
nvme0n1       25967.00 27255.00    101.43    101.14     0.00     0.00   0.00   0.00    0.82    1.16   2.83     4.00     3.80   0.02 100.40

2021년 09월 30일 17시 45분 39초
avg-cpu:  %user   %nice %system %iowait  %steal   %idle
           0.13    0.00    4.19   19.95    0.00   75.73

Device            r/s     w/s     rMB/s     wMB/s   rrqm/s   wrqm/s  %rrqm  %wrqm r_await w_await aqu-sz rareq-sz wareq-sz  svctm  %util
nvme0n1       25687.00 26893.00    100.34    100.00     0.00     0.00   0.00   0.00    0.90    1.20   2.78     4.00     3.81   0.02  99.60

2021년 09월 30일 17시 45분 40초
avg-cpu:  %user   %nice %system %iowait  %steal   %idle
           0.25    0.00    4.05   20.10    0.00   75.60

Device            r/s     w/s     rMB/s     wMB/s   rrqm/s   wrqm/s  %rrqm  %wrqm r_await w_await aqu-sz rareq-sz wareq-sz  svctm  %util
nvme0n1       25566.00 26840.00     99.87    104.07     0.00  1117.00   0.00   4.00    0.95    1.20   3.01     4.00     3.97   0.02  99.60

2021년 09월 30일 17시 45분 41초
avg-cpu:  %user   %nice %system %iowait  %steal   %idle
           0.38    0.00    4.36   19.71    0.00   75.55

Device            r/s     w/s     rMB/s     wMB/s   rrqm/s   wrqm/s  %rrqm  %wrqm r_await w_await aqu-sz rareq-sz wareq-sz  svctm  %util
nvme0n1       26064.00 27318.00    101.81    101.56     0.00     0.00   0.00   0.00    0.84    1.21   2.67     4.00     3.81   0.02 100.40

2021년 09월 30일 17시 45분 42초
avg-cpu:  %user   %nice %system %iowait  %steal   %idle
           0.13    0.00    3.95   19.73    0.00   76.19

Device            r/s     w/s     rMB/s     wMB/s   rrqm/s   wrqm/s  %rrqm  %wrqm r_await w_await aqu-sz rareq-sz wareq-sz  svctm  %util
nvme0n1       26390.00 27603.00    103.09    102.69     0.00     0.00   0.00   0.00    0.87    1.15   1.88     4.00     3.81   0.02 100.00

2021년 09월 30일 17시 45분 43초
avg-cpu:  %user   %nice %system %iowait  %steal   %idle
           0.25    0.00    4.54   19.75    0.00   75.46

Device            r/s     w/s     rMB/s     wMB/s   rrqm/s   wrqm/s  %rrqm  %wrqm r_await w_await aqu-sz rareq-sz wareq-sz  svctm  %util
nvme0n1       25651.00 26739.00    100.20     99.57     0.00     0.00   0.00   0.00    0.90    1.24   2.62     4.00     3.81   0.02 100.00

2021년 09월 30일 17시 45분 44초
avg-cpu:  %user   %nice %system %iowait  %steal   %idle
           0.25    0.00    4.19   19.62    0.00   75.94

Device            r/s     w/s     rMB/s     wMB/s   rrqm/s   wrqm/s  %rrqm  %wrqm r_await w_await aqu-sz rareq-sz wareq-sz  svctm  %util
nvme0n1       26855.00 28063.00    104.90    104.49     0.00     0.00   0.00   0.00    0.86    1.16   2.60     4.00     3.81   0.02 100.80

2021년 09월 30일 17시 45분 45초
avg-cpu:  %user   %nice %system %iowait  %steal   %idle
           0.32    0.00    4.54   19.81    0.00   75.33

Device            r/s     w/s     rMB/s     wMB/s   rrqm/s   wrqm/s  %rrqm  %wrqm r_await w_await aqu-sz rareq-sz wareq-sz  svctm  %util
nvme0n1       25625.00 26841.00    100.10    104.27     0.00  1102.00   0.00   3.94    0.98    1.27   4.89     4.00     3.98   0.02 100.00

2021년 09월 30일 17시 45분 46초
avg-cpu:  %user   %nice %system %iowait  %steal   %idle
           0.19    0.00    4.61   19.65    0.00   75.55

Device            r/s     w/s     rMB/s     wMB/s   rrqm/s   wrqm/s  %rrqm  %wrqm r_await w_await aqu-sz rareq-sz wareq-sz  svctm  %util
nvme0n1       25143.00 26311.00     98.21     97.71     0.00     0.00   0.00   0.00    0.88    1.27   3.94     4.00     3.80   0.02 100.00

2021년 09월 30일 17시 45분 47초
avg-cpu:  %user   %nice %system %iowait  %steal   %idle
           0.25    0.00    3.95   20.51    0.00   75.29

Device            r/s     w/s     rMB/s     wMB/s   rrqm/s   wrqm/s  %rrqm  %wrqm r_await w_await aqu-sz rareq-sz wareq-sz  svctm  %util
nvme0n1       24995.00 26289.00     97.64     97.56     0.00     0.00   0.00   0.00    0.95    1.17   1.84     4.00     3.80   0.02 100.00

2021년 09월 30일 17시 45분 48초
avg-cpu:  %user   %nice %system %iowait  %steal   %idle
           0.38    0.00    4.49   19.65    0.00   75.49

Device            r/s     w/s     rMB/s     wMB/s   rrqm/s   wrqm/s  %rrqm  %wrqm r_await w_await aqu-sz rareq-sz wareq-sz  svctm  %util
nvme0n1       25236.00 26507.00     98.58     98.52     0.00     0.00   0.00   0.00    0.92    1.14   2.28     4.00     3.81   0.02 100.00

2021년 09월 30일 17시 45분 49초
avg-cpu:  %user   %nice %system %iowait  %steal   %idle
           0.32    0.00    3.57   19.83    0.00   76.28

Device            r/s     w/s     rMB/s     wMB/s   rrqm/s   wrqm/s  %rrqm  %wrqm r_await w_await aqu-sz rareq-sz wareq-sz  svctm  %util
nvme0n1       26071.00 27321.00    101.84    101.26     0.00     0.00   0.00   0.00    0.89    1.14   1.76     4.00     3.80   0.02 100.00

2021년 09월 30일 17시 45분 50초
avg-cpu:  %user   %nice %system %iowait  %steal   %idle
           0.32    0.00    3.50   20.29    0.00   75.89

Device            r/s     w/s     rMB/s     wMB/s   rrqm/s   wrqm/s  %rrqm  %wrqm r_await w_await aqu-sz rareq-sz wareq-sz  svctm  %util
nvme0n1       24352.00 25675.00     95.12     99.61     0.00  1130.00   0.00   4.22    0.93    1.31   3.56     4.00     3.97   0.02 100.00

2021년 09월 30일 17시 45분 51초
avg-cpu:  %user   %nice %system %iowait  %steal   %idle
           0.32    0.00    4.24   19.79    0.00   75.66

Device            r/s     w/s     rMB/s     wMB/s   rrqm/s   wrqm/s  %rrqm  %wrqm r_await w_await aqu-sz rareq-sz wareq-sz  svctm  %util
nvme0n1       25511.00 26880.00     99.65     99.35     0.00     0.00   0.00   0.00    0.83    1.11   1.99     4.00     3.78   0.02 100.00

2021년 09월 30일 17시 45분 52초
avg-cpu:  %user   %nice %system %iowait  %steal   %idle
           0.06    0.00    0.56    1.38    0.00   98.00

Device            r/s     w/s     rMB/s     wMB/s   rrqm/s   wrqm/s  %rrqm  %wrqm r_await w_await aqu-sz rareq-sz wareq-sz  svctm  %util
nvme0n1       1759.00 1862.00      6.87      6.89     0.00     0.00   0.00   0.00    0.86    1.08   0.00     4.00     3.79   0.02   7.20

2021년 09월 30일 17시 45분 53초
avg-cpu:  %user   %nice %system %iowait  %steal   %idle
           0.12    0.00    0.06    0.00    0.00   99.81

Device            r/s     w/s     rMB/s     wMB/s   rrqm/s   wrqm/s  %rrqm  %wrqm r_await w_await aqu-sz rareq-sz wareq-sz  svctm  %util
nvme0n1          0.00    0.00      0.00      0.00     0.00     0.00   0.00   0.00    0.00    0.00   0.00     0.00     0.00   0.00   0.00

2021년 09월 30일 17시 45분 54초
avg-cpu:  %user   %nice %system %iowait  %steal   %idle
           0.00    0.00    0.06    0.00    0.00   99.94

Device            r/s     w/s     rMB/s     wMB/s   rrqm/s   wrqm/s  %rrqm  %wrqm r_await w_await aqu-sz rareq-sz wareq-sz  svctm  %util
nvme0n1          0.00    0.00      0.00      0.00     0.00     0.00   0.00   0.00    0.00    0.00   0.00     0.00     0.00   0.00   0.00

