Linux 5.5.8test (syslab-desk) 	2021년 09월 30일 	_x86_64_	(16 CPU)

2021년 09월 30일 18시 49분 06초
avg-cpu:  %user   %nice %system %iowait  %steal   %idle
           0.08    0.00    1.56    3.35    0.00   95.00

Device            r/s     w/s     rMB/s     wMB/s   rrqm/s   wrqm/s  %rrqm  %wrqm r_await w_await aqu-sz rareq-sz wareq-sz  svctm  %util
nvme0n1        189.23 1944.97      0.87     91.66     0.82   852.33   0.43  30.47    2.62    7.57  11.81     4.69    48.26   0.03   6.56

2021년 09월 30일 18시 49분 07초
avg-cpu:  %user   %nice %system %iowait  %steal   %idle
           0.00    0.00    0.13    0.00    0.00   99.87

Device            r/s     w/s     rMB/s     wMB/s   rrqm/s   wrqm/s  %rrqm  %wrqm r_await w_await aqu-sz rareq-sz wareq-sz  svctm  %util
nvme0n1          0.00    0.00      0.00      0.00     0.00     0.00   0.00   0.00    0.00    0.00   0.00     0.00     0.00   0.00   0.00

2021년 09월 30일 18시 49분 08초
avg-cpu:  %user   %nice %system %iowait  %steal   %idle
           0.06    0.00    0.19    0.00    0.00   99.75

Device            r/s     w/s     rMB/s     wMB/s   rrqm/s   wrqm/s  %rrqm  %wrqm r_await w_await aqu-sz rareq-sz wareq-sz  svctm  %util
nvme0n1          0.00    0.00      0.00      0.00     0.00     0.00   0.00   0.00    0.00    0.00   0.00     0.00     0.00   0.00   0.00

2021년 09월 30일 18시 49분 09초
avg-cpu:  %user   %nice %system %iowait  %steal   %idle
           0.06    0.00    0.06    0.00    0.00   99.87

Device            r/s     w/s     rMB/s     wMB/s   rrqm/s   wrqm/s  %rrqm  %wrqm r_await w_await aqu-sz rareq-sz wareq-sz  svctm  %util
nvme0n1          0.00    0.00      0.00      0.00     0.00     0.00   0.00   0.00    0.00    0.00   0.00     0.00     0.00   0.00   0.00

2021년 09월 30일 18시 49분 10초
avg-cpu:  %user   %nice %system %iowait  %steal   %idle
           0.06    0.00    0.12    0.00    0.00   99.81

Device            r/s     w/s     rMB/s     wMB/s   rrqm/s   wrqm/s  %rrqm  %wrqm r_await w_await aqu-sz rareq-sz wareq-sz  svctm  %util
nvme0n1          0.00    0.00      0.00      0.00     0.00     0.00   0.00   0.00    0.00    0.00   0.00     0.00     0.00   0.00   0.00

2021년 09월 30일 18시 49분 11초
avg-cpu:  %user   %nice %system %iowait  %steal   %idle
           0.25    0.00    0.06    0.00    0.00   99.69

Device            r/s     w/s     rMB/s     wMB/s   rrqm/s   wrqm/s  %rrqm  %wrqm r_await w_await aqu-sz rareq-sz wareq-sz  svctm  %util
nvme0n1          0.00    0.00      0.00      0.00     0.00     0.00   0.00   0.00    0.00    0.00   0.00     0.00     0.00   0.00   0.00

2021년 09월 30일 18시 49분 12초
avg-cpu:  %user   %nice %system %iowait  %steal   %idle
           0.06    0.00    0.06    0.00    0.00   99.87

Device            r/s     w/s     rMB/s     wMB/s   rrqm/s   wrqm/s  %rrqm  %wrqm r_await w_await aqu-sz rareq-sz wareq-sz  svctm  %util
nvme0n1          0.00    0.00      0.00      0.00     0.00     0.00   0.00   0.00    0.00    0.00   0.00     0.00     0.00   0.00   0.00

2021년 09월 30일 18시 49분 13초
avg-cpu:  %user   %nice %system %iowait  %steal   %idle
           0.00    0.00    0.19    0.00    0.00   99.81

Device            r/s     w/s     rMB/s     wMB/s   rrqm/s   wrqm/s  %rrqm  %wrqm r_await w_await aqu-sz rareq-sz wareq-sz  svctm  %util
nvme0n1          0.00    0.00      0.00      0.00     0.00     0.00   0.00   0.00    0.00    0.00   0.00     0.00     0.00   0.00   0.00

2021년 09월 30일 18시 49분 14초
avg-cpu:  %user   %nice %system %iowait  %steal   %idle
           0.06    0.00    0.12    0.00    0.00   99.81

Device            r/s     w/s     rMB/s     wMB/s   rrqm/s   wrqm/s  %rrqm  %wrqm r_await w_await aqu-sz rareq-sz wareq-sz  svctm  %util
nvme0n1          0.00    0.00      0.00      0.00     0.00     0.00   0.00   0.00    0.00    0.00   0.00     0.00     0.00   0.00   0.00

2021년 09월 30일 18시 49분 15초
avg-cpu:  %user   %nice %system %iowait  %steal   %idle
           0.06    0.00    0.12    0.00    0.00   99.81

Device            r/s     w/s     rMB/s     wMB/s   rrqm/s   wrqm/s  %rrqm  %wrqm r_await w_await aqu-sz rareq-sz wareq-sz  svctm  %util
nvme0n1          0.00    0.00      0.00      0.00     0.00     0.00   0.00   0.00    0.00    0.00   0.00     0.00     0.00   0.00   0.00

2021년 09월 30일 18시 49분 16초
avg-cpu:  %user   %nice %system %iowait  %steal   %idle
           0.00    0.00    0.06    0.00    0.00   99.94

Device            r/s     w/s     rMB/s     wMB/s   rrqm/s   wrqm/s  %rrqm  %wrqm r_await w_await aqu-sz rareq-sz wareq-sz  svctm  %util
nvme0n1          0.00    0.00      0.00      0.00     0.00     0.00   0.00   0.00    0.00    0.00   0.00     0.00     0.00   0.00   0.00

2021년 09월 30일 18시 49분 17초
avg-cpu:  %user   %nice %system %iowait  %steal   %idle
           0.06    0.00    0.19    0.06    0.00   99.69

Device            r/s     w/s     rMB/s     wMB/s   rrqm/s   wrqm/s  %rrqm  %wrqm r_await w_await aqu-sz rareq-sz wareq-sz  svctm  %util
nvme0n1          0.00    0.00      0.00      0.00     0.00     0.00   0.00   0.00    0.00    0.00   0.00     0.00     0.00   0.00   0.00

2021년 09월 30일 18시 49분 18초
avg-cpu:  %user   %nice %system %iowait  %steal   %idle
           0.19    0.00    2.58    2.90    0.00   94.33

Device            r/s     w/s     rMB/s     wMB/s   rrqm/s   wrqm/s  %rrqm  %wrqm r_await w_await aqu-sz rareq-sz wareq-sz  svctm  %util
nvme0n1       5334.00    1.00     45.52      0.00  6139.00     0.00  53.51   0.00    0.10   14.00   0.01     8.74     0.00   0.18  95.60

2021년 09월 30일 18시 49분 19초
avg-cpu:  %user   %nice %system %iowait  %steal   %idle
           0.13    0.00    6.95   37.39    0.00   55.53

Device            r/s     w/s     rMB/s     wMB/s   rrqm/s   wrqm/s  %rrqm  %wrqm r_await w_await aqu-sz rareq-sz wareq-sz  svctm  %util
nvme0n1       19592.00 1889.00     76.53     76.80     0.00   324.00   0.00  14.64    0.26    0.60   0.10     4.00    41.63   0.04  92.80

2021년 09월 30일 18시 49분 20초
avg-cpu:  %user   %nice %system %iowait  %steal   %idle
           0.19    0.00    6.89   41.60    0.00   51.32

Device            r/s     w/s     rMB/s     wMB/s   rrqm/s   wrqm/s  %rrqm  %wrqm r_await w_await aqu-sz rareq-sz wareq-sz  svctm  %util
nvme0n1       20330.00 2173.00     79.41     79.10     0.00     0.00   0.00   0.00    0.28    0.61   0.20     4.00    37.28   0.04 100.00

2021년 09월 30일 18시 49분 21초
avg-cpu:  %user   %nice %system %iowait  %steal   %idle
           0.13    0.00    7.84   40.91    0.00   51.12

Device            r/s     w/s     rMB/s     wMB/s   rrqm/s   wrqm/s  %rrqm  %wrqm r_await w_await aqu-sz rareq-sz wareq-sz  svctm  %util
nvme0n1       22128.00 2105.00     86.44     85.89     0.00     0.00   0.00   0.00    0.26    0.58   0.31     4.00    41.78   0.04 100.00

2021년 09월 30일 18시 49분 22초
avg-cpu:  %user   %nice %system %iowait  %steal   %idle
           0.26    0.00    8.21   40.54    0.00   50.99

Device            r/s     w/s     rMB/s     wMB/s   rrqm/s   wrqm/s  %rrqm  %wrqm r_await w_await aqu-sz rareq-sz wareq-sz  svctm  %util
nvme0n1       21854.00 1839.00     85.37     85.18     0.00     0.00   0.00   0.00    0.26    0.67   0.06     4.00    47.43   0.04 100.00

2021년 09월 30일 18시 49분 23초
avg-cpu:  %user   %nice %system %iowait  %steal   %idle
           0.25    0.00    9.01   40.68    0.00   50.06

Device            r/s     w/s     rMB/s     wMB/s   rrqm/s   wrqm/s  %rrqm  %wrqm r_await w_await aqu-sz rareq-sz wareq-sz  svctm  %util
nvme0n1       21325.00 1696.00     83.30     82.98     0.00     0.00   0.00   0.00    0.27    0.71   0.15     4.00    50.10   0.04 100.00

2021년 09월 30일 18시 49분 24초
avg-cpu:  %user   %nice %system %iowait  %steal   %idle
           0.13    0.00    8.08   40.39    0.00   51.40

Device            r/s     w/s     rMB/s     wMB/s   rrqm/s   wrqm/s  %rrqm  %wrqm r_await w_await aqu-sz rareq-sz wareq-sz  svctm  %util
nvme0n1       21667.00 1771.00     84.64     88.36     0.00  1148.00   0.00  39.33    0.26    0.69   0.16     4.00    51.09   0.04  98.40

2021년 09월 30일 18시 49분 25초
avg-cpu:  %user   %nice %system %iowait  %steal   %idle
           0.25    0.00    8.66   40.48    0.00   50.60

Device            r/s     w/s     rMB/s     wMB/s   rrqm/s   wrqm/s  %rrqm  %wrqm r_await w_await aqu-sz rareq-sz wareq-sz  svctm  %util
nvme0n1       21441.00 1785.00     83.75     83.20     0.00     0.00   0.00   0.00    0.27    0.67   0.34     4.00    47.73   0.04 100.00

2021년 09월 30일 18시 49분 26초
avg-cpu:  %user   %nice %system %iowait  %steal   %idle
           0.19    0.00    7.78   40.84    0.00   51.19

Device            r/s     w/s     rMB/s     wMB/s   rrqm/s   wrqm/s  %rrqm  %wrqm r_await w_await aqu-sz rareq-sz wareq-sz  svctm  %util
nvme0n1       22312.00 2096.00     87.16     87.23     0.00     2.00   0.00   0.10    0.25    0.60   0.03     4.00    42.62   0.04 100.00

2021년 09월 30일 18시 49분 27초
avg-cpu:  %user   %nice %system %iowait  %steal   %idle
           0.13    0.00    7.72   41.03    0.00   51.13

Device            r/s     w/s     rMB/s     wMB/s   rrqm/s   wrqm/s  %rrqm  %wrqm r_await w_await aqu-sz rareq-sz wareq-sz  svctm  %util
nvme0n1       20669.00 1969.00     80.74     80.41     0.00     0.00   0.00   0.00    0.27    0.66   0.21     4.00    41.82   0.04 100.00

2021년 09월 30일 18시 49분 28초
avg-cpu:  %user   %nice %system %iowait  %steal   %idle
           0.19    0.00    7.49   40.93    0.00   51.39

Device            r/s     w/s     rMB/s     wMB/s   rrqm/s   wrqm/s  %rrqm  %wrqm r_await w_await aqu-sz rareq-sz wareq-sz  svctm  %util
nvme0n1       21567.00 2042.00     84.25     84.05     0.00     0.00   0.00   0.00    0.26    0.62   0.15     4.00    42.15   0.04 100.80

2021년 09월 30일 18시 49분 29초
avg-cpu:  %user   %nice %system %iowait  %steal   %idle
           0.25    0.00    8.80   39.62    0.00   51.33

Device            r/s     w/s     rMB/s     wMB/s   rrqm/s   wrqm/s  %rrqm  %wrqm r_await w_await aqu-sz rareq-sz wareq-sz  svctm  %util
nvme0n1       21380.00 2012.00     83.52     87.06     0.00  1326.00   0.00  39.72    0.26    0.62   0.20     4.00    44.31   0.04  98.40

2021년 09월 30일 18시 49분 30초
avg-cpu:  %user   %nice %system %iowait  %steal   %idle
           0.26    0.00    7.87   40.85    0.00   51.02

Device            r/s     w/s     rMB/s     wMB/s   rrqm/s   wrqm/s  %rrqm  %wrqm r_await w_await aqu-sz rareq-sz wareq-sz  svctm  %util
nvme0n1       22010.00 2155.00     85.98     85.69     0.00     0.00   0.00   0.00    0.26    0.59   0.10     4.00    40.72   0.04 100.00

2021년 09월 30일 18시 49분 31초
avg-cpu:  %user   %nice %system %iowait  %steal   %idle
           0.32    0.00    7.68   41.10    0.00   50.90

Device            r/s     w/s     rMB/s     wMB/s   rrqm/s   wrqm/s  %rrqm  %wrqm r_await w_await aqu-sz rareq-sz wareq-sz  svctm  %util
nvme0n1       21418.00 1977.00     83.66     83.52     0.00     0.00   0.00   0.00    0.27    0.63   0.23     4.00    43.26   0.04 100.00

2021년 09월 30일 18시 49분 32초
avg-cpu:  %user   %nice %system %iowait  %steal   %idle
           0.25    0.00    8.64   40.53    0.00   50.57

Device            r/s     w/s     rMB/s     wMB/s   rrqm/s   wrqm/s  %rrqm  %wrqm r_await w_await aqu-sz rareq-sz wareq-sz  svctm  %util
nvme0n1       21297.00 2106.00     83.19     82.89     0.00     1.00   0.00   0.05    0.27    0.62   0.19     4.00    40.30   0.04 100.00

2021년 09월 30일 18시 49분 33초
avg-cpu:  %user   %nice %system %iowait  %steal   %idle
           0.26    0.00    6.97   41.42    0.00   51.35

Device            r/s     w/s     rMB/s     wMB/s   rrqm/s   wrqm/s  %rrqm  %wrqm r_await w_await aqu-sz rareq-sz wareq-sz  svctm  %util
nvme0n1       21599.00 2098.00     84.38     84.16     1.00     0.00   0.00   0.00    0.26    0.62   0.12     4.00    41.08   0.04 100.00

2021년 09월 30일 18시 49분 34초
avg-cpu:  %user   %nice %system %iowait  %steal   %idle
           0.19    0.00    7.45   40.40    0.00   51.96

Device            r/s     w/s     rMB/s     wMB/s   rrqm/s   wrqm/s  %rrqm  %wrqm r_await w_await aqu-sz rareq-sz wareq-sz  svctm  %util
nvme0n1       20688.00 2123.00     80.81     84.73     0.00  1192.00   0.00  35.96    0.27    0.63   0.11     4.00    40.87   0.04  98.40

2021년 09월 30일 18시 49분 35초
avg-cpu:  %user   %nice %system %iowait  %steal   %idle
           0.19    0.00    7.87   41.01    0.00   50.93

Device            r/s     w/s     rMB/s     wMB/s   rrqm/s   wrqm/s  %rrqm  %wrqm r_await w_await aqu-sz rareq-sz wareq-sz  svctm  %util
nvme0n1       20951.00 2149.00     81.84     81.36     0.00     0.00   0.00   0.00    0.27    0.61   0.26     4.00    38.77   0.04 100.00

2021년 09월 30일 18시 49분 36초
avg-cpu:  %user   %nice %system %iowait  %steal   %idle
           0.25    0.00    9.51   40.11    0.00   50.13

Device            r/s     w/s     rMB/s     wMB/s   rrqm/s   wrqm/s  %rrqm  %wrqm r_await w_await aqu-sz rareq-sz wareq-sz  svctm  %util
nvme0n1       22158.00 1873.00     86.55     86.34     0.00     0.00   0.00   0.00    0.26    0.66   0.22     4.00    47.20   0.04 100.00

2021년 09월 30일 18시 49분 37초
avg-cpu:  %user   %nice %system %iowait  %steal   %idle
           0.19    0.00    8.03   40.68    0.00   51.09

Device            r/s     w/s     rMB/s     wMB/s   rrqm/s   wrqm/s  %rrqm  %wrqm r_await w_await aqu-sz rareq-sz wareq-sz  svctm  %util
nvme0n1       22856.00 1820.00     89.28     88.65     0.00     1.00   0.00   0.05    0.25    0.65   0.10     4.00    49.88   0.04 100.00

2021년 09월 30일 18시 49분 38초
avg-cpu:  %user   %nice %system %iowait  %steal   %idle
           0.32    0.00    8.43   40.49    0.00   50.77

Device            r/s     w/s     rMB/s     wMB/s   rrqm/s   wrqm/s  %rrqm  %wrqm r_await w_await aqu-sz rareq-sz wareq-sz  svctm  %util
nvme0n1       22317.00 1840.00     87.18     87.22     0.00     0.00   0.00   0.00    0.25    0.66   0.20     4.00    48.54   0.04 100.00

2021년 09월 30일 18시 49분 39초
avg-cpu:  %user   %nice %system %iowait  %steal   %idle
           0.25    0.00    8.32   40.06    0.00   51.37

Device            r/s     w/s     rMB/s     wMB/s   rrqm/s   wrqm/s  %rrqm  %wrqm r_await w_await aqu-sz rareq-sz wareq-sz  svctm  %util
nvme0n1       21728.00 1712.00     84.88     88.68     0.00  1170.00   0.00  40.60    0.26    0.70   0.26     4.00    53.04   0.04  98.40

2021년 09월 30일 18시 49분 40초
avg-cpu:  %user   %nice %system %iowait  %steal   %idle
           0.19    0.00    8.02   40.80    0.00   50.99

Device            r/s     w/s     rMB/s     wMB/s   rrqm/s   wrqm/s  %rrqm  %wrqm r_await w_await aqu-sz rareq-sz wareq-sz  svctm  %util
nvme0n1       22164.00 1758.00     86.58     86.28     0.00     0.00   0.00   0.00    0.26    0.68   0.11     4.00    50.26   0.04 100.00

2021년 09월 30일 18시 49분 41초
avg-cpu:  %user   %nice %system %iowait  %steal   %idle
           0.19    0.00    8.68   40.29    0.00   50.83

Device            r/s     w/s     rMB/s     wMB/s   rrqm/s   wrqm/s  %rrqm  %wrqm r_await w_await aqu-sz rareq-sz wareq-sz  svctm  %util
nvme0n1       23269.00 1841.00     90.89     90.82     0.00     0.00   0.00   0.00    0.25    0.64   0.10     4.00    50.52   0.04 100.00

2021년 09월 30일 18시 49분 42초
avg-cpu:  %user   %nice %system %iowait  %steal   %idle
           0.26    0.00    7.92   41.09    0.00   50.73

Device            r/s     w/s     rMB/s     wMB/s   rrqm/s   wrqm/s  %rrqm  %wrqm r_await w_await aqu-sz rareq-sz wareq-sz  svctm  %util
nvme0n1       22590.00 1809.00     88.25     87.39     0.00     0.00   0.00   0.00    0.26    0.67   0.19     4.00    49.47   0.04 100.00

2021년 09월 30일 18시 49분 43초
avg-cpu:  %user   %nice %system %iowait  %steal   %idle
           0.19    0.00    8.42   40.69    0.00   50.70

Device            r/s     w/s     rMB/s     wMB/s   rrqm/s   wrqm/s  %rrqm  %wrqm r_await w_await aqu-sz rareq-sz wareq-sz  svctm  %util
nvme0n1       21797.00 1825.00     85.14     84.84     0.00     0.00   0.00   0.00    0.26    0.67   0.23     4.00    47.61   0.04 100.00

2021년 09월 30일 18시 49분 44초
avg-cpu:  %user   %nice %system %iowait  %steal   %idle
           0.32    0.00    7.86   40.15    0.00   51.66

Device            r/s     w/s     rMB/s     wMB/s   rrqm/s   wrqm/s  %rrqm  %wrqm r_await w_await aqu-sz rareq-sz wareq-sz  svctm  %util
nvme0n1       21621.00 1680.00     84.46     88.82     0.00  1264.00   0.00  42.93    0.26    0.69   0.20     4.00    54.14   0.04  98.40

2021년 09월 30일 18시 49분 45초
avg-cpu:  %user   %nice %system %iowait  %steal   %idle
           0.19    0.00    8.29   40.79    0.00   50.73

Device            r/s     w/s     rMB/s     wMB/s   rrqm/s   wrqm/s  %rrqm  %wrqm r_await w_await aqu-sz rareq-sz wareq-sz  svctm  %util
nvme0n1       22617.00 1757.00     88.35     88.30     0.00     0.00   0.00   0.00    0.25    0.68   0.10     4.00    51.46   0.04 100.00

2021년 09월 30일 18시 49분 46초
avg-cpu:  %user   %nice %system %iowait  %steal   %idle
           0.32    0.00    7.86   41.02    0.00   50.80

Device            r/s     w/s     rMB/s     wMB/s   rrqm/s   wrqm/s  %rrqm  %wrqm r_await w_await aqu-sz rareq-sz wareq-sz  svctm  %util
nvme0n1       21846.00 1719.00     85.34     84.65     0.00     0.00   0.00   0.00    0.26    0.69   0.26     4.00    50.42   0.04 100.00

2021년 09월 30일 18시 49분 47초
avg-cpu:  %user   %nice %system %iowait  %steal   %idle
           0.19    0.00    8.11   40.87    0.00   50.83

Device            r/s     w/s     rMB/s     wMB/s   rrqm/s   wrqm/s  %rrqm  %wrqm r_await w_await aqu-sz rareq-sz wareq-sz  svctm  %util
nvme0n1       22049.00 1789.00     86.13     85.81     0.00     0.00   0.00   0.00    0.26    0.66   0.27     4.00    49.12   0.04 100.00

2021년 09월 30일 18시 49분 48초
avg-cpu:  %user   %nice %system %iowait  %steal   %idle
           0.32    0.00    9.08   40.48    0.00   50.13

Device            r/s     w/s     rMB/s     wMB/s   rrqm/s   wrqm/s  %rrqm  %wrqm r_await w_await aqu-sz rareq-sz wareq-sz  svctm  %util
nvme0n1       22074.00 1757.00     86.23     85.59     0.00     0.00   0.00   0.00    0.26    0.66   0.11     4.00    49.88   0.04  99.60

2021년 09월 30일 18시 49분 49초
avg-cpu:  %user   %nice %system %iowait  %steal   %idle
           0.06    0.00    6.84   40.74    0.00   52.36

Device            r/s     w/s     rMB/s     wMB/s   rrqm/s   wrqm/s  %rrqm  %wrqm r_await w_await aqu-sz rareq-sz wareq-sz  svctm  %util
nvme0n1       21707.00 1682.00     84.80     89.23     0.00  1328.00   0.00  44.12    0.26    0.69   0.21     4.00    54.32   0.04  98.80

2021년 09월 30일 18시 49분 50초
avg-cpu:  %user   %nice %system %iowait  %steal   %idle
           0.26    0.00    8.42   40.62    0.00   50.70

Device            r/s     w/s     rMB/s     wMB/s   rrqm/s   wrqm/s  %rrqm  %wrqm r_await w_await aqu-sz rareq-sz wareq-sz  svctm  %util
nvme0n1       21727.00 1759.00     84.87     84.86     0.00     0.00   0.00   0.00    0.26    0.69   0.24     4.00    49.40   0.04 100.00

2021년 09월 30일 18시 49분 51초
avg-cpu:  %user   %nice %system %iowait  %steal   %idle
           0.13    0.00    7.24   41.14    0.00   51.49

Device            r/s     w/s     rMB/s     wMB/s   rrqm/s   wrqm/s  %rrqm  %wrqm r_await w_await aqu-sz rareq-sz wareq-sz  svctm  %util
nvme0n1       21979.00 1715.00     85.86     85.14     0.00     0.00   0.00   0.00    0.26    0.69   0.24     4.00    50.84   0.04 100.00

2021년 09월 30일 18시 49분 52초
avg-cpu:  %user   %nice %system %iowait  %steal   %idle
           0.25    0.00    8.98   40.06    0.00   50.70

Device            r/s     w/s     rMB/s     wMB/s   rrqm/s   wrqm/s  %rrqm  %wrqm r_await w_await aqu-sz rareq-sz wareq-sz  svctm  %util
nvme0n1       23443.00 1715.00     91.57     91.67     0.00     1.00   0.00   0.06    0.25    0.66   0.08     4.00    54.74   0.04 100.00

2021년 09월 30일 18시 49분 53초
avg-cpu:  %user   %nice %system %iowait  %steal   %idle
           0.25    0.00    9.87   39.91    0.00   49.97

Device            r/s     w/s     rMB/s     wMB/s   rrqm/s   wrqm/s  %rrqm  %wrqm r_await w_await aqu-sz rareq-sz wareq-sz  svctm  %util
nvme0n1       21257.00 1952.00     83.04    104.07     0.00  5248.00   0.00  72.89    0.27    0.96   0.26     4.00    54.59   0.04 100.00

2021년 09월 30일 18시 49분 54초
avg-cpu:  %user   %nice %system %iowait  %steal   %idle
           0.25    0.00    8.80   39.75    0.00   51.20

Device            r/s     w/s     rMB/s     wMB/s   rrqm/s   wrqm/s  %rrqm  %wrqm r_await w_await aqu-sz rareq-sz wareq-sz  svctm  %util
nvme0n1       22034.00 1689.00     86.07     90.20     0.00  1050.00   0.00  38.34    0.26    0.70   0.27     4.00    54.69   0.04  98.40

2021년 09월 30일 18시 49분 55초
avg-cpu:  %user   %nice %system %iowait  %steal   %idle
           0.26    0.00    8.04   40.94    0.00   50.77

Device            r/s     w/s     rMB/s     wMB/s   rrqm/s   wrqm/s  %rrqm  %wrqm r_await w_await aqu-sz rareq-sz wareq-sz  svctm  %util
nvme0n1       21620.00 1773.00     84.45     83.72     0.00     0.00   0.00   0.00    0.26    0.73   0.30     4.00    48.35   0.04 100.00

2021년 09월 30일 18시 49분 56초
avg-cpu:  %user   %nice %system %iowait  %steal   %idle
           0.32    0.00    7.70   40.92    0.00   51.06

Device            r/s     w/s     rMB/s     wMB/s   rrqm/s   wrqm/s  %rrqm  %wrqm r_await w_await aqu-sz rareq-sz wareq-sz  svctm  %util
nvme0n1       22650.00 1837.00     88.48     87.55     0.00     0.00   0.00   0.00    0.25    0.65   0.12     4.00    48.80   0.04 100.00

2021년 09월 30일 18시 49분 57초
avg-cpu:  %user   %nice %system %iowait  %steal   %idle
           0.13    0.00    8.32   40.59    0.00   50.96

Device            r/s     w/s     rMB/s     wMB/s   rrqm/s   wrqm/s  %rrqm  %wrqm r_await w_await aqu-sz rareq-sz wareq-sz  svctm  %util
nvme0n1       22458.00 1787.00     87.72     88.21     0.00     0.00   0.00   0.00    0.25    0.67   0.20     4.00    50.55   0.04 100.00

2021년 09월 30일 18시 49분 58초
avg-cpu:  %user   %nice %system %iowait  %steal   %idle
           0.32    0.00    8.91   40.49    0.00   50.28

Device            r/s     w/s     rMB/s     wMB/s   rrqm/s   wrqm/s  %rrqm  %wrqm r_await w_await aqu-sz rareq-sz wareq-sz  svctm  %util
nvme0n1       22138.00 1775.00     86.48     86.21     0.00     0.00   0.00   0.00    0.26    0.69   0.24     4.00    49.73   0.04 100.00

2021년 09월 30일 18시 49분 59초
avg-cpu:  %user   %nice %system %iowait  %steal   %idle
           0.32    0.00    7.98   40.04    0.00   51.66

Device            r/s     w/s     rMB/s     wMB/s   rrqm/s   wrqm/s  %rrqm  %wrqm r_await w_await aqu-sz rareq-sz wareq-sz  svctm  %util
nvme0n1       21607.00 1638.00     84.40     88.54     0.00  1352.00   0.00  45.22    0.26    0.71   0.26     4.00    55.35   0.04  98.40

2021년 09월 30일 18시 50분 00초
avg-cpu:  %user   %nice %system %iowait  %steal   %idle
           0.32    0.00    7.36   40.96    0.00   51.36

Device            r/s     w/s     rMB/s     wMB/s   rrqm/s   wrqm/s  %rrqm  %wrqm r_await w_await aqu-sz rareq-sz wareq-sz  svctm  %util
nvme0n1       22415.00 1728.00     87.56     87.55     0.00     0.00   0.00   0.00    0.26    0.68   0.10     4.00    51.88   0.04 100.00

2021년 09월 30일 18시 50분 01초
avg-cpu:  %user   %nice %system %iowait  %steal   %idle
           0.26    0.00    8.10   40.88    0.00   50.77

Device            r/s     w/s     rMB/s     wMB/s   rrqm/s   wrqm/s  %rrqm  %wrqm r_await w_await aqu-sz rareq-sz wareq-sz  svctm  %util
nvme0n1       22220.00 1657.00     86.80     86.44     0.00     0.00   0.00   0.00    0.26    0.72   0.27     4.00    53.42   0.04  99.60

2021년 09월 30일 18시 50분 02초
avg-cpu:  %user   %nice %system %iowait  %steal   %idle
           0.19    0.00    8.35   40.75    0.00   50.70

Device            r/s     w/s     rMB/s     wMB/s   rrqm/s   wrqm/s  %rrqm  %wrqm r_await w_await aqu-sz rareq-sz wareq-sz  svctm  %util
nvme0n1       21982.00 1728.00     85.87     85.47     0.00     1.00   0.00   0.06    0.26    0.70   0.20     4.00    50.65   0.04 100.00

2021년 09월 30일 18시 50분 03초
avg-cpu:  %user   %nice %system %iowait  %steal   %idle
           0.19    0.00    8.49   40.55    0.00   50.77

Device            r/s     w/s     rMB/s     wMB/s   rrqm/s   wrqm/s  %rrqm  %wrqm r_await w_await aqu-sz rareq-sz wareq-sz  svctm  %util
nvme0n1       22414.00 1645.00     87.55     87.24     0.00     1.00   0.00   0.06    0.26    0.70   0.25     4.00    54.31   0.04 100.00

2021년 09월 30일 18시 50분 04초
avg-cpu:  %user   %nice %system %iowait  %steal   %idle
           0.13    0.00    8.14   39.97    0.00   51.76

Device            r/s     w/s     rMB/s     wMB/s   rrqm/s   wrqm/s  %rrqm  %wrqm r_await w_await aqu-sz rareq-sz wareq-sz  svctm  %util
nvme0n1       21527.00 1863.00     84.09     88.00     0.00  1104.00   0.00  37.21    0.26    0.65   0.11     4.00    48.37   0.04  98.40

2021년 09월 30일 18시 50분 05초
avg-cpu:  %user   %nice %system %iowait  %steal   %idle
           0.26    0.00    7.53   40.99    0.00   51.22

Device            r/s     w/s     rMB/s     wMB/s   rrqm/s   wrqm/s  %rrqm  %wrqm r_await w_await aqu-sz rareq-sz wareq-sz  svctm  %util
nvme0n1       21808.00 1791.00     85.19     84.89     0.00     0.00   0.00   0.00    0.26    0.70   0.19     4.00    48.54   0.04 100.00

2021년 09월 30일 18시 50분 06초
avg-cpu:  %user   %nice %system %iowait  %steal   %idle
           0.19    0.00    8.17   40.74    0.00   50.89

Device            r/s     w/s     rMB/s     wMB/s   rrqm/s   wrqm/s  %rrqm  %wrqm r_await w_await aqu-sz rareq-sz wareq-sz  svctm  %util
nvme0n1       21638.00 1733.00     84.52     84.25     0.00     1.00   0.00   0.06    0.27    0.68   0.26     4.00    49.78   0.04 100.00

2021년 09월 30일 18시 50분 07초
avg-cpu:  %user   %nice %system %iowait  %steal   %idle
           0.26    0.00    8.86   40.18    0.00   50.70

Device            r/s     w/s     rMB/s     wMB/s   rrqm/s   wrqm/s  %rrqm  %wrqm r_await w_await aqu-sz rareq-sz wareq-sz  svctm  %util
nvme0n1       22228.00 1792.00     86.83     86.39     0.00     0.00   0.00   0.00    0.26    0.66   0.28     4.00    49.36   0.04 100.00

2021년 09월 30일 18시 50분 08초
avg-cpu:  %user   %nice %system %iowait  %steal   %idle
           0.26    0.00    8.13   40.65    0.00   50.96

Device            r/s     w/s     rMB/s     wMB/s   rrqm/s   wrqm/s  %rrqm  %wrqm r_await w_await aqu-sz rareq-sz wareq-sz  svctm  %util
nvme0n1       22520.00 1761.00     87.97     87.19     0.00     0.00   0.00   0.00    0.26    0.65   0.06     4.00    50.70   0.04 100.00

2021년 09월 30일 18시 50분 09초
avg-cpu:  %user   %nice %system %iowait  %steal   %idle
           0.13    0.00    8.11   40.04    0.00   51.72

Device            r/s     w/s     rMB/s     wMB/s   rrqm/s   wrqm/s  %rrqm  %wrqm r_await w_await aqu-sz rareq-sz wareq-sz  svctm  %util
nvme0n1       21696.00 1795.00     84.75     89.77     0.00  1205.00   0.00  40.17    0.26    0.68   0.26     4.00    51.21   0.04  98.00

2021년 09월 30일 18시 50분 10초
avg-cpu:  %user   %nice %system %iowait  %steal   %idle
           0.32    0.00    8.99   40.28    0.00   50.41

Device            r/s     w/s     rMB/s     wMB/s   rrqm/s   wrqm/s  %rrqm  %wrqm r_await w_await aqu-sz rareq-sz wareq-sz  svctm  %util
nvme0n1       22030.00 1772.00     86.05     85.20     0.00     0.00   0.00   0.00    0.26    0.71   0.20     4.00    49.23   0.04 100.00

2021년 09월 30일 18시 50분 11초
avg-cpu:  %user   %nice %system %iowait  %steal   %idle
           0.32    0.00    9.84   39.49    0.00   50.35

Device            r/s     w/s     rMB/s     wMB/s   rrqm/s   wrqm/s  %rrqm  %wrqm r_await w_await aqu-sz rareq-sz wareq-sz  svctm  %util
nvme0n1       22478.00 1755.00     87.81     87.57     1.00     1.00   0.00   0.06    0.25    0.64   0.32     4.00    51.10   0.04 100.00

2021년 09월 30일 18시 50분 12초
avg-cpu:  %user   %nice %system %iowait  %steal   %idle
           0.38    0.00    9.36   39.95    0.00   50.32

Device            r/s     w/s     rMB/s     wMB/s   rrqm/s   wrqm/s  %rrqm  %wrqm r_await w_await aqu-sz rareq-sz wareq-sz  svctm  %util
nvme0n1       22280.00 1822.00     87.03     86.74     0.00     1.00   0.00   0.05    0.26    0.66   0.10     4.00    48.75   0.04 100.00

2021년 09월 30일 18시 50분 13초
avg-cpu:  %user   %nice %system %iowait  %steal   %idle
           0.32    0.00    8.70   40.44    0.00   50.54

Device            r/s     w/s     rMB/s     wMB/s   rrqm/s   wrqm/s  %rrqm  %wrqm r_await w_await aqu-sz rareq-sz wareq-sz  svctm  %util
nvme0n1       22256.00 1827.00     86.94     86.11     0.00     0.00   0.00   0.00    0.26    0.64   0.18     4.00    48.26   0.04 100.40

2021년 09월 30일 18시 50분 14초
avg-cpu:  %user   %nice %system %iowait  %steal   %idle
           0.13    0.00    8.19   40.23    0.00   51.46

Device            r/s     w/s     rMB/s     wMB/s   rrqm/s   wrqm/s  %rrqm  %wrqm r_await w_await aqu-sz rareq-sz wareq-sz  svctm  %util
nvme0n1       21845.00 1803.00     85.33     89.68     0.00  1244.00   0.00  40.83    0.26    0.67   0.28     4.00    50.94   0.04  97.60

2021년 09월 30일 18시 50분 15초
avg-cpu:  %user   %nice %system %iowait  %steal   %idle
           0.06    0.00    8.38   40.63    0.00   50.93

Device            r/s     w/s     rMB/s     wMB/s   rrqm/s   wrqm/s  %rrqm  %wrqm r_await w_await aqu-sz rareq-sz wareq-sz  svctm  %util
nvme0n1       22160.00 1750.00     86.56     86.40     0.00     1.00   0.00   0.06    0.26    0.67   0.28     4.00    50.56   0.04 100.00

2021년 09월 30일 18시 50분 16초
avg-cpu:  %user   %nice %system %iowait  %steal   %idle
           0.13    0.00    7.51   41.14    0.00   51.22

Device            r/s     w/s     rMB/s     wMB/s   rrqm/s   wrqm/s  %rrqm  %wrqm r_await w_await aqu-sz rareq-sz wareq-sz  svctm  %util
nvme0n1       22289.00 1749.00     87.07     87.07     0.00     0.00   0.00   0.00    0.26    0.67   0.09     4.00    50.98   0.04 100.80

2021년 09월 30일 18시 50분 17초
avg-cpu:  %user   %nice %system %iowait  %steal   %idle
           1.02    0.00    7.28   41.67    0.00   50.03

Device            r/s     w/s     rMB/s     wMB/s   rrqm/s   wrqm/s  %rrqm  %wrqm r_await w_await aqu-sz rareq-sz wareq-sz  svctm  %util
nvme0n1       22266.00 1745.00     86.98     86.57     0.00     1.00   0.00   0.06    0.26    0.69   0.29     4.00    50.80   0.04  99.60

2021년 09월 30일 18시 50분 18초
avg-cpu:  %user   %nice %system %iowait  %steal   %idle
           0.25    0.00    8.63   40.51    0.00   50.60

Device            r/s     w/s     rMB/s     wMB/s   rrqm/s   wrqm/s  %rrqm  %wrqm r_await w_await aqu-sz rareq-sz wareq-sz  svctm  %util
nvme0n1       22494.00 1679.00     87.87     87.71     0.00     0.00   0.00   0.00    0.26    0.69   0.27     4.00    53.49   0.04 100.00

2021년 09월 30일 18시 50분 19초
avg-cpu:  %user   %nice %system %iowait  %steal   %idle
           0.19    0.00    8.05   40.06    0.00   51.69

Device            r/s     w/s     rMB/s     wMB/s   rrqm/s   wrqm/s  %rrqm  %wrqm r_await w_await aqu-sz rareq-sz wareq-sz  svctm  %util
nvme0n1       21939.00 1719.00     85.70     89.29     0.00  1127.00   0.00  39.60    0.26    0.67   0.13     4.00    53.19   0.04  98.80

2021년 09월 30일 18시 50분 20초
avg-cpu:  %user   %nice %system %iowait  %steal   %idle
           0.32    0.00    8.29   40.69    0.00   50.70

Device            r/s     w/s     rMB/s     wMB/s   rrqm/s   wrqm/s  %rrqm  %wrqm r_await w_await aqu-sz rareq-sz wareq-sz  svctm  %util
nvme0n1       22184.00 1727.00     86.66     86.61     0.00     0.00   0.00   0.00    0.26    0.68   0.13     4.00    51.35   0.04  99.60

2021년 09월 30일 18시 50분 21초
avg-cpu:  %user   %nice %system %iowait  %steal   %idle
           0.19    0.00    7.38   41.34    0.00   51.09

Device            r/s     w/s     rMB/s     wMB/s   rrqm/s   wrqm/s  %rrqm  %wrqm r_await w_await aqu-sz rareq-sz wareq-sz  svctm  %util
nvme0n1       20892.00 1663.00     81.61     81.38     0.00     0.00   0.00   0.00    0.28    0.72   0.22     4.00    50.11   0.04 100.00

2021년 09월 30일 18시 50분 22초
avg-cpu:  %user   %nice %system %iowait  %steal   %idle
           0.26    0.00    8.37   40.61    0.00   50.77

Device            r/s     w/s     rMB/s     wMB/s   rrqm/s   wrqm/s  %rrqm  %wrqm r_await w_await aqu-sz rareq-sz wareq-sz  svctm  %util
nvme0n1       22105.00 1686.00     86.35     86.11     0.00     1.00   0.00   0.06    0.26    0.70   0.25     4.00    52.30   0.04 100.00

2021년 09월 30일 18시 50분 23초
avg-cpu:  %user   %nice %system %iowait  %steal   %idle
           0.38    0.00    8.16   40.75    0.00   50.70

Device            r/s     w/s     rMB/s     wMB/s   rrqm/s   wrqm/s  %rrqm  %wrqm r_await w_await aqu-sz rareq-sz wareq-sz  svctm  %util
nvme0n1       22136.00 1759.00     86.47     86.41     0.00     0.00   0.00   0.00    0.26    0.67   0.13     4.00    50.30   0.04 100.00

2021년 09월 30일 18시 50분 24초
avg-cpu:  %user   %nice %system %iowait  %steal   %idle
           0.13    0.00    0.50    3.33    0.00   96.04

Device            r/s     w/s     rMB/s     wMB/s   rrqm/s   wrqm/s  %rrqm  %wrqm r_await w_await aqu-sz rareq-sz wareq-sz  svctm  %util
nvme0n1       1759.00  394.00      6.87     27.64     0.00  4966.00   0.00  92.65    0.26    1.17   0.07     4.00    71.84   0.04   9.60

2021년 09월 30일 18시 50분 25초
avg-cpu:  %user   %nice %system %iowait  %steal   %idle
           0.00    0.00    0.19    0.06    0.00   99.75

Device            r/s     w/s     rMB/s     wMB/s   rrqm/s   wrqm/s  %rrqm  %wrqm r_await w_await aqu-sz rareq-sz wareq-sz  svctm  %util
nvme0n1          0.00    9.00      0.00      3.67     0.00   931.00   0.00  99.04    0.00    1.22   0.00     0.00   417.78   1.33   1.20

2021년 09월 30일 18시 50분 26초
avg-cpu:  %user   %nice %system %iowait  %steal   %idle
           0.06    0.00    0.12    0.00    0.00   99.81

Device            r/s     w/s     rMB/s     wMB/s   rrqm/s   wrqm/s  %rrqm  %wrqm r_await w_await aqu-sz rareq-sz wareq-sz  svctm  %util
nvme0n1          0.00    0.00      0.00      0.00     0.00     0.00   0.00   0.00    0.00    0.00   0.00     0.00     0.00   0.00   0.00

2021년 09월 30일 18시 50분 27초
avg-cpu:  %user   %nice %system %iowait  %steal   %idle
           0.00    0.00    0.19    0.00    0.00   99.81

Device            r/s     w/s     rMB/s     wMB/s   rrqm/s   wrqm/s  %rrqm  %wrqm r_await w_await aqu-sz rareq-sz wareq-sz  svctm  %util
nvme0n1          0.00    0.00      0.00      0.00     0.00     0.00   0.00   0.00    0.00    0.00   0.00     0.00     0.00   0.00   0.00

2021년 09월 30일 18시 50분 28초
avg-cpu:  %user   %nice %system %iowait  %steal   %idle
           0.06    0.00    0.25    0.00    0.00   99.69

Device            r/s     w/s     rMB/s     wMB/s   rrqm/s   wrqm/s  %rrqm  %wrqm r_await w_await aqu-sz rareq-sz wareq-sz  svctm  %util
nvme0n1          0.00    0.00      0.00      0.00     0.00     0.00   0.00   0.00    0.00    0.00   0.00     0.00     0.00   0.00   0.00

2021년 09월 30일 18시 50분 29초
avg-cpu:  %user   %nice %system %iowait  %steal   %idle
           0.06    0.00    0.12    0.00    0.00   99.81

Device            r/s     w/s     rMB/s     wMB/s   rrqm/s   wrqm/s  %rrqm  %wrqm r_await w_await aqu-sz rareq-sz wareq-sz  svctm  %util
nvme0n1          0.00    0.00      0.00      0.00     0.00     0.00   0.00   0.00    0.00    0.00   0.00     0.00     0.00   0.00   0.00

2021년 09월 30일 18시 50분 30초
avg-cpu:  %user   %nice %system %iowait  %steal   %idle
           0.06    0.00    0.19    0.00    0.00   99.75

Device            r/s     w/s     rMB/s     wMB/s   rrqm/s   wrqm/s  %rrqm  %wrqm r_await w_await aqu-sz rareq-sz wareq-sz  svctm  %util
nvme0n1          0.00    0.00      0.00      0.00     0.00     0.00   0.00   0.00    0.00    0.00   0.00     0.00     0.00   0.00   0.00

2021년 09월 30일 18시 50분 31초
avg-cpu:  %user   %nice %system %iowait  %steal   %idle
           0.06    0.00    0.12    0.00    0.00   99.81

Device            r/s     w/s     rMB/s     wMB/s   rrqm/s   wrqm/s  %rrqm  %wrqm r_await w_await aqu-sz rareq-sz wareq-sz  svctm  %util
nvme0n1          0.00    0.00      0.00      0.00     0.00     0.00   0.00   0.00    0.00    0.00   0.00     0.00     0.00   0.00   0.00

