Linux 5.5.8test (syslab-desk) 	2021년 09월 15일 	_x86_64_	(16 CPU)

2021년 09월 15일 18시 27분 42초
avg-cpu:  %user   %nice %system %iowait  %steal   %idle
           0.03    0.00    0.10    0.19    0.00   99.68

Device            r/s     w/s     rMB/s     wMB/s   rrqm/s   wrqm/s  %rrqm  %wrqm r_await w_await aqu-sz rareq-sz wareq-sz  svctm  %util
sdb             10.34   66.75      0.06      1.54     5.70   115.30  35.54  63.33    0.44    1.01   0.01     6.21    23.55   0.15   1.18

2021년 09월 15일 18시 27분 43초
avg-cpu:  %user   %nice %system %iowait  %steal   %idle
           0.00    0.00    0.00    0.06    0.00   99.94

Device            r/s     w/s     rMB/s     wMB/s   rrqm/s   wrqm/s  %rrqm  %wrqm r_await w_await aqu-sz rareq-sz wareq-sz  svctm  %util
sdb              0.00    0.00      0.00      0.00     0.00     0.00   0.00   0.00    0.00    0.00   0.00     0.00     0.00   0.00   0.00

2021년 09월 15일 18시 27분 44초
avg-cpu:  %user   %nice %system %iowait  %steal   %idle
           0.06    0.00    0.25    0.00    0.00   99.69

Device            r/s     w/s     rMB/s     wMB/s   rrqm/s   wrqm/s  %rrqm  %wrqm r_await w_await aqu-sz rareq-sz wareq-sz  svctm  %util
sdb              0.00    0.00      0.00      0.00     0.00     0.00   0.00   0.00    0.00    0.00   0.00     0.00     0.00   0.00   0.00

2021년 09월 15일 18시 27분 45초
avg-cpu:  %user   %nice %system %iowait  %steal   %idle
           0.31    0.00    2.01    0.06    0.00   97.61

Device            r/s     w/s     rMB/s     wMB/s   rrqm/s   wrqm/s  %rrqm  %wrqm r_await w_await aqu-sz rareq-sz wareq-sz  svctm  %util
sdb           4691.00    1.00     40.90      0.00  5630.00     0.00  54.55   0.00    0.14    0.00   0.00     8.93     0.00   0.21  99.20

2021년 09월 15일 18시 27분 46초
avg-cpu:  %user   %nice %system %iowait  %steal   %idle
           0.25    0.00   12.95   14.07    0.00   72.73

Device            r/s     w/s     rMB/s     wMB/s   rrqm/s   wrqm/s  %rrqm  %wrqm r_await w_await aqu-sz rareq-sz wareq-sz  svctm  %util
sdb           4385.00 15232.00     62.75     56.71 11671.00     0.00  72.69   0.00    0.74    0.72   0.47    14.65     3.81   0.05  91.60

2021년 09월 15일 18시 27분 47초
avg-cpu:  %user   %nice %system %iowait  %steal   %idle
           0.12    0.00   15.49   14.74    0.00   69.64

Device            r/s     w/s     rMB/s     wMB/s   rrqm/s   wrqm/s  %rrqm  %wrqm r_await w_await aqu-sz rareq-sz wareq-sz  svctm  %util
sdb           4895.00 18720.00     70.47     69.95 13137.00     0.00  72.85   0.00    0.80    0.72   0.00    14.74     3.83   0.04 100.00

2021년 09월 15일 18시 27분 48초
avg-cpu:  %user   %nice %system %iowait  %steal   %idle
           0.25    0.00   15.82   14.45    0.00   69.48

Device            r/s     w/s     rMB/s     wMB/s   rrqm/s   wrqm/s  %rrqm  %wrqm r_await w_await aqu-sz rareq-sz wareq-sz  svctm  %util
sdb           4652.00 18459.00     69.15     68.97 13083.00     0.00  73.77   0.00    0.81    0.74   0.00    15.22     3.83   0.04 100.00

2021년 09월 15일 18시 27분 49초
avg-cpu:  %user   %nice %system %iowait  %steal   %idle
           0.32    0.00   14.13   16.59    0.00   68.96

Device            r/s     w/s     rMB/s     wMB/s   rrqm/s   wrqm/s  %rrqm  %wrqm r_await w_await aqu-sz rareq-sz wareq-sz  svctm  %util
sdb           4584.00 18241.00     67.96     67.86 12779.00     0.00  73.60   0.00    0.78    0.74   0.20    15.18     3.81   0.04  99.20

2021년 09월 15일 18시 27분 50초
avg-cpu:  %user   %nice %system %iowait  %steal   %idle
           0.38    0.00   14.02   15.53    0.00   70.08

Device            r/s     w/s     rMB/s     wMB/s   rrqm/s   wrqm/s  %rrqm  %wrqm r_await w_await aqu-sz rareq-sz wareq-sz  svctm  %util
sdb           4578.00 18457.00     69.42     68.89 13266.00     0.00  74.34   0.00    0.82    0.73   0.00    15.53     3.82   0.04 100.00

2021년 09월 15일 18시 27분 51초
avg-cpu:  %user   %nice %system %iowait  %steal   %idle
           0.26    0.00   12.85   18.41    0.00   68.48

Device            r/s     w/s     rMB/s     wMB/s   rrqm/s   wrqm/s  %rrqm  %wrqm r_await w_await aqu-sz rareq-sz wareq-sz  svctm  %util
sdb           4367.00 18383.00     68.99     71.37 13257.00   712.00  75.22   3.73    0.84    0.74   0.35    16.18     3.98   0.04  98.80

2021년 09월 15일 18시 27분 52초
avg-cpu:  %user   %nice %system %iowait  %steal   %idle
           0.19    0.00   13.86   16.21    0.00   69.74

Device            r/s     w/s     rMB/s     wMB/s   rrqm/s   wrqm/s  %rrqm  %wrqm r_await w_await aqu-sz rareq-sz wareq-sz  svctm  %util
sdb           4504.00 19072.00     71.38     71.29 13731.00     0.00  75.30   0.00    0.84    0.70   0.00    16.23     3.83   0.04 100.00

2021년 09월 15일 18시 27분 53초
avg-cpu:  %user   %nice %system %iowait  %steal   %idle
           0.25    0.00   15.71   16.27    0.00   67.76

Device            r/s     w/s     rMB/s     wMB/s   rrqm/s   wrqm/s  %rrqm  %wrqm r_await w_await aqu-sz rareq-sz wareq-sz  svctm  %util
sdb           4404.00 18659.00     69.78     69.44 13463.00     0.00  75.35   0.00    0.84    0.72   0.31    16.23     3.81   0.04  98.40

2021년 09월 15일 18시 27분 54초
avg-cpu:  %user   %nice %system %iowait  %steal   %idle
           0.25    0.00   13.92   15.81    0.00   70.02

Device            r/s     w/s     rMB/s     wMB/s   rrqm/s   wrqm/s  %rrqm  %wrqm r_await w_await aqu-sz rareq-sz wareq-sz  svctm  %util
sdb           3947.00 18310.00     68.38     67.48 13555.00     0.00  77.45   0.00    0.82    0.75   0.00    17.74     3.77   0.04 100.00

2021년 09월 15일 18시 27분 55초
avg-cpu:  %user   %nice %system %iowait  %steal   %idle
           0.25    0.00   14.11   15.43    0.00   70.21

Device            r/s     w/s     rMB/s     wMB/s   rrqm/s   wrqm/s  %rrqm  %wrqm r_await w_await aqu-sz rareq-sz wareq-sz  svctm  %util
sdb           4233.00 17883.00     65.30     65.60 12484.00     0.00  74.68   0.00    0.82    0.75   0.00    15.80     3.76   0.05 100.00

2021년 09월 15일 18시 27분 56초
avg-cpu:  %user   %nice %system %iowait  %steal   %idle
           0.26    0.00   12.04   16.81    0.00   70.90

Device            r/s     w/s     rMB/s     wMB/s   rrqm/s   wrqm/s  %rrqm  %wrqm r_await w_await aqu-sz rareq-sz wareq-sz  svctm  %util
sdb           3761.00 17925.00     65.95     69.16 13120.00   804.00  77.72   4.29    0.88    0.76   0.42    17.95     3.95   0.05  98.80

2021년 09월 15일 18시 27분 57초
avg-cpu:  %user   %nice %system %iowait  %steal   %idle
           0.33    0.00   10.98   16.41    0.00   72.29

Device            r/s     w/s     rMB/s     wMB/s   rrqm/s   wrqm/s  %rrqm  %wrqm r_await w_await aqu-sz rareq-sz wareq-sz  svctm  %util
sdb           3925.00 18471.00     68.45     68.06 13599.00     0.00  77.60   0.00    0.81    0.75   0.00    17.86     3.77   0.04 100.00

2021년 09월 15일 18시 27분 58초
avg-cpu:  %user   %nice %system %iowait  %steal   %idle
           0.19    0.00   13.32   16.81    0.00   69.67

Device            r/s     w/s     rMB/s     wMB/s   rrqm/s   wrqm/s  %rrqm  %wrqm r_await w_await aqu-sz rareq-sz wareq-sz  svctm  %util
sdb           3934.00 17837.00     66.69     65.79 13138.00     0.00  76.96   0.00    0.85    0.76   0.26    17.36     3.78   0.05  98.80

2021년 09월 15일 18시 27분 59초
avg-cpu:  %user   %nice %system %iowait  %steal   %idle
           0.13    0.00   13.42   15.97    0.00   70.48

Device            r/s     w/s     rMB/s     wMB/s   rrqm/s   wrqm/s  %rrqm  %wrqm r_await w_await aqu-sz rareq-sz wareq-sz  svctm  %util
sdb           4055.00 18043.00     66.58     66.21 13009.00     0.00  76.24   0.00    0.85    0.76   0.03    16.81     3.76   0.05 100.00

2021년 09월 15일 18시 28분 00초
avg-cpu:  %user   %nice %system %iowait  %steal   %idle
           0.39    0.00   11.93   16.76    0.00   70.92

Device            r/s     w/s     rMB/s     wMB/s   rrqm/s   wrqm/s  %rrqm  %wrqm r_await w_await aqu-sz rareq-sz wareq-sz  svctm  %util
sdb           3959.00 18299.00     67.37     67.46 13303.00     0.00  77.07   0.00    0.86    0.74   0.23    17.43     3.77   0.04  99.20

2021년 09월 15일 18시 28분 01초
avg-cpu:  %user   %nice %system %iowait  %steal   %idle
           0.20    0.00   10.92   18.17    0.00   70.72

Device            r/s     w/s     rMB/s     wMB/s   rrqm/s   wrqm/s  %rrqm  %wrqm r_await w_await aqu-sz rareq-sz wareq-sz  svctm  %util
sdb           4134.00 17904.00     65.70     68.43 12682.00   676.00  75.42   3.64    0.84    0.76   0.09    16.27     3.91   0.05 100.00

2021년 09월 15일 18시 28분 02초
avg-cpu:  %user   %nice %system %iowait  %steal   %idle
           0.19    0.00   14.42   15.62    0.00   69.77

Device            r/s     w/s     rMB/s     wMB/s   rrqm/s   wrqm/s  %rrqm  %wrqm r_await w_await aqu-sz rareq-sz wareq-sz  svctm  %util
sdb           3983.00 18403.00     68.12     67.67 13423.00     0.00  77.12   0.00    0.85    0.73   0.00    17.51     3.77   0.04 100.00

2021년 09월 15일 18시 28분 03초
avg-cpu:  %user   %nice %system %iowait  %steal   %idle
           0.25    0.00   13.95   17.66    0.00   68.13

Device            r/s     w/s     rMB/s     wMB/s   rrqm/s   wrqm/s  %rrqm  %wrqm r_await w_await aqu-sz rareq-sz wareq-sz  svctm  %util
sdb           3944.00 17677.00     65.39     64.66 12796.00     0.00  76.44   0.00    0.88    0.77   0.36    16.98     3.75   0.05  98.80

2021년 09월 15일 18시 28분 04초
avg-cpu:  %user   %nice %system %iowait  %steal   %idle
           0.25    0.00   14.81   14.94    0.00   70.00

Device            r/s     w/s     rMB/s     wMB/s   rrqm/s   wrqm/s  %rrqm  %wrqm r_await w_await aqu-sz rareq-sz wareq-sz  svctm  %util
sdb           3808.00 18203.00     67.31     66.96 13481.00     0.00  77.97   0.00    0.86    0.74   0.00    18.10     3.77   0.05 100.00

2021년 09월 15일 18시 28분 05초
avg-cpu:  %user   %nice %system %iowait  %steal   %idle
           0.26    0.00   12.45   15.79    0.00   71.50

Device            r/s     w/s     rMB/s     wMB/s   rrqm/s   wrqm/s  %rrqm  %wrqm r_await w_await aqu-sz rareq-sz wareq-sz  svctm  %util
sdb           3978.00 18118.00     67.44     66.92 13232.00     0.00  76.89   0.00    0.85    0.73   0.22    17.36     3.78   0.04  98.80

2021년 09월 15일 18시 28분 06초
avg-cpu:  %user   %nice %system %iowait  %steal   %idle
           0.25    0.00   13.49   17.49    0.00   68.77

Device            r/s     w/s     rMB/s     wMB/s   rrqm/s   wrqm/s  %rrqm  %wrqm r_await w_await aqu-sz rareq-sz wareq-sz  svctm  %util
sdb           4104.00 18146.00     67.01     70.11 13047.00   816.00  76.07   4.30    0.86    0.72   0.12    16.72     3.96   0.04 100.00

2021년 09월 15일 18시 28분 07초
avg-cpu:  %user   %nice %system %iowait  %steal   %idle
           0.37    0.00   15.82   15.39    0.00   68.42

Device            r/s     w/s     rMB/s     wMB/s   rrqm/s   wrqm/s  %rrqm  %wrqm r_await w_await aqu-sz rareq-sz wareq-sz  svctm  %util
sdb           4297.00 18267.00     67.07     67.22 12871.00     0.00  74.97   0.00    0.79    0.74   0.00    15.98     3.77   0.04 100.00

2021년 09월 15일 18시 28분 08초
avg-cpu:  %user   %nice %system %iowait  %steal   %idle
           0.19    0.00   12.23   17.57    0.00   70.01

Device            r/s     w/s     rMB/s     wMB/s   rrqm/s   wrqm/s  %rrqm  %wrqm r_await w_await aqu-sz rareq-sz wareq-sz  svctm  %util
sdb           4202.00 18026.00     67.41     66.52 13052.00     0.00  75.65   0.00    0.83    0.76   0.36    16.43     3.78   0.04  98.40

2021년 09월 15일 18시 28분 09초
avg-cpu:  %user   %nice %system %iowait  %steal   %idle
           0.32    0.00   12.72   15.28    0.00   71.68

Device            r/s     w/s     rMB/s     wMB/s   rrqm/s   wrqm/s  %rrqm  %wrqm r_await w_await aqu-sz rareq-sz wareq-sz  svctm  %util
sdb           4029.00 17991.00     65.58     66.31 12881.00     0.00  76.17   0.00    0.85    0.76   0.00    16.67     3.77   0.05 100.00

2021년 09월 15일 18시 28분 10초
avg-cpu:  %user   %nice %system %iowait  %steal   %idle
           0.38    0.00   12.49   17.42    0.00   69.70

Device            r/s     w/s     rMB/s     wMB/s   rrqm/s   wrqm/s  %rrqm  %wrqm r_await w_await aqu-sz rareq-sz wareq-sz  svctm  %util
sdb           3558.00 18090.00     67.03     66.58 13478.00     0.00  79.11   0.00    0.90    0.76   0.08    19.29     3.77   0.05  99.20

2021년 09월 15일 18시 28분 11초
avg-cpu:  %user   %nice %system %iowait  %steal   %idle
           0.19    0.00   11.83   17.65    0.00   70.33

Device            r/s     w/s     rMB/s     wMB/s   rrqm/s   wrqm/s  %rrqm  %wrqm r_await w_await aqu-sz rareq-sz wareq-sz  svctm  %util
sdb           3687.00 18280.00     67.61     70.39 13637.00   794.00  78.72   4.16    0.90    0.75   0.10    18.78     3.94   0.05  99.60

2021년 09월 15일 18시 28분 12초
avg-cpu:  %user   %nice %system %iowait  %steal   %idle
           0.33    0.00   10.78   17.83    0.00   71.06

Device            r/s     w/s     rMB/s     wMB/s   rrqm/s   wrqm/s  %rrqm  %wrqm r_await w_await aqu-sz rareq-sz wareq-sz  svctm  %util
sdb           4130.00 17795.00     65.66     65.20 12671.00     0.00  75.42   0.00    0.82    0.76   0.31    16.28     3.75   0.05  98.80

2021년 09월 15일 18시 28분 13초
avg-cpu:  %user   %nice %system %iowait  %steal   %idle
           0.25    0.00   14.00   15.57    0.00   70.18

Device            r/s     w/s     rMB/s     wMB/s   rrqm/s   wrqm/s  %rrqm  %wrqm r_await w_await aqu-sz rareq-sz wareq-sz  svctm  %util
sdb           4365.00 18391.00     68.81     68.20 13299.00     0.00  75.29   0.00    0.84    0.74   0.05    16.14     3.80   0.04 100.00

2021년 09월 15일 18시 28분 14초
avg-cpu:  %user   %nice %system %iowait  %steal   %idle
           0.19    0.00   13.98   15.88    0.00   69.96

Device            r/s     w/s     rMB/s     wMB/s   rrqm/s   wrqm/s  %rrqm  %wrqm r_await w_await aqu-sz rareq-sz wareq-sz  svctm  %util
sdb           4492.00 18326.00     68.92     68.27 13087.00     0.00  74.45   0.00    0.80    0.74   0.00    15.71     3.81   0.04 100.00

2021년 09월 15일 18시 28분 15초
avg-cpu:  %user   %nice %system %iowait  %steal   %idle
           0.25    0.00   13.81   16.47    0.00   69.47

Device            r/s     w/s     rMB/s     wMB/s   rrqm/s   wrqm/s  %rrqm  %wrqm r_await w_await aqu-sz rareq-sz wareq-sz  svctm  %util
sdb           4358.00 18305.00     68.26     68.04 13232.00     0.00  75.22   0.00    0.82    0.76   0.29    16.04     3.81   0.04  99.20

2021년 09월 15일 18시 28분 16초
avg-cpu:  %user   %nice %system %iowait  %steal   %idle
           0.39    0.00   12.33   17.30    0.00   69.98

Device            r/s     w/s     rMB/s     wMB/s   rrqm/s   wrqm/s  %rrqm  %wrqm r_await w_await aqu-sz rareq-sz wareq-sz  svctm  %util
sdb           4531.00 18424.00     69.39     72.09 13118.00   817.00  74.33   4.25    0.82    0.73   0.08    15.68     4.01   0.04 100.00

2021년 09월 15일 18시 28분 17초
avg-cpu:  %user   %nice %system %iowait  %steal   %idle
           0.18    0.00   15.90   16.20    0.00   67.71

Device            r/s     w/s     rMB/s     wMB/s   rrqm/s   wrqm/s  %rrqm  %wrqm r_await w_await aqu-sz rareq-sz wareq-sz  svctm  %util
sdb           4627.00 18262.00     67.66     68.11 12697.00     0.00  73.29   0.00    0.81    0.74   0.38    14.97     3.82   0.04  98.80

2021년 09월 15일 18시 28분 18초
avg-cpu:  %user   %nice %system %iowait  %steal   %idle
           0.37    0.00   15.65   14.78    0.00   69.19

Device            r/s     w/s     rMB/s     wMB/s   rrqm/s   wrqm/s  %rrqm  %wrqm r_await w_await aqu-sz rareq-sz wareq-sz  svctm  %util
sdb           4571.00 18575.00     69.91     69.12 13370.00     0.00  74.52   0.00    0.80    0.72   0.00    15.66     3.81   0.04 100.00

2021년 09월 15일 18시 28분 19초
avg-cpu:  %user   %nice %system %iowait  %steal   %idle
           0.26    0.00   12.54   16.98    0.00   70.23

Device            r/s     w/s     rMB/s     wMB/s   rrqm/s   wrqm/s  %rrqm  %wrqm r_await w_await aqu-sz rareq-sz wareq-sz  svctm  %util
sdb           4466.00 18682.00     69.81     69.61 13356.00     0.00  74.94   0.00    0.84    0.73   0.43    16.01     3.82   0.04  98.80

2021년 09월 15일 18시 28분 20초
avg-cpu:  %user   %nice %system %iowait  %steal   %idle
           0.38    0.00   14.63   15.70    0.00   69.29

Device            r/s     w/s     rMB/s     wMB/s   rrqm/s   wrqm/s  %rrqm  %wrqm r_await w_await aqu-sz rareq-sz wareq-sz  svctm  %util
sdb           4519.00 18612.00     69.36     69.26 13251.00     0.00  74.57   0.00    0.82    0.72   0.15    15.72     3.81   0.04 100.00

2021년 09월 15일 18시 28분 21초
avg-cpu:  %user   %nice %system %iowait  %steal   %idle
           0.32    0.00   14.21   17.12    0.00   68.35

Device            r/s     w/s     rMB/s     wMB/s   rrqm/s   wrqm/s  %rrqm  %wrqm r_await w_await aqu-sz rareq-sz wareq-sz  svctm  %util
sdb           4561.00 18378.00     69.48     71.49 13243.00   786.00  74.38   4.10    0.83    0.73   0.08    15.60     3.98   0.04 100.00

2021년 09월 15일 18시 28분 22초
avg-cpu:  %user   %nice %system %iowait  %steal   %idle
           0.32    0.00   13.05   18.56    0.00   68.08

Device            r/s     w/s     rMB/s     wMB/s   rrqm/s   wrqm/s  %rrqm  %wrqm r_await w_await aqu-sz rareq-sz wareq-sz  svctm  %util
sdb           4389.00 17647.00     64.89     82.71 12198.00  4313.00  73.54  19.64    0.93    0.76   0.40    15.14     4.80   0.05  99.20

2021년 09월 15일 18시 28분 23초
avg-cpu:  %user   %nice %system %iowait  %steal   %idle
           0.32    0.00   13.28   16.86    0.00   69.54

Device            r/s     w/s     rMB/s     wMB/s   rrqm/s   wrqm/s  %rrqm  %wrqm r_await w_await aqu-sz rareq-sz wareq-sz  svctm  %util
sdb           4537.00 18517.00     70.16     69.09 13412.00     0.00  74.72   0.00    0.83    0.72   0.00    15.84     3.82   0.04 100.00

2021년 09월 15일 18시 28분 24초
avg-cpu:  %user   %nice %system %iowait  %steal   %idle
           0.19    0.00   15.95   15.70    0.00   68.16

Device            r/s     w/s     rMB/s     wMB/s   rrqm/s   wrqm/s  %rrqm  %wrqm r_await w_await aqu-sz rareq-sz wareq-sz  svctm  %util
sdb           4480.00 18797.00     69.70     70.17 13363.00     0.00  74.89   0.00    0.79    0.71   0.09    15.93     3.82   0.04  98.80

2021년 09월 15일 18시 28분 25초
avg-cpu:  %user   %nice %system %iowait  %steal   %idle
           0.19    0.00   14.08   15.16    0.00   70.58

Device            r/s     w/s     rMB/s     wMB/s   rrqm/s   wrqm/s  %rrqm  %wrqm r_await w_await aqu-sz rareq-sz wareq-sz  svctm  %util
sdb           4476.00 18843.00     71.34     70.37 13785.00     0.00  75.49   0.00    0.80    0.73   0.00    16.32     3.82   0.04 100.00

2021년 09월 15일 18시 28분 26초
avg-cpu:  %user   %nice %system %iowait  %steal   %idle
           0.38    0.00   13.78   16.50    0.00   69.34

Device            r/s     w/s     rMB/s     wMB/s   rrqm/s   wrqm/s  %rrqm  %wrqm r_await w_await aqu-sz rareq-sz wareq-sz  svctm  %util
sdb           4332.00 18168.00     67.18     70.55 12865.00   799.00  74.81   4.21    0.83    0.75   0.34    15.88     3.98   0.04  98.80

2021년 09월 15일 18시 28분 27초
avg-cpu:  %user   %nice %system %iowait  %steal   %idle
           0.25    0.00   15.14   14.52    0.00   70.09

Device            r/s     w/s     rMB/s     wMB/s   rrqm/s   wrqm/s  %rrqm  %wrqm r_await w_await aqu-sz rareq-sz wareq-sz  svctm  %util
sdb           3972.00 18417.00     68.29     68.26 13509.00     0.00  77.28   0.00    0.85    0.73   0.00    17.60     3.80   0.04 100.00

2021년 09월 15일 18시 28분 28초
avg-cpu:  %user   %nice %system %iowait  %steal   %idle
           0.19    0.00   14.45   15.21    0.00   70.16

Device            r/s     w/s     rMB/s     wMB/s   rrqm/s   wrqm/s  %rrqm  %wrqm r_await w_await aqu-sz rareq-sz wareq-sz  svctm  %util
sdb           4297.00 18754.00     70.34     69.78 13710.00     0.00  76.14   0.00    0.85    0.72   0.00    16.76     3.81   0.04 100.00

2021년 09월 15일 18시 28분 29초
avg-cpu:  %user   %nice %system %iowait  %steal   %idle
           0.13    0.00   13.98   17.00    0.00   68.89

Device            r/s     w/s     rMB/s     wMB/s   rrqm/s   wrqm/s  %rrqm  %wrqm r_await w_await aqu-sz rareq-sz wareq-sz  svctm  %util
sdb           4164.00 18312.00     68.58     68.48 13391.00     0.00  76.28   0.00    0.83    0.74   0.22    16.86     3.83   0.04  98.80

2021년 09월 15일 18시 28분 30초
avg-cpu:  %user   %nice %system %iowait  %steal   %idle
           0.32    0.00   12.92   16.57    0.00   70.19

Device            r/s     w/s     rMB/s     wMB/s   rrqm/s   wrqm/s  %rrqm  %wrqm r_await w_await aqu-sz rareq-sz wareq-sz  svctm  %util
sdb           4284.00 18432.00     68.61     68.68 13371.00     0.00  75.73   0.00    0.83    0.75   0.00    16.40     3.82   0.04 100.00

2021년 09월 15일 18시 28분 31초
avg-cpu:  %user   %nice %system %iowait  %steal   %idle
           0.26    0.00   13.23   17.64    0.00   68.88

Device            r/s     w/s     rMB/s     wMB/s   rrqm/s   wrqm/s  %rrqm  %wrqm r_await w_await aqu-sz rareq-sz wareq-sz  svctm  %util
sdb           4457.00 18517.00     70.41     72.46 13497.00   825.00  75.18   4.27    0.83    0.73   0.44    16.18     4.01   0.04  98.40

2021년 09월 15일 18시 28분 32초
avg-cpu:  %user   %nice %system %iowait  %steal   %idle
           0.26    0.00   12.28   15.32    0.00   72.14

Device            r/s     w/s     rMB/s     wMB/s   rrqm/s   wrqm/s  %rrqm  %wrqm r_await w_await aqu-sz rareq-sz wareq-sz  svctm  %util
sdb           4540.00 18798.00     70.00     70.14 13357.00     0.00  74.63   0.00    0.81    0.71   0.00    15.79     3.82   0.04 100.00

2021년 09월 15일 18시 28분 33초
avg-cpu:  %user   %nice %system %iowait  %steal   %idle
           0.31    0.00   14.80   15.05    0.00   69.83

Device            r/s     w/s     rMB/s     wMB/s   rrqm/s   wrqm/s  %rrqm  %wrqm r_await w_await aqu-sz rareq-sz wareq-sz  svctm  %util
sdb           4052.00 18339.00     68.76     68.04 13549.00     0.00  76.98   0.00    0.84    0.73   0.34    17.38     3.80   0.04  98.80

2021년 09월 15일 18시 28분 34초
avg-cpu:  %user   %nice %system %iowait  %steal   %idle
           0.31    0.00   14.85   15.48    0.00   69.36

Device            r/s     w/s     rMB/s     wMB/s   rrqm/s   wrqm/s  %rrqm  %wrqm r_await w_await aqu-sz rareq-sz wareq-sz  svctm  %util
sdb           4520.00 18953.00     70.11     70.75 13425.00     0.00  74.81   0.00    0.81    0.72   0.00    15.88     3.82   0.04 100.00

2021년 09월 15일 18시 28분 35초
avg-cpu:  %user   %nice %system %iowait  %steal   %idle
           0.32    0.00   12.68   16.34    0.00   70.66

Device            r/s     w/s     rMB/s     wMB/s   rrqm/s   wrqm/s  %rrqm  %wrqm r_await w_await aqu-sz rareq-sz wareq-sz  svctm  %util
sdb           4295.00 18301.00     68.33     68.14 13214.00     0.00  75.47   0.00    0.82    0.74   0.00    16.29     3.81   0.04 100.00

2021년 09월 15일 18시 28분 36초
avg-cpu:  %user   %nice %system %iowait  %steal   %idle
           0.20    0.00   11.22   17.61    0.00   70.97

Device            r/s     w/s     rMB/s     wMB/s   rrqm/s   wrqm/s  %rrqm  %wrqm r_await w_await aqu-sz rareq-sz wareq-sz  svctm  %util
sdb           4630.00 18329.00     68.95     72.14 13002.00   938.00  73.74   4.87    0.79    0.73   0.33    15.25     4.03   0.04  99.20

2021년 09월 15일 18시 28분 37초
avg-cpu:  %user   %nice %system %iowait  %steal   %idle
           0.32    0.00   14.00   15.52    0.00   70.17

Device            r/s     w/s     rMB/s     wMB/s   rrqm/s   wrqm/s  %rrqm  %wrqm r_await w_await aqu-sz rareq-sz wareq-sz  svctm  %util
sdb           4809.00 18428.00     69.33     68.68 12938.00     0.00  72.90   0.00    0.79    0.73   0.00    14.76     3.82   0.04 100.00

2021년 09월 15일 18시 28분 38초
avg-cpu:  %user   %nice %system %iowait  %steal   %idle
           0.13    0.00   13.79   17.66    0.00   68.42

Device            r/s     w/s     rMB/s     wMB/s   rrqm/s   wrqm/s  %rrqm  %wrqm r_await w_await aqu-sz rareq-sz wareq-sz  svctm  %util
sdb           4411.00 18567.00     70.02     69.26 13541.00     0.00  75.43   0.00    0.79    0.74   0.29    16.26     3.82   0.04  98.40

2021년 09월 15일 18시 28분 39초
avg-cpu:  %user   %nice %system %iowait  %steal   %idle
           0.19    0.00   13.58   15.49    0.00   70.75

Device            r/s     w/s     rMB/s     wMB/s   rrqm/s   wrqm/s  %rrqm  %wrqm r_await w_await aqu-sz rareq-sz wareq-sz  svctm  %util
sdb           4508.00 18691.00     69.14     69.79 13217.00     0.00  74.57   0.00    0.81    0.73   0.00    15.71     3.82   0.04 100.00

2021년 09월 15일 18시 28분 40초
avg-cpu:  %user   %nice %system %iowait  %steal   %idle
           0.45    0.00   12.91   15.97    0.00   70.67

Device            r/s     w/s     rMB/s     wMB/s   rrqm/s   wrqm/s  %rrqm  %wrqm r_await w_await aqu-sz rareq-sz wareq-sz  svctm  %util
sdb           4042.00 18012.00     67.68     66.77 13250.00     0.00  76.63   0.00    0.84    0.76   0.22    17.14     3.80   0.04  99.20

2021년 09월 15일 18시 28분 41초
avg-cpu:  %user   %nice %system %iowait  %steal   %idle
           0.19    0.00   12.34   15.96    0.00   71.51

Device            r/s     w/s     rMB/s     wMB/s   rrqm/s   wrqm/s  %rrqm  %wrqm r_await w_await aqu-sz rareq-sz wareq-sz  svctm  %util
sdb           4136.00 18638.00     69.04     72.62 13518.00   850.00  76.57   4.36    0.82    0.72   0.04    17.09     3.99   0.04 100.40

2021년 09월 15일 18시 28분 42초
avg-cpu:  %user   %nice %system %iowait  %steal   %idle
           0.13    0.00   14.88   16.14    0.00   68.86

Device            r/s     w/s     rMB/s     wMB/s   rrqm/s   wrqm/s  %rrqm  %wrqm r_await w_await aqu-sz rareq-sz wareq-sz  svctm  %util
sdb           4087.00 18320.00     68.64     67.90 13484.00     0.00  76.74   0.00    0.83    0.75   0.00    17.20     3.80   0.04  99.60

2021년 09월 15일 18시 28분 43초
avg-cpu:  %user   %nice %system %iowait  %steal   %idle
           0.19    0.00   13.78   16.51    0.00   69.52

Device            r/s     w/s     rMB/s     wMB/s   rrqm/s   wrqm/s  %rrqm  %wrqm r_await w_await aqu-sz rareq-sz wareq-sz  svctm  %util
sdb           4241.00 18843.00     70.39     70.29 13788.00     0.00  76.48   0.00    0.85    0.72   0.27    17.00     3.82   0.04  99.20

2021년 09월 15일 18시 28분 44초
avg-cpu:  %user   %nice %system %iowait  %steal   %idle
           0.25    0.00   14.33   16.04    0.00   69.38

Device            r/s     w/s     rMB/s     wMB/s   rrqm/s   wrqm/s  %rrqm  %wrqm r_await w_await aqu-sz rareq-sz wareq-sz  svctm  %util
sdb           4578.00 18582.00     69.22     69.25 13132.00     0.00  74.15   0.00    0.79    0.71   0.00    15.48     3.82   0.04 100.40

2021년 09월 15일 18시 28분 45초
avg-cpu:  %user   %nice %system %iowait  %steal   %idle
           0.31    0.00   16.35   15.80    0.00   67.55

Device            r/s     w/s     rMB/s     wMB/s   rrqm/s   wrqm/s  %rrqm  %wrqm r_await w_await aqu-sz rareq-sz wareq-sz  svctm  %util
sdb           4501.00 18315.00     68.71     68.27 13088.00     0.00  74.41   0.00    0.80    0.72   0.01    15.63     3.82   0.04  98.40

2021년 09월 15일 18시 28분 46초
avg-cpu:  %user   %nice %system %iowait  %steal   %idle
           0.25    0.00   13.89   16.74    0.00   69.12

Device            r/s     w/s     rMB/s     wMB/s   rrqm/s   wrqm/s  %rrqm  %wrqm r_await w_await aqu-sz rareq-sz wareq-sz  svctm  %util
sdb           4396.00 18581.00     69.39     72.15 13365.00   738.00  75.25   3.82    0.83    0.72   0.07    16.16     3.98   0.04 100.00

2021년 09월 15일 18시 28분 47초
avg-cpu:  %user   %nice %system %iowait  %steal   %idle
           0.32    0.00   14.18   16.19    0.00   69.31

Device            r/s     w/s     rMB/s     wMB/s   rrqm/s   wrqm/s  %rrqm  %wrqm r_await w_await aqu-sz rareq-sz wareq-sz  svctm  %util
sdb           4203.00 18272.00     68.34     67.80 13292.00     0.00  75.98   0.00    0.81    0.74   0.36    16.65     3.80   0.04  98.80

2021년 09월 15일 18시 28분 48초
avg-cpu:  %user   %nice %system %iowait  %steal   %idle
           0.38    0.00   13.85   15.69    0.00   70.08

Device            r/s     w/s     rMB/s     wMB/s   rrqm/s   wrqm/s  %rrqm  %wrqm r_await w_await aqu-sz rareq-sz wareq-sz  svctm  %util
sdb           4377.00 19115.00     71.54     71.44 13998.00     0.00  76.18   0.00    0.81    0.71   0.00    16.74     3.83   0.04 100.00

2021년 09월 15일 18시 28분 49초
avg-cpu:  %user   %nice %system %iowait  %steal   %idle
           0.26    0.00   12.03   14.88    0.00   72.83

Device            r/s     w/s     rMB/s     wMB/s   rrqm/s   wrqm/s  %rrqm  %wrqm r_await w_await aqu-sz rareq-sz wareq-sz  svctm  %util
sdb           4082.00 18454.00     68.71     68.44 13439.00     0.00  76.70   0.00    0.83    0.75   0.00    17.24     3.80   0.04 100.00

2021년 09월 15일 18시 28분 50초
avg-cpu:  %user   %nice %system %iowait  %steal   %idle
           0.19    0.00   14.06   16.02    0.00   69.74

Device            r/s     w/s     rMB/s     wMB/s   rrqm/s   wrqm/s  %rrqm  %wrqm r_await w_await aqu-sz rareq-sz wareq-sz  svctm  %util
sdb           4005.00 18226.00     68.46     67.63 13522.00     0.00  77.15   0.00    0.81    0.75   0.19    17.51     3.80   0.04  98.40

2021년 09월 15일 18시 28분 51초
avg-cpu:  %user   %nice %system %iowait  %steal   %idle
           0.25    0.00   14.03   16.69    0.00   69.03

Device            r/s     w/s     rMB/s     wMB/s   rrqm/s   wrqm/s  %rrqm  %wrqm r_await w_await aqu-sz rareq-sz wareq-sz  svctm  %util
sdb           4101.00 18572.00     68.70     72.64 13487.00   918.00  76.68   4.71    0.83    0.73   0.01    17.15     4.01   0.04 100.40

2021년 09월 15일 18시 28분 52초
avg-cpu:  %user   %nice %system %iowait  %steal   %idle
           0.19    0.00   13.83   15.99    0.00   69.99

Device            r/s     w/s     rMB/s     wMB/s   rrqm/s   wrqm/s  %rrqm  %wrqm r_await w_await aqu-sz rareq-sz wareq-sz  svctm  %util
sdb           4330.00 18772.00     70.19     70.05 13644.00     0.00  75.91   0.00    0.80    0.73   0.23    16.60     3.82   0.04  99.20

2021년 09월 15일 18시 28분 53초
avg-cpu:  %user   %nice %system %iowait  %steal   %idle
           0.25    0.00   14.20   16.04    0.00   69.50

Device            r/s     w/s     rMB/s     wMB/s   rrqm/s   wrqm/s  %rrqm  %wrqm r_await w_await aqu-sz rareq-sz wareq-sz  svctm  %util
sdb           4768.00 18839.00     71.70     70.35 13577.00     0.00  74.01   0.00    0.79    0.71   0.00    15.40     3.82   0.04  99.60

2021년 09월 15일 18시 28분 54초
avg-cpu:  %user   %nice %system %iowait  %steal   %idle
           0.89    0.00   13.16   17.09    0.00   68.86

Device            r/s     w/s     rMB/s     wMB/s   rrqm/s   wrqm/s  %rrqm  %wrqm r_await w_await aqu-sz rareq-sz wareq-sz  svctm  %util
sdb           5073.00 18991.00     70.21     70.91 12904.00     0.00  71.78   0.00    0.75    0.72   0.29    14.17     3.82   0.04  99.20

2021년 09월 15일 18시 28분 55초
avg-cpu:  %user   %nice %system %iowait  %steal   %idle
           0.25    0.00   14.38   15.52    0.00   69.84

Device            r/s     w/s     rMB/s     wMB/s   rrqm/s   wrqm/s  %rrqm  %wrqm r_await w_await aqu-sz rareq-sz wareq-sz  svctm  %util
sdb           4755.00 18666.00     69.70     69.77 13088.00     0.00  73.35   0.00    0.76    0.72   0.00    15.01     3.83   0.04 100.00

2021년 09월 15일 18시 28분 56초
avg-cpu:  %user   %nice %system %iowait  %steal   %idle
           0.38    0.00   14.73   15.48    0.00   69.41

Device            r/s     w/s     rMB/s     wMB/s   rrqm/s   wrqm/s  %rrqm  %wrqm r_await w_await aqu-sz rareq-sz wareq-sz  svctm  %util
sdb           4501.00 18773.00     70.51     72.93 13550.00   725.00  75.07   3.72    0.82    0.71   0.08    16.04     3.98   0.04  99.60

2021년 09월 15일 18시 28분 57초
avg-cpu:  %user   %nice %system %iowait  %steal   %idle
           0.25    0.00   13.48   16.21    0.00   70.06

Device            r/s     w/s     rMB/s     wMB/s   rrqm/s   wrqm/s  %rrqm  %wrqm r_await w_await aqu-sz rareq-sz wareq-sz  svctm  %util
sdb           4061.00 18683.00     70.38     69.54 13954.00     0.00  77.46   0.00    0.85    0.72   0.02    17.75     3.81   0.04  99.20

2021년 09월 15일 18시 28분 58초
avg-cpu:  %user   %nice %system %iowait  %steal   %idle
           0.19    0.00   12.07   18.85    0.00   68.88

Device            r/s     w/s     rMB/s     wMB/s   rrqm/s   wrqm/s  %rrqm  %wrqm r_await w_await aqu-sz rareq-sz wareq-sz  svctm  %util
sdb           4396.00 17833.00     64.73     83.64 12186.00  4370.00  73.49  19.68    0.82    0.74   0.00    15.08     4.80   0.04 100.00

2021년 09월 15일 18시 28분 59초
avg-cpu:  %user   %nice %system %iowait  %steal   %idle
           0.44    0.00   14.72   16.17    0.00   68.67

Device            r/s     w/s     rMB/s     wMB/s   rrqm/s   wrqm/s  %rrqm  %wrqm r_await w_await aqu-sz rareq-sz wareq-sz  svctm  %util
sdb           4277.00 18571.00     70.51     69.29 13761.00     0.00  76.29   0.00    0.83    0.74   0.38    16.88     3.82   0.04  98.80

2021년 09월 15일 18시 29분 00초
avg-cpu:  %user   %nice %system %iowait  %steal   %idle
           0.45    0.00   12.61   16.41    0.00   70.53

Device            r/s     w/s     rMB/s     wMB/s   rrqm/s   wrqm/s  %rrqm  %wrqm r_await w_await aqu-sz rareq-sz wareq-sz  svctm  %util
sdb           4519.00 18977.00     70.21     70.86 13553.00     0.00  74.99   0.00    0.79    0.72   0.00    15.91     3.82   0.04 100.00

2021년 09월 15일 18시 29분 01초
avg-cpu:  %user   %nice %system %iowait  %steal   %idle
           0.19    0.00   15.17   15.55    0.00   69.09

Device            r/s     w/s     rMB/s     wMB/s   rrqm/s   wrqm/s  %rrqm  %wrqm r_await w_await aqu-sz rareq-sz wareq-sz  svctm  %util
sdb           4049.00 18199.00     67.75     70.88 13245.00   861.00  76.59   4.52    0.85    0.73   0.26    17.14     3.99   0.04  98.40

2021년 09월 15일 18시 29분 02초
avg-cpu:  %user   %nice %system %iowait  %steal   %idle
           0.32    0.00   13.13   16.34    0.00   70.21

Device            r/s     w/s     rMB/s     wMB/s   rrqm/s   wrqm/s  %rrqm  %wrqm r_await w_await aqu-sz rareq-sz wareq-sz  svctm  %util
sdb           4194.00 18786.00     70.61     69.92 13881.00     0.00  76.80   0.00    0.82    0.72   0.00    17.24     3.81   0.04 100.00

2021년 09월 15일 18시 29분 03초
avg-cpu:  %user   %nice %system %iowait  %steal   %idle
           0.19    0.00   13.28   16.86    0.00   69.67

Device            r/s     w/s     rMB/s     wMB/s   rrqm/s   wrqm/s  %rrqm  %wrqm r_await w_await aqu-sz rareq-sz wareq-sz  svctm  %util
sdb           4511.00 18260.00     68.27     68.04 12970.00     0.00  74.19   0.00    0.83    0.74   0.29    15.50     3.82   0.04  98.80

2021년 09월 15일 18시 29분 04초
avg-cpu:  %user   %nice %system %iowait  %steal   %idle
           0.38    0.00   13.36   16.43    0.00   69.82

Device            r/s     w/s     rMB/s     wMB/s   rrqm/s   wrqm/s  %rrqm  %wrqm r_await w_await aqu-sz rareq-sz wareq-sz  svctm  %util
sdb           4748.00 18885.00     71.77     70.54 13598.00     0.00  74.12   0.00    0.83    0.70   0.00    15.48     3.82   0.04 100.00

2021년 09월 15일 18시 29분 05초
avg-cpu:  %user   %nice %system %iowait  %steal   %idle
           0.37    0.00   14.86   15.61    0.00   69.16

Device            r/s     w/s     rMB/s     wMB/s   rrqm/s   wrqm/s  %rrqm  %wrqm r_await w_await aqu-sz rareq-sz wareq-sz  svctm  %util
sdb           4702.00 18693.00     69.20     69.68 12978.00     0.00  73.40   0.00    0.77    0.73   0.04    15.07     3.82   0.04 100.00

2021년 09월 15일 18시 29분 06초
avg-cpu:  %user   %nice %system %iowait  %steal   %idle
           0.38    0.00   12.78   15.97    0.00   70.86

Device            r/s     w/s     rMB/s     wMB/s   rrqm/s   wrqm/s  %rrqm  %wrqm r_await w_await aqu-sz rareq-sz wareq-sz  svctm  %util
sdb           4491.00 18445.00     69.24     71.54 13258.00   728.00  74.70   3.80    0.80    0.73   0.32    15.79     3.97   0.04  98.80

2021년 09월 15일 18시 29분 07초
avg-cpu:  %user   %nice %system %iowait  %steal   %idle
           0.25    0.00   14.07   15.34    0.00   70.34

Device            r/s     w/s     rMB/s     wMB/s   rrqm/s   wrqm/s  %rrqm  %wrqm r_await w_await aqu-sz rareq-sz wareq-sz  svctm  %util
sdb           4465.00 18771.00     70.41     70.04 13538.00     0.00  75.20   0.00    0.82    0.72   0.00    16.15     3.82   0.04 100.00

2021년 09월 15일 18시 29분 08초
avg-cpu:  %user   %nice %system %iowait  %steal   %idle
           0.25    0.00   15.46   16.15    0.00   68.14

Device            r/s     w/s     rMB/s     wMB/s   rrqm/s   wrqm/s  %rrqm  %wrqm r_await w_await aqu-sz rareq-sz wareq-sz  svctm  %util
sdb           4418.00 18566.00     69.28     69.14 13317.00     0.00  75.09   0.00    0.82    0.72   0.29    16.06     3.81   0.04  98.40

2021년 09월 15일 18시 29분 09초
avg-cpu:  %user   %nice %system %iowait  %steal   %idle
           0.32    0.00   13.32   15.24    0.00   71.13

Device            r/s     w/s     rMB/s     wMB/s   rrqm/s   wrqm/s  %rrqm  %wrqm r_await w_await aqu-sz rareq-sz wareq-sz  svctm  %util
sdb           4551.00 19036.00     70.89     70.89 13668.00     0.00  75.02   0.00    0.80    0.72   0.00    15.95     3.81   0.04 100.00

2021년 09월 15일 18시 29분 10초
avg-cpu:  %user   %nice %system %iowait  %steal   %idle
           0.57    0.00   13.46   17.16    0.00   68.81

Device            r/s     w/s     rMB/s     wMB/s   rrqm/s   wrqm/s  %rrqm  %wrqm r_await w_await aqu-sz rareq-sz wareq-sz  svctm  %util
sdb           4570.00 18575.00     70.69     69.16 13456.00     0.00  74.65   0.00    0.78    0.71   0.11    15.84     3.81   0.04  98.80

2021년 09월 15일 18시 29분 11초
avg-cpu:  %user   %nice %system %iowait  %steal   %idle
           0.24    0.00   17.50   15.30    0.00   66.95

Device            r/s     w/s     rMB/s     wMB/s   rrqm/s   wrqm/s  %rrqm  %wrqm r_await w_await aqu-sz rareq-sz wareq-sz  svctm  %util
sdb           4544.00 18513.00     69.62     72.33 13292.00   809.00  74.52   4.19    0.79    0.73   0.04    15.69     4.00   0.04 100.00

2021년 09월 15일 18시 29분 12초
avg-cpu:  %user   %nice %system %iowait  %steal   %idle
           0.26    0.00   13.48   15.28    0.00   70.99

Device            r/s     w/s     rMB/s     wMB/s   rrqm/s   wrqm/s  %rrqm  %wrqm r_await w_await aqu-sz rareq-sz wareq-sz  svctm  %util
sdb           4698.00 19614.00     72.85     73.43 13938.00     0.00  74.79   0.00    0.78    0.68   0.00    15.88     3.83   0.04 100.00

2021년 09월 15일 18시 29분 13초
avg-cpu:  %user   %nice %system %iowait  %steal   %idle
           0.32    0.00    7.76   10.69    0.00   81.23

Device            r/s     w/s     rMB/s     wMB/s   rrqm/s   wrqm/s  %rrqm  %wrqm r_await w_await aqu-sz rareq-sz wareq-sz  svctm  %util
sdb           2695.00 11995.00     43.29     44.81  8386.00     0.00  75.68   0.00    0.83    0.72   0.26    16.45     3.83   0.04  62.00

2021년 09월 15일 18시 29분 14초
avg-cpu:  %user   %nice %system %iowait  %steal   %idle
           0.06    0.00    0.12    0.00    0.00   99.81

Device            r/s     w/s     rMB/s     wMB/s   rrqm/s   wrqm/s  %rrqm  %wrqm r_await w_await aqu-sz rareq-sz wareq-sz  svctm  %util
sdb              0.00    0.00      0.00      0.00     0.00     0.00   0.00   0.00    0.00    0.00   0.00     0.00     0.00   0.00   0.00

2021년 09월 15일 18시 29분 15초
avg-cpu:  %user   %nice %system %iowait  %steal   %idle
           0.06    0.00    0.19    0.00    0.00   99.75

Device            r/s     w/s     rMB/s     wMB/s   rrqm/s   wrqm/s  %rrqm  %wrqm r_await w_await aqu-sz rareq-sz wareq-sz  svctm  %util
sdb              0.00    0.00      0.00      0.00     0.00     0.00   0.00   0.00    0.00    0.00   0.00     0.00     0.00   0.00   0.00

