Linux 5.5.8test (syslab-desk) 	2021년 08월 26일 	_x86_64_	(16 CPU)

2021년 08월 26일 18시 42분 22초
avg-cpu:  %user   %nice %system %iowait  %steal   %idle
           0.15    0.00    0.26    0.67    0.00   98.92

Device            r/s     w/s     rMB/s     wMB/s   rrqm/s   wrqm/s  %rrqm  %wrqm r_await w_await aqu-sz rareq-sz wareq-sz  svctm  %util
sdb             34.92  141.29      0.22      3.56     0.11   122.48   0.32  46.43    0.55    1.25   0.05     6.34    25.77   0.10   1.73

2021년 08월 26일 18시 42분 23초
avg-cpu:  %user   %nice %system %iowait  %steal   %idle
           0.06    0.00    0.06    0.00    0.00   99.88

Device            r/s     w/s     rMB/s     wMB/s   rrqm/s   wrqm/s  %rrqm  %wrqm r_await w_await aqu-sz rareq-sz wareq-sz  svctm  %util
sdb              0.00    0.00      0.00      0.00     0.00     0.00   0.00   0.00    0.00    0.00   0.00     0.00     0.00   0.00   0.00

2021년 08월 26일 18시 42분 24초
avg-cpu:  %user   %nice %system %iowait  %steal   %idle
           0.12    0.00    0.94    0.06    0.00   98.88

Device            r/s     w/s     rMB/s     wMB/s   rrqm/s   wrqm/s  %rrqm  %wrqm r_await w_await aqu-sz rareq-sz wareq-sz  svctm  %util
sdb           4565.00    1.00     17.83      0.00     0.00     0.00   0.00   0.00    0.12    0.00   0.00     4.00     0.00   0.14  62.00

2021년 08월 26일 18시 42분 25초
avg-cpu:  %user   %nice %system %iowait  %steal   %idle
           0.25    0.00    4.96    2.13    0.00   92.66

Device            r/s     w/s     rMB/s     wMB/s   rrqm/s   wrqm/s  %rrqm  %wrqm r_await w_await aqu-sz rareq-sz wareq-sz  svctm  %util
sdb           4834.00 3101.00     20.78     34.95   466.00  5977.00   8.79  65.84    0.33    0.39   0.08     4.40    11.54   0.11  90.80

2021년 08월 26일 18시 42분 26초
avg-cpu:  %user   %nice %system %iowait  %steal   %idle
           0.19    0.00    5.46    2.20    0.00   92.15

Device            r/s     w/s     rMB/s     wMB/s   rrqm/s   wrqm/s  %rrqm  %wrqm r_await w_await aqu-sz rareq-sz wareq-sz  svctm  %util
sdb           4901.00 4358.00     19.93     37.91   196.00  6112.00   3.85  58.38    0.34    0.35   0.00     4.16     8.91   0.11 100.00

2021년 08월 26일 18시 42분 27초
avg-cpu:  %user   %nice %system %iowait  %steal   %idle
           0.31    0.00    6.30    1.81    0.00   91.58

Device            r/s     w/s     rMB/s     wMB/s   rrqm/s   wrqm/s  %rrqm  %wrqm r_await w_await aqu-sz rareq-sz wareq-sz  svctm  %util
sdb           4610.00 5012.00     19.73     35.30   427.00  5617.00   8.48  52.85    0.34    0.34   0.00     4.38     7.21   0.10 100.00

2021년 08월 26일 18시 42분 28초
avg-cpu:  %user   %nice %system %iowait  %steal   %idle
           0.25    0.00    4.82    2.32    0.00   92.61

Device            r/s     w/s     rMB/s     wMB/s   rrqm/s   wrqm/s  %rrqm  %wrqm r_await w_await aqu-sz rareq-sz wareq-sz  svctm  %util
sdb           6373.00 4281.00     26.23     39.38   333.00  4667.00   4.97  52.16    0.29    0.34   0.08     4.22     9.42   0.09  98.40

2021년 08월 26일 18시 42분 29초
avg-cpu:  %user   %nice %system %iowait  %steal   %idle
           0.25    0.00    4.60    1.49    0.00   93.65

Device            r/s     w/s     rMB/s     wMB/s   rrqm/s   wrqm/s  %rrqm  %wrqm r_await w_await aqu-sz rareq-sz wareq-sz  svctm  %util
sdb           8160.00 4195.00     32.23     43.41    89.00  3951.00   1.08  48.50    0.26    0.31   0.00     4.05    10.60   0.08 100.00

2021년 08월 26일 18시 42분 30초
avg-cpu:  %user   %nice %system %iowait  %steal   %idle
           0.25    0.00    4.66    2.36    0.00   92.72

Device            r/s     w/s     rMB/s     wMB/s   rrqm/s   wrqm/s  %rrqm  %wrqm r_await w_await aqu-sz rareq-sz wareq-sz  svctm  %util
sdb           6879.00 4270.00     27.68     42.64   199.00  5072.00   2.81  54.29    0.30    0.32   0.02     4.12    10.22   0.09 100.00

2021년 08월 26일 18시 42분 31초
avg-cpu:  %user   %nice %system %iowait  %steal   %idle
           0.25    0.00    6.23    2.37    0.00   91.15

Device            r/s     w/s     rMB/s     wMB/s   rrqm/s   wrqm/s  %rrqm  %wrqm r_await w_await aqu-sz rareq-sz wareq-sz  svctm  %util
sdb           5112.00 3816.00     20.62     39.99   163.00  6639.00   3.09  63.50    0.33    0.37   0.00     4.13    10.73   0.11  98.40

2021년 08월 26일 18시 42분 32초
avg-cpu:  %user   %nice %system %iowait  %steal   %idle
           0.25    0.00    6.85    1.99    0.00   90.91

Device            r/s     w/s     rMB/s     wMB/s   rrqm/s   wrqm/s  %rrqm  %wrqm r_await w_await aqu-sz rareq-sz wareq-sz  svctm  %util
sdb           4963.00 3686.00     19.75     40.71    89.00  7125.00   1.76  65.91    0.33    0.40   0.08     4.07    11.31   0.12 100.00

2021년 08월 26일 18시 42분 33초
avg-cpu:  %user   %nice %system %iowait  %steal   %idle
           0.31    0.00    5.58    2.01    0.00   92.10

Device            r/s     w/s     rMB/s     wMB/s   rrqm/s   wrqm/s  %rrqm  %wrqm r_await w_await aqu-sz rareq-sz wareq-sz  svctm  %util
sdb           4800.00 4230.00     20.87     38.78   524.00  6533.00   9.84  60.70    0.34    0.38   0.00     4.45     9.39   0.11 100.00

2021년 08월 26일 18시 42분 34초
avg-cpu:  %user   %nice %system %iowait  %steal   %idle
           0.31    0.00    6.89    1.68    0.00   91.12

Device            r/s     w/s     rMB/s     wMB/s   rrqm/s   wrqm/s  %rrqm  %wrqm r_await w_await aqu-sz rareq-sz wareq-sz  svctm  %util
sdb           4833.00 5445.00     19.48     36.04   150.00  5573.00   3.01  50.58    0.32    0.31   0.00     4.13     6.78   0.10 100.00

2021년 08월 26일 18시 42분 35초
avg-cpu:  %user   %nice %system %iowait  %steal   %idle
           0.31    0.00    6.18    2.00    0.00   91.52

Device            r/s     w/s     rMB/s     wMB/s   rrqm/s   wrqm/s  %rrqm  %wrqm r_await w_await aqu-sz rareq-sz wareq-sz  svctm  %util
sdb           4374.00 4615.00     18.91     34.77   453.00  5792.00   9.38  55.65    0.36    0.36   0.06     4.43     7.71   0.11  98.40

2021년 08월 26일 18시 42분 36초
avg-cpu:  %user   %nice %system %iowait  %steal   %idle
           0.31    0.00    5.51    2.19    0.00   91.98

Device            r/s     w/s     rMB/s     wMB/s   rrqm/s   wrqm/s  %rrqm  %wrqm r_await w_await aqu-sz rareq-sz wareq-sz  svctm  %util
sdb           5030.00 4347.00     19.88     38.50    58.00  6196.00   1.14  58.77    0.33    0.35   0.00     4.05     9.07   0.11 100.00

2021년 08월 26일 18시 42분 37초
avg-cpu:  %user   %nice %system %iowait  %steal   %idle
           0.31    0.00    5.98    1.50    0.00   92.21

Device            r/s     w/s     rMB/s     wMB/s   rrqm/s   wrqm/s  %rrqm  %wrqm r_await w_await aqu-sz rareq-sz wareq-sz  svctm  %util
sdb           5848.00 5247.00     23.86     36.46   250.00  4436.00   4.10  45.81    0.29    0.30   0.00     4.18     7.12   0.09 100.00

2021년 08월 26일 18시 42분 38초
avg-cpu:  %user   %nice %system %iowait  %steal   %idle
           0.38    0.00    5.58    2.26    0.00   91.78

Device            r/s     w/s     rMB/s     wMB/s   rrqm/s   wrqm/s  %rrqm  %wrqm r_await w_await aqu-sz rareq-sz wareq-sz  svctm  %util
sdb           4447.00 4794.00     18.47     35.13   274.00  5706.00   5.80  54.34    0.35    0.36   0.08     4.25     7.50   0.11  98.40

2021년 08월 26일 18시 42분 39초
avg-cpu:  %user   %nice %system %iowait  %steal   %idle
           0.31    0.00    7.03    1.74    0.00   90.92

Device            r/s     w/s     rMB/s     wMB/s   rrqm/s   wrqm/s  %rrqm  %wrqm r_await w_await aqu-sz rareq-sz wareq-sz  svctm  %util
sdb           4152.00 5575.00     17.37     32.70   286.00  5302.00   6.44  48.75    0.35    0.32   0.00     4.28     6.01   0.10 100.00

2021년 08월 26일 18시 42분 40초
avg-cpu:  %user   %nice %system %iowait  %steal   %idle
           0.31    0.00    6.72    1.70    0.00   91.27

Device            r/s     w/s     rMB/s     wMB/s   rrqm/s   wrqm/s  %rrqm  %wrqm r_await w_await aqu-sz rareq-sz wareq-sz  svctm  %util
sdb           4085.00 5285.00     16.62     31.99   163.00  5268.00   3.84  49.92    0.33    0.32   0.00     4.17     6.20   0.11 100.00

2021년 08월 26일 18시 42분 41초
avg-cpu:  %user   %nice %system %iowait  %steal   %idle
           0.19    0.00    5.35    2.08    0.00   92.39

Device            r/s     w/s     rMB/s     wMB/s   rrqm/s   wrqm/s  %rrqm  %wrqm r_await w_await aqu-sz rareq-sz wareq-sz  svctm  %util
sdb           4613.00 4466.00     18.88     37.08   211.00  6306.00   4.37  58.54    0.35    0.36   0.00     4.19     8.50   0.11 100.00

2021년 08월 26일 18시 42분 42초
avg-cpu:  %user   %nice %system %iowait  %steal   %idle
           0.31    0.00    6.46    2.48    0.00   90.75

Device            r/s     w/s     rMB/s     wMB/s   rrqm/s   wrqm/s  %rrqm  %wrqm r_await w_await aqu-sz rareq-sz wareq-sz  svctm  %util
sdb           4596.00 4284.00     18.31     36.66    91.00  6090.00   1.94  58.70    0.36    0.39   0.10     4.08     8.76   0.11  98.40

2021년 08월 26일 18시 42분 43초
avg-cpu:  %user   %nice %system %iowait  %steal   %idle
           0.37    0.00    6.84    1.80    0.00   90.99

Device            r/s     w/s     rMB/s     wMB/s   rrqm/s   wrqm/s  %rrqm  %wrqm r_await w_await aqu-sz rareq-sz wareq-sz  svctm  %util
sdb           4490.00 4624.00     17.77     36.79    58.00  6168.00   1.28  57.15    0.34    0.36   0.00     4.05     8.15   0.11 100.00

2021년 08월 26일 18시 42분 44초
avg-cpu:  %user   %nice %system %iowait  %steal   %idle
           0.44    0.00    5.02    1.82    0.00   92.72

Device            r/s     w/s     rMB/s     wMB/s   rrqm/s   wrqm/s  %rrqm  %wrqm r_await w_await aqu-sz rareq-sz wareq-sz  svctm  %util
sdb           4798.00 4694.00     19.45     37.41   177.00  5977.00   3.56  56.01    0.34    0.35   0.00     4.15     8.16   0.11 100.00

2021년 08월 26일 18시 42분 45초
avg-cpu:  %user   %nice %system %iowait  %steal   %idle
           0.31    0.00    7.37    1.73    0.00   90.58

Device            r/s     w/s     rMB/s     wMB/s   rrqm/s   wrqm/s  %rrqm  %wrqm r_await w_await aqu-sz rareq-sz wareq-sz  svctm  %util
sdb           4075.00 5581.00     17.09     33.32   293.00  5406.00   6.71  49.20    0.35    0.32   0.00     4.29     6.11   0.10 100.00

2021년 08월 26일 18시 42분 46초
avg-cpu:  %user   %nice %system %iowait  %steal   %idle
           0.25    0.00    5.84    2.20    0.00   91.71

Device            r/s     w/s     rMB/s     wMB/s   rrqm/s   wrqm/s  %rrqm  %wrqm r_await w_await aqu-sz rareq-sz wareq-sz  svctm  %util
sdb           4639.00 5070.00     18.84     33.88   177.00  5228.00   3.68  50.77    0.33    0.33   0.06     4.16     6.84   0.10  98.40

2021년 08월 26일 18시 42분 47초
avg-cpu:  %user   %nice %system %iowait  %steal   %idle
           0.25    0.00    5.64    1.94    0.00   92.16

Device            r/s     w/s     rMB/s     wMB/s   rrqm/s   wrqm/s  %rrqm  %wrqm r_await w_await aqu-sz rareq-sz wareq-sz  svctm  %util
sdb           4925.00 3687.00     19.94     38.80   168.00  6473.00   3.30  63.71    0.35    0.40   0.00     4.15    10.78   0.12 100.00

2021년 08월 26일 18시 42분 48초
avg-cpu:  %user   %nice %system %iowait  %steal   %idle
           0.44    0.00    7.09    1.87    0.00   90.60

Device            r/s     w/s     rMB/s     wMB/s   rrqm/s   wrqm/s  %rrqm  %wrqm r_await w_await aqu-sz rareq-sz wareq-sz  svctm  %util
sdb           4917.00 3929.00     20.14     38.21   230.00  6282.00   4.47  61.52    0.33    0.38   0.00     4.19     9.96   0.11 100.00

2021년 08월 26일 18시 42분 49초
avg-cpu:  %user   %nice %system %iowait  %steal   %idle
           0.44    0.00    7.11    2.24    0.00   90.21

Device            r/s     w/s     rMB/s     wMB/s   rrqm/s   wrqm/s  %rrqm  %wrqm r_await w_await aqu-sz rareq-sz wareq-sz  svctm  %util
sdb           5045.00 3700.00     20.31     37.81   149.00  6362.00   2.87  63.23    0.32    0.40   0.08     4.12    10.46   0.11  98.40

2021년 08월 26일 18시 42분 50초
avg-cpu:  %user   %nice %system %iowait  %steal   %idle
           0.31    0.00    6.45    2.07    0.00   91.17

Device            r/s     w/s     rMB/s     wMB/s   rrqm/s   wrqm/s  %rrqm  %wrqm r_await w_await aqu-sz rareq-sz wareq-sz  svctm  %util
sdb           5357.00 4016.00     21.29     40.20    90.00  6526.00   1.65  61.90    0.31    0.36   0.00     4.07    10.25   0.11 100.00

2021년 08월 26일 18시 42분 51초
avg-cpu:  %user   %nice %system %iowait  %steal   %idle
           0.31    0.00    6.07    2.32    0.00   91.30

Device            r/s     w/s     rMB/s     wMB/s   rrqm/s   wrqm/s  %rrqm  %wrqm r_await w_await aqu-sz rareq-sz wareq-sz  svctm  %util
sdb           5345.00 4148.00     21.81     39.69   232.00  6330.00   4.16  60.41    0.32    0.36   0.00     4.18     9.80   0.11 100.00

2021년 08월 26일 18시 42분 52초
avg-cpu:  %user   %nice %system %iowait  %steal   %idle
           0.25    0.00    6.99    2.35    0.00   90.41

Device            r/s     w/s     rMB/s     wMB/s   rrqm/s   wrqm/s  %rrqm  %wrqm r_await w_await aqu-sz rareq-sz wareq-sz  svctm  %util
sdb           4526.00 3864.00     17.80     37.41    29.00  6524.00   0.64  62.80    0.36    0.40   0.08     4.03     9.91   0.12  98.40

2021년 08월 26일 18시 42분 53초
avg-cpu:  %user   %nice %system %iowait  %steal   %idle
           0.25    0.00    1.12    0.25    0.00   98.38

Device            r/s     w/s     rMB/s     wMB/s   rrqm/s   wrqm/s  %rrqm  %wrqm r_await w_await aqu-sz rareq-sz wareq-sz  svctm  %util
sdb            697.00  642.00      2.72      6.20     0.00  1039.00   0.00  61.81    0.35    0.40   0.00     4.00     9.89   0.12  16.00

2021년 08월 26일 18시 42분 54초
avg-cpu:  %user   %nice %system %iowait  %steal   %idle
           0.00    0.00    0.06    0.00    0.00   99.94

Device            r/s     w/s     rMB/s     wMB/s   rrqm/s   wrqm/s  %rrqm  %wrqm r_await w_await aqu-sz rareq-sz wareq-sz  svctm  %util
sdb              0.00    0.00      0.00      0.00     0.00     0.00   0.00   0.00    0.00    0.00   0.00     0.00     0.00   0.00   0.00

2021년 08월 26일 18시 42분 55초
avg-cpu:  %user   %nice %system %iowait  %steal   %idle
           0.00    0.00    0.13    0.00    0.00   99.87

Device            r/s     w/s     rMB/s     wMB/s   rrqm/s   wrqm/s  %rrqm  %wrqm r_await w_await aqu-sz rareq-sz wareq-sz  svctm  %util
sdb              0.00 1922.00      0.00     34.48     0.00  6905.00   0.00  78.23    0.00    0.39   0.00     0.00    18.37   0.05   9.20

