Linux 5.5.8test (syslab-desk) 	2021년 08월 26일 	_x86_64_	(16 CPU)

2021년 08월 26일 22시 05분 07초
avg-cpu:  %user   %nice %system %iowait  %steal   %idle
           0.15    0.00    0.29    0.69    0.00   98.88

Device            r/s     w/s     rMB/s     wMB/s   rrqm/s   wrqm/s  %rrqm  %wrqm r_await w_await aqu-sz rareq-sz wareq-sz  svctm  %util
sdb             34.81  148.26      0.22      3.70     0.12   135.27   0.35  47.71    0.55    1.24   0.05     6.33    25.55   0.10   1.82

2021년 08월 26일 22시 05분 08초
avg-cpu:  %user   %nice %system %iowait  %steal   %idle
           0.12    0.00    0.25    0.00    0.00   99.63

Device            r/s     w/s     rMB/s     wMB/s   rrqm/s   wrqm/s  %rrqm  %wrqm r_await w_await aqu-sz rareq-sz wareq-sz  svctm  %util
sdb              0.00    0.00      0.00      0.00     0.00     0.00   0.00   0.00    0.00    0.00   0.00     0.00     0.00   0.00   0.00

2021년 08월 26일 22시 05분 09초
avg-cpu:  %user   %nice %system %iowait  %steal   %idle
           0.06    0.00    0.12    0.00    0.00   99.81

Device            r/s     w/s     rMB/s     wMB/s   rrqm/s   wrqm/s  %rrqm  %wrqm r_await w_await aqu-sz rareq-sz wareq-sz  svctm  %util
sdb              0.00    0.00      0.00      0.00     0.00     0.00   0.00   0.00    0.00    0.00   0.00     0.00     0.00   0.00   0.00

2021년 08월 26일 22시 05분 10초
avg-cpu:  %user   %nice %system %iowait  %steal   %idle
           0.00    0.00    0.06    0.00    0.00   99.94

Device            r/s     w/s     rMB/s     wMB/s   rrqm/s   wrqm/s  %rrqm  %wrqm r_await w_await aqu-sz rareq-sz wareq-sz  svctm  %util
sdb              0.00    0.00      0.00      0.00     0.00     0.00   0.00   0.00    0.00    0.00   0.00     0.00     0.00   0.00   0.00

2021년 08월 26일 22시 05분 11초
avg-cpu:  %user   %nice %system %iowait  %steal   %idle
           0.31    0.00    1.06    1.06    0.00   97.57

Device            r/s     w/s     rMB/s     wMB/s   rrqm/s   wrqm/s  %rrqm  %wrqm r_await w_await aqu-sz rareq-sz wareq-sz  svctm  %util
sdb           1846.00    1.00      7.21      0.00     0.00     0.00   0.00   0.00    0.11    1.00   0.00     4.00     0.00   0.17  31.20

2021년 08월 26일 22시 05분 12초
avg-cpu:  %user   %nice %system %iowait  %steal   %idle
           0.31    0.00    2.81   10.23    0.00   86.65

Device            r/s     w/s     rMB/s     wMB/s   rrqm/s   wrqm/s  %rrqm  %wrqm r_await w_await aqu-sz rareq-sz wareq-sz  svctm  %util
sdb           9553.00 5724.00     39.97     32.45   654.00  3794.00   6.41  39.86    0.56    0.43   0.03     4.28     5.81   0.06  92.40

2021년 08월 26일 22시 05분 13초
avg-cpu:  %user   %nice %system %iowait  %steal   %idle
           0.91    0.00    8.03   14.24    0.00   76.83

Device            r/s     w/s     rMB/s     wMB/s   rrqm/s   wrqm/s  %rrqm  %wrqm r_await w_await aqu-sz rareq-sz wareq-sz  svctm  %util
sdb           7633.00 8486.00     30.90     55.11   270.00  9842.00   3.42  53.70    0.84    0.75   0.14     4.15     6.65   0.06 100.00

2021년 08월 26일 22시 05분 14초
avg-cpu:  %user   %nice %system %iowait  %steal   %idle
           0.52    0.00    9.81   15.29    0.00   74.39

Device            r/s     w/s     rMB/s     wMB/s   rrqm/s   wrqm/s  %rrqm  %wrqm r_await w_await aqu-sz rareq-sz wareq-sz  svctm  %util
sdb           7384.00 7901.00     31.53     55.73   657.00 10010.00   8.17  55.89    0.87    0.78   0.39     4.37     7.22   0.06  98.40

2021년 08월 26일 22시 05분 15초
avg-cpu:  %user   %nice %system %iowait  %steal   %idle
           0.71    0.00   11.23   13.73    0.00   74.34

Device            r/s     w/s     rMB/s     wMB/s   rrqm/s   wrqm/s  %rrqm  %wrqm r_await w_await aqu-sz rareq-sz wareq-sz  svctm  %util
sdb           7112.00 8911.00     29.16     54.20   344.00  9827.00   4.61  52.44    0.83    0.72   0.11     4.20     6.23   0.06 100.00

2021년 08월 26일 22시 05분 16초
avg-cpu:  %user   %nice %system %iowait  %steal   %idle
           0.65    0.00    8.12   15.39    0.00   75.84

Device            r/s     w/s     rMB/s     wMB/s   rrqm/s   wrqm/s  %rrqm  %wrqm r_await w_await aqu-sz rareq-sz wareq-sz  svctm  %util
sdb           7791.00 7423.00     31.77     55.97   333.00  9990.00   4.10  57.37    0.85    0.81   0.34     4.18     7.72   0.06  98.40

2021년 08월 26일 22시 05분 17초
avg-cpu:  %user   %nice %system %iowait  %steal   %idle
           0.71    0.00   10.21   13.41    0.00   75.67

Device            r/s     w/s     rMB/s     wMB/s   rrqm/s   wrqm/s  %rrqm  %wrqm r_await w_await aqu-sz rareq-sz wareq-sz  svctm  %util
sdb           7593.00 7840.00     31.21     57.76   377.00 10440.00   4.73  57.11    0.85    0.77   0.08     4.21     7.54   0.06 100.00

2021년 08월 26일 22시 05분 18초
avg-cpu:  %user   %nice %system %iowait  %steal   %idle
           0.69    0.00   13.02   13.46    0.00   72.83

Device            r/s     w/s     rMB/s     wMB/s   rrqm/s   wrqm/s  %rrqm  %wrqm r_await w_await aqu-sz rareq-sz wareq-sz  svctm  %util
sdb           7076.00 8937.00     28.93     52.73   320.00  9361.00   4.33  51.16    0.85    0.72   0.11     4.19     6.04   0.06 100.00

2021년 08월 26일 22시 05분 19초
avg-cpu:  %user   %nice %system %iowait  %steal   %idle
           0.76    0.00   12.44   14.72    0.00   72.08

Device            r/s     w/s     rMB/s     wMB/s   rrqm/s   wrqm/s  %rrqm  %wrqm r_await w_await aqu-sz rareq-sz wareq-sz  svctm  %util
sdb           6936.00 8762.00     29.89     55.42   690.00 10133.00   9.05  53.63    0.85    0.73   0.41     4.41     6.48   0.06  98.40

2021년 08월 26일 22시 05분 20초
avg-cpu:  %user   %nice %system %iowait  %steal   %idle
           0.71    0.00   11.11   13.55    0.00   74.63

Device            r/s     w/s     rMB/s     wMB/s   rrqm/s   wrqm/s  %rrqm  %wrqm r_await w_await aqu-sz rareq-sz wareq-sz  svctm  %util
sdb           7117.00 8197.00     29.38     57.96   391.00 10697.00   5.21  56.62    0.85    0.74   0.10     4.23     7.24   0.07 100.00

2021년 08월 26일 22시 05분 21초
avg-cpu:  %user   %nice %system %iowait  %steal   %idle
           0.71    0.00   10.85   15.54    0.00   72.90

Device            r/s     w/s     rMB/s     wMB/s   rrqm/s   wrqm/s  %rrqm  %wrqm r_await w_await aqu-sz rareq-sz wareq-sz  svctm  %util
sdb           6984.00 7948.00     28.85     56.76   390.00 10371.00   5.29  56.61    0.89    0.80   0.50     4.23     7.31   0.07  98.40

2021년 08월 26일 22시 05분 22초
avg-cpu:  %user   %nice %system %iowait  %steal   %idle
           1.22    0.00   10.51   13.78    0.00   74.49

Device            r/s     w/s     rMB/s     wMB/s   rrqm/s   wrqm/s  %rrqm  %wrqm r_await w_await aqu-sz rareq-sz wareq-sz  svctm  %util
sdb           8082.00 7381.00     32.84     64.25   314.00 11919.00   3.74  61.76    0.83    0.76   0.10     4.16     8.91   0.06 100.00

2021년 08월 26일 22시 05분 23초
avg-cpu:  %user   %nice %system %iowait  %steal   %idle
           0.70    0.00   12.48   14.00    0.00   72.83

Device            r/s     w/s     rMB/s     wMB/s   rrqm/s   wrqm/s  %rrqm  %wrqm r_await w_await aqu-sz rareq-sz wareq-sz  svctm  %util
sdb           7312.00 8277.00     30.06     56.86   361.00 10300.00   4.70  55.44    0.83    0.74   0.08     4.21     7.03   0.06 100.00

2021년 08월 26일 22시 05분 24초
avg-cpu:  %user   %nice %system %iowait  %steal   %idle
           0.51    0.00   12.77   13.79    0.00   72.92

Device            r/s     w/s     rMB/s     wMB/s   rrqm/s   wrqm/s  %rrqm  %wrqm r_await w_await aqu-sz rareq-sz wareq-sz  svctm  %util
sdb           7387.00 7528.00     30.31     60.73   357.00 11163.00   4.61  59.72    0.82    0.74   0.28     4.20     8.26   0.07  98.40

2021년 08월 26일 22시 05분 25초
avg-cpu:  %user   %nice %system %iowait  %steal   %idle
           0.58    0.00   12.56   13.01    0.00   73.85

Device            r/s     w/s     rMB/s     wMB/s   rrqm/s   wrqm/s  %rrqm  %wrqm r_await w_await aqu-sz rareq-sz wareq-sz  svctm  %util
sdb           7011.00 8881.00     28.79     56.97   347.00 10503.00   4.72  54.18    0.82    0.70   0.02     4.20     6.57   0.06 100.00

2021년 08월 26일 22시 05분 26초
avg-cpu:  %user   %nice %system %iowait  %steal   %idle
           0.64    0.00    9.17   11.40    0.00   78.79

Device            r/s     w/s     rMB/s     wMB/s   rrqm/s   wrqm/s  %rrqm  %wrqm r_await w_await aqu-sz rareq-sz wareq-sz  svctm  %util
sdb           4895.00 7218.00     20.32     40.47   299.00  7236.00   5.76  50.06    0.86    0.75   0.45     4.25     5.74   0.06  76.40

2021년 08월 26일 22시 05분 27초
avg-cpu:  %user   %nice %system %iowait  %steal   %idle
           0.06    0.00    0.06    0.00    0.00   99.88

Device            r/s     w/s     rMB/s     wMB/s   rrqm/s   wrqm/s  %rrqm  %wrqm r_await w_await aqu-sz rareq-sz wareq-sz  svctm  %util
sdb              0.00    0.00      0.00      0.00     0.00     0.00   0.00   0.00    0.00    0.00   0.00     0.00     0.00   0.00   0.00

2021년 08월 26일 22시 05분 28초
avg-cpu:  %user   %nice %system %iowait  %steal   %idle
           0.00    0.00    0.06    0.00    0.00   99.94

Device            r/s     w/s     rMB/s     wMB/s   rrqm/s   wrqm/s  %rrqm  %wrqm r_await w_await aqu-sz rareq-sz wareq-sz  svctm  %util
sdb              0.00    0.00      0.00      0.00     0.00     0.00   0.00   0.00    0.00    0.00   0.00     0.00     0.00   0.00   0.00

2021년 08월 26일 22시 05분 29초
avg-cpu:  %user   %nice %system %iowait  %steal   %idle
           0.06    0.00    0.12    0.00    0.00   99.81

Device            r/s     w/s     rMB/s     wMB/s   rrqm/s   wrqm/s  %rrqm  %wrqm r_await w_await aqu-sz rareq-sz wareq-sz  svctm  %util
sdb              0.00    0.00      0.00      0.00     0.00     0.00   0.00   0.00    0.00    0.00   0.00     0.00     0.00   0.00   0.00

2021년 08월 26일 22시 05분 30초
avg-cpu:  %user   %nice %system %iowait  %steal   %idle
           0.06    0.00    0.00    0.00    0.00   99.94

Device            r/s     w/s     rMB/s     wMB/s   rrqm/s   wrqm/s  %rrqm  %wrqm r_await w_await aqu-sz rareq-sz wareq-sz  svctm  %util
sdb              0.00    0.00      0.00      0.00     0.00     0.00   0.00   0.00    0.00    0.00   0.00     0.00     0.00   0.00   0.00

2021년 08월 26일 22시 05분 31초
avg-cpu:  %user   %nice %system %iowait  %steal   %idle
           0.00    0.00    0.06    0.00    0.00   99.94

Device            r/s     w/s     rMB/s     wMB/s   rrqm/s   wrqm/s  %rrqm  %wrqm r_await w_await aqu-sz rareq-sz wareq-sz  svctm  %util
sdb              0.00    0.00      0.00      0.00     0.00     0.00   0.00   0.00    0.00    0.00   0.00     0.00     0.00   0.00   0.00

2021년 08월 26일 22시 05분 32초
avg-cpu:  %user   %nice %system %iowait  %steal   %idle
           0.12    0.00    0.00    0.00    0.00   99.88

Device            r/s     w/s     rMB/s     wMB/s   rrqm/s   wrqm/s  %rrqm  %wrqm r_await w_await aqu-sz rareq-sz wareq-sz  svctm  %util
sdb              0.00    2.00      0.00      0.16     0.00    40.00   0.00  95.24    0.00    1.00   0.00     0.00    84.00   2.00   0.40

2021년 08월 26일 22시 05분 33초
avg-cpu:  %user   %nice %system %iowait  %steal   %idle
           1.13    0.00    0.75    0.06    0.00   98.06

Device            r/s     w/s     rMB/s     wMB/s   rrqm/s   wrqm/s  %rrqm  %wrqm r_await w_await aqu-sz rareq-sz wareq-sz  svctm  %util
sdb              0.00    0.00      0.00      0.00     0.00     0.00   0.00   0.00    0.00    0.00   0.00     0.00     0.00   0.00   0.00

2021년 08월 26일 22시 05분 34초
avg-cpu:  %user   %nice %system %iowait  %steal   %idle
           0.62    0.00    0.69    0.19    0.00   98.50

Device            r/s     w/s     rMB/s     wMB/s   rrqm/s   wrqm/s  %rrqm  %wrqm r_await w_await aqu-sz rareq-sz wareq-sz  svctm  %util
sdb              0.00    0.00      0.00      0.00     0.00     0.00   0.00   0.00    0.00    0.00   0.00     0.00     0.00   0.00   0.00

2021년 08월 26일 22시 05분 35초
avg-cpu:  %user   %nice %system %iowait  %steal   %idle
           0.06    0.00    0.06    0.00    0.00   99.88

Device            r/s     w/s     rMB/s     wMB/s   rrqm/s   wrqm/s  %rrqm  %wrqm r_await w_await aqu-sz rareq-sz wareq-sz  svctm  %util
sdb              0.00    0.00      0.00      0.00     0.00     0.00   0.00   0.00    0.00    0.00   0.00     0.00     0.00   0.00   0.00

2021년 08월 26일 22시 05분 36초
avg-cpu:  %user   %nice %system %iowait  %steal   %idle
           0.06    0.00    0.06    0.00    0.00   99.88

Device            r/s     w/s     rMB/s     wMB/s   rrqm/s   wrqm/s  %rrqm  %wrqm r_await w_await aqu-sz rareq-sz wareq-sz  svctm  %util
sdb              0.00    0.00      0.00      0.00     0.00     0.00   0.00   0.00    0.00    0.00   0.00     0.00     0.00   0.00   0.00

2021년 08월 26일 22시 05분 37초
avg-cpu:  %user   %nice %system %iowait  %steal   %idle
           0.00    0.00    0.13    0.00    0.00   99.87

Device            r/s     w/s     rMB/s     wMB/s   rrqm/s   wrqm/s  %rrqm  %wrqm r_await w_await aqu-sz rareq-sz wareq-sz  svctm  %util
sdb              0.00    0.00      0.00      0.00     0.00     0.00   0.00   0.00    0.00    0.00   0.00     0.00     0.00   0.00   0.00

