Linux 5.5.8test (syslab-desk) 	2021년 08월 26일 	_x86_64_	(16 CPU)

2021년 08월 26일 18시 06분 21초
avg-cpu:  %user   %nice %system %iowait  %steal   %idle
           0.14    0.00    0.24    0.65    0.00   98.96

Device            r/s     w/s     rMB/s     wMB/s   rrqm/s   wrqm/s  %rrqm  %wrqm r_await w_await aqu-sz rareq-sz wareq-sz  svctm  %util
sdb             34.74  136.05      0.22      3.45     0.11   113.49   0.30  45.48    0.55    1.25   0.05     6.36    25.93   0.10   1.67

2021년 08월 26일 18시 06분 22초
avg-cpu:  %user   %nice %system %iowait  %steal   %idle
           0.06    0.00    0.12    0.00    0.00   99.81

Device            r/s     w/s     rMB/s     wMB/s   rrqm/s   wrqm/s  %rrqm  %wrqm r_await w_await aqu-sz rareq-sz wareq-sz  svctm  %util
sdb              0.00    0.00      0.00      0.00     0.00     0.00   0.00   0.00    0.00    0.00   0.00     0.00     0.00   0.00   0.00

2021년 08월 26일 18시 06분 23초
avg-cpu:  %user   %nice %system %iowait  %steal   %idle
           0.06    0.00    0.06    0.00    0.00   99.87

Device            r/s     w/s     rMB/s     wMB/s   rrqm/s   wrqm/s  %rrqm  %wrqm r_await w_await aqu-sz rareq-sz wareq-sz  svctm  %util
sdb              0.00    0.00      0.00      0.00     0.00     0.00   0.00   0.00    0.00    0.00   0.00     0.00     0.00   0.00   0.00

2021년 08월 26일 18시 06분 24초
avg-cpu:  %user   %nice %system %iowait  %steal   %idle
           0.00    0.00    0.06    0.00    0.00   99.94

Device            r/s     w/s     rMB/s     wMB/s   rrqm/s   wrqm/s  %rrqm  %wrqm r_await w_await aqu-sz rareq-sz wareq-sz  svctm  %util
sdb              0.00    0.00      0.00      0.00     0.00     0.00   0.00   0.00    0.00    0.00   0.00     0.00     0.00   0.00   0.00

2021년 08월 26일 18시 06분 25초
avg-cpu:  %user   %nice %system %iowait  %steal   %idle
           0.06    0.00    0.19    0.00    0.00   99.75

Device            r/s     w/s     rMB/s     wMB/s   rrqm/s   wrqm/s  %rrqm  %wrqm r_await w_await aqu-sz rareq-sz wareq-sz  svctm  %util
sdb              0.00    0.00      0.00      0.00     0.00     0.00   0.00   0.00    0.00    0.00   0.00     0.00     0.00   0.00   0.00

2021년 08월 26일 18시 06분 26초
avg-cpu:  %user   %nice %system %iowait  %steal   %idle
           0.25    0.00    2.07    0.50    0.00   97.17

Device            r/s     w/s     rMB/s     wMB/s   rrqm/s   wrqm/s  %rrqm  %wrqm r_await w_await aqu-sz rareq-sz wareq-sz  svctm  %util
sdb           4531.00    0.00     17.70      0.00     0.00     0.00   0.00   0.00    0.11    0.00   0.00     4.00     0.00   0.18  80.40

2021년 08월 26일 18시 06분 27초
avg-cpu:  %user   %nice %system %iowait  %steal   %idle
           0.31    0.00    1.44    0.25    0.00   97.99

Device            r/s     w/s     rMB/s     wMB/s   rrqm/s   wrqm/s  %rrqm  %wrqm r_await w_await aqu-sz rareq-sz wareq-sz  svctm  %util
sdb           4187.00 1761.00     18.41     14.91   507.00   258.00  10.80  12.78    0.12    0.21   0.00     4.50     8.67   0.17 100.00

2021년 08월 26일 18시 06분 28초
avg-cpu:  %user   %nice %system %iowait  %steal   %idle
           0.50    0.00    1.50    0.37    0.00   97.63

Device            r/s     w/s     rMB/s     wMB/s   rrqm/s   wrqm/s  %rrqm  %wrqm r_await w_await aqu-sz rareq-sz wareq-sz  svctm  %util
sdb           3878.00 2102.00     15.51     15.01    90.00     0.00   2.27   0.00    0.12    0.19   0.00     4.10     7.31   0.17 100.00

2021년 08월 26일 18시 06분 29초
avg-cpu:  %user   %nice %system %iowait  %steal   %idle
           0.25    0.00    0.57    0.38    0.00   98.80

Device            r/s     w/s     rMB/s     wMB/s   rrqm/s   wrqm/s  %rrqm  %wrqm r_await w_await aqu-sz rareq-sz wareq-sz  svctm  %util
sdb           3888.00 2326.00     16.19     16.82   248.00   431.00   6.00  15.63    0.12    0.17   0.00     4.26     7.40   0.16 100.00

2021년 08월 26일 18시 06분 30초
avg-cpu:  %user   %nice %system %iowait  %steal   %idle
           0.50    0.00    1.00    4.83    0.00   93.67

Device            r/s     w/s     rMB/s     wMB/s   rrqm/s   wrqm/s  %rrqm  %wrqm r_await w_await aqu-sz rareq-sz wareq-sz  svctm  %util
sdb           3998.00 2346.00     15.62     15.50     0.00     0.00   0.00   0.00    0.13    0.17   0.00     4.00     6.77   0.16 100.00

2021년 08월 26일 18시 06분 31초
avg-cpu:  %user   %nice %system %iowait  %steal   %idle
           0.69    0.00    2.38    3.70    0.00   93.23

Device            r/s     w/s     rMB/s     wMB/s   rrqm/s   wrqm/s  %rrqm  %wrqm r_await w_await aqu-sz rareq-sz wareq-sz  svctm  %util
sdb           3712.00 2346.00     15.47     14.44   241.00     0.00   6.10   0.00    0.12    0.16   0.02     4.27     6.30   0.16  98.80

2021년 08월 26일 18시 06분 32초
avg-cpu:  %user   %nice %system %iowait  %steal   %idle
           0.44    0.00    2.70    2.32    0.00   94.54

Device            r/s     w/s     rMB/s     wMB/s   rrqm/s   wrqm/s  %rrqm  %wrqm r_await w_await aqu-sz rareq-sz wareq-sz  svctm  %util
sdb           3841.00 2234.00     15.41     14.91   100.00     0.00   2.54   0.00    0.11    0.16   0.00     4.11     6.84   0.16 100.00

2021년 08월 26일 18시 06분 33초
avg-cpu:  %user   %nice %system %iowait  %steal   %idle
           1.00    0.00    3.08    3.64    0.00   92.28

Device            r/s     w/s     rMB/s     wMB/s   rrqm/s   wrqm/s  %rrqm  %wrqm r_await w_await aqu-sz rareq-sz wareq-sz  svctm  %util
sdb           3597.00 1986.00     14.29     13.99    60.00     0.00   1.64   0.00    0.11    0.16   0.00     4.07     7.21   0.18 100.00

2021년 08월 26일 18시 06분 34초
avg-cpu:  %user   %nice %system %iowait  %steal   %idle
           0.82    0.00    3.45    1.88    0.00   93.86

Device            r/s     w/s     rMB/s     wMB/s   rrqm/s   wrqm/s  %rrqm  %wrqm r_await w_await aqu-sz rareq-sz wareq-sz  svctm  %util
sdb           3513.00 1766.00     14.57     18.75   212.00  1292.00   5.69  42.25    0.12    0.21   0.04     4.25    10.87   0.19 100.00

2021년 08월 26일 18시 06분 35초
avg-cpu:  %user   %nice %system %iowait  %steal   %idle
           0.88    0.00    3.09    2.96    0.00   93.07

Device            r/s     w/s     rMB/s     wMB/s   rrqm/s   wrqm/s  %rrqm  %wrqm r_await w_await aqu-sz rareq-sz wareq-sz  svctm  %util
sdb           3584.00 1694.00     14.48     13.96   119.00     0.00   3.21   0.00    0.11    0.19   0.00     4.14     8.44   0.19 100.00

2021년 08월 26일 18시 06분 36초
avg-cpu:  %user   %nice %system %iowait  %steal   %idle
           0.69    0.00    2.32    1.63    0.00   95.37

Device            r/s     w/s     rMB/s     wMB/s   rrqm/s   wrqm/s  %rrqm  %wrqm r_await w_await aqu-sz rareq-sz wareq-sz  svctm  %util
sdb           3798.00 2178.00     14.95     14.77    29.00     0.00   0.76   0.00    0.12    0.17   0.00     4.03     6.94   0.17 100.00

2021년 08월 26일 18시 06분 37초
avg-cpu:  %user   %nice %system %iowait  %steal   %idle
           0.63    0.00    2.01    4.28    0.00   93.08

Device            r/s     w/s     rMB/s     wMB/s   rrqm/s   wrqm/s  %rrqm  %wrqm r_await w_await aqu-sz rareq-sz wareq-sz  svctm  %util
sdb           3724.00 1875.00     15.20     14.48   161.00     0.00   4.14   0.00    0.12    0.19   0.00     4.18     7.91   0.18 100.00

2021년 08월 26일 18시 06분 38초
avg-cpu:  %user   %nice %system %iowait  %steal   %idle
           0.44    0.00    2.25    1.69    0.00   95.62

Device            r/s     w/s     rMB/s     wMB/s   rrqm/s   wrqm/s  %rrqm  %wrqm r_await w_await aqu-sz rareq-sz wareq-sz  svctm  %util
sdb           3924.00 1805.00     16.50     15.25   292.00     0.00   6.93   0.00    0.12    0.20   0.00     4.31     8.65   0.17 100.00

2021년 08월 26일 18시 06분 39초
avg-cpu:  %user   %nice %system %iowait  %steal   %idle
           0.19    0.00    1.01    0.38    0.00   98.43

Device            r/s     w/s     rMB/s     wMB/s   rrqm/s   wrqm/s  %rrqm  %wrqm r_await w_await aqu-sz rareq-sz wareq-sz  svctm  %util
sdb           3873.00 1808.00     15.37     19.36    59.00  1086.00   1.50  37.53    0.12    0.25   0.02     4.06    10.96   0.18 100.00

2021년 08월 26일 18시 06분 40초
avg-cpu:  %user   %nice %system %iowait  %steal   %idle
           0.69    0.00    2.19    1.44    0.00   95.68

Device            r/s     w/s     rMB/s     wMB/s   rrqm/s   wrqm/s  %rrqm  %wrqm r_await w_await aqu-sz rareq-sz wareq-sz  svctm  %util
sdb           3607.00 1805.00     14.09     14.04     0.00     0.00   0.00   0.00    0.12    0.21   0.02     4.00     7.96   0.18  98.40

2021년 08월 26일 18시 06분 41초
avg-cpu:  %user   %nice %system %iowait  %steal   %idle
           0.57    0.00    2.34    0.88    0.00   96.21

Device            r/s     w/s     rMB/s     wMB/s   rrqm/s   wrqm/s  %rrqm  %wrqm r_await w_await aqu-sz rareq-sz wareq-sz  svctm  %util
sdb           3507.00 1509.00     14.25     13.63   139.00     0.00   3.81   0.00    0.12    0.21   0.00     4.16     9.25   0.20 100.00

2021년 08월 26일 18시 06분 42초
avg-cpu:  %user   %nice %system %iowait  %steal   %idle
           0.19    0.00    0.63    0.38    0.00   98.81

Device            r/s     w/s     rMB/s     wMB/s   rrqm/s   wrqm/s  %rrqm  %wrqm r_await w_await aqu-sz rareq-sz wareq-sz  svctm  %util
sdb           4010.00 1693.00     16.09     15.62   106.00     0.00   2.58   0.00    0.12    0.24   0.00     4.11     9.45   0.18 100.00

2021년 08월 26일 18시 06분 43초
avg-cpu:  %user   %nice %system %iowait  %steal   %idle
           0.69    0.00    2.69    3.88    0.00   92.75

Device            r/s     w/s     rMB/s     wMB/s   rrqm/s   wrqm/s  %rrqm  %wrqm r_await w_await aqu-sz rareq-sz wareq-sz  svctm  %util
sdb           3703.00 1517.00     14.82     14.39    89.00     0.00   2.35   0.00    0.12    0.23   0.00     4.10     9.71   0.19 100.00

2021년 08월 26일 18시 06분 44초
avg-cpu:  %user   %nice %system %iowait  %steal   %idle
           0.38    0.00    2.32    1.69    0.00   95.61

Device            r/s     w/s     rMB/s     wMB/s   rrqm/s   wrqm/s  %rrqm  %wrqm r_await w_await aqu-sz rareq-sz wareq-sz  svctm  %util
sdb           3746.00 1572.00     15.24     18.17   151.00   917.00   3.87  36.84    0.12    0.24   0.02     4.17    11.83   0.19 100.00

2021년 08월 26일 18시 06분 45초
avg-cpu:  %user   %nice %system %iowait  %steal   %idle
           0.75    0.00    2.38    2.13    0.00   94.74

Device            r/s     w/s     rMB/s     wMB/s   rrqm/s   wrqm/s  %rrqm  %wrqm r_await w_await aqu-sz rareq-sz wareq-sz  svctm  %util
sdb           3535.00 1687.00     14.77     13.70   241.00     0.00   6.38   0.00    0.12    0.21   0.00     4.28     8.31   0.19 100.00

2021년 08월 26일 18시 06분 46초
avg-cpu:  %user   %nice %system %iowait  %steal   %idle
           0.44    0.00    1.51    1.32    0.00   96.73

Device            r/s     w/s     rMB/s     wMB/s   rrqm/s   wrqm/s  %rrqm  %wrqm r_await w_await aqu-sz rareq-sz wareq-sz  svctm  %util
sdb           3748.00 1762.00     14.64     14.67     0.00     0.00   0.00   0.00    0.12    0.21   0.00     4.00     8.53   0.18 100.00

2021년 08월 26일 18시 06분 47초
avg-cpu:  %user   %nice %system %iowait  %steal   %idle
           0.31    0.00    1.25    0.69    0.00   97.75

Device            r/s     w/s     rMB/s     wMB/s   rrqm/s   wrqm/s  %rrqm  %wrqm r_await w_await aqu-sz rareq-sz wareq-sz  svctm  %util
sdb           3967.00 1787.00     15.50     15.43     0.00     0.00   0.00   0.00    0.12    0.22   0.00     4.00     8.84   0.17 100.00

2021년 08월 26일 18시 06분 48초
avg-cpu:  %user   %nice %system %iowait  %steal   %idle
           0.06    0.00    0.69    0.31    0.00   98.93

Device            r/s     w/s     rMB/s     wMB/s   rrqm/s   wrqm/s  %rrqm  %wrqm r_await w_await aqu-sz rareq-sz wareq-sz  svctm  %util
sdb           3993.00 1743.00     15.84     15.51    59.00     0.00   1.46   0.00    0.12    0.22   0.00     4.06     9.11   0.17 100.00

2021년 08월 26일 18시 06분 49초
avg-cpu:  %user   %nice %system %iowait  %steal   %idle
           0.25    0.00    0.75    0.44    0.00   98.55

Device            r/s     w/s     rMB/s     wMB/s   rrqm/s   wrqm/s  %rrqm  %wrqm r_await w_await aqu-sz rareq-sz wareq-sz  svctm  %util
sdb           3811.00 1964.00     15.12     18.78    59.00  1002.00   1.52  33.78    0.13    0.22   0.03     4.06     9.79   0.17  98.40

2021년 08월 26일 18시 06분 50초
avg-cpu:  %user   %nice %system %iowait  %steal   %idle
           0.25    0.00    1.13    3.19    0.00   95.43

Device            r/s     w/s     rMB/s     wMB/s   rrqm/s   wrqm/s  %rrqm  %wrqm r_await w_await aqu-sz rareq-sz wareq-sz  svctm  %util
sdb           4130.00 2278.00     16.74     16.04   150.00     0.00   3.50   0.00    0.12    0.18   0.00     4.15     7.21   0.16 100.00

2021년 08월 26일 18시 06분 51초
avg-cpu:  %user   %nice %system %iowait  %steal   %idle
           0.25    0.00    1.07    1.38    0.00   97.30

Device            r/s     w/s     rMB/s     wMB/s   rrqm/s   wrqm/s  %rrqm  %wrqm r_await w_await aqu-sz rareq-sz wareq-sz  svctm  %util
sdb           4068.00 2307.00     16.38     15.87   121.00     0.00   2.89   0.00    0.12    0.17   0.00     4.12     7.04   0.16 100.00

2021년 08월 26일 18시 06분 52초
avg-cpu:  %user   %nice %system %iowait  %steal   %idle
           0.31    0.00    0.69    2.45    0.00   96.55

Device            r/s     w/s     rMB/s     wMB/s   rrqm/s   wrqm/s  %rrqm  %wrqm r_await w_await aqu-sz rareq-sz wareq-sz  svctm  %util
sdb           4071.00 2146.00     16.39     15.77   120.00     0.00   2.86   0.00    0.12    0.18   0.00     4.12     7.52   0.16 100.00

2021년 08월 26일 18시 06분 53초
avg-cpu:  %user   %nice %system %iowait  %steal   %idle
           0.19    0.00    0.88    0.25    0.00   98.68

Device            r/s     w/s     rMB/s     wMB/s   rrqm/s   wrqm/s  %rrqm  %wrqm r_await w_await aqu-sz rareq-sz wareq-sz  svctm  %util
sdb           4132.00 1906.00     16.38     16.09    59.00     0.00   1.41   0.00    0.12    0.20   0.00     4.06     8.65   0.17 100.00

2021년 08월 26일 18시 06분 54초
avg-cpu:  %user   %nice %system %iowait  %steal   %idle
           0.69    0.00    1.88    1.69    0.00   95.74

Device            r/s     w/s     rMB/s     wMB/s   rrqm/s   wrqm/s  %rrqm  %wrqm r_await w_await aqu-sz rareq-sz wareq-sz  svctm  %util
sdb           3706.00 2304.00     15.94     19.40   364.00  1275.00   8.94  35.62    0.12    0.19   0.04     4.40     8.62   0.17 100.00

2021년 08월 26일 18시 06분 55초
avg-cpu:  %user   %nice %system %iowait  %steal   %idle
           0.19    0.00    0.82    0.82    0.00   98.18

Device            r/s     w/s     rMB/s     wMB/s   rrqm/s   wrqm/s  %rrqm  %wrqm r_await w_await aqu-sz rareq-sz wareq-sz  svctm  %util
sdb           4101.00 2154.00     16.14     15.94    30.00     0.00   0.73   0.00    0.12    0.18   0.00     4.03     7.58   0.16 100.00

2021년 08월 26일 18시 06분 56초
avg-cpu:  %user   %nice %system %iowait  %steal   %idle
           0.19    0.00    1.13    2.25    0.00   96.43

Device            r/s     w/s     rMB/s     wMB/s   rrqm/s   wrqm/s  %rrqm  %wrqm r_await w_await aqu-sz rareq-sz wareq-sz  svctm  %util
sdb           4228.00 2000.00     17.61     16.41   273.00     0.00   6.07   0.00    0.12    0.20   0.00     4.27     8.40   0.16 100.00

2021년 08월 26일 18시 06분 57초
avg-cpu:  %user   %nice %system %iowait  %steal   %idle
           0.50    0.00    1.76    2.77    0.00   94.97

Device            r/s     w/s     rMB/s     wMB/s   rrqm/s   wrqm/s  %rrqm  %wrqm r_await w_await aqu-sz rareq-sz wareq-sz  svctm  %util
sdb           3810.00 1879.00     15.12     14.83    59.00     0.00   1.52   0.00    0.12    0.20   0.02     4.06     8.08   0.17  98.40

2021년 08월 26일 18시 06분 58초
avg-cpu:  %user   %nice %system %iowait  %steal   %idle
           0.13    0.00    0.82    2.01    0.00   97.05

Device            r/s     w/s     rMB/s     wMB/s   rrqm/s   wrqm/s  %rrqm  %wrqm r_await w_await aqu-sz rareq-sz wareq-sz  svctm  %util
sdb           4184.00 1792.00     16.71     16.23    91.00     0.00   2.13   0.00    0.12    0.22   0.00     4.09     9.28   0.17 100.00

2021년 08월 26일 18시 06분 59초
avg-cpu:  %user   %nice %system %iowait  %steal   %idle
           0.25    0.00    0.63    0.38    0.00   98.74

Device            r/s     w/s     rMB/s     wMB/s   rrqm/s   wrqm/s  %rrqm  %wrqm r_await w_await aqu-sz rareq-sz wareq-sz  svctm  %util
sdb           4089.00 1916.00     16.67     20.43   172.00  1142.00   4.04  37.34    0.12    0.23   0.02     4.17    10.92   0.17 100.00

2021년 08월 26일 18시 07분 00초
avg-cpu:  %user   %nice %system %iowait  %steal   %idle
           0.31    0.00    1.00    3.07    0.00   95.62

Device            r/s     w/s     rMB/s     wMB/s   rrqm/s   wrqm/s  %rrqm  %wrqm r_await w_await aqu-sz rareq-sz wareq-sz  svctm  %util
sdb           4169.00 1857.00     16.76     16.18   119.00     0.00   2.78   0.00    0.12    0.21   0.00     4.12     8.92   0.17 100.00

2021년 08월 26일 18시 07분 01초
avg-cpu:  %user   %nice %system %iowait  %steal   %idle
           0.56    0.00    2.25    2.38    0.00   94.81

Device            r/s     w/s     rMB/s     wMB/s   rrqm/s   wrqm/s  %rrqm  %wrqm r_await w_await aqu-sz rareq-sz wareq-sz  svctm  %util
sdb           3563.00 2097.00     14.16     13.87    59.00     0.00   1.63   0.00    0.12    0.17   0.00     4.07     6.77   0.18 100.00

2021년 08월 26일 18시 07분 02초
avg-cpu:  %user   %nice %system %iowait  %steal   %idle
           1.07    0.00    3.26    3.51    0.00   92.16

Device            r/s     w/s     rMB/s     wMB/s   rrqm/s   wrqm/s  %rrqm  %wrqm r_await w_await aqu-sz rareq-sz wareq-sz  svctm  %util
sdb           3530.00 1761.00     14.15     18.94    89.00  1205.00   2.46  40.63    0.11    0.33   0.00     4.10    11.01   0.19 100.00

2021년 08월 26일 18시 07분 03초
avg-cpu:  %user   %nice %system %iowait  %steal   %idle
           0.19    0.00    1.13    0.63    0.00   98.05

Device            r/s     w/s     rMB/s     wMB/s   rrqm/s   wrqm/s  %rrqm  %wrqm r_await w_await aqu-sz rareq-sz wareq-sz  svctm  %util
sdb           3766.00 2943.00     15.17     38.37   115.00  5265.00   2.96  64.14    0.12    0.48   0.04     4.13    13.35   0.15 100.00

2021년 08월 26일 18시 07분 04초
avg-cpu:  %user   %nice %system %iowait  %steal   %idle
           0.44    0.00    1.44    0.81    0.00   97.31

Device            r/s     w/s     rMB/s     wMB/s   rrqm/s   wrqm/s  %rrqm  %wrqm r_await w_await aqu-sz rareq-sz wareq-sz  svctm  %util
sdb           3657.00 2065.00     14.77     14.20   120.00     0.00   3.18   0.00    0.13    0.20   0.02     4.14     7.04   0.17  98.40

2021년 08월 26일 18시 07분 05초
avg-cpu:  %user   %nice %system %iowait  %steal   %idle
           0.69    0.00    4.00    2.81    0.00   92.50

Device            r/s     w/s     rMB/s     wMB/s   rrqm/s   wrqm/s  %rrqm  %wrqm r_await w_await aqu-sz rareq-sz wareq-sz  svctm  %util
sdb           3435.00 2033.00     13.81     13.33    98.00     0.00   2.77   0.00    0.11    0.16   0.00     4.12     6.71   0.18 100.00

2021년 08월 26일 18시 07분 06초
avg-cpu:  %user   %nice %system %iowait  %steal   %idle
           0.44    0.00    1.51    0.88    0.00   97.17

Device            r/s     w/s     rMB/s     wMB/s   rrqm/s   wrqm/s  %rrqm  %wrqm r_await w_await aqu-sz rareq-sz wareq-sz  svctm  %util
sdb           3860.00 2220.00     15.44     15.05    89.00     0.00   2.25   0.00    0.11    0.18   0.00     4.10     6.94   0.16 100.00

2021년 08월 26일 18시 07분 07초
avg-cpu:  %user   %nice %system %iowait  %steal   %idle
           0.38    0.00    2.12    0.25    0.00   97.25

Device            r/s     w/s     rMB/s     wMB/s   rrqm/s   wrqm/s  %rrqm  %wrqm r_await w_await aqu-sz rareq-sz wareq-sz  svctm  %util
sdb           3929.00 2345.00     15.35     15.29     0.00     0.00   0.00   0.00    0.11    0.16   0.00     4.00     6.67   0.16 100.00

2021년 08월 26일 18시 07분 08초
avg-cpu:  %user   %nice %system %iowait  %steal   %idle
           0.82    0.00    2.26    2.20    0.00   94.72

Device            r/s     w/s     rMB/s     wMB/s   rrqm/s   wrqm/s  %rrqm  %wrqm r_await w_await aqu-sz rareq-sz wareq-sz  svctm  %util
sdb           3461.00 2180.00     13.88     17.19    89.00   960.00   2.51  30.57    0.13    0.17   0.02     4.11     8.08   0.18 100.00

2021년 08월 26일 18시 07분 09초
avg-cpu:  %user   %nice %system %iowait  %steal   %idle
           0.94    0.00    3.58    3.39    0.00   92.10

Device            r/s     w/s     rMB/s     wMB/s   rrqm/s   wrqm/s  %rrqm  %wrqm r_await w_await aqu-sz rareq-sz wareq-sz  svctm  %util
sdb           3340.00 2114.00     13.78     12.98   182.00     0.00   5.17   0.00    0.12    0.14   0.00     4.22     6.29   0.18 100.00

2021년 08월 26일 18시 07분 10초
avg-cpu:  %user   %nice %system %iowait  %steal   %idle
           0.82    0.00    2.39    2.96    0.00   93.83

Device            r/s     w/s     rMB/s     wMB/s   rrqm/s   wrqm/s  %rrqm  %wrqm r_await w_await aqu-sz rareq-sz wareq-sz  svctm  %util
sdb           3531.00 1585.00     13.91     13.73    29.00     0.00   0.81   0.00    0.12    0.20   0.00     4.03     8.87   0.20 100.00

2021년 08월 26일 18시 07분 11초
avg-cpu:  %user   %nice %system %iowait  %steal   %idle
           0.31    0.00    0.75    0.31    0.00   98.62

Device            r/s     w/s     rMB/s     wMB/s   rrqm/s   wrqm/s  %rrqm  %wrqm r_await w_await aqu-sz rareq-sz wareq-sz  svctm  %util
sdb           4032.00 2162.00     16.50     15.63   186.00     0.00   4.41   0.00    0.12    0.19   0.00     4.19     7.40   0.16 100.00

2021년 08월 26일 18시 07분 12초
avg-cpu:  %user   %nice %system %iowait  %steal   %idle
           0.69    0.00    1.83    2.27    0.00   95.22

Device            r/s     w/s     rMB/s     wMB/s   rrqm/s   wrqm/s  %rrqm  %wrqm r_await w_await aqu-sz rareq-sz wareq-sz  svctm  %util
sdb           3630.00 2013.00     14.65     14.12   116.00     0.00   3.10   0.00    0.12    0.17   0.00     4.13     7.18   0.18 100.40

2021년 08월 26일 18시 07분 13초
avg-cpu:  %user   %nice %system %iowait  %steal   %idle
           0.13    0.00    0.88    0.50    0.00   98.49

Device            r/s     w/s     rMB/s     wMB/s   rrqm/s   wrqm/s  %rrqm  %wrqm r_await w_await aqu-sz rareq-sz wareq-sz  svctm  %util
sdb           3859.00 2598.00     15.47     18.28    98.00  1122.00   2.48  30.16    0.12    0.16   0.01     4.10     7.20   0.15  98.80

2021년 08월 26일 18시 07분 14초
avg-cpu:  %user   %nice %system %iowait  %steal   %idle
           0.31    0.00    0.69    0.38    0.00   98.62

Device            r/s     w/s     rMB/s     wMB/s   rrqm/s   wrqm/s  %rrqm  %wrqm r_await w_await aqu-sz rareq-sz wareq-sz  svctm  %util
sdb           3892.00 3123.00     15.93     16.22   183.00     0.00   4.49   0.00    0.12    0.15   0.07     4.19     5.32   0.14  99.60

2021년 08월 26일 18시 07분 15초
avg-cpu:  %user   %nice %system %iowait  %steal   %idle
           0.31    0.00    0.82    3.14    0.00   95.73

Device            r/s     w/s     rMB/s     wMB/s   rrqm/s   wrqm/s  %rrqm  %wrqm r_await w_await aqu-sz rareq-sz wareq-sz  svctm  %util
sdb           4090.00 3160.00     16.21     15.82    60.00     0.00   1.45   0.00    0.12    0.13   0.00     4.06     5.13   0.14 100.00

2021년 08월 26일 18시 07분 16초
avg-cpu:  %user   %nice %system %iowait  %steal   %idle
           0.13    0.00    0.44    0.13    0.00   99.31

Device            r/s     w/s     rMB/s     wMB/s   rrqm/s   wrqm/s  %rrqm  %wrqm r_await w_await aqu-sz rareq-sz wareq-sz  svctm  %util
sdb           1338.00  827.00      5.23      5.22     0.00     0.00   0.00   0.00    0.11    0.16   0.00     4.00     6.47   0.15  32.80

2021년 08월 26일 18시 07분 17초
avg-cpu:  %user   %nice %system %iowait  %steal   %idle
           0.06    0.00    0.12    0.00    0.00   99.81

Device            r/s     w/s     rMB/s     wMB/s   rrqm/s   wrqm/s  %rrqm  %wrqm r_await w_await aqu-sz rareq-sz wareq-sz  svctm  %util
sdb              0.00    0.00      0.00      0.00     0.00     0.00   0.00   0.00    0.00    0.00   0.00     0.00     0.00   0.00   0.00

2021년 08월 26일 18시 07분 18초
avg-cpu:  %user   %nice %system %iowait  %steal   %idle
           0.06    0.00    0.06    0.00    0.00   99.87

Device            r/s     w/s     rMB/s     wMB/s   rrqm/s   wrqm/s  %rrqm  %wrqm r_await w_await aqu-sz rareq-sz wareq-sz  svctm  %util
sdb              0.00    0.00      0.00      0.00     0.00     0.00   0.00   0.00    0.00    0.00   0.00     0.00     0.00   0.00   0.00

2021년 08월 26일 18시 07분 19초
avg-cpu:  %user   %nice %system %iowait  %steal   %idle
           0.12    0.00    0.06    0.00    0.00   99.81

Device            r/s     w/s     rMB/s     wMB/s   rrqm/s   wrqm/s  %rrqm  %wrqm r_await w_await aqu-sz rareq-sz wareq-sz  svctm  %util
sdb              0.00    0.00      0.00      0.00     0.00     0.00   0.00   0.00    0.00    0.00   0.00     0.00     0.00   0.00   0.00

2021년 08월 26일 18시 07분 20초
avg-cpu:  %user   %nice %system %iowait  %steal   %idle
           0.00    0.00    0.19    0.00    0.00   99.81

Device            r/s     w/s     rMB/s     wMB/s   rrqm/s   wrqm/s  %rrqm  %wrqm r_await w_await aqu-sz rareq-sz wareq-sz  svctm  %util
sdb              0.00    7.00      0.00      2.79     0.00   707.00   0.00  99.02    0.00    2.71   0.01     0.00   408.00   1.71   1.20

2021년 08월 26일 18시 07분 21초
avg-cpu:  %user   %nice %system %iowait  %steal   %idle
           0.06    0.00    0.06    0.00    0.00   99.87

Device            r/s     w/s     rMB/s     wMB/s   rrqm/s   wrqm/s  %rrqm  %wrqm r_await w_await aqu-sz rareq-sz wareq-sz  svctm  %util
sdb              0.00    0.00      0.00      0.00     0.00     0.00   0.00   0.00    0.00    0.00   0.00     0.00     0.00   0.00   0.00

