Linux 5.5.8test (syslab-desk) 	2021년 10월 04일 	_x86_64_	(16 CPU)

2021년 10월 04일 14시 22분 52초
avg-cpu:  %user   %nice %system %iowait  %steal   %idle
           3.37    0.00    1.76    2.86    0.00   92.02

Device            r/s     w/s     rMB/s     wMB/s   rrqm/s   wrqm/s  %rrqm  %wrqm r_await w_await aqu-sz rareq-sz wareq-sz  svctm  %util
nvme0n1        125.20 2091.81      0.49     54.50     0.82  1722.54   0.65  45.16    0.46    4.93   7.32     4.04    26.68   0.05  10.86

2021년 10월 04일 14시 22분 53초
avg-cpu:  %user   %nice %system %iowait  %steal   %idle
           0.06    0.00    0.06    0.00    0.00   99.88

Device            r/s     w/s     rMB/s     wMB/s   rrqm/s   wrqm/s  %rrqm  %wrqm r_await w_await aqu-sz rareq-sz wareq-sz  svctm  %util
nvme0n1          0.00    0.00      0.00      0.00     0.00     0.00   0.00   0.00    0.00    0.00   0.00     0.00     0.00   0.00   0.00

2021년 10월 04일 14시 22분 54초
avg-cpu:  %user   %nice %system %iowait  %steal   %idle
           0.06    0.00    0.12    0.00    0.00   99.81

Device            r/s     w/s     rMB/s     wMB/s   rrqm/s   wrqm/s  %rrqm  %wrqm r_await w_await aqu-sz rareq-sz wareq-sz  svctm  %util
nvme0n1          0.00    0.00      0.00      0.00     0.00     0.00   0.00   0.00    0.00    0.00   0.00     0.00     0.00   0.00   0.00

2021년 10월 04일 14시 22분 55초
avg-cpu:  %user   %nice %system %iowait  %steal   %idle
           0.19    0.00    3.44   14.65    0.00   81.72

Device            r/s     w/s     rMB/s     wMB/s   rrqm/s   wrqm/s  %rrqm  %wrqm r_await w_await aqu-sz rareq-sz wareq-sz  svctm  %util
nvme0n1       2443.00 1902.00     27.66      5.95  4636.00     2.00  65.49   0.11    1.27    1.48   0.72    11.60     3.20   0.11  49.60

2021년 10월 04일 14시 22분 56초
avg-cpu:  %user   %nice %system %iowait  %steal   %idle
           0.70    0.00    4.89   91.18    0.00    3.24

Device            r/s     w/s     rMB/s     wMB/s   rrqm/s   wrqm/s  %rrqm  %wrqm r_await w_await aqu-sz rareq-sz wareq-sz  svctm  %util
nvme0n1       7626.00 9579.00     29.79     29.69     0.00     0.00   0.00   0.00    3.21    3.25  17.75     4.00     3.17   0.06 100.00

2021년 10월 04일 14시 22분 57초
avg-cpu:  %user   %nice %system %iowait  %steal   %idle
           0.38    0.00    4.96   91.49    0.00    3.18

Device            r/s     w/s     rMB/s     wMB/s   rrqm/s   wrqm/s  %rrqm  %wrqm r_await w_await aqu-sz rareq-sz wareq-sz  svctm  %util
nvme0n1       7342.00 9207.00     28.68     28.44     0.00     0.00   0.00   0.00    3.43    3.39  20.08     4.00     3.16   0.06 100.00

2021년 10월 04일 14시 22분 58초
avg-cpu:  %user   %nice %system %iowait  %steal   %idle
           0.25    0.00    4.96   90.90    0.00    3.88

Device            r/s     w/s     rMB/s     wMB/s   rrqm/s   wrqm/s  %rrqm  %wrqm r_await w_await aqu-sz rareq-sz wareq-sz  svctm  %util
nvme0n1       7610.00 9484.00     29.73     29.43     0.00     0.00   0.00   0.00    3.30    3.33  18.46     4.00     3.18   0.06 100.00

2021년 10월 04일 14시 22분 59초
avg-cpu:  %user   %nice %system %iowait  %steal   %idle
           0.45    0.00    4.27   90.18    0.00    5.10

Device            r/s     w/s     rMB/s     wMB/s   rrqm/s   wrqm/s  %rrqm  %wrqm r_await w_await aqu-sz rareq-sz wareq-sz  svctm  %util
nvme0n1       7438.00 9290.00     29.05     28.81     0.00     0.00   0.00   0.00    3.31    3.32  19.34     4.00     3.18   0.06 100.00

2021년 10월 04일 14시 23분 00초
avg-cpu:  %user   %nice %system %iowait  %steal   %idle
           0.51    0.00    5.51   85.89    0.00    8.10

Device            r/s     w/s     rMB/s     wMB/s   rrqm/s   wrqm/s  %rrqm  %wrqm r_await w_await aqu-sz rareq-sz wareq-sz  svctm  %util
nvme0n1       7212.00 9197.00     28.17     44.19     0.00  4109.00   0.00  30.88    3.22    3.24  14.94     4.00     4.92   0.06 100.00

2021년 10월 04일 14시 23분 01초
avg-cpu:  %user   %nice %system %iowait  %steal   %idle
           0.76    0.00    4.75   91.51    0.00    2.98

Device            r/s     w/s     rMB/s     wMB/s   rrqm/s   wrqm/s  %rrqm  %wrqm r_await w_await aqu-sz rareq-sz wareq-sz  svctm  %util
nvme0n1       7208.00 9159.00     28.16     28.05     0.00     0.00   0.00   0.00    3.21    3.37  19.85     4.00     3.14   0.06 100.00

2021년 10월 04일 14시 23분 02초
avg-cpu:  %user   %nice %system %iowait  %steal   %idle
           0.32    0.00    4.33   90.51    0.00    4.84

Device            r/s     w/s     rMB/s     wMB/s   rrqm/s   wrqm/s  %rrqm  %wrqm r_await w_await aqu-sz rareq-sz wareq-sz  svctm  %util
nvme0n1       7374.00 9182.00     28.80     28.46     0.00     0.00   0.00   0.00    3.38    3.44  21.51     4.00     3.17   0.06 100.00

2021년 10월 04일 14시 23분 03초
avg-cpu:  %user   %nice %system %iowait  %steal   %idle
           0.32    0.00    4.66   90.11    0.00    4.91

Device            r/s     w/s     rMB/s     wMB/s   rrqm/s   wrqm/s  %rrqm  %wrqm r_await w_await aqu-sz rareq-sz wareq-sz  svctm  %util
nvme0n1       7201.00 9191.00     28.13     28.06     0.00     0.00   0.00   0.00    3.26    3.26  17.76     4.00     3.13   0.06 100.00

2021년 10월 04일 14시 23분 04초
avg-cpu:  %user   %nice %system %iowait  %steal   %idle
           0.51    0.00    5.32   88.59    0.00    5.58

Device            r/s     w/s     rMB/s     wMB/s   rrqm/s   wrqm/s  %rrqm  %wrqm r_await w_await aqu-sz rareq-sz wareq-sz  svctm  %util
nvme0n1       6995.00 8975.00     27.32     27.10     0.00     0.00   0.00   0.00    3.24    3.22  15.73     4.00     3.09   0.06 100.00

2021년 10월 04일 14시 23분 05초
avg-cpu:  %user   %nice %system %iowait  %steal   %idle
           0.57    0.00    4.71   90.52    0.00    4.20

Device            r/s     w/s     rMB/s     wMB/s   rrqm/s   wrqm/s  %rrqm  %wrqm r_await w_await aqu-sz rareq-sz wareq-sz  svctm  %util
nvme0n1       7522.00 9482.00     29.38     45.12     0.00  4071.00   0.00  30.04    3.23    3.28  18.75     4.00     4.87   0.06 100.00

2021년 10월 04일 14시 23분 06초
avg-cpu:  %user   %nice %system %iowait  %steal   %idle
           0.57    0.00    4.51   91.12    0.00    3.81

Device            r/s     w/s     rMB/s     wMB/s   rrqm/s   wrqm/s  %rrqm  %wrqm r_await w_await aqu-sz rareq-sz wareq-sz  svctm  %util
nvme0n1       7265.00 9088.00     28.38     28.22     0.00     0.00   0.00   0.00    3.57    3.49  24.34     4.00     3.18   0.06 100.00

2021년 10월 04일 14시 23분 07초
avg-cpu:  %user   %nice %system %iowait  %steal   %idle
           0.69    0.00    5.29   88.29    0.00    5.73

Device            r/s     w/s     rMB/s     wMB/s   rrqm/s   wrqm/s  %rrqm  %wrqm r_await w_await aqu-sz rareq-sz wareq-sz  svctm  %util
nvme0n1       7297.00 9160.00     28.50     28.25     0.00     0.00   0.00   0.00    3.35    3.41  19.54     4.00     3.16   0.06 100.00

2021년 10월 04일 14시 23분 08초
avg-cpu:  %user   %nice %system %iowait  %steal   %idle
           0.38    0.00    5.03   92.56    0.00    2.04

Device            r/s     w/s     rMB/s     wMB/s   rrqm/s   wrqm/s  %rrqm  %wrqm r_await w_await aqu-sz rareq-sz wareq-sz  svctm  %util
nvme0n1       7004.00 8945.00     27.36     27.18     0.00     0.00   0.00   0.00    3.33    3.33  16.22     4.00     3.11   0.06 100.00

2021년 10월 04일 14시 23분 09초
avg-cpu:  %user   %nice %system %iowait  %steal   %idle
           0.13    0.00    4.78   89.04    0.00    6.05

Device            r/s     w/s     rMB/s     wMB/s   rrqm/s   wrqm/s  %rrqm  %wrqm r_await w_await aqu-sz rareq-sz wareq-sz  svctm  %util
nvme0n1       7068.00 8996.00     27.61     27.45     0.00     0.00   0.00   0.00    3.37    3.36  20.40     4.00     3.12   0.06 100.00

2021년 10월 04일 14시 23분 10초
avg-cpu:  %user   %nice %system %iowait  %steal   %idle
           0.77    0.00    4.53   92.28    0.00    2.42

Device            r/s     w/s     rMB/s     wMB/s   rrqm/s   wrqm/s  %rrqm  %wrqm r_await w_await aqu-sz rareq-sz wareq-sz  svctm  %util
nvme0n1       7501.00 9371.00     29.30     44.64     0.00  3990.00   0.00  29.86    3.30    3.28  18.68     4.00     4.88   0.06 100.00

2021년 10월 04일 14시 23분 11초
avg-cpu:  %user   %nice %system %iowait  %steal   %idle
           0.45    0.00    4.28   90.92    0.00    4.35

Device            r/s     w/s     rMB/s     wMB/s   rrqm/s   wrqm/s  %rrqm  %wrqm r_await w_await aqu-sz rareq-sz wareq-sz  svctm  %util
nvme0n1       7117.00 9001.00     27.80     27.73     0.00     0.00   0.00   0.00    3.38    3.35  18.44     4.00     3.15   0.06 100.00

2021년 10월 04일 14시 23분 12초
avg-cpu:  %user   %nice %system %iowait  %steal   %idle
           0.45    0.00    4.97   91.84    0.00    2.74

Device            r/s     w/s     rMB/s     wMB/s   rrqm/s   wrqm/s  %rrqm  %wrqm r_await w_await aqu-sz rareq-sz wareq-sz  svctm  %util
nvme0n1       7222.00 9248.00     28.21     27.96     0.00     0.00   0.00   0.00    3.21    3.18  15.05     4.00     3.10   0.06 100.00

2021년 10월 04일 14시 23분 13초
avg-cpu:  %user   %nice %system %iowait  %steal   %idle
           0.51    0.00    4.29   91.87    0.00    3.33

Device            r/s     w/s     rMB/s     wMB/s   rrqm/s   wrqm/s  %rrqm  %wrqm r_await w_await aqu-sz rareq-sz wareq-sz  svctm  %util
nvme0n1       7020.00 8917.00     27.42     27.14     0.00     0.00   0.00   0.00    3.33    3.31  18.42     4.00     3.12   0.06 100.00

2021년 10월 04일 14시 23분 14초
avg-cpu:  %user   %nice %system %iowait  %steal   %idle
           0.51    0.00    4.09   93.30    0.00    2.11

Device            r/s     w/s     rMB/s     wMB/s   rrqm/s   wrqm/s  %rrqm  %wrqm r_await w_await aqu-sz rareq-sz wareq-sz  svctm  %util
nvme0n1       7440.00 9294.00     29.06     28.96     0.00     0.00   0.00   0.00    3.41    3.37  21.74     4.00     3.19   0.06 100.00

2021년 10월 04일 14시 23분 15초
avg-cpu:  %user   %nice %system %iowait  %steal   %idle
           0.64    0.00    4.96   90.45    0.00    3.95

Device            r/s     w/s     rMB/s     wMB/s   rrqm/s   wrqm/s  %rrqm  %wrqm r_await w_await aqu-sz rareq-sz wareq-sz  svctm  %util
nvme0n1       7509.00 9468.00     29.33     44.91     0.00  4025.00   0.00  29.83    3.19    3.26  18.24     4.00     4.86   0.06 100.00

2021년 10월 04일 14시 23분 16초
avg-cpu:  %user   %nice %system %iowait  %steal   %idle
           0.51    0.00    4.94   91.07    0.00    3.48

Device            r/s     w/s     rMB/s     wMB/s   rrqm/s   wrqm/s  %rrqm  %wrqm r_await w_await aqu-sz rareq-sz wareq-sz  svctm  %util
nvme0n1       7015.00 8854.00     27.40     27.19     0.00     0.00   0.00   0.00    3.41    3.40  17.74     4.00     3.14   0.06 100.00

2021년 10월 04일 14시 23분 17초
avg-cpu:  %user   %nice %system %iowait  %steal   %idle
           0.45    0.00    4.72   88.21    0.00    6.63

Device            r/s     w/s     rMB/s     wMB/s   rrqm/s   wrqm/s  %rrqm  %wrqm r_await w_await aqu-sz rareq-sz wareq-sz  svctm  %util
nvme0n1       7193.00 9094.00     28.10     27.83     0.00     0.00   0.00   0.00    3.29    3.25  16.52     4.00     3.13   0.06 100.00

2021년 10월 04일 14시 23분 18초
avg-cpu:  %user   %nice %system %iowait  %steal   %idle
           0.44    0.00    5.06   89.06    0.00    5.44

Device            r/s     w/s     rMB/s     wMB/s   rrqm/s   wrqm/s  %rrqm  %wrqm r_await w_await aqu-sz rareq-sz wareq-sz  svctm  %util
nvme0n1       7190.00 9066.00     28.09     27.83     0.00     0.00   0.00   0.00    3.32    3.35  18.40     4.00     3.14   0.06 100.00

2021년 10월 04일 14시 23분 19초
avg-cpu:  %user   %nice %system %iowait  %steal   %idle
           0.51    0.00    3.66   93.07    0.00    2.76

Device            r/s     w/s     rMB/s     wMB/s   rrqm/s   wrqm/s  %rrqm  %wrqm r_await w_await aqu-sz rareq-sz wareq-sz  svctm  %util
nvme0n1       7501.00 9337.00     29.30     29.12     0.00     0.00   0.00   0.00    3.42    3.42  21.70     4.00     3.19   0.06 100.00

2021년 10월 04일 14시 23분 20초
avg-cpu:  %user   %nice %system %iowait  %steal   %idle
           0.50    0.00    5.80   90.73    0.00    2.97

Device            r/s     w/s     rMB/s     wMB/s   rrqm/s   wrqm/s  %rrqm  %wrqm r_await w_await aqu-sz rareq-sz wareq-sz  svctm  %util
nvme0n1       7195.00 9086.00     28.11     43.82     0.00  4043.00   0.00  30.79    3.40    3.36  18.51     4.00     4.94   0.06 100.00

2021년 10월 04일 14시 23분 21초
avg-cpu:  %user   %nice %system %iowait  %steal   %idle
           0.57    0.00    4.95   89.21    0.00    5.27

Device            r/s     w/s     rMB/s     wMB/s   rrqm/s   wrqm/s  %rrqm  %wrqm r_await w_await aqu-sz rareq-sz wareq-sz  svctm  %util
nvme0n1       7060.00 8961.00     27.58     27.47     0.00     0.00   0.00   0.00    3.35    3.27  17.42     4.00     3.14   0.06 100.00

2021년 10월 04일 14시 23분 22초
avg-cpu:  %user   %nice %system %iowait  %steal   %idle
           0.51    0.00    3.86   87.47    0.00    8.16

Device            r/s     w/s     rMB/s     wMB/s   rrqm/s   wrqm/s  %rrqm  %wrqm r_await w_await aqu-sz rareq-sz wareq-sz  svctm  %util
nvme0n1       7000.00 8833.00     27.34     26.96     0.00     0.00   0.00   0.00    3.11    2.99  15.78     4.00     3.13   0.06 100.00

2021년 10월 04일 14시 23분 23초
avg-cpu:  %user   %nice %system %iowait  %steal   %idle
           0.51    0.00    4.03   93.16    0.00    2.30

Device            r/s     w/s     rMB/s     wMB/s   rrqm/s   wrqm/s  %rrqm  %wrqm r_await w_await aqu-sz rareq-sz wareq-sz  svctm  %util
nvme0n1       7495.00 9385.00     29.28     29.08     0.00     0.00   0.00   0.00    3.27    3.34  19.32     4.00     3.17   0.06 100.80

2021년 10월 04일 14시 23분 24초
avg-cpu:  %user   %nice %system %iowait  %steal   %idle
           0.51    0.00    4.83   87.86    0.00    6.80

Device            r/s     w/s     rMB/s     wMB/s   rrqm/s   wrqm/s  %rrqm  %wrqm r_await w_await aqu-sz rareq-sz wareq-sz  svctm  %util
nvme0n1       7255.00 9155.00     28.34     28.18     0.00     0.00   0.00   0.00    3.28    3.26  17.32     4.00     3.15   0.06 100.00

2021년 10월 04일 14시 23분 25초
avg-cpu:  %user   %nice %system %iowait  %steal   %idle
           0.44    0.00    5.89   83.41    0.00   10.26

Device            r/s     w/s     rMB/s     wMB/s   rrqm/s   wrqm/s  %rrqm  %wrqm r_await w_await aqu-sz rareq-sz wareq-sz  svctm  %util
nvme0n1       6775.00 8907.00     26.46     42.29     0.00  4067.00   0.00  31.35    3.14    3.13  12.59     4.00     4.86   0.06 100.00

2021년 10월 04일 14시 23분 26초
avg-cpu:  %user   %nice %system %iowait  %steal   %idle
           0.51    0.00    5.37   85.08    0.00    9.04

Device            r/s     w/s     rMB/s     wMB/s   rrqm/s   wrqm/s  %rrqm  %wrqm r_await w_await aqu-sz rareq-sz wareq-sz  svctm  %util
nvme0n1       6972.00 9321.00     27.23     45.38     0.00  4195.00   0.00  31.04    3.25    4.43  27.81     4.00     4.99   0.06 100.00

2021년 10월 04일 14시 23분 27초
avg-cpu:  %user   %nice %system %iowait  %steal   %idle
           0.38    0.00    4.21   93.43    0.00    1.98

Device            r/s     w/s     rMB/s     wMB/s   rrqm/s   wrqm/s  %rrqm  %wrqm r_await w_await aqu-sz rareq-sz wareq-sz  svctm  %util
nvme0n1       6956.00 8839.00     27.17     26.91     0.00     0.00   0.00   0.00    3.41    3.49  22.89     4.00     3.12   0.06 100.00

2021년 10월 04일 14시 23분 28초
avg-cpu:  %user   %nice %system %iowait  %steal   %idle
           0.38    0.00    5.07   91.32    0.00    3.23

Device            r/s     w/s     rMB/s     wMB/s   rrqm/s   wrqm/s  %rrqm  %wrqm r_await w_await aqu-sz rareq-sz wareq-sz  svctm  %util
nvme0n1       7485.00 9389.00     29.24     29.14     0.00     0.00   0.00   0.00    3.34    3.31  18.14     4.00     3.18   0.06 100.00

2021년 10월 04일 14시 23분 29초
avg-cpu:  %user   %nice %system %iowait  %steal   %idle
           0.45    0.00    5.61   89.80    0.00    4.14

Device            r/s     w/s     rMB/s     wMB/s   rrqm/s   wrqm/s  %rrqm  %wrqm r_await w_await aqu-sz rareq-sz wareq-sz  svctm  %util
nvme0n1       7186.00 9258.00     28.07     27.73     0.00     0.00   0.00   0.00    3.00    3.00  14.60     4.00     3.07   0.06 100.00

2021년 10월 04일 14시 23분 30초
avg-cpu:  %user   %nice %system %iowait  %steal   %idle
           0.45    0.00    5.41   89.18    0.00    4.96

Device            r/s     w/s     rMB/s     wMB/s   rrqm/s   wrqm/s  %rrqm  %wrqm r_await w_await aqu-sz rareq-sz wareq-sz  svctm  %util
nvme0n1       6823.00 9013.00     26.65     42.31     0.00  4021.00   0.00  30.85    3.20    3.20  13.69     4.00     4.81   0.06 100.00

2021년 10월 04일 14시 23분 31초
avg-cpu:  %user   %nice %system %iowait  %steal   %idle
           0.50    0.00    6.23   85.71    0.00    7.55

Device            r/s     w/s     rMB/s     wMB/s   rrqm/s   wrqm/s  %rrqm  %wrqm r_await w_await aqu-sz rareq-sz wareq-sz  svctm  %util
nvme0n1       6863.00 8967.00     26.81     26.55     0.00     0.00   0.00   0.00    3.19    3.14  14.83     4.00     3.03   0.06 100.00

2021년 10월 04일 14시 23분 32초
avg-cpu:  %user   %nice %system %iowait  %steal   %idle
           0.51    0.00    5.67   92.61    0.00    1.21

Device            r/s     w/s     rMB/s     wMB/s   rrqm/s   wrqm/s  %rrqm  %wrqm r_await w_await aqu-sz rareq-sz wareq-sz  svctm  %util
nvme0n1       7050.00 9208.00     27.54     27.32     0.00     0.00   0.00   0.00    3.10    3.05  12.42     4.00     3.04   0.06 100.00

2021년 10월 04일 14시 23분 33초
avg-cpu:  %user   %nice %system %iowait  %steal   %idle
           0.63    0.00    5.68   89.02    0.00    4.67

Device            r/s     w/s     rMB/s     wMB/s   rrqm/s   wrqm/s  %rrqm  %wrqm r_await w_await aqu-sz rareq-sz wareq-sz  svctm  %util
nvme0n1       7262.00 9186.00     28.37     28.06     0.00     0.00   0.00   0.00    3.22    3.23  16.88     4.00     3.13   0.06 100.00

2021년 10월 04일 14시 23분 34초
avg-cpu:  %user   %nice %system %iowait  %steal   %idle
           0.51    0.00    5.95   89.43    0.00    4.11

Device            r/s     w/s     rMB/s     wMB/s   rrqm/s   wrqm/s  %rrqm  %wrqm r_await w_await aqu-sz rareq-sz wareq-sz  svctm  %util
nvme0n1       7099.00 9132.00     27.73     27.43     0.00     0.00   0.00   0.00    3.17    3.12  12.79     4.00     3.08   0.06 100.00

2021년 10월 04일 14시 23분 35초
avg-cpu:  %user   %nice %system %iowait  %steal   %idle
           0.57    0.00    4.96   89.82    0.00    4.65

Device            r/s     w/s     rMB/s     wMB/s   rrqm/s   wrqm/s  %rrqm  %wrqm r_await w_await aqu-sz rareq-sz wareq-sz  svctm  %util
nvme0n1       6868.00 8820.00     26.83     42.25     0.00  3967.00   0.00  31.02    3.34    3.31  16.54     4.00     4.91   0.06 100.00

2021년 10월 04일 14시 23분 36초
avg-cpu:  %user   %nice %system %iowait  %steal   %idle
           0.06    0.00    1.19   17.48    0.00   81.26

Device            r/s     w/s     rMB/s     wMB/s   rrqm/s   wrqm/s  %rrqm  %wrqm r_await w_await aqu-sz rareq-sz wareq-sz  svctm  %util
nvme0n1       1498.00 1890.00      5.85      5.90     0.00     0.00   0.00   0.00    3.25    3.16   3.76     4.00     3.20   0.06  20.40

2021년 10월 04일 14시 23분 37초
avg-cpu:  %user   %nice %system %iowait  %steal   %idle
           0.12    0.00    0.06    0.00    0.00   99.81

Device            r/s     w/s     rMB/s     wMB/s   rrqm/s   wrqm/s  %rrqm  %wrqm r_await w_await aqu-sz rareq-sz wareq-sz  svctm  %util
nvme0n1          0.00    0.00      0.00      0.00     0.00     0.00   0.00   0.00    0.00    0.00   0.00     0.00     0.00   0.00   0.00

2021년 10월 04일 14시 23분 38초
avg-cpu:  %user   %nice %system %iowait  %steal   %idle
           0.00    0.00    0.06    0.00    0.00   99.94

Device            r/s     w/s     rMB/s     wMB/s   rrqm/s   wrqm/s  %rrqm  %wrqm r_await w_await aqu-sz rareq-sz wareq-sz  svctm  %util
nvme0n1          0.00    0.00      0.00      0.00     0.00     0.00   0.00   0.00    0.00    0.00   0.00     0.00     0.00   0.00   0.00

