Linux 5.5.8test (syslab-desk) 	2021년 10월 04일 	_x86_64_	(16 CPU)

2021년 10월 04일 14시 10분 18초
avg-cpu:  %user   %nice %system %iowait  %steal   %idle
           3.40    0.00    1.75    2.80    0.00   92.05

Device            r/s     w/s     rMB/s     wMB/s   rrqm/s   wrqm/s  %rrqm  %wrqm r_await w_await aqu-sz rareq-sz wareq-sz  svctm  %util
nvme0n1        122.66 2093.59      0.48     54.59     0.76  1651.56   0.62  44.10    0.43    4.95   7.35     4.03    26.70   0.05  10.50

2021년 10월 04일 14시 10분 19초
avg-cpu:  %user   %nice %system %iowait  %steal   %idle
           0.06    0.00    0.19    0.00    0.00   99.75

Device            r/s     w/s     rMB/s     wMB/s   rrqm/s   wrqm/s  %rrqm  %wrqm r_await w_await aqu-sz rareq-sz wareq-sz  svctm  %util
nvme0n1          0.00    0.00      0.00      0.00     0.00     0.00   0.00   0.00    0.00    0.00   0.00     0.00     0.00   0.00   0.00

2021년 10월 04일 14시 10분 20초
avg-cpu:  %user   %nice %system %iowait  %steal   %idle
           0.12    0.00    0.06    0.00    0.00   99.81

Device            r/s     w/s     rMB/s     wMB/s   rrqm/s   wrqm/s  %rrqm  %wrqm r_await w_await aqu-sz rareq-sz wareq-sz  svctm  %util
nvme0n1          0.00    0.00      0.00      0.00     0.00     0.00   0.00   0.00    0.00    0.00   0.00     0.00     0.00   0.00   0.00

2021년 10월 04일 14시 10분 21초
avg-cpu:  %user   %nice %system %iowait  %steal   %idle
           0.06    0.00    1.31    0.38    0.00   98.25

Device            r/s     w/s     rMB/s     wMB/s   rrqm/s   wrqm/s  %rrqm  %wrqm r_await w_await aqu-sz rareq-sz wareq-sz  svctm  %util
nvme0n1        676.00    1.00     20.94      0.00  4684.00     0.00  87.39   0.00    0.16   15.00   0.01    31.72     0.00   0.33  22.40

2021년 10월 04일 14시 10분 22초
avg-cpu:  %user   %nice %system %iowait  %steal   %idle
           0.45    0.00    3.70   39.41    0.00   56.44

Device            r/s     w/s     rMB/s     wMB/s   rrqm/s   wrqm/s  %rrqm  %wrqm r_await w_await aqu-sz rareq-sz wareq-sz  svctm  %util
nvme0n1       7206.00 8839.00     28.15     27.10     0.00     0.00   0.00   0.00    1.39    1.42   0.23     4.00     3.14   0.06  95.20

2021년 10월 04일 14시 10분 23초
avg-cpu:  %user   %nice %system %iowait  %steal   %idle
           0.45    0.00    3.82   44.81    0.00   50.92

Device            r/s     w/s     rMB/s     wMB/s   rrqm/s   wrqm/s  %rrqm  %wrqm r_await w_await aqu-sz rareq-sz wareq-sz  svctm  %util
nvme0n1       7798.00 9739.00     30.46     30.07     0.00     0.00   0.00   0.00    1.51    1.51   0.94     4.00     3.16   0.06  99.60

2021년 10월 04일 14시 10분 24초
avg-cpu:  %user   %nice %system %iowait  %steal   %idle
           0.45    0.00    3.95   44.77    0.00   50.83

Device            r/s     w/s     rMB/s     wMB/s   rrqm/s   wrqm/s  %rrqm  %wrqm r_await w_await aqu-sz rareq-sz wareq-sz  svctm  %util
nvme0n1       7784.00 9883.00     30.41     30.09     0.00     0.00   0.00   0.00    1.45    1.43   0.55     4.00     3.12   0.06 100.40

2021년 10월 04일 14시 10분 25초
avg-cpu:  %user   %nice %system %iowait  %steal   %idle
           0.57    0.00    4.98   44.14    0.00   50.32

Device            r/s     w/s     rMB/s     wMB/s   rrqm/s   wrqm/s  %rrqm  %wrqm r_await w_await aqu-sz rareq-sz wareq-sz  svctm  %util
nvme0n1       7831.00 9901.00     30.59     30.26     0.00     0.00   0.00   0.00    1.44    1.47   0.32     4.00     3.13   0.06 100.00

2021년 10월 04일 14시 10분 26초
avg-cpu:  %user   %nice %system %iowait  %steal   %idle
           0.38    0.00    4.15   44.54    0.00   50.93

Device            r/s     w/s     rMB/s     wMB/s   rrqm/s   wrqm/s  %rrqm  %wrqm r_await w_await aqu-sz rareq-sz wareq-sz  svctm  %util
nvme0n1       8143.00 10234.00     31.81     31.43     0.00     0.00   0.00   0.00    1.43    1.37   0.63     4.00     3.14   0.05  99.60

2021년 10월 04일 14시 10분 27초
avg-cpu:  %user   %nice %system %iowait  %steal   %idle
           0.38    0.00    5.19   43.95    0.00   50.47

Device            r/s     w/s     rMB/s     wMB/s   rrqm/s   wrqm/s  %rrqm  %wrqm r_await w_await aqu-sz rareq-sz wareq-sz  svctm  %util
nvme0n1       7145.00 9260.00     27.91     43.64     0.00  4094.00   0.00  30.66    1.50    1.44   0.61     4.00     4.83   0.06 100.40

2021년 10월 04일 14시 10분 28초
avg-cpu:  %user   %nice %system %iowait  %steal   %idle
           0.45    0.00    4.90   43.89    0.00   50.76

Device            r/s     w/s     rMB/s     wMB/s   rrqm/s   wrqm/s  %rrqm  %wrqm r_await w_await aqu-sz rareq-sz wareq-sz  svctm  %util
nvme0n1       7038.00 9353.00     27.49     27.25     0.00     0.00   0.00   0.00    1.43    1.37   0.31     4.00     2.98   0.06 100.00

2021년 10월 04일 14시 10분 29초
avg-cpu:  %user   %nice %system %iowait  %steal   %idle
           0.64    0.00    4.39   44.27    0.00   50.70

Device            r/s     w/s     rMB/s     wMB/s   rrqm/s   wrqm/s  %rrqm  %wrqm r_await w_await aqu-sz rareq-sz wareq-sz  svctm  %util
nvme0n1       7571.00 9716.00     29.57     29.26     0.00     0.00   0.00   0.00    1.48    1.42   0.38     4.00     3.08   0.06 100.00

2021년 10월 04일 14시 10분 30초
avg-cpu:  %user   %nice %system %iowait  %steal   %idle
           0.25    0.00    5.45   43.76    0.00   50.54

Device            r/s     w/s     rMB/s     wMB/s   rrqm/s   wrqm/s  %rrqm  %wrqm r_await w_await aqu-sz rareq-sz wareq-sz  svctm  %util
nvme0n1       7591.00 9723.00     29.65     29.25     0.00     0.00   0.00   0.00    1.45    1.39   0.36     4.00     3.08   0.06 100.00

2021년 10월 04일 14시 10분 31초
avg-cpu:  %user   %nice %system %iowait  %steal   %idle
           0.51    0.00    4.41   44.13    0.00   50.96

Device            r/s     w/s     rMB/s     wMB/s   rrqm/s   wrqm/s  %rrqm  %wrqm r_await w_await aqu-sz rareq-sz wareq-sz  svctm  %util
nvme0n1       7710.00 9923.00     30.12     29.73     0.00     0.00   0.00   0.00    1.43    1.39   0.70     4.00     3.07   0.06 100.00

2021년 10월 04일 14시 10분 32초
avg-cpu:  %user   %nice %system %iowait  %steal   %idle
           0.44    0.00    5.01   44.11    0.00   50.44

Device            r/s     w/s     rMB/s     wMB/s   rrqm/s   wrqm/s  %rrqm  %wrqm r_await w_await aqu-sz rareq-sz wareq-sz  svctm  %util
nvme0n1       6978.00 9069.00     27.26     42.47     0.00  3947.00   0.00  30.32    1.50    1.47   0.43     4.00     4.80   0.06 100.00

2021년 10월 04일 14시 10분 33초
avg-cpu:  %user   %nice %system %iowait  %steal   %idle
           0.38    0.00    4.33   44.56    0.00   50.73

Device            r/s     w/s     rMB/s     wMB/s   rrqm/s   wrqm/s  %rrqm  %wrqm r_await w_await aqu-sz rareq-sz wareq-sz  svctm  %util
nvme0n1       7523.00 9535.00     29.39     29.10     0.00     0.00   0.00   0.00    1.59    1.45   0.68     4.00     3.13   0.06 100.00

2021년 10월 04일 14시 10분 34초
avg-cpu:  %user   %nice %system %iowait  %steal   %idle
           0.57    0.00    5.57   43.52    0.00   50.35

Device            r/s     w/s     rMB/s     wMB/s   rrqm/s   wrqm/s  %rrqm  %wrqm r_await w_await aqu-sz rareq-sz wareq-sz  svctm  %util
nvme0n1       7211.00 9475.00     28.17     27.79     0.00     0.00   0.00   0.00    1.39    1.32   0.16     4.00     3.00   0.06 100.00

2021년 10월 04일 14시 10분 35초
avg-cpu:  %user   %nice %system %iowait  %steal   %idle
           0.70    0.00    4.31   44.29    0.00   50.70

Device            r/s     w/s     rMB/s     wMB/s   rrqm/s   wrqm/s  %rrqm  %wrqm r_await w_await aqu-sz rareq-sz wareq-sz  svctm  %util
nvme0n1       7843.00 10007.00     30.64     30.39     0.00     0.00   0.00   0.00    1.43    1.45   1.11     4.00     3.11   0.06 100.00

2021년 10월 04일 14시 10분 36초
avg-cpu:  %user   %nice %system %iowait  %steal   %idle
           0.45    0.00    3.85   44.68    0.00   51.03

Device            r/s     w/s     rMB/s     wMB/s   rrqm/s   wrqm/s  %rrqm  %wrqm r_await w_await aqu-sz rareq-sz wareq-sz  svctm  %util
nvme0n1       7975.00 10071.00     31.15     30.79     0.00     0.00   0.00   0.00    1.50    1.38   0.54     4.00     3.13   0.06 100.00

2021년 10월 04일 14시 10분 37초
avg-cpu:  %user   %nice %system %iowait  %steal   %idle
           0.44    0.00    5.01   44.36    0.00   50.19

Device            r/s     w/s     rMB/s     wMB/s   rrqm/s   wrqm/s  %rrqm  %wrqm r_await w_await aqu-sz rareq-sz wareq-sz  svctm  %util
nvme0n1       7288.00 9307.00     28.47     43.99     0.00  4043.00   0.00  30.28    1.57    1.51   0.99     4.00     4.84   0.06 100.00

2021년 10월 04일 14시 10분 38초
avg-cpu:  %user   %nice %system %iowait  %steal   %idle
           0.32    0.00    4.22   44.44    0.00   51.02

Device            r/s     w/s     rMB/s     wMB/s   rrqm/s   wrqm/s  %rrqm  %wrqm r_await w_await aqu-sz rareq-sz wareq-sz  svctm  %util
nvme0n1       7549.00 9709.00     29.49     29.22     0.00     0.00   0.00   0.00    1.48    1.40   0.13     4.00     3.08   0.06 100.00

2021년 10월 04일 14시 10분 39초
avg-cpu:  %user   %nice %system %iowait  %steal   %idle
           0.51    0.00    4.45   44.35    0.00   50.70

Device            r/s     w/s     rMB/s     wMB/s   rrqm/s   wrqm/s  %rrqm  %wrqm r_await w_await aqu-sz rareq-sz wareq-sz  svctm  %util
nvme0n1       8132.00 10274.00     31.77     31.36     0.00     0.00   0.00   0.00    1.39    1.42   0.62     4.00     3.13   0.05 100.00

2021년 10월 04일 14시 10분 40초
avg-cpu:  %user   %nice %system %iowait  %steal   %idle
           0.45    0.00    3.02   45.31    0.00   51.22

Device            r/s     w/s     rMB/s     wMB/s   rrqm/s   wrqm/s  %rrqm  %wrqm r_await w_await aqu-sz rareq-sz wareq-sz  svctm  %util
nvme0n1       7391.00 9389.00     28.87     28.58     0.00     0.00   0.00   0.00    1.56    1.50   1.00     4.00     3.12   0.06 100.00

2021년 10월 04일 14시 10분 41초
avg-cpu:  %user   %nice %system %iowait  %steal   %idle
           0.57    0.00    4.58   44.24    0.00   50.60

Device            r/s     w/s     rMB/s     wMB/s   rrqm/s   wrqm/s  %rrqm  %wrqm r_await w_await aqu-sz rareq-sz wareq-sz  svctm  %util
nvme0n1       7900.00 9930.00     30.86     30.43     0.00     0.00   0.00   0.00    1.48    1.41   0.46     4.00     3.14   0.06 100.00

2021년 10월 04일 14시 10분 42초
avg-cpu:  %user   %nice %system %iowait  %steal   %idle
           0.63    0.00    5.43   43.91    0.00   50.03

Device            r/s     w/s     rMB/s     wMB/s   rrqm/s   wrqm/s  %rrqm  %wrqm r_await w_await aqu-sz rareq-sz wareq-sz  svctm  %util
nvme0n1       7340.00 9491.00     28.67     44.12     0.00  4008.00   0.00  29.69    1.45    1.46   0.49     4.00     4.76   0.06 100.00

2021년 10월 04일 14시 10분 43초
avg-cpu:  %user   %nice %system %iowait  %steal   %idle
           0.58    0.00    3.90   44.60    0.00   50.93

Device            r/s     w/s     rMB/s     wMB/s   rrqm/s   wrqm/s  %rrqm  %wrqm r_await w_await aqu-sz rareq-sz wareq-sz  svctm  %util
nvme0n1       7547.00 9757.00     29.48     29.16     0.00     0.00   0.00   0.00    1.43    1.39   0.33     4.00     3.06   0.06 100.00

2021년 10월 04일 14시 10분 44초
avg-cpu:  %user   %nice %system %iowait  %steal   %idle
           0.45    0.00    4.27   44.39    0.00   50.89

Device            r/s     w/s     rMB/s     wMB/s   rrqm/s   wrqm/s  %rrqm  %wrqm r_await w_await aqu-sz rareq-sz wareq-sz  svctm  %util
nvme0n1       7406.00 9445.00     28.93     28.62     0.00     0.00   0.00   0.00    1.54    1.44   1.04     4.00     3.10   0.06 100.00

2021년 10월 04일 14시 10분 45초
avg-cpu:  %user   %nice %system %iowait  %steal   %idle
           0.45    0.00    4.15   44.41    0.00   50.99

Device            r/s     w/s     rMB/s     wMB/s   rrqm/s   wrqm/s  %rrqm  %wrqm r_await w_await aqu-sz rareq-sz wareq-sz  svctm  %util
nvme0n1       7426.00 9490.00     29.01     28.68     0.00     0.00   0.00   0.00    1.50    1.38   0.52     4.00     3.10   0.06 100.00

2021년 10월 04일 14시 10분 46초
avg-cpu:  %user   %nice %system %iowait  %steal   %idle
           0.50    0.00    5.79   43.58    0.00   50.13

Device            r/s     w/s     rMB/s     wMB/s   rrqm/s   wrqm/s  %rrqm  %wrqm r_await w_await aqu-sz rareq-sz wareq-sz  svctm  %util
nvme0n1       7210.00 9288.00     28.16     27.86     0.00     0.00   0.00   0.00    1.50    1.43   0.59     4.00     3.07   0.06 100.00

2021년 10월 04일 14시 10분 47초
avg-cpu:  %user   %nice %system %iowait  %steal   %idle
           0.70    0.00    4.21   44.42    0.00   50.67

Device            r/s     w/s     rMB/s     wMB/s   rrqm/s   wrqm/s  %rrqm  %wrqm r_await w_await aqu-sz rareq-sz wareq-sz  svctm  %util
nvme0n1       6826.00 9063.00     26.66     42.14     0.00  4004.00   0.00  30.64    1.50    1.44   0.68     4.00     4.76   0.06 100.00

2021년 10월 04일 14시 10분 48초
avg-cpu:  %user   %nice %system %iowait  %steal   %idle
           0.44    0.00    4.57   44.39    0.00   50.60

Device            r/s     w/s     rMB/s     wMB/s   rrqm/s   wrqm/s  %rrqm  %wrqm r_await w_await aqu-sz rareq-sz wareq-sz  svctm  %util
nvme0n1       7867.00 9956.00     30.73     30.38     0.00     0.00   0.00   0.00    1.44    1.42   0.22     4.00     3.12   0.06 100.00

2021년 10월 04일 14시 10분 49초
avg-cpu:  %user   %nice %system %iowait  %steal   %idle
           0.38    0.00    3.90   44.83    0.00   50.89

Device            r/s     w/s     rMB/s     wMB/s   rrqm/s   wrqm/s  %rrqm  %wrqm r_await w_await aqu-sz rareq-sz wareq-sz  svctm  %util
nvme0n1       7921.00 9912.00     30.94     30.55     0.00     0.00   0.00   0.00    1.45    1.47   1.00     4.00     3.16   0.06 100.00

2021년 10월 04일 14시 10분 50초
avg-cpu:  %user   %nice %system %iowait  %steal   %idle
           0.57    0.00    4.32   44.47    0.00   50.64

Device            r/s     w/s     rMB/s     wMB/s   rrqm/s   wrqm/s  %rrqm  %wrqm r_await w_await aqu-sz rareq-sz wareq-sz  svctm  %util
nvme0n1       7711.00 9802.00     30.12     29.80     0.00     0.00   0.00   0.00    1.51    1.46   0.11     4.00     3.11   0.06 100.00

2021년 10월 04일 14시 10분 51초
avg-cpu:  %user   %nice %system %iowait  %steal   %idle
           0.51    0.00    3.72   44.62    0.00   51.15

Device            r/s     w/s     rMB/s     wMB/s   rrqm/s   wrqm/s  %rrqm  %wrqm r_await w_await aqu-sz rareq-sz wareq-sz  svctm  %util
nvme0n1       7161.00 9204.00     27.97     27.60     0.00     0.00   0.00   0.00    1.48    1.48   0.54     4.00     3.07   0.06 100.00

2021년 10월 04일 14시 10분 52초
avg-cpu:  %user   %nice %system %iowait  %steal   %idle
           0.70    0.00    3.96   44.61    0.00   50.73

Device            r/s     w/s     rMB/s     wMB/s   rrqm/s   wrqm/s  %rrqm  %wrqm r_await w_await aqu-sz rareq-sz wareq-sz  svctm  %util
nvme0n1       7695.00 9836.00     30.06     45.65     0.00  4055.00   0.00  29.19    1.39    1.44   0.49     4.00     4.75   0.06  99.60

2021년 10월 04일 14시 10분 53초
avg-cpu:  %user   %nice %system %iowait  %steal   %idle
           0.51    0.00    4.24   44.71    0.00   50.54

Device            r/s     w/s     rMB/s     wMB/s   rrqm/s   wrqm/s  %rrqm  %wrqm r_await w_await aqu-sz rareq-sz wareq-sz  svctm  %util
nvme0n1       7515.00 9497.00     29.36     29.04     0.00     0.00   0.00   0.00    1.54    1.53   1.20     4.00     3.13   0.06 100.00

2021년 10월 04일 14시 10분 54초
avg-cpu:  %user   %nice %system %iowait  %steal   %idle
           0.32    0.00    4.33   44.59    0.00   50.76

Device            r/s     w/s     rMB/s     wMB/s   rrqm/s   wrqm/s  %rrqm  %wrqm r_await w_await aqu-sz rareq-sz wareq-sz  svctm  %util
nvme0n1       7730.00 9823.00     30.20     29.87     0.00     0.00   0.00   0.00    1.44    1.43   0.18     4.00     3.11   0.06 100.00

2021년 10월 04일 14시 10분 55초
avg-cpu:  %user   %nice %system %iowait  %steal   %idle
           0.38    0.00    4.33   44.56    0.00   50.73

Device            r/s     w/s     rMB/s     wMB/s   rrqm/s   wrqm/s  %rrqm  %wrqm r_await w_await aqu-sz rareq-sz wareq-sz  svctm  %util
nvme0n1       7586.00 9547.00     29.63     29.24     0.00     0.00   0.00   0.00    1.54    1.47   0.53     4.00     3.14   0.06 100.00

2021년 10월 04일 14시 10분 56초
avg-cpu:  %user   %nice %system %iowait  %steal   %idle
           0.45    0.00    4.78   44.01    0.00   50.76

Device            r/s     w/s     rMB/s     wMB/s   rrqm/s   wrqm/s  %rrqm  %wrqm r_await w_await aqu-sz rareq-sz wareq-sz  svctm  %util
nvme0n1       7183.00 9412.00     28.06     27.75     0.00     0.00   0.00   0.00    1.48    1.40   0.60     4.00     3.02   0.06 100.00

2021년 10월 04일 14시 10분 57초
avg-cpu:  %user   %nice %system %iowait  %steal   %idle
           0.57    0.00    4.21   44.42    0.00   50.80

Device            r/s     w/s     rMB/s     wMB/s   rrqm/s   wrqm/s  %rrqm  %wrqm r_await w_await aqu-sz rareq-sz wareq-sz  svctm  %util
nvme0n1       7863.00 10850.00     30.71     62.31     0.00  7286.00   0.00  40.17    1.34    1.79   3.88     4.00     5.88   0.05 100.00

2021년 10월 04일 14시 10분 58초
avg-cpu:  %user   %nice %system %iowait  %steal   %idle
           0.38    0.00    3.49   34.64    0.00   61.48

Device            r/s     w/s     rMB/s     wMB/s   rrqm/s   wrqm/s  %rrqm  %wrqm r_await w_await aqu-sz rareq-sz wareq-sz  svctm  %util
nvme0n1       6284.00 7948.00     24.55     24.32     0.00     0.00   0.00   0.00    1.45    1.39   0.11     4.00     3.13   0.06  78.40

2021년 10월 04일 14시 10분 59초
avg-cpu:  %user   %nice %system %iowait  %steal   %idle
           0.00    0.00    0.06    0.00    0.00   99.94

Device            r/s     w/s     rMB/s     wMB/s   rrqm/s   wrqm/s  %rrqm  %wrqm r_await w_await aqu-sz rareq-sz wareq-sz  svctm  %util
nvme0n1          0.00    0.00      0.00      0.00     0.00     0.00   0.00   0.00    0.00    0.00   0.00     0.00     0.00   0.00   0.00

2021년 10월 04일 14시 11분 00초
avg-cpu:  %user   %nice %system %iowait  %steal   %idle
           0.00    0.00    0.12    0.00    0.00   99.88

Device            r/s     w/s     rMB/s     wMB/s   rrqm/s   wrqm/s  %rrqm  %wrqm r_await w_await aqu-sz rareq-sz wareq-sz  svctm  %util
nvme0n1          0.00    0.00      0.00      0.00     0.00     0.00   0.00   0.00    0.00    0.00   0.00     0.00     0.00   0.00   0.00

2021년 10월 04일 14시 11분 01초
avg-cpu:  %user   %nice %system %iowait  %steal   %idle
           0.06    0.00    0.06    0.00    0.00   99.88

Device            r/s     w/s     rMB/s     wMB/s   rrqm/s   wrqm/s  %rrqm  %wrqm r_await w_await aqu-sz rareq-sz wareq-sz  svctm  %util
nvme0n1          0.00    0.00      0.00      0.00     0.00     0.00   0.00   0.00    0.00    0.00   0.00     0.00     0.00   0.00   0.00

