Linux 5.5.8test (syslab-desk) 	2021년 10월 04일 	_x86_64_	(16 CPU)

2021년 10월 04일 21시 55분 41초
avg-cpu:  %user   %nice %system %iowait  %steal   %idle
           2.51    0.00    1.85    4.72    0.00   90.91

Device            r/s     w/s     rMB/s     wMB/s   rrqm/s   wrqm/s  %rrqm  %wrqm r_await w_await aqu-sz rareq-sz wareq-sz  svctm  %util
sdb            128.47  507.58      0.70     15.43    48.80   771.71  27.53  60.32    0.37    1.39   0.18     5.57    31.12   0.12   7.55

2021년 10월 04일 21시 55분 42초
avg-cpu:  %user   %nice %system %iowait  %steal   %idle
           0.00    0.00    0.00    0.00    0.00  100.00

Device            r/s     w/s     rMB/s     wMB/s   rrqm/s   wrqm/s  %rrqm  %wrqm r_await w_await aqu-sz rareq-sz wareq-sz  svctm  %util
sdb              0.00    0.00      0.00      0.00     0.00     0.00   0.00   0.00    0.00    0.00   0.00     0.00     0.00   0.00   0.00

2021년 10월 04일 21시 55분 43초
avg-cpu:  %user   %nice %system %iowait  %steal   %idle
           0.12    0.00    0.12    0.00    0.00   99.75

Device            r/s     w/s     rMB/s     wMB/s   rrqm/s   wrqm/s  %rrqm  %wrqm r_await w_await aqu-sz rareq-sz wareq-sz  svctm  %util
sdb              0.00    0.00      0.00      0.00     0.00     0.00   0.00   0.00    0.00    0.00   0.00     0.00     0.00   0.00   0.00

2021년 10월 04일 21시 55분 44초
avg-cpu:  %user   %nice %system %iowait  %steal   %idle
           0.25    0.00    5.39    1.57    0.00   92.79

Device            r/s     w/s     rMB/s     wMB/s   rrqm/s   wrqm/s  %rrqm  %wrqm r_await w_await aqu-sz rareq-sz wareq-sz  svctm  %util
sdb           3054.00 5571.00     39.20     17.50  6835.00     2.00  69.12   0.04    0.55    0.80   0.00    13.14     3.22   0.08  71.60

2021년 10월 04일 21시 55분 45초
avg-cpu:  %user   %nice %system %iowait  %steal   %idle
           0.51    0.00   10.86    5.56    0.00   83.08

Device            r/s     w/s     rMB/s     wMB/s   rrqm/s   wrqm/s  %rrqm  %wrqm r_await w_await aqu-sz rareq-sz wareq-sz  svctm  %util
sdb           6223.00 15739.00     48.84     47.86  6284.00     1.00  50.24   0.01    0.71    0.85   0.50     8.04     3.11   0.04  98.40

2021년 10월 04일 21시 55분 46초
avg-cpu:  %user   %nice %system %iowait  %steal   %idle
           0.51    0.00   10.65    4.37    0.00   84.47

Device            r/s     w/s     rMB/s     wMB/s   rrqm/s   wrqm/s  %rrqm  %wrqm r_await w_await aqu-sz rareq-sz wareq-sz  svctm  %util
sdb           6434.00 15933.00     50.16     48.96  6406.00     0.00  49.89   0.00    0.73    0.84   0.00     7.98     3.15   0.04 100.00

2021년 10월 04일 21시 55분 47초
avg-cpu:  %user   %nice %system %iowait  %steal   %idle
           0.38    0.00   10.45    4.14    0.00   85.02

Device            r/s     w/s     rMB/s     wMB/s   rrqm/s   wrqm/s  %rrqm  %wrqm r_await w_await aqu-sz rareq-sz wareq-sz  svctm  %util
sdb           6807.00 16183.00     49.35     48.33  5831.00     1.00  46.14   0.01    0.66    0.79   0.00     7.42     3.06   0.04 100.00

2021년 10월 04일 21시 55분 48초
avg-cpu:  %user   %nice %system %iowait  %steal   %idle
           0.63    0.00   10.65    5.07    0.00   83.65

Device            r/s     w/s     rMB/s     wMB/s   rrqm/s   wrqm/s  %rrqm  %wrqm r_await w_await aqu-sz rareq-sz wareq-sz  svctm  %util
sdb           6529.00 15956.00     50.50     49.24  6399.00     0.00  49.50   0.00    0.71    0.83   0.49     7.92     3.16   0.04  98.80

2021년 10월 04일 21시 55분 49초
avg-cpu:  %user   %nice %system %iowait  %steal   %idle
           0.87    0.00   11.71    5.82    0.00   81.60

Device            r/s     w/s     rMB/s     wMB/s   rrqm/s   wrqm/s  %rrqm  %wrqm r_await w_await aqu-sz rareq-sz wareq-sz  svctm  %util
sdb           6539.00 15677.00     48.24     66.35  5804.00  4872.00  47.02  23.71    0.74    0.83   0.92     7.55     4.33   0.05 100.00

2021년 10월 04일 21시 55분 50초
avg-cpu:  %user   %nice %system %iowait  %steal   %idle
           0.63    0.00   11.11    5.18    0.00   83.08

Device            r/s     w/s     rMB/s     wMB/s   rrqm/s   wrqm/s  %rrqm  %wrqm r_await w_await aqu-sz rareq-sz wareq-sz  svctm  %util
sdb           6233.00 15363.00     47.49     46.32  5929.00     0.00  48.75   0.00    0.71    0.86   0.40     7.80     3.09   0.05  98.00

2021년 10월 04일 21시 55분 51초
avg-cpu:  %user   %nice %system %iowait  %steal   %idle
           0.57    0.00   11.25    4.21    0.00   83.97

Device            r/s     w/s     rMB/s     wMB/s   rrqm/s   wrqm/s  %rrqm  %wrqm r_await w_await aqu-sz rareq-sz wareq-sz  svctm  %util
sdb           6629.00 16240.00     49.64     48.39  6077.00     1.00  47.83   0.01    0.68    0.78   0.00     7.67     3.05   0.04 100.00

2021년 10월 04일 21시 55분 52초
avg-cpu:  %user   %nice %system %iowait  %steal   %idle
           0.63    0.00   11.13    4.28    0.00   83.96

Device            r/s     w/s     rMB/s     wMB/s   rrqm/s   wrqm/s  %rrqm  %wrqm r_await w_await aqu-sz rareq-sz wareq-sz  svctm  %util
sdb           6428.00 16066.00     48.46     47.41  5980.00     1.00  48.19   0.01    0.71    0.79   0.00     7.72     3.02   0.04 100.00

2021년 10월 04일 21시 55분 53초
avg-cpu:  %user   %nice %system %iowait  %steal   %idle
           0.63    0.00   10.53    5.01    0.00   83.83

Device            r/s     w/s     rMB/s     wMB/s   rrqm/s   wrqm/s  %rrqm  %wrqm r_await w_await aqu-sz rareq-sz wareq-sz  svctm  %util
sdb           6238.00 15657.00     48.13     46.89  6082.00     0.00  49.37   0.00    0.70    0.82   0.18     7.90     3.07   0.04  98.40

2021년 10월 04일 21시 55분 54초
avg-cpu:  %user   %nice %system %iowait  %steal   %idle
           0.50    0.00   11.12    5.59    0.00   82.79

Device            r/s     w/s     rMB/s     wMB/s   rrqm/s   wrqm/s  %rrqm  %wrqm r_await w_await aqu-sz rareq-sz wareq-sz  svctm  %util
sdb           6300.00 15616.00     47.77     65.55  5925.00  4805.00  48.47  23.53    0.77    0.84   0.99     7.77     4.30   0.05 100.00

2021년 10월 04일 21시 55분 55초
avg-cpu:  %user   %nice %system %iowait  %steal   %idle
           0.75    0.00   12.02    4.07    0.00   83.16

Device            r/s     w/s     rMB/s     wMB/s   rrqm/s   wrqm/s  %rrqm  %wrqm r_await w_await aqu-sz rareq-sz wareq-sz  svctm  %util
sdb           6287.00 15771.00     47.91     46.82  5982.00     0.00  48.76   0.00    0.70    0.79   0.00     7.80     3.04   0.05 100.00

2021년 10월 04일 21시 55분 56초
avg-cpu:  %user   %nice %system %iowait  %steal   %idle
           0.50    0.00   11.70    4.82    0.00   82.98

Device            r/s     w/s     rMB/s     wMB/s   rrqm/s   wrqm/s  %rrqm  %wrqm r_await w_await aqu-sz rareq-sz wareq-sz  svctm  %util
sdb           6349.00 15643.00     48.05     46.81  5949.00     0.00  48.37   0.00    0.75    0.80   0.38     7.75     3.06   0.04  98.40

2021년 10월 04일 21시 55분 57초
avg-cpu:  %user   %nice %system %iowait  %steal   %idle
           0.51    0.00   10.43    4.68    0.00   84.39

Device            r/s     w/s     rMB/s     wMB/s   rrqm/s   wrqm/s  %rrqm  %wrqm r_await w_await aqu-sz rareq-sz wareq-sz  svctm  %util
sdb           6639.00 16150.00     50.11     48.94  6205.00     0.00  48.31   0.00    0.68    0.82   0.00     7.73     3.10   0.04 100.00

2021년 10월 04일 21시 55분 58초
avg-cpu:  %user   %nice %system %iowait  %steal   %idle
           0.76    0.00   10.75    4.30    0.00   84.20

Device            r/s     w/s     rMB/s     wMB/s   rrqm/s   wrqm/s  %rrqm  %wrqm r_await w_await aqu-sz rareq-sz wareq-sz  svctm  %util
sdb           6441.00 15631.00     48.14     46.91  5873.00     1.00  47.69   0.01    0.70    0.83   0.00     7.65     3.07   0.05 100.00

2021년 10월 04일 21시 55분 59초
avg-cpu:  %user   %nice %system %iowait  %steal   %idle
           0.50    0.00    9.78    6.88    0.00   82.84

Device            r/s     w/s     rMB/s     wMB/s   rrqm/s   wrqm/s  %rrqm  %wrqm r_await w_await aqu-sz rareq-sz wareq-sz  svctm  %util
sdb           6288.00 15474.00     47.66     65.65  5906.00  4795.00  48.43  23.66    0.76    0.88   1.58     7.76     4.34   0.05  98.40

2021년 10월 04일 21시 56분 00초
avg-cpu:  %user   %nice %system %iowait  %steal   %idle
           0.45    0.00    9.99    4.51    0.00   85.05

Device            r/s     w/s     rMB/s     wMB/s   rrqm/s   wrqm/s  %rrqm  %wrqm r_await w_await aqu-sz rareq-sz wareq-sz  svctm  %util
sdb           6533.00 15726.00     48.61     47.36  5917.00     0.00  47.53   0.00    0.70    0.80   0.00     7.62     3.08   0.04 100.00

2021년 10월 04일 21시 56분 01초
avg-cpu:  %user   %nice %system %iowait  %steal   %idle
           0.70    0.00   10.67    4.38    0.00   84.24

Device            r/s     w/s     rMB/s     wMB/s   rrqm/s   wrqm/s  %rrqm  %wrqm r_await w_await aqu-sz rareq-sz wareq-sz  svctm  %util
sdb           6242.00 16047.00     49.38     48.28  6407.00     1.00  50.65   0.01    0.70    0.80   0.00     8.10     3.08   0.04 100.00

2021년 10월 04일 21시 56분 02초
avg-cpu:  %user   %nice %system %iowait  %steal   %idle
           0.57    0.00   10.61    5.40    0.00   83.42

Device            r/s     w/s     rMB/s     wMB/s   rrqm/s   wrqm/s  %rrqm  %wrqm r_await w_await aqu-sz rareq-sz wareq-sz  svctm  %util
sdb           6134.00 15502.00     48.22     47.08  6206.00     0.00  50.29   0.00    0.72    0.84   0.34     8.05     3.11   0.05  98.00

2021년 10월 04일 21시 56분 03초
avg-cpu:  %user   %nice %system %iowait  %steal   %idle
           0.70    0.00   10.72    4.57    0.00   84.02

Device            r/s     w/s     rMB/s     wMB/s   rrqm/s   wrqm/s  %rrqm  %wrqm r_await w_await aqu-sz rareq-sz wareq-sz  svctm  %util
sdb           6246.00 15783.00     48.26     47.26  6117.00     1.00  49.48   0.01    0.72    0.82   0.00     7.91     3.07   0.05 100.00

2021년 10월 04일 21시 56분 04초
avg-cpu:  %user   %nice %system %iowait  %steal   %idle
           0.75    0.00   11.06    6.53    0.00   81.66

Device            r/s     w/s     rMB/s     wMB/s   rrqm/s   wrqm/s  %rrqm  %wrqm r_await w_await aqu-sz rareq-sz wareq-sz  svctm  %util
sdb           5964.00 15287.00     47.27     65.19  6129.00  4826.00  50.68  23.99    0.83    0.86   1.15     8.12     4.37   0.05  98.40

2021년 10월 04일 21시 56분 05초
avg-cpu:  %user   %nice %system %iowait  %steal   %idle
           0.58    0.00   10.17    4.73    0.00   84.53

Device            r/s     w/s     rMB/s     wMB/s   rrqm/s   wrqm/s  %rrqm  %wrqm r_await w_await aqu-sz rareq-sz wareq-sz  svctm  %util
sdb           6458.00 15976.00     50.39     49.26  6450.00     0.00  49.97   0.00    0.72    0.84   0.00     7.99     3.16   0.04 100.00

2021년 10월 04일 21시 56분 06초
avg-cpu:  %user   %nice %system %iowait  %steal   %idle
           0.51    0.00    8.89    3.94    0.00   86.67

Device            r/s     w/s     rMB/s     wMB/s   rrqm/s   wrqm/s  %rrqm  %wrqm r_await w_await aqu-sz rareq-sz wareq-sz  svctm  %util
sdb           5519.00 13657.00     42.75     41.91  5409.00     0.00  49.50   0.00    0.71    0.83   0.00     7.93     3.14   0.04  86.00

2021년 10월 04일 21시 56분 07초
avg-cpu:  %user   %nice %system %iowait  %steal   %idle
           0.06    0.00    0.31    0.06    0.00   99.56

Device            r/s     w/s     rMB/s     wMB/s   rrqm/s   wrqm/s  %rrqm  %wrqm r_await w_await aqu-sz rareq-sz wareq-sz  svctm  %util
sdb              0.00    0.00      0.00      0.00     0.00     0.00   0.00   0.00    0.00    0.00   0.00     0.00     0.00   0.00   0.00

2021년 10월 04일 21시 56분 08초
avg-cpu:  %user   %nice %system %iowait  %steal   %idle
           0.00    0.00    0.00    0.00    0.00  100.00

Device            r/s     w/s     rMB/s     wMB/s   rrqm/s   wrqm/s  %rrqm  %wrqm r_await w_await aqu-sz rareq-sz wareq-sz  svctm  %util
sdb              0.00    0.00      0.00      0.00     0.00     0.00   0.00   0.00    0.00    0.00   0.00     0.00     0.00   0.00   0.00

2021년 10월 04일 21시 56분 09초
avg-cpu:  %user   %nice %system %iowait  %steal   %idle
           0.06    0.00    0.19    0.00    0.00   99.75

Device            r/s     w/s     rMB/s     wMB/s   rrqm/s   wrqm/s  %rrqm  %wrqm r_await w_await aqu-sz rareq-sz wareq-sz  svctm  %util
sdb              0.00    0.00      0.00      0.00     0.00     0.00   0.00   0.00    0.00    0.00   0.00     0.00     0.00   0.00   0.00

