Linux 5.5.8test (syslab-desk) 	2021년 10월 04일 	_x86_64_	(16 CPU)

2021년 10월 04일 20시 57분 33초
avg-cpu:  %user   %nice %system %iowait  %steal   %idle
           2.58    0.00    1.69    4.82    0.00   90.92

Device            r/s     w/s     rMB/s     wMB/s   rrqm/s   wrqm/s  %rrqm  %wrqm r_await w_await aqu-sz rareq-sz wareq-sz  svctm  %util
sdb            118.04  393.74      0.66     13.71    48.87   444.45  29.28  53.03    0.37    1.68   0.18     5.71    35.65   0.11   5.67

2021년 10월 04일 20시 57분 34초
avg-cpu:  %user   %nice %system %iowait  %steal   %idle
           0.06    0.00    0.12    0.00    0.00   99.81

Device            r/s     w/s     rMB/s     wMB/s   rrqm/s   wrqm/s  %rrqm  %wrqm r_await w_await aqu-sz rareq-sz wareq-sz  svctm  %util
sdb              0.00    0.00      0.00      0.00     0.00     0.00   0.00   0.00    0.00    0.00   0.00     0.00     0.00   0.00   0.00

2021년 10월 04일 20시 57분 35초
avg-cpu:  %user   %nice %system %iowait  %steal   %idle
           0.06    0.00    0.38    0.00    0.00   99.56

Device            r/s     w/s     rMB/s     wMB/s   rrqm/s   wrqm/s  %rrqm  %wrqm r_await w_await aqu-sz rareq-sz wareq-sz  svctm  %util
sdb            110.00    1.00      9.88      0.00  2371.00     0.00  95.57   0.00    0.53    1.00   0.00    92.00     0.00   0.54   6.00

2021년 10월 04일 20시 57분 36초
avg-cpu:  %user   %nice %system %iowait  %steal   %idle
           0.31    0.00    5.13    1.31    0.00   93.24

Device            r/s     w/s     rMB/s     wMB/s   rrqm/s   wrqm/s  %rrqm  %wrqm r_await w_await aqu-sz rareq-sz wareq-sz  svctm  %util
sdb           3525.00 2177.00     22.89     31.14  2229.00  5595.00  38.74  71.99    0.31    0.43   0.00     6.65    14.65   0.16  94.00

2021년 10월 04일 20시 57분 37초
avg-cpu:  %user   %nice %system %iowait  %steal   %idle
           0.12    0.00    4.88    2.06    0.00   92.94

Device            r/s     w/s     rMB/s     wMB/s   rrqm/s   wrqm/s  %rrqm  %wrqm r_await w_await aqu-sz rareq-sz wareq-sz  svctm  %util
sdb           6508.00 3731.00     25.42     45.87     0.00  6107.00   0.00  62.08    0.28    0.39   0.00     4.00    12.59   0.10 100.00

2021년 10월 04일 20시 57분 38초
avg-cpu:  %user   %nice %system %iowait  %steal   %idle
           0.25    0.00    5.46    2.20    0.00   92.09

Device            r/s     w/s     rMB/s     wMB/s   rrqm/s   wrqm/s  %rrqm  %wrqm r_await w_await aqu-sz rareq-sz wareq-sz  svctm  %util
sdb           4797.00 3524.00     18.74     49.94     0.00  8897.00   0.00  71.63    0.33    0.43   0.08     4.00    14.51   0.12  98.80

2021년 10월 04일 20시 57분 39초
avg-cpu:  %user   %nice %system %iowait  %steal   %idle
           0.38    0.00    5.60    1.70    0.00   92.32

Device            r/s     w/s     rMB/s     wMB/s   rrqm/s   wrqm/s  %rrqm  %wrqm r_await w_await aqu-sz rareq-sz wareq-sz  svctm  %util
sdb           4688.00 3728.00     18.31     47.21     0.00  8052.00   0.00  68.35    0.31    0.42   0.00     4.00    12.97   0.12 100.00

2021년 10월 04일 20시 57분 40초
avg-cpu:  %user   %nice %system %iowait  %steal   %idle
           0.31    0.00    7.26    1.67    0.00   90.76

Device            r/s     w/s     rMB/s     wMB/s   rrqm/s   wrqm/s  %rrqm  %wrqm r_await w_await aqu-sz rareq-sz wareq-sz  svctm  %util
sdb           4547.00 3580.00     17.76     47.28     0.00  8615.00   0.00  70.64    0.33    0.42   0.00     4.00    13.52   0.12 100.00

2021년 10월 04일 20시 57분 41초
avg-cpu:  %user   %nice %system %iowait  %steal   %idle
           0.38    0.00    5.55    1.95    0.00   92.12

Device            r/s     w/s     rMB/s     wMB/s   rrqm/s   wrqm/s  %rrqm  %wrqm r_await w_await aqu-sz rareq-sz wareq-sz  svctm  %util
sdb           4397.00 3607.00     17.18     46.74     0.00  8316.00   0.00  69.75    0.32    0.44   0.08     4.00    13.27   0.12  98.40

2021년 10월 04일 20시 57분 42초
avg-cpu:  %user   %nice %system %iowait  %steal   %idle
           0.25    0.00    6.64    1.63    0.00   91.48

Device            r/s     w/s     rMB/s     wMB/s   rrqm/s   wrqm/s  %rrqm  %wrqm r_await w_await aqu-sz rareq-sz wareq-sz  svctm  %util
sdb           4362.00 3780.00     17.04     46.67     0.00  8492.00   0.00  69.20    0.32    0.42   0.02     4.00    12.64   0.12  99.60

2021년 10월 04일 20시 57분 43초
avg-cpu:  %user   %nice %system %iowait  %steal   %idle
           0.44    0.00    5.49    1.95    0.00   92.12

Device            r/s     w/s     rMB/s     wMB/s   rrqm/s   wrqm/s  %rrqm  %wrqm r_await w_await aqu-sz rareq-sz wareq-sz  svctm  %util
sdb           4496.00 3582.00     17.56     46.81     0.00  8365.00   0.00  70.02    0.33    0.43   0.06     4.00    13.38   0.12  98.40

2021년 10월 04일 20시 57분 44초
avg-cpu:  %user   %nice %system %iowait  %steal   %idle
           0.31    0.00    6.82    1.56    0.00   91.30

Device            r/s     w/s     rMB/s     wMB/s   rrqm/s   wrqm/s  %rrqm  %wrqm r_await w_await aqu-sz rareq-sz wareq-sz  svctm  %util
sdb           4411.00 3810.00     17.23     46.75     0.00  8323.00   0.00  68.60    0.31    0.41   0.00     4.00    12.56   0.12 100.00

2021년 10월 04일 20시 57분 45초
avg-cpu:  %user   %nice %system %iowait  %steal   %idle
           0.31    0.00    6.63    1.56    0.00   91.49

Device            r/s     w/s     rMB/s     wMB/s   rrqm/s   wrqm/s  %rrqm  %wrqm r_await w_await aqu-sz rareq-sz wareq-sz  svctm  %util
sdb           4965.00 3821.00     19.39     48.24     0.00  8180.00   0.00  68.16    0.29    0.40   0.00     4.00    12.93   0.11 100.00

2021년 10월 04일 20시 57분 46초
avg-cpu:  %user   %nice %system %iowait  %steal   %idle
           0.38    0.00    6.44    1.75    0.00   91.43

Device            r/s     w/s     rMB/s     wMB/s   rrqm/s   wrqm/s  %rrqm  %wrqm r_await w_await aqu-sz rareq-sz wareq-sz  svctm  %util
sdb           4218.00 3695.00     16.48     45.34     0.00  7960.00   0.00  68.30    0.32    0.43   0.04     4.00    12.56   0.12  98.40

2021년 10월 04일 20시 57분 47초
avg-cpu:  %user   %nice %system %iowait  %steal   %idle
           0.19    0.00    5.04    1.51    0.00   93.25

Device            r/s     w/s     rMB/s     wMB/s   rrqm/s   wrqm/s  %rrqm  %wrqm r_await w_await aqu-sz rareq-sz wareq-sz  svctm  %util
sdb           5921.00 3959.00     23.13     46.38     0.00  6665.00   0.00  62.74    0.28    0.38   0.00     4.00    12.00   0.10 100.00

2021년 10월 04일 20시 57분 48초
avg-cpu:  %user   %nice %system %iowait  %steal   %idle
           0.38    0.00    6.03    1.63    0.00   91.95

Device            r/s     w/s     rMB/s     wMB/s   rrqm/s   wrqm/s  %rrqm  %wrqm r_await w_await aqu-sz rareq-sz wareq-sz  svctm  %util
sdb           4474.00 3930.00     17.48     47.75     0.00  8152.00   0.00  67.47    0.31    0.41   0.01     4.00    12.44   0.12 100.00

2021년 10월 04일 20시 57분 49초
avg-cpu:  %user   %nice %system %iowait  %steal   %idle
           0.38    0.00    5.83    1.90    0.00   91.89

Device            r/s     w/s     rMB/s     wMB/s   rrqm/s   wrqm/s  %rrqm  %wrqm r_await w_await aqu-sz rareq-sz wareq-sz  svctm  %util
sdb           4248.00 3817.00     16.59     44.72     0.00  7677.00   0.00  66.79    0.31    0.43   0.10     4.00    12.00   0.12  98.40

2021년 10월 04일 20시 57분 50초
avg-cpu:  %user   %nice %system %iowait  %steal   %idle
           0.38    0.00    6.65    1.69    0.00   91.27

Device            r/s     w/s     rMB/s     wMB/s   rrqm/s   wrqm/s  %rrqm  %wrqm r_await w_await aqu-sz rareq-sz wareq-sz  svctm  %util
sdb           4073.00 3910.00     15.91     45.14     0.00  8107.00   0.00  67.46    0.32    0.41   0.00     4.00    11.82   0.13 100.00

2021년 10월 04일 20시 57분 51초
avg-cpu:  %user   %nice %system %iowait  %steal   %idle
           0.25    0.00    6.81    1.38    0.00   91.56

Device            r/s     w/s     rMB/s     wMB/s   rrqm/s   wrqm/s  %rrqm  %wrqm r_await w_await aqu-sz rareq-sz wareq-sz  svctm  %util
sdb           4444.00 3951.00     17.36     46.33     0.00  7966.00   0.00  66.85    0.30    0.40   0.00     4.00    12.01   0.12 100.00

2021년 10월 04일 20시 57분 52초
avg-cpu:  %user   %nice %system %iowait  %steal   %idle
           0.25    0.00    5.14    2.16    0.00   92.44

Device            r/s     w/s     rMB/s     wMB/s   rrqm/s   wrqm/s  %rrqm  %wrqm r_await w_await aqu-sz rareq-sz wareq-sz  svctm  %util
sdb           4185.00 3666.00     16.35     45.11     0.00  8113.00   0.00  68.88    0.32    0.44   0.08     4.00    12.60   0.12  98.00

2021년 10월 04일 20시 57분 53초
avg-cpu:  %user   %nice %system %iowait  %steal   %idle
           0.19    0.00    6.30    1.94    0.00   91.57

Device            r/s     w/s     rMB/s     wMB/s   rrqm/s   wrqm/s  %rrqm  %wrqm r_await w_await aqu-sz rareq-sz wareq-sz  svctm  %util
sdb           4520.00 3589.00     17.66     47.89     0.00  8590.00   0.00  70.53    0.32    0.42   0.00     4.00    13.66   0.12 100.00

2021년 10월 04일 20시 57분 54초
avg-cpu:  %user   %nice %system %iowait  %steal   %idle
           0.31    0.00    6.43    1.69    0.00   91.57

Device            r/s     w/s     rMB/s     wMB/s   rrqm/s   wrqm/s  %rrqm  %wrqm r_await w_await aqu-sz rareq-sz wareq-sz  svctm  %util
sdb           4605.00 3789.00     17.99     46.70     0.00  8007.00   0.00  67.88    0.32    0.41   0.00     4.00    12.62   0.12 100.00

2021년 10월 04일 20시 57분 55초
avg-cpu:  %user   %nice %system %iowait  %steal   %idle
           0.25    0.00    6.24    2.00    0.00   91.51

Device            r/s     w/s     rMB/s     wMB/s   rrqm/s   wrqm/s  %rrqm  %wrqm r_await w_await aqu-sz rareq-sz wareq-sz  svctm  %util
sdb           4692.00 3745.00     18.33     47.25     0.00  8075.00   0.00  68.32    0.31    0.41   0.06     4.00    12.92   0.12  98.40

2021년 10월 04일 20시 57분 56초
avg-cpu:  %user   %nice %system %iowait  %steal   %idle
           0.19    0.00    6.10    1.89    0.00   91.82

Device            r/s     w/s     rMB/s     wMB/s   rrqm/s   wrqm/s  %rrqm  %wrqm r_await w_await aqu-sz rareq-sz wareq-sz  svctm  %util
sdb           4980.00 3709.00     19.45     49.97     0.00  8834.00   0.00  70.43    0.30    0.41   0.00     4.00    13.80   0.12 100.00

2021년 10월 04일 20시 57분 57초
avg-cpu:  %user   %nice %system %iowait  %steal   %idle
           0.38    0.00    5.64    2.13    0.00   91.85

Device            r/s     w/s     rMB/s     wMB/s   rrqm/s   wrqm/s  %rrqm  %wrqm r_await w_await aqu-sz rareq-sz wareq-sz  svctm  %util
sdb           4754.00 3360.00     18.57     49.08     0.00  8714.00   0.00  72.17    0.33    0.43   0.00     4.00    14.96   0.12  98.40

2021년 10월 04일 20시 57분 58초
avg-cpu:  %user   %nice %system %iowait  %steal   %idle
           0.25    0.00    5.24    1.77    0.00   92.74

Device            r/s     w/s     rMB/s     wMB/s   rrqm/s   wrqm/s  %rrqm  %wrqm r_await w_await aqu-sz rareq-sz wareq-sz  svctm  %util
sdb           4658.00 3545.00     18.20     48.50     0.00  8479.00   0.00  70.52    0.33    0.44   0.08     4.00    14.01   0.12 100.00

2021년 10월 04일 20시 57분 59초
avg-cpu:  %user   %nice %system %iowait  %steal   %idle
           0.38    0.00    5.64    1.44    0.00   92.54

Device            r/s     w/s     rMB/s     wMB/s   rrqm/s   wrqm/s  %rrqm  %wrqm r_await w_await aqu-sz rareq-sz wareq-sz  svctm  %util
sdb           5556.00 3974.00     21.70     46.34     0.00  6860.00   0.00  63.32    0.28    0.38   0.00     4.00    11.94   0.10 100.00

2021년 10월 04일 20시 58분 00초
avg-cpu:  %user   %nice %system %iowait  %steal   %idle
           0.25    0.00    2.37    1.87    0.00   95.51

Device            r/s     w/s     rMB/s     wMB/s   rrqm/s   wrqm/s  %rrqm  %wrqm r_await w_await aqu-sz rareq-sz wareq-sz  svctm  %util
sdb           9732.00 4677.00     38.02     47.49     0.00  2648.00   0.00  36.15    0.24    0.33   0.21     4.00    10.40   0.07  99.60

2021년 10월 04일 20시 58분 01초
avg-cpu:  %user   %nice %system %iowait  %steal   %idle
           0.31    0.00    5.35    1.70    0.00   92.64

Device            r/s     w/s     rMB/s     wMB/s   rrqm/s   wrqm/s  %rrqm  %wrqm r_await w_await aqu-sz rareq-sz wareq-sz  svctm  %util
sdb           4695.00 3448.00     18.34     49.23     0.00  8835.00   0.00  71.93    0.33    0.43   0.00     4.00    14.62   0.12 100.00

2021년 10월 04일 20시 58분 02초
avg-cpu:  %user   %nice %system %iowait  %steal   %idle
           0.19    0.00    5.60    1.89    0.00   92.32

Device            r/s     w/s     rMB/s     wMB/s   rrqm/s   wrqm/s  %rrqm  %wrqm r_await w_await aqu-sz rareq-sz wareq-sz  svctm  %util
sdb           4792.00 3455.00     18.72     49.36     0.00  8746.00   0.00  71.68    0.32    0.43   0.00     4.00    14.63   0.12 100.00

2021년 10월 04일 20시 58분 03초
avg-cpu:  %user   %nice %system %iowait  %steal   %idle
           0.38    0.00    5.53    2.14    0.00   91.95

Device            r/s     w/s     rMB/s     wMB/s   rrqm/s   wrqm/s  %rrqm  %wrqm r_await w_await aqu-sz rareq-sz wareq-sz  svctm  %util
sdb           4489.00 3478.00     17.54     46.62     0.00  8185.00   0.00  70.18    0.33    0.43   0.06     4.00    13.73   0.12  98.40

2021년 10월 04일 20시 58분 04초
avg-cpu:  %user   %nice %system %iowait  %steal   %idle
           0.31    0.00    5.90    1.82    0.00   91.97

Device            r/s     w/s     rMB/s     wMB/s   rrqm/s   wrqm/s  %rrqm  %wrqm r_await w_await aqu-sz rareq-sz wareq-sz  svctm  %util
sdb           4603.00 3555.00     17.98     47.86     0.00  8333.00   0.00  70.10    0.32    0.42   0.00     4.00    13.79   0.12 100.00

2021년 10월 04일 20시 58분 05초
avg-cpu:  %user   %nice %system %iowait  %steal   %idle
           0.38    0.00    5.76    1.57    0.00   92.29

Device            r/s     w/s     rMB/s     wMB/s   rrqm/s   wrqm/s  %rrqm  %wrqm r_await w_await aqu-sz rareq-sz wareq-sz  svctm  %util
sdb           5260.00 3970.00     20.55     47.88     0.00  7628.00   0.00  65.77    0.29    0.39   0.00     4.00    12.35   0.11 100.00

2021년 10월 04일 20시 58분 06초
avg-cpu:  %user   %nice %system %iowait  %steal   %idle
           0.19    0.00    6.15    2.95    0.00   90.72

Device            r/s     w/s     rMB/s     wMB/s   rrqm/s   wrqm/s  %rrqm  %wrqm r_await w_await aqu-sz rareq-sz wareq-sz  svctm  %util
sdb           4084.00 3847.00     15.95     64.32     0.00 12694.00   0.00  76.74    0.34    0.62   0.70     4.00    17.12   0.12  98.40

2021년 10월 04일 20시 58분 07초
avg-cpu:  %user   %nice %system %iowait  %steal   %idle
           0.25    0.00    7.03    1.55    0.00   91.17

Device            r/s     w/s     rMB/s     wMB/s   rrqm/s   wrqm/s  %rrqm  %wrqm r_await w_await aqu-sz rareq-sz wareq-sz  svctm  %util
sdb           4534.00 3686.00     17.71     47.96     0.00  8652.00   0.00  70.12    0.31    0.42   0.00     4.00    13.33   0.12 100.00

2021년 10월 04일 20시 58분 08초
avg-cpu:  %user   %nice %system %iowait  %steal   %idle
           0.19    0.00    6.03    2.14    0.00   91.64

Device            r/s     w/s     rMB/s     wMB/s   rrqm/s   wrqm/s  %rrqm  %wrqm r_await w_await aqu-sz rareq-sz wareq-sz  svctm  %util
sdb           4554.00 3614.00     17.79     46.38     0.00  8356.00   0.00  69.81    0.32    0.43   0.08     4.00    13.14   0.12  98.40

2021년 10월 04일 20시 58분 09초
avg-cpu:  %user   %nice %system %iowait  %steal   %idle
           0.31    0.00    5.97    1.70    0.00   92.02

Device            r/s     w/s     rMB/s     wMB/s   rrqm/s   wrqm/s  %rrqm  %wrqm r_await w_await aqu-sz rareq-sz wareq-sz  svctm  %util
sdb           4559.00 3620.00     17.81     48.05     0.00  8594.00   0.00  70.36    0.32    0.42   0.00     4.00    13.59   0.12 100.00

2021년 10월 04일 20시 58분 10초
avg-cpu:  %user   %nice %system %iowait  %steal   %idle
           0.25    0.00    6.69    1.69    0.00   91.37

Device            r/s     w/s     rMB/s     wMB/s   rrqm/s   wrqm/s  %rrqm  %wrqm r_await w_await aqu-sz rareq-sz wareq-sz  svctm  %util
sdb           4695.00 3592.00     18.34     47.74     0.00  8163.00   0.00  69.44    0.32    0.42   0.00     4.00    13.61   0.12 100.00

2021년 10월 04일 20시 58분 11초
avg-cpu:  %user   %nice %system %iowait  %steal   %idle
           0.38    0.00    5.96    2.01    0.00   91.65

Device            r/s     w/s     rMB/s     wMB/s   rrqm/s   wrqm/s  %rrqm  %wrqm r_await w_await aqu-sz rareq-sz wareq-sz  svctm  %util
sdb           4886.00 3763.00     19.09     46.70     0.00  7780.00   0.00  67.40    0.30    0.42   0.08     4.00    12.71   0.11  98.40

2021년 10월 04일 20시 58분 12초
avg-cpu:  %user   %nice %system %iowait  %steal   %idle
           0.31    0.00    7.02    1.76    0.00   90.91

Device            r/s     w/s     rMB/s     wMB/s   rrqm/s   wrqm/s  %rrqm  %wrqm r_await w_await aqu-sz rareq-sz wareq-sz  svctm  %util
sdb           4569.00 3812.00     17.85     45.70     0.00  7857.00   0.00  67.33    0.31    0.41   0.00     4.00    12.27   0.12 100.00

2021년 10월 04일 20시 58분 13초
avg-cpu:  %user   %nice %system %iowait  %steal   %idle
           0.44    0.00    6.87    2.12    0.00   90.57

Device            r/s     w/s     rMB/s     wMB/s   rrqm/s   wrqm/s  %rrqm  %wrqm r_await w_await aqu-sz rareq-sz wareq-sz  svctm  %util
sdb           4434.00 3674.00     17.32     47.35     0.00  8582.00   0.00  70.02    0.32    0.42   0.00     4.00    13.20   0.12 100.00

2021년 10월 04일 20시 58분 14초
avg-cpu:  %user   %nice %system %iowait  %steal   %idle
           0.31    0.00    7.48    2.06    0.00   90.16

Device            r/s     w/s     rMB/s     wMB/s   rrqm/s   wrqm/s  %rrqm  %wrqm r_await w_await aqu-sz rareq-sz wareq-sz  svctm  %util
sdb           4408.00 3655.00     17.22     47.12     0.00  8715.00   0.00  70.45    0.31    0.44   0.08     4.00    13.20   0.12  98.40

2021년 10월 04일 20시 58분 15초
avg-cpu:  %user   %nice %system %iowait  %steal   %idle
           0.19    0.00    6.35    1.82    0.00   91.64

Device            r/s     w/s     rMB/s     wMB/s   rrqm/s   wrqm/s  %rrqm  %wrqm r_await w_await aqu-sz rareq-sz wareq-sz  svctm  %util
sdb           4740.00 3828.00     18.52     49.33     0.00  8867.00   0.00  69.85    0.30    0.41   0.00     4.00    13.20   0.12 100.00

2021년 10월 04일 20시 58분 16초
avg-cpu:  %user   %nice %system %iowait  %steal   %idle
           0.44    0.00    6.60    1.68    0.00   91.28

Device            r/s     w/s     rMB/s     wMB/s   rrqm/s   wrqm/s  %rrqm  %wrqm r_await w_await aqu-sz rareq-sz wareq-sz  svctm  %util
sdb           5222.00 3777.00     20.40     50.64     0.00  8717.00   0.00  69.77    0.30    0.40   0.00     4.00    13.73   0.11 100.00

2021년 10월 04일 20시 58분 17초
avg-cpu:  %user   %nice %system %iowait  %steal   %idle
           0.19    0.00    5.55    2.08    0.00   92.18

Device            r/s     w/s     rMB/s     wMB/s   rrqm/s   wrqm/s  %rrqm  %wrqm r_await w_await aqu-sz rareq-sz wareq-sz  svctm  %util
sdb           4780.00 3430.00     18.67     47.99     0.00  8421.00   0.00  71.06    0.32    0.43   0.06     4.00    14.33   0.12  98.00

2021년 10월 04일 20시 58분 18초
avg-cpu:  %user   %nice %system %iowait  %steal   %idle
           0.31    0.00    3.97    1.57    0.00   94.14

Device            r/s     w/s     rMB/s     wMB/s   rrqm/s   wrqm/s  %rrqm  %wrqm r_await w_await aqu-sz rareq-sz wareq-sz  svctm  %util
sdb           6677.00 3921.00     26.08     49.29     0.00  6529.00   0.00  62.48    0.27    0.38   0.02     4.00    12.87   0.09 100.00

2021년 10월 04일 20시 58분 19초
avg-cpu:  %user   %nice %system %iowait  %steal   %idle
           0.37    0.00    6.55    1.81    0.00   91.27

Device            r/s     w/s     rMB/s     wMB/s   rrqm/s   wrqm/s  %rrqm  %wrqm r_await w_await aqu-sz rareq-sz wareq-sz  svctm  %util
sdb           4522.00 3578.00     17.66     47.79     0.00  8540.00   0.00  70.47    0.33    0.43   0.06     4.00    13.68   0.12  98.40

2021년 10월 04일 20시 58분 20초
avg-cpu:  %user   %nice %system %iowait  %steal   %idle
           0.38    0.00    5.01    1.90    0.00   92.70

Device            r/s     w/s     rMB/s     wMB/s   rrqm/s   wrqm/s  %rrqm  %wrqm r_await w_await aqu-sz rareq-sz wareq-sz  svctm  %util
sdb           4556.00 3628.00     17.80     48.09     0.00  8566.00   0.00  70.25    0.32    0.42   0.00     4.00    13.57   0.12 100.00

2021년 10월 04일 20시 58분 21초
avg-cpu:  %user   %nice %system %iowait  %steal   %idle
           0.19    0.00    5.63    2.34    0.00   91.85

Device            r/s     w/s     rMB/s     wMB/s   rrqm/s   wrqm/s  %rrqm  %wrqm r_await w_await aqu-sz rareq-sz wareq-sz  svctm  %util
sdb           4354.00 3722.00     17.01     48.38     0.00  8935.00   0.00  70.59    0.32    0.42   0.00     4.00    13.31   0.12 100.00

2021년 10월 04일 20시 58분 22초
avg-cpu:  %user   %nice %system %iowait  %steal   %idle
           0.19    0.00    5.82    1.88    0.00   92.11

Device            r/s     w/s     rMB/s     wMB/s   rrqm/s   wrqm/s  %rrqm  %wrqm r_await w_await aqu-sz rareq-sz wareq-sz  svctm  %util
sdb           5095.00 3644.00     19.90     47.36     0.00  7980.00   0.00  68.65    0.31    0.43   0.06     4.00    13.31   0.11  99.20

2021년 10월 04일 20시 58분 23초
avg-cpu:  %user   %nice %system %iowait  %steal   %idle
           0.25    0.00    5.92    1.50    0.00   92.33

Device            r/s     w/s     rMB/s     wMB/s   rrqm/s   wrqm/s  %rrqm  %wrqm r_await w_await aqu-sz rareq-sz wareq-sz  svctm  %util
sdb           4328.00 3178.00     16.91     45.85     0.00  8398.00   0.00  72.55    0.32    0.42   0.00     4.00    14.77   0.12  91.60

2021년 10월 04일 20시 58분 24초
avg-cpu:  %user   %nice %system %iowait  %steal   %idle
           0.00    0.00    0.13    0.00    0.00   99.87

Device            r/s     w/s     rMB/s     wMB/s   rrqm/s   wrqm/s  %rrqm  %wrqm r_await w_await aqu-sz rareq-sz wareq-sz  svctm  %util
sdb              0.00    0.00      0.00      0.00     0.00     0.00   0.00   0.00    0.00    0.00   0.00     0.00     0.00   0.00   0.00

2021년 10월 04일 20시 58분 25초
avg-cpu:  %user   %nice %system %iowait  %steal   %idle
           0.06    0.00    0.12    0.00    0.00   99.81

Device            r/s     w/s     rMB/s     wMB/s   rrqm/s   wrqm/s  %rrqm  %wrqm r_await w_await aqu-sz rareq-sz wareq-sz  svctm  %util
sdb              0.00    0.00      0.00      0.00     0.00     0.00   0.00   0.00    0.00    0.00   0.00     0.00     0.00   0.00   0.00

2021년 10월 04일 20시 58분 26초
avg-cpu:  %user   %nice %system %iowait  %steal   %idle
           0.00    0.00    0.13    0.00    0.00   99.87

Device            r/s     w/s     rMB/s     wMB/s   rrqm/s   wrqm/s  %rrqm  %wrqm r_await w_await aqu-sz rareq-sz wareq-sz  svctm  %util
sdb              0.00    0.00      0.00      0.00     0.00     0.00   0.00   0.00    0.00    0.00   0.00     0.00     0.00   0.00   0.00

