Linux 5.5.8test (syslab-desk) 	2021년 10월 04일 	_x86_64_	(16 CPU)

2021년 10월 04일 21시 06분 02초
avg-cpu:  %user   %nice %system %iowait  %steal   %idle
           2.57    0.00    1.72    4.80    0.00   90.91

Device            r/s     w/s     rMB/s     wMB/s   rrqm/s   wrqm/s  %rrqm  %wrqm r_await w_await aqu-sz rareq-sz wareq-sz  svctm  %util
sdb            119.80  412.59      0.66     14.02    48.66   502.54  28.89  54.91    0.37    1.62   0.18     5.68    34.79   0.11   6.01

2021년 10월 04일 21시 06분 03초
avg-cpu:  %user   %nice %system %iowait  %steal   %idle
           0.00    0.00    0.13    0.00    0.00   99.87

Device            r/s     w/s     rMB/s     wMB/s   rrqm/s   wrqm/s  %rrqm  %wrqm r_await w_await aqu-sz rareq-sz wareq-sz  svctm  %util
sdb              0.00    0.00      0.00      0.00     0.00     0.00   0.00   0.00    0.00    0.00   0.00     0.00     0.00   0.00   0.00

2021년 10월 04일 21시 06분 04초
avg-cpu:  %user   %nice %system %iowait  %steal   %idle
           0.06    0.00    0.00    0.00    0.00   99.94

Device            r/s     w/s     rMB/s     wMB/s   rrqm/s   wrqm/s  %rrqm  %wrqm r_await w_await aqu-sz rareq-sz wareq-sz  svctm  %util
sdb              0.00    0.00      0.00      0.00     0.00     0.00   0.00   0.00    0.00    0.00   0.00     0.00     0.00   0.00   0.00

2021년 10월 04일 21시 06분 05초
avg-cpu:  %user   %nice %system %iowait  %steal   %idle
           0.06    0.00    5.69    1.88    0.00   92.37

Device            r/s     w/s     rMB/s     wMB/s   rrqm/s   wrqm/s  %rrqm  %wrqm r_await w_await aqu-sz rareq-sz wareq-sz  svctm  %util
sdb           4196.00 2276.00     34.93     31.31  4597.00  5317.00  52.28  70.03    0.42    0.49   0.00     8.53    14.09   0.12  80.40

2021년 10월 04일 21시 06분 06초
avg-cpu:  %user   %nice %system %iowait  %steal   %idle
           0.44    0.00    9.05    4.43    0.00   86.08

Device            r/s     w/s     rMB/s     wMB/s   rrqm/s   wrqm/s  %rrqm  %wrqm r_await w_await aqu-sz rareq-sz wareq-sz  svctm  %util
sdb           5852.00 5140.00     22.86     61.15     0.00 11164.00   0.00  68.47    0.50    0.51   0.16     4.00    12.18   0.09  98.40

2021년 10월 04일 21시 06분 07초
avg-cpu:  %user   %nice %system %iowait  %steal   %idle
           0.70    0.00    8.77    3.43    0.00   87.09

Device            r/s     w/s     rMB/s     wMB/s   rrqm/s   wrqm/s  %rrqm  %wrqm r_await w_await aqu-sz rareq-sz wareq-sz  svctm  %util
sdb           6025.00 5105.00     23.54     62.21     0.00 11626.00   0.00  69.49    0.48    0.50   0.00     4.00    12.48   0.09 100.00

2021년 10월 04일 21시 06분 08초
avg-cpu:  %user   %nice %system %iowait  %steal   %idle
           0.31    0.00    9.37    3.77    0.00   86.55

Device            r/s     w/s     rMB/s     wMB/s   rrqm/s   wrqm/s  %rrqm  %wrqm r_await w_await aqu-sz rareq-sz wareq-sz  svctm  %util
sdb           5590.00 5094.00     21.84     60.57     0.00 11540.00   0.00  69.38    0.52    0.51   0.13     4.00    12.18   0.09  98.80

2021년 10월 04일 21시 06분 09초
avg-cpu:  %user   %nice %system %iowait  %steal   %idle
           0.31    0.00    9.54    3.64    0.00   86.50

Device            r/s     w/s     rMB/s     wMB/s   rrqm/s   wrqm/s  %rrqm  %wrqm r_await w_await aqu-sz rareq-sz wareq-sz  svctm  %util
sdb           5804.00 4935.00     22.67     60.66     0.00 11488.00   0.00  69.95    0.51    0.53   0.00     4.00    12.59   0.09 100.00

2021년 10월 04일 21시 06분 10초
avg-cpu:  %user   %nice %system %iowait  %steal   %idle
           0.38    0.00    8.41    3.38    0.00   87.83

Device            r/s     w/s     rMB/s     wMB/s   rrqm/s   wrqm/s  %rrqm  %wrqm r_await w_await aqu-sz rareq-sz wareq-sz  svctm  %util
sdb           5992.00 5030.00     23.41     63.30     0.00 11787.00   0.00  70.09    0.48    0.51   0.00     4.00    12.89   0.09 100.00

2021년 10월 04일 21시 06분 11초
avg-cpu:  %user   %nice %system %iowait  %steal   %idle
           0.38    0.00    7.36    4.61    0.00   87.65

Device            r/s     w/s     rMB/s     wMB/s   rrqm/s   wrqm/s  %rrqm  %wrqm r_await w_await aqu-sz rareq-sz wareq-sz  svctm  %util
sdb           5857.00 4864.00     22.88     61.26     0.00 11245.00   0.00  69.81    0.53    0.52   0.13     4.00    12.90   0.09  98.40

2021년 10월 04일 21시 06분 12초
avg-cpu:  %user   %nice %system %iowait  %steal   %idle
           0.43    0.00   10.91    3.08    0.00   85.57

Device            r/s     w/s     rMB/s     wMB/s   rrqm/s   wrqm/s  %rrqm  %wrqm r_await w_await aqu-sz rareq-sz wareq-sz  svctm  %util
sdb           6011.00 5069.00     23.48     63.84     0.00 11934.00   0.00  70.19    0.49    0.50   0.00     4.00    12.90   0.09 100.00

2021년 10월 04일 21시 06분 13초
avg-cpu:  %user   %nice %system %iowait  %steal   %idle
           0.50    0.00   10.51    3.75    0.00   85.23

Device            r/s     w/s     rMB/s     wMB/s   rrqm/s   wrqm/s  %rrqm  %wrqm r_await w_await aqu-sz rareq-sz wareq-sz  svctm  %util
sdb           5539.00 5346.00     21.64     60.65     0.00 11352.00   0.00  67.98    0.50    0.52   0.13     4.00    11.62   0.09  98.80

2021년 10월 04일 21시 06분 14초
avg-cpu:  %user   %nice %system %iowait  %steal   %idle
           0.38    0.00    9.34    3.54    0.00   86.74

Device            r/s     w/s     rMB/s     wMB/s   rrqm/s   wrqm/s  %rrqm  %wrqm r_await w_await aqu-sz rareq-sz wareq-sz  svctm  %util
sdb           5828.00 5156.00     22.77     63.78     0.00 12136.00   0.00  70.18    0.49    0.51   0.00     4.00    12.67   0.09 100.00

2021년 10월 04일 21시 06분 15초
avg-cpu:  %user   %nice %system %iowait  %steal   %idle
           0.32    0.00    8.16    4.15    0.00   87.37

Device            r/s     w/s     rMB/s     wMB/s   rrqm/s   wrqm/s  %rrqm  %wrqm r_await w_await aqu-sz rareq-sz wareq-sz  svctm  %util
sdb           5772.00 5077.00     22.55     62.69     0.00 11769.00   0.00  69.86    0.49    0.52   0.13     4.00    12.64   0.09  98.80

2021년 10월 04일 21시 06분 16초
avg-cpu:  %user   %nice %system %iowait  %steal   %idle
           0.38    0.00    8.32    3.37    0.00   87.93

Device            r/s     w/s     rMB/s     wMB/s   rrqm/s   wrqm/s  %rrqm  %wrqm r_await w_await aqu-sz rareq-sz wareq-sz  svctm  %util
sdb           5958.00 5099.00     23.27     63.65     0.00 11727.00   0.00  69.70    0.48    0.51   0.00     4.00    12.78   0.09 100.00

2021년 10월 04일 21시 06분 17초
avg-cpu:  %user   %nice %system %iowait  %steal   %idle
           0.44    0.00    8.28    3.98    0.00   87.29

Device            r/s     w/s     rMB/s     wMB/s   rrqm/s   wrqm/s  %rrqm  %wrqm r_await w_await aqu-sz rareq-sz wareq-sz  svctm  %util
sdb           6042.00 4870.00     23.60     63.38     0.00 11736.00   0.00  70.67    0.49    0.50   0.10     4.00    13.33   0.09  98.40

2021년 10월 04일 21시 06분 18초
avg-cpu:  %user   %nice %system %iowait  %steal   %idle
           0.32    0.00    9.19    3.30    0.00   87.20

Device            r/s     w/s     rMB/s     wMB/s   rrqm/s   wrqm/s  %rrqm  %wrqm r_await w_await aqu-sz rareq-sz wareq-sz  svctm  %util
sdb           5696.00 5277.00     22.25     62.66     0.00 11882.00   0.00  69.25    0.48    0.51   0.00     4.00    12.16   0.09 100.00

2021년 10월 04일 21시 06분 19초
avg-cpu:  %user   %nice %system %iowait  %steal   %idle
           0.45    0.00    8.23    3.83    0.00   87.49

Device            r/s     w/s     rMB/s     wMB/s   rrqm/s   wrqm/s  %rrqm  %wrqm r_await w_await aqu-sz rareq-sz wareq-sz  svctm  %util
sdb           5594.00 5224.00     21.85     62.20     0.00 11868.00   0.00  69.44    0.49    0.51   0.06     4.00    12.19   0.09  98.80

2021년 10월 04일 21시 06분 20초
avg-cpu:  %user   %nice %system %iowait  %steal   %idle
           0.50    0.00    9.20    3.28    0.00   87.02

Device            r/s     w/s     rMB/s     wMB/s   rrqm/s   wrqm/s  %rrqm  %wrqm r_await w_await aqu-sz rareq-sz wareq-sz  svctm  %util
sdb           5852.00 5118.00     22.86     63.01     0.00 11879.00   0.00  69.89    0.49    0.51   0.00     4.00    12.61   0.09 100.00

2021년 10월 04일 21시 06분 21초
avg-cpu:  %user   %nice %system %iowait  %steal   %idle
           0.32    0.00    7.89    3.50    0.00   88.30

Device            r/s     w/s     rMB/s     wMB/s   rrqm/s   wrqm/s  %rrqm  %wrqm r_await w_await aqu-sz rareq-sz wareq-sz  svctm  %util
sdb           6019.00 4950.00     23.51     63.55     0.00 11954.00   0.00  70.72    0.49    0.50   0.00     4.00    13.15   0.09 100.00

2021년 10월 04일 21시 06분 22초
avg-cpu:  %user   %nice %system %iowait  %steal   %idle
           0.19    0.00    7.62    4.07    0.00   88.12

Device            r/s     w/s     rMB/s     wMB/s   rrqm/s   wrqm/s  %rrqm  %wrqm r_await w_await aqu-sz rareq-sz wareq-sz  svctm  %util
sdb           6020.00 4675.00     23.52     61.75     0.00 11276.00   0.00  70.69    0.52    0.54   0.08     4.00    13.53   0.09  98.40

2021년 10월 04일 21시 06분 23초
avg-cpu:  %user   %nice %system %iowait  %steal   %idle
           0.38    0.00    8.81    3.49    0.00   87.33

Device            r/s     w/s     rMB/s     wMB/s   rrqm/s   wrqm/s  %rrqm  %wrqm r_await w_await aqu-sz rareq-sz wareq-sz  svctm  %util
sdb           5710.00 5118.00     22.30     62.07     0.00 11672.00   0.00  69.52    0.49    0.52   0.00     4.00    12.42   0.09 100.00

2021년 10월 04일 21시 06분 24초
avg-cpu:  %user   %nice %system %iowait  %steal   %idle
           0.51    0.00    8.33    4.01    0.00   87.16

Device            r/s     w/s     rMB/s     wMB/s   rrqm/s   wrqm/s  %rrqm  %wrqm r_await w_await aqu-sz rareq-sz wareq-sz  svctm  %util
sdb           5808.00 5018.00     22.69     62.16     0.00 11631.00   0.00  69.86    0.50    0.52   0.11     4.00    12.68   0.09  98.80

2021년 10월 04일 21시 06분 25초
avg-cpu:  %user   %nice %system %iowait  %steal   %idle
           0.63    0.00    9.52    3.51    0.00   86.34

Device            r/s     w/s     rMB/s     wMB/s   rrqm/s   wrqm/s  %rrqm  %wrqm r_await w_await aqu-sz rareq-sz wareq-sz  svctm  %util
sdb           5682.00 5277.00     22.20     61.74     0.00 11455.00   0.00  68.46    0.46    0.48   0.00     4.00    11.98   0.09 100.00

2021년 10월 04일 21시 06분 26초
avg-cpu:  %user   %nice %system %iowait  %steal   %idle
           0.51    0.00    8.15    3.67    0.00   87.67

Device            r/s     w/s     rMB/s     wMB/s   rrqm/s   wrqm/s  %rrqm  %wrqm r_await w_await aqu-sz rareq-sz wareq-sz  svctm  %util
sdb           5734.00 5175.00     22.40     61.83     0.00 11241.00   0.00  68.48    0.48    0.48   0.09     4.00    12.23   0.09  99.60

2021년 10월 04일 21시 06분 27초
avg-cpu:  %user   %nice %system %iowait  %steal   %idle
           0.31    0.00    8.74    3.52    0.00   87.43

Device            r/s     w/s     rMB/s     wMB/s   rrqm/s   wrqm/s  %rrqm  %wrqm r_await w_await aqu-sz rareq-sz wareq-sz  svctm  %util
sdb           5870.00 5038.00     22.93     61.19     0.00 11014.00   0.00  68.61    0.49    0.50   0.00     4.00    12.44   0.09 100.00

2021년 10월 04일 21시 06분 28초
avg-cpu:  %user   %nice %system %iowait  %steal   %idle
           0.44    0.00    8.94    3.84    0.00   86.78

Device            r/s     w/s     rMB/s     wMB/s   rrqm/s   wrqm/s  %rrqm  %wrqm r_await w_await aqu-sz rareq-sz wareq-sz  svctm  %util
sdb           5782.00 5008.00     22.59     61.64     0.00 11284.00   0.00  69.26    0.48    0.50   0.00     4.00    12.60   0.09  99.20

2021년 10월 04일 21시 06분 29초
avg-cpu:  %user   %nice %system %iowait  %steal   %idle
           0.32    0.00    8.15    3.44    0.00   88.09

Device            r/s     w/s     rMB/s     wMB/s   rrqm/s   wrqm/s  %rrqm  %wrqm r_await w_await aqu-sz rareq-sz wareq-sz  svctm  %util
sdb           5596.00 5204.00     21.86     62.77     0.00 11538.00   0.00  68.92    0.49    0.50   0.11     4.00    12.35   0.09  99.60

2021년 10월 04일 21시 06분 30초
avg-cpu:  %user   %nice %system %iowait  %steal   %idle
           0.44    0.00    8.41    3.67    0.00   87.48

Device            r/s     w/s     rMB/s     wMB/s   rrqm/s   wrqm/s  %rrqm  %wrqm r_await w_await aqu-sz rareq-sz wareq-sz  svctm  %util
sdb           5803.00 5211.00     22.67     61.54     0.00 11351.00   0.00  68.54    0.49    0.50   0.00     4.00    12.09   0.09 100.00

2021년 10월 04일 21시 06분 31초
avg-cpu:  %user   %nice %system %iowait  %steal   %idle
           0.25    0.00    8.34    4.01    0.00   87.39

Device            r/s     w/s     rMB/s     wMB/s   rrqm/s   wrqm/s  %rrqm  %wrqm r_await w_await aqu-sz rareq-sz wareq-sz  svctm  %util
sdb           5496.00 5151.00     21.47     62.18     0.00 11689.00   0.00  69.41    0.48    0.50   0.10     4.00    12.36   0.09  98.80

2021년 10월 04일 21시 06분 32초
avg-cpu:  %user   %nice %system %iowait  %steal   %idle
           0.38    0.00    8.39    3.47    0.00   87.76

Device            r/s     w/s     rMB/s     wMB/s   rrqm/s   wrqm/s  %rrqm  %wrqm r_await w_await aqu-sz rareq-sz wareq-sz  svctm  %util
sdb           5981.00 4982.00     23.36     63.09     0.00 11460.00   0.00  69.70    0.48    0.49   0.00     4.00    12.97   0.09 100.00

2021년 10월 04일 21시 06분 33초
avg-cpu:  %user   %nice %system %iowait  %steal   %idle
           0.32    0.00    7.85    4.49    0.00   87.34

Device            r/s     w/s     rMB/s     wMB/s   rrqm/s   wrqm/s  %rrqm  %wrqm r_await w_await aqu-sz rareq-sz wareq-sz  svctm  %util
sdb           5881.00 4736.00     22.97     61.80     0.00 11444.00   0.00  70.73    0.51    0.51   0.13     4.00    13.36   0.09  98.40

2021년 10월 04일 21시 06분 34초
avg-cpu:  %user   %nice %system %iowait  %steal   %idle
           0.50    0.00   10.01    3.19    0.00   86.30

Device            r/s     w/s     rMB/s     wMB/s   rrqm/s   wrqm/s  %rrqm  %wrqm r_await w_await aqu-sz rareq-sz wareq-sz  svctm  %util
sdb           5658.00 5274.00     22.10     62.61     0.00 11741.00   0.00  69.00    0.47    0.49   0.00     4.00    12.16   0.09 100.00

2021년 10월 04일 21시 06분 35초
avg-cpu:  %user   %nice %system %iowait  %steal   %idle
           0.31    0.00    9.41    4.89    0.00   85.38

Device            r/s     w/s     rMB/s     wMB/s   rrqm/s   wrqm/s  %rrqm  %wrqm r_await w_await aqu-sz rareq-sz wareq-sz  svctm  %util
sdb           5368.00 5070.00     20.97     79.15     0.00 15901.00   0.00  75.82    0.54    0.65   0.60     4.00    15.99   0.09  98.80

2021년 10월 04일 21시 06분 36초
avg-cpu:  %user   %nice %system %iowait  %steal   %idle
           0.44    0.00    9.01    3.21    0.00   87.34

Device            r/s     w/s     rMB/s     wMB/s   rrqm/s   wrqm/s  %rrqm  %wrqm r_await w_await aqu-sz rareq-sz wareq-sz  svctm  %util
sdb           5995.00 5118.00     23.42     64.42     0.00 12060.00   0.00  70.21    0.49    0.51   0.00     4.00    12.89   0.09  99.60

2021년 10월 04일 21시 06분 37초
avg-cpu:  %user   %nice %system %iowait  %steal   %idle
           0.38    0.00    9.13    3.59    0.00   86.91

Device            r/s     w/s     rMB/s     wMB/s   rrqm/s   wrqm/s  %rrqm  %wrqm r_await w_await aqu-sz rareq-sz wareq-sz  svctm  %util
sdb           5824.00 5031.00     22.75     62.66     0.00 11669.00   0.00  69.87    0.50    0.52   0.11     4.00    12.75   0.09  99.20

2021년 10월 04일 21시 06분 38초
avg-cpu:  %user   %nice %system %iowait  %steal   %idle
           0.44    0.00    9.53    3.20    0.00   86.83

Device            r/s     w/s     rMB/s     wMB/s   rrqm/s   wrqm/s  %rrqm  %wrqm r_await w_await aqu-sz rareq-sz wareq-sz  svctm  %util
sdb           5996.00 5243.00     23.42     62.89     0.00 11398.00   0.00  68.49    0.49    0.50   0.00     4.00    12.28   0.09 100.00

2021년 10월 04일 21시 06분 39초
avg-cpu:  %user   %nice %system %iowait  %steal   %idle
           0.45    0.00    7.22    3.87    0.00   88.47

Device            r/s     w/s     rMB/s     wMB/s   rrqm/s   wrqm/s  %rrqm  %wrqm r_await w_await aqu-sz rareq-sz wareq-sz  svctm  %util
sdb           5847.00 5077.00     22.84     61.11     0.00 11284.00   0.00  68.97    0.50    0.50   0.00     4.00    12.33   0.09  99.20

2021년 10월 04일 21시 06분 40초
avg-cpu:  %user   %nice %system %iowait  %steal   %idle
           0.51    0.00    8.37    3.87    0.00   87.25

Device            r/s     w/s     rMB/s     wMB/s   rrqm/s   wrqm/s  %rrqm  %wrqm r_await w_await aqu-sz rareq-sz wareq-sz  svctm  %util
sdb           5860.00 4971.00     22.89     61.95     0.00 11670.00   0.00  70.13    0.51    0.53   0.13     4.00    12.76   0.09  99.60

2021년 10월 04일 21시 06분 41초
avg-cpu:  %user   %nice %system %iowait  %steal   %idle
           0.37    0.00   10.29    3.24    0.00   86.10

Device            r/s     w/s     rMB/s     wMB/s   rrqm/s   wrqm/s  %rrqm  %wrqm r_await w_await aqu-sz rareq-sz wareq-sz  svctm  %util
sdb           5986.00 5081.00     23.38     64.25     0.00 12157.00   0.00  70.52    0.48    0.50   0.00     4.00    12.95   0.09 100.00

2021년 10월 04일 21시 06분 42초
avg-cpu:  %user   %nice %system %iowait  %steal   %idle
           0.44    0.00    8.22    4.11    0.00   87.22

Device            r/s     w/s     rMB/s     wMB/s   rrqm/s   wrqm/s  %rrqm  %wrqm r_await w_await aqu-sz rareq-sz wareq-sz  svctm  %util
sdb           5877.00 4808.00     22.96     62.59     0.00 11682.00   0.00  70.84    0.52    0.52   0.13     4.00    13.33   0.09  98.80

2021년 10월 04일 21시 06분 43초
avg-cpu:  %user   %nice %system %iowait  %steal   %idle
           0.13    0.00    4.93    2.21    0.00   92.74

Device            r/s     w/s     rMB/s     wMB/s   rrqm/s   wrqm/s  %rrqm  %wrqm r_await w_await aqu-sz rareq-sz wareq-sz  svctm  %util
sdb           4182.00 3212.00     16.34     41.50     0.00  7375.00   0.00  69.66    0.49    0.50   0.00     4.00    13.23   0.09  64.80

2021년 10월 04일 21시 06분 44초
avg-cpu:  %user   %nice %system %iowait  %steal   %idle
           0.06    0.00    0.06    0.00    0.00   99.88

Device            r/s     w/s     rMB/s     wMB/s   rrqm/s   wrqm/s  %rrqm  %wrqm r_await w_await aqu-sz rareq-sz wareq-sz  svctm  %util
sdb              0.00    0.00      0.00      0.00     0.00     0.00   0.00   0.00    0.00    0.00   0.00     0.00     0.00   0.00   0.00

2021년 10월 04일 21시 06분 45초
avg-cpu:  %user   %nice %system %iowait  %steal   %idle
           0.06    0.00    0.12    0.00    0.00   99.81

Device            r/s     w/s     rMB/s     wMB/s   rrqm/s   wrqm/s  %rrqm  %wrqm r_await w_await aqu-sz rareq-sz wareq-sz  svctm  %util
sdb              0.00    0.00      0.00      0.00     0.00     0.00   0.00   0.00    0.00    0.00   0.00     0.00     0.00   0.00   0.00

2021년 10월 04일 21시 06분 46초
avg-cpu:  %user   %nice %system %iowait  %steal   %idle
           0.00    0.00    0.31    0.00    0.00   99.69

Device            r/s     w/s     rMB/s     wMB/s   rrqm/s   wrqm/s  %rrqm  %wrqm r_await w_await aqu-sz rareq-sz wareq-sz  svctm  %util
sdb              0.00    0.00      0.00      0.00     0.00     0.00   0.00   0.00    0.00    0.00   0.00     0.00     0.00   0.00   0.00

2021년 10월 04일 21시 06분 47초
avg-cpu:  %user   %nice %system %iowait  %steal   %idle
           0.06    0.00    0.19    0.00    0.00   99.75

Device            r/s     w/s     rMB/s     wMB/s   rrqm/s   wrqm/s  %rrqm  %wrqm r_await w_await aqu-sz rareq-sz wareq-sz  svctm  %util
sdb              0.00    0.00      0.00      0.00     0.00     0.00   0.00   0.00    0.00    0.00   0.00     0.00     0.00   0.00   0.00

2021년 10월 04일 21시 06분 48초
avg-cpu:  %user   %nice %system %iowait  %steal   %idle
           0.00    0.00    0.19    0.00    0.00   99.81

Device            r/s     w/s     rMB/s     wMB/s   rrqm/s   wrqm/s  %rrqm  %wrqm r_await w_await aqu-sz rareq-sz wareq-sz  svctm  %util
sdb              0.00    0.00      0.00      0.00     0.00     0.00   0.00   0.00    0.00    0.00   0.00     0.00     0.00   0.00   0.00

2021년 10월 04일 21시 06분 49초
avg-cpu:  %user   %nice %system %iowait  %steal   %idle
           0.12    0.00    0.06    0.00    0.00   99.81

Device            r/s     w/s     rMB/s     wMB/s   rrqm/s   wrqm/s  %rrqm  %wrqm r_await w_await aqu-sz rareq-sz wareq-sz  svctm  %util
sdb              0.00    2.00      0.00      0.12     0.00    28.00   0.00  93.33    0.00    1.00   0.00     0.00    60.00   2.00   0.40

2021년 10월 04일 21시 06분 50초
avg-cpu:  %user   %nice %system %iowait  %steal   %idle
           0.06    0.00    0.06    0.00    0.00   99.88

Device            r/s     w/s     rMB/s     wMB/s   rrqm/s   wrqm/s  %rrqm  %wrqm r_await w_await aqu-sz rareq-sz wareq-sz  svctm  %util
sdb              0.00    0.00      0.00      0.00     0.00     0.00   0.00   0.00    0.00    0.00   0.00     0.00     0.00   0.00   0.00

2021년 10월 04일 21시 06분 51초
avg-cpu:  %user   %nice %system %iowait  %steal   %idle
           0.00    0.00    0.19    0.00    0.00   99.81

Device            r/s     w/s     rMB/s     wMB/s   rrqm/s   wrqm/s  %rrqm  %wrqm r_await w_await aqu-sz rareq-sz wareq-sz  svctm  %util
sdb              0.00    0.00      0.00      0.00     0.00     0.00   0.00   0.00    0.00    0.00   0.00     0.00     0.00   0.00   0.00

2021년 10월 04일 21시 06분 52초
avg-cpu:  %user   %nice %system %iowait  %steal   %idle
           0.12    0.00    0.12    0.00    0.00   99.75

Device            r/s     w/s     rMB/s     wMB/s   rrqm/s   wrqm/s  %rrqm  %wrqm r_await w_await aqu-sz rareq-sz wareq-sz  svctm  %util
sdb              0.00    0.00      0.00      0.00     0.00     0.00   0.00   0.00    0.00    0.00   0.00     0.00     0.00   0.00   0.00

2021년 10월 04일 21시 06분 53초
avg-cpu:  %user   %nice %system %iowait  %steal   %idle
           0.00    0.00    0.13    0.00    0.00   99.87

Device            r/s     w/s     rMB/s     wMB/s   rrqm/s   wrqm/s  %rrqm  %wrqm r_await w_await aqu-sz rareq-sz wareq-sz  svctm  %util
sdb              0.00    0.00      0.00      0.00     0.00     0.00   0.00   0.00    0.00    0.00   0.00     0.00     0.00   0.00   0.00

2021년 10월 04일 21시 06분 54초
avg-cpu:  %user   %nice %system %iowait  %steal   %idle
           0.06    0.00    0.19    0.00    0.00   99.75

Device            r/s     w/s     rMB/s     wMB/s   rrqm/s   wrqm/s  %rrqm  %wrqm r_await w_await aqu-sz rareq-sz wareq-sz  svctm  %util
sdb              0.00    0.00      0.00      0.00     0.00     0.00   0.00   0.00    0.00    0.00   0.00     0.00     0.00   0.00   0.00

2021년 10월 04일 21시 06분 55초
avg-cpu:  %user   %nice %system %iowait  %steal   %idle
           0.06    0.00    0.12    0.00    0.00   99.81

Device            r/s     w/s     rMB/s     wMB/s   rrqm/s   wrqm/s  %rrqm  %wrqm r_await w_await aqu-sz rareq-sz wareq-sz  svctm  %util
sdb              0.00    0.00      0.00      0.00     0.00     0.00   0.00   0.00    0.00    0.00   0.00     0.00     0.00   0.00   0.00

2021년 10월 04일 21시 06분 56초
avg-cpu:  %user   %nice %system %iowait  %steal   %idle
           0.06    0.00    0.12    0.00    0.00   99.81

Device            r/s     w/s     rMB/s     wMB/s   rrqm/s   wrqm/s  %rrqm  %wrqm r_await w_await aqu-sz rareq-sz wareq-sz  svctm  %util
sdb              0.00    0.00      0.00      0.00     0.00     0.00   0.00   0.00    0.00    0.00   0.00     0.00     0.00   0.00   0.00

2021년 10월 04일 21시 06분 57초
avg-cpu:  %user   %nice %system %iowait  %steal   %idle
           0.00    0.00    0.13    0.00    0.00   99.87

Device            r/s     w/s     rMB/s     wMB/s   rrqm/s   wrqm/s  %rrqm  %wrqm r_await w_await aqu-sz rareq-sz wareq-sz  svctm  %util
sdb              0.00    0.00      0.00      0.00     0.00     0.00   0.00   0.00    0.00    0.00   0.00     0.00     0.00   0.00   0.00

2021년 10월 04일 21시 06분 58초
avg-cpu:  %user   %nice %system %iowait  %steal   %idle
           0.06    0.00    0.12    0.00    0.00   99.81

Device            r/s     w/s     rMB/s     wMB/s   rrqm/s   wrqm/s  %rrqm  %wrqm r_await w_await aqu-sz rareq-sz wareq-sz  svctm  %util
sdb              0.00    0.00      0.00      0.00     0.00     0.00   0.00   0.00    0.00    0.00   0.00     0.00     0.00   0.00   0.00

2021년 10월 04일 21시 06분 59초
avg-cpu:  %user   %nice %system %iowait  %steal   %idle
           0.00    0.00    0.12    0.00    0.00   99.88

Device            r/s     w/s     rMB/s     wMB/s   rrqm/s   wrqm/s  %rrqm  %wrqm r_await w_await aqu-sz rareq-sz wareq-sz  svctm  %util
sdb              0.00    0.00      0.00      0.00     0.00     0.00   0.00   0.00    0.00    0.00   0.00     0.00     0.00   0.00   0.00

2021년 10월 04일 21시 07분 00초
avg-cpu:  %user   %nice %system %iowait  %steal   %idle
           0.06    0.00    0.12    0.00    0.00   99.81

Device            r/s     w/s     rMB/s     wMB/s   rrqm/s   wrqm/s  %rrqm  %wrqm r_await w_await aqu-sz rareq-sz wareq-sz  svctm  %util
sdb              0.00    0.00      0.00      0.00     0.00     0.00   0.00   0.00    0.00    0.00   0.00     0.00     0.00   0.00   0.00

