Linux 5.5.8test (syslab-desk) 	2021년 10월 04일 	_x86_64_	(16 CPU)

2021년 10월 04일 21시 25분 23초
avg-cpu:  %user   %nice %system %iowait  %steal   %idle
           2.55    0.00    1.77    4.78    0.00   90.91

Device            r/s     w/s     rMB/s     wMB/s   rrqm/s   wrqm/s  %rrqm  %wrqm r_await w_await aqu-sz rareq-sz wareq-sz  svctm  %util
sdb            123.10  449.28      0.68     14.61    48.19   617.09  28.13  57.87    0.38    1.52   0.18     5.62    33.30   0.12   6.63

2021년 10월 04일 21시 25분 24초
avg-cpu:  %user   %nice %system %iowait  %steal   %idle
           0.00    0.00    0.00    0.00    0.00  100.00

Device            r/s     w/s     rMB/s     wMB/s   rrqm/s   wrqm/s  %rrqm  %wrqm r_await w_await aqu-sz rareq-sz wareq-sz  svctm  %util
sdb              0.00    0.00      0.00      0.00     0.00     0.00   0.00   0.00    0.00    0.00   0.00     0.00     0.00   0.00   0.00

2021년 10월 04일 21시 25분 25초
avg-cpu:  %user   %nice %system %iowait  %steal   %idle
           0.06    0.00    0.06    0.00    0.00   99.87

Device            r/s     w/s     rMB/s     wMB/s   rrqm/s   wrqm/s  %rrqm  %wrqm r_await w_await aqu-sz rareq-sz wareq-sz  svctm  %util
sdb              0.00    0.00      0.00      0.00     0.00     0.00   0.00   0.00    0.00    0.00   0.00     0.00     0.00   0.00   0.00

2021년 10월 04일 21시 25분 26초
avg-cpu:  %user   %nice %system %iowait  %steal   %idle
           0.12    0.00    1.81    0.06    0.00   98.00

Device            r/s     w/s     rMB/s     wMB/s   rrqm/s   wrqm/s  %rrqm  %wrqm r_await w_await aqu-sz rareq-sz wareq-sz  svctm  %util
sdb           1194.00  580.00     23.22      1.88  4601.00     2.00  79.40   0.34    0.23    0.12   0.00    19.92     3.31   0.25  44.00

2021년 10월 04일 21시 25분 27초
avg-cpu:  %user   %nice %system %iowait  %steal   %idle
           0.00    0.00    1.13    0.38    0.00   98.50

Device            r/s     w/s     rMB/s     wMB/s   rrqm/s   wrqm/s  %rrqm  %wrqm r_await w_await aqu-sz rareq-sz wareq-sz  svctm  %util
sdb           6778.00 8222.00     26.48     25.93     0.00     0.00   0.00   0.00    0.18    0.12   0.02     4.00     3.23   0.07  98.40

2021년 10월 04일 21시 25분 28초
avg-cpu:  %user   %nice %system %iowait  %steal   %idle
           0.13    0.00    0.69    0.25    0.00   98.93

Device            r/s     w/s     rMB/s     wMB/s   rrqm/s   wrqm/s  %rrqm  %wrqm r_await w_await aqu-sz rareq-sz wareq-sz  svctm  %util
sdb           6755.00 8389.00     26.39     25.88     0.00     0.00   0.00   0.00    0.18    0.12   0.00     4.00     3.16   0.07 100.00

2021년 10월 04일 21시 25분 29초
avg-cpu:  %user   %nice %system %iowait  %steal   %idle
           0.13    0.00    1.00    3.70    0.00   95.18

Device            r/s     w/s     rMB/s     wMB/s   rrqm/s   wrqm/s  %rrqm  %wrqm r_await w_await aqu-sz rareq-sz wareq-sz  svctm  %util
sdb           6804.00 8479.00     26.58     26.17     0.00     0.00   0.00   0.00    0.18    0.12   0.00     4.00     3.16   0.07 100.00

2021년 10월 04일 21시 25분 30초
avg-cpu:  %user   %nice %system %iowait  %steal   %idle
           0.00    0.00    1.07    0.25    0.00   98.68

Device            r/s     w/s     rMB/s     wMB/s   rrqm/s   wrqm/s  %rrqm  %wrqm r_await w_await aqu-sz rareq-sz wareq-sz  svctm  %util
sdb           6697.00 8291.00     26.16     25.73     0.00     0.00   0.00   0.00    0.17    0.12   0.00     4.00     3.18   0.07 100.00

2021년 10월 04일 21시 25분 31초
avg-cpu:  %user   %nice %system %iowait  %steal   %idle
           0.13    0.00    0.94    0.75    0.00   98.18

Device            r/s     w/s     rMB/s     wMB/s   rrqm/s   wrqm/s  %rrqm  %wrqm r_await w_await aqu-sz rareq-sz wareq-sz  svctm  %util
sdb           6596.00 8042.00     25.77     39.63     1.00  3655.00   0.02  31.25    0.19    0.17   0.35     4.00     5.05   0.07 100.40

2021년 10월 04일 21시 25분 32초
avg-cpu:  %user   %nice %system %iowait  %steal   %idle
           0.13    0.00    1.13    0.31    0.00   98.43

Device            r/s     w/s     rMB/s     wMB/s   rrqm/s   wrqm/s  %rrqm  %wrqm r_await w_await aqu-sz rareq-sz wareq-sz  svctm  %util
sdb           6387.00 7950.00     24.95     24.45     0.00     0.00   0.00   0.00    0.18    0.13   0.02     4.00     3.15   0.07  98.00

2021년 10월 04일 21시 25분 33초
avg-cpu:  %user   %nice %system %iowait  %steal   %idle
           0.06    0.00    1.00    0.25    0.00   98.68

Device            r/s     w/s     rMB/s     wMB/s   rrqm/s   wrqm/s  %rrqm  %wrqm r_await w_await aqu-sz rareq-sz wareq-sz  svctm  %util
sdb           7096.00 8777.00     27.72     27.14     0.00     0.00   0.00   0.00    0.18    0.12   0.00     4.00     3.17   0.06 100.00

2021년 10월 04일 21시 25분 34초
avg-cpu:  %user   %nice %system %iowait  %steal   %idle
           0.13    0.00    1.06    1.69    0.00   97.12

Device            r/s     w/s     rMB/s     wMB/s   rrqm/s   wrqm/s  %rrqm  %wrqm r_await w_await aqu-sz rareq-sz wareq-sz  svctm  %util
sdb           7022.00 8660.00     27.43     26.95     0.00     0.00   0.00   0.00    0.18    0.12   0.00     4.00     3.19   0.06 100.00

2021년 10월 04일 21시 25분 35초
avg-cpu:  %user   %nice %system %iowait  %steal   %idle
           0.06    0.00    1.07    0.19    0.00   98.68

Device            r/s     w/s     rMB/s     wMB/s   rrqm/s   wrqm/s  %rrqm  %wrqm r_await w_await aqu-sz rareq-sz wareq-sz  svctm  %util
sdb           6661.00 8306.00     26.02     25.61     0.00     0.00   0.00   0.00    0.17    0.12   0.00     4.00     3.16   0.07 100.00

2021년 10월 04일 21시 25분 36초
avg-cpu:  %user   %nice %system %iowait  %steal   %idle
           0.00    0.00    0.94    0.50    0.00   98.56

Device            r/s     w/s     rMB/s     wMB/s   rrqm/s   wrqm/s  %rrqm  %wrqm r_await w_await aqu-sz rareq-sz wareq-sz  svctm  %util
sdb           6444.00 7958.00     25.20     38.91     6.00  3609.00   0.09  31.20    0.18    0.20   0.60     4.00     5.01   0.07  99.20

2021년 10월 04일 21시 25분 37초
avg-cpu:  %user   %nice %system %iowait  %steal   %idle
           0.13    0.00    1.00    0.19    0.00   98.68

Device            r/s     w/s     rMB/s     wMB/s   rrqm/s   wrqm/s  %rrqm  %wrqm r_await w_await aqu-sz rareq-sz wareq-sz  svctm  %util
sdb           6562.00 8269.00     25.63     25.15     0.00     0.00   0.00   0.00    0.18    0.12   0.00     4.00     3.11   0.07  99.60

2021년 10월 04일 21시 25분 38초
avg-cpu:  %user   %nice %system %iowait  %steal   %idle
           0.06    0.00    1.00    2.57    0.00   96.36

Device            r/s     w/s     rMB/s     wMB/s   rrqm/s   wrqm/s  %rrqm  %wrqm r_await w_await aqu-sz rareq-sz wareq-sz  svctm  %util
sdb           6946.00 8760.00     27.13     26.63     0.00     0.00   0.00   0.00    0.18    0.12   0.00     4.00     3.11   0.06 100.40

2021년 10월 04일 21시 25분 39초
avg-cpu:  %user   %nice %system %iowait  %steal   %idle
           0.12    0.00    1.37    4.87    0.00   93.63

Device            r/s     w/s     rMB/s     wMB/s   rrqm/s   wrqm/s  %rrqm  %wrqm r_await w_await aqu-sz rareq-sz wareq-sz  svctm  %util
sdb           6983.00 8591.00     27.28     26.73     0.00     0.00   0.00   0.00    0.18    0.12   0.00     4.00     3.19   0.06 100.00

2021년 10월 04일 21시 25분 40초
avg-cpu:  %user   %nice %system %iowait  %steal   %idle
           0.06    0.00    1.19    1.94    0.00   96.81

Device            r/s     w/s     rMB/s     wMB/s   rrqm/s   wrqm/s  %rrqm  %wrqm r_await w_await aqu-sz rareq-sz wareq-sz  svctm  %util
sdb           6520.00 8309.00     25.47     25.02     0.00     0.00   0.00   0.00    0.17    0.12   0.00     4.00     3.08   0.07 100.00

2021년 10월 04일 21시 25분 41초
avg-cpu:  %user   %nice %system %iowait  %steal   %idle
           0.06    0.00    1.19    1.00    0.00   97.75

Device            r/s     w/s     rMB/s     wMB/s   rrqm/s   wrqm/s  %rrqm  %wrqm r_await w_await aqu-sz rareq-sz wareq-sz  svctm  %util
sdb           6529.00 8160.00     25.50     39.40     0.00  3665.00   0.00  30.99    0.18    0.17   0.31     4.00     4.94   0.07  98.40

2021년 10월 04일 21시 25분 42초
avg-cpu:  %user   %nice %system %iowait  %steal   %idle
           0.06    0.00    1.13    1.06    0.00   97.75

Device            r/s     w/s     rMB/s     wMB/s   rrqm/s   wrqm/s  %rrqm  %wrqm r_await w_await aqu-sz rareq-sz wareq-sz  svctm  %util
sdb           6768.00 8440.00     26.44     25.97     0.00     0.00   0.00   0.00    0.18    0.12   0.00     4.00     3.15   0.07  99.60

2021년 10월 04일 21시 25분 43초
avg-cpu:  %user   %nice %system %iowait  %steal   %idle
           0.13    0.00    0.69    0.63    0.00   98.55

Device            r/s     w/s     rMB/s     wMB/s   rrqm/s   wrqm/s  %rrqm  %wrqm r_await w_await aqu-sz rareq-sz wareq-sz  svctm  %util
sdb           6844.00 8527.00     26.73     26.16     0.00     0.00   0.00   0.00    0.18    0.12   0.00     4.00     3.14   0.07 100.40

2021년 10월 04일 21시 25분 44초
avg-cpu:  %user   %nice %system %iowait  %steal   %idle
           0.00    0.00    1.19    0.25    0.00   98.56

Device            r/s     w/s     rMB/s     wMB/s   rrqm/s   wrqm/s  %rrqm  %wrqm r_await w_await aqu-sz rareq-sz wareq-sz  svctm  %util
sdb           6810.00 8512.00     26.60     26.16     0.00     0.00   0.00   0.00    0.17    0.12   0.00     4.00     3.15   0.07 100.00

2021년 10월 04일 21시 25분 45초
avg-cpu:  %user   %nice %system %iowait  %steal   %idle
           0.12    0.00    1.56    4.68    0.00   93.63

Device            r/s     w/s     rMB/s     wMB/s   rrqm/s   wrqm/s  %rrqm  %wrqm r_await w_await aqu-sz rareq-sz wareq-sz  svctm  %util
sdb           6567.00 8241.00     25.65     25.16     0.00     0.00   0.00   0.00    0.18    0.12   0.02     4.00     3.13   0.07  98.00

2021년 10월 04일 21시 25분 46초
avg-cpu:  %user   %nice %system %iowait  %steal   %idle
           0.13    0.00    1.44    1.06    0.00   97.37

Device            r/s     w/s     rMB/s     wMB/s   rrqm/s   wrqm/s  %rrqm  %wrqm r_await w_await aqu-sz rareq-sz wareq-sz  svctm  %util
sdb           6162.00 7780.00     24.11     37.84    11.00  3602.00   0.18  31.65    0.19    0.16   0.34     4.01     4.98   0.07 100.00

2021년 10월 04일 21시 25분 47초
avg-cpu:  %user   %nice %system %iowait  %steal   %idle
           0.13    0.00    1.26    0.57    0.00   98.05

Device            r/s     w/s     rMB/s     wMB/s   rrqm/s   wrqm/s  %rrqm  %wrqm r_await w_await aqu-sz rareq-sz wareq-sz  svctm  %util
sdb           5960.00 7720.00     23.29     22.84     2.00     0.00   0.03   0.00    0.18    0.12   0.00     4.00     3.03   0.07 100.00

2021년 10월 04일 21시 25분 48초
avg-cpu:  %user   %nice %system %iowait  %steal   %idle
           0.19    0.00    0.94    0.25    0.00   98.62

Device            r/s     w/s     rMB/s     wMB/s   rrqm/s   wrqm/s  %rrqm  %wrqm r_await w_await aqu-sz rareq-sz wareq-sz  svctm  %util
sdb           6725.00 8357.00     26.27     25.77     0.00     0.00   0.00   0.00    0.18    0.12   0.00     4.00     3.16   0.07 100.00

2021년 10월 04일 21시 25분 49초
avg-cpu:  %user   %nice %system %iowait  %steal   %idle
           0.06    0.00    1.31    3.31    0.00   95.31

Device            r/s     w/s     rMB/s     wMB/s   rrqm/s   wrqm/s  %rrqm  %wrqm r_await w_await aqu-sz rareq-sz wareq-sz  svctm  %util
sdb           6815.00 8470.00     26.62     26.11     0.00     0.00   0.00   0.00    0.18    0.12   0.00     4.00     3.16   0.07 100.00

2021년 10월 04일 21시 25분 50초
avg-cpu:  %user   %nice %system %iowait  %steal   %idle
           0.06    0.00    1.19    1.06    0.00   97.68

Device            r/s     w/s     rMB/s     wMB/s   rrqm/s   wrqm/s  %rrqm  %wrqm r_await w_await aqu-sz rareq-sz wareq-sz  svctm  %util
sdb           6579.00 8188.00     25.70     25.21     0.00     0.00   0.00   0.00    0.18    0.12   0.02     4.00     3.15   0.07  98.00

2021년 10월 04일 21시 25분 51초
avg-cpu:  %user   %nice %system %iowait  %steal   %idle
           0.25    0.00    1.00    1.19    0.00   97.55

Device            r/s     w/s     rMB/s     wMB/s   rrqm/s   wrqm/s  %rrqm  %wrqm r_await w_await aqu-sz rareq-sz wareq-sz  svctm  %util
sdb           6453.00 8069.00     25.21     38.84     0.00  3584.00   0.00  30.76    0.18    0.16   0.29     4.00     4.93   0.07 100.00

2021년 10월 04일 21시 25분 52초
avg-cpu:  %user   %nice %system %iowait  %steal   %idle
           0.00    0.00    0.69    0.31    0.00   98.99

Device            r/s     w/s     rMB/s     wMB/s   rrqm/s   wrqm/s  %rrqm  %wrqm r_await w_await aqu-sz rareq-sz wareq-sz  svctm  %util
sdb           6687.00 8325.00     26.12     25.62     0.00     0.00   0.00   0.00    0.18    0.12   0.00     4.00     3.15   0.07 100.00

2021년 10월 04일 21시 25분 53초
avg-cpu:  %user   %nice %system %iowait  %steal   %idle
           0.06    0.00    1.31    0.38    0.00   98.25

Device            r/s     w/s     rMB/s     wMB/s   rrqm/s   wrqm/s  %rrqm  %wrqm r_await w_await aqu-sz rareq-sz wareq-sz  svctm  %util
sdb           6689.00 8348.00     26.14     25.66     2.00     0.00   0.03   0.00    0.18    0.12   0.00     4.00     3.15   0.07 100.00

2021년 10월 04일 21시 25분 54초
avg-cpu:  %user   %nice %system %iowait  %steal   %idle
           0.06    0.00    1.19    0.31    0.00   98.44

Device            r/s     w/s     rMB/s     wMB/s   rrqm/s   wrqm/s  %rrqm  %wrqm r_await w_await aqu-sz rareq-sz wareq-sz  svctm  %util
sdb           6384.00 8027.00     24.94     24.51     0.00     0.00   0.00   0.00    0.17    0.12   0.02     4.00     3.13   0.07  98.40

2021년 10월 04일 21시 25분 55초
avg-cpu:  %user   %nice %system %iowait  %steal   %idle
           0.12    0.00    1.19    0.25    0.00   98.44

Device            r/s     w/s     rMB/s     wMB/s   rrqm/s   wrqm/s  %rrqm  %wrqm r_await w_await aqu-sz rareq-sz wareq-sz  svctm  %util
sdb           6827.00 8453.00     26.67     26.20     0.00     0.00   0.00   0.00    0.18    0.12   0.00     4.00     3.17   0.07 100.00

2021년 10월 04일 21시 25분 56초
avg-cpu:  %user   %nice %system %iowait  %steal   %idle
           0.13    0.00    1.19    0.38    0.00   98.31

Device            r/s     w/s     rMB/s     wMB/s   rrqm/s   wrqm/s  %rrqm  %wrqm r_await w_await aqu-sz rareq-sz wareq-sz  svctm  %util
sdb           6360.00 7880.00     24.84     38.65     0.00  3620.00   0.00  31.48    0.21    0.16   0.44     4.00     5.02   0.07 100.00

2021년 10월 04일 21시 25분 57초
avg-cpu:  %user   %nice %system %iowait  %steal   %idle
           0.13    0.00    1.07    0.81    0.00   97.99

Device            r/s     w/s     rMB/s     wMB/s   rrqm/s   wrqm/s  %rrqm  %wrqm r_await w_await aqu-sz rareq-sz wareq-sz  svctm  %util
sdb           6252.00 8124.00     24.43     43.64     1.00  4625.00   0.02  36.28    0.19    0.20   0.04     4.00     5.50   0.07 100.00

2021년 10월 04일 21시 25분 58초
avg-cpu:  %user   %nice %system %iowait  %steal   %idle
           0.13    0.00    0.75    0.31    0.00   98.81

Device            r/s     w/s     rMB/s     wMB/s   rrqm/s   wrqm/s  %rrqm  %wrqm r_await w_await aqu-sz rareq-sz wareq-sz  svctm  %util
sdb           6648.00 8125.00     25.97     25.49     0.00     0.00   0.00   0.00    0.18    0.12   0.00     4.00     3.21   0.07  98.00

2021년 10월 04일 21시 25분 59초
avg-cpu:  %user   %nice %system %iowait  %steal   %idle
           0.25    0.00    1.26    0.25    0.00   98.24

Device            r/s     w/s     rMB/s     wMB/s   rrqm/s   wrqm/s  %rrqm  %wrqm r_await w_await aqu-sz rareq-sz wareq-sz  svctm  %util
sdb           5918.00 7337.00     23.12     22.67     0.00     0.00   0.00   0.00    0.19    0.14   0.02     4.00     3.16   0.08 100.00

2021년 10월 04일 21시 26분 00초
avg-cpu:  %user   %nice %system %iowait  %steal   %idle
           0.13    0.00    1.13    1.88    0.00   96.87

Device            r/s     w/s     rMB/s     wMB/s   rrqm/s   wrqm/s  %rrqm  %wrqm r_await w_await aqu-sz rareq-sz wareq-sz  svctm  %util
sdb           6812.00 8418.00     26.61     26.14     0.00     0.00   0.00   0.00    0.18    0.12   0.00     4.00     3.18   0.07 100.00

2021년 10월 04일 21시 26분 01초
avg-cpu:  %user   %nice %system %iowait  %steal   %idle
           0.06    0.00    1.19    3.82    0.00   94.93

Device            r/s     w/s     rMB/s     wMB/s   rrqm/s   wrqm/s  %rrqm  %wrqm r_await w_await aqu-sz rareq-sz wareq-sz  svctm  %util
sdb           6667.00 8227.00     26.04     39.70     0.00  3603.00   0.00  30.46    0.19    0.16   0.33     4.00     4.94   0.07 100.00

2021년 10월 04일 21시 26분 02초
avg-cpu:  %user   %nice %system %iowait  %steal   %idle
           0.06    0.00    1.31    0.25    0.00   98.38

Device            r/s     w/s     rMB/s     wMB/s   rrqm/s   wrqm/s  %rrqm  %wrqm r_await w_await aqu-sz rareq-sz wareq-sz  svctm  %util
sdb           6775.00 8298.00     26.46     26.06     0.00     0.00   0.00   0.00    0.18    0.12   0.00     4.00     3.22   0.07 100.00

2021년 10월 04일 21시 26분 03초
avg-cpu:  %user   %nice %system %iowait  %steal   %idle
           0.13    0.00    1.19    0.38    0.00   98.31

Device            r/s     w/s     rMB/s     wMB/s   rrqm/s   wrqm/s  %rrqm  %wrqm r_await w_await aqu-sz rareq-sz wareq-sz  svctm  %util
sdb           6422.00 7867.00     25.09     24.65     1.00     0.00   0.02   0.00    0.19    0.13   0.02     4.00     3.21   0.07  98.00

2021년 10월 04일 21시 26분 04초
avg-cpu:  %user   %nice %system %iowait  %steal   %idle
           0.13    0.00    1.19    3.69    0.00   94.99

Device            r/s     w/s     rMB/s     wMB/s   rrqm/s   wrqm/s  %rrqm  %wrqm r_await w_await aqu-sz rareq-sz wareq-sz  svctm  %util
sdb           6880.00 8490.00     26.88     26.45     0.00     0.00   0.00   0.00    0.18    0.12   0.00     4.00     3.19   0.07 100.00

2021년 10월 04일 21시 26분 05초
avg-cpu:  %user   %nice %system %iowait  %steal   %idle
           0.06    0.00    0.94    3.14    0.00   95.86

Device            r/s     w/s     rMB/s     wMB/s   rrqm/s   wrqm/s  %rrqm  %wrqm r_await w_await aqu-sz rareq-sz wareq-sz  svctm  %util
sdb           6862.00 8515.00     26.80     26.36     0.00     0.00   0.00   0.00    0.18    0.12   0.00     4.00     3.17   0.07 100.00

2021년 10월 04일 21시 26분 06초
avg-cpu:  %user   %nice %system %iowait  %steal   %idle
           0.13    0.00    1.13    1.32    0.00   97.43

Device            r/s     w/s     rMB/s     wMB/s   rrqm/s   wrqm/s  %rrqm  %wrqm r_await w_await aqu-sz rareq-sz wareq-sz  svctm  %util
sdb           6600.00 8106.00     25.78     39.67     0.00  3656.00   0.00  31.08    0.20    0.17   0.45     4.00     5.01   0.07 100.00

2021년 10월 04일 21시 26분 07초
avg-cpu:  %user   %nice %system %iowait  %steal   %idle
           0.06    0.00    1.19    0.31    0.00   98.43

Device            r/s     w/s     rMB/s     wMB/s   rrqm/s   wrqm/s  %rrqm  %wrqm r_await w_await aqu-sz rareq-sz wareq-sz  svctm  %util
sdb           6659.00 8207.00     26.03     25.61     4.00     0.00   0.06   0.00    0.18    0.13   0.02     4.00     3.20   0.07  98.40

2021년 10월 04일 21시 26분 08초
avg-cpu:  %user   %nice %system %iowait  %steal   %idle
           0.06    0.00    1.38    3.88    0.00   94.67

Device            r/s     w/s     rMB/s     wMB/s   rrqm/s   wrqm/s  %rrqm  %wrqm r_await w_await aqu-sz rareq-sz wareq-sz  svctm  %util
sdb           6579.00 8110.00     25.70     25.27     0.00     0.00   0.00   0.00    0.18    0.13   0.00     4.00     3.19   0.07 100.00

2021년 10월 04일 21시 26분 09초
avg-cpu:  %user   %nice %system %iowait  %steal   %idle
           0.13    0.00    1.19    3.69    0.00   95.00

Device            r/s     w/s     rMB/s     wMB/s   rrqm/s   wrqm/s  %rrqm  %wrqm r_await w_await aqu-sz rareq-sz wareq-sz  svctm  %util
sdb           6838.00 8449.00     26.71     26.24     0.00     0.00   0.00   0.00    0.18    0.12   0.00     4.00     3.18   0.07 100.00

2021년 10월 04일 21시 26분 10초
avg-cpu:  %user   %nice %system %iowait  %steal   %idle
           0.12    0.00    1.62    4.86    0.00   93.40

Device            r/s     w/s     rMB/s     wMB/s   rrqm/s   wrqm/s  %rrqm  %wrqm r_await w_await aqu-sz rareq-sz wareq-sz  svctm  %util
sdb           6650.50 8285.15     25.98     25.49     0.00     0.00   0.00   0.00    0.17    0.12   0.00     4.00     3.15   0.07  99.01

2021년 10월 04일 21시 26분 11초
avg-cpu:  %user   %nice %system %iowait  %steal   %idle
           0.19    0.00    1.62    1.25    0.00   96.94

Device            r/s     w/s     rMB/s     wMB/s   rrqm/s   wrqm/s  %rrqm  %wrqm r_await w_await aqu-sz rareq-sz wareq-sz  svctm  %util
sdb           6541.00 8083.00     25.57     39.40     5.00  3649.00   0.08  31.10    0.20    0.16   0.40     4.00     4.99   0.07 100.00

2021년 10월 04일 21시 26분 12초
avg-cpu:  %user   %nice %system %iowait  %steal   %idle
           0.06    0.00    1.13    1.32    0.00   97.49

Device            r/s     w/s     rMB/s     wMB/s   rrqm/s   wrqm/s  %rrqm  %wrqm r_await w_await aqu-sz rareq-sz wareq-sz  svctm  %util
sdb           6418.00 7878.00     25.07     24.69     1.00     0.00   0.02   0.00    0.18    0.13   0.02     4.00     3.21   0.07  98.00

2021년 10월 04일 21시 26분 13초
avg-cpu:  %user   %nice %system %iowait  %steal   %idle
           0.13    0.00    0.75    2.75    0.00   96.37

Device            r/s     w/s     rMB/s     wMB/s   rrqm/s   wrqm/s  %rrqm  %wrqm r_await w_await aqu-sz rareq-sz wareq-sz  svctm  %util
sdb           3994.00 4899.00     15.60     15.38     0.00     0.00   0.00   0.00    0.18    0.12   0.00     4.00     3.21   0.06  56.00

2021년 10월 04일 21시 26분 14초
avg-cpu:  %user   %nice %system %iowait  %steal   %idle
           0.06    0.00    0.12    0.00    0.00   99.81

Device            r/s     w/s     rMB/s     wMB/s   rrqm/s   wrqm/s  %rrqm  %wrqm r_await w_await aqu-sz rareq-sz wareq-sz  svctm  %util
sdb              0.00    0.00      0.00      0.00     0.00     0.00   0.00   0.00    0.00    0.00   0.00     0.00     0.00   0.00   0.00

2021년 10월 04일 21시 26분 15초
avg-cpu:  %user   %nice %system %iowait  %steal   %idle
           0.00    0.00    0.13    0.00    0.00   99.87

Device            r/s     w/s     rMB/s     wMB/s   rrqm/s   wrqm/s  %rrqm  %wrqm r_await w_await aqu-sz rareq-sz wareq-sz  svctm  %util
sdb              0.00    0.00      0.00      0.00     0.00     0.00   0.00   0.00    0.00    0.00   0.00     0.00     0.00   0.00   0.00

