Linux 5.5.8test (syslab-desk) 	2021년 10월 04일 	_x86_64_	(16 CPU)

2021년 10월 04일 20시 47분 43초
avg-cpu:  %user   %nice %system %iowait  %steal   %idle
           2.59    0.00    1.66    4.83    0.00   90.92

Device            r/s     w/s     rMB/s     wMB/s   rrqm/s   wrqm/s  %rrqm  %wrqm r_await w_await aqu-sz rareq-sz wareq-sz  svctm  %util
sdb            115.84  375.57      0.65     13.41    49.12   388.68  29.78  50.86    0.37    1.74   0.18     5.75    36.57   0.11   5.34

2021년 10월 04일 20시 47분 44초
avg-cpu:  %user   %nice %system %iowait  %steal   %idle
           0.00    0.00    0.13    0.00    0.00   99.87

Device            r/s     w/s     rMB/s     wMB/s   rrqm/s   wrqm/s  %rrqm  %wrqm r_await w_await aqu-sz rareq-sz wareq-sz  svctm  %util
sdb              0.00    0.00      0.00      0.00     0.00     0.00   0.00   0.00    0.00    0.00   0.00     0.00     0.00   0.00   0.00

2021년 10월 04일 20시 47분 45초
avg-cpu:  %user   %nice %system %iowait  %steal   %idle
           0.13    0.00    0.31    0.06    0.00   99.50

Device            r/s     w/s     rMB/s     wMB/s   rrqm/s   wrqm/s  %rrqm  %wrqm r_await w_await aqu-sz rareq-sz wareq-sz  svctm  %util
sdb            158.00    1.00     13.57      0.00  3233.00     0.00  95.34   0.00    0.53    1.00   0.00    87.92     0.00   0.53   8.40

2021년 10월 04일 20시 47분 46초
avg-cpu:  %user   %nice %system %iowait  %steal   %idle
           0.13    0.00    3.26    1.19    0.00   95.43

Device            r/s     w/s     rMB/s     wMB/s   rrqm/s   wrqm/s  %rrqm  %wrqm r_await w_await aqu-sz rareq-sz wareq-sz  svctm  %util
sdb           4072.00 1518.00     21.46     20.63  1357.00  1974.00  25.00  56.53    0.17    0.33   0.00     5.40    13.92   0.17  93.60

2021년 10월 04일 20시 47분 47초
avg-cpu:  %user   %nice %system %iowait  %steal   %idle
           0.00    0.00    2.63    2.88    0.00   94.49

Device            r/s     w/s     rMB/s     wMB/s   rrqm/s   wrqm/s  %rrqm  %wrqm r_await w_await aqu-sz rareq-sz wareq-sz  svctm  %util
sdb           5676.00 2554.00     22.17     31.55     0.00  2561.00   0.00  50.07    0.16    0.32   0.05     4.00    12.65   0.12  98.40

2021년 10월 04일 20시 47분 48초
avg-cpu:  %user   %nice %system %iowait  %steal   %idle
           0.25    0.00    3.52    1.07    0.00   95.16

Device            r/s     w/s     rMB/s     wMB/s   rrqm/s   wrqm/s  %rrqm  %wrqm r_await w_await aqu-sz rareq-sz wareq-sz  svctm  %util
sdb           4522.00 2591.00     17.66     27.96     0.00  2896.00   0.00  52.78    0.18    0.29   0.00     4.00    11.05   0.14 100.00

2021년 10월 04일 20시 47분 49초
avg-cpu:  %user   %nice %system %iowait  %steal   %idle
           0.00    0.00    1.06    0.63    0.00   98.31

Device            r/s     w/s     rMB/s     wMB/s   rrqm/s   wrqm/s  %rrqm  %wrqm r_await w_await aqu-sz rareq-sz wareq-sz  svctm  %util
sdb           7404.00 2939.00     28.92     28.46     0.00     0.00   0.00   0.00    0.14    0.28   0.00     4.00     9.91   0.10 100.00

2021년 10월 04일 20시 47분 50초
avg-cpu:  %user   %nice %system %iowait  %steal   %idle
           0.13    0.00    1.13    0.63    0.00   98.12

Device            r/s     w/s     rMB/s     wMB/s   rrqm/s   wrqm/s  %rrqm  %wrqm r_await w_await aqu-sz rareq-sz wareq-sz  svctm  %util
sdb           7366.00 2907.00     28.77     28.40     0.00     0.00   0.00   0.00    0.14    0.28   0.00     4.00    10.00   0.10 100.00

2021년 10월 04일 20시 47분 51초
avg-cpu:  %user   %nice %system %iowait  %steal   %idle
           0.06    0.00    1.13    0.88    0.00   97.93

Device            r/s     w/s     rMB/s     wMB/s   rrqm/s   wrqm/s  %rrqm  %wrqm r_await w_await aqu-sz rareq-sz wareq-sz  svctm  %util
sdb           7081.00 2844.00     27.66     29.93     0.00  3067.00   0.00  51.89    0.14    0.31   0.04     4.00    10.78   0.10  98.40

2021년 10월 04일 20시 47분 52초
avg-cpu:  %user   %nice %system %iowait  %steal   %idle
           0.06    0.00    2.94    1.06    0.00   95.93

Device            r/s     w/s     rMB/s     wMB/s   rrqm/s   wrqm/s  %rrqm  %wrqm r_await w_await aqu-sz rareq-sz wareq-sz  svctm  %util
sdb           5183.00 2962.00     20.25     38.23     0.00  2541.00   0.00  46.17    0.17    0.35   0.21     4.00    13.22   0.12 100.00

2021년 10월 04일 20시 47분 53초
avg-cpu:  %user   %nice %system %iowait  %steal   %idle
           0.06    0.00    1.38    0.56    0.00   98.00

Device            r/s     w/s     rMB/s     wMB/s   rrqm/s   wrqm/s  %rrqm  %wrqm r_await w_await aqu-sz rareq-sz wareq-sz  svctm  %util
sdb           7377.00 3327.00     28.82     28.34     0.00     0.00   0.00   0.00    0.14    0.25   0.00     4.00     8.72   0.09 100.00

2021년 10월 04일 20시 47분 54초
avg-cpu:  %user   %nice %system %iowait  %steal   %idle
           0.06    0.00    2.38    0.69    0.00   96.87

Device            r/s     w/s     rMB/s     wMB/s   rrqm/s   wrqm/s  %rrqm  %wrqm r_await w_await aqu-sz rareq-sz wareq-sz  svctm  %util
sdb           5534.00 2858.00     21.62     38.65     0.00  4500.00   0.00  61.16    0.16    0.32   0.09     4.00    13.85   0.12 100.00

2021년 10월 04일 20시 47분 55초
avg-cpu:  %user   %nice %system %iowait  %steal   %idle
           0.19    0.00    2.50    0.75    0.00   96.57

Device            r/s     w/s     rMB/s     wMB/s   rrqm/s   wrqm/s  %rrqm  %wrqm r_await w_await aqu-sz rareq-sz wareq-sz  svctm  %util
sdb           5753.00 2744.00     22.47     30.87     0.00  2305.00   0.00  45.65    0.16    0.31   0.04     4.00    11.52   0.12  98.80

2021년 10월 04일 20시 47분 56초
avg-cpu:  %user   %nice %system %iowait  %steal   %idle
           0.06    0.00    1.43    0.75    0.00   97.75

Device            r/s     w/s     rMB/s     wMB/s   rrqm/s   wrqm/s  %rrqm  %wrqm r_await w_await aqu-sz rareq-sz wareq-sz  svctm  %util
sdb           7043.00 3108.00     27.51     33.05     0.00  1510.00   0.00  32.70    0.14    0.30   0.05     4.00    10.89   0.10 100.00

2021년 10월 04일 20시 47분 57초
avg-cpu:  %user   %nice %system %iowait  %steal   %idle
           0.06    0.00    1.63    2.44    0.00   95.87

Device            r/s     w/s     rMB/s     wMB/s   rrqm/s   wrqm/s  %rrqm  %wrqm r_await w_await aqu-sz rareq-sz wareq-sz  svctm  %util
sdb           6760.00 3183.00     26.41     33.21     0.00  1890.00   0.00  37.26    0.14    0.28   0.04     4.00    10.69   0.10 100.00

2021년 10월 04일 20시 47분 58초
avg-cpu:  %user   %nice %system %iowait  %steal   %idle
           0.06    0.00    1.38    2.56    0.00   96.00

Device            r/s     w/s     rMB/s     wMB/s   rrqm/s   wrqm/s  %rrqm  %wrqm r_await w_await aqu-sz rareq-sz wareq-sz  svctm  %util
sdb           7139.00 2929.00     27.89     28.79     0.00   369.00   0.00  11.19    0.14    0.29   0.00     4.00    10.07   0.10 100.00

2021년 10월 04일 20시 47분 59초
avg-cpu:  %user   %nice %system %iowait  %steal   %idle
           0.13    0.00    1.31    2.69    0.00   95.87

Device            r/s     w/s     rMB/s     wMB/s   rrqm/s   wrqm/s  %rrqm  %wrqm r_await w_await aqu-sz rareq-sz wareq-sz  svctm  %util
sdb           6529.00 3002.00     25.50     35.08     0.00  2520.00   0.00  45.64    0.15    0.32   0.13     4.00    11.97   0.10  98.40

2021년 10월 04일 20시 48분 00초
avg-cpu:  %user   %nice %system %iowait  %steal   %idle
           0.13    0.00    3.38    3.38    0.00   93.11

Device            r/s     w/s     rMB/s     wMB/s   rrqm/s   wrqm/s  %rrqm  %wrqm r_await w_await aqu-sz rareq-sz wareq-sz  svctm  %util
sdb           4627.00 2552.00     18.07     28.95     0.00  2954.00   0.00  53.65    0.18    0.30   0.01     4.00    11.62   0.14 100.00

2021년 10월 04일 20시 48분 01초
avg-cpu:  %user   %nice %system %iowait  %steal   %idle
           0.25    0.00    3.82    2.13    0.00   93.80

Device            r/s     w/s     rMB/s     wMB/s   rrqm/s   wrqm/s  %rrqm  %wrqm r_await w_await aqu-sz rareq-sz wareq-sz  svctm  %util
sdb           4011.00 2351.00     15.67     28.96     0.00  3620.00   0.00  60.63    0.20    0.32   0.00     4.00    12.61   0.16 100.00

2021년 10월 04일 20시 48분 02초
avg-cpu:  %user   %nice %system %iowait  %steal   %idle
           0.13    0.00    1.44    0.63    0.00   97.81

Device            r/s     w/s     rMB/s     wMB/s   rrqm/s   wrqm/s  %rrqm  %wrqm r_await w_await aqu-sz rareq-sz wareq-sz  svctm  %util
sdb           6899.00 3213.00     26.95     28.17     0.00   471.00   0.00  12.79    0.14    0.27   0.00     4.00     8.98   0.10 100.00

2021년 10월 04일 20시 48분 03초
avg-cpu:  %user   %nice %system %iowait  %steal   %idle
           0.06    0.00    1.37    0.81    0.00   97.75

Device            r/s     w/s     rMB/s     wMB/s   rrqm/s   wrqm/s  %rrqm  %wrqm r_await w_await aqu-sz rareq-sz wareq-sz  svctm  %util
sdb           7231.00 2891.00     28.25     36.46     0.00  2224.00   0.00  43.48    0.14    0.32   0.08     4.00    12.92   0.10 100.00

2021년 10월 04일 20시 48분 04초
avg-cpu:  %user   %nice %system %iowait  %steal   %idle
           0.19    0.00    2.45    4.64    0.00   92.72

Device            r/s     w/s     rMB/s     wMB/s   rrqm/s   wrqm/s  %rrqm  %wrqm r_await w_await aqu-sz rareq-sz wareq-sz  svctm  %util
sdb           5312.00 2365.00     20.75     32.18     0.00  3085.00   0.00  56.61    0.18    0.32   0.06     4.00    13.93   0.13  98.40

2021년 10월 04일 20시 48분 05초
avg-cpu:  %user   %nice %system %iowait  %steal   %idle
           0.06    0.00    1.19    2.44    0.00   96.31

Device            r/s     w/s     rMB/s     wMB/s   rrqm/s   wrqm/s  %rrqm  %wrqm r_await w_await aqu-sz rareq-sz wareq-sz  svctm  %util
sdb           7312.00 2899.00     28.56     28.16     0.00     0.00   0.00   0.00    0.15    0.28   0.00     4.00     9.95   0.10 100.00

2021년 10월 04일 20시 48분 06초
avg-cpu:  %user   %nice %system %iowait  %steal   %idle
           0.06    0.00    1.38    1.25    0.00   97.31

Device            r/s     w/s     rMB/s     wMB/s   rrqm/s   wrqm/s  %rrqm  %wrqm r_await w_await aqu-sz rareq-sz wareq-sz  svctm  %util
sdb           6719.00 3140.00     26.25     36.67     0.00  2799.00   0.00  47.13    0.15    0.29   0.08     4.00    11.96   0.10 100.00

2021년 10월 04일 20시 48분 07초
avg-cpu:  %user   %nice %system %iowait  %steal   %idle
           0.12    0.00    2.50    0.94    0.00   96.44

Device            r/s     w/s     rMB/s     wMB/s   rrqm/s   wrqm/s  %rrqm  %wrqm r_await w_await aqu-sz rareq-sz wareq-sz  svctm  %util
sdb           5980.00 2856.00     23.36     33.27     0.00  3057.00   0.00  51.70    0.15    0.30   0.02     4.00    11.93   0.11 100.00

2021년 10월 04일 20시 48분 08초
avg-cpu:  %user   %nice %system %iowait  %steal   %idle
           0.13    0.00    3.13    1.69    0.00   95.06

Device            r/s     w/s     rMB/s     wMB/s   rrqm/s   wrqm/s  %rrqm  %wrqm r_await w_await aqu-sz rareq-sz wareq-sz  svctm  %util
sdb           4571.00 2283.00     17.86     32.02     0.00  3565.00   0.00  60.96    0.19    0.36   0.05     4.00    14.36   0.14  98.00

2021년 10월 04일 20시 48분 09초
avg-cpu:  %user   %nice %system %iowait  %steal   %idle
           0.25    0.00    1.88    2.44    0.00   95.44

Device            r/s     w/s     rMB/s     wMB/s   rrqm/s   wrqm/s  %rrqm  %wrqm r_await w_await aqu-sz rareq-sz wareq-sz  svctm  %util
sdb           6145.00 2650.00     24.00     28.99     0.00  1428.00   0.00  35.02    0.16    0.30   0.00     4.00    11.20   0.11 100.00

2021년 10월 04일 20시 48분 10초
avg-cpu:  %user   %nice %system %iowait  %steal   %idle
           0.25    0.00    1.68    3.98    0.00   94.10

Device            r/s     w/s     rMB/s     wMB/s   rrqm/s   wrqm/s  %rrqm  %wrqm r_await w_await aqu-sz rareq-sz wareq-sz  svctm  %util
sdb           7386.00 3358.00     28.85     28.36     0.00     0.00   0.00   0.00    0.14    0.26   0.00     4.00     8.65   0.09 100.00

2021년 10월 04일 20시 48분 11초
avg-cpu:  %user   %nice %system %iowait  %steal   %idle
           0.06    0.00    1.37    2.44    0.00   96.13

Device            r/s     w/s     rMB/s     wMB/s   rrqm/s   wrqm/s  %rrqm  %wrqm r_await w_await aqu-sz rareq-sz wareq-sz  svctm  %util
sdb           7192.00 3311.00     28.09     27.63     0.00     0.00   0.00   0.00    0.14    0.26   0.00     4.00     8.54   0.10 100.00

2021년 10월 04일 20시 48분 12초
avg-cpu:  %user   %nice %system %iowait  %steal   %idle
           0.12    0.00    1.69    1.06    0.00   97.13

Device            r/s     w/s     rMB/s     wMB/s   rrqm/s   wrqm/s  %rrqm  %wrqm r_await w_await aqu-sz rareq-sz wareq-sz  svctm  %util
sdb           6683.00 2833.00     26.11     40.70     0.00  3891.00   0.00  57.87    0.14    0.39   0.27     4.00    14.71   0.10  98.40

2021년 10월 04일 20시 48분 13초
avg-cpu:  %user   %nice %system %iowait  %steal   %idle
           0.13    0.00    2.38    2.76    0.00   94.74

Device            r/s     w/s     rMB/s     wMB/s   rrqm/s   wrqm/s  %rrqm  %wrqm r_await w_await aqu-sz rareq-sz wareq-sz  svctm  %util
sdb           5650.00 2491.00     22.07     29.65     0.00  2185.00   0.00  46.73    0.17    0.32   0.00     4.00    12.19   0.12 100.00

2021년 10월 04일 20시 48분 14초
avg-cpu:  %user   %nice %system %iowait  %steal   %idle
           0.00    0.00    2.43    4.29    0.00   93.28

Device            r/s     w/s     rMB/s     wMB/s   rrqm/s   wrqm/s  %rrqm  %wrqm r_await w_await aqu-sz rareq-sz wareq-sz  svctm  %util
sdb           6363.00 2782.00     24.86     34.52     0.00  2638.00   0.00  48.67    0.15    0.31   0.05     4.00    12.71   0.11 100.00

2021년 10월 04일 20시 48분 15초
avg-cpu:  %user   %nice %system %iowait  %steal   %idle
           0.12    0.00    3.31    3.50    0.00   93.07

Device            r/s     w/s     rMB/s     wMB/s   rrqm/s   wrqm/s  %rrqm  %wrqm r_await w_await aqu-sz rareq-sz wareq-sz  svctm  %util
sdb           4970.00 2565.00     19.41     30.92     0.00  3144.00   0.00  55.07    0.17    0.31   0.01     4.00    12.34   0.13 100.00

2021년 10월 04일 20시 48분 16초
avg-cpu:  %user   %nice %system %iowait  %steal   %idle
           0.06    0.00    3.11    1.87    0.00   94.96

Device            r/s     w/s     rMB/s     wMB/s   rrqm/s   wrqm/s  %rrqm  %wrqm r_await w_await aqu-sz rareq-sz wareq-sz  svctm  %util
sdb           5043.00 2899.00     19.70     48.77     0.00  7351.00   0.00  71.72    0.17    0.55   0.50     4.00    17.23   0.12  98.80

2021년 10월 04일 20시 48분 17초
avg-cpu:  %user   %nice %system %iowait  %steal   %idle
           0.12    0.00    2.19    1.25    0.00   96.44

Device            r/s     w/s     rMB/s     wMB/s   rrqm/s   wrqm/s  %rrqm  %wrqm r_await w_await aqu-sz rareq-sz wareq-sz  svctm  %util
sdb           6171.00 2881.00     24.11     33.11     0.00  2485.00   0.00  46.31    0.16    0.30   0.03     4.00    11.77   0.11 100.00

2021년 10월 04일 20시 48분 18초
avg-cpu:  %user   %nice %system %iowait  %steal   %idle
           0.19    0.00    3.57    1.25    0.00   94.99

Device            r/s     w/s     rMB/s     wMB/s   rrqm/s   wrqm/s  %rrqm  %wrqm r_await w_await aqu-sz rareq-sz wareq-sz  svctm  %util
sdb           4258.00 2621.00     16.63     30.49     0.00  3875.00   0.00  59.65    0.19    0.30   0.00     4.00    11.91   0.15 100.00

2021년 10월 04일 20시 48분 19초
avg-cpu:  %user   %nice %system %iowait  %steal   %idle
           0.19    0.00    2.45    1.07    0.00   96.30

Device            r/s     w/s     rMB/s     wMB/s   rrqm/s   wrqm/s  %rrqm  %wrqm r_await w_await aqu-sz rareq-sz wareq-sz  svctm  %util
sdb           5319.00 2677.00     20.78     31.38     0.00  3015.00   0.00  52.97    0.17    0.30   0.00     4.00    12.00   0.13 100.00

2021년 10월 04일 20시 48분 20초
avg-cpu:  %user   %nice %system %iowait  %steal   %idle
           0.12    0.00    2.12    1.94    0.00   95.82

Device            r/s     w/s     rMB/s     wMB/s   rrqm/s   wrqm/s  %rrqm  %wrqm r_await w_await aqu-sz rareq-sz wareq-sz  svctm  %util
sdb           6200.00 2656.00     24.22     32.65     0.00  2351.00   0.00  46.95    0.16    0.32   0.08     4.00    12.59   0.11  98.40

2021년 10월 04일 20시 48분 21초
avg-cpu:  %user   %nice %system %iowait  %steal   %idle
           0.25    0.00    4.89    1.30    0.00   93.56

Device            r/s     w/s     rMB/s     wMB/s   rrqm/s   wrqm/s  %rrqm  %wrqm r_await w_await aqu-sz rareq-sz wareq-sz  svctm  %util
sdb           4229.00 2053.00     16.52     29.12     0.00  3497.00   0.00  63.01    0.20    0.35   0.00     4.00    14.53   0.16 100.00

2021년 10월 04일 20시 48분 22초
avg-cpu:  %user   %nice %system %iowait  %steal   %idle
           0.19    0.00    4.19    1.69    0.00   93.94

Device            r/s     w/s     rMB/s     wMB/s   rrqm/s   wrqm/s  %rrqm  %wrqm r_await w_await aqu-sz rareq-sz wareq-sz  svctm  %util
sdb           4536.00 1990.00     17.72     28.64     0.00  3018.00   0.00  60.26    0.20    0.34   0.00     4.00    14.74   0.15 100.00

2021년 10월 04일 20시 48분 23초
avg-cpu:  %user   %nice %system %iowait  %steal   %idle
           0.19    0.00    3.52    3.33    0.00   92.96

Device            r/s     w/s     rMB/s     wMB/s   rrqm/s   wrqm/s  %rrqm  %wrqm r_await w_await aqu-sz rareq-sz wareq-sz  svctm  %util
sdb           4467.00 1989.00     17.45     29.21     0.00  3230.00   0.00  61.89    0.20    0.34   0.00     4.00    15.04   0.15 100.00

2021년 10월 04일 20시 48분 24초
avg-cpu:  %user   %nice %system %iowait  %steal   %idle
           0.31    0.00    4.25    0.56    0.00   94.87

Device            r/s     w/s     rMB/s     wMB/s   rrqm/s   wrqm/s  %rrqm  %wrqm r_await w_await aqu-sz rareq-sz wareq-sz  svctm  %util
sdb           4101.98 2176.24     16.02     28.68     0.00  3466.34   0.00  61.43    0.20    0.32   0.00     4.00    13.49   0.16  99.41

2021년 10월 04일 20시 48분 25초
avg-cpu:  %user   %nice %system %iowait  %steal   %idle
           0.25    0.00    2.69    0.69    0.00   96.37

Device            r/s     w/s     rMB/s     wMB/s   rrqm/s   wrqm/s  %rrqm  %wrqm r_await w_await aqu-sz rareq-sz wareq-sz  svctm  %util
sdb           5486.00 2555.00     21.43     27.70     0.00  1773.00   0.00  40.97    0.17    0.30   0.03     4.00    11.10   0.12  98.40

2021년 10월 04일 20시 48분 26초
avg-cpu:  %user   %nice %system %iowait  %steal   %idle
           0.00    0.00    2.12    3.12    0.00   94.76

Device            r/s     w/s     rMB/s     wMB/s   rrqm/s   wrqm/s  %rrqm  %wrqm r_await w_await aqu-sz rareq-sz wareq-sz  svctm  %util
sdb           6569.00 2805.00     25.66     35.70     0.00  2728.00   0.00  49.30    0.15    0.31   0.06     4.00    13.03   0.11 100.00

2021년 10월 04일 20시 48분 27초
avg-cpu:  %user   %nice %system %iowait  %steal   %idle
           0.00    0.00    2.00    2.56    0.00   95.43

Device            r/s     w/s     rMB/s     wMB/s   rrqm/s   wrqm/s  %rrqm  %wrqm r_await w_await aqu-sz rareq-sz wareq-sz  svctm  %util
sdb           6309.00 2670.00     24.64     33.18     0.00  2333.00   0.00  46.63    0.15    0.32   0.03     4.00    12.73   0.11 100.40

2021년 10월 04일 20시 48분 28초
avg-cpu:  %user   %nice %system %iowait  %steal   %idle
           0.25    0.00    2.83    2.14    0.00   94.79

Device            r/s     w/s     rMB/s     wMB/s   rrqm/s   wrqm/s  %rrqm  %wrqm r_await w_await aqu-sz rareq-sz wareq-sz  svctm  %util
sdb           4356.00 2048.00     17.02     30.52     0.00  3721.00   0.00  64.50    0.20    0.36   0.00     4.00    15.26   0.16 100.00

2021년 10월 04일 20시 48분 29초
avg-cpu:  %user   %nice %system %iowait  %steal   %idle
           0.06    0.00    3.08    3.27    0.00   93.59

Device            r/s     w/s     rMB/s     wMB/s   rrqm/s   wrqm/s  %rrqm  %wrqm r_await w_await aqu-sz rareq-sz wareq-sz  svctm  %util
sdb           4846.00 2087.00     18.93     28.12     0.00  2516.00   0.00  54.66    0.19    0.34   0.03     4.00    13.80   0.14  98.40

2021년 10월 04일 20시 48분 30초
avg-cpu:  %user   %nice %system %iowait  %steal   %idle
           0.13    0.00    1.94    2.01    0.00   95.92

Device            r/s     w/s     rMB/s     wMB/s   rrqm/s   wrqm/s  %rrqm  %wrqm r_await w_await aqu-sz rareq-sz wareq-sz  svctm  %util
sdb           6074.00 2826.00     23.73     32.79     0.00  2429.00   0.00  46.22    0.16    0.29   0.03     4.00    11.88   0.11 100.40

2021년 10월 04일 20시 48분 31초
avg-cpu:  %user   %nice %system %iowait  %steal   %idle
           0.31    0.00    3.37    1.12    0.00   95.20

Device            r/s     w/s     rMB/s     wMB/s   rrqm/s   wrqm/s  %rrqm  %wrqm r_await w_await aqu-sz rareq-sz wareq-sz  svctm  %util
sdb           5085.00 2718.00     19.86     30.89     0.00  3000.00   0.00  52.47    0.17    0.29   0.00     4.00    11.64   0.13 100.00

2021년 10월 04일 20시 48분 32초
avg-cpu:  %user   %nice %system %iowait  %steal   %idle
           0.06    0.00    1.07    0.94    0.00   97.93

Device            r/s     w/s     rMB/s     wMB/s   rrqm/s   wrqm/s  %rrqm  %wrqm r_await w_await aqu-sz rareq-sz wareq-sz  svctm  %util
sdb           7080.00 2959.00     27.66     33.16     0.00  1553.00   0.00  34.42    0.14    0.30   0.02     4.00    11.47   0.10 100.00

2021년 10월 04일 20시 48분 33초
avg-cpu:  %user   %nice %system %iowait  %steal   %idle
           0.13    0.00    1.63    1.94    0.00   96.30

Device            r/s     w/s     rMB/s     wMB/s   rrqm/s   wrqm/s  %rrqm  %wrqm r_await w_await aqu-sz rareq-sz wareq-sz  svctm  %util
sdb           6433.00 2684.00     25.12     33.83     0.00  2356.00   0.00  46.75    0.15    0.34   0.13     4.00    12.91   0.11  98.80

2021년 10월 04일 20시 48분 34초
avg-cpu:  %user   %nice %system %iowait  %steal   %idle
           0.00    0.00    0.31    0.06    0.00   99.63

Device            r/s     w/s     rMB/s     wMB/s   rrqm/s   wrqm/s  %rrqm  %wrqm r_await w_await aqu-sz rareq-sz wareq-sz  svctm  %util
sdb            591.00  254.00      2.31      2.28     0.00     0.00   0.00   0.00    0.15    0.28   0.00     4.00     9.20   0.10   8.40

2021년 10월 04일 20시 48분 35초
avg-cpu:  %user   %nice %system %iowait  %steal   %idle
           0.00    0.00    0.12    0.00    0.00   99.88

Device            r/s     w/s     rMB/s     wMB/s   rrqm/s   wrqm/s  %rrqm  %wrqm r_await w_await aqu-sz rareq-sz wareq-sz  svctm  %util
sdb              0.00    0.00      0.00      0.00     0.00     0.00   0.00   0.00    0.00    0.00   0.00     0.00     0.00   0.00   0.00

2021년 10월 04일 20시 48분 36초
avg-cpu:  %user   %nice %system %iowait  %steal   %idle
           0.06    0.00    0.12    0.00    0.00   99.81

Device            r/s     w/s     rMB/s     wMB/s   rrqm/s   wrqm/s  %rrqm  %wrqm r_await w_await aqu-sz rareq-sz wareq-sz  svctm  %util
sdb              0.00    0.00      0.00      0.00     0.00     0.00   0.00   0.00    0.00    0.00   0.00     0.00     0.00   0.00   0.00

