Linux 5.5.8test (syslab-desk) 	2021년 10월 04일 	_x86_64_	(16 CPU)

2021년 10월 04일 22시 17분 58초
avg-cpu:  %user   %nice %system %iowait  %steal   %idle
           2.48    0.00    1.86    4.67    0.00   90.98

Device            r/s     w/s     rMB/s     wMB/s   rrqm/s   wrqm/s  %rrqm  %wrqm r_await w_await aqu-sz rareq-sz wareq-sz  svctm  %util
sdb            128.19  522.45      0.70     15.58    49.54   816.08  27.87  60.97    0.37    1.36   0.18     5.60    30.53   0.12   7.77

2021년 10월 04일 22시 17분 59초
avg-cpu:  %user   %nice %system %iowait  %steal   %idle
           0.00    0.00    0.13    0.00    0.00   99.87

Device            r/s     w/s     rMB/s     wMB/s   rrqm/s   wrqm/s  %rrqm  %wrqm r_await w_await aqu-sz rareq-sz wareq-sz  svctm  %util
sdb              0.00    0.00      0.00      0.00     0.00     0.00   0.00   0.00    0.00    0.00   0.00     0.00     0.00   0.00   0.00

2021년 10월 04일 22시 18분 00초
avg-cpu:  %user   %nice %system %iowait  %steal   %idle
           0.00    0.00    0.06    0.00    0.00   99.94

Device            r/s     w/s     rMB/s     wMB/s   rrqm/s   wrqm/s  %rrqm  %wrqm r_await w_await aqu-sz rareq-sz wareq-sz  svctm  %util
sdb              0.00    0.00      0.00      0.00     0.00     0.00   0.00   0.00    0.00    0.00   0.00     0.00     0.00   0.00   0.00

2021년 10월 04일 22시 18분 01초
avg-cpu:  %user   %nice %system %iowait  %steal   %idle
           0.06    0.00    0.19    0.06    0.00   99.69

Device            r/s     w/s     rMB/s     wMB/s   rrqm/s   wrqm/s  %rrqm  %wrqm r_await w_await aqu-sz rareq-sz wareq-sz  svctm  %util
sdb              0.00    0.00      0.00      0.00     0.00     0.00   0.00   0.00    0.00    0.00   0.00     0.00     0.00   0.00   0.00

2021년 10월 04일 22시 18분 02초
avg-cpu:  %user   %nice %system %iowait  %steal   %idle
           0.31    0.00    5.69    5.94    0.00   88.05

Device            r/s     w/s     rMB/s     wMB/s   rrqm/s   wrqm/s  %rrqm  %wrqm r_await w_await aqu-sz rareq-sz wareq-sz  svctm  %util
sdb           4121.00 6271.00     41.57     19.52  6376.00     2.00  60.74   0.03    0.45    0.68   0.00    10.33     3.19   0.07  76.80

2021년 10월 04일 22시 18분 03초
avg-cpu:  %user   %nice %system %iowait  %steal   %idle
           0.69    0.00   16.19   14.81    0.00   68.30

Device            r/s     w/s     rMB/s     wMB/s   rrqm/s   wrqm/s  %rrqm  %wrqm r_await w_await aqu-sz rareq-sz wareq-sz  svctm  %util
sdb           6611.00 15543.00     48.27     46.79  5745.00     0.00  46.50   0.00    0.72    0.66   0.00     7.48     3.08   0.05 100.00

2021년 10월 04일 22시 18분 04초
avg-cpu:  %user   %nice %system %iowait  %steal   %idle
           0.63    0.00   15.26   15.83    0.00   68.28

Device            r/s     w/s     rMB/s     wMB/s   rrqm/s   wrqm/s  %rrqm  %wrqm r_await w_await aqu-sz rareq-sz wareq-sz  svctm  %util
sdb           6330.00 15281.00     48.04     46.93  5967.00     0.00  48.52   0.00    0.75    0.71   0.34     7.77     3.14   0.05  98.40

2021년 10월 04일 22시 18분 05초
avg-cpu:  %user   %nice %system %iowait  %steal   %idle
           0.84    0.00   13.78   15.98    0.00   69.40

Device            r/s     w/s     rMB/s     wMB/s   rrqm/s   wrqm/s  %rrqm  %wrqm r_await w_await aqu-sz rareq-sz wareq-sz  svctm  %util
sdb           6421.00 15582.00     48.07     46.84  5885.00     2.00  47.82   0.01    0.73    0.68   0.00     7.67     3.08   0.05 100.00

2021년 10월 04일 22시 18분 06초
avg-cpu:  %user   %nice %system %iowait  %steal   %idle
           0.78    0.00   13.90   15.19    0.00   70.13

Device            r/s     w/s     rMB/s     wMB/s   rrqm/s   wrqm/s  %rrqm  %wrqm r_await w_await aqu-sz rareq-sz wareq-sz  svctm  %util
sdb           6605.00 15735.00     48.86     47.45  5902.00     0.00  47.19   0.00    0.71    0.67   0.00     7.57     3.09   0.04 100.00

2021년 10월 04일 22시 18분 07초
avg-cpu:  %user   %nice %system %iowait  %steal   %idle
           0.58    0.00   13.49   19.01    0.00   66.92

Device            r/s     w/s     rMB/s     wMB/s   rrqm/s   wrqm/s  %rrqm  %wrqm r_await w_await aqu-sz rareq-sz wareq-sz  svctm  %util
sdb           6382.00 14733.00     45.29     63.08  5217.00  4833.00  44.98  24.70    0.75    0.71   0.22     7.27     4.38   0.05  98.40

2021년 10월 04일 22시 18분 08초
avg-cpu:  %user   %nice %system %iowait  %steal   %idle
           0.65    0.00   14.39   15.10    0.00   69.86

Device            r/s     w/s     rMB/s     wMB/s   rrqm/s   wrqm/s  %rrqm  %wrqm r_await w_await aqu-sz rareq-sz wareq-sz  svctm  %util
sdb           6355.00 15696.00     47.64     46.14  5836.00     0.00  47.87   0.00    0.74    0.68   0.00     7.68     3.01   0.05 100.00

2021년 10월 04일 22시 18분 09초
avg-cpu:  %user   %nice %system %iowait  %steal   %idle
           0.81    0.00   17.03   14.41    0.00   67.75

Device            r/s     w/s     rMB/s     wMB/s   rrqm/s   wrqm/s  %rrqm  %wrqm r_await w_await aqu-sz rareq-sz wareq-sz  svctm  %util
sdb           6456.00 15822.00     48.74     47.64  6020.00     0.00  48.25   0.00    0.73    0.67   0.00     7.73     3.08   0.04 100.00

2021년 10월 04일 22시 18분 10초
avg-cpu:  %user   %nice %system %iowait  %steal   %idle
           0.75    0.00   16.90   15.46    0.00   66.90

Device            r/s     w/s     rMB/s     wMB/s   rrqm/s   wrqm/s  %rrqm  %wrqm r_await w_await aqu-sz rareq-sz wareq-sz  svctm  %util
sdb           6242.00 15130.00     45.87     44.61  5505.00     2.00  46.86   0.01    0.73    0.69   0.06     7.53     3.02   0.05  98.40

2021년 10월 04일 22시 18분 11초
avg-cpu:  %user   %nice %system %iowait  %steal   %idle
           0.96    0.00   15.45   14.37    0.00   69.22

Device            r/s     w/s     rMB/s     wMB/s   rrqm/s   wrqm/s  %rrqm  %wrqm r_await w_await aqu-sz rareq-sz wareq-sz  svctm  %util
sdb           6357.00 15367.00     46.41     45.21  5519.00     2.00  46.47   0.01    0.72    0.69   0.00     7.48     3.01   0.05 100.00

2021년 10월 04일 22시 18분 12초
avg-cpu:  %user   %nice %system %iowait  %steal   %idle
           0.45    0.00   14.32   18.40    0.00   66.84

Device            r/s     w/s     rMB/s     wMB/s   rrqm/s   wrqm/s  %rrqm  %wrqm r_await w_await aqu-sz rareq-sz wareq-sz  svctm  %util
sdb           6225.00 14423.00     44.64     62.09  5207.00  4786.00  45.55  24.92    0.75    0.72   0.08     7.34     4.41   0.05  98.40

2021년 10월 04일 22시 18분 13초
avg-cpu:  %user   %nice %system %iowait  %steal   %idle
           0.77    0.00   14.55   14.94    0.00   69.74

Device            r/s     w/s     rMB/s     wMB/s   rrqm/s   wrqm/s  %rrqm  %wrqm r_await w_await aqu-sz rareq-sz wareq-sz  svctm  %util
sdb           6593.00 15472.00     48.75     47.39  5888.00     0.00  47.18   0.00    0.73    0.68   0.00     7.57     3.14   0.05 100.00

2021년 10월 04일 22시 18분 14초
avg-cpu:  %user   %nice %system %iowait  %steal   %idle
           0.89    0.00   15.34   14.64    0.00   69.14

Device            r/s     w/s     rMB/s     wMB/s   rrqm/s   wrqm/s  %rrqm  %wrqm r_await w_await aqu-sz rareq-sz wareq-sz  svctm  %util
sdb           6420.00 15460.00     47.55     46.54  5754.00     0.00  47.26   0.00    0.71    0.69   0.00     7.59     3.08   0.05 100.00

2021년 10월 04일 22시 18분 15초
avg-cpu:  %user   %nice %system %iowait  %steal   %idle
           0.64    0.00   14.29   16.46    0.00   68.60

Device            r/s     w/s     rMB/s     wMB/s   rrqm/s   wrqm/s  %rrqm  %wrqm r_await w_await aqu-sz rareq-sz wareq-sz  svctm  %util
sdb           6402.00 15188.00     48.10     47.18  5906.00     0.00  47.99   0.00    0.74    0.72   0.24     7.69     3.18   0.05  98.40

2021년 10월 04일 22시 18분 16초
avg-cpu:  %user   %nice %system %iowait  %steal   %idle
           0.77    0.00   14.81   14.94    0.00   69.48

Device            r/s     w/s     rMB/s     wMB/s   rrqm/s   wrqm/s  %rrqm  %wrqm r_await w_await aqu-sz rareq-sz wareq-sz  svctm  %util
sdb           6452.00 15613.00     47.49     46.24  5711.00     6.00  46.95   0.04    0.73    0.66   0.00     7.54     3.03   0.05 100.00

2021년 10월 04일 22시 18분 17초
avg-cpu:  %user   %nice %system %iowait  %steal   %idle
           0.39    0.00   14.14   17.61    0.00   67.87

Device            r/s     w/s     rMB/s     wMB/s   rrqm/s   wrqm/s  %rrqm  %wrqm r_await w_await aqu-sz rareq-sz wareq-sz  svctm  %util
sdb           6266.00 14592.00     45.36     62.93  5345.00  4830.00  46.03  24.87    0.76    0.71   0.00     7.41     4.42   0.05 100.00

2021년 10월 04일 22시 18분 18초
avg-cpu:  %user   %nice %system %iowait  %steal   %idle
           0.76    0.00   16.01   16.57    0.00   66.67

Device            r/s     w/s     rMB/s     wMB/s   rrqm/s   wrqm/s  %rrqm  %wrqm r_await w_await aqu-sz rareq-sz wareq-sz  svctm  %util
sdb           6441.00 15152.00     46.91     45.85  5572.00     0.00  46.38   0.00    0.74    0.71   0.26     7.46     3.10   0.05  98.40

2021년 10월 04일 22시 18분 19초
avg-cpu:  %user   %nice %system %iowait  %steal   %idle
           0.76    0.00   16.14   14.37    0.00   68.73

Device            r/s     w/s     rMB/s     wMB/s   rrqm/s   wrqm/s  %rrqm  %wrqm r_await w_await aqu-sz rareq-sz wareq-sz  svctm  %util
sdb           6521.00 15531.00     48.16     46.96  5809.00     3.00  47.11   0.02    0.72    0.68   0.00     7.56     3.10   0.05 100.00

2021년 10월 04일 22시 18분 20초
avg-cpu:  %user   %nice %system %iowait  %steal   %idle
           1.01    0.00   15.52   14.95    0.00   68.52

Device            r/s     w/s     rMB/s     wMB/s   rrqm/s   wrqm/s  %rrqm  %wrqm r_await w_await aqu-sz rareq-sz wareq-sz  svctm  %util
sdb           6553.00 15625.00     48.95     47.47  5976.00     0.00  47.70   0.00    0.72    0.68   0.00     7.65     3.11   0.05 100.00

2021년 10월 04일 22시 18분 21초
avg-cpu:  %user   %nice %system %iowait  %steal   %idle
           0.82    0.00   16.89   16.38    0.00   65.91

Device            r/s     w/s     rMB/s     wMB/s   rrqm/s   wrqm/s  %rrqm  %wrqm r_await w_await aqu-sz rareq-sz wareq-sz  svctm  %util
sdb           6496.00 15341.00     47.19     45.84  5593.00     0.00  46.27   0.00    0.71    0.68   0.08     7.44     3.06   0.05  98.40

2021년 10월 04일 22시 18분 22초
avg-cpu:  %user   %nice %system %iowait  %steal   %idle
           1.01    0.00   14.58   16.16    0.00   68.24

Device            r/s     w/s     rMB/s     wMB/s   rrqm/s   wrqm/s  %rrqm  %wrqm r_await w_await aqu-sz rareq-sz wareq-sz  svctm  %util
sdb           6427.00 14841.00     45.60     63.14  5233.00  4766.00  44.88  24.31    0.71    0.72   0.02     7.26     4.36   0.05 100.00

2021년 10월 04일 22시 18분 23초
avg-cpu:  %user   %nice %system %iowait  %steal   %idle
           0.58    0.00   14.82   15.02    0.00   69.58

Device            r/s     w/s     rMB/s     wMB/s   rrqm/s   wrqm/s  %rrqm  %wrqm r_await w_await aqu-sz rareq-sz wareq-sz  svctm  %util
sdb           6498.00 15506.00     48.37     47.27  5884.00     1.00  47.52   0.01    0.72    0.69   0.01     7.62     3.12   0.05 100.00

2021년 10월 04일 22시 18분 24초
avg-cpu:  %user   %nice %system %iowait  %steal   %idle
           0.64    0.00   14.41   16.99    0.00   67.95

Device            r/s     w/s     rMB/s     wMB/s   rrqm/s   wrqm/s  %rrqm  %wrqm r_await w_await aqu-sz rareq-sz wareq-sz  svctm  %util
sdb           6318.00 15262.00     46.99     45.55  5730.00     0.00  47.56   0.00    0.75    0.70   0.40     7.62     3.06   0.05  98.40

2021년 10월 04일 22시 18분 25초
avg-cpu:  %user   %nice %system %iowait  %steal   %idle
           0.19    0.00    5.43    4.00    0.00   90.39

Device            r/s     w/s     rMB/s     wMB/s   rrqm/s   wrqm/s  %rrqm  %wrqm r_await w_await aqu-sz rareq-sz wareq-sz  svctm  %util
sdb           1941.00 4684.00     14.42     14.39  1731.00     0.00  47.14   0.00    0.72    0.66   0.00     7.61     3.15   0.05  30.00

2021년 10월 04일 22시 18분 26초
avg-cpu:  %user   %nice %system %iowait  %steal   %idle
           0.06    0.00    0.00    0.00    0.00   99.94

Device            r/s     w/s     rMB/s     wMB/s   rrqm/s   wrqm/s  %rrqm  %wrqm r_await w_await aqu-sz rareq-sz wareq-sz  svctm  %util
sdb              0.00    0.00      0.00      0.00     0.00     0.00   0.00   0.00    0.00    0.00   0.00     0.00     0.00   0.00   0.00

2021년 10월 04일 22시 18분 27초
avg-cpu:  %user   %nice %system %iowait  %steal   %idle
           0.12    0.00    0.12    0.00    0.00   99.75

Device            r/s     w/s     rMB/s     wMB/s   rrqm/s   wrqm/s  %rrqm  %wrqm r_await w_await aqu-sz rareq-sz wareq-sz  svctm  %util
sdb              0.00   23.00      0.00     14.25     0.00  3626.00   0.00  99.37    0.00    8.96   0.16     0.00   634.61   1.57   3.60

