Linux 5.5.8test (syslab-desk) 	2021년 10월 04일 	_x86_64_	(16 CPU)

2021년 10월 04일 20시 25분 26초
avg-cpu:  %user   %nice %system %iowait  %steal   %idle
           2.62    0.00    1.64    4.89    0.00   90.85

Device            r/s     w/s     rMB/s     wMB/s   rrqm/s   wrqm/s  %rrqm  %wrqm r_await w_await aqu-sz rareq-sz wareq-sz  svctm  %util
sdb            114.46  359.91      0.65     13.22    49.77   335.22  30.30  48.22    0.38    1.81   0.18     5.80    37.60   0.11   5.00

2021년 10월 04일 20시 25분 27초
avg-cpu:  %user   %nice %system %iowait  %steal   %idle
           0.06    0.00    0.19    0.00    0.00   99.75

Device            r/s     w/s     rMB/s     wMB/s   rrqm/s   wrqm/s  %rrqm  %wrqm r_await w_await aqu-sz rareq-sz wareq-sz  svctm  %util
sdb              0.00    0.00      0.00      0.00     0.00     0.00   0.00   0.00    0.00    0.00   0.00     0.00     0.00   0.00   0.00

2021년 10월 04일 20시 25분 28초
avg-cpu:  %user   %nice %system %iowait  %steal   %idle
           0.00    0.00    0.06    0.00    0.00   99.94

Device            r/s     w/s     rMB/s     wMB/s   rrqm/s   wrqm/s  %rrqm  %wrqm r_await w_await aqu-sz rareq-sz wareq-sz  svctm  %util
sdb              0.00    0.00      0.00      0.00     0.00     0.00   0.00   0.00    0.00    0.00   0.00     0.00     0.00   0.00   0.00

2021년 10월 04일 20시 25분 29초
avg-cpu:  %user   %nice %system %iowait  %steal   %idle
           0.06    0.00    1.76    0.88    0.00   97.30

Device            r/s     w/s     rMB/s     wMB/s   rrqm/s   wrqm/s  %rrqm  %wrqm r_await w_await aqu-sz rareq-sz wareq-sz  svctm  %util
sdb           2161.00  591.00     27.15      5.49  4636.00     2.00  68.21   0.34    0.19    0.28   0.00    12.86     9.52   0.29  80.40

2021년 10월 04일 20시 25분 30초
avg-cpu:  %user   %nice %system %iowait  %steal   %idle
           0.06    0.00    1.63    2.00    0.00   96.31

Device            r/s     w/s     rMB/s     wMB/s   rrqm/s   wrqm/s  %rrqm  %wrqm r_await w_await aqu-sz rareq-sz wareq-sz  svctm  %util
sdb           3196.00 1318.00     12.48     12.30     0.00     0.00   0.00   0.00    0.15    0.27   0.00     4.00     9.55   0.22 100.00

2021년 10월 04일 20시 25분 31초
avg-cpu:  %user   %nice %system %iowait  %steal   %idle
           0.00    0.00    0.88    0.31    0.00   98.81

Device            r/s     w/s     rMB/s     wMB/s   rrqm/s   wrqm/s  %rrqm  %wrqm r_await w_await aqu-sz rareq-sz wareq-sz  svctm  %util
sdb           3278.00 1357.00     12.80     12.60     0.00     0.00   0.00   0.00    0.16    0.29   0.00     4.00     9.51   0.22 100.00

2021년 10월 04일 20시 25분 32초
avg-cpu:  %user   %nice %system %iowait  %steal   %idle
           0.06    0.00    0.56    1.00    0.00   98.37

Device            r/s     w/s     rMB/s     wMB/s   rrqm/s   wrqm/s  %rrqm  %wrqm r_await w_await aqu-sz rareq-sz wareq-sz  svctm  %util
sdb           3331.00 1380.00     13.01     12.84     0.00     0.00   0.00   0.00    0.16    0.29   0.00     4.00     9.53   0.21 100.00

2021년 10월 04일 20시 25분 33초
avg-cpu:  %user   %nice %system %iowait  %steal   %idle
           0.13    0.00    0.63    5.50    0.00   93.75

Device            r/s     w/s     rMB/s     wMB/s   rrqm/s   wrqm/s  %rrqm  %wrqm r_await w_await aqu-sz rareq-sz wareq-sz  svctm  %util
sdb           3378.00 1376.00     13.20     13.00     0.00     0.00   0.00   0.00    0.16    0.29   0.00     4.00     9.67   0.21 100.00

2021년 10월 04일 20시 25분 34초
avg-cpu:  %user   %nice %system %iowait  %steal   %idle
           0.13    0.00    1.56    4.19    0.00   94.12

Device            r/s     w/s     rMB/s     wMB/s   rrqm/s   wrqm/s  %rrqm  %wrqm r_await w_await aqu-sz rareq-sz wareq-sz  svctm  %util
sdb           3050.00 1282.00     11.91     21.62     0.00  2503.00   0.00  66.13    0.16    0.38   0.12     4.00    17.27   0.23 100.00

2021년 10월 04일 20시 25분 35초
avg-cpu:  %user   %nice %system %iowait  %steal   %idle
           0.06    0.00    1.25    5.24    0.00   93.45

Device            r/s     w/s     rMB/s     wMB/s   rrqm/s   wrqm/s  %rrqm  %wrqm r_await w_await aqu-sz rareq-sz wareq-sz  svctm  %util
sdb           3294.00 1418.00     12.87     12.69     0.00     0.00   0.00   0.00    0.15    0.28   0.00     4.00     9.17   0.21 100.00

2021년 10월 04일 20시 25분 36초
avg-cpu:  %user   %nice %system %iowait  %steal   %idle
           0.06    0.00    0.94    0.38    0.00   98.62

Device            r/s     w/s     rMB/s     wMB/s   rrqm/s   wrqm/s  %rrqm  %wrqm r_await w_await aqu-sz rareq-sz wareq-sz  svctm  %util
sdb           3102.00 1249.00     12.12     11.93     0.00     0.00   0.00   0.00    0.16    0.30   0.02     4.00     9.78   0.23  98.40

2021년 10월 04일 20시 25분 37초
avg-cpu:  %user   %nice %system %iowait  %steal   %idle
           0.06    0.00    0.81    1.00    0.00   98.12

Device            r/s     w/s     rMB/s     wMB/s   rrqm/s   wrqm/s  %rrqm  %wrqm r_await w_await aqu-sz rareq-sz wareq-sz  svctm  %util
sdb           3275.00 1422.00     12.79     12.62     0.00     0.00   0.00   0.00    0.16    0.27   0.00     4.00     9.09   0.21 100.00

2021년 10월 04일 20시 25분 38초
avg-cpu:  %user   %nice %system %iowait  %steal   %idle
           0.06    0.00    1.50    4.82    0.00   93.62

Device            r/s     w/s     rMB/s     wMB/s   rrqm/s   wrqm/s  %rrqm  %wrqm r_await w_await aqu-sz rareq-sz wareq-sz  svctm  %util
sdb           3228.00 1532.00     12.61     12.41     0.00     0.00   0.00   0.00    0.15    0.23   0.00     4.00     8.29   0.21 100.00

2021년 10월 04일 20시 25분 39초
avg-cpu:  %user   %nice %system %iowait  %steal   %idle
           0.06    0.00    0.82    0.38    0.00   98.75

Device            r/s     w/s     rMB/s     wMB/s   rrqm/s   wrqm/s  %rrqm  %wrqm r_await w_await aqu-sz rareq-sz wareq-sz  svctm  %util
sdb           3168.00 1599.00     12.38     21.75     0.00  2449.00   0.00  60.50    0.17    0.31   0.14     4.00    13.93   0.21 100.00

2021년 10월 04일 20시 25분 40초
avg-cpu:  %user   %nice %system %iowait  %steal   %idle
           0.12    0.00    0.75    1.00    0.00   98.12

Device            r/s     w/s     rMB/s     wMB/s   rrqm/s   wrqm/s  %rrqm  %wrqm r_await w_await aqu-sz rareq-sz wareq-sz  svctm  %util
sdb           3363.00 1611.00     13.14     12.91     0.00     0.00   0.00   0.00    0.16    0.23   0.00     4.00     8.21   0.20 100.00

2021년 10월 04일 20시 25분 41초
avg-cpu:  %user   %nice %system %iowait  %steal   %idle
           0.06    0.00    1.13    3.19    0.00   95.62

Device            r/s     w/s     rMB/s     wMB/s   rrqm/s   wrqm/s  %rrqm  %wrqm r_await w_await aqu-sz rareq-sz wareq-sz  svctm  %util
sdb           3256.00 1509.00     12.72     12.52     0.00     0.00   0.00   0.00    0.16    0.24   0.00     4.00     8.50   0.21 100.00

2021년 10월 04일 20시 25분 42초
avg-cpu:  %user   %nice %system %iowait  %steal   %idle
           0.13    0.00    0.81    0.75    0.00   98.31

Device            r/s     w/s     rMB/s     wMB/s   rrqm/s   wrqm/s  %rrqm  %wrqm r_await w_await aqu-sz rareq-sz wareq-sz  svctm  %util
sdb           3232.00 1441.00     12.62     12.41     0.00     0.00   0.00   0.00    0.16    0.25   0.00     4.00     8.82   0.21 100.00

2021년 10월 04일 20시 25분 43초
avg-cpu:  %user   %nice %system %iowait  %steal   %idle
           0.13    0.00    0.81    0.94    0.00   98.12

Device            r/s     w/s     rMB/s     wMB/s   rrqm/s   wrqm/s  %rrqm  %wrqm r_await w_await aqu-sz rareq-sz wareq-sz  svctm  %util
sdb           3261.00 1487.00     12.74     12.54     0.00     0.00   0.00   0.00    0.16    0.25   0.00     4.00     8.63   0.21 100.00

2021년 10월 04일 20시 25분 44초
avg-cpu:  %user   %nice %system %iowait  %steal   %idle
           0.06    0.00    1.07    4.46    0.00   94.41

Device            r/s     w/s     rMB/s     wMB/s   rrqm/s   wrqm/s  %rrqm  %wrqm r_await w_await aqu-sz rareq-sz wareq-sz  svctm  %util
sdb           3097.00 1501.00     12.10     21.46     0.00  2433.00   0.00  61.85    0.16    0.34   0.13     4.00    14.64   0.22 100.00

2021년 10월 04일 20시 25분 45초
avg-cpu:  %user   %nice %system %iowait  %steal   %idle
           0.00    0.00    0.44    0.94    0.00   98.62

Device            r/s     w/s     rMB/s     wMB/s   rrqm/s   wrqm/s  %rrqm  %wrqm r_await w_await aqu-sz rareq-sz wareq-sz  svctm  %util
sdb           3153.00 1412.00     12.32     12.12     0.00     0.00   0.00   0.00    0.16    0.28   0.02     4.00     8.79   0.22  98.40

2021년 10월 04일 20시 25분 46초
avg-cpu:  %user   %nice %system %iowait  %steal   %idle
           0.06    0.00    0.75    0.88    0.00   98.31

Device            r/s     w/s     rMB/s     wMB/s   rrqm/s   wrqm/s  %rrqm  %wrqm r_await w_await aqu-sz rareq-sz wareq-sz  svctm  %util
sdb           3366.00 1520.00     13.15     12.94     0.00     0.00   0.00   0.00    0.15    0.26   0.00     4.00     8.72   0.20 100.00

2021년 10월 04일 20시 25분 47초
avg-cpu:  %user   %nice %system %iowait  %steal   %idle
           0.06    0.00    1.69    2.32    0.00   95.92

Device            r/s     w/s     rMB/s     wMB/s   rrqm/s   wrqm/s  %rrqm  %wrqm r_await w_await aqu-sz rareq-sz wareq-sz  svctm  %util
sdb           2916.00 1322.00     11.39     11.18     0.00     0.00   0.00   0.00    0.16    0.24   0.00     4.00     8.66   0.24 100.00

2021년 10월 04일 20시 25분 48초
avg-cpu:  %user   %nice %system %iowait  %steal   %idle
           0.06    0.00    0.63    0.31    0.00   99.00

Device            r/s     w/s     rMB/s     wMB/s   rrqm/s   wrqm/s  %rrqm  %wrqm r_await w_await aqu-sz rareq-sz wareq-sz  svctm  %util
sdb           3355.00 1419.00     13.11     12.90     0.00     0.00   0.00   0.00    0.16    0.28   0.00     4.00     9.31   0.21 100.00

2021년 10월 04일 20시 25분 49초
avg-cpu:  %user   %nice %system %iowait  %steal   %idle
           0.13    0.00    0.75    0.38    0.00   98.75

Device            r/s     w/s     rMB/s     wMB/s   rrqm/s   wrqm/s  %rrqm  %wrqm r_await w_await aqu-sz rareq-sz wareq-sz  svctm  %util
sdb           3067.00 1373.00     11.98     21.47     0.00  2454.00   0.00  64.12    0.16    0.39   0.14     4.00    16.01   0.23 100.00

2021년 10월 04일 20시 25분 50초
avg-cpu:  %user   %nice %system %iowait  %steal   %idle
           0.00    0.00    0.44    0.31    0.00   99.25

Device            r/s     w/s     rMB/s     wMB/s   rrqm/s   wrqm/s  %rrqm  %wrqm r_await w_await aqu-sz rareq-sz wareq-sz  svctm  %util
sdb           3310.00 1426.00     12.93     12.75     0.00     0.00   0.00   0.00    0.16    0.26   0.00     4.00     9.15   0.21 100.00

2021년 10월 04일 20시 25분 51초
avg-cpu:  %user   %nice %system %iowait  %steal   %idle
           0.06    0.00    0.63    0.31    0.00   99.00

Device            r/s     w/s     rMB/s     wMB/s   rrqm/s   wrqm/s  %rrqm  %wrqm r_await w_await aqu-sz rareq-sz wareq-sz  svctm  %util
sdb           3294.00 1493.00     12.87     12.68     0.00     0.00   0.00   0.00    0.16    0.26   0.00     4.00     8.70   0.21 100.00

2021년 10월 04일 20시 25분 52초
avg-cpu:  %user   %nice %system %iowait  %steal   %idle
           0.06    0.00    0.63    0.31    0.00   99.00

Device            r/s     w/s     rMB/s     wMB/s   rrqm/s   wrqm/s  %rrqm  %wrqm r_await w_await aqu-sz rareq-sz wareq-sz  svctm  %util
sdb           3395.00 1404.00     13.26     13.02     0.00     0.00   0.00   0.00    0.16    0.27   0.00     4.00     9.50   0.21 100.00

2021년 10월 04일 20시 25분 53초
avg-cpu:  %user   %nice %system %iowait  %steal   %idle
           0.00    0.00    0.63    0.31    0.00   99.06

Device            r/s     w/s     rMB/s     wMB/s   rrqm/s   wrqm/s  %rrqm  %wrqm r_await w_await aqu-sz rareq-sz wareq-sz  svctm  %util
sdb           3308.00 1401.00     12.92     12.73     0.00     0.00   0.00   0.00    0.16    0.28   0.00     4.00     9.30   0.21 100.00

2021년 10월 04일 20시 25분 54초
avg-cpu:  %user   %nice %system %iowait  %steal   %idle
           0.06    0.00    0.69    0.56    0.00   98.68

Device            r/s     w/s     rMB/s     wMB/s   rrqm/s   wrqm/s  %rrqm  %wrqm r_await w_await aqu-sz rareq-sz wareq-sz  svctm  %util
sdb           3130.00 1545.00     12.23     21.80     0.00  2481.00   0.00  61.62    0.16    0.37   0.16     4.00    14.45   0.21  98.40

2021년 10월 04일 20시 25분 55초
avg-cpu:  %user   %nice %system %iowait  %steal   %idle
           0.06    0.00    0.50    0.69    0.00   98.75

Device            r/s     w/s     rMB/s     wMB/s   rrqm/s   wrqm/s  %rrqm  %wrqm r_await w_await aqu-sz rareq-sz wareq-sz  svctm  %util
sdb           3312.00 1407.00     12.94     12.67     0.00     0.00   0.00   0.00    0.16    0.28   0.00     4.00     9.22   0.21 100.00

2021년 10월 04일 20시 25분 56초
avg-cpu:  %user   %nice %system %iowait  %steal   %idle
           0.13    0.00    2.31    3.63    0.00   93.93

Device            r/s     w/s     rMB/s     wMB/s   rrqm/s   wrqm/s  %rrqm  %wrqm r_await w_await aqu-sz rareq-sz wareq-sz  svctm  %util
sdb           2897.00 1307.00     11.32     11.17     0.00     0.00   0.00   0.00    0.15    0.23   0.00     4.00     8.75   0.24 100.00

2021년 10월 04일 20시 25분 57초
avg-cpu:  %user   %nice %system %iowait  %steal   %idle
           0.13    0.00    0.69    0.31    0.00   98.87

Device            r/s     w/s     rMB/s     wMB/s   rrqm/s   wrqm/s  %rrqm  %wrqm r_await w_await aqu-sz rareq-sz wareq-sz  svctm  %util
sdb           3197.00 1428.00     12.49     12.33     0.00     0.00   0.00   0.00    0.16    0.26   0.00     4.00     8.84   0.22 100.00

2021년 10월 04일 20시 25분 58초
avg-cpu:  %user   %nice %system %iowait  %steal   %idle
           0.00    0.00    0.56    0.31    0.00   99.12

Device            r/s     w/s     rMB/s     wMB/s   rrqm/s   wrqm/s  %rrqm  %wrqm r_await w_await aqu-sz rareq-sz wareq-sz  svctm  %util
sdb           3331.00 1377.00     13.01     12.82     0.00     0.00   0.00   0.00    0.15    0.29   0.00     4.00     9.53   0.21 100.00

2021년 10월 04일 20시 25분 59초
avg-cpu:  %user   %nice %system %iowait  %steal   %idle
           0.06    0.00    0.56    0.56    0.00   98.81

Device            r/s     w/s     rMB/s     wMB/s   rrqm/s   wrqm/s  %rrqm  %wrqm r_await w_await aqu-sz rareq-sz wareq-sz  svctm  %util
sdb           3079.00 1714.00     12.03     41.09     0.00  7020.00   0.00  80.38    0.18    0.82   0.28     4.00    24.55   0.21 100.40

2021년 10월 04일 20시 26분 00초
avg-cpu:  %user   %nice %system %iowait  %steal   %idle
           0.13    0.00    1.63    3.63    0.00   94.61

Device            r/s     w/s     rMB/s     wMB/s   rrqm/s   wrqm/s  %rrqm  %wrqm r_await w_await aqu-sz rareq-sz wareq-sz  svctm  %util
sdb           3092.00 1222.00     12.08     11.84     0.00     0.00   0.00   0.00    0.16    0.27   0.00     4.00     9.92   0.23 100.00

2021년 10월 04일 20시 26분 01초
avg-cpu:  %user   %nice %system %iowait  %steal   %idle
           0.06    0.00    0.69    0.25    0.00   99.00

Device            r/s     w/s     rMB/s     wMB/s   rrqm/s   wrqm/s  %rrqm  %wrqm r_await w_await aqu-sz rareq-sz wareq-sz  svctm  %util
sdb           3245.00 1418.00     12.68     12.55     0.00     0.00   0.00   0.00    0.16    0.27   0.00     4.00     9.06   0.21  99.60

2021년 10월 04일 20시 26분 02초
avg-cpu:  %user   %nice %system %iowait  %steal   %idle
           0.13    0.00    0.69    0.44    0.00   98.75

Device            r/s     w/s     rMB/s     wMB/s   rrqm/s   wrqm/s  %rrqm  %wrqm r_await w_await aqu-sz rareq-sz wareq-sz  svctm  %util
sdb           3194.00 1385.00     12.48     12.32     0.00     0.00   0.00   0.00    0.16    0.29   0.02     4.00     9.11   0.21  98.40

2021년 10월 04일 20시 26분 03초
avg-cpu:  %user   %nice %system %iowait  %steal   %idle
           0.00    0.00    0.94    0.31    0.00   98.75

Device            r/s     w/s     rMB/s     wMB/s   rrqm/s   wrqm/s  %rrqm  %wrqm r_await w_await aqu-sz rareq-sz wareq-sz  svctm  %util
sdb           3176.00 1343.00     12.41     12.25     0.00     0.00   0.00   0.00    0.16    0.28   0.00     4.00     9.34   0.22 100.00

2021년 10월 04일 20시 26분 04초
avg-cpu:  %user   %nice %system %iowait  %steal   %idle
           0.00    0.00    0.69    0.63    0.00   98.68

Device            r/s     w/s     rMB/s     wMB/s   rrqm/s   wrqm/s  %rrqm  %wrqm r_await w_await aqu-sz rareq-sz wareq-sz  svctm  %util
sdb           3265.00 1565.00     12.75     22.10     0.00  2425.00   0.00  60.78    0.16    0.35   0.13     4.00    14.46   0.21 100.00

2021년 10월 04일 20시 26분 05초
avg-cpu:  %user   %nice %system %iowait  %steal   %idle
           0.13    0.00    1.63    2.32    0.00   95.93

Device            r/s     w/s     rMB/s     wMB/s   rrqm/s   wrqm/s  %rrqm  %wrqm r_await w_await aqu-sz rareq-sz wareq-sz  svctm  %util
sdb           3027.00 1432.00     11.82     15.12     0.00   887.00   0.00  38.25    0.15    0.25   0.01     4.00    10.82   0.22  99.60

2021년 10월 04일 20시 26분 06초
avg-cpu:  %user   %nice %system %iowait  %steal   %idle
           0.06    0.00    1.31    5.06    0.00   93.57

Device            r/s     w/s     rMB/s     wMB/s   rrqm/s   wrqm/s  %rrqm  %wrqm r_await w_await aqu-sz rareq-sz wareq-sz  svctm  %util
sdb           3302.00 1432.00     12.90     12.66     0.00     0.00   0.00   0.00    0.15    0.26   0.00     4.00     9.05   0.21 100.40

2021년 10월 04일 20시 26분 07초
avg-cpu:  %user   %nice %system %iowait  %steal   %idle
           0.19    0.00    1.95    3.95    0.00   93.91

Device            r/s     w/s     rMB/s     wMB/s   rrqm/s   wrqm/s  %rrqm  %wrqm r_await w_await aqu-sz rareq-sz wareq-sz  svctm  %util
sdb           2962.00 1275.00     11.57     11.40     0.00     0.00   0.00   0.00    0.15    0.23   0.00     4.00     9.16   0.24 100.00

2021년 10월 04일 20시 26분 08초
avg-cpu:  %user   %nice %system %iowait  %steal   %idle
           0.06    0.00    0.63    0.31    0.00   99.00

Device            r/s     w/s     rMB/s     wMB/s   rrqm/s   wrqm/s  %rrqm  %wrqm r_await w_await aqu-sz rareq-sz wareq-sz  svctm  %util
sdb           3358.00 1486.00     13.12     12.83     0.00     0.00   0.00   0.00    0.16    0.25   0.00     4.00     8.84   0.21 100.00

2021년 10월 04일 20시 26분 09초
avg-cpu:  %user   %nice %system %iowait  %steal   %idle
           0.06    0.00    0.56    0.31    0.00   99.06

Device            r/s     w/s     rMB/s     wMB/s   rrqm/s   wrqm/s  %rrqm  %wrqm r_await w_await aqu-sz rareq-sz wareq-sz  svctm  %util
sdb           3346.00 1423.00     13.07     12.88     0.00     0.00   0.00   0.00    0.16    0.27   0.00     4.00     9.27   0.21  99.60

2021년 10월 04일 20시 26분 10초
avg-cpu:  %user   %nice %system %iowait  %steal   %idle
           0.13    0.00    0.56    0.44    0.00   98.87

Device            r/s     w/s     rMB/s     wMB/s   rrqm/s   wrqm/s  %rrqm  %wrqm r_await w_await aqu-sz rareq-sz wareq-sz  svctm  %util
sdb           3329.00 1378.00     13.00     22.20     0.00  2404.00   0.00  63.56    0.16    0.38   0.14     4.00    16.50   0.21 100.40

2021년 10월 04일 20시 26분 11초
avg-cpu:  %user   %nice %system %iowait  %steal   %idle
           0.06    0.00    0.69    0.38    0.00   98.87

Device            r/s     w/s     rMB/s     wMB/s   rrqm/s   wrqm/s  %rrqm  %wrqm r_await w_await aqu-sz rareq-sz wareq-sz  svctm  %util
sdb           3153.00 1391.00     12.32     12.15     0.00     0.00   0.00   0.00    0.16    0.28   0.02     4.00     8.95   0.22  98.40

2021년 10월 04일 20시 26분 12초
avg-cpu:  %user   %nice %system %iowait  %steal   %idle
           0.06    0.00    0.69    0.31    0.00   98.94

Device            r/s     w/s     rMB/s     wMB/s   rrqm/s   wrqm/s  %rrqm  %wrqm r_await w_await aqu-sz rareq-sz wareq-sz  svctm  %util
sdb           3342.00 1514.00     13.05     12.86     0.00     0.00   0.00   0.00    0.15    0.26   0.00     4.00     8.70   0.21 100.00

2021년 10월 04일 20시 26분 13초
avg-cpu:  %user   %nice %system %iowait  %steal   %idle
           0.06    0.00    0.50    0.31    0.00   99.12

Device            r/s     w/s     rMB/s     wMB/s   rrqm/s   wrqm/s  %rrqm  %wrqm r_await w_await aqu-sz rareq-sz wareq-sz  svctm  %util
sdb           3329.00 1419.00     13.00     12.79     0.00     0.00   0.00   0.00    0.16    0.27   0.00     4.00     9.23   0.21 100.00

2021년 10월 04일 20시 26분 14초
avg-cpu:  %user   %nice %system %iowait  %steal   %idle
           0.06    0.00    0.94    2.88    0.00   96.12

Device            r/s     w/s     rMB/s     wMB/s   rrqm/s   wrqm/s  %rrqm  %wrqm r_await w_await aqu-sz rareq-sz wareq-sz  svctm  %util
sdb           3269.00 1430.00     12.77     12.53     0.00     0.00   0.00   0.00    0.16    0.26   0.00     4.00     8.97   0.21 100.00

2021년 10월 04일 20시 26분 15초
avg-cpu:  %user   %nice %system %iowait  %steal   %idle
           0.06    0.00    1.69    4.39    0.00   93.85

Device            r/s     w/s     rMB/s     wMB/s   rrqm/s   wrqm/s  %rrqm  %wrqm r_await w_await aqu-sz rareq-sz wareq-sz  svctm  %util
sdb           3025.00 1300.00     11.82     21.15     0.00  2423.00   0.00  65.08    0.16    0.35   0.13     4.00    16.66   0.23 100.00

2021년 10월 04일 20시 26분 16초
avg-cpu:  %user   %nice %system %iowait  %steal   %idle
           0.19    0.00    2.50    3.68    0.00   93.64

Device            r/s     w/s     rMB/s     wMB/s   rrqm/s   wrqm/s  %rrqm  %wrqm r_await w_await aqu-sz rareq-sz wareq-sz  svctm  %util
sdb           2956.00 1310.00     11.55     11.38     0.00     0.00   0.00   0.00    0.15    0.24   0.00     4.00     8.89   0.23 100.00

2021년 10월 04일 20시 26분 17초
avg-cpu:  %user   %nice %system %iowait  %steal   %idle
           0.06    0.00    1.00    0.31    0.00   98.63

Device            r/s     w/s     rMB/s     wMB/s   rrqm/s   wrqm/s  %rrqm  %wrqm r_await w_await aqu-sz rareq-sz wareq-sz  svctm  %util
sdb           3275.00 1447.00     12.79     12.57     0.00     0.00   0.00   0.00    0.16    0.27   0.00     4.00     8.90   0.21 100.00

2021년 10월 04일 20시 26분 18초
avg-cpu:  %user   %nice %system %iowait  %steal   %idle
           0.06    0.00    0.75    0.38    0.00   98.81

Device            r/s     w/s     rMB/s     wMB/s   rrqm/s   wrqm/s  %rrqm  %wrqm r_await w_await aqu-sz rareq-sz wareq-sz  svctm  %util
sdb           3356.00 1433.00     13.11     12.94     0.00     0.00   0.00   0.00    0.16    0.27   0.00     4.00     9.24   0.21 100.00

2021년 10월 04일 20시 26분 19초
avg-cpu:  %user   %nice %system %iowait  %steal   %idle
           0.06    0.00    0.63    0.69    0.00   98.62

Device            r/s     w/s     rMB/s     wMB/s   rrqm/s   wrqm/s  %rrqm  %wrqm r_await w_await aqu-sz rareq-sz wareq-sz  svctm  %util
sdb           3363.00 1341.00     13.14     12.95     0.00     0.00   0.00   0.00    0.16    0.29   0.00     4.00     9.89   0.21 100.00

2021년 10월 04일 20시 26분 20초
avg-cpu:  %user   %nice %system %iowait  %steal   %idle
           0.06    0.00    1.63    2.88    0.00   95.43

Device            r/s     w/s     rMB/s     wMB/s   rrqm/s   wrqm/s  %rrqm  %wrqm r_await w_await aqu-sz rareq-sz wareq-sz  svctm  %util
sdb           2944.00 1369.00     11.50     20.93     0.00  2457.00   0.00  64.22    0.16    0.39   0.18     4.00    15.66   0.23  97.60

2021년 10월 04일 20시 26분 21초
avg-cpu:  %user   %nice %system %iowait  %steal   %idle
           0.00    0.00    0.75    0.31    0.00   98.94

Device            r/s     w/s     rMB/s     wMB/s   rrqm/s   wrqm/s  %rrqm  %wrqm r_await w_await aqu-sz rareq-sz wareq-sz  svctm  %util
sdb           3408.00 1609.00     13.31     13.10     0.00     0.00   0.00   0.00    0.15    0.24   0.00     4.00     8.34   0.20 100.40

2021년 10월 04일 20시 26분 22초
avg-cpu:  %user   %nice %system %iowait  %steal   %idle
           0.13    0.00    0.63    0.31    0.00   98.94

Device            r/s     w/s     rMB/s     wMB/s   rrqm/s   wrqm/s  %rrqm  %wrqm r_await w_await aqu-sz rareq-sz wareq-sz  svctm  %util
sdb           3353.00 1667.00     13.10     12.91     0.00     0.00   0.00   0.00    0.15    0.24   0.00     4.00     7.93   0.20 100.00

2021년 10월 04일 20시 26분 23초
avg-cpu:  %user   %nice %system %iowait  %steal   %idle
           0.13    0.00    0.69    0.25    0.00   98.94

Device            r/s     w/s     rMB/s     wMB/s   rrqm/s   wrqm/s  %rrqm  %wrqm r_await w_await aqu-sz rareq-sz wareq-sz  svctm  %util
sdb           3271.00 1554.00     12.78     12.57     0.00     0.00   0.00   0.00    0.16    0.25   0.00     4.00     8.29   0.21 100.00

2021년 10월 04일 20시 26분 24초
avg-cpu:  %user   %nice %system %iowait  %steal   %idle
           0.00    0.00    0.50    0.31    0.00   99.18

Device            r/s     w/s     rMB/s     wMB/s   rrqm/s   wrqm/s  %rrqm  %wrqm r_await w_await aqu-sz rareq-sz wareq-sz  svctm  %util
sdb           3337.00 1680.00     13.04     12.86     0.00     0.00   0.00   0.00    0.15    0.24   0.00     4.00     7.84   0.20 100.00

2021년 10월 04일 20시 26분 25초
avg-cpu:  %user   %nice %system %iowait  %steal   %idle
           0.25    0.00    1.44    0.44    0.00   97.88

Device            r/s     w/s     rMB/s     wMB/s   rrqm/s   wrqm/s  %rrqm  %wrqm r_await w_await aqu-sz rareq-sz wareq-sz  svctm  %util
sdb           3040.00 1572.00     11.88     21.65     0.00  2555.00   0.00  61.91    0.16    0.34   0.16     4.00    14.10   0.22 100.00

2021년 10월 04일 20시 26분 26초
avg-cpu:  %user   %nice %system %iowait  %steal   %idle
           0.06    0.00    0.82    0.25    0.00   98.87

Device            r/s     w/s     rMB/s     wMB/s   rrqm/s   wrqm/s  %rrqm  %wrqm r_await w_await aqu-sz rareq-sz wareq-sz  svctm  %util
sdb           3287.00 1564.00     12.84     12.67     0.00     0.00   0.00   0.00    0.15    0.24   0.00     4.00     8.30   0.21 100.00

2021년 10월 04일 20시 26분 27초
avg-cpu:  %user   %nice %system %iowait  %steal   %idle
           0.13    0.00    0.69    0.31    0.00   98.87

Device            r/s     w/s     rMB/s     wMB/s   rrqm/s   wrqm/s  %rrqm  %wrqm r_await w_await aqu-sz rareq-sz wareq-sz  svctm  %util
sdb           3357.00 1493.00     13.11     12.93     0.00     0.00   0.00   0.00    0.15    0.26   0.00     4.00     8.87   0.21 100.00

2021년 10월 04일 20시 26분 28초
avg-cpu:  %user   %nice %system %iowait  %steal   %idle
           0.13    0.00    0.88    0.38    0.00   98.62

Device            r/s     w/s     rMB/s     wMB/s   rrqm/s   wrqm/s  %rrqm  %wrqm r_await w_await aqu-sz rareq-sz wareq-sz  svctm  %util
sdb           3197.00 1389.00     12.49     12.31     0.00     0.00   0.00   0.00    0.16    0.29   0.02     4.00     9.08   0.21  98.00

2021년 10월 04일 20시 26분 29초
avg-cpu:  %user   %nice %system %iowait  %steal   %idle
           0.06    0.00    0.94    0.31    0.00   98.69

Device            r/s     w/s     rMB/s     wMB/s   rrqm/s   wrqm/s  %rrqm  %wrqm r_await w_await aqu-sz rareq-sz wareq-sz  svctm  %util
sdb           3250.00 1525.00     12.70     12.50     0.00     0.00   0.00   0.00    0.16    0.25   0.00     4.00     8.39   0.21 100.00

2021년 10월 04일 20시 26분 30초
avg-cpu:  %user   %nice %system %iowait  %steal   %idle
           0.06    0.00    0.75    1.31    0.00   97.87

Device            r/s     w/s     rMB/s     wMB/s   rrqm/s   wrqm/s  %rrqm  %wrqm r_await w_await aqu-sz rareq-sz wareq-sz  svctm  %util
sdb           3313.00 1554.00     12.94     22.55     0.00  2490.00   0.00  61.57    0.16    0.35   0.13     4.00    14.86   0.21 100.00

2021년 10월 04일 20시 26분 31초
avg-cpu:  %user   %nice %system %iowait  %steal   %idle
           0.00    0.00    0.81    5.38    0.00   93.80

Device            r/s     w/s     rMB/s     wMB/s   rrqm/s   wrqm/s  %rrqm  %wrqm r_await w_await aqu-sz rareq-sz wareq-sz  svctm  %util
sdb           3416.00 1795.00     13.34     13.08     0.00     0.00   0.00   0.00    0.15    0.21   0.00     4.00     7.46   0.19 100.00

2021년 10월 04일 20시 26분 32초
avg-cpu:  %user   %nice %system %iowait  %steal   %idle
           0.06    0.00    1.45    4.34    0.00   94.15

Device            r/s     w/s     rMB/s     wMB/s   rrqm/s   wrqm/s  %rrqm  %wrqm r_await w_await aqu-sz rareq-sz wareq-sz  svctm  %util
sdb           3033.00 1424.00     11.85     11.67     0.00     0.00   0.00   0.00    0.15    0.23   0.00     4.00     8.39   0.22 100.00

2021년 10월 04일 20시 26분 33초
avg-cpu:  %user   %nice %system %iowait  %steal   %idle
           0.06    0.00    0.63    0.31    0.00   99.00

Device            r/s     w/s     rMB/s     wMB/s   rrqm/s   wrqm/s  %rrqm  %wrqm r_await w_await aqu-sz rareq-sz wareq-sz  svctm  %util
sdb           3351.00 1425.00     13.09     12.84     0.00     0.00   0.00   0.00    0.15    0.27   0.00     4.00     9.23   0.21 100.00

2021년 10월 04일 20시 26분 34초
avg-cpu:  %user   %nice %system %iowait  %steal   %idle
           0.06    0.00    0.69    0.31    0.00   98.93

Device            r/s     w/s     rMB/s     wMB/s   rrqm/s   wrqm/s  %rrqm  %wrqm r_await w_await aqu-sz rareq-sz wareq-sz  svctm  %util
sdb           3401.00 1473.00     13.29     13.08     0.00     0.00   0.00   0.00    0.15    0.27   0.00     4.00     9.09   0.21 100.00

2021년 10월 04일 20시 26분 35초
avg-cpu:  %user   %nice %system %iowait  %steal   %idle
           0.13    0.00    1.00    0.56    0.00   98.31

Device            r/s     w/s     rMB/s     wMB/s   rrqm/s   wrqm/s  %rrqm  %wrqm r_await w_await aqu-sz rareq-sz wareq-sz  svctm  %util
sdb           3038.00 1567.00     11.87     42.79     0.00  7790.00   0.00  83.25    0.17    0.76   0.51     4.00    27.96   0.22 100.00

2021년 10월 04일 20시 26분 36초
avg-cpu:  %user   %nice %system %iowait  %steal   %idle
           0.00    0.00    0.69    0.50    0.00   98.81

Device            r/s     w/s     rMB/s     wMB/s   rrqm/s   wrqm/s  %rrqm  %wrqm r_await w_await aqu-sz rareq-sz wareq-sz  svctm  %util
sdb           3276.00 1397.00     12.80     12.64     0.00     0.00   0.00   0.00    0.15    0.30   0.02     4.00     9.26   0.21  98.00

2021년 10월 04일 20시 26분 37초
avg-cpu:  %user   %nice %system %iowait  %steal   %idle
           0.13    0.00    0.75    0.25    0.00   98.87

Device            r/s     w/s     rMB/s     wMB/s   rrqm/s   wrqm/s  %rrqm  %wrqm r_await w_await aqu-sz rareq-sz wareq-sz  svctm  %util
sdb           3330.00 1496.00     13.01     12.86     0.00     0.00   0.00   0.00    0.15    0.27   0.00     4.00     8.80   0.21 100.00

2021년 10월 04일 20시 26분 38초
avg-cpu:  %user   %nice %system %iowait  %steal   %idle
           0.00    0.00    0.81    0.25    0.00   98.94

Device            r/s     w/s     rMB/s     wMB/s   rrqm/s   wrqm/s  %rrqm  %wrqm r_await w_await aqu-sz rareq-sz wareq-sz  svctm  %util
sdb           3375.00 1597.00     13.18     12.98     0.00     0.00   0.00   0.00    0.15    0.25   0.00     4.00     8.33   0.20 100.00

2021년 10월 04일 20시 26분 39초
avg-cpu:  %user   %nice %system %iowait  %steal   %idle
           0.19    0.00    0.94    0.69    0.00   98.19

Device            r/s     w/s     rMB/s     wMB/s   rrqm/s   wrqm/s  %rrqm  %wrqm r_await w_await aqu-sz rareq-sz wareq-sz  svctm  %util
sdb           3372.00 1398.00     13.17     12.96     0.00     0.00   0.00   0.00    0.15    0.28   0.00     4.00     9.49   0.21 100.00

2021년 10월 04일 20시 26분 40초
avg-cpu:  %user   %nice %system %iowait  %steal   %idle
           0.06    0.00    1.19    5.01    0.00   93.74

Device            r/s     w/s     rMB/s     wMB/s   rrqm/s   wrqm/s  %rrqm  %wrqm r_await w_await aqu-sz rareq-sz wareq-sz  svctm  %util
sdb           3231.00 1295.00     12.62     22.32     0.00  2522.00   0.00  66.07    0.16    0.41   0.14     4.00    17.65   0.22 100.00

2021년 10월 04일 20시 26분 41초
avg-cpu:  %user   %nice %system %iowait  %steal   %idle
           0.00    0.00    2.26    3.95    0.00   93.80

Device            r/s     w/s     rMB/s     wMB/s   rrqm/s   wrqm/s  %rrqm  %wrqm r_await w_await aqu-sz rareq-sz wareq-sz  svctm  %util
sdb           3033.00 1277.00     11.85     11.71     0.00     0.00   0.00   0.00    0.15    0.24   0.00     4.00     9.39   0.23 100.00

2021년 10월 04일 20시 26분 42초
avg-cpu:  %user   %nice %system %iowait  %steal   %idle
           0.19    0.00    2.37    4.05    0.00   93.39

Device            r/s     w/s     rMB/s     wMB/s   rrqm/s   wrqm/s  %rrqm  %wrqm r_await w_await aqu-sz rareq-sz wareq-sz  svctm  %util
sdb           3004.00 1212.00     11.73     11.52     0.00     0.00   0.00   0.00    0.15    0.25   0.00     4.00     9.74   0.24 100.00

2021년 10월 04일 20시 26분 43초
avg-cpu:  %user   %nice %system %iowait  %steal   %idle
           0.19    0.00    2.32    2.94    0.00   94.56

Device            r/s     w/s     rMB/s     wMB/s   rrqm/s   wrqm/s  %rrqm  %wrqm r_await w_await aqu-sz rareq-sz wareq-sz  svctm  %util
sdb           2947.00 1224.00     11.51     11.38     0.00     0.00   0.00   0.00    0.15    0.25   0.00     4.00     9.52   0.24 100.00

2021년 10월 04일 20시 26분 44초
avg-cpu:  %user   %nice %system %iowait  %steal   %idle
           0.00    0.00    0.44    0.38    0.00   99.18

Device            r/s     w/s     rMB/s     wMB/s   rrqm/s   wrqm/s  %rrqm  %wrqm r_await w_await aqu-sz rareq-sz wareq-sz  svctm  %util
sdb           3423.00 1424.00     13.37     13.16     0.00     0.00   0.00   0.00    0.15    0.27   0.00     4.00     9.46   0.21 100.00

2021년 10월 04일 20시 26분 45초
avg-cpu:  %user   %nice %system %iowait  %steal   %idle
           0.00    0.00    0.94    0.38    0.00   98.68

Device            r/s     w/s     rMB/s     wMB/s   rrqm/s   wrqm/s  %rrqm  %wrqm r_await w_await aqu-sz rareq-sz wareq-sz  svctm  %util
sdb           3157.00 1550.00     12.33     21.57     0.00  2395.00   0.00  60.71    0.16    0.38   0.19     4.00    14.25   0.21  99.60

2021년 10월 04일 20시 26분 46초
avg-cpu:  %user   %nice %system %iowait  %steal   %idle
           0.13    0.00    0.69    0.31    0.00   98.87

Device            r/s     w/s     rMB/s     wMB/s   rrqm/s   wrqm/s  %rrqm  %wrqm r_await w_await aqu-sz rareq-sz wareq-sz  svctm  %util
sdb           3352.00 1616.00     13.09     12.92     0.00     0.00   0.00   0.00    0.15    0.25   0.00     4.00     8.19   0.20 100.00

2021년 10월 04일 20시 26분 47초
avg-cpu:  %user   %nice %system %iowait  %steal   %idle
           0.06    0.00    0.75    0.38    0.00   98.81

Device            r/s     w/s     rMB/s     wMB/s   rrqm/s   wrqm/s  %rrqm  %wrqm r_await w_await aqu-sz rareq-sz wareq-sz  svctm  %util
sdb           3411.00 1426.00     13.32     13.10     0.00     0.00   0.00   0.00    0.15    0.28   0.00     4.00     9.41   0.21 100.00

2021년 10월 04일 20시 26분 48초
avg-cpu:  %user   %nice %system %iowait  %steal   %idle
           0.00    0.00    0.69    0.25    0.00   99.06

Device            r/s     w/s     rMB/s     wMB/s   rrqm/s   wrqm/s  %rrqm  %wrqm r_await w_await aqu-sz rareq-sz wareq-sz  svctm  %util
sdb           3464.00 1414.00     13.53     13.30     0.00     0.00   0.00   0.00    0.15    0.27   0.00     4.00     9.63   0.21 100.00

2021년 10월 04일 20시 26분 49초
avg-cpu:  %user   %nice %system %iowait  %steal   %idle
           0.06    0.00    0.44    0.38    0.00   99.12

Device            r/s     w/s     rMB/s     wMB/s   rrqm/s   wrqm/s  %rrqm  %wrqm r_await w_await aqu-sz rareq-sz wareq-sz  svctm  %util
sdb           3408.00 1344.00     13.31     13.11     0.00     0.00   0.00   0.00    0.16    0.29   0.00     4.00     9.99   0.21 100.00

2021년 10월 04일 20시 26분 50초
avg-cpu:  %user   %nice %system %iowait  %steal   %idle
           0.00    0.00    0.88    1.63    0.00   97.49

Device            r/s     w/s     rMB/s     wMB/s   rrqm/s   wrqm/s  %rrqm  %wrqm r_await w_await aqu-sz rareq-sz wareq-sz  svctm  %util
sdb           3299.00 1419.00     12.89     22.61     0.00  2527.00   0.00  64.04    0.16    0.38   0.15     4.00    16.32   0.21 100.00

2021년 10월 04일 20시 26분 51초
avg-cpu:  %user   %nice %system %iowait  %steal   %idle
           0.13    0.00    2.19    3.76    0.00   93.93

Device            r/s     w/s     rMB/s     wMB/s   rrqm/s   wrqm/s  %rrqm  %wrqm r_await w_await aqu-sz rareq-sz wareq-sz  svctm  %util
sdb           2981.00 1321.00     11.64     11.43     0.00     0.00   0.00   0.00    0.15    0.23   0.00     4.00     8.86   0.23 100.00

2021년 10월 04일 20시 26분 52초
avg-cpu:  %user   %nice %system %iowait  %steal   %idle
           0.19    0.00    0.88    0.25    0.00   98.69

Device            r/s     w/s     rMB/s     wMB/s   rrqm/s   wrqm/s  %rrqm  %wrqm r_await w_await aqu-sz rareq-sz wareq-sz  svctm  %util
sdb           3407.00 1654.00     13.31     13.08     0.00     0.00   0.00   0.00    0.15    0.23   0.00     4.00     8.10   0.20 100.00

2021년 10월 04일 20시 26분 53초
avg-cpu:  %user   %nice %system %iowait  %steal   %idle
           0.06    0.00    1.00    0.31    0.00   98.62

Device            r/s     w/s     rMB/s     wMB/s   rrqm/s   wrqm/s  %rrqm  %wrqm r_await w_await aqu-sz rareq-sz wareq-sz  svctm  %util
sdb           3381.00 1478.00     13.21     12.93     0.00     0.00   0.00   0.00    0.16    0.24   0.00     4.00     8.96   0.21 100.00

2021년 10월 04일 20시 26분 54초
avg-cpu:  %user   %nice %system %iowait  %steal   %idle
           0.00    0.00    1.06    0.38    0.00   98.56

Device            r/s     w/s     rMB/s     wMB/s   rrqm/s   wrqm/s  %rrqm  %wrqm r_await w_await aqu-sz rareq-sz wareq-sz  svctm  %util
sdb           3212.00 1486.00     12.55     12.38     0.00     0.00   0.00   0.00    0.16    0.26   0.02     4.00     8.53   0.21  98.40

2021년 10월 04일 20시 26분 55초
avg-cpu:  %user   %nice %system %iowait  %steal   %idle
           0.00    0.00    0.82    0.38    0.00   98.81

Device            r/s     w/s     rMB/s     wMB/s   rrqm/s   wrqm/s  %rrqm  %wrqm r_await w_await aqu-sz rareq-sz wareq-sz  svctm  %util
sdb           3208.00 1615.00     12.53     21.91     0.00  2439.00   0.00  60.16    0.15    0.34   0.14     4.00    13.89   0.21 100.00

2021년 10월 04일 20시 26분 56초
avg-cpu:  %user   %nice %system %iowait  %steal   %idle
           0.13    0.00    0.44    0.38    0.00   99.06

Device            r/s     w/s     rMB/s     wMB/s   rrqm/s   wrqm/s  %rrqm  %wrqm r_await w_await aqu-sz rareq-sz wareq-sz  svctm  %util
sdb           3402.00 1467.00     13.29     13.03     0.00     0.00   0.00   0.00    0.15    0.26   0.00     4.00     9.09   0.21 100.00

2021년 10월 04일 20시 26분 57초
avg-cpu:  %user   %nice %system %iowait  %steal   %idle
           0.06    0.00    0.50    0.13    0.00   99.31

Device            r/s     w/s     rMB/s     wMB/s   rrqm/s   wrqm/s  %rrqm  %wrqm r_await w_await aqu-sz rareq-sz wareq-sz  svctm  %util
sdb           1952.00  828.00      7.62      7.55     0.00     0.00   0.00   0.00    0.16    0.26   0.00     4.00     9.33   0.20  56.40

2021년 10월 04일 20시 26분 58초
avg-cpu:  %user   %nice %system %iowait  %steal   %idle
           0.00    0.00    0.06    0.00    0.00   99.94

Device            r/s     w/s     rMB/s     wMB/s   rrqm/s   wrqm/s  %rrqm  %wrqm r_await w_await aqu-sz rareq-sz wareq-sz  svctm  %util
sdb              0.00    0.00      0.00      0.00     0.00     0.00   0.00   0.00    0.00    0.00   0.00     0.00     0.00   0.00   0.00

2021년 10월 04일 20시 26분 59초
avg-cpu:  %user   %nice %system %iowait  %steal   %idle
           0.06    0.00    0.06    0.00    0.00   99.88

Device            r/s     w/s     rMB/s     wMB/s   rrqm/s   wrqm/s  %rrqm  %wrqm r_await w_await aqu-sz rareq-sz wareq-sz  svctm  %util
sdb              0.00    0.00      0.00      0.00     0.00     0.00   0.00   0.00    0.00    0.00   0.00     0.00     0.00   0.00   0.00

2021년 10월 04일 20시 27분 00초
avg-cpu:  %user   %nice %system %iowait  %steal   %idle
           0.00    0.00    0.06    0.00    0.00   99.94

Device            r/s     w/s     rMB/s     wMB/s   rrqm/s   wrqm/s  %rrqm  %wrqm r_await w_await aqu-sz rareq-sz wareq-sz  svctm  %util
sdb              0.00    0.00      0.00      0.00     0.00     0.00   0.00   0.00    0.00    0.00   0.00     0.00     0.00   0.00   0.00

