Linux 5.5.8test (syslab-desk) 	2021년 10월 04일 	_x86_64_	(16 CPU)

2021년 10월 04일 21시 33분 57초
avg-cpu:  %user   %nice %system %iowait  %steal   %idle
           2.54    0.00    1.80    4.76    0.00   90.90

Device            r/s     w/s     rMB/s     wMB/s   rrqm/s   wrqm/s  %rrqm  %wrqm r_await w_await aqu-sz rareq-sz wareq-sz  svctm  %util
sdb            125.59  469.38      0.68     14.90    47.98   670.26  27.64  58.81    0.37    1.47   0.18     5.58    32.50   0.12   6.95

2021년 10월 04일 21시 33분 58초
avg-cpu:  %user   %nice %system %iowait  %steal   %idle
           0.06    0.00    0.06    0.00    0.00   99.88

Device            r/s     w/s     rMB/s     wMB/s   rrqm/s   wrqm/s  %rrqm  %wrqm r_await w_await aqu-sz rareq-sz wareq-sz  svctm  %util
sdb              0.00    0.00      0.00      0.00     0.00     0.00   0.00   0.00    0.00    0.00   0.00     0.00     0.00   0.00   0.00

2021년 10월 04일 21시 33분 59초
avg-cpu:  %user   %nice %system %iowait  %steal   %idle
           0.00    0.00    0.00    0.00    0.00  100.00

Device            r/s     w/s     rMB/s     wMB/s   rrqm/s   wrqm/s  %rrqm  %wrqm r_await w_await aqu-sz rareq-sz wareq-sz  svctm  %util
sdb              0.00    0.00      0.00      0.00     0.00     0.00   0.00   0.00    0.00    0.00   0.00     0.00     0.00   0.00   0.00

2021년 10월 04일 21시 34분 00초
avg-cpu:  %user   %nice %system %iowait  %steal   %idle
           0.25    0.00    3.43    0.19    0.00   96.13

Device            r/s     w/s     rMB/s     wMB/s   rrqm/s   wrqm/s  %rrqm  %wrqm r_await w_await aqu-sz rareq-sz wareq-sz  svctm  %util
sdb           2418.00 2351.00     28.76      7.32  4796.00     2.00  66.48   0.08    0.29    0.31   0.00    12.18     3.19   0.14  64.80

2021년 10월 04일 21시 34분 01초
avg-cpu:  %user   %nice %system %iowait  %steal   %idle
           0.38    0.00    4.76    0.56    0.00   94.30

Device            r/s     w/s     rMB/s     wMB/s   rrqm/s   wrqm/s  %rrqm  %wrqm r_await w_await aqu-sz rareq-sz wareq-sz  svctm  %util
sdb           5595.00 7988.00     25.28     24.80   876.00     0.00  13.54   0.00    0.32    0.36   0.00     4.63     3.18   0.07 100.00

2021년 10월 04일 21시 34분 02초
avg-cpu:  %user   %nice %system %iowait  %steal   %idle
           0.19    0.00    4.65    0.56    0.00   94.60

Device            r/s     w/s     rMB/s     wMB/s   rrqm/s   wrqm/s  %rrqm  %wrqm r_await w_await aqu-sz rareq-sz wareq-sz  svctm  %util
sdb           5826.00 8119.00     25.64     25.07   737.00     0.00  11.23   0.00    0.31    0.36   0.00     4.51     3.16   0.07 100.00

2021년 10월 04일 21시 34분 03초
avg-cpu:  %user   %nice %system %iowait  %steal   %idle
           0.25    0.00    5.01    0.56    0.00   94.18

Device            r/s     w/s     rMB/s     wMB/s   rrqm/s   wrqm/s  %rrqm  %wrqm r_await w_await aqu-sz rareq-sz wareq-sz  svctm  %util
sdb           5355.00 7609.00     23.95     23.48   776.00     0.00  12.66   0.00    0.34    0.36   0.00     4.58     3.16   0.08 100.00

2021년 10월 04일 21시 34분 04초
avg-cpu:  %user   %nice %system %iowait  %steal   %idle
           0.31    0.00    4.46    0.82    0.00   94.41

Device            r/s     w/s     rMB/s     wMB/s   rrqm/s   wrqm/s  %rrqm  %wrqm r_await w_await aqu-sz rareq-sz wareq-sz  svctm  %util
sdb           5268.00 7606.00     23.86     23.41   840.00     0.00  13.75   0.00    0.33    0.36   0.04     4.64     3.15   0.08  98.40

2021년 10월 04일 21시 34분 05초
avg-cpu:  %user   %nice %system %iowait  %steal   %idle
           0.38    0.00    4.33    0.82    0.00   94.47

Device            r/s     w/s     rMB/s     wMB/s   rrqm/s   wrqm/s  %rrqm  %wrqm r_await w_await aqu-sz rareq-sz wareq-sz  svctm  %util
sdb           5305.00 7572.00     23.81     37.51   790.00  3613.00  12.96  32.30    0.35    0.39   0.38     4.60     5.07   0.08 100.00

2021년 10월 04일 21시 34분 06초
avg-cpu:  %user   %nice %system %iowait  %steal   %idle
           0.37    0.00    5.55    0.62    0.00   93.45

Device            r/s     w/s     rMB/s     wMB/s   rrqm/s   wrqm/s  %rrqm  %wrqm r_await w_await aqu-sz rareq-sz wareq-sz  svctm  %util
sdb           5133.00 7282.00     22.97     22.28   748.00     0.00  12.72   0.00    0.34    0.38   0.00     4.58     3.13   0.08 100.00

2021년 10월 04일 21시 34분 07초
avg-cpu:  %user   %nice %system %iowait  %steal   %idle
           0.06    0.00    2.94    0.56    0.00   96.43

Device            r/s     w/s     rMB/s     wMB/s   rrqm/s   wrqm/s  %rrqm  %wrqm r_await w_await aqu-sz rareq-sz wareq-sz  svctm  %util
sdb           7196.00 9925.00     30.87     30.30   707.00     0.00   8.95   0.00    0.26    0.33   0.00     4.39     3.13   0.06 100.00

2021년 10월 04일 21시 34분 08초
avg-cpu:  %user   %nice %system %iowait  %steal   %idle
           0.13    0.00    2.39    0.88    0.00   96.61

Device            r/s     w/s     rMB/s     wMB/s   rrqm/s   wrqm/s  %rrqm  %wrqm r_await w_await aqu-sz rareq-sz wareq-sz  svctm  %util
sdb           7181.00 9849.00     30.70     30.15   681.00     0.00   8.66   0.00    0.25    0.35   0.04     4.38     3.13   0.06  98.40

2021년 10월 04일 21시 34분 09초
avg-cpu:  %user   %nice %system %iowait  %steal   %idle
           0.19    0.00    5.06    0.56    0.00   94.19

Device            r/s     w/s     rMB/s     wMB/s   rrqm/s   wrqm/s  %rrqm  %wrqm r_await w_await aqu-sz rareq-sz wareq-sz  svctm  %util
sdb           5640.00 7955.00     25.22     24.74   814.00     0.00  12.61   0.00    0.33    0.36   0.00     4.58     3.18   0.07 100.00

2021년 10월 04일 21시 34분 10초
avg-cpu:  %user   %nice %system %iowait  %steal   %idle
           0.37    0.00    5.47    0.81    0.00   93.35

Device            r/s     w/s     rMB/s     wMB/s   rrqm/s   wrqm/s  %rrqm  %wrqm r_await w_await aqu-sz rareq-sz wareq-sz  svctm  %util
sdb           5223.00 7507.00     23.29     37.46   739.00  3722.00  12.40  33.15    0.34    0.40   0.37     4.57     5.11   0.08 100.00

2021년 10월 04일 21시 34분 11초
avg-cpu:  %user   %nice %system %iowait  %steal   %idle
           0.31    0.00    5.04    0.62    0.00   94.03

Device            r/s     w/s     rMB/s     wMB/s   rrqm/s   wrqm/s  %rrqm  %wrqm r_await w_await aqu-sz rareq-sz wareq-sz  svctm  %util
sdb           5776.00 8099.00     24.87     24.35   590.00     0.00   9.27   0.00    0.31    0.35   0.00     4.41     3.08   0.07 100.00

2021년 10월 04일 21시 34분 12초
avg-cpu:  %user   %nice %system %iowait  %steal   %idle
           0.06    0.00    2.12    0.81    0.00   97.01

Device            r/s     w/s     rMB/s     wMB/s   rrqm/s   wrqm/s  %rrqm  %wrqm r_await w_await aqu-sz rareq-sz wareq-sz  svctm  %util
sdb           7907.00 11094.00     33.46     32.83   658.00     0.00   7.68   0.00    0.22    0.32   0.00     4.33     3.03   0.05 100.00

2021년 10월 04일 21시 34분 13초
avg-cpu:  %user   %nice %system %iowait  %steal   %idle
           0.19    0.00    2.70    0.94    0.00   96.17

Device            r/s     w/s     rMB/s     wMB/s   rrqm/s   wrqm/s  %rrqm  %wrqm r_await w_await aqu-sz rareq-sz wareq-sz  svctm  %util
sdb           6781.00 9238.00     28.93     28.45   626.00     0.00   8.45   0.00    0.27    0.35   0.04     4.37     3.15   0.06  98.40

2021년 10월 04일 21시 34분 14초
avg-cpu:  %user   %nice %system %iowait  %steal   %idle
           0.12    0.00    1.93    0.75    0.00   97.20

Device            r/s     w/s     rMB/s     wMB/s   rrqm/s   wrqm/s  %rrqm  %wrqm r_await w_await aqu-sz rareq-sz wareq-sz  svctm  %util
sdb           8031.00 10879.00     33.75     33.11   608.00     0.00   7.04   0.00    0.22    0.34   0.00     4.30     3.12   0.05 100.00

2021년 10월 04일 21시 34분 15초
avg-cpu:  %user   %nice %system %iowait  %steal   %idle
           0.13    0.00    2.31    1.00    0.00   96.56

Device            r/s     w/s     rMB/s     wMB/s   rrqm/s   wrqm/s  %rrqm  %wrqm r_await w_await aqu-sz rareq-sz wareq-sz  svctm  %util
sdb           7456.00 10094.00     31.68     46.84   655.00  3979.00   8.08  28.27    0.24    0.40   0.48     4.35     4.75   0.06 100.00

2021년 10월 04일 21시 34분 16초
avg-cpu:  %user   %nice %system %iowait  %steal   %idle
           0.31    0.00    4.95    0.56    0.00   94.17

Device            r/s     w/s     rMB/s     wMB/s   rrqm/s   wrqm/s  %rrqm  %wrqm r_await w_await aqu-sz rareq-sz wareq-sz  svctm  %util
sdb           5230.00 7407.00     23.38     22.88   756.00     0.00  12.63   0.00    0.33    0.36   0.00     4.58     3.16   0.08 100.00

2021년 10월 04일 21시 34분 17초
avg-cpu:  %user   %nice %system %iowait  %steal   %idle
           0.25    0.00    4.82    0.69    0.00   94.24

Device            r/s     w/s     rMB/s     wMB/s   rrqm/s   wrqm/s  %rrqm  %wrqm r_await w_await aqu-sz rareq-sz wareq-sz  svctm  %util
sdb           5221.00 7562.00     23.59     23.14   816.00     0.00  13.52   0.00    0.34    0.36   0.03     4.63     3.13   0.08  98.40

2021년 10월 04일 21시 34분 18초
avg-cpu:  %user   %nice %system %iowait  %steal   %idle
           0.25    0.00    4.16    0.57    0.00   95.02

Device            r/s     w/s     rMB/s     wMB/s   rrqm/s   wrqm/s  %rrqm  %wrqm r_await w_await aqu-sz rareq-sz wareq-sz  svctm  %util
sdb           5275.00 7585.00     23.61     23.09   772.00     0.00  12.77   0.00    0.33    0.39   0.00     4.58     3.12   0.08 100.00

2021년 10월 04일 21시 34분 19초
avg-cpu:  %user   %nice %system %iowait  %steal   %idle
           0.25    0.00    6.01    0.68    0.00   93.07

Device            r/s     w/s     rMB/s     wMB/s   rrqm/s   wrqm/s  %rrqm  %wrqm r_await w_await aqu-sz rareq-sz wareq-sz  svctm  %util
sdb           5644.00 8039.00     25.27     24.70   821.00     0.00  12.70   0.00    0.32    0.37   0.00     4.58     3.15   0.07 100.00

2021년 10월 04일 21시 34분 20초
avg-cpu:  %user   %nice %system %iowait  %steal   %idle
           0.25    0.00    6.83    0.80    0.00   92.12

Device            r/s     w/s     rMB/s     wMB/s   rrqm/s   wrqm/s  %rrqm  %wrqm r_await w_await aqu-sz rareq-sz wareq-sz  svctm  %util
sdb           4989.00 7253.00     22.62     36.04   808.00  3517.00  13.94  32.66    0.38    0.43   0.59     4.64     5.09   0.08 100.00

2021년 10월 04일 21시 34분 21초
avg-cpu:  %user   %nice %system %iowait  %steal   %idle
           0.19    0.00    5.24    0.62    0.00   93.95

Device            r/s     w/s     rMB/s     wMB/s   rrqm/s   wrqm/s  %rrqm  %wrqm r_await w_await aqu-sz rareq-sz wareq-sz  svctm  %util
sdb           5403.00 7682.00     24.07     23.68   753.00     0.00  12.23   0.00    0.33    0.36   0.00     4.56     3.16   0.08 100.00

2021년 10월 04일 21시 34분 22초
avg-cpu:  %user   %nice %system %iowait  %steal   %idle
           0.06    0.00    1.88    0.94    0.00   97.12

Device            r/s     w/s     rMB/s     wMB/s   rrqm/s   wrqm/s  %rrqm  %wrqm r_await w_await aqu-sz rareq-sz wareq-sz  svctm  %util
sdb           7687.00 10346.00     32.28     31.61   578.00     0.00   6.99   0.00    0.23    0.34   0.08     4.30     3.13   0.05  98.00

2021년 10월 04일 21시 34분 23초
avg-cpu:  %user   %nice %system %iowait  %steal   %idle
           0.06    0.00    1.93    0.81    0.00   97.19

Device            r/s     w/s     rMB/s     wMB/s   rrqm/s   wrqm/s  %rrqm  %wrqm r_await w_await aqu-sz rareq-sz wareq-sz  svctm  %util
sdb           8528.00 11324.00     35.32     34.76   512.00     0.00   5.66   0.00    0.22    0.33   0.00     4.24     3.14   0.05 100.00

2021년 10월 04일 21시 34분 24초
avg-cpu:  %user   %nice %system %iowait  %steal   %idle
           0.12    0.00    1.99    0.75    0.00   97.14

Device            r/s     w/s     rMB/s     wMB/s   rrqm/s   wrqm/s  %rrqm  %wrqm r_await w_await aqu-sz rareq-sz wareq-sz  svctm  %util
sdb           8168.00 10851.00     34.23     33.68   595.00     0.00   6.79   0.00    0.22    0.35   0.00     4.29     3.18   0.05 100.00

2021년 10월 04일 21시 34분 25초
avg-cpu:  %user   %nice %system %iowait  %steal   %idle
           0.06    0.00    1.69    0.94    0.00   97.31

Device            r/s     w/s     rMB/s     wMB/s   rrqm/s   wrqm/s  %rrqm  %wrqm r_await w_await aqu-sz rareq-sz wareq-sz  svctm  %util
sdb           7493.00 10104.00     31.25     46.72   510.00  4072.00   6.37  28.72    0.26    0.39   0.70     4.27     4.73   0.06  99.20

2021년 10월 04일 21시 34분 26초
avg-cpu:  %user   %nice %system %iowait  %steal   %idle
           0.25    0.00    5.22    0.62    0.00   93.91

Device            r/s     w/s     rMB/s     wMB/s   rrqm/s   wrqm/s  %rrqm  %wrqm r_await w_await aqu-sz rareq-sz wareq-sz  svctm  %util
sdb           5571.00 7944.00     25.12     24.68   857.00     0.00  13.33   0.00    0.33    0.38   0.00     4.62     3.18   0.07 100.00

2021년 10월 04일 21시 34분 27초
avg-cpu:  %user   %nice %system %iowait  %steal   %idle
           0.13    0.00    3.25    0.69    0.00   95.93

Device            r/s     w/s     rMB/s     wMB/s   rrqm/s   wrqm/s  %rrqm  %wrqm r_await w_await aqu-sz rareq-sz wareq-sz  svctm  %util
sdb           7142.00 9701.00     30.68     30.04   712.00     0.00   9.07   0.00    0.26    0.34   0.02     4.40     3.17   0.06  99.60

2021년 10월 04일 21시 34분 28초
avg-cpu:  %user   %nice %system %iowait  %steal   %idle
           0.25    0.00    4.75    0.62    0.00   94.38

Device            r/s     w/s     rMB/s     wMB/s   rrqm/s   wrqm/s  %rrqm  %wrqm r_await w_await aqu-sz rareq-sz wareq-sz  svctm  %util
sdb           5816.00 8083.00     25.88     25.36   810.00     0.00  12.22   0.00    0.33    0.39   0.00     4.56     3.21   0.07 100.00

2021년 10월 04일 21시 34분 29초
avg-cpu:  %user   %nice %system %iowait  %steal   %idle
           0.25    0.00    4.83    0.56    0.00   94.36

Device            r/s     w/s     rMB/s     wMB/s   rrqm/s   wrqm/s  %rrqm  %wrqm r_await w_await aqu-sz rareq-sz wareq-sz  svctm  %util
sdb           5486.00 7797.00     24.83     24.31   871.00     0.00  13.70   0.00    0.35    0.39   0.00     4.64     3.19   0.08 100.00

2021년 10월 04일 21시 34분 30초
avg-cpu:  %user   %nice %system %iowait  %steal   %idle
           0.25    0.00    4.39    1.13    0.00   94.23

Device            r/s     w/s     rMB/s     wMB/s   rrqm/s   wrqm/s  %rrqm  %wrqm r_await w_await aqu-sz rareq-sz wareq-sz  svctm  %util
sdb           5335.00 7565.00     23.84     38.05   769.00  3728.00  12.60  33.01    0.34    0.43   0.39     4.58     5.15   0.08  98.00

2021년 10월 04일 21시 34분 31초
avg-cpu:  %user   %nice %system %iowait  %steal   %idle
           0.13    0.00    4.05    0.82    0.00   95.00

Device            r/s     w/s     rMB/s     wMB/s   rrqm/s   wrqm/s  %rrqm  %wrqm r_await w_await aqu-sz rareq-sz wareq-sz  svctm  %util
sdb           4946.00 7640.00     22.47     41.20   807.00  4423.00  14.03  36.67    0.37    0.48   0.08     4.65     5.52   0.08 100.00

2021년 10월 04일 21시 34분 32초
avg-cpu:  %user   %nice %system %iowait  %steal   %idle
           0.12    0.00    1.88    0.81    0.00   97.19

Device            r/s     w/s     rMB/s     wMB/s   rrqm/s   wrqm/s  %rrqm  %wrqm r_await w_await aqu-sz rareq-sz wareq-sz  svctm  %util
sdb           7882.00 10637.00     33.40     32.83   668.00     0.00   7.81   0.00    0.23    0.36   0.00     4.34     3.16   0.05 100.00

2021년 10월 04일 21시 34분 33초
avg-cpu:  %user   %nice %system %iowait  %steal   %idle
           0.12    0.00    1.87    0.75    0.00   97.26

Device            r/s     w/s     rMB/s     wMB/s   rrqm/s   wrqm/s  %rrqm  %wrqm r_await w_await aqu-sz rareq-sz wareq-sz  svctm  %util
sdb           8584.00 11148.00     35.71     35.05   557.00     0.00   6.09   0.00    0.22    0.36   0.00     4.26     3.22   0.05 100.00

2021년 10월 04일 21시 34분 34초
avg-cpu:  %user   %nice %system %iowait  %steal   %idle
           0.25    0.00    4.19    0.94    0.00   94.62

Device            r/s     w/s     rMB/s     wMB/s   rrqm/s   wrqm/s  %rrqm  %wrqm r_await w_await aqu-sz rareq-sz wareq-sz  svctm  %util
sdb           5537.00 7764.00     24.38     23.94   703.00     0.00  11.27   0.00    0.32    0.37   0.04     4.51     3.16   0.07  98.40

2021년 10월 04일 21시 34분 35초
avg-cpu:  %user   %nice %system %iowait  %steal   %idle
           0.25    0.00    4.33    0.88    0.00   94.54

Device            r/s     w/s     rMB/s     wMB/s   rrqm/s   wrqm/s  %rrqm  %wrqm r_await w_await aqu-sz rareq-sz wareq-sz  svctm  %util
sdb           5041.00 7156.00     22.30     36.86   668.00  3825.00  11.70  34.83    0.35    0.41   0.43     4.53     5.27   0.08 100.00

2021년 10월 04일 21시 34분 36초
avg-cpu:  %user   %nice %system %iowait  %steal   %idle
           0.13    0.00    2.32    0.69    0.00   96.86

Device            r/s     w/s     rMB/s     wMB/s   rrqm/s   wrqm/s  %rrqm  %wrqm r_await w_await aqu-sz rareq-sz wareq-sz  svctm  %util
sdb           7446.00 10022.00     31.32     30.72   571.00     0.00   7.12   0.00    0.24    0.34   0.00     4.31     3.14   0.06 100.00

2021년 10월 04일 21시 34분 37초
avg-cpu:  %user   %nice %system %iowait  %steal   %idle
           0.00    0.00    1.44    0.69    0.00   97.87

Device            r/s     w/s     rMB/s     wMB/s   rrqm/s   wrqm/s  %rrqm  %wrqm r_await w_await aqu-sz rareq-sz wareq-sz  svctm  %util
sdb           8561.00 11373.00     35.73     35.19   586.00     0.00   6.41   0.00    0.22    0.33   0.00     4.27     3.17   0.05 100.00

2021년 10월 04일 21시 34분 38초
avg-cpu:  %user   %nice %system %iowait  %steal   %idle
           0.00    0.00    3.95    0.88    0.00   95.17

Device            r/s     w/s     rMB/s     wMB/s   rrqm/s   wrqm/s  %rrqm  %wrqm r_await w_await aqu-sz rareq-sz wareq-sz  svctm  %util
sdb           5944.00 8281.00     25.86     25.36   678.00     0.00  10.24   0.00    0.31    0.37   0.08     4.45     3.14   0.07  98.00

2021년 10월 04일 21시 34분 39초
avg-cpu:  %user   %nice %system %iowait  %steal   %idle
           0.44    0.00    4.99    0.62    0.00   93.95

Device            r/s     w/s     rMB/s     wMB/s   rrqm/s   wrqm/s  %rrqm  %wrqm r_await w_await aqu-sz rareq-sz wareq-sz  svctm  %util
sdb           5275.00 7624.00     23.71     23.16   794.00     0.00  13.08   0.00    0.33    0.38   0.00     4.60     3.11   0.08 100.00

2021년 10월 04일 21시 34분 40초
avg-cpu:  %user   %nice %system %iowait  %steal   %idle
           0.19    0.00    4.71    0.88    0.00   94.22

Device            r/s     w/s     rMB/s     wMB/s   rrqm/s   wrqm/s  %rrqm  %wrqm r_await w_await aqu-sz rareq-sz wareq-sz  svctm  %util
sdb           5003.00 7301.00     22.48     37.08   754.00  3842.00  13.10  34.48    0.34    0.41   0.42     4.60     5.20   0.08 100.40

2021년 10월 04일 21시 34분 41초
avg-cpu:  %user   %nice %system %iowait  %steal   %idle
           0.25    0.00    5.00    0.56    0.00   94.18

Device            r/s     w/s     rMB/s     wMB/s   rrqm/s   wrqm/s  %rrqm  %wrqm r_await w_await aqu-sz rareq-sz wareq-sz  svctm  %util
sdb           5227.00 7418.00     23.50     23.00   787.00     0.00  13.09   0.00    0.34    0.38   0.00     4.60     3.17   0.08  99.60

2021년 10월 04일 21시 34분 42초
avg-cpu:  %user   %nice %system %iowait  %steal   %idle
           0.13    0.00    4.52    0.63    0.00   94.72

Device            r/s     w/s     rMB/s     wMB/s   rrqm/s   wrqm/s  %rrqm  %wrqm r_await w_await aqu-sz rareq-sz wareq-sz  svctm  %util
sdb           5358.00 7658.00     23.82     23.37   739.00     0.00  12.12   0.00    0.33    0.36   0.00     4.55     3.12   0.08 100.40

2021년 10월 04일 21시 34분 43초
avg-cpu:  %user   %nice %system %iowait  %steal   %idle
           0.25    0.00    5.29    0.75    0.00   93.72

Device            r/s     w/s     rMB/s     wMB/s   rrqm/s   wrqm/s  %rrqm  %wrqm r_await w_await aqu-sz rareq-sz wareq-sz  svctm  %util
sdb           5475.00 7769.00     24.69     24.12   846.00     0.00  13.38   0.00    0.34    0.38   0.04     4.62     3.18   0.07  98.80

2021년 10월 04일 21시 34분 44초
avg-cpu:  %user   %nice %system %iowait  %steal   %idle
           0.12    0.00    0.31    0.06    0.00   99.50

Device            r/s     w/s     rMB/s     wMB/s   rrqm/s   wrqm/s  %rrqm  %wrqm r_await w_await aqu-sz rareq-sz wareq-sz  svctm  %util
sdb            212.00  293.00      0.90      0.88    19.00     0.00   8.23   0.00    0.30    0.34   0.00     4.36     3.06   0.08   4.00

2021년 10월 04일 21시 34분 45초
avg-cpu:  %user   %nice %system %iowait  %steal   %idle
           0.00    0.00    0.06    0.00    0.00   99.94

Device            r/s     w/s     rMB/s     wMB/s   rrqm/s   wrqm/s  %rrqm  %wrqm r_await w_await aqu-sz rareq-sz wareq-sz  svctm  %util
sdb              0.00    9.00      0.00      5.91     0.00  2785.00   0.00  99.68    0.00    6.00   0.03     0.00   672.00   2.22   2.00

2021년 10월 04일 21시 34분 46초
avg-cpu:  %user   %nice %system %iowait  %steal   %idle
           0.06    0.00    0.06    0.00    0.00   99.87

Device            r/s     w/s     rMB/s     wMB/s   rrqm/s   wrqm/s  %rrqm  %wrqm r_await w_await aqu-sz rareq-sz wareq-sz  svctm  %util
sdb              0.00    9.00      0.00      5.04     0.00     0.00   0.00   0.00    0.00   13.78   0.10     0.00   573.78   0.89   0.80

