Linux 5.5.8test (syslab-desk) 	2021년 10월 04일 	_x86_64_	(16 CPU)

2021년 10월 04일 21시 17분 08초
avg-cpu:  %user   %nice %system %iowait  %steal   %idle
           2.55    0.00    1.74    4.78    0.00   90.92

Device            r/s     w/s     rMB/s     wMB/s   rrqm/s   wrqm/s  %rrqm  %wrqm r_await w_await aqu-sz rareq-sz wareq-sz  svctm  %util
sdb            121.26  430.64      0.67     14.30    48.38   559.95  28.52  56.53    0.37    1.57   0.18     5.65    34.01   0.11   6.32

2021년 10월 04일 21시 17분 09초
avg-cpu:  %user   %nice %system %iowait  %steal   %idle
           0.00    0.00    0.31    0.00    0.00   99.69

Device            r/s     w/s     rMB/s     wMB/s   rrqm/s   wrqm/s  %rrqm  %wrqm r_await w_await aqu-sz rareq-sz wareq-sz  svctm  %util
sdb              0.00    0.00      0.00      0.00     0.00     0.00   0.00   0.00    0.00    0.00   0.00     0.00     0.00   0.00   0.00

2021년 10월 04일 21시 17분 10초
avg-cpu:  %user   %nice %system %iowait  %steal   %idle
           0.06    0.00    0.50    0.00    0.00   99.44

Device            r/s     w/s     rMB/s     wMB/s   rrqm/s   wrqm/s  %rrqm  %wrqm r_await w_await aqu-sz rareq-sz wareq-sz  svctm  %util
sdb              0.00    0.00      0.00      0.00     0.00     0.00   0.00   0.00    0.00    0.00   0.00     0.00     0.00   0.00   0.00

2021년 10월 04일 21시 17분 11초
avg-cpu:  %user   %nice %system %iowait  %steal   %idle
           0.06    0.00    0.19    0.00    0.00   99.75

Device            r/s     w/s     rMB/s     wMB/s   rrqm/s   wrqm/s  %rrqm  %wrqm r_await w_await aqu-sz rareq-sz wareq-sz  svctm  %util
sdb              0.00    0.00      0.00      0.00     0.00     0.00   0.00   0.00    0.00    0.00   0.00     0.00     0.00   0.00   0.00

2021년 10월 04일 21시 17분 12초
avg-cpu:  %user   %nice %system %iowait  %steal   %idle
           0.38    0.00    6.09    6.47    0.00   87.06

Device            r/s     w/s     rMB/s     wMB/s   rrqm/s   wrqm/s  %rrqm  %wrqm r_await w_await aqu-sz rareq-sz wareq-sz  svctm  %util
sdb           4610.00 2552.00     36.57     34.63  4599.00  6314.00  49.94  71.22    0.70    0.79   0.36     8.12    13.89   0.11  79.60

2021년 10월 04일 21시 17분 13초
avg-cpu:  %user   %nice %system %iowait  %steal   %idle
           0.52    0.00   12.57   12.89    0.00   74.02

Device            r/s     w/s     rMB/s     wMB/s   rrqm/s   wrqm/s  %rrqm  %wrqm r_await w_await aqu-sz rareq-sz wareq-sz  svctm  %util
sdb           8300.00 6631.00     32.42     78.97     0.00 14938.00   0.00  69.26    0.77    0.71   0.01     4.00    12.19   0.07 100.40

2021년 10월 04일 21시 17분 14초
avg-cpu:  %user   %nice %system %iowait  %steal   %idle
           0.51    0.00   13.20   12.95    0.00   73.34

Device            r/s     w/s     rMB/s     wMB/s   rrqm/s   wrqm/s  %rrqm  %wrqm r_await w_await aqu-sz rareq-sz wareq-sz  svctm  %util
sdb           8051.00 6692.00     31.45     77.01     0.00 14249.00   0.00  68.04    0.77    0.71   0.24     4.00    11.78   0.07  98.40

2021년 10월 04일 21시 17분 15초
avg-cpu:  %user   %nice %system %iowait  %steal   %idle
           0.44    0.00   14.22   12.21    0.00   73.13

Device            r/s     w/s     rMB/s     wMB/s   rrqm/s   wrqm/s  %rrqm  %wrqm r_await w_await aqu-sz rareq-sz wareq-sz  svctm  %util
sdb           8398.00 6563.00     32.80     79.17     0.00 14640.00   0.00  69.05    0.75    0.71   0.04     4.00    12.35   0.07  99.60

2021년 10월 04일 21시 17분 16초
avg-cpu:  %user   %nice %system %iowait  %steal   %idle
           0.62    0.00   14.62   13.63    0.00   71.12

Device            r/s     w/s     rMB/s     wMB/s   rrqm/s   wrqm/s  %rrqm  %wrqm r_await w_await aqu-sz rareq-sz wareq-sz  svctm  %util
sdb           7949.00 6516.00     31.05     75.75     0.00 13959.00   0.00  68.18    0.78    0.75   0.30     4.00    11.90   0.07  98.40

2021년 10월 04일 21시 17분 17초
avg-cpu:  %user   %nice %system %iowait  %steal   %idle
           0.70    0.00   12.80   13.19    0.00   73.30

Device            r/s     w/s     rMB/s     wMB/s   rrqm/s   wrqm/s  %rrqm  %wrqm r_await w_await aqu-sz rareq-sz wareq-sz  svctm  %util
sdb           8235.00 6779.00     32.17     78.30     0.00 14560.00   0.00  68.23    0.75    0.71   0.00     4.00    11.83   0.07  99.60

2021년 10월 04일 21시 17분 18초
avg-cpu:  %user   %nice %system %iowait  %steal   %idle
           0.51    0.00   13.18   13.89    0.00   72.41

Device            r/s     w/s     rMB/s     wMB/s   rrqm/s   wrqm/s  %rrqm  %wrqm r_await w_await aqu-sz rareq-sz wareq-sz  svctm  %util
sdb           7867.00 6801.00     30.73     77.81     0.00 14412.00   0.00  67.94    0.77    0.71   0.26     4.00    11.72   0.07  98.40

2021년 10월 04일 21시 17분 19초
avg-cpu:  %user   %nice %system %iowait  %steal   %idle
           0.64    0.00   12.40   12.46    0.00   74.50

Device            r/s     w/s     rMB/s     wMB/s   rrqm/s   wrqm/s  %rrqm  %wrqm r_await w_await aqu-sz rareq-sz wareq-sz  svctm  %util
sdb           8311.00 6660.00     32.46     79.04     0.00 14536.00   0.00  68.58    0.75    0.70   0.00     4.00    12.15   0.07 100.40

2021년 10월 04일 21시 17분 20초
avg-cpu:  %user   %nice %system %iowait  %steal   %idle
           0.64    0.00   12.91   13.04    0.00   73.42

Device            r/s     w/s     rMB/s     wMB/s   rrqm/s   wrqm/s  %rrqm  %wrqm r_await w_await aqu-sz rareq-sz wareq-sz  svctm  %util
sdb           7987.00 6639.00     31.20     77.35     0.00 14200.00   0.00  68.14    0.77    0.73   0.13     4.00    11.93   0.07  98.80

2021년 10월 04일 21시 17분 21초
avg-cpu:  %user   %nice %system %iowait  %steal   %idle
           0.64    0.00   13.47   12.76    0.00   73.13

Device            r/s     w/s     rMB/s     wMB/s   rrqm/s   wrqm/s  %rrqm  %wrqm r_await w_await aqu-sz rareq-sz wareq-sz  svctm  %util
sdb           7873.00 6912.00     30.75     77.30     0.00 14384.00   0.00  67.54    0.76    0.70   0.01     4.00    11.45   0.07 100.00

2021년 10월 04일 21시 17분 22초
avg-cpu:  %user   %nice %system %iowait  %steal   %idle
           0.58    0.00   10.40   13.52    0.00   75.50

Device            r/s     w/s     rMB/s     wMB/s   rrqm/s   wrqm/s  %rrqm  %wrqm r_await w_await aqu-sz rareq-sz wareq-sz  svctm  %util
sdb           8554.00 6145.00     33.41     79.03     0.00 14781.00   0.00  70.63    0.75    0.74   0.19     4.00    13.17   0.07  98.40

2021년 10월 04일 21시 17분 23초
avg-cpu:  %user   %nice %system %iowait  %steal   %idle
           0.52    0.00   12.48   13.25    0.00   73.76

Device            r/s     w/s     rMB/s     wMB/s   rrqm/s   wrqm/s  %rrqm  %wrqm r_await w_await aqu-sz rareq-sz wareq-sz  svctm  %util
sdb           8186.00 6744.00     31.98     79.30     0.00 14763.00   0.00  68.64    0.75    0.69   0.00     4.00    12.04   0.07 100.00

2021년 10월 04일 21시 17분 24초
avg-cpu:  %user   %nice %system %iowait  %steal   %idle
           0.33    0.00   12.19   14.80    0.00   72.69

Device            r/s     w/s     rMB/s     wMB/s   rrqm/s   wrqm/s  %rrqm  %wrqm r_await w_await aqu-sz rareq-sz wareq-sz  svctm  %util
sdb           7850.00 6741.00     30.66     76.73     0.00 14472.00   0.00  68.22    0.78    0.73   0.28     4.00    11.66   0.07  98.40

2021년 10월 04일 21시 17분 25초
avg-cpu:  %user   %nice %system %iowait  %steal   %idle
           0.65    0.00   12.52   13.43    0.00   73.40

Device            r/s     w/s     rMB/s     wMB/s   rrqm/s   wrqm/s  %rrqm  %wrqm r_await w_await aqu-sz rareq-sz wareq-sz  svctm  %util
sdb           8286.00 6616.00     32.37     80.40     0.00 15210.00   0.00  69.69    0.74    0.69   0.00     4.00    12.44   0.07 100.00

2021년 10월 04일 21시 17분 26초
avg-cpu:  %user   %nice %system %iowait  %steal   %idle
           0.89    0.00   12.74   13.69    0.00   72.68

Device            r/s     w/s     rMB/s     wMB/s   rrqm/s   wrqm/s  %rrqm  %wrqm r_await w_await aqu-sz rareq-sz wareq-sz  svctm  %util
sdb           8246.00 6582.00     32.21     78.73     0.00 14588.00   0.00  68.91    0.77    0.71   0.21     4.00    12.25   0.07  98.40

2021년 10월 04일 21시 17분 27초
avg-cpu:  %user   %nice %system %iowait  %steal   %idle
           0.39    0.00   11.82   13.24    0.00   74.55

Device            r/s     w/s     rMB/s     wMB/s   rrqm/s   wrqm/s  %rrqm  %wrqm r_await w_await aqu-sz rareq-sz wareq-sz  svctm  %util
sdb           8400.00 6499.00     32.81     79.20     0.00 14646.00   0.00  69.26    0.76    0.71   0.00     4.00    12.48   0.07 100.00

2021년 10월 04일 21시 17분 28초
avg-cpu:  %user   %nice %system %iowait  %steal   %idle
           0.45    0.00   11.84   14.42    0.00   73.29

Device            r/s     w/s     rMB/s     wMB/s   rrqm/s   wrqm/s  %rrqm  %wrqm r_await w_await aqu-sz rareq-sz wareq-sz  svctm  %util
sdb           8082.00 6592.00     31.57     77.41     0.00 14154.00   0.00  68.23    0.76    0.72   0.30     4.00    12.03   0.07  98.40

2021년 10월 04일 21시 17분 29초
avg-cpu:  %user   %nice %system %iowait  %steal   %idle
           0.78    0.00   12.14   13.70    0.00   73.39

Device            r/s     w/s     rMB/s     wMB/s   rrqm/s   wrqm/s  %rrqm  %wrqm r_await w_await aqu-sz rareq-sz wareq-sz  svctm  %util
sdb           7943.00 6795.00     31.03     78.84     0.00 14783.00   0.00  68.51    0.72    0.68   0.00     4.00    11.88   0.07 100.00

2021년 10월 04일 21시 17분 30초
avg-cpu:  %user   %nice %system %iowait  %steal   %idle
           0.39    0.00   11.71   14.86    0.00   73.04

Device            r/s     w/s     rMB/s     wMB/s   rrqm/s   wrqm/s  %rrqm  %wrqm r_await w_await aqu-sz rareq-sz wareq-sz  svctm  %util
sdb           8143.00 6363.00     31.81     77.43     0.00 14618.00   0.00  69.67    0.75    0.69   0.26     4.00    12.46   0.07  98.40

2021년 10월 04일 21시 17분 31초
avg-cpu:  %user   %nice %system %iowait  %steal   %idle
           0.45    0.00   11.34   13.08    0.00   75.13

Device            r/s     w/s     rMB/s     wMB/s   rrqm/s   wrqm/s  %rrqm  %wrqm r_await w_await aqu-sz rareq-sz wareq-sz  svctm  %util
sdb           8741.00 6252.00     34.14     80.72     0.00 14761.00   0.00  70.25    0.72    0.69   0.00     4.00    13.22   0.07 100.00

2021년 10월 04일 21시 17분 32초
avg-cpu:  %user   %nice %system %iowait  %steal   %idle
           0.63    0.00   14.52   12.95    0.00   71.90

Device            r/s     w/s     rMB/s     wMB/s   rrqm/s   wrqm/s  %rrqm  %wrqm r_await w_await aqu-sz rareq-sz wareq-sz  svctm  %util
sdb           7761.00 6439.00     30.32     75.53     0.00 13788.00   0.00  68.17    0.74    0.70   0.22     4.00    12.01   0.07  98.40

2021년 10월 04일 21시 17분 33초
avg-cpu:  %user   %nice %system %iowait  %steal   %idle
           0.51    0.00   13.10   13.92    0.00   72.47

Device            r/s     w/s     rMB/s     wMB/s   rrqm/s   wrqm/s  %rrqm  %wrqm r_await w_await aqu-sz rareq-sz wareq-sz  svctm  %util
sdb           8042.00 6605.00     31.41     78.32     0.00 14751.00   0.00  69.07    0.75    0.70   0.00     4.00    12.14   0.07 100.00

2021년 10월 04일 21시 17분 34초
avg-cpu:  %user   %nice %system %iowait  %steal   %idle
           0.64    0.00   11.41   13.54    0.00   74.40

Device            r/s     w/s     rMB/s     wMB/s   rrqm/s   wrqm/s  %rrqm  %wrqm r_await w_await aqu-sz rareq-sz wareq-sz  svctm  %util
sdb           8131.00 6426.00     31.76     78.02     0.00 14565.00   0.00  69.39    0.73    0.70   0.37     4.00    12.43   0.07  98.80

2021년 10월 04일 21시 17분 35초
avg-cpu:  %user   %nice %system %iowait  %steal   %idle
           0.51    0.00   12.75   12.88    0.00   73.86

Device            r/s     w/s     rMB/s     wMB/s   rrqm/s   wrqm/s  %rrqm  %wrqm r_await w_await aqu-sz rareq-sz wareq-sz  svctm  %util
sdb           8410.00 6336.00     32.85     79.06     0.00 14541.00   0.00  69.65    0.73    0.72   0.00     4.00    12.78   0.07  99.60

2021년 10월 04일 21시 17분 36초
avg-cpu:  %user   %nice %system %iowait  %steal   %idle
           0.44    0.00   12.71   13.91    0.00   72.94

Device            r/s     w/s     rMB/s     wMB/s   rrqm/s   wrqm/s  %rrqm  %wrqm r_await w_await aqu-sz rareq-sz wareq-sz  svctm  %util
sdb           7974.00 6321.00     31.15     77.13     0.00 14198.00   0.00  69.19    0.73    0.68   0.14     4.00    12.50   0.07  98.40

2021년 10월 04일 21시 17분 37초
avg-cpu:  %user   %nice %system %iowait  %steal   %idle
           0.89    0.00   13.59   15.05    0.00   70.48

Device            r/s     w/s     rMB/s     wMB/s   rrqm/s   wrqm/s  %rrqm  %wrqm r_await w_await aqu-sz rareq-sz wareq-sz  svctm  %util
sdb           7713.00 6712.00     30.13     75.90     0.00 14004.00   0.00  67.60    0.73    0.71   0.28     4.00    11.58   0.07  98.40

2021년 10월 04일 21시 17분 38초
avg-cpu:  %user   %nice %system %iowait  %steal   %idle
           0.83    0.00   12.92   12.86    0.00   73.39

Device            r/s     w/s     rMB/s     wMB/s   rrqm/s   wrqm/s  %rrqm  %wrqm r_await w_await aqu-sz rareq-sz wareq-sz  svctm  %util
sdb           8101.00 6579.00     31.64     78.15     0.00 14908.00   0.00  69.38    0.74    0.71   0.02     4.00    12.16   0.07 100.00

2021년 10월 04일 21시 17분 39초
avg-cpu:  %user   %nice %system %iowait  %steal   %idle
           0.51    0.00   12.38   14.09    0.00   73.03

Device            r/s     w/s     rMB/s     wMB/s   rrqm/s   wrqm/s  %rrqm  %wrqm r_await w_await aqu-sz rareq-sz wareq-sz  svctm  %util
sdb           8413.00 6159.00     32.86     78.43     0.00 14740.00   0.00  70.53    0.75    0.72   0.21     4.00    13.04   0.07  98.40

2021년 10월 04일 21시 17분 40초
avg-cpu:  %user   %nice %system %iowait  %steal   %idle
           0.52    0.00    9.99   13.04    0.00   76.46

Device            r/s     w/s     rMB/s     wMB/s   rrqm/s   wrqm/s  %rrqm  %wrqm r_await w_await aqu-sz rareq-sz wareq-sz  svctm  %util
sdb           8809.00 6147.00     34.41     80.31     0.00 14798.00   0.00  70.65    0.72    0.71   0.01     4.00    13.38   0.07 100.00

2021년 10월 04일 21시 17분 41초
avg-cpu:  %user   %nice %system %iowait  %steal   %idle
           0.58    0.00    9.93   13.71    0.00   75.78

Device            r/s     w/s     rMB/s     wMB/s   rrqm/s   wrqm/s  %rrqm  %wrqm r_await w_await aqu-sz rareq-sz wareq-sz  svctm  %util
sdb           7920.00 5636.00     30.94     72.93     0.00 13365.00   0.00  70.34    0.75    0.73   0.14     4.00    13.25   0.07  91.20

2021년 10월 04일 21시 17분 42초
avg-cpu:  %user   %nice %system %iowait  %steal   %idle
           0.06    0.00    0.13    0.00    0.00   99.81

Device            r/s     w/s     rMB/s     wMB/s   rrqm/s   wrqm/s  %rrqm  %wrqm r_await w_await aqu-sz rareq-sz wareq-sz  svctm  %util
sdb              0.00  139.00      0.00     21.55     0.00  5379.00   0.00  97.48    0.00    3.29   0.22     0.00   158.79   0.37   5.20

2021년 10월 04일 21시 17분 43초
avg-cpu:  %user   %nice %system %iowait  %steal   %idle
           0.00    0.00    0.12    0.00    0.00   99.88

Device            r/s     w/s     rMB/s     wMB/s   rrqm/s   wrqm/s  %rrqm  %wrqm r_await w_await aqu-sz rareq-sz wareq-sz  svctm  %util
sdb              0.00    0.00      0.00      0.00     0.00     0.00   0.00   0.00    0.00    0.00   0.00     0.00     0.00   0.00   0.00

2021년 10월 04일 21시 17분 44초
avg-cpu:  %user   %nice %system %iowait  %steal   %idle
           0.06    0.00    0.06    0.00    0.00   99.87

Device            r/s     w/s     rMB/s     wMB/s   rrqm/s   wrqm/s  %rrqm  %wrqm r_await w_await aqu-sz rareq-sz wareq-sz  svctm  %util
sdb              0.00    0.00      0.00      0.00     0.00     0.00   0.00   0.00    0.00    0.00   0.00     0.00     0.00   0.00   0.00

2021년 10월 04일 21시 17분 45초
avg-cpu:  %user   %nice %system %iowait  %steal   %idle
           0.06    0.00    0.12    0.00    0.00   99.81

Device            r/s     w/s     rMB/s     wMB/s   rrqm/s   wrqm/s  %rrqm  %wrqm r_await w_await aqu-sz rareq-sz wareq-sz  svctm  %util
sdb              0.00    0.00      0.00      0.00     0.00     0.00   0.00   0.00    0.00    0.00   0.00     0.00     0.00   0.00   0.00

2021년 10월 04일 21시 17분 46초
avg-cpu:  %user   %nice %system %iowait  %steal   %idle
           0.06    0.00    0.19    0.00    0.00   99.75

Device            r/s     w/s     rMB/s     wMB/s   rrqm/s   wrqm/s  %rrqm  %wrqm r_await w_await aqu-sz rareq-sz wareq-sz  svctm  %util
sdb              0.00    0.00      0.00      0.00     0.00     0.00   0.00   0.00    0.00    0.00   0.00     0.00     0.00   0.00   0.00

2021년 10월 04일 21시 17분 47초
avg-cpu:  %user   %nice %system %iowait  %steal   %idle
           0.06    0.00    0.12    0.00    0.00   99.81

Device            r/s     w/s     rMB/s     wMB/s   rrqm/s   wrqm/s  %rrqm  %wrqm r_await w_await aqu-sz rareq-sz wareq-sz  svctm  %util
sdb              0.00    3.00      0.00      0.12     0.00    27.00   0.00  90.00    0.00    1.00   0.00     0.00    40.00   2.67   0.80

2021년 10월 04일 21시 17분 48초
avg-cpu:  %user   %nice %system %iowait  %steal   %idle
           0.06    0.00    0.19    0.00    0.00   99.75

Device            r/s     w/s     rMB/s     wMB/s   rrqm/s   wrqm/s  %rrqm  %wrqm r_await w_await aqu-sz rareq-sz wareq-sz  svctm  %util
sdb              0.00    0.00      0.00      0.00     0.00     0.00   0.00   0.00    0.00    0.00   0.00     0.00     0.00   0.00   0.00

