Linux 5.5.8test (syslab-desk) 	2021년 08월 24일 	_x86_64_	(16 CPU)

2021년 08월 24일 17시 31분 41초
avg-cpu:  %user   %nice %system %iowait  %steal   %idle
           0.05    0.00    0.08    0.41    0.00   99.45

Device            r/s     w/s     rMB/s     wMB/s   rrqm/s   wrqm/s  %rrqm  %wrqm r_await w_await aqu-sz rareq-sz wareq-sz  svctm  %util
sdb             27.32   58.31      0.16      1.99     0.07    49.10   0.27  45.72    0.49    1.57   0.03     5.96    35.01   0.11   0.93

2021년 08월 24일 17시 31분 42초
avg-cpu:  %user   %nice %system %iowait  %steal   %idle
           0.06    0.00    0.12    0.00    0.00   99.81

Device            r/s     w/s     rMB/s     wMB/s   rrqm/s   wrqm/s  %rrqm  %wrqm r_await w_await aqu-sz rareq-sz wareq-sz  svctm  %util
sdb              0.00    0.00      0.00      0.00     0.00     0.00   0.00   0.00    0.00    0.00   0.00     0.00     0.00   0.00   0.00

2021년 08월 24일 17시 31분 43초
avg-cpu:  %user   %nice %system %iowait  %steal   %idle
           0.06    0.00    0.12    0.00    0.00   99.81

Device            r/s     w/s     rMB/s     wMB/s   rrqm/s   wrqm/s  %rrqm  %wrqm r_await w_await aqu-sz rareq-sz wareq-sz  svctm  %util
sdb              0.00    0.00      0.00      0.00     0.00     0.00   0.00   0.00    0.00    0.00   0.00     0.00     0.00   0.00   0.00

2021년 08월 24일 17시 31분 44초
avg-cpu:  %user   %nice %system %iowait  %steal   %idle
           0.00    0.00    0.13    0.00    0.00   99.87

Device            r/s     w/s     rMB/s     wMB/s   rrqm/s   wrqm/s  %rrqm  %wrqm r_await w_await aqu-sz rareq-sz wareq-sz  svctm  %util
sdb              0.00    0.00      0.00      0.00     0.00     0.00   0.00   0.00    0.00    0.00   0.00     0.00     0.00   0.00   0.00

2021년 08월 24일 17시 31분 45초
avg-cpu:  %user   %nice %system %iowait  %steal   %idle
           0.13    0.00    0.44    0.06    0.00   99.37

Device            r/s     w/s     rMB/s     wMB/s   rrqm/s   wrqm/s  %rrqm  %wrqm r_await w_await aqu-sz rareq-sz wareq-sz  svctm  %util
sdb           1999.00    1.00      7.82      0.00     0.00     0.00   0.00   0.00    0.12    1.00   0.00     4.01     0.00   0.14  28.40

2021년 08월 24일 17시 31분 46초
avg-cpu:  %user   %nice %system %iowait  %steal   %idle
           0.19    0.00    3.61   10.82    0.00   85.39

Device            r/s     w/s     rMB/s     wMB/s   rrqm/s   wrqm/s  %rrqm  %wrqm r_await w_await aqu-sz rareq-sz wareq-sz  svctm  %util
sdb           6568.00 1160.00     25.96     19.40    76.00  3827.00   1.14  76.74    0.80    1.34   0.35     4.05    17.13   0.12  92.80

2021년 08월 24일 17시 31분 47초
avg-cpu:  %user   %nice %system %iowait  %steal   %idle
           0.19    0.00    9.12   16.20    0.00   74.49

Device            r/s     w/s     rMB/s     wMB/s   rrqm/s   wrqm/s  %rrqm  %wrqm r_await w_await aqu-sz rareq-sz wareq-sz  svctm  %util
sdb           10146.00 3627.00     40.45     60.82   204.00 11898.00   1.97  76.64    0.93    0.84   0.70     4.08    17.17   0.07  98.80

2021년 08월 24일 17시 31분 48초
avg-cpu:  %user   %nice %system %iowait  %steal   %idle
           0.19    0.00   12.00    9.54    0.00   78.27

Device            r/s     w/s     rMB/s     wMB/s   rrqm/s   wrqm/s  %rrqm  %wrqm r_await w_await aqu-sz rareq-sz wareq-sz  svctm  %util
sdb           12150.00 4609.00     47.46     74.73     0.00 14660.00   0.00  76.08    0.67    0.58   0.00     4.00    16.60   0.06 100.00

2021년 08월 24일 17시 31분 49초
avg-cpu:  %user   %nice %system %iowait  %steal   %idle
           0.32    0.00    9.77   12.03    0.00   77.88

Device            r/s     w/s     rMB/s     wMB/s   rrqm/s   wrqm/s  %rrqm  %wrqm r_await w_await aqu-sz rareq-sz wareq-sz  svctm  %util
sdb           12149.00 4500.00     48.07     74.36   152.00 14599.00   1.24  76.44    0.70    0.61   0.26     4.05    16.92   0.06  98.40

2021년 08월 24일 17시 31분 50초
avg-cpu:  %user   %nice %system %iowait  %steal   %idle
           0.06    0.00   10.64   10.64    0.00   78.65

Device            r/s     w/s     rMB/s     wMB/s   rrqm/s   wrqm/s  %rrqm  %wrqm r_await w_await aqu-sz rareq-sz wareq-sz  svctm  %util
sdb           12232.00 4541.00     47.79     75.91     0.00 14933.00   0.00  76.68    0.68    0.61   0.00     4.00    17.12   0.06 100.00

2021년 08월 24일 17시 31분 51초
avg-cpu:  %user   %nice %system %iowait  %steal   %idle
           0.31    0.00   11.98   10.73    0.00   76.98

Device            r/s     w/s     rMB/s     wMB/s   rrqm/s   wrqm/s  %rrqm  %wrqm r_await w_await aqu-sz rareq-sz wareq-sz  svctm  %util
sdb           11554.00 4494.00     45.25     72.42    31.00 14270.00   0.27  76.05    0.70    0.62   0.28     4.01    16.50   0.06  98.40

2021년 08월 24일 17시 31분 52초
avg-cpu:  %user   %nice %system %iowait  %steal   %idle
           0.25    0.00   12.38    9.81    0.00   77.56

Device            r/s     w/s     rMB/s     wMB/s   rrqm/s   wrqm/s  %rrqm  %wrqm r_await w_await aqu-sz rareq-sz wareq-sz  svctm  %util
sdb           11918.00 4519.00     47.05     75.86   124.00 15038.00   1.03  76.89    0.69    0.58   0.00     4.04    17.19   0.06 100.00

2021년 08월 24일 17시 31분 53초
avg-cpu:  %user   %nice %system %iowait  %steal   %idle
           0.19    0.00    9.68   11.23    0.00   78.89

Device            r/s     w/s     rMB/s     wMB/s   rrqm/s   wrqm/s  %rrqm  %wrqm r_await w_await aqu-sz rareq-sz wareq-sz  svctm  %util
sdb           11956.00 4369.00     46.94     74.79    59.00 14710.00   0.49  77.10    0.69    0.61   0.20     4.02    17.53   0.06  98.00

2021년 08월 24일 17시 31분 54초
avg-cpu:  %user   %nice %system %iowait  %steal   %idle
           0.19    0.00    9.74   10.70    0.00   79.37

Device            r/s     w/s     rMB/s     wMB/s   rrqm/s   wrqm/s  %rrqm  %wrqm r_await w_await aqu-sz rareq-sz wareq-sz  svctm  %util
sdb           12135.00 4446.00     47.89     76.20   122.00 14987.00   1.00  77.12    0.66    0.57   0.00     4.04    17.55   0.06 100.00

2021년 08월 24일 17시 31분 55초
avg-cpu:  %user   %nice %system %iowait  %steal   %idle
           0.19    0.00   10.16   11.77    0.00   77.88

Device            r/s     w/s     rMB/s     wMB/s   rrqm/s   wrqm/s  %rrqm  %wrqm r_await w_await aqu-sz rareq-sz wareq-sz  svctm  %util
sdb           11965.00 4389.00     47.71     75.20   243.00 14843.00   1.99  77.18    0.69    0.60   0.22     4.08    17.54   0.06  98.80

2021년 08월 24일 17시 31분 56초
avg-cpu:  %user   %nice %system %iowait  %steal   %idle
           0.25    0.00   11.85    9.21    0.00   78.69

Device            r/s     w/s     rMB/s     wMB/s   rrqm/s   wrqm/s  %rrqm  %wrqm r_await w_await aqu-sz rareq-sz wareq-sz  svctm  %util
sdb           12163.00 4550.00     47.51     75.87     0.00 14780.00   0.00  76.46    0.65    0.56   0.00     4.00    17.07   0.06 100.00

2021년 08월 24일 17시 31분 57초
avg-cpu:  %user   %nice %system %iowait  %steal   %idle
           0.26    0.00    9.02   11.23    0.00   79.49

Device            r/s     w/s     rMB/s     wMB/s   rrqm/s   wrqm/s  %rrqm  %wrqm r_await w_await aqu-sz rareq-sz wareq-sz  svctm  %util
sdb           11889.00 4450.00     46.44     74.75     0.00 14585.00   0.00  76.62    0.65    0.56   0.08     4.00    17.20   0.06  98.00

2021년 08월 24일 17시 31분 58초
avg-cpu:  %user   %nice %system %iowait  %steal   %idle
           0.32    0.00   11.22   10.02    0.00   78.44

Device            r/s     w/s     rMB/s     wMB/s   rrqm/s   wrqm/s  %rrqm  %wrqm r_await w_await aqu-sz rareq-sz wareq-sz  svctm  %util
sdb           12049.00 4534.00     47.30     74.95    59.00 14603.00   0.49  76.31    0.66    0.57   0.00     4.02    16.93   0.06 100.00

2021년 08월 24일 17시 31분 59초
avg-cpu:  %user   %nice %system %iowait  %steal   %idle
           0.19    0.00   10.32   11.28    0.00   78.21

Device            r/s     w/s     rMB/s     wMB/s   rrqm/s   wrqm/s  %rrqm  %wrqm r_await w_await aqu-sz rareq-sz wareq-sz  svctm  %util
sdb           11998.00 4347.00     46.87     74.11     0.00 14510.00   0.00  76.95    0.69    0.58   0.24     4.00    17.46   0.06  98.00

2021년 08월 24일 17시 32분 00초
avg-cpu:  %user   %nice %system %iowait  %steal   %idle
           0.20    0.00    9.17   10.67    0.00   79.96

Device            r/s     w/s     rMB/s     wMB/s   rrqm/s   wrqm/s  %rrqm  %wrqm r_await w_await aqu-sz rareq-sz wareq-sz  svctm  %util
sdb           12014.00 4529.00     46.93     75.13     0.00 14694.00   0.00  76.44    0.67    0.56   0.00     4.00    16.99   0.06 100.00

2021년 08월 24일 17시 32분 01초
avg-cpu:  %user   %nice %system %iowait  %steal   %idle
           0.13    0.00    9.50   11.63    0.00   78.75

Device            r/s     w/s     rMB/s     wMB/s   rrqm/s   wrqm/s  %rrqm  %wrqm r_await w_await aqu-sz rareq-sz wareq-sz  svctm  %util
sdb           11758.00 4374.00     46.30     74.38    91.00 14643.00   0.77  77.00    0.68    0.58   0.18     4.03    17.41   0.06  98.40

2021년 08월 24일 17시 32분 02초
avg-cpu:  %user   %nice %system %iowait  %steal   %idle
           0.25    0.00   11.66   10.14    0.00   77.95

Device            r/s     w/s     rMB/s     wMB/s   rrqm/s   wrqm/s  %rrqm  %wrqm r_await w_await aqu-sz rareq-sz wareq-sz  svctm  %util
sdb           11865.00 4414.00     47.16     76.63   202.00 15228.00   1.67  77.53    0.67    0.57   0.00     4.07    17.78   0.06 100.00

2021년 08월 24일 17시 32분 03초
avg-cpu:  %user   %nice %system %iowait  %steal   %idle
           0.26    0.00   10.30   10.36    0.00   79.08

Device            r/s     w/s     rMB/s     wMB/s   rrqm/s   wrqm/s  %rrqm  %wrqm r_await w_await aqu-sz rareq-sz wareq-sz  svctm  %util
sdb           11722.00 4459.00     45.91     74.49    29.00 14579.00   0.25  76.58    0.67    0.58   0.14     4.01    17.11   0.06  98.40

2021년 08월 24일 17시 32분 04초
avg-cpu:  %user   %nice %system %iowait  %steal   %idle
           0.26    0.00   10.40   10.40    0.00   78.93

Device            r/s     w/s     rMB/s     wMB/s   rrqm/s   wrqm/s  %rrqm  %wrqm r_await w_await aqu-sz rareq-sz wareq-sz  svctm  %util
sdb           12246.00 4601.00     47.84     76.67     0.00 15096.00   0.00  76.64    0.66    0.57   0.00     4.00    17.06   0.06 100.00

2021년 08월 24일 17시 32분 05초
avg-cpu:  %user   %nice %system %iowait  %steal   %idle
           0.25    0.00   12.28   10.84    0.00   76.63

Device            r/s     w/s     rMB/s     wMB/s   rrqm/s   wrqm/s  %rrqm  %wrqm r_await w_await aqu-sz rareq-sz wareq-sz  svctm  %util
sdb           11971.00 4372.00     46.77     74.95     1.00 14715.00   0.01  77.09    0.69    0.57   0.28     4.00    17.55   0.06  98.40

2021년 08월 24일 17시 32분 06초
avg-cpu:  %user   %nice %system %iowait  %steal   %idle
           0.19    0.00   11.65   10.32    0.00   77.83

Device            r/s     w/s     rMB/s     wMB/s   rrqm/s   wrqm/s  %rrqm  %wrqm r_await w_await aqu-sz rareq-sz wareq-sz  svctm  %util
sdb           12072.00 4553.00     47.39     75.19    59.00 14824.00   0.49  76.50    0.68    0.58   0.00     4.02    16.91   0.06 100.00

2021년 08월 24일 17시 32분 07초
avg-cpu:  %user   %nice %system %iowait  %steal   %idle
           0.19    0.00   10.50    9.86    0.00   79.45

Device            r/s     w/s     rMB/s     wMB/s   rrqm/s   wrqm/s  %rrqm  %wrqm r_await w_await aqu-sz rareq-sz wareq-sz  svctm  %util
sdb           12088.00 4564.00     47.22     74.39     0.00 14606.00   0.00  76.19    0.68    0.64   0.00     4.00    16.69   0.06 100.00

2021년 08월 24일 17시 32분 08초
avg-cpu:  %user   %nice %system %iowait  %steal   %idle
           0.32    0.00   11.14   10.82    0.00   77.72

Device            r/s     w/s     rMB/s     wMB/s   rrqm/s   wrqm/s  %rrqm  %wrqm r_await w_await aqu-sz rareq-sz wareq-sz  svctm  %util
sdb           12109.00 4498.00     47.43     74.82    30.00 14660.00   0.25  76.52    0.68    0.59   0.24     4.01    17.03   0.06  98.40

2021년 08월 24일 17시 32분 09초
avg-cpu:  %user   %nice %system %iowait  %steal   %idle
           0.26    0.00   10.38   10.38    0.00   78.97

Device            r/s     w/s     rMB/s     wMB/s   rrqm/s   wrqm/s  %rrqm  %wrqm r_await w_await aqu-sz rareq-sz wareq-sz  svctm  %util
sdb           12188.00 4447.00     47.61     75.79     0.00 14906.00   0.00  77.02    0.66    0.59   0.00     4.00    17.45   0.06 100.00

2021년 08월 24일 17시 32분 10초
avg-cpu:  %user   %nice %system %iowait  %steal   %idle
           0.32    0.00   10.88   10.76    0.00   78.04

Device            r/s     w/s     rMB/s     wMB/s   rrqm/s   wrqm/s  %rrqm  %wrqm r_await w_await aqu-sz rareq-sz wareq-sz  svctm  %util
sdb           11839.00 4388.00     46.25     74.40     0.00 14521.00   0.00  76.79    0.66    0.58   0.15     4.00    17.36   0.06  98.80

2021년 08월 24일 17시 32분 11초
avg-cpu:  %user   %nice %system %iowait  %steal   %idle
           0.32    0.00    9.02   10.84    0.00   79.82

Device            r/s     w/s     rMB/s     wMB/s   rrqm/s   wrqm/s  %rrqm  %wrqm r_await w_await aqu-sz rareq-sz wareq-sz  svctm  %util
sdb           11703.00 4343.00     45.96     77.09    62.00 15390.00   0.53  77.99    0.68    0.61   0.00     4.02    18.18   0.06 100.00

2021년 08월 24일 17시 32분 12초
avg-cpu:  %user   %nice %system %iowait  %steal   %idle
           0.19    0.00    9.28   11.09    0.00   79.43

Device            r/s     w/s     rMB/s     wMB/s   rrqm/s   wrqm/s  %rrqm  %wrqm r_await w_await aqu-sz rareq-sz wareq-sz  svctm  %util
sdb           11714.00 4412.00     46.62     74.35   214.00 14552.00   1.79  76.73    0.69    0.61   0.18     4.08    17.26   0.06  98.40

2021년 08월 24일 17시 32분 13초
avg-cpu:  %user   %nice %system %iowait  %steal   %idle
           0.19    0.00   10.23   10.29    0.00   79.29

Device            r/s     w/s     rMB/s     wMB/s   rrqm/s   wrqm/s  %rrqm  %wrqm r_await w_await aqu-sz rareq-sz wareq-sz  svctm  %util
sdb           12076.00 4498.00     47.17     75.10     0.00 14679.00   0.00  76.54    0.67    0.57   0.00     4.00    17.10   0.06 100.00

2021년 08월 24일 17시 32분 14초
avg-cpu:  %user   %nice %system %iowait  %steal   %idle
           0.32    0.00   10.51   13.76    0.00   75.41

Device            r/s     w/s     rMB/s     wMB/s   rrqm/s   wrqm/s  %rrqm  %wrqm r_await w_await aqu-sz rareq-sz wareq-sz  svctm  %util
sdb           10884.00 4858.00     42.86     71.35    86.00 13510.00   0.78  73.55    0.66    0.56   0.26     4.03    15.04   0.06  98.80

2021년 08월 24일 17시 32분 15초
avg-cpu:  %user   %nice %system %iowait  %steal   %idle
           0.06    0.00   10.19   12.30    0.00   77.45

Device            r/s     w/s     rMB/s     wMB/s   rrqm/s   wrqm/s  %rrqm  %wrqm r_await w_await aqu-sz rareq-sz wareq-sz  svctm  %util
sdb           10760.00 4877.00     42.03     71.46     0.00 13523.00   0.00  73.49    0.62    0.55   0.00     4.00    15.00   0.06 100.00

2021년 08월 24일 17시 32분 16초
avg-cpu:  %user   %nice %system %iowait  %steal   %idle
           0.19    0.00   10.46   13.20    0.00   76.15

Device            r/s     w/s     rMB/s     wMB/s   rrqm/s   wrqm/s  %rrqm  %wrqm r_await w_await aqu-sz rareq-sz wareq-sz  svctm  %util
sdb           10574.00 4818.00     41.30     70.96     0.00 13442.00   0.00  73.61    0.63    0.55   0.16     4.00    15.08   0.06  98.40

2021년 08월 24일 17시 32분 17초
avg-cpu:  %user   %nice %system %iowait  %steal   %idle
           0.13    0.00   10.75   11.71    0.00   77.42

Device            r/s     w/s     rMB/s     wMB/s   rrqm/s   wrqm/s  %rrqm  %wrqm r_await w_await aqu-sz rareq-sz wareq-sz  svctm  %util
sdb           11506.00 4776.00     45.56     83.94   152.00 16742.00   1.30  77.80    0.67    0.63   0.24     4.05    18.00   0.06 100.00

2021년 08월 24일 17시 32분 18초
avg-cpu:  %user   %nice %system %iowait  %steal   %idle
           0.19    0.00   11.20   11.01    0.00   77.61

Device            r/s     w/s     rMB/s     wMB/s   rrqm/s   wrqm/s  %rrqm  %wrqm r_await w_await aqu-sz rareq-sz wareq-sz  svctm  %util
sdb           11980.00 4397.00     46.80     74.77     0.00 14724.00   0.00  77.00    0.68    0.60   0.18     4.00    17.41   0.06  98.40

2021년 08월 24일 17시 32분 19초
avg-cpu:  %user   %nice %system %iowait  %steal   %idle
           0.26    0.00   10.85   10.08    0.00   78.81

Device            r/s     w/s     rMB/s     wMB/s   rrqm/s   wrqm/s  %rrqm  %wrqm r_await w_await aqu-sz rareq-sz wareq-sz  svctm  %util
sdb           12154.00 4423.00     47.59     77.12    29.00 15330.00   0.24  77.61    0.64    0.58   0.00     4.01    17.85   0.06 100.00

2021년 08월 24일 17시 32분 20초
avg-cpu:  %user   %nice %system %iowait  %steal   %idle
           0.19    0.00   11.50   11.31    0.00   76.99

Device            r/s     w/s     rMB/s     wMB/s   rrqm/s   wrqm/s  %rrqm  %wrqm r_await w_await aqu-sz rareq-sz wareq-sz  svctm  %util
sdb           11847.00 4314.00     46.29     75.73     2.00 15099.00   0.02  77.78    0.68    0.64   0.31     4.00    17.98   0.06  98.40

2021년 08월 24일 17시 32분 21초
avg-cpu:  %user   %nice %system %iowait  %steal   %idle
           0.19    0.00   11.09   10.13    0.00   78.59

Device            r/s     w/s     rMB/s     wMB/s   rrqm/s   wrqm/s  %rrqm  %wrqm r_await w_await aqu-sz rareq-sz wareq-sz  svctm  %util
sdb           12047.00 4487.00     47.42     77.62    92.00 15402.00   0.76  77.44    0.66    0.58   0.00     4.03    17.71   0.06 100.00

2021년 08월 24일 17시 32분 22초
avg-cpu:  %user   %nice %system %iowait  %steal   %idle
           0.13    0.00    9.62   10.14    0.00   80.12

Device            r/s     w/s     rMB/s     wMB/s   rrqm/s   wrqm/s  %rrqm  %wrqm r_await w_await aqu-sz rareq-sz wareq-sz  svctm  %util
sdb           11946.00 4336.00     47.03     76.36    76.00 15161.00   0.63  77.76    0.65    0.57   0.14     4.03    18.03   0.06  98.40

2021년 08월 24일 17시 32분 23초
avg-cpu:  %user   %nice %system %iowait  %steal   %idle
           0.26    0.00    9.72   10.55    0.00   79.47

Device            r/s     w/s     rMB/s     wMB/s   rrqm/s   wrqm/s  %rrqm  %wrqm r_await w_await aqu-sz rareq-sz wareq-sz  svctm  %util
sdb           11932.00 4421.00     46.61     75.32     0.00 14852.00   0.00  77.06    0.68    0.60   0.00     4.00    17.44   0.06 100.00

2021년 08월 24일 17시 32분 24초
avg-cpu:  %user   %nice %system %iowait  %steal   %idle
           0.06    0.00   11.84   10.83    0.00   77.27

Device            r/s     w/s     rMB/s     wMB/s   rrqm/s   wrqm/s  %rrqm  %wrqm r_await w_await aqu-sz rareq-sz wareq-sz  svctm  %util
sdb           11680.00 4374.00     45.74     75.63    30.00 14988.00   0.26  77.41    0.68    0.60   0.16     4.01    17.71   0.06  98.40

2021년 08월 24일 17시 32분 25초
avg-cpu:  %user   %nice %system %iowait  %steal   %idle
           0.19    0.00    9.83    9.90    0.00   80.08

Device            r/s     w/s     rMB/s     wMB/s   rrqm/s   wrqm/s  %rrqm  %wrqm r_await w_await aqu-sz rareq-sz wareq-sz  svctm  %util
sdb           12044.00 4500.00     47.05     77.65     0.00 15307.00   0.00  77.28    0.66    0.58   0.02     4.00    17.67   0.06 100.00

2021년 08월 24일 17시 32분 26초
avg-cpu:  %user   %nice %system %iowait  %steal   %idle
           0.19    0.00   10.33   10.59    0.00   78.88

Device            r/s     w/s     rMB/s     wMB/s   rrqm/s   wrqm/s  %rrqm  %wrqm r_await w_await aqu-sz rareq-sz wareq-sz  svctm  %util
sdb           11812.00 4298.00     46.98     76.56   207.00 15300.00   1.72  78.07    0.70    0.59   0.24     4.07    18.24   0.06  98.40

2021년 08월 24일 17시 32분 27초
avg-cpu:  %user   %nice %system %iowait  %steal   %idle
           0.13    0.00   11.81    9.34    0.00   78.72

Device            r/s     w/s     rMB/s     wMB/s   rrqm/s   wrqm/s  %rrqm  %wrqm r_await w_await aqu-sz rareq-sz wareq-sz  svctm  %util
sdb           11911.00 4412.00     46.65     77.78    30.00 15497.00   0.25  77.84    0.67    0.58   0.00     4.01    18.05   0.06 100.00

2021년 08월 24일 17시 32분 28초
avg-cpu:  %user   %nice %system %iowait  %steal   %idle
           0.06    0.00   10.85   11.49    0.00   77.60

Device            r/s     w/s     rMB/s     wMB/s   rrqm/s   wrqm/s  %rrqm  %wrqm r_await w_await aqu-sz rareq-sz wareq-sz  svctm  %util
sdb           11689.00 4368.00     45.90     76.00    59.00 15046.00   0.50  77.50    0.70    0.60   0.24     4.02    17.82   0.06  98.40

2021년 08월 24일 17시 32분 29초
avg-cpu:  %user   %nice %system %iowait  %steal   %idle
           0.32    0.00   11.10   10.08    0.00   78.50

Device            r/s     w/s     rMB/s     wMB/s   rrqm/s   wrqm/s  %rrqm  %wrqm r_await w_await aqu-sz rareq-sz wareq-sz  svctm  %util
sdb           11915.00 4397.00     46.54     76.92     0.00 15204.00   0.00  77.57    0.67    0.56   0.00     4.00    17.91   0.06 100.00

2021년 08월 24일 17시 32분 30초
avg-cpu:  %user   %nice %system %iowait  %steal   %idle
           0.13    0.00    9.97   11.65    0.00   78.25

Device            r/s     w/s     rMB/s     wMB/s   rrqm/s   wrqm/s  %rrqm  %wrqm r_await w_await aqu-sz rareq-sz wareq-sz  svctm  %util
sdb           11831.00 4311.00     46.21     76.10     0.00 15165.00   0.00  77.87    0.68    0.61   0.28     4.00    18.08   0.06  98.40

2021년 08월 24일 17시 32분 31초
avg-cpu:  %user   %nice %system %iowait  %steal   %idle
           0.26    0.00    9.83   10.54    0.00   79.38

Device            r/s     w/s     rMB/s     wMB/s   rrqm/s   wrqm/s  %rrqm  %wrqm r_await w_await aqu-sz rareq-sz wareq-sz  svctm  %util
sdb           12394.00 4351.00     48.78     78.23    90.00 15470.00   0.72  78.05    0.65    0.56   0.00     4.03    18.41   0.06 100.00

2021년 08월 24일 17시 32분 32초
avg-cpu:  %user   %nice %system %iowait  %steal   %idle
           0.19    0.00   10.36   11.71    0.00   77.74

Device            r/s     w/s     rMB/s     wMB/s   rrqm/s   wrqm/s  %rrqm  %wrqm r_await w_await aqu-sz rareq-sz wareq-sz  svctm  %util
sdb           11588.00 4386.00     45.74     75.98   117.00 15111.00   1.00  77.50    0.69    0.58   0.26     4.04    17.74   0.06  98.40

2021년 08월 24일 17시 32분 33초
avg-cpu:  %user   %nice %system %iowait  %steal   %idle
           0.13    0.00   11.60   10.27    0.00   78.00

Device            r/s     w/s     rMB/s     wMB/s   rrqm/s   wrqm/s  %rrqm  %wrqm r_await w_await aqu-sz rareq-sz wareq-sz  svctm  %util
sdb           12040.00 4476.00     47.03     78.32     0.00 15497.00   0.00  77.59    0.67    0.57   0.00     4.00    17.92   0.06 100.00

2021년 08월 24일 17시 32분 34초
avg-cpu:  %user   %nice %system %iowait  %steal   %idle
           0.32    0.00   11.73   10.84    0.00   77.11

Device            r/s     w/s     rMB/s     wMB/s   rrqm/s   wrqm/s  %rrqm  %wrqm r_await w_await aqu-sz rareq-sz wareq-sz  svctm  %util
sdb           11788.00 4429.00     46.05     76.64     0.00 15201.00   0.00  77.44    0.71    0.61   0.23     4.00    17.72   0.06  98.40

2021년 08월 24일 17시 32분 35초
avg-cpu:  %user   %nice %system %iowait  %steal   %idle
           0.19    0.00   10.74   10.36    0.00   78.71

Device            r/s     w/s     rMB/s     wMB/s   rrqm/s   wrqm/s  %rrqm  %wrqm r_await w_await aqu-sz rareq-sz wareq-sz  svctm  %util
sdb           12067.00 4495.00     47.14     78.09     0.00 15462.00   0.00  77.48    0.66    0.58   0.00     4.00    17.79   0.06 100.00

2021년 08월 24일 17시 32분 36초
avg-cpu:  %user   %nice %system %iowait  %steal   %idle
           0.19    0.00   11.41   11.10    0.00   77.30

Device            r/s     w/s     rMB/s     wMB/s   rrqm/s   wrqm/s  %rrqm  %wrqm r_await w_await aqu-sz rareq-sz wareq-sz  svctm  %util
sdb           11802.00 4405.00     46.58     76.14   119.00 15007.00   1.00  77.31    0.69    0.60   0.22     4.04    17.70   0.06  98.40

2021년 08월 24일 17시 32분 37초
avg-cpu:  %user   %nice %system %iowait  %steal   %idle
           0.25    0.00   10.35   12.82    0.00   76.58

Device            r/s     w/s     rMB/s     wMB/s   rrqm/s   wrqm/s  %rrqm  %wrqm r_await w_await aqu-sz rareq-sz wareq-sz  svctm  %util
sdb           13932.00 4315.00     54.66     81.89    59.00 15443.00   0.42  78.16    0.63    0.60   0.05     4.02    19.43   0.05 100.00

2021년 08월 24일 17시 32분 38초
avg-cpu:  %user   %nice %system %iowait  %steal   %idle
           0.13    0.00   10.08   12.78    0.00   77.01

Device            r/s     w/s     rMB/s     wMB/s   rrqm/s   wrqm/s  %rrqm  %wrqm r_await w_await aqu-sz rareq-sz wareq-sz  svctm  %util
sdb           12044.00 4306.00     47.04     75.42     0.00 14946.00   0.00  77.63    0.68    0.60   0.28     4.00    17.93   0.06  98.40

2021년 08월 24일 17시 32분 39초
avg-cpu:  %user   %nice %system %iowait  %steal   %idle
           0.39    0.00   10.05   11.01    0.00   78.56

Device            r/s     w/s     rMB/s     wMB/s   rrqm/s   wrqm/s  %rrqm  %wrqm r_await w_await aqu-sz rareq-sz wareq-sz  svctm  %util
sdb           11986.00 4487.00     47.06     76.70    59.00 15135.00   0.49  77.13    0.67    0.58   0.00     4.02    17.50   0.06 100.00

2021년 08월 24일 17시 32분 40초
avg-cpu:  %user   %nice %system %iowait  %steal   %idle
           0.19    0.00   10.84   11.48    0.00   77.49

Device            r/s     w/s     rMB/s     wMB/s   rrqm/s   wrqm/s  %rrqm  %wrqm r_await w_await aqu-sz rareq-sz wareq-sz  svctm  %util
sdb           11938.00 4362.00     46.63     76.08     0.00 15047.00   0.00  77.53    0.69    0.59   0.28     4.00    17.86   0.06  98.40

2021년 08월 24일 17시 32분 41초
avg-cpu:  %user   %nice %system %iowait  %steal   %idle
           0.26    0.00   10.56   10.44    0.00   78.75

Device            r/s     w/s     rMB/s     wMB/s   rrqm/s   wrqm/s  %rrqm  %wrqm r_await w_await aqu-sz rareq-sz wareq-sz  svctm  %util
sdb           12098.00 4467.00     47.26     77.22     0.00 15289.00   0.00  77.39    0.65    0.56   0.00     4.00    17.70   0.06 100.00

2021년 08월 24일 17시 32분 42초
avg-cpu:  %user   %nice %system %iowait  %steal   %idle
           0.19    0.00    9.85   11.45    0.00   78.51

Device            r/s     w/s     rMB/s     wMB/s   rrqm/s   wrqm/s  %rrqm  %wrqm r_await w_await aqu-sz rareq-sz wareq-sz  svctm  %util
sdb           11497.00 4429.00     45.27     76.53    91.00 15251.00   0.79  77.49    0.67    0.58   0.13     4.03    17.69   0.06  98.40

2021년 08월 24일 17시 32분 43초
avg-cpu:  %user   %nice %system %iowait  %steal   %idle
           0.06    0.00   11.78   11.85    0.00   76.31

Device            r/s     w/s     rMB/s     wMB/s   rrqm/s   wrqm/s  %rrqm  %wrqm r_await w_await aqu-sz rareq-sz wareq-sz  svctm  %util
sdb           10945.00 4881.00     42.87     74.30    29.00 14225.00   0.26  74.45    0.63    0.56   0.00     4.01    15.59   0.06 100.00

2021년 08월 24일 17시 32분 44초
avg-cpu:  %user   %nice %system %iowait  %steal   %idle
           0.19    0.00   10.22   13.35    0.00   76.25

Device            r/s     w/s     rMB/s     wMB/s   rrqm/s   wrqm/s  %rrqm  %wrqm r_await w_await aqu-sz rareq-sz wareq-sz  svctm  %util
sdb           10666.00 4890.00     41.67     73.04     0.00 14034.00   0.00  74.16    0.64    0.59   0.22     4.00    15.29   0.06  98.80

2021년 08월 24일 17시 32분 45초
avg-cpu:  %user   %nice %system %iowait  %steal   %idle
           0.13    0.00    9.74   12.77    0.00   77.37

Device            r/s     w/s     rMB/s     wMB/s   rrqm/s   wrqm/s  %rrqm  %wrqm r_await w_await aqu-sz rareq-sz wareq-sz  svctm  %util
sdb           10778.00 5004.00     42.46     74.34    91.00 14312.00   0.84  74.09    0.64    0.59   0.00     4.03    15.21   0.06 100.00

2021년 08월 24일 17시 32분 46초
avg-cpu:  %user   %nice %system %iowait  %steal   %idle
           0.20    0.00    8.46   14.77    0.00   76.58

Device            r/s     w/s     rMB/s     wMB/s   rrqm/s   wrqm/s  %rrqm  %wrqm r_await w_await aqu-sz rareq-sz wareq-sz  svctm  %util
sdb           10391.00 4892.00     41.31     70.04   178.00 13315.00   1.68  73.13    0.66    0.56   0.24     4.07    14.66   0.06  98.40

2021년 08월 24일 17시 32분 47초
avg-cpu:  %user   %nice %system %iowait  %steal   %idle
           0.13    0.00    9.87   12.50    0.00   77.50

Device            r/s     w/s     rMB/s     wMB/s   rrqm/s   wrqm/s  %rrqm  %wrqm r_await w_await aqu-sz rareq-sz wareq-sz  svctm  %util
sdb           10471.00 4989.00     41.39     82.13   122.00 16490.00   1.15  76.77    0.65    0.65   0.25     4.05    16.86   0.06 100.00

2021년 08월 24일 17시 32분 48초
avg-cpu:  %user   %nice %system %iowait  %steal   %idle
           0.19    0.00   10.11   11.52    0.00   78.18

Device            r/s     w/s     rMB/s     wMB/s   rrqm/s   wrqm/s  %rrqm  %wrqm r_await w_await aqu-sz rareq-sz wareq-sz  svctm  %util
sdb           11338.00 4511.00     44.41     76.48    29.00 14915.00   0.26  76.78    0.71    0.64   0.27     4.01    17.36   0.06  98.40

2021년 08월 24일 17시 32분 49초
avg-cpu:  %user   %nice %system %iowait  %steal   %idle
           0.39    0.00    8.96   11.03    0.00   79.62

Device            r/s     w/s     rMB/s     wMB/s   rrqm/s   wrqm/s  %rrqm  %wrqm r_await w_await aqu-sz rareq-sz wareq-sz  svctm  %util
sdb           11548.00 4461.00     45.11     77.14     0.00 15394.00   0.00  77.53    0.68    0.61   0.00     4.00    17.71   0.06 100.00

2021년 08월 24일 17시 32분 50초
avg-cpu:  %user   %nice %system %iowait  %steal   %idle
           0.38    0.00   11.80   11.24    0.00   76.59

Device            r/s     w/s     rMB/s     wMB/s   rrqm/s   wrqm/s  %rrqm  %wrqm r_await w_await aqu-sz rareq-sz wareq-sz  svctm  %util
sdb           11518.00 4489.00     44.99     76.45     0.00 15151.00   0.00  77.14    0.69    0.62   0.26     4.00    17.44   0.06  99.20

2021년 08월 24일 17시 32분 51초
avg-cpu:  %user   %nice %system %iowait  %steal   %idle
           0.06    0.00   11.37   10.36    0.00   78.21

Device            r/s     w/s     rMB/s     wMB/s   rrqm/s   wrqm/s  %rrqm  %wrqm r_await w_await aqu-sz rareq-sz wareq-sz  svctm  %util
sdb           11870.00 4526.00     46.37     77.51     0.00 15478.00   0.00  77.37    0.69    0.62   0.00     4.00    17.54   0.06 100.00

2021년 08월 24일 17시 32분 52초
avg-cpu:  %user   %nice %system %iowait  %steal   %idle
           0.44    0.00   11.34   10.27    0.00   77.95

Device            r/s     w/s     rMB/s     wMB/s   rrqm/s   wrqm/s  %rrqm  %wrqm r_await w_await aqu-sz rareq-sz wareq-sz  svctm  %util
sdb           11576.00 4489.00     45.52     75.80    76.00 15035.00   0.65  77.01    0.69    0.63   0.14     4.03    17.29   0.06  98.40

2021년 08월 24일 17시 32분 53초
avg-cpu:  %user   %nice %system %iowait  %steal   %idle
           0.26    0.00   10.43   10.36    0.00   78.95

Device            r/s     w/s     rMB/s     wMB/s   rrqm/s   wrqm/s  %rrqm  %wrqm r_await w_await aqu-sz rareq-sz wareq-sz  svctm  %util
sdb           11628.00 4540.00     45.66     76.45    59.00 15218.00   0.50  77.02    0.70    0.62   0.00     4.02    17.24   0.06 100.00

2021년 08월 24일 17시 32분 54초
avg-cpu:  %user   %nice %system %iowait  %steal   %idle
           0.31    0.00   11.70   10.88    0.00   77.11

Device            r/s     w/s     rMB/s     wMB/s   rrqm/s   wrqm/s  %rrqm  %wrqm r_await w_await aqu-sz rareq-sz wareq-sz  svctm  %util
sdb           11598.00 4428.00     45.30     75.91     0.00 15129.00   0.00  77.36    0.70    0.63   0.18     4.00    17.56   0.06  98.80

2021년 08월 24일 17시 32분 55초
avg-cpu:  %user   %nice %system %iowait  %steal   %idle
           0.19    0.00   10.10   10.68    0.00   79.02

Device            r/s     w/s     rMB/s     wMB/s   rrqm/s   wrqm/s  %rrqm  %wrqm r_await w_await aqu-sz rareq-sz wareq-sz  svctm  %util
sdb           12014.00 4611.00     47.05     74.77    30.00 14803.00   0.25  76.25    0.70    0.64   0.01     4.01    16.60   0.06 100.00

2021년 08월 24일 17시 32분 56초
avg-cpu:  %user   %nice %system %iowait  %steal   %idle
           0.31    0.00   11.74   10.80    0.00   77.15

Device            r/s     w/s     rMB/s     wMB/s   rrqm/s   wrqm/s  %rrqm  %wrqm r_await w_await aqu-sz rareq-sz wareq-sz  svctm  %util
sdb           11333.00 4446.00     44.51     75.36    59.00 14936.00   0.52  77.06    0.68    0.61   0.20     4.02    17.36   0.06  98.40

2021년 08월 24일 17시 32분 57초
avg-cpu:  %user   %nice %system %iowait  %steal   %idle
           0.38    0.00   10.44   10.69    0.00   78.49

Device            r/s     w/s     rMB/s     wMB/s   rrqm/s   wrqm/s  %rrqm  %wrqm r_await w_await aqu-sz rareq-sz wareq-sz  svctm  %util
sdb           11681.00 4543.00     45.63     76.32     0.00 15211.00   0.00  77.00    0.70    0.65   0.00     4.00    17.20   0.06 100.00

2021년 08월 24일 17시 32분 58초
avg-cpu:  %user   %nice %system %iowait  %steal   %idle
           0.19    0.00   10.36   10.74    0.00   78.71

Device            r/s     w/s     rMB/s     wMB/s   rrqm/s   wrqm/s  %rrqm  %wrqm r_await w_await aqu-sz rareq-sz wareq-sz  svctm  %util
sdb           11558.00 4556.00     45.15     76.61     0.00 15269.00   0.00  77.02    0.68    0.63   0.00     4.00    17.22   0.06 100.40

2021년 08월 24일 17시 32분 59초
avg-cpu:  %user   %nice %system %iowait  %steal   %idle
           0.19    0.00   10.96   10.90    0.00   77.95

Device            r/s     w/s     rMB/s     wMB/s   rrqm/s   wrqm/s  %rrqm  %wrqm r_await w_await aqu-sz rareq-sz wareq-sz  svctm  %util
sdb           11482.00 4388.00     45.94     76.07   271.00 15025.00   2.31  77.40    0.68    0.60   0.18     4.10    17.75   0.06  98.40

2021년 08월 24일 17시 33분 00초
avg-cpu:  %user   %nice %system %iowait  %steal   %idle
           0.20    0.00    8.56   11.11    0.00   80.13

Device            r/s     w/s     rMB/s     wMB/s   rrqm/s   wrqm/s  %rrqm  %wrqm r_await w_await aqu-sz rareq-sz wareq-sz  svctm  %util
sdb           11960.00 4326.00     46.72     78.80     0.00 15837.00   0.00  78.54    0.69    0.61   0.02     4.00    18.65   0.06 100.00

2021년 08월 24일 17시 33분 01초
avg-cpu:  %user   %nice %system %iowait  %steal   %idle
           0.19    0.00   10.71   10.26    0.00   78.84

Device            r/s     w/s     rMB/s     wMB/s   rrqm/s   wrqm/s  %rrqm  %wrqm r_await w_await aqu-sz rareq-sz wareq-sz  svctm  %util
sdb           11748.00 4302.00     46.00     77.43    29.00 15474.00   0.25  78.25    0.70    0.59   0.24     4.01    18.43   0.06  98.00

2021년 08월 24일 17시 33분 02초
avg-cpu:  %user   %nice %system %iowait  %steal   %idle
           0.26    0.00   10.27   10.72    0.00   78.75

Device            r/s     w/s     rMB/s     wMB/s   rrqm/s   wrqm/s  %rrqm  %wrqm r_await w_await aqu-sz rareq-sz wareq-sz  svctm  %util
sdb           12162.00 4497.00     47.53     78.07     6.00 15488.00   0.05  77.50    0.67    0.57   0.00     4.00    17.78   0.06 100.40

2021년 08월 24일 17시 33분 03초
avg-cpu:  %user   %nice %system %iowait  %steal   %idle
           0.32    0.00   11.15   11.21    0.00   77.33

Device            r/s     w/s     rMB/s     wMB/s   rrqm/s   wrqm/s  %rrqm  %wrqm r_await w_await aqu-sz rareq-sz wareq-sz  svctm  %util
sdb           11765.00 4349.00     45.96     77.39     0.00 15516.00   0.00  78.11    0.69    0.58   0.23     4.00    18.22   0.06  98.00

2021년 08월 24일 17시 33분 04초
avg-cpu:  %user   %nice %system %iowait  %steal   %idle
           0.32    0.00   11.16   10.27    0.00   78.25

Device            r/s     w/s     rMB/s     wMB/s   rrqm/s   wrqm/s  %rrqm  %wrqm r_await w_await aqu-sz rareq-sz wareq-sz  svctm  %util
sdb           12006.00 4457.00     47.26     77.36    90.00 15380.00   0.74  77.53    0.68    0.58   0.00     4.03    17.77   0.06 100.40

2021년 08월 24일 17시 33분 05초
avg-cpu:  %user   %nice %system %iowait  %steal   %idle
           0.32    0.00   11.08   10.45    0.00   78.15

Device            r/s     w/s     rMB/s     wMB/s   rrqm/s   wrqm/s  %rrqm  %wrqm r_await w_await aqu-sz rareq-sz wareq-sz  svctm  %util
sdb           11775.00 4403.00     46.12     76.30    31.00 15169.00   0.26  77.50    0.67    0.57   0.24     4.01    17.74   0.06  98.00

2021년 08월 24일 17시 33분 06초
avg-cpu:  %user   %nice %system %iowait  %steal   %idle
           0.19    0.00   10.80   11.31    0.00   77.70

Device            r/s     w/s     rMB/s     wMB/s   rrqm/s   wrqm/s  %rrqm  %wrqm r_await w_await aqu-sz rareq-sz wareq-sz  svctm  %util
sdb           11871.00 4358.00     46.74     76.37    91.00 15176.00   0.76  77.69    0.69    0.61   0.01     4.03    17.94   0.06  99.60

2021년 08월 24일 17시 33분 07초
avg-cpu:  %user   %nice %system %iowait  %steal   %idle
           0.13    0.00   10.78   10.53    0.00   78.56

Device            r/s     w/s     rMB/s     wMB/s   rrqm/s   wrqm/s  %rrqm  %wrqm r_await w_await aqu-sz rareq-sz wareq-sz  svctm  %util
sdb           11714.00 4344.00     45.88     75.61    31.00 14996.00   0.26  77.54    0.69    0.58   0.28     4.01    17.82   0.06  98.80

2021년 08월 24일 17시 33분 08초
avg-cpu:  %user   %nice %system %iowait  %steal   %idle
           0.32    0.00   10.38   10.25    0.00   79.05

Device            r/s     w/s     rMB/s     wMB/s   rrqm/s   wrqm/s  %rrqm  %wrqm r_await w_await aqu-sz rareq-sz wareq-sz  svctm  %util
sdb           11906.00 4438.00     46.75     76.92    61.00 15229.00   0.51  77.43    0.67    0.59   0.00     4.02    17.75   0.06 100.00

2021년 08월 24일 17시 33분 09초
avg-cpu:  %user   %nice %system %iowait  %steal   %idle
           0.26    0.00   10.31   11.20    0.00   78.23

Device            r/s     w/s     rMB/s     wMB/s   rrqm/s   wrqm/s  %rrqm  %wrqm r_await w_await aqu-sz rareq-sz wareq-sz  svctm  %util
sdb           11745.00 4351.00     46.00     76.30    29.00 15165.00   0.25  77.71    0.69    0.60   0.30     4.01    17.96   0.06  98.00

2021년 08월 24일 17시 33분 10초
avg-cpu:  %user   %nice %system %iowait  %steal   %idle
           0.39    0.00    9.58   11.39    0.00   78.64

Device            r/s     w/s     rMB/s     wMB/s   rrqm/s   wrqm/s  %rrqm  %wrqm r_await w_await aqu-sz rareq-sz wareq-sz  svctm  %util
sdb           11763.00 4367.00     45.95     76.41     0.00 15185.00   0.00  77.66    0.70    0.62   0.00     4.00    17.92   0.06 100.00

2021년 08월 24일 17시 33분 11초
avg-cpu:  %user   %nice %system %iowait  %steal   %idle
           0.13    0.00    9.26   11.20    0.00   79.42

Device            r/s     w/s     rMB/s     wMB/s   rrqm/s   wrqm/s  %rrqm  %wrqm r_await w_await aqu-sz rareq-sz wareq-sz  svctm  %util
sdb           11630.00 4350.00     45.55     75.62    29.00 14910.00   0.25  77.41    0.70    0.57   0.22     4.01    17.80   0.06  98.40

2021년 08월 24일 17시 33분 12초
avg-cpu:  %user   %nice %system %iowait  %steal   %idle
           0.25    0.00   11.06   10.17    0.00   78.51

Device            r/s     w/s     rMB/s     wMB/s   rrqm/s   wrqm/s  %rrqm  %wrqm r_await w_await aqu-sz rareq-sz wareq-sz  svctm  %util
sdb           11812.00 4570.00     46.14     78.07     0.00 15396.00   0.00  77.11    0.66    0.57   0.00     4.00    17.49   0.06 100.80

2021년 08월 24일 17시 33분 13초
avg-cpu:  %user   %nice %system %iowait  %steal   %idle
           0.19    0.00    9.77   13.11    0.00   76.93

Device            r/s     w/s     rMB/s     wMB/s   rrqm/s   wrqm/s  %rrqm  %wrqm r_await w_await aqu-sz rareq-sz wareq-sz  svctm  %util
sdb           10644.00 4707.00     41.70     73.51    29.00 14177.00   0.27  75.07    0.64    0.58   0.04     4.01    15.99   0.06  99.60

2021년 08월 24일 17시 33분 14초
avg-cpu:  %user   %nice %system %iowait  %steal   %idle
           0.19    0.00   12.26   11.63    0.00   75.92

Device            r/s     w/s     rMB/s     wMB/s   rrqm/s   wrqm/s  %rrqm  %wrqm r_await w_await aqu-sz rareq-sz wareq-sz  svctm  %util
sdb           10722.00 4873.00     41.88     73.89     0.00 14153.00   0.00  74.39    0.62    0.55   0.00     4.00    15.53   0.06 100.00

2021년 08월 24일 17시 33분 15초
avg-cpu:  %user   %nice %system %iowait  %steal   %idle
           0.13    0.00   11.59   13.54    0.00   74.75

Device            r/s     w/s     rMB/s     wMB/s   rrqm/s   wrqm/s  %rrqm  %wrqm r_await w_await aqu-sz rareq-sz wareq-sz  svctm  %util
sdb           10535.00 4774.00     41.39     73.92    61.00 14334.00   0.58  75.02    0.65    0.56   0.30     4.02    15.86   0.06  98.00

2021년 08월 24일 17시 33분 16초
avg-cpu:  %user   %nice %system %iowait  %steal   %idle
           0.19    0.00   10.06   12.50    0.00   77.24

Device            r/s     w/s     rMB/s     wMB/s   rrqm/s   wrqm/s  %rrqm  %wrqm r_await w_await aqu-sz rareq-sz wareq-sz  svctm  %util
sdb           10725.00 4841.00     42.02     74.72    31.00 14392.00   0.29  74.83    0.65    0.56   0.00     4.01    15.80   0.06 100.00

2021년 08월 24일 17시 33분 17초
avg-cpu:  %user   %nice %system %iowait  %steal   %idle
           0.19    0.00   10.35   13.48    0.00   75.97

Device            r/s     w/s     rMB/s     wMB/s   rrqm/s   wrqm/s  %rrqm  %wrqm r_await w_await aqu-sz rareq-sz wareq-sz  svctm  %util
sdb           10556.00 4810.00     41.60     73.33    90.00 14139.00   0.85  74.62    0.66    0.56   0.24     4.04    15.61   0.06  98.00

2021년 08월 24일 17시 33분 18초
avg-cpu:  %user   %nice %system %iowait  %steal   %idle
           0.13    0.00   10.88   11.90    0.00   77.10

Device            r/s     w/s     rMB/s     wMB/s   rrqm/s   wrqm/s  %rrqm  %wrqm r_await w_await aqu-sz rareq-sz wareq-sz  svctm  %util
sdb           11342.00 4665.00     44.30     83.51     0.00 16723.00   0.00  78.19    0.66    0.67   0.25     4.00    18.33   0.06 100.40

2021년 08월 24일 17시 33분 19초
avg-cpu:  %user   %nice %system %iowait  %steal   %idle
           0.19    0.00   10.89   11.66    0.00   77.26

Device            r/s     w/s     rMB/s     wMB/s   rrqm/s   wrqm/s  %rrqm  %wrqm r_await w_await aqu-sz rareq-sz wareq-sz  svctm  %util
sdb           12013.00 4388.00     48.02     77.68   273.00 15434.00   2.22  77.86    0.70    0.58   0.26     4.09    18.13   0.06  98.40

2021년 08월 24일 17시 33분 20초
avg-cpu:  %user   %nice %system %iowait  %steal   %idle
           0.26    0.00   10.61   10.29    0.00   78.84

Device            r/s     w/s     rMB/s     wMB/s   rrqm/s   wrqm/s  %rrqm  %wrqm r_await w_await aqu-sz rareq-sz wareq-sz  svctm  %util
sdb           12037.00 4440.00     47.26     77.48    60.00 15448.00   0.50  77.67    0.66    0.59   0.00     4.02    17.87   0.06 100.00

2021년 08월 24일 17시 33분 21초
avg-cpu:  %user   %nice %system %iowait  %steal   %idle
           0.19    0.00   10.48   11.18    0.00   78.15

Device            r/s     w/s     rMB/s     wMB/s   rrqm/s   wrqm/s  %rrqm  %wrqm r_await w_await aqu-sz rareq-sz wareq-sz  svctm  %util
sdb           11715.00 4353.00     45.89     76.02    31.00 15107.00   0.26  77.63    0.69    0.58   0.30     4.01    17.88   0.06  98.40

2021년 08월 24일 17시 33분 22초
avg-cpu:  %user   %nice %system %iowait  %steal   %idle
           0.19    0.00    9.92   10.75    0.00   79.14

Device            r/s     w/s     rMB/s     wMB/s   rrqm/s   wrqm/s  %rrqm  %wrqm r_await w_await aqu-sz rareq-sz wareq-sz  svctm  %util
sdb           11992.00 4372.00     47.57     77.46   180.00 15462.00   1.48  77.96    0.66    0.56   0.00     4.06    18.14   0.06 100.00

2021년 08월 24일 17시 33분 23초
avg-cpu:  %user   %nice %system %iowait  %steal   %idle
           0.20    0.00    8.31   11.06    0.00   80.43

Device            r/s     w/s     rMB/s     wMB/s   rrqm/s   wrqm/s  %rrqm  %wrqm r_await w_await aqu-sz rareq-sz wareq-sz  svctm  %util
sdb           11859.00 4271.00     46.44     75.98    29.00 15166.00   0.24  78.03    0.69    0.60   0.21     4.01    18.22   0.06  98.80

2021년 08월 24일 17시 33분 24초
avg-cpu:  %user   %nice %system %iowait  %steal   %idle
           0.19    0.00   10.16   10.93    0.00   78.71

Device            r/s     w/s     rMB/s     wMB/s   rrqm/s   wrqm/s  %rrqm  %wrqm r_await w_await aqu-sz rareq-sz wareq-sz  svctm  %util
sdb           12025.00 4475.00     46.97     77.83     0.00 15463.00   0.00  77.56    0.68    0.59   0.00     4.00    17.81   0.06 100.00

2021년 08월 24일 17시 33분 25초
avg-cpu:  %user   %nice %system %iowait  %steal   %idle
           0.13    0.00   12.13   10.56    0.00   77.18

Device            r/s     w/s     rMB/s     wMB/s   rrqm/s   wrqm/s  %rrqm  %wrqm r_await w_await aqu-sz rareq-sz wareq-sz  svctm  %util
sdb           11902.00 4306.00     46.49     76.00     0.00 15153.00   0.00  77.87    0.67    0.64   0.34     4.00    18.07   0.06  98.40

2021년 08월 24일 17시 33분 26초
avg-cpu:  %user   %nice %system %iowait  %steal   %idle
           0.26    0.00   10.39   10.33    0.00   79.03

Device            r/s     w/s     rMB/s     wMB/s   rrqm/s   wrqm/s  %rrqm  %wrqm r_await w_await aqu-sz rareq-sz wareq-sz  svctm  %util
sdb           12198.00 4401.00     47.65     78.34     0.00 15688.00   0.00  78.09    0.65    0.54   0.00     4.00    18.23   0.06 100.00

2021년 08월 24일 17시 33분 27초
avg-cpu:  %user   %nice %system %iowait  %steal   %idle
           0.13    0.00    8.97   11.18    0.00   79.71

Device            r/s     w/s     rMB/s     wMB/s   rrqm/s   wrqm/s  %rrqm  %wrqm r_await w_await aqu-sz rareq-sz wareq-sz  svctm  %util
sdb           11786.00 4317.00     46.04     75.67     0.00 15091.00   0.00  77.76    0.70    0.59   0.16     4.00    17.95   0.06  98.40

2021년 08월 24일 17시 33분 28초
avg-cpu:  %user   %nice %system %iowait  %steal   %idle
           0.19    0.00   10.32   10.51    0.00   78.97

Device            r/s     w/s     rMB/s     wMB/s   rrqm/s   wrqm/s  %rrqm  %wrqm r_await w_await aqu-sz rareq-sz wareq-sz  svctm  %util
sdb           11845.00 4481.00     46.39     79.00    29.00 15695.00   0.24  77.79    0.67    0.58   0.00     4.01    18.05   0.06 100.00

2021년 08월 24일 17시 33분 29초
avg-cpu:  %user   %nice %system %iowait  %steal   %idle
           0.32    0.00   11.50   10.42    0.00   77.76

Device            r/s     w/s     rMB/s     wMB/s   rrqm/s   wrqm/s  %rrqm  %wrqm r_await w_await aqu-sz rareq-sz wareq-sz  svctm  %util
sdb           11932.00 4331.00     46.74     76.49    31.00 15195.00   0.26  77.82    0.68    0.58   0.20     4.01    18.08   0.06  98.40

2021년 08월 24일 17시 33분 30초
avg-cpu:  %user   %nice %system %iowait  %steal   %idle
           0.13    0.00    8.94   11.48    0.00   79.45

Device            r/s     w/s     rMB/s     wMB/s   rrqm/s   wrqm/s  %rrqm  %wrqm r_await w_await aqu-sz rareq-sz wareq-sz  svctm  %util
sdb           11964.00 4463.00     46.91     78.14    44.00 15525.00   0.37  77.67    0.68    0.58   0.00     4.02    17.93   0.06 100.00

2021년 08월 24일 17시 33분 31초
avg-cpu:  %user   %nice %system %iowait  %steal   %idle
           0.13    0.00   10.66   10.73    0.00   78.48

Device            r/s     w/s     rMB/s     wMB/s   rrqm/s   wrqm/s  %rrqm  %wrqm r_await w_await aqu-sz rareq-sz wareq-sz  svctm  %util
sdb           11645.00 4352.00     45.49     76.63     0.00 15311.00   0.00  77.87    0.70    0.63   0.20     4.00    18.03   0.06  98.80

2021년 08월 24일 17시 33분 32초
avg-cpu:  %user   %nice %system %iowait  %steal   %idle
           0.26    0.00   10.59   10.27    0.00   78.88

Device            r/s     w/s     rMB/s     wMB/s   rrqm/s   wrqm/s  %rrqm  %wrqm r_await w_await aqu-sz rareq-sz wareq-sz  svctm  %util
sdb           11795.00 4473.00     46.32     76.29    60.00 15023.00   0.51  77.06    0.68    0.61   0.00     4.02    17.46   0.06 100.00

2021년 08월 24일 17시 33분 33초
avg-cpu:  %user   %nice %system %iowait  %steal   %idle
           0.19    0.00   11.62   11.17    0.00   77.02

Device            r/s     w/s     rMB/s     wMB/s   rrqm/s   wrqm/s  %rrqm  %wrqm r_await w_await aqu-sz rareq-sz wareq-sz  svctm  %util
sdb           11670.00 4317.00     45.86     75.38    67.00 14974.00   0.57  77.62    0.71    0.63   0.30     4.02    17.88   0.06  98.40

2021년 08월 24일 17시 33분 34초
avg-cpu:  %user   %nice %system %iowait  %steal   %idle
           0.13    0.00   12.17    9.85    0.00   77.85

Device            r/s     w/s     rMB/s     wMB/s   rrqm/s   wrqm/s  %rrqm  %wrqm r_await w_await aqu-sz rareq-sz wareq-sz  svctm  %util
sdb           11876.00 4411.00     46.75     75.87    89.00 15008.00   0.74  77.29    0.68    0.59   0.00     4.03    17.61   0.06 100.00

2021년 08월 24일 17시 33분 35초
avg-cpu:  %user   %nice %system %iowait  %steal   %idle
           0.19    0.00   10.77   10.71    0.00   78.33

Device            r/s     w/s     rMB/s     wMB/s   rrqm/s   wrqm/s  %rrqm  %wrqm r_await w_await aqu-sz rareq-sz wareq-sz  svctm  %util
sdb           11765.00 4349.00     45.96     75.98     0.00 15133.00   0.00  77.68    0.68    0.59   0.19     4.00    17.89   0.06  98.40

2021년 08월 24일 17시 33분 36초
avg-cpu:  %user   %nice %system %iowait  %steal   %idle
           0.19    0.00   10.33    9.94    0.00   79.54

Device            r/s     w/s     rMB/s     wMB/s   rrqm/s   wrqm/s  %rrqm  %wrqm r_await w_await aqu-sz rareq-sz wareq-sz  svctm  %util
sdb           12164.00 4475.00     47.63     78.02    29.00 15465.00   0.24  77.56    0.66    0.56   0.00     4.01    17.85   0.06 100.00

2021년 08월 24일 17시 33분 37초
avg-cpu:  %user   %nice %system %iowait  %steal   %idle
           0.19    0.00    9.81   11.42    0.00   78.58

Device            r/s     w/s     rMB/s     wMB/s   rrqm/s   wrqm/s  %rrqm  %wrqm r_await w_await aqu-sz rareq-sz wareq-sz  svctm  %util
sdb           11887.00 4334.00     46.43     76.31     0.00 15149.00   0.00  77.75    0.68    0.63   0.16     4.00    18.03   0.06  98.40

2021년 08월 24일 17시 33분 38초
avg-cpu:  %user   %nice %system %iowait  %steal   %idle
           0.25    0.00   11.43    9.85    0.00   78.46

Device            r/s     w/s     rMB/s     wMB/s   rrqm/s   wrqm/s  %rrqm  %wrqm r_await w_await aqu-sz rareq-sz wareq-sz  svctm  %util
sdb           11959.00 4416.00     46.84     78.34    31.00 15680.00   0.26  78.03    0.65    0.58   0.00     4.01    18.16   0.06 100.00

2021년 08월 24일 17시 33분 39초
avg-cpu:  %user   %nice %system %iowait  %steal   %idle
           0.25    0.00   10.74   10.04    0.00   78.97

Device            r/s     w/s     rMB/s     wMB/s   rrqm/s   wrqm/s  %rrqm  %wrqm r_await w_await aqu-sz rareq-sz wareq-sz  svctm  %util
sdb           11573.00 4371.00     45.32     74.66    30.00 14693.00   0.26  77.07    0.68    0.59   0.20     4.01    17.49   0.06  98.40

2021년 08월 24일 17시 33분 40초
avg-cpu:  %user   %nice %system %iowait  %steal   %idle
           0.26    0.00   10.61   10.61    0.00   78.52

Device            r/s     w/s     rMB/s     wMB/s   rrqm/s   wrqm/s  %rrqm  %wrqm r_await w_await aqu-sz rareq-sz wareq-sz  svctm  %util
sdb           12136.00 4443.00     47.41     78.38     0.00 15568.00   0.00  77.80    0.65    0.57   0.04     4.00    18.07   0.06 100.00

2021년 08월 24일 17시 33분 41초
avg-cpu:  %user   %nice %system %iowait  %steal   %idle
           0.26    0.00    9.73   11.21    0.00   78.80

Device            r/s     w/s     rMB/s     wMB/s   rrqm/s   wrqm/s  %rrqm  %wrqm r_await w_await aqu-sz rareq-sz wareq-sz  svctm  %util
sdb           11855.00 4303.00     46.55     76.65    60.00 15242.00   0.50  77.98    0.68    0.58   0.24     4.02    18.24   0.06  98.40

2021년 08월 24일 17시 33분 42초
avg-cpu:  %user   %nice %system %iowait  %steal   %idle
           0.13    0.00   11.94    9.67    0.00   78.27

Device            r/s     w/s     rMB/s     wMB/s   rrqm/s   wrqm/s  %rrqm  %wrqm r_await w_await aqu-sz rareq-sz wareq-sz  svctm  %util
sdb           11969.00 4486.00     46.75     77.96     0.00 15400.00   0.00  77.44    0.68    0.58   0.00     4.00    17.80   0.06 100.00

2021년 08월 24일 17시 33분 43초
avg-cpu:  %user   %nice %system %iowait  %steal   %idle
           0.19    0.00   11.28   11.34    0.00   77.19

Device            r/s     w/s     rMB/s     wMB/s   rrqm/s   wrqm/s  %rrqm  %wrqm r_await w_await aqu-sz rareq-sz wareq-sz  svctm  %util
sdb           11318.00 4476.00     44.21     75.73     0.00 14933.00   0.00  76.94    0.67    0.57   0.12     4.00    17.33   0.06  98.40

2021년 08월 24일 17시 33분 44초
avg-cpu:  %user   %nice %system %iowait  %steal   %idle
           0.13    0.00   10.54   10.99    0.00   78.34

Device            r/s     w/s     rMB/s     wMB/s   rrqm/s   wrqm/s  %rrqm  %wrqm r_await w_await aqu-sz rareq-sz wareq-sz  svctm  %util
sdb           11242.00 4926.00     44.40     72.80   121.00 13919.00   1.06  73.86    0.66    0.56   0.00     4.04    15.13   0.06 100.00

2021년 08월 24일 17시 33분 45초
avg-cpu:  %user   %nice %system %iowait  %steal   %idle
           0.13    0.00    8.77   13.39    0.00   77.71

Device            r/s     w/s     rMB/s     wMB/s   rrqm/s   wrqm/s  %rrqm  %wrqm r_await w_await aqu-sz rareq-sz wareq-sz  svctm  %util
sdb           10913.00 4868.00     42.63     70.97     0.00 13498.00   0.00  73.49    0.65    0.57   0.04     4.00    14.93   0.06  98.40

2021년 08월 24일 17시 33분 46초
avg-cpu:  %user   %nice %system %iowait  %steal   %idle
           0.25    0.00   11.82   11.94    0.00   75.99

Device            r/s     w/s     rMB/s     wMB/s   rrqm/s   wrqm/s  %rrqm  %wrqm r_await w_await aqu-sz rareq-sz wareq-sz  svctm  %util
sdb           10851.00 4981.00     42.51     71.18    30.00 13535.00   0.28  73.10    0.66    0.58   0.00     4.01    14.63   0.06 100.00

2021년 08월 24일 17시 33분 47초
avg-cpu:  %user   %nice %system %iowait  %steal   %idle
           0.19    0.00   10.69   11.39    0.00   77.74

Device            r/s     w/s     rMB/s     wMB/s   rrqm/s   wrqm/s  %rrqm  %wrqm r_await w_await aqu-sz rareq-sz wareq-sz  svctm  %util
sdb           11177.00 4871.00     43.90     71.29    60.00 13551.00   0.53  73.56    0.66    0.61   0.22     4.02    14.99   0.06  98.40

2021년 08월 24일 17시 33분 48초
avg-cpu:  %user   %nice %system %iowait  %steal   %idle
           0.26    0.00    9.30   12.21    0.00   78.23

Device            r/s     w/s     rMB/s     wMB/s   rrqm/s   wrqm/s  %rrqm  %wrqm r_await w_await aqu-sz rareq-sz wareq-sz  svctm  %util
sdb           11326.00 4737.00     44.24     70.75     0.00 13643.00   0.00  74.23    0.68    0.62   0.00     4.00    15.29   0.06 100.00

2021년 08월 24일 17시 33분 49초
avg-cpu:  %user   %nice %system %iowait  %steal   %idle
           0.32    0.00    9.59   12.75    0.00   77.33

Device            r/s     w/s     rMB/s     wMB/s   rrqm/s   wrqm/s  %rrqm  %wrqm r_await w_await aqu-sz rareq-sz wareq-sz  svctm  %util
sdb           11185.00 4665.00     44.17     79.23   121.00 15703.00   1.07  77.10    0.70    0.70   0.17     4.04    17.39   0.06  98.40

2021년 08월 24일 17시 33분 50초
avg-cpu:  %user   %nice %system %iowait  %steal   %idle
           0.19    0.00    9.09   11.56    0.00   79.16

Device            r/s     w/s     rMB/s     wMB/s   rrqm/s   wrqm/s  %rrqm  %wrqm r_await w_await aqu-sz rareq-sz wareq-sz  svctm  %util
sdb           11741.00 4565.00     45.86     73.56     0.00 14318.00   0.00  75.82    0.70    0.66   0.21     4.00    16.50   0.06 100.00

2021년 08월 24일 17시 33분 51초
avg-cpu:  %user   %nice %system %iowait  %steal   %idle
           0.19    0.00   10.40   11.10    0.00   78.31

Device            r/s     w/s     rMB/s     wMB/s   rrqm/s   wrqm/s  %rrqm  %wrqm r_await w_await aqu-sz rareq-sz wareq-sz  svctm  %util
sdb           12057.00 4610.00     47.10     75.51     0.00 14804.00   0.00  76.25    0.68    0.61   0.03     4.00    16.77   0.06 100.00

2021년 08월 24일 17시 33분 52초
avg-cpu:  %user   %nice %system %iowait  %steal   %idle
           0.13    0.00   11.97   10.27    0.00   77.63

Device            r/s     w/s     rMB/s     wMB/s   rrqm/s   wrqm/s  %rrqm  %wrqm r_await w_await aqu-sz rareq-sz wareq-sz  svctm  %util
sdb           11781.00 4445.00     46.14     73.20    30.00 14350.00   0.25  76.35    0.70    0.63   0.22     4.01    16.86   0.06  98.00

2021년 08월 24일 17시 33분 53초
avg-cpu:  %user   %nice %system %iowait  %steal   %idle
           0.13    0.00   10.21   10.08    0.00   79.58

Device            r/s     w/s     rMB/s     wMB/s   rrqm/s   wrqm/s  %rrqm  %wrqm r_await w_await aqu-sz rareq-sz wareq-sz  svctm  %util
sdb           11898.00 4660.00     46.60     73.87    31.00 14217.00   0.26  75.31    0.68    0.61   0.00     4.01    16.23   0.06 100.00

2021년 08월 24일 17시 33분 54초
avg-cpu:  %user   %nice %system %iowait  %steal   %idle
           0.26    0.00    9.59   10.55    0.00   79.60

Device            r/s     w/s     rMB/s     wMB/s   rrqm/s   wrqm/s  %rrqm  %wrqm r_await w_await aqu-sz rareq-sz wareq-sz  svctm  %util
sdb           11706.00 4478.00     45.84     72.33    29.00 14139.00   0.25  75.95    0.68    0.60   0.20     4.01    16.54   0.06  98.40

2021년 08월 24일 17시 33분 55초
avg-cpu:  %user   %nice %system %iowait  %steal   %idle
           0.06    0.00   11.08   10.25    0.00   78.60

Device            r/s     w/s     rMB/s     wMB/s   rrqm/s   wrqm/s  %rrqm  %wrqm r_await w_await aqu-sz rareq-sz wareq-sz  svctm  %util
sdb           11874.00 4617.00     46.39     73.66     1.00 14420.00   0.01  75.75    0.68    0.60   0.00     4.00    16.34   0.06 100.00

2021년 08월 24일 17시 33분 56초
avg-cpu:  %user   %nice %system %iowait  %steal   %idle
           0.19    0.00    3.31    2.31    0.00   94.19

Device            r/s     w/s     rMB/s     wMB/s   rrqm/s   wrqm/s  %rrqm  %wrqm r_await w_await aqu-sz rareq-sz wareq-sz  svctm  %util
sdb           3081.00 1153.00     12.04     19.43     0.00  3771.00   0.00  76.58    0.64    0.56   0.00     4.00    17.25   0.06  26.40

2021년 08월 24일 17시 33분 57초
avg-cpu:  %user   %nice %system %iowait  %steal   %idle
           0.00    0.00    0.06    0.06    0.00   99.87

Device            r/s     w/s     rMB/s     wMB/s   rrqm/s   wrqm/s  %rrqm  %wrqm r_await w_await aqu-sz rareq-sz wareq-sz  svctm  %util
sdb              0.00    0.00      0.00      0.00     0.00     0.00   0.00   0.00    0.00    0.00   0.00     0.00     0.00   0.00   0.00

2021년 08월 24일 17시 33분 58초
avg-cpu:  %user   %nice %system %iowait  %steal   %idle
           0.00    0.00    0.12    0.00    0.00   99.88

Device            r/s     w/s     rMB/s     wMB/s   rrqm/s   wrqm/s  %rrqm  %wrqm r_await w_await aqu-sz rareq-sz wareq-sz  svctm  %util
sdb              0.00    0.00      0.00      0.00     0.00     0.00   0.00   0.00    0.00    0.00   0.00     0.00     0.00   0.00   0.00

2021년 08월 24일 17시 33분 59초
avg-cpu:  %user   %nice %system %iowait  %steal   %idle
           0.13    0.00    0.00    0.00    0.00   99.87

Device            r/s     w/s     rMB/s     wMB/s   rrqm/s   wrqm/s  %rrqm  %wrqm r_await w_await aqu-sz rareq-sz wareq-sz  svctm  %util
sdb              0.00    0.00      0.00      0.00     0.00     0.00   0.00   0.00    0.00    0.00   0.00     0.00     0.00   0.00   0.00

2021년 08월 24일 17시 34분 00초
avg-cpu:  %user   %nice %system %iowait  %steal   %idle
           0.00    0.00    0.12    0.00    0.00   99.88

Device            r/s     w/s     rMB/s     wMB/s   rrqm/s   wrqm/s  %rrqm  %wrqm r_await w_await aqu-sz rareq-sz wareq-sz  svctm  %util
sdb              0.00    0.00      0.00      0.00     0.00     0.00   0.00   0.00    0.00    0.00   0.00     0.00     0.00   0.00   0.00

2021년 08월 24일 17시 34분 01초
avg-cpu:  %user   %nice %system %iowait  %steal   %idle
           0.06    0.00    0.00    0.00    0.00   99.94

Device            r/s     w/s     rMB/s     wMB/s   rrqm/s   wrqm/s  %rrqm  %wrqm r_await w_await aqu-sz rareq-sz wareq-sz  svctm  %util
sdb              0.00    2.00      0.00      0.05     0.00    10.00   0.00  83.33    0.00    3.50   0.00     0.00    24.00   4.00   0.80

2021년 08월 24일 17시 34분 02초
avg-cpu:  %user   %nice %system %iowait  %steal   %idle
           0.00    0.00    0.13    0.00    0.00   99.87

Device            r/s     w/s     rMB/s     wMB/s   rrqm/s   wrqm/s  %rrqm  %wrqm r_await w_await aqu-sz rareq-sz wareq-sz  svctm  %util
sdb              0.00    0.00      0.00      0.00     0.00     0.00   0.00   0.00    0.00    0.00   0.00     0.00     0.00   0.00   0.00

2021년 08월 24일 17시 34분 03초
avg-cpu:  %user   %nice %system %iowait  %steal   %idle
           0.06    0.00    0.12    0.00    0.00   99.81

Device            r/s     w/s     rMB/s     wMB/s   rrqm/s   wrqm/s  %rrqm  %wrqm r_await w_await aqu-sz rareq-sz wareq-sz  svctm  %util
sdb              0.00    0.00      0.00      0.00     0.00     0.00   0.00   0.00    0.00    0.00   0.00     0.00     0.00   0.00   0.00

2021년 08월 24일 17시 34분 04초
avg-cpu:  %user   %nice %system %iowait  %steal   %idle
           0.06    0.00    0.00    0.00    0.00   99.94

Device            r/s     w/s     rMB/s     wMB/s   rrqm/s   wrqm/s  %rrqm  %wrqm r_await w_await aqu-sz rareq-sz wareq-sz  svctm  %util
sdb              0.00    0.00      0.00      0.00     0.00     0.00   0.00   0.00    0.00    0.00   0.00     0.00     0.00   0.00   0.00

2021년 08월 24일 17시 34분 05초
avg-cpu:  %user   %nice %system %iowait  %steal   %idle
           0.00    0.00    0.06    0.00    0.00   99.94

Device            r/s     w/s     rMB/s     wMB/s   rrqm/s   wrqm/s  %rrqm  %wrqm r_await w_await aqu-sz rareq-sz wareq-sz  svctm  %util
sdb              0.00    0.00      0.00      0.00     0.00     0.00   0.00   0.00    0.00    0.00   0.00     0.00     0.00   0.00   0.00

2021년 08월 24일 17시 34분 06초
avg-cpu:  %user   %nice %system %iowait  %steal   %idle
           0.06    0.00    0.12    0.00    0.00   99.81

Device            r/s     w/s     rMB/s     wMB/s   rrqm/s   wrqm/s  %rrqm  %wrqm r_await w_await aqu-sz rareq-sz wareq-sz  svctm  %util
sdb              0.00    0.00      0.00      0.00     0.00     0.00   0.00   0.00    0.00    0.00   0.00     0.00     0.00   0.00   0.00

2021년 08월 24일 17시 34분 07초
avg-cpu:  %user   %nice %system %iowait  %steal   %idle
           0.00    0.00    0.13    0.00    0.00   99.87

Device            r/s     w/s     rMB/s     wMB/s   rrqm/s   wrqm/s  %rrqm  %wrqm r_await w_await aqu-sz rareq-sz wareq-sz  svctm  %util
sdb              0.00    0.00      0.00      0.00     0.00     0.00   0.00   0.00    0.00    0.00   0.00     0.00     0.00   0.00   0.00

2021년 08월 24일 17시 34분 08초
avg-cpu:  %user   %nice %system %iowait  %steal   %idle
           0.00    0.00    0.06    0.00    0.00   99.94

Device            r/s     w/s     rMB/s     wMB/s   rrqm/s   wrqm/s  %rrqm  %wrqm r_await w_await aqu-sz rareq-sz wareq-sz  svctm  %util
sdb              0.00    0.00      0.00      0.00     0.00     0.00   0.00   0.00    0.00    0.00   0.00     0.00     0.00   0.00   0.00

2021년 08월 24일 17시 34분 09초
avg-cpu:  %user   %nice %system %iowait  %steal   %idle
           0.00    0.00    0.13    0.00    0.00   99.87

Device            r/s     w/s     rMB/s     wMB/s   rrqm/s   wrqm/s  %rrqm  %wrqm r_await w_await aqu-sz rareq-sz wareq-sz  svctm  %util
sdb              0.00    0.00      0.00      0.00     0.00     0.00   0.00   0.00    0.00    0.00   0.00     0.00     0.00   0.00   0.00

2021년 08월 24일 17시 34분 10초
avg-cpu:  %user   %nice %system %iowait  %steal   %idle
           0.13    0.00    0.13    0.00    0.00   99.75

Device            r/s     w/s     rMB/s     wMB/s   rrqm/s   wrqm/s  %rrqm  %wrqm r_await w_await aqu-sz rareq-sz wareq-sz  svctm  %util
sdb              0.00    0.00      0.00      0.00     0.00     0.00   0.00   0.00    0.00    0.00   0.00     0.00     0.00   0.00   0.00

2021년 08월 24일 17시 34분 11초
avg-cpu:  %user   %nice %system %iowait  %steal   %idle
           0.00    0.00    0.13    0.00    0.00   99.87

Device            r/s     w/s     rMB/s     wMB/s   rrqm/s   wrqm/s  %rrqm  %wrqm r_await w_await aqu-sz rareq-sz wareq-sz  svctm  %util
sdb              0.00    0.00      0.00      0.00     0.00     0.00   0.00   0.00    0.00    0.00   0.00     0.00     0.00   0.00   0.00

2021년 08월 24일 17시 34분 12초
avg-cpu:  %user   %nice %system %iowait  %steal   %idle
           0.06    0.00    0.06    0.00    0.00   99.87

Device            r/s     w/s     rMB/s     wMB/s   rrqm/s   wrqm/s  %rrqm  %wrqm r_await w_await aqu-sz rareq-sz wareq-sz  svctm  %util
sdb              0.00    0.00      0.00      0.00     0.00     0.00   0.00   0.00    0.00    0.00   0.00     0.00     0.00   0.00   0.00

2021년 08월 24일 17시 34분 13초
avg-cpu:  %user   %nice %system %iowait  %steal   %idle
           0.06    0.00    0.06    0.00    0.00   99.88

Device            r/s     w/s     rMB/s     wMB/s   rrqm/s   wrqm/s  %rrqm  %wrqm r_await w_await aqu-sz rareq-sz wareq-sz  svctm  %util
sdb              0.00    0.00      0.00      0.00     0.00     0.00   0.00   0.00    0.00    0.00   0.00     0.00     0.00   0.00   0.00

2021년 08월 24일 17시 34분 14초
avg-cpu:  %user   %nice %system %iowait  %steal   %idle
           0.00    0.00    0.06    0.00    0.00   99.94

Device            r/s     w/s     rMB/s     wMB/s   rrqm/s   wrqm/s  %rrqm  %wrqm r_await w_await aqu-sz rareq-sz wareq-sz  svctm  %util
sdb              0.00    0.00      0.00      0.00     0.00     0.00   0.00   0.00    0.00    0.00   0.00     0.00     0.00   0.00   0.00

2021년 08월 24일 17시 34분 15초
avg-cpu:  %user   %nice %system %iowait  %steal   %idle
           0.00    0.00    0.12    0.00    0.00   99.88

Device            r/s     w/s     rMB/s     wMB/s   rrqm/s   wrqm/s  %rrqm  %wrqm r_await w_await aqu-sz rareq-sz wareq-sz  svctm  %util
sdb              0.00    0.00      0.00      0.00     0.00     0.00   0.00   0.00    0.00    0.00   0.00     0.00     0.00   0.00   0.00

2021년 08월 24일 17시 34분 16초
avg-cpu:  %user   %nice %system %iowait  %steal   %idle
           0.06    0.00    0.00    0.00    0.00   99.94

Device            r/s     w/s     rMB/s     wMB/s   rrqm/s   wrqm/s  %rrqm  %wrqm r_await w_await aqu-sz rareq-sz wareq-sz  svctm  %util
sdb              0.00    0.00      0.00      0.00     0.00     0.00   0.00   0.00    0.00    0.00   0.00     0.00     0.00   0.00   0.00

2021년 08월 24일 17시 34분 17초
avg-cpu:  %user   %nice %system %iowait  %steal   %idle
           0.06    0.00    0.06    0.00    0.00   99.88

Device            r/s     w/s     rMB/s     wMB/s   rrqm/s   wrqm/s  %rrqm  %wrqm r_await w_await aqu-sz rareq-sz wareq-sz  svctm  %util
sdb              0.00    0.00      0.00      0.00     0.00     0.00   0.00   0.00    0.00    0.00   0.00     0.00     0.00   0.00   0.00

2021년 08월 24일 17시 34분 18초
avg-cpu:  %user   %nice %system %iowait  %steal   %idle
           0.00    0.00    0.12    0.00    0.00   99.88

Device            r/s     w/s     rMB/s     wMB/s   rrqm/s   wrqm/s  %rrqm  %wrqm r_await w_await aqu-sz rareq-sz wareq-sz  svctm  %util
sdb              0.00    0.00      0.00      0.00     0.00     0.00   0.00   0.00    0.00    0.00   0.00     0.00     0.00   0.00   0.00

2021년 08월 24일 17시 34분 19초
avg-cpu:  %user   %nice %system %iowait  %steal   %idle
           0.12    0.00    0.12    0.00    0.00   99.75

Device            r/s     w/s     rMB/s     wMB/s   rrqm/s   wrqm/s  %rrqm  %wrqm r_await w_await aqu-sz rareq-sz wareq-sz  svctm  %util
sdb              0.00    0.00      0.00      0.00     0.00     0.00   0.00   0.00    0.00    0.00   0.00     0.00     0.00   0.00   0.00

2021년 08월 24일 17시 34분 20초
avg-cpu:  %user   %nice %system %iowait  %steal   %idle
           0.06    0.00    0.12    0.06    0.00   99.75

Device            r/s     w/s     rMB/s     wMB/s   rrqm/s   wrqm/s  %rrqm  %wrqm r_await w_await aqu-sz rareq-sz wareq-sz  svctm  %util
sdb              0.00   32.00      0.00      2.37     0.00   574.00   0.00  94.72    0.00    6.56   0.16     0.00    75.75   0.38   1.20

2021년 08월 24일 17시 34분 21초
avg-cpu:  %user   %nice %system %iowait  %steal   %idle
           0.06    0.00    0.12    0.00    0.00   99.81

Device            r/s     w/s     rMB/s     wMB/s   rrqm/s   wrqm/s  %rrqm  %wrqm r_await w_await aqu-sz rareq-sz wareq-sz  svctm  %util
sdb              0.00    0.00      0.00      0.00     0.00     0.00   0.00   0.00    0.00    0.00   0.00     0.00     0.00   0.00   0.00

2021년 08월 24일 17시 34분 22초
avg-cpu:  %user   %nice %system %iowait  %steal   %idle
           0.06    0.00    0.06    0.00    0.00   99.88

Device            r/s     w/s     rMB/s     wMB/s   rrqm/s   wrqm/s  %rrqm  %wrqm r_await w_await aqu-sz rareq-sz wareq-sz  svctm  %util
sdb              0.00    0.00      0.00      0.00     0.00     0.00   0.00   0.00    0.00    0.00   0.00     0.00     0.00   0.00   0.00

2021년 08월 24일 17시 34분 23초
avg-cpu:  %user   %nice %system %iowait  %steal   %idle
           0.06    0.00    0.12    0.00    0.00   99.81

Device            r/s     w/s     rMB/s     wMB/s   rrqm/s   wrqm/s  %rrqm  %wrqm r_await w_await aqu-sz rareq-sz wareq-sz  svctm  %util
sdb              0.00    0.00      0.00      0.00     0.00     0.00   0.00   0.00    0.00    0.00   0.00     0.00     0.00   0.00   0.00

2021년 08월 24일 17시 34분 24초
avg-cpu:  %user   %nice %system %iowait  %steal   %idle
           0.00    0.00    0.12    0.00    0.00   99.88

Device            r/s     w/s     rMB/s     wMB/s   rrqm/s   wrqm/s  %rrqm  %wrqm r_await w_await aqu-sz rareq-sz wareq-sz  svctm  %util
sdb              0.00    0.00      0.00      0.00     0.00     0.00   0.00   0.00    0.00    0.00   0.00     0.00     0.00   0.00   0.00

2021년 08월 24일 17시 34분 25초
avg-cpu:  %user   %nice %system %iowait  %steal   %idle
           0.06    0.00    0.12    0.00    0.00   99.81

Device            r/s     w/s     rMB/s     wMB/s   rrqm/s   wrqm/s  %rrqm  %wrqm r_await w_await aqu-sz rareq-sz wareq-sz  svctm  %util
sdb              0.00    0.00      0.00      0.00     0.00     0.00   0.00   0.00    0.00    0.00   0.00     0.00     0.00   0.00   0.00

2021년 08월 24일 17시 34분 26초
avg-cpu:  %user   %nice %system %iowait  %steal   %idle
           0.12    0.00    0.12    0.00    0.00   99.75

Device            r/s     w/s     rMB/s     wMB/s   rrqm/s   wrqm/s  %rrqm  %wrqm r_await w_await aqu-sz rareq-sz wareq-sz  svctm  %util
sdb              0.00    0.00      0.00      0.00     0.00     0.00   0.00   0.00    0.00    0.00   0.00     0.00     0.00   0.00   0.00

2021년 08월 24일 17시 34분 27초
avg-cpu:  %user   %nice %system %iowait  %steal   %idle
           0.00    0.00    0.13    0.00    0.00   99.87

Device            r/s     w/s     rMB/s     wMB/s   rrqm/s   wrqm/s  %rrqm  %wrqm r_await w_await aqu-sz rareq-sz wareq-sz  svctm  %util
sdb              0.00    0.00      0.00      0.00     0.00     0.00   0.00   0.00    0.00    0.00   0.00     0.00     0.00   0.00   0.00

2021년 08월 24일 17시 34분 28초
avg-cpu:  %user   %nice %system %iowait  %steal   %idle
           0.00    0.00    0.12    0.00    0.00   99.88

Device            r/s     w/s     rMB/s     wMB/s   rrqm/s   wrqm/s  %rrqm  %wrqm r_await w_await aqu-sz rareq-sz wareq-sz  svctm  %util
sdb              0.00    0.00      0.00      0.00     0.00     0.00   0.00   0.00    0.00    0.00   0.00     0.00     0.00   0.00   0.00

2021년 08월 24일 17시 34분 29초
avg-cpu:  %user   %nice %system %iowait  %steal   %idle
           0.06    0.00    0.12    0.00    0.00   99.81

Device            r/s     w/s     rMB/s     wMB/s   rrqm/s   wrqm/s  %rrqm  %wrqm r_await w_await aqu-sz rareq-sz wareq-sz  svctm  %util
sdb              0.00    0.00      0.00      0.00     0.00     0.00   0.00   0.00    0.00    0.00   0.00     0.00     0.00   0.00   0.00

2021년 08월 24일 17시 34분 30초
avg-cpu:  %user   %nice %system %iowait  %steal   %idle
           0.06    0.00    0.12    0.00    0.00   99.81

Device            r/s     w/s     rMB/s     wMB/s   rrqm/s   wrqm/s  %rrqm  %wrqm r_await w_await aqu-sz rareq-sz wareq-sz  svctm  %util
sdb              0.00    0.00      0.00      0.00     0.00     0.00   0.00   0.00    0.00    0.00   0.00     0.00     0.00   0.00   0.00

2021년 08월 24일 17시 34분 31초
avg-cpu:  %user   %nice %system %iowait  %steal   %idle
           0.00    0.00    0.13    0.00    0.00   99.87

Device            r/s     w/s     rMB/s     wMB/s   rrqm/s   wrqm/s  %rrqm  %wrqm r_await w_await aqu-sz rareq-sz wareq-sz  svctm  %util
sdb              0.00    0.00      0.00      0.00     0.00     0.00   0.00   0.00    0.00    0.00   0.00     0.00     0.00   0.00   0.00

2021년 08월 24일 17시 34분 32초
avg-cpu:  %user   %nice %system %iowait  %steal   %idle
           0.06    0.00    0.06    0.00    0.00   99.88

Device            r/s     w/s     rMB/s     wMB/s   rrqm/s   wrqm/s  %rrqm  %wrqm r_await w_await aqu-sz rareq-sz wareq-sz  svctm  %util
sdb              0.00    0.00      0.00      0.00     0.00     0.00   0.00   0.00    0.00    0.00   0.00     0.00     0.00   0.00   0.00

2021년 08월 24일 17시 34분 33초
avg-cpu:  %user   %nice %system %iowait  %steal   %idle
           0.06    0.00    0.12    0.00    0.00   99.81

Device            r/s     w/s     rMB/s     wMB/s   rrqm/s   wrqm/s  %rrqm  %wrqm r_await w_await aqu-sz rareq-sz wareq-sz  svctm  %util
sdb              0.00    0.00      0.00      0.00     0.00     0.00   0.00   0.00    0.00    0.00   0.00     0.00     0.00   0.00   0.00

2021년 08월 24일 17시 34분 34초
avg-cpu:  %user   %nice %system %iowait  %steal   %idle
           0.06    0.00    0.12    0.00    0.00   99.81

Device            r/s     w/s     rMB/s     wMB/s   rrqm/s   wrqm/s  %rrqm  %wrqm r_await w_await aqu-sz rareq-sz wareq-sz  svctm  %util
sdb              0.00    0.00      0.00      0.00     0.00     0.00   0.00   0.00    0.00    0.00   0.00     0.00     0.00   0.00   0.00

2021년 08월 24일 17시 34분 35초
avg-cpu:  %user   %nice %system %iowait  %steal   %idle
           0.06    0.00    0.19    0.00    0.00   99.75

Device            r/s     w/s     rMB/s     wMB/s   rrqm/s   wrqm/s  %rrqm  %wrqm r_await w_await aqu-sz rareq-sz wareq-sz  svctm  %util
sdb              0.00    0.00      0.00      0.00     0.00     0.00   0.00   0.00    0.00    0.00   0.00     0.00     0.00   0.00   0.00

2021년 08월 24일 17시 34분 36초
avg-cpu:  %user   %nice %system %iowait  %steal   %idle
           0.06    0.00    0.19    0.00    0.00   99.75

Device            r/s     w/s     rMB/s     wMB/s   rrqm/s   wrqm/s  %rrqm  %wrqm r_await w_await aqu-sz rareq-sz wareq-sz  svctm  %util
sdb              0.00    0.00      0.00      0.00     0.00     0.00   0.00   0.00    0.00    0.00   0.00     0.00     0.00   0.00   0.00

2021년 08월 24일 17시 34분 37초
avg-cpu:  %user   %nice %system %iowait  %steal   %idle
           0.00    0.00    0.13    0.00    0.00   99.87

Device            r/s     w/s     rMB/s     wMB/s   rrqm/s   wrqm/s  %rrqm  %wrqm r_await w_await aqu-sz rareq-sz wareq-sz  svctm  %util
sdb              0.00    0.00      0.00      0.00     0.00     0.00   0.00   0.00    0.00    0.00   0.00     0.00     0.00   0.00   0.00

2021년 08월 24일 17시 34분 38초
avg-cpu:  %user   %nice %system %iowait  %steal   %idle
           0.06    0.00    0.19    0.00    0.00   99.75

Device            r/s     w/s     rMB/s     wMB/s   rrqm/s   wrqm/s  %rrqm  %wrqm r_await w_await aqu-sz rareq-sz wareq-sz  svctm  %util
sdb              0.00    0.00      0.00      0.00     0.00     0.00   0.00   0.00    0.00    0.00   0.00     0.00     0.00   0.00   0.00

2021년 08월 24일 17시 34분 39초
avg-cpu:  %user   %nice %system %iowait  %steal   %idle
           0.00    0.00    0.19    0.00    0.00   99.81

Device            r/s     w/s     rMB/s     wMB/s   rrqm/s   wrqm/s  %rrqm  %wrqm r_await w_await aqu-sz rareq-sz wareq-sz  svctm  %util
sdb              0.00    0.00      0.00      0.00     0.00     0.00   0.00   0.00    0.00    0.00   0.00     0.00     0.00   0.00   0.00

2021년 08월 24일 17시 34분 40초
avg-cpu:  %user   %nice %system %iowait  %steal   %idle
           0.06    0.00    0.19    0.00    0.00   99.75

Device            r/s     w/s     rMB/s     wMB/s   rrqm/s   wrqm/s  %rrqm  %wrqm r_await w_await aqu-sz rareq-sz wareq-sz  svctm  %util
sdb              0.00    0.00      0.00      0.00     0.00     0.00   0.00   0.00    0.00    0.00   0.00     0.00     0.00   0.00   0.00

2021년 08월 24일 17시 34분 41초
avg-cpu:  %user   %nice %system %iowait  %steal   %idle
           0.00    0.00    0.12    0.00    0.00   99.88

Device            r/s     w/s     rMB/s     wMB/s   rrqm/s   wrqm/s  %rrqm  %wrqm r_await w_await aqu-sz rareq-sz wareq-sz  svctm  %util
sdb              0.00    0.00      0.00      0.00     0.00     0.00   0.00   0.00    0.00    0.00   0.00     0.00     0.00   0.00   0.00

2021년 08월 24일 17시 34분 42초
avg-cpu:  %user   %nice %system %iowait  %steal   %idle
           0.00    0.00    0.13    0.00    0.00   99.87

Device            r/s     w/s     rMB/s     wMB/s   rrqm/s   wrqm/s  %rrqm  %wrqm r_await w_await aqu-sz rareq-sz wareq-sz  svctm  %util
sdb              0.00    0.00      0.00      0.00     0.00     0.00   0.00   0.00    0.00    0.00   0.00     0.00     0.00   0.00   0.00

2021년 08월 24일 17시 34분 43초
avg-cpu:  %user   %nice %system %iowait  %steal   %idle
           0.00    0.00    0.13    0.00    0.00   99.87

Device            r/s     w/s     rMB/s     wMB/s   rrqm/s   wrqm/s  %rrqm  %wrqm r_await w_await aqu-sz rareq-sz wareq-sz  svctm  %util
sdb              0.00    0.00      0.00      0.00     0.00     0.00   0.00   0.00    0.00    0.00   0.00     0.00     0.00   0.00   0.00

2021년 08월 24일 17시 34분 44초
avg-cpu:  %user   %nice %system %iowait  %steal   %idle
           0.06    0.00    0.12    0.00    0.00   99.81

Device            r/s     w/s     rMB/s     wMB/s   rrqm/s   wrqm/s  %rrqm  %wrqm r_await w_await aqu-sz rareq-sz wareq-sz  svctm  %util
sdb              0.00    0.00      0.00      0.00     0.00     0.00   0.00   0.00    0.00    0.00   0.00     0.00     0.00   0.00   0.00

2021년 08월 24일 17시 34분 45초
avg-cpu:  %user   %nice %system %iowait  %steal   %idle
           0.00    0.00    0.13    0.00    0.00   99.87

Device            r/s     w/s     rMB/s     wMB/s   rrqm/s   wrqm/s  %rrqm  %wrqm r_await w_await aqu-sz rareq-sz wareq-sz  svctm  %util
sdb              0.00    0.00      0.00      0.00     0.00     0.00   0.00   0.00    0.00    0.00   0.00     0.00     0.00   0.00   0.00

2021년 08월 24일 17시 34분 46초
avg-cpu:  %user   %nice %system %iowait  %steal   %idle
           0.06    0.00    0.12    0.00    0.00   99.81

Device            r/s     w/s     rMB/s     wMB/s   rrqm/s   wrqm/s  %rrqm  %wrqm r_await w_await aqu-sz rareq-sz wareq-sz  svctm  %util
sdb              0.00    0.00      0.00      0.00     0.00     0.00   0.00   0.00    0.00    0.00   0.00     0.00     0.00   0.00   0.00

2021년 08월 24일 17시 34분 47초
avg-cpu:  %user   %nice %system %iowait  %steal   %idle
           0.06    0.00    0.12    0.00    0.00   99.81

Device            r/s     w/s     rMB/s     wMB/s   rrqm/s   wrqm/s  %rrqm  %wrqm r_await w_await aqu-sz rareq-sz wareq-sz  svctm  %util
sdb              0.00    0.00      0.00      0.00     0.00     0.00   0.00   0.00    0.00    0.00   0.00     0.00     0.00   0.00   0.00

2021년 08월 24일 17시 34분 48초
avg-cpu:  %user   %nice %system %iowait  %steal   %idle
           0.06    0.00    0.06    0.00    0.00   99.88

Device            r/s     w/s     rMB/s     wMB/s   rrqm/s   wrqm/s  %rrqm  %wrqm r_await w_await aqu-sz rareq-sz wareq-sz  svctm  %util
sdb              0.00    0.00      0.00      0.00     0.00     0.00   0.00   0.00    0.00    0.00   0.00     0.00     0.00   0.00   0.00

2021년 08월 24일 17시 34분 49초
avg-cpu:  %user   %nice %system %iowait  %steal   %idle
           0.00    0.00    0.13    0.00    0.00   99.87

Device            r/s     w/s     rMB/s     wMB/s   rrqm/s   wrqm/s  %rrqm  %wrqm r_await w_await aqu-sz rareq-sz wareq-sz  svctm  %util
sdb              0.00    0.00      0.00      0.00     0.00     0.00   0.00   0.00    0.00    0.00   0.00     0.00     0.00   0.00   0.00

2021년 08월 24일 17시 34분 50초
avg-cpu:  %user   %nice %system %iowait  %steal   %idle
           0.13    0.00    0.00    0.00    0.00   99.87

Device            r/s     w/s     rMB/s     wMB/s   rrqm/s   wrqm/s  %rrqm  %wrqm r_await w_await aqu-sz rareq-sz wareq-sz  svctm  %util
sdb              0.00    0.00      0.00      0.00     0.00     0.00   0.00   0.00    0.00    0.00   0.00     0.00     0.00   0.00   0.00

2021년 08월 24일 17시 34분 51초
avg-cpu:  %user   %nice %system %iowait  %steal   %idle
           0.00    0.00    0.06    0.00    0.00   99.94

Device            r/s     w/s     rMB/s     wMB/s   rrqm/s   wrqm/s  %rrqm  %wrqm r_await w_await aqu-sz rareq-sz wareq-sz  svctm  %util
sdb              0.00    0.00      0.00      0.00     0.00     0.00   0.00   0.00    0.00    0.00   0.00     0.00     0.00   0.00   0.00

2021년 08월 24일 17시 34분 52초
avg-cpu:  %user   %nice %system %iowait  %steal   %idle
           0.12    0.00    0.06    0.00    0.00   99.81

Device            r/s     w/s     rMB/s     wMB/s   rrqm/s   wrqm/s  %rrqm  %wrqm r_await w_await aqu-sz rareq-sz wareq-sz  svctm  %util
sdb              0.00    0.00      0.00      0.00     0.00     0.00   0.00   0.00    0.00    0.00   0.00     0.00     0.00   0.00   0.00

2021년 08월 24일 17시 34분 53초
avg-cpu:  %user   %nice %system %iowait  %steal   %idle
           0.00    0.00    0.06    0.00    0.00   99.94

Device            r/s     w/s     rMB/s     wMB/s   rrqm/s   wrqm/s  %rrqm  %wrqm r_await w_await aqu-sz rareq-sz wareq-sz  svctm  %util
sdb              0.00    0.00      0.00      0.00     0.00     0.00   0.00   0.00    0.00    0.00   0.00     0.00     0.00   0.00   0.00

2021년 08월 24일 17시 34분 54초
avg-cpu:  %user   %nice %system %iowait  %steal   %idle
           0.00    0.00    0.13    0.00    0.00   99.87

Device            r/s     w/s     rMB/s     wMB/s   rrqm/s   wrqm/s  %rrqm  %wrqm r_await w_await aqu-sz rareq-sz wareq-sz  svctm  %util
sdb              0.00    0.00      0.00      0.00     0.00     0.00   0.00   0.00    0.00    0.00   0.00     0.00     0.00   0.00   0.00

2021년 08월 24일 17시 34분 55초
avg-cpu:  %user   %nice %system %iowait  %steal   %idle
           0.06    0.00    0.00    0.00    0.00   99.94

Device            r/s     w/s     rMB/s     wMB/s   rrqm/s   wrqm/s  %rrqm  %wrqm r_await w_await aqu-sz rareq-sz wareq-sz  svctm  %util
sdb              0.00    0.00      0.00      0.00     0.00     0.00   0.00   0.00    0.00    0.00   0.00     0.00     0.00   0.00   0.00

2021년 08월 24일 17시 34분 56초
avg-cpu:  %user   %nice %system %iowait  %steal   %idle
           0.06    0.00    0.00    0.00    0.00   99.94

Device            r/s     w/s     rMB/s     wMB/s   rrqm/s   wrqm/s  %rrqm  %wrqm r_await w_await aqu-sz rareq-sz wareq-sz  svctm  %util
sdb              0.00    0.00      0.00      0.00     0.00     0.00   0.00   0.00    0.00    0.00   0.00     0.00     0.00   0.00   0.00

2021년 08월 24일 17시 34분 57초
avg-cpu:  %user   %nice %system %iowait  %steal   %idle
           0.06    0.00    0.06    0.00    0.00   99.88

Device            r/s     w/s     rMB/s     wMB/s   rrqm/s   wrqm/s  %rrqm  %wrqm r_await w_await aqu-sz rareq-sz wareq-sz  svctm  %util
sdb              0.00    0.00      0.00      0.00     0.00     0.00   0.00   0.00    0.00    0.00   0.00     0.00     0.00   0.00   0.00

2021년 08월 24일 17시 34분 58초
avg-cpu:  %user   %nice %system %iowait  %steal   %idle
           0.06    0.00    0.06    0.00    0.00   99.87

Device            r/s     w/s     rMB/s     wMB/s   rrqm/s   wrqm/s  %rrqm  %wrqm r_await w_await aqu-sz rareq-sz wareq-sz  svctm  %util
sdb              0.00    0.00      0.00      0.00     0.00     0.00   0.00   0.00    0.00    0.00   0.00     0.00     0.00   0.00   0.00

2021년 08월 24일 17시 34분 59초
avg-cpu:  %user   %nice %system %iowait  %steal   %idle
           0.00    0.00    0.13    0.00    0.00   99.87

Device            r/s     w/s     rMB/s     wMB/s   rrqm/s   wrqm/s  %rrqm  %wrqm r_await w_await aqu-sz rareq-sz wareq-sz  svctm  %util
sdb              0.00    0.00      0.00      0.00     0.00     0.00   0.00   0.00    0.00    0.00   0.00     0.00     0.00   0.00   0.00

2021년 08월 24일 17시 35분 00초
avg-cpu:  %user   %nice %system %iowait  %steal   %idle
           0.00    0.00    0.12    0.00    0.00   99.88

Device            r/s     w/s     rMB/s     wMB/s   rrqm/s   wrqm/s  %rrqm  %wrqm r_await w_await aqu-sz rareq-sz wareq-sz  svctm  %util
sdb              0.00    0.00      0.00      0.00     0.00     0.00   0.00   0.00    0.00    0.00   0.00     0.00     0.00   0.00   0.00

2021년 08월 24일 17시 35분 01초
avg-cpu:  %user   %nice %system %iowait  %steal   %idle
           0.06    0.00    0.06    0.06    0.00   99.81

Device            r/s     w/s     rMB/s     wMB/s   rrqm/s   wrqm/s  %rrqm  %wrqm r_await w_await aqu-sz rareq-sz wareq-sz  svctm  %util
sdb              0.00    0.00      0.00      0.00     0.00     0.00   0.00   0.00    0.00    0.00   0.00     0.00     0.00   0.00   0.00

2021년 08월 24일 17시 35분 02초
avg-cpu:  %user   %nice %system %iowait  %steal   %idle
           0.06    0.00    0.06    0.00    0.00   99.88

Device            r/s     w/s     rMB/s     wMB/s   rrqm/s   wrqm/s  %rrqm  %wrqm r_await w_await aqu-sz rareq-sz wareq-sz  svctm  %util
sdb              0.00    0.00      0.00      0.00     0.00     0.00   0.00   0.00    0.00    0.00   0.00     0.00     0.00   0.00   0.00

2021년 08월 24일 17시 35분 03초
avg-cpu:  %user   %nice %system %iowait  %steal   %idle
           0.06    0.00    0.06    0.00    0.00   99.87

Device            r/s     w/s     rMB/s     wMB/s   rrqm/s   wrqm/s  %rrqm  %wrqm r_await w_await aqu-sz rareq-sz wareq-sz  svctm  %util
sdb              0.00    0.00      0.00      0.00     0.00     0.00   0.00   0.00    0.00    0.00   0.00     0.00     0.00   0.00   0.00

2021년 08월 24일 17시 35분 04초
avg-cpu:  %user   %nice %system %iowait  %steal   %idle
           0.00    0.00    0.12    0.00    0.00   99.88

Device            r/s     w/s     rMB/s     wMB/s   rrqm/s   wrqm/s  %rrqm  %wrqm r_await w_await aqu-sz rareq-sz wareq-sz  svctm  %util
sdb              0.00    0.00      0.00      0.00     0.00     0.00   0.00   0.00    0.00    0.00   0.00     0.00     0.00   0.00   0.00

2021년 08월 24일 17시 35분 05초
avg-cpu:  %user   %nice %system %iowait  %steal   %idle
           0.00    0.00    0.06    0.00    0.00   99.94

Device            r/s     w/s     rMB/s     wMB/s   rrqm/s   wrqm/s  %rrqm  %wrqm r_await w_await aqu-sz rareq-sz wareq-sz  svctm  %util
sdb              0.00    0.00      0.00      0.00     0.00     0.00   0.00   0.00    0.00    0.00   0.00     0.00     0.00   0.00   0.00

2021년 08월 24일 17시 35분 06초
avg-cpu:  %user   %nice %system %iowait  %steal   %idle
           0.06    0.00    0.12    0.00    0.00   99.81

Device            r/s     w/s     rMB/s     wMB/s   rrqm/s   wrqm/s  %rrqm  %wrqm r_await w_await aqu-sz rareq-sz wareq-sz  svctm  %util
sdb              0.00    0.00      0.00      0.00     0.00     0.00   0.00   0.00    0.00    0.00   0.00     0.00     0.00   0.00   0.00

2021년 08월 24일 17시 35분 07초
avg-cpu:  %user   %nice %system %iowait  %steal   %idle
           0.37    0.00    0.06    0.00    0.00   99.56

Device            r/s     w/s     rMB/s     wMB/s   rrqm/s   wrqm/s  %rrqm  %wrqm r_await w_await aqu-sz rareq-sz wareq-sz  svctm  %util
sdb              0.00    0.00      0.00      0.00     0.00     0.00   0.00   0.00    0.00    0.00   0.00     0.00     0.00   0.00   0.00

2021년 08월 24일 17시 35분 08초
avg-cpu:  %user   %nice %system %iowait  %steal   %idle
           0.00    0.00    0.06    0.00    0.00   99.94

Device            r/s     w/s     rMB/s     wMB/s   rrqm/s   wrqm/s  %rrqm  %wrqm r_await w_await aqu-sz rareq-sz wareq-sz  svctm  %util
sdb              0.00    0.00      0.00      0.00     0.00     0.00   0.00   0.00    0.00    0.00   0.00     0.00     0.00   0.00   0.00

2021년 08월 24일 17시 35분 09초
avg-cpu:  %user   %nice %system %iowait  %steal   %idle
           0.12    0.00    0.37    0.00    0.00   99.50

Device            r/s     w/s     rMB/s     wMB/s   rrqm/s   wrqm/s  %rrqm  %wrqm r_await w_await aqu-sz rareq-sz wareq-sz  svctm  %util
sdb              0.00    0.00      0.00      0.00     0.00     0.00   0.00   0.00    0.00    0.00   0.00     0.00     0.00   0.00   0.00

2021년 08월 24일 17시 35분 10초
avg-cpu:  %user   %nice %system %iowait  %steal   %idle
           0.25    0.00    0.19    0.00    0.00   99.56

Device            r/s     w/s     rMB/s     wMB/s   rrqm/s   wrqm/s  %rrqm  %wrqm r_await w_await aqu-sz rareq-sz wareq-sz  svctm  %util
sdb              0.00    0.00      0.00      0.00     0.00     0.00   0.00   0.00    0.00    0.00   0.00     0.00     0.00   0.00   0.00

2021년 08월 24일 17시 35분 11초
avg-cpu:  %user   %nice %system %iowait  %steal   %idle
           0.00    0.00    0.12    0.00    0.00   99.88

Device            r/s     w/s     rMB/s     wMB/s   rrqm/s   wrqm/s  %rrqm  %wrqm r_await w_await aqu-sz rareq-sz wareq-sz  svctm  %util
sdb              0.00    0.00      0.00      0.00     0.00     0.00   0.00   0.00    0.00    0.00   0.00     0.00     0.00   0.00   0.00

2021년 08월 24일 17시 35분 12초
avg-cpu:  %user   %nice %system %iowait  %steal   %idle
           0.12    0.00    0.06    0.00    0.00   99.81

Device            r/s     w/s     rMB/s     wMB/s   rrqm/s   wrqm/s  %rrqm  %wrqm r_await w_await aqu-sz rareq-sz wareq-sz  svctm  %util
sdb              0.00    0.00      0.00      0.00     0.00     0.00   0.00   0.00    0.00    0.00   0.00     0.00     0.00   0.00   0.00

2021년 08월 24일 17시 35분 13초
avg-cpu:  %user   %nice %system %iowait  %steal   %idle
           0.06    0.00    0.12    0.00    0.00   99.81

Device            r/s     w/s     rMB/s     wMB/s   rrqm/s   wrqm/s  %rrqm  %wrqm r_await w_await aqu-sz rareq-sz wareq-sz  svctm  %util
sdb              0.00    0.00      0.00      0.00     0.00     0.00   0.00   0.00    0.00    0.00   0.00     0.00     0.00   0.00   0.00

2021년 08월 24일 17시 35분 14초
avg-cpu:  %user   %nice %system %iowait  %steal   %idle
           0.00    0.00    0.13    0.00    0.00   99.87

Device            r/s     w/s     rMB/s     wMB/s   rrqm/s   wrqm/s  %rrqm  %wrqm r_await w_await aqu-sz rareq-sz wareq-sz  svctm  %util
sdb              0.00    0.00      0.00      0.00     0.00     0.00   0.00   0.00    0.00    0.00   0.00     0.00     0.00   0.00   0.00

2021년 08월 24일 17시 35분 15초
avg-cpu:  %user   %nice %system %iowait  %steal   %idle
           0.06    0.00    0.12    0.00    0.00   99.81

Device            r/s     w/s     rMB/s     wMB/s   rrqm/s   wrqm/s  %rrqm  %wrqm r_await w_await aqu-sz rareq-sz wareq-sz  svctm  %util
sdb              0.00    0.00      0.00      0.00     0.00     0.00   0.00   0.00    0.00    0.00   0.00     0.00     0.00   0.00   0.00

2021년 08월 24일 17시 35분 16초
avg-cpu:  %user   %nice %system %iowait  %steal   %idle
           0.06    0.00    0.00    0.00    0.00   99.94

Device            r/s     w/s     rMB/s     wMB/s   rrqm/s   wrqm/s  %rrqm  %wrqm r_await w_await aqu-sz rareq-sz wareq-sz  svctm  %util
sdb              0.00    0.00      0.00      0.00     0.00     0.00   0.00   0.00    0.00    0.00   0.00     0.00     0.00   0.00   0.00

2021년 08월 24일 17시 35분 17초
avg-cpu:  %user   %nice %system %iowait  %steal   %idle
           0.06    0.00    0.12    0.00    0.00   99.81

Device            r/s     w/s     rMB/s     wMB/s   rrqm/s   wrqm/s  %rrqm  %wrqm r_await w_await aqu-sz rareq-sz wareq-sz  svctm  %util
sdb              0.00    0.00      0.00      0.00     0.00     0.00   0.00   0.00    0.00    0.00   0.00     0.00     0.00   0.00   0.00

2021년 08월 24일 17시 35분 18초
avg-cpu:  %user   %nice %system %iowait  %steal   %idle
           0.06    0.00    0.12    0.00    0.00   99.81

Device            r/s     w/s     rMB/s     wMB/s   rrqm/s   wrqm/s  %rrqm  %wrqm r_await w_await aqu-sz rareq-sz wareq-sz  svctm  %util
sdb              0.00    0.00      0.00      0.00     0.00     0.00   0.00   0.00    0.00    0.00   0.00     0.00     0.00   0.00   0.00

2021년 08월 24일 17시 35분 19초
avg-cpu:  %user   %nice %system %iowait  %steal   %idle
           0.12    0.00    0.12    0.00    0.00   99.75

Device            r/s     w/s     rMB/s     wMB/s   rrqm/s   wrqm/s  %rrqm  %wrqm r_await w_await aqu-sz rareq-sz wareq-sz  svctm  %util
sdb              0.00    0.00      0.00      0.00     0.00     0.00   0.00   0.00    0.00    0.00   0.00     0.00     0.00   0.00   0.00

2021년 08월 24일 17시 35분 20초
avg-cpu:  %user   %nice %system %iowait  %steal   %idle
           0.06    0.00    0.06    0.00    0.00   99.88

Device            r/s     w/s     rMB/s     wMB/s   rrqm/s   wrqm/s  %rrqm  %wrqm r_await w_await aqu-sz rareq-sz wareq-sz  svctm  %util
sdb              0.00    0.00      0.00      0.00     0.00     0.00   0.00   0.00    0.00    0.00   0.00     0.00     0.00   0.00   0.00

2021년 08월 24일 17시 35분 21초
avg-cpu:  %user   %nice %system %iowait  %steal   %idle
           0.06    0.00    0.06    0.00    0.00   99.87

Device            r/s     w/s     rMB/s     wMB/s   rrqm/s   wrqm/s  %rrqm  %wrqm r_await w_await aqu-sz rareq-sz wareq-sz  svctm  %util
sdb              0.00    0.00      0.00      0.00     0.00     0.00   0.00   0.00    0.00    0.00   0.00     0.00     0.00   0.00   0.00

2021년 08월 24일 17시 35분 22초
avg-cpu:  %user   %nice %system %iowait  %steal   %idle
           0.00    0.00    0.13    0.00    0.00   99.87

Device            r/s     w/s     rMB/s     wMB/s   rrqm/s   wrqm/s  %rrqm  %wrqm r_await w_await aqu-sz rareq-sz wareq-sz  svctm  %util
sdb              0.00    0.00      0.00      0.00     0.00     0.00   0.00   0.00    0.00    0.00   0.00     0.00     0.00   0.00   0.00

2021년 08월 24일 17시 35분 23초
avg-cpu:  %user   %nice %system %iowait  %steal   %idle
           0.06    0.00    0.12    0.00    0.00   99.81

Device            r/s     w/s     rMB/s     wMB/s   rrqm/s   wrqm/s  %rrqm  %wrqm r_await w_await aqu-sz rareq-sz wareq-sz  svctm  %util
sdb              0.00    0.00      0.00      0.00     0.00     0.00   0.00   0.00    0.00    0.00   0.00     0.00     0.00   0.00   0.00

