Linux 5.5.8test (syslab-desk) 	2021년 08월 24일 	_x86_64_	(16 CPU)

2021년 08월 24일 18시 14분 41초
avg-cpu:  %user   %nice %system %iowait  %steal   %idle
           0.05    0.00    0.09    0.47    0.00   99.39

Device            r/s     w/s     rMB/s     wMB/s   rrqm/s   wrqm/s  %rrqm  %wrqm r_await w_await aqu-sz rareq-sz wareq-sz  svctm  %util
sdb             30.93   63.93      0.19      2.25     0.09    55.51   0.28  46.47    0.52    1.61   0.03     6.15    36.08   0.11   1.04

2021년 08월 24일 18시 14분 42초
avg-cpu:  %user   %nice %system %iowait  %steal   %idle
           0.00    0.00    0.06    0.00    0.00   99.94

Device            r/s     w/s     rMB/s     wMB/s   rrqm/s   wrqm/s  %rrqm  %wrqm r_await w_await aqu-sz rareq-sz wareq-sz  svctm  %util
sdb              0.00    0.00      0.00      0.00     0.00     0.00   0.00   0.00    0.00    0.00   0.00     0.00     0.00   0.00   0.00

2021년 08월 24일 18시 14분 43초
avg-cpu:  %user   %nice %system %iowait  %steal   %idle
           0.13    0.00    0.25    0.06    0.00   99.56

Device            r/s     w/s     rMB/s     wMB/s   rrqm/s   wrqm/s  %rrqm  %wrqm r_await w_await aqu-sz rareq-sz wareq-sz  svctm  %util
sdb           1009.00    1.00      3.94      0.00     0.00     0.00   0.00   0.00    0.12    0.00   0.00     4.00     0.00   0.15  15.20

2021년 08월 24일 18시 14분 44초
avg-cpu:  %user   %nice %system %iowait  %steal   %idle
           0.06    0.00    1.69    1.44    0.00   96.81

Device            r/s     w/s     rMB/s     wMB/s   rrqm/s   wrqm/s  %rrqm  %wrqm r_await w_await aqu-sz rareq-sz wareq-sz  svctm  %util
sdb           7209.00  434.00     28.57     13.66   102.00   778.00   1.40  64.19    0.13    0.46   0.04     4.06    32.22   0.12  91.20

2021년 08월 24일 18시 14분 45초
avg-cpu:  %user   %nice %system %iowait  %steal   %idle
           0.00    0.00    1.32    2.07    0.00   96.62

Device            r/s     w/s     rMB/s     wMB/s   rrqm/s   wrqm/s  %rrqm  %wrqm r_await w_await aqu-sz rareq-sz wareq-sz  svctm  %util
sdb           10354.00  893.00     42.57     42.18   529.00  1163.00   4.86  56.57    0.14    0.47   0.00     4.21    48.36   0.09 100.00

2021년 08월 24일 18시 14분 46초
avg-cpu:  %user   %nice %system %iowait  %steal   %idle
           0.13    0.00    3.95    1.32    0.00   94.61

Device            r/s     w/s     rMB/s     wMB/s   rrqm/s   wrqm/s  %rrqm  %wrqm r_await w_await aqu-sz rareq-sz wareq-sz  svctm  %util
sdb           6966.00 1028.00     27.41     33.86    50.00  4143.00   0.71  80.12    0.17    0.48   0.00     4.03    33.73   0.13 100.00

2021년 08월 24일 18시 14분 47초
avg-cpu:  %user   %nice %system %iowait  %steal   %idle
           0.06    0.00    4.07    0.75    0.00   95.11

Device            r/s     w/s     rMB/s     wMB/s   rrqm/s   wrqm/s  %rrqm  %wrqm r_await w_await aqu-sz rareq-sz wareq-sz  svctm  %util
sdb           6644.00 1066.00     25.95     33.66     0.00  5165.00   0.00  82.89    0.17    0.48   0.00     4.00    32.33   0.13 100.00

2021년 08월 24일 18시 14분 48초
avg-cpu:  %user   %nice %system %iowait  %steal   %idle
           0.12    0.00    2.92    1.80    0.00   95.16

Device            r/s     w/s     rMB/s     wMB/s   rrqm/s   wrqm/s  %rrqm  %wrqm r_await w_await aqu-sz rareq-sz wareq-sz  svctm  %util
sdb           8900.00  885.00     34.77     38.48     0.00  2178.00   0.00  71.11    0.15    0.53   0.03     4.00    44.52   0.10  98.40

2021년 08월 24일 18시 14분 49초
avg-cpu:  %user   %nice %system %iowait  %steal   %idle
           0.06    0.00    1.50    1.50    0.00   96.93

Device            r/s     w/s     rMB/s     wMB/s   rrqm/s   wrqm/s  %rrqm  %wrqm r_await w_await aqu-sz rareq-sz wareq-sz  svctm  %util
sdb           9358.00  942.00     36.55     39.75     0.00  1953.00   0.00  67.46    0.15    0.49   0.00     4.00    43.21   0.10 100.00

2021년 08월 24일 18시 14분 50초
avg-cpu:  %user   %nice %system %iowait  %steal   %idle
           0.19    0.00    2.81    2.06    0.00   94.93

Device            r/s     w/s     rMB/s     wMB/s   rrqm/s   wrqm/s  %rrqm  %wrqm r_await w_await aqu-sz rareq-sz wareq-sz  svctm  %util
sdb           8390.00  985.00     32.89     37.32    29.00  2863.00   0.34  74.40    0.15    0.47   0.00     4.01    38.79   0.11 100.00

2021년 08월 24일 18시 14분 51초
avg-cpu:  %user   %nice %system %iowait  %steal   %idle
           0.00    0.00    1.87    2.06    0.00   96.07

Device            r/s     w/s     rMB/s     wMB/s   rrqm/s   wrqm/s  %rrqm  %wrqm r_await w_await aqu-sz rareq-sz wareq-sz  svctm  %util
sdb           9742.00  896.00     38.05     40.03     0.00  1161.00   0.00  56.44    0.15    0.49   0.00     4.00    45.75   0.09 100.00

2021년 08월 24일 18시 14분 52초
avg-cpu:  %user   %nice %system %iowait  %steal   %idle
           0.00    0.00    1.25    0.82    0.00   97.93

Device            r/s     w/s     rMB/s     wMB/s   rrqm/s   wrqm/s  %rrqm  %wrqm r_await w_await aqu-sz rareq-sz wareq-sz  svctm  %util
sdb           9775.00  865.00     38.31     40.77    31.00  1461.00   0.32  62.81    0.15    0.51   0.04     4.01    48.27   0.09  98.40

2021년 08월 24일 18시 14분 53초
avg-cpu:  %user   %nice %system %iowait  %steal   %idle
           0.13    0.00    1.13    1.19    0.00   97.55

Device            r/s     w/s     rMB/s     wMB/s   rrqm/s   wrqm/s  %rrqm  %wrqm r_await w_await aqu-sz rareq-sz wareq-sz  svctm  %util
sdb           10042.00  948.00     39.34     41.12    30.00  1273.00   0.30  57.32    0.14    0.47   0.00     4.01    44.41   0.09 100.00

2021년 08월 24일 18시 14분 54초
avg-cpu:  %user   %nice %system %iowait  %steal   %idle
           0.13    0.00    1.88    1.63    0.00   96.37

Device            r/s     w/s     rMB/s     wMB/s   rrqm/s   wrqm/s  %rrqm  %wrqm r_await w_await aqu-sz rareq-sz wareq-sz  svctm  %util
sdb           9377.00  960.00     36.63     39.61     0.00  1764.00   0.00  64.76    0.15    0.47   0.00     4.00    42.25   0.10 100.00

2021년 08월 24일 18시 14분 55초
avg-cpu:  %user   %nice %system %iowait  %steal   %idle
           0.00    0.00    1.39    1.39    0.00   97.23

Device            r/s     w/s     rMB/s     wMB/s   rrqm/s   wrqm/s  %rrqm  %wrqm r_await w_await aqu-sz rareq-sz wareq-sz  svctm  %util
sdb           8931.00  913.00     34.89     39.18     0.00  2460.00   0.00  72.93    0.15    0.51   0.00     4.00    43.94   0.10 100.00

2021년 08월 24일 18시 14분 56초
avg-cpu:  %user   %nice %system %iowait  %steal   %idle
           0.00    0.00    1.13    0.88    0.00   98.00

Device            r/s     w/s     rMB/s     wMB/s   rrqm/s   wrqm/s  %rrqm  %wrqm r_await w_await aqu-sz rareq-sz wareq-sz  svctm  %util
sdb           10343.00  839.00     40.40     42.39     0.00   994.00   0.00  54.23    0.14    0.52   0.04     4.00    51.73   0.09  98.00

2021년 08월 24일 18시 14분 57초
avg-cpu:  %user   %nice %system %iowait  %steal   %idle
           0.06    0.00    1.50    2.88    0.00   95.56

Device            r/s     w/s     rMB/s     wMB/s   rrqm/s   wrqm/s  %rrqm  %wrqm r_await w_await aqu-sz rareq-sz wareq-sz  svctm  %util
sdb           9817.00  898.00     39.19     40.62   210.00  1390.00   2.09  60.75    0.15    0.49   0.00     4.09    46.32   0.09 100.00

2021년 08월 24일 18시 14분 58초
avg-cpu:  %user   %nice %system %iowait  %steal   %idle
           0.06    0.00    1.25    2.70    0.00   95.99

Device            r/s     w/s     rMB/s     wMB/s   rrqm/s   wrqm/s  %rrqm  %wrqm r_await w_await aqu-sz rareq-sz wareq-sz  svctm  %util
sdb           9774.00  879.00     38.30     40.45    30.00  1483.00   0.31  62.79    0.15    0.48   0.00     4.01    47.13   0.09 100.00

2021년 08월 24일 18시 14분 59초
avg-cpu:  %user   %nice %system %iowait  %steal   %idle
           0.00    0.00    0.94    0.88    0.00   98.18

Device            r/s     w/s     rMB/s     wMB/s   rrqm/s   wrqm/s  %rrqm  %wrqm r_await w_await aqu-sz rareq-sz wareq-sz  svctm  %util
sdb           9986.00  910.00     39.25     40.99    59.00  1522.00   0.59  62.58    0.15    0.48   0.00     4.02    46.12   0.09 100.00

2021년 08월 24일 18시 15분 00초
avg-cpu:  %user   %nice %system %iowait  %steal   %idle
           0.06    0.00    2.06    1.18    0.00   96.70

Device            r/s     w/s     rMB/s     wMB/s   rrqm/s   wrqm/s  %rrqm  %wrqm r_await w_await aqu-sz rareq-sz wareq-sz  svctm  %util
sdb           9209.00  920.00     35.97     39.61     0.00  1729.00   0.00  65.27    0.15    0.50   0.04     4.00    44.09   0.10  98.40

2021년 08월 24일 18시 15분 01초
avg-cpu:  %user   %nice %system %iowait  %steal   %idle
           0.06    0.00    2.91    1.11    0.00   95.91

Device            r/s     w/s     rMB/s     wMB/s   rrqm/s   wrqm/s  %rrqm  %wrqm r_await w_await aqu-sz rareq-sz wareq-sz  svctm  %util
sdb           9379.00  904.00     36.64     40.00     0.00  2250.00   0.00  71.34    0.15    0.49   0.00     4.00    45.31   0.10 100.00

2021년 08월 24일 18시 15분 02초
avg-cpu:  %user   %nice %system %iowait  %steal   %idle
           0.00    0.00    2.61    0.68    0.00   96.71

Device            r/s     w/s     rMB/s     wMB/s   rrqm/s   wrqm/s  %rrqm  %wrqm r_await w_await aqu-sz rareq-sz wareq-sz  svctm  %util
sdb           9282.00  942.00     36.26     39.72     0.00  2054.00   0.00  68.56    0.15    0.48   0.00     4.00    43.18   0.10 100.00

2021년 08월 24일 18시 15분 03초
avg-cpu:  %user   %nice %system %iowait  %steal   %idle
           0.00    0.00    2.56    1.43    0.00   96.01

Device            r/s     w/s     rMB/s     wMB/s   rrqm/s   wrqm/s  %rrqm  %wrqm r_await w_await aqu-sz rareq-sz wareq-sz  svctm  %util
sdb           8847.00  954.00     34.56     38.34     0.00  2115.00   0.00  68.91    0.15    0.49   0.00     4.00    41.16   0.10 100.00

2021년 08월 24일 18시 15분 04초
avg-cpu:  %user   %nice %system %iowait  %steal   %idle
           0.12    0.00    2.37    1.37    0.00   96.13

Device            r/s     w/s     rMB/s     wMB/s   rrqm/s   wrqm/s  %rrqm  %wrqm r_await w_await aqu-sz rareq-sz wareq-sz  svctm  %util
sdb           8962.00  964.00     35.01     38.20     0.00  2038.00   0.00  67.89    0.15    0.48   0.04     4.00    40.57   0.10  98.40

2021년 08월 24일 18시 15분 05초
avg-cpu:  %user   %nice %system %iowait  %steal   %idle
           0.00    0.00    1.75    3.56    0.00   94.70

Device            r/s     w/s     rMB/s     wMB/s   rrqm/s   wrqm/s  %rrqm  %wrqm r_await w_await aqu-sz rareq-sz wareq-sz  svctm  %util
sdb           10062.00  915.00     39.30     41.25     0.00  1313.00   0.00  58.93    0.14    0.48   0.00     4.00    46.16   0.09 100.00

2021년 08월 24일 18시 15분 06초
avg-cpu:  %user   %nice %system %iowait  %steal   %idle
           0.00    0.00    1.51    2.45    0.00   96.04

Device            r/s     w/s     rMB/s     wMB/s   rrqm/s   wrqm/s  %rrqm  %wrqm r_await w_await aqu-sz rareq-sz wareq-sz  svctm  %util
sdb           9576.00  879.00     37.65     40.12    61.00  1702.00   0.63  65.94    0.15    0.49   0.00     4.03    46.74   0.10 100.00

2021년 08월 24일 18시 15분 07초
avg-cpu:  %user   %nice %system %iowait  %steal   %idle
           0.13    0.00    1.06    0.69    0.00   98.12

Device            r/s     w/s     rMB/s     wMB/s   rrqm/s   wrqm/s  %rrqm  %wrqm r_await w_await aqu-sz rareq-sz wareq-sz  svctm  %util
sdb           9744.00  911.00     38.18     40.55    29.00  1404.00   0.30  60.65    0.15    0.50   0.00     4.01    45.58   0.09 100.00

2021년 08월 24일 18시 15분 08초
avg-cpu:  %user   %nice %system %iowait  %steal   %idle
           0.00    0.00    0.82    0.82    0.00   98.37

Device            r/s     w/s     rMB/s     wMB/s   rrqm/s   wrqm/s  %rrqm  %wrqm r_await w_await aqu-sz rareq-sz wareq-sz  svctm  %util
sdb           10216.00  844.00     39.91     41.49     0.00  1083.00   0.00  56.20    0.14    0.51   0.04     4.00    50.34   0.09  98.00

2021년 08월 24일 18시 15분 09초
avg-cpu:  %user   %nice %system %iowait  %steal   %idle
           0.12    0.00    1.44    1.00    0.00   97.44

Device            r/s     w/s     rMB/s     wMB/s   rrqm/s   wrqm/s  %rrqm  %wrqm r_await w_await aqu-sz rareq-sz wareq-sz  svctm  %util
sdb           9897.00  989.00     39.02     42.21    88.00  2212.00   0.88  69.10    0.14    0.46   0.00     4.04    43.70   0.09 100.00

2021년 08월 24일 18시 15분 10초
avg-cpu:  %user   %nice %system %iowait  %steal   %idle
           0.13    0.00    2.01    2.64    0.00   95.23

Device            r/s     w/s     rMB/s     wMB/s   rrqm/s   wrqm/s  %rrqm  %wrqm r_await w_await aqu-sz rareq-sz wareq-sz  svctm  %util
sdb           8699.00  865.00     34.10     37.32    30.00  2354.00   0.34  73.13    0.15    0.51   0.00     4.01    44.18   0.10 100.00

2021년 08월 24일 18시 15분 11초
avg-cpu:  %user   %nice %system %iowait  %steal   %idle
           0.06    0.00    0.94    0.88    0.00   98.12

Device            r/s     w/s     rMB/s     wMB/s   rrqm/s   wrqm/s  %rrqm  %wrqm r_await w_await aqu-sz rareq-sz wareq-sz  svctm  %util
sdb           10114.00  828.00     39.51     40.82     0.00   909.00   0.00  52.33    0.15    0.51   0.00     4.00    50.48   0.09 100.00

2021년 08월 24일 18시 15분 12초
avg-cpu:  %user   %nice %system %iowait  %steal   %idle
           0.06    0.00    1.13    1.25    0.00   97.56

Device            r/s     w/s     rMB/s     wMB/s   rrqm/s   wrqm/s  %rrqm  %wrqm r_await w_await aqu-sz rareq-sz wareq-sz  svctm  %util
sdb           9652.00  900.00     37.82     39.97    31.00  1334.00   0.32  59.71    0.15    0.49   0.04     4.01    45.48   0.09  98.40

2021년 08월 24일 18시 15분 13초
avg-cpu:  %user   %nice %system %iowait  %steal   %idle
           0.00    0.00    1.63    2.25    0.00   96.12

Device            r/s     w/s     rMB/s     wMB/s   rrqm/s   wrqm/s  %rrqm  %wrqm r_await w_await aqu-sz rareq-sz wareq-sz  svctm  %util
sdb           9774.00  958.00     38.41     40.50    57.00  1499.00   0.58  61.01    0.14    0.46   0.00     4.02    43.29   0.09 100.00

2021년 08월 24일 18시 15분 14초
avg-cpu:  %user   %nice %system %iowait  %steal   %idle
           0.00    0.00    2.56    2.44    0.00   95.00

Device            r/s     w/s     rMB/s     wMB/s   rrqm/s   wrqm/s  %rrqm  %wrqm r_await w_await aqu-sz rareq-sz wareq-sz  svctm  %util
sdb           8850.00  993.00     34.57     38.53     0.00  2636.00   0.00  72.64    0.15    0.46   0.00     4.00    39.73   0.10 100.00

2021년 08월 24일 18시 15분 15초
avg-cpu:  %user   %nice %system %iowait  %steal   %idle
           0.00    0.00    1.00    0.94    0.00   98.06

Device            r/s     w/s     rMB/s     wMB/s   rrqm/s   wrqm/s  %rrqm  %wrqm r_await w_await aqu-sz rareq-sz wareq-sz  svctm  %util
sdb           9855.00  993.00     38.70     49.84    52.00  3708.00   0.52  78.88    0.15    0.83   0.26     4.02    51.39   0.09 100.00

2021년 08월 24일 18시 15분 16초
avg-cpu:  %user   %nice %system %iowait  %steal   %idle
           0.13    0.00    1.38    1.25    0.00   97.25

Device            r/s     w/s     rMB/s     wMB/s   rrqm/s   wrqm/s  %rrqm  %wrqm r_await w_await aqu-sz rareq-sz wareq-sz  svctm  %util
sdb           9785.00  956.00     38.22     40.29     0.00  1469.00   0.00  60.58    0.14    0.50   0.04     4.00    43.15   0.09  98.00

2021년 08월 24일 18시 15분 17초
avg-cpu:  %user   %nice %system %iowait  %steal   %idle
           0.00    0.00    2.07    1.69    0.00   96.24

Device            r/s     w/s     rMB/s     wMB/s   rrqm/s   wrqm/s  %rrqm  %wrqm r_await w_await aqu-sz rareq-sz wareq-sz  svctm  %util
sdb           9111.00 1117.00     36.30     39.93   176.00  2417.00   1.90  68.39    0.14    0.43   0.00     4.08    36.60   0.10 100.00

2021년 08월 24일 18시 15분 18초
avg-cpu:  %user   %nice %system %iowait  %steal   %idle
           0.00    0.00    0.94    0.63    0.00   98.43

Device            r/s     w/s     rMB/s     wMB/s   rrqm/s   wrqm/s  %rrqm  %wrqm r_await w_await aqu-sz rareq-sz wareq-sz  svctm  %util
sdb           9680.00  958.00     37.93     40.29    30.00  1337.00   0.31  58.26    0.15    0.47   0.00     4.01    43.06   0.09 100.00

2021년 08월 24일 18시 15분 19초
avg-cpu:  %user   %nice %system %iowait  %steal   %idle
           0.06    0.00    1.49    1.49    0.00   96.95

Device            r/s     w/s     rMB/s     wMB/s   rrqm/s   wrqm/s  %rrqm  %wrqm r_await w_await aqu-sz rareq-sz wareq-sz  svctm  %util
sdb           10126.00 1026.00     39.55     41.17     0.00   973.00   0.00  48.67    0.14    0.44   0.00     4.00    41.09   0.09 100.00

2021년 08월 24일 18시 15분 20초
avg-cpu:  %user   %nice %system %iowait  %steal   %idle
           0.00    0.00    1.38    1.57    0.00   97.05

Device            r/s     w/s     rMB/s     wMB/s   rrqm/s   wrqm/s  %rrqm  %wrqm r_await w_await aqu-sz rareq-sz wareq-sz  svctm  %util
sdb           9351.00 1006.00     36.65     39.02    30.00  1571.00   0.32  60.96    0.15    0.48   0.04     4.01    39.72   0.09  98.00

2021년 08월 24일 18시 15분 21초
avg-cpu:  %user   %nice %system %iowait  %steal   %idle
           0.06    0.00    2.74    2.25    0.00   94.95

Device            r/s     w/s     rMB/s     wMB/s   rrqm/s   wrqm/s  %rrqm  %wrqm r_await w_await aqu-sz rareq-sz wareq-sz  svctm  %util
sdb           8571.00 1143.00     33.72     38.35    60.00  2743.00   0.70  70.59    0.15    0.43   0.00     4.03    34.36   0.10 100.00

2021년 08월 24일 18시 15분 22초
avg-cpu:  %user   %nice %system %iowait  %steal   %idle
           0.00    0.00    1.00    0.63    0.00   98.37

Device            r/s     w/s     rMB/s     wMB/s   rrqm/s   wrqm/s  %rrqm  %wrqm r_await w_await aqu-sz rareq-sz wareq-sz  svctm  %util
sdb           9909.00 1108.00     38.71     41.04     0.00  1292.00   0.00  53.83    0.14    0.41   0.00     4.00    37.92   0.09 100.00

2021년 08월 24일 18시 15분 23초
avg-cpu:  %user   %nice %system %iowait  %steal   %idle
           0.00    0.00    1.13    0.75    0.00   98.12

Device            r/s     w/s     rMB/s     wMB/s   rrqm/s   wrqm/s  %rrqm  %wrqm r_await w_await aqu-sz rareq-sz wareq-sz  svctm  %util
sdb           9775.00 1034.00     38.18     40.66     0.00  1330.00   0.00  56.26    0.15    0.45   0.00     4.00    40.26   0.09 100.40

2021년 08월 24일 18시 15분 24초
avg-cpu:  %user   %nice %system %iowait  %steal   %idle
           0.12    0.00    2.30    1.49    0.00   96.08

Device            r/s     w/s     rMB/s     wMB/s   rrqm/s   wrqm/s  %rrqm  %wrqm r_await w_await aqu-sz rareq-sz wareq-sz  svctm  %util
sdb           9410.00 1055.00     36.76     39.43     0.00  1675.00   0.00  61.36    0.14    0.46   0.04     4.00    38.27   0.09  98.40

2021년 08월 24일 18시 15분 25초
avg-cpu:  %user   %nice %system %iowait  %steal   %idle
           0.00    0.00    0.94    3.70    0.00   95.36

Device            r/s     w/s     rMB/s     wMB/s   rrqm/s   wrqm/s  %rrqm  %wrqm r_await w_await aqu-sz rareq-sz wareq-sz  svctm  %util
sdb           10267.00  931.00     40.71     41.71   151.00   687.00   1.45  42.46    0.14    0.47   0.00     4.06    45.88   0.09 100.00

2021년 08월 24일 18시 15분 26초
avg-cpu:  %user   %nice %system %iowait  %steal   %idle
           0.06    0.00    2.13    2.69    0.00   95.12

Device            r/s     w/s     rMB/s     wMB/s   rrqm/s   wrqm/s  %rrqm  %wrqm r_await w_await aqu-sz rareq-sz wareq-sz  svctm  %util
sdb           9299.00  913.00     36.57     39.93    61.00  2315.00   0.65  71.72    0.15    0.50   0.00     4.03    44.79   0.10 100.00

2021년 08월 24일 18시 15분 27초
avg-cpu:  %user   %nice %system %iowait  %steal   %idle
           0.06    0.00    2.13    2.44    0.00   95.37

Device            r/s     w/s     rMB/s     wMB/s   rrqm/s   wrqm/s  %rrqm  %wrqm r_await w_await aqu-sz rareq-sz wareq-sz  svctm  %util
sdb           8949.00  916.00     34.96     38.81     0.00  2461.00   0.00  72.88    0.15    0.48   0.00     4.00    43.38   0.10 100.00

2021년 08월 24일 18시 15분 28초
avg-cpu:  %user   %nice %system %iowait  %steal   %idle
           0.00    0.00    1.19    1.00    0.00   97.81

Device            r/s     w/s     rMB/s     wMB/s   rrqm/s   wrqm/s  %rrqm  %wrqm r_await w_await aqu-sz rareq-sz wareq-sz  svctm  %util
sdb           9968.00  876.00     39.18     40.79    59.00  1191.00   0.59  57.62    0.15    0.50   0.04     4.02    47.68   0.09  98.40

2021년 08월 24일 18시 15분 29초
avg-cpu:  %user   %nice %system %iowait  %steal   %idle
           0.00    0.00    1.31    0.63    0.00   98.06

Device            r/s     w/s     rMB/s     wMB/s   rrqm/s   wrqm/s  %rrqm  %wrqm r_await w_await aqu-sz rareq-sz wareq-sz  svctm  %util
sdb           10030.00  874.00     39.18     42.12     0.00  1555.00   0.00  64.02    0.14    0.50   0.00     4.00    49.35   0.09 100.00

2021년 08월 24일 18시 15분 30초
avg-cpu:  %user   %nice %system %iowait  %steal   %idle
           0.06    0.00    1.63    1.38    0.00   96.93

Device            r/s     w/s     rMB/s     wMB/s   rrqm/s   wrqm/s  %rrqm  %wrqm r_await w_await aqu-sz rareq-sz wareq-sz  svctm  %util
sdb           9569.00  877.00     37.38     39.90     0.00  1736.00   0.00  66.44    0.15    0.51   0.00     4.00    46.59   0.10 100.00

2021년 08월 24일 18시 15분 31초
avg-cpu:  %user   %nice %system %iowait  %steal   %idle
           0.06    0.00    1.76    2.01    0.00   96.18

Device            r/s     w/s     rMB/s     wMB/s   rrqm/s   wrqm/s  %rrqm  %wrqm r_await w_await aqu-sz rareq-sz wareq-sz  svctm  %util
sdb           9209.00  956.00     35.97     39.86     0.00  2591.00   0.00  73.05    0.15    0.47   0.00     4.00    42.69   0.10 100.00

2021년 08월 24일 18시 15분 32초
avg-cpu:  %user   %nice %system %iowait  %steal   %idle
           0.00    0.00    1.13    0.88    0.00   98.00

Device            r/s     w/s     rMB/s     wMB/s   rrqm/s   wrqm/s  %rrqm  %wrqm r_await w_await aqu-sz rareq-sz wareq-sz  svctm  %util
sdb           9971.00  881.00     39.44     41.22   122.00  1208.00   1.21  57.83    0.14    0.51   0.04     4.05    47.91   0.09  98.80

2021년 08월 24일 18시 15분 33초
avg-cpu:  %user   %nice %system %iowait  %steal   %idle
           0.06    0.00    1.50    1.82    0.00   96.61

Device            r/s     w/s     rMB/s     wMB/s   rrqm/s   wrqm/s  %rrqm  %wrqm r_await w_await aqu-sz rareq-sz wareq-sz  svctm  %util
sdb           9768.00  864.00     38.16     40.74     1.00  1591.00   0.01  64.81    0.15    0.48   0.00     4.00    48.29   0.09 100.00

2021년 08월 24일 18시 15분 34초
avg-cpu:  %user   %nice %system %iowait  %steal   %idle
           0.00    0.00    2.00    2.81    0.00   95.18

Device            r/s     w/s     rMB/s     wMB/s   rrqm/s   wrqm/s  %rrqm  %wrqm r_await w_await aqu-sz rareq-sz wareq-sz  svctm  %util
sdb           9593.00  951.00     37.47     40.30     0.00  1639.00   0.00  63.28    0.14    0.47   0.00     4.00    43.39   0.09 100.00

2021년 08월 24일 18시 15분 35초
avg-cpu:  %user   %nice %system %iowait  %steal   %idle
           0.19    0.00    1.76    2.58    0.00   95.47

Device            r/s     w/s     rMB/s     wMB/s   rrqm/s   wrqm/s  %rrqm  %wrqm r_await w_await aqu-sz rareq-sz wareq-sz  svctm  %util
sdb           8864.00  922.00     34.74     38.06    30.00  2274.00   0.34  71.15    0.15    0.50   0.00     4.01    42.27   0.10 100.00

2021년 08월 24일 18시 15분 36초
avg-cpu:  %user   %nice %system %iowait  %steal   %idle
           0.06    0.00    1.13    0.75    0.00   98.06

Device            r/s     w/s     rMB/s     wMB/s   rrqm/s   wrqm/s  %rrqm  %wrqm r_await w_await aqu-sz rareq-sz wareq-sz  svctm  %util
sdb           9926.00  919.00     38.77     40.65     0.00  1059.00   0.00  53.54    0.14    0.50   0.04     4.00    45.29   0.09  98.40

2021년 08월 24일 18시 15분 37초
avg-cpu:  %user   %nice %system %iowait  %steal   %idle
           0.06    0.00    1.69    1.81    0.00   96.44

Device            r/s     w/s     rMB/s     wMB/s   rrqm/s   wrqm/s  %rrqm  %wrqm r_await w_await aqu-sz rareq-sz wareq-sz  svctm  %util
sdb           9807.00  957.00     38.63     40.65    81.00  1288.00   0.82  57.37    0.14    0.47   0.00     4.03    43.49   0.09  99.60

2021년 08월 24일 18시 15분 38초
avg-cpu:  %user   %nice %system %iowait  %steal   %idle
           0.00    0.00    2.32    1.69    0.00   95.99

Device            r/s     w/s     rMB/s     wMB/s   rrqm/s   wrqm/s  %rrqm  %wrqm r_await w_await aqu-sz rareq-sz wareq-sz  svctm  %util
sdb           9127.00 1047.00     35.65     39.62     0.00  2342.00   0.00  69.11    0.15    0.45   0.00     4.00    38.75   0.10 100.40

2021년 08월 24일 18시 15분 39초
avg-cpu:  %user   %nice %system %iowait  %steal   %idle
           0.13    0.00    1.25    0.69    0.00   97.93

Device            r/s     w/s     rMB/s     wMB/s   rrqm/s   wrqm/s  %rrqm  %wrqm r_await w_await aqu-sz rareq-sz wareq-sz  svctm  %util
sdb           9379.00  999.00     37.00     39.49    92.00  1722.00   0.97  63.29    0.15    0.45   0.00     4.04    40.48   0.10 100.00

2021년 08월 24일 18시 15분 40초
avg-cpu:  %user   %nice %system %iowait  %steal   %idle
           0.00    0.00    1.25    1.94    0.00   96.81

Device            r/s     w/s     rMB/s     wMB/s   rrqm/s   wrqm/s  %rrqm  %wrqm r_await w_await aqu-sz rareq-sz wareq-sz  svctm  %util
sdb           9211.00 1063.00     36.10     39.43    30.00  2158.00   0.32  67.00    0.15    0.45   0.04     4.01    37.99   0.10  98.40

2021년 08월 24일 18시 15분 41초
avg-cpu:  %user   %nice %system %iowait  %steal   %idle
           0.12    0.00    1.12    0.81    0.00   97.94

Device            r/s     w/s     rMB/s     wMB/s   rrqm/s   wrqm/s  %rrqm  %wrqm r_await w_await aqu-sz rareq-sz wareq-sz  svctm  %util
sdb           10257.00  967.00     40.07     42.05     0.00  1266.00   0.00  56.70    0.14    0.46   0.00     4.00    44.53   0.09  99.60

2021년 08월 24일 18시 15분 42초
avg-cpu:  %user   %nice %system %iowait  %steal   %idle
           0.00    0.00    0.88    0.82    0.00   98.31

Device            r/s     w/s     rMB/s     wMB/s   rrqm/s   wrqm/s  %rrqm  %wrqm r_await w_await aqu-sz rareq-sz wareq-sz  svctm  %util
sdb           10207.00  988.00     39.87     42.21     0.00  1342.00   0.00  57.60    0.14    0.45   0.00     4.00    43.75   0.09 100.00

2021년 08월 24일 18시 15분 43초
avg-cpu:  %user   %nice %system %iowait  %steal   %idle
           0.12    0.00    2.00    1.18    0.00   96.70

Device            r/s     w/s     rMB/s     wMB/s   rrqm/s   wrqm/s  %rrqm  %wrqm r_await w_await aqu-sz rareq-sz wareq-sz  svctm  %util
sdb           9690.00 1039.00     38.10     40.91    61.00  2034.00   0.63  66.19    0.14    0.44   0.00     4.03    40.32   0.09 100.40

2021년 08월 24일 18시 15분 44초
avg-cpu:  %user   %nice %system %iowait  %steal   %idle
           0.06    0.00    1.88    1.88    0.00   96.18

Device            r/s     w/s     rMB/s     wMB/s   rrqm/s   wrqm/s  %rrqm  %wrqm r_await w_await aqu-sz rareq-sz wareq-sz  svctm  %util
sdb           8639.00 1084.00     33.99     37.47    61.00  2553.00   0.70  70.20    0.15    0.45   0.04     4.03    35.39   0.10  98.00

2021년 08월 24일 18시 15분 45초
avg-cpu:  %user   %nice %system %iowait  %steal   %idle
           0.00    0.00    2.00    1.75    0.00   96.25

Device            r/s     w/s     rMB/s     wMB/s   rrqm/s   wrqm/s  %rrqm  %wrqm r_await w_await aqu-sz rareq-sz wareq-sz  svctm  %util
sdb           9547.00 1098.00     37.41     40.36    29.00  1807.00   0.30  62.20    0.14    0.43   0.00     4.01    37.64   0.09 100.00

2021년 08월 24일 18시 15분 46초
avg-cpu:  %user   %nice %system %iowait  %steal   %idle
           0.06    0.00    1.56    1.12    0.00   97.25

Device            r/s     w/s     rMB/s     wMB/s   rrqm/s   wrqm/s  %rrqm  %wrqm r_await w_await aqu-sz rareq-sz wareq-sz  svctm  %util
sdb           9593.00 1260.00     37.47     48.31     0.00  3296.00   0.00  72.34    0.15    0.68   0.20     4.00    39.26   0.09  99.60

2021년 08월 24일 18시 15분 47초
avg-cpu:  %user   %nice %system %iowait  %steal   %idle
           0.06    0.00    2.32    2.07    0.00   95.56

Device            r/s     w/s     rMB/s     wMB/s   rrqm/s   wrqm/s  %rrqm  %wrqm r_await w_await aqu-sz rareq-sz wareq-sz  svctm  %util
sdb           9073.00 1057.00     36.05     38.99   154.00  1951.00   1.67  64.86    0.14    0.44   0.00     4.07    37.77   0.10 100.40

2021년 08월 24일 18시 15분 48초
avg-cpu:  %user   %nice %system %iowait  %steal   %idle
           0.06    0.00    4.36    1.37    0.00   94.20

Device            r/s     w/s     rMB/s     wMB/s   rrqm/s   wrqm/s  %rrqm  %wrqm r_await w_await aqu-sz rareq-sz wareq-sz  svctm  %util
sdb           6701.00 1103.00     26.18     32.92     0.00  4610.00   0.00  80.69    0.17    0.47   0.04     4.00    30.56   0.13  98.40

2021년 08월 24일 18시 15분 49초
avg-cpu:  %user   %nice %system %iowait  %steal   %idle
           0.13    0.00    2.07    2.13    0.00   95.68

Device            r/s     w/s     rMB/s     wMB/s   rrqm/s   wrqm/s  %rrqm  %wrqm r_await w_await aqu-sz rareq-sz wareq-sz  svctm  %util
sdb           8938.00 1045.00     35.28     38.25    91.00  2241.00   1.01  68.20    0.15    0.45   0.00     4.04    37.48   0.10 100.00

2021년 08월 24일 18시 15분 50초
avg-cpu:  %user   %nice %system %iowait  %steal   %idle
           0.00    0.00    1.44    1.13    0.00   97.44

Device            r/s     w/s     rMB/s     wMB/s   rrqm/s   wrqm/s  %rrqm  %wrqm r_await w_await aqu-sz rareq-sz wareq-sz  svctm  %util
sdb           9990.00 1022.00     39.50     40.52   120.00   820.00   1.19  44.52    0.14    0.44   0.00     4.05    40.59   0.09 100.00

2021년 08월 24일 18시 15분 51초
avg-cpu:  %user   %nice %system %iowait  %steal   %idle
           0.06    0.00    1.26    1.88    0.00   96.80

Device            r/s     w/s     rMB/s     wMB/s   rrqm/s   wrqm/s  %rrqm  %wrqm r_await w_await aqu-sz rareq-sz wareq-sz  svctm  %util
sdb           9420.00 1081.00     36.80     39.80     0.00  1656.00   0.00  60.50    0.15    0.43   0.00     4.00    37.70   0.10 100.00

2021년 08월 24일 18시 15분 52초
avg-cpu:  %user   %nice %system %iowait  %steal   %idle
           0.00    0.00    1.25    2.19    0.00   96.56

Device            r/s     w/s     rMB/s     wMB/s   rrqm/s   wrqm/s  %rrqm  %wrqm r_await w_await aqu-sz rareq-sz wareq-sz  svctm  %util
sdb           9996.00  969.00     39.05     40.53     0.00   946.00   0.00  49.40    0.14    0.49   0.04     4.00    42.83   0.09  98.40

2021년 08월 24일 18시 15분 53초
avg-cpu:  %user   %nice %system %iowait  %steal   %idle
           0.06    0.00    1.31    1.31    0.00   97.31

Device            r/s     w/s     rMB/s     wMB/s   rrqm/s   wrqm/s  %rrqm  %wrqm r_await w_await aqu-sz rareq-sz wareq-sz  svctm  %util
sdb           9719.00 1107.00     37.96     40.53     0.00  1594.00   0.00  59.02    0.15    0.42   0.00     4.00    37.49   0.09 100.00

2021년 08월 24일 18시 15분 54초
avg-cpu:  %user   %nice %system %iowait  %steal   %idle
           0.00    0.00    1.26    0.94    0.00   97.80

Device            r/s     w/s     rMB/s     wMB/s   rrqm/s   wrqm/s  %rrqm  %wrqm r_await w_await aqu-sz rareq-sz wareq-sz  svctm  %util
sdb           9340.00 1033.00     36.48     39.56     0.00  2020.00   0.00  66.16    0.15    0.44   0.00     4.00    39.22   0.10 100.00

2021년 08월 24일 18시 15분 55초
avg-cpu:  %user   %nice %system %iowait  %steal   %idle
           0.06    0.00    1.76    1.88    0.00   96.30

Device            r/s     w/s     rMB/s     wMB/s   rrqm/s   wrqm/s  %rrqm  %wrqm r_await w_await aqu-sz rareq-sz wareq-sz  svctm  %util
sdb           9028.00 1091.00     35.27     38.54     0.00  2033.00   0.00  65.08    0.15    0.43   0.00     4.00    36.17   0.10 100.00

2021년 08월 24일 18시 15분 56초
avg-cpu:  %user   %nice %system %iowait  %steal   %idle
           0.06    0.00    1.50    0.87    0.00   97.57

Device            r/s     w/s     rMB/s     wMB/s   rrqm/s   wrqm/s  %rrqm  %wrqm r_await w_await aqu-sz rareq-sz wareq-sz  svctm  %util
sdb           9776.00 1001.00     38.31     39.89    30.00  1125.00   0.31  52.92    0.14    0.48   0.04     4.01    40.81   0.09  98.80

2021년 08월 24일 18시 15분 57초
avg-cpu:  %user   %nice %system %iowait  %steal   %idle
           0.00    0.00    1.19    3.19    0.00   95.62

Device            r/s     w/s     rMB/s     wMB/s   rrqm/s   wrqm/s  %rrqm  %wrqm r_await w_await aqu-sz rareq-sz wareq-sz  svctm  %util
sdb           10151.00  968.00     39.77     41.35    29.00   810.00   0.28  45.56    0.14    0.45   0.00     4.01    43.74   0.09 100.00

2021년 08월 24일 18시 15분 58초
avg-cpu:  %user   %nice %system %iowait  %steal   %idle
           0.12    0.00    2.99    1.75    0.00   95.13

Device            r/s     w/s     rMB/s     wMB/s   rrqm/s   wrqm/s  %rrqm  %wrqm r_await w_await aqu-sz rareq-sz wareq-sz  svctm  %util
sdb           8544.00 1002.00     33.38     37.78     0.00  2882.00   0.00  74.20    0.15    0.49   0.00     4.00    38.61   0.10  99.60

2021년 08월 24일 18시 15분 59초
avg-cpu:  %user   %nice %system %iowait  %steal   %idle
           0.00    0.00    1.25    0.82    0.00   97.93

Device            r/s     w/s     rMB/s     wMB/s   rrqm/s   wrqm/s  %rrqm  %wrqm r_await w_await aqu-sz rareq-sz wareq-sz  svctm  %util
sdb           9510.00 1025.00     37.15     39.87     0.00  1856.00   0.00  64.42    0.15    0.45   0.00     4.00    39.83   0.10 100.40

2021년 08월 24일 18시 16분 00초
avg-cpu:  %user   %nice %system %iowait  %steal   %idle
           0.12    0.00    2.19    1.62    0.00   96.06

Device            r/s     w/s     rMB/s     wMB/s   rrqm/s   wrqm/s  %rrqm  %wrqm r_await w_await aqu-sz rareq-sz wareq-sz  svctm  %util
sdb           8747.00  980.00     35.14     38.05   245.00  2314.00   2.72  70.25    0.15    0.50   0.04     4.11    39.76   0.10  98.40

2021년 08월 24일 18시 16분 01초
avg-cpu:  %user   %nice %system %iowait  %steal   %idle
           0.00    0.00    1.50    1.06    0.00   97.43

Device            r/s     w/s     rMB/s     wMB/s   rrqm/s   wrqm/s  %rrqm  %wrqm r_await w_await aqu-sz rareq-sz wareq-sz  svctm  %util
sdb           10012.00  931.00     39.11     42.16     0.00  1572.00   0.00  62.80    0.14    0.49   0.00     4.00    46.37   0.09 100.00

2021년 08월 24일 18시 16분 02초
avg-cpu:  %user   %nice %system %iowait  %steal   %idle
           0.19    0.00    3.13    1.44    0.00   95.24

Device            r/s     w/s     rMB/s     wMB/s   rrqm/s   wrqm/s  %rrqm  %wrqm r_await w_await aqu-sz rareq-sz wareq-sz  svctm  %util
sdb           7616.00 1034.00     29.75     35.51     0.00  3453.00   0.00  76.96    0.16    0.47   0.00     4.00    35.17   0.12 100.00

2021년 08월 24일 18시 16분 03초
avg-cpu:  %user   %nice %system %iowait  %steal   %idle
           0.06    0.00    3.24    2.68    0.00   94.02

Device            r/s     w/s     rMB/s     wMB/s   rrqm/s   wrqm/s  %rrqm  %wrqm r_await w_await aqu-sz rareq-sz wareq-sz  svctm  %util
sdb           8354.00  943.00     32.63     36.35     0.00  2347.00   0.00  71.34    0.15    0.47   0.00     4.00    39.47   0.11 100.00

2021년 08월 24일 18시 16분 04초
avg-cpu:  %user   %nice %system %iowait  %steal   %idle
           0.06    0.00    1.75    1.00    0.00   97.19

Device            r/s     w/s     rMB/s     wMB/s   rrqm/s   wrqm/s  %rrqm  %wrqm r_await w_await aqu-sz rareq-sz wareq-sz  svctm  %util
sdb           9662.00  897.00     37.99     40.05    62.00  1309.00   0.64  59.34    0.15    0.50   0.04     4.03    45.72   0.09  98.00

2021년 08월 24일 18시 16분 05초
avg-cpu:  %user   %nice %system %iowait  %steal   %idle
           0.06    0.00    1.06    0.75    0.00   98.12

Device            r/s     w/s     rMB/s     wMB/s   rrqm/s   wrqm/s  %rrqm  %wrqm r_await w_await aqu-sz rareq-sz wareq-sz  svctm  %util
sdb           10128.00  867.00     39.68     41.59    30.00  1296.00   0.30  59.92    0.14    0.50   0.00     4.01    49.13   0.09 100.00

2021년 08월 24일 18시 16분 06초
avg-cpu:  %user   %nice %system %iowait  %steal   %idle
           0.00    0.00    1.19    3.57    0.00   95.24

Device            r/s     w/s     rMB/s     wMB/s   rrqm/s   wrqm/s  %rrqm  %wrqm r_await w_await aqu-sz rareq-sz wareq-sz  svctm  %util
sdb           10106.00  835.00     39.60     40.76    30.00   766.00   0.30  47.85    0.15    0.49   0.00     4.01    49.98   0.09 100.00

2021년 08월 24일 18시 16분 07초
avg-cpu:  %user   %nice %system %iowait  %steal   %idle
           0.06    0.00    1.38    0.63    0.00   97.93

Device            r/s     w/s     rMB/s     wMB/s   rrqm/s   wrqm/s  %rrqm  %wrqm r_await w_await aqu-sz rareq-sz wareq-sz  svctm  %util
sdb           9611.00  939.00     37.78     40.11    59.00  2107.00   0.61  69.17    0.15    0.48   0.00     4.03    43.74   0.09 100.00

2021년 08월 24일 18시 16분 08초
avg-cpu:  %user   %nice %system %iowait  %steal   %idle
           0.06    0.00    2.00    2.50    0.00   95.43

Device            r/s     w/s     rMB/s     wMB/s   rrqm/s   wrqm/s  %rrqm  %wrqm r_await w_await aqu-sz rareq-sz wareq-sz  svctm  %util
sdb           9174.00  842.00     35.84     39.20     0.00  1914.00   0.00  69.45    0.15    0.53   0.03     4.00    47.67   0.10  98.40

2021년 08월 24일 18시 16분 09초
avg-cpu:  %user   %nice %system %iowait  %steal   %idle
           0.06    0.00    2.69    2.00    0.00   95.25

Device            r/s     w/s     rMB/s     wMB/s   rrqm/s   wrqm/s  %rrqm  %wrqm r_await w_await aqu-sz rareq-sz wareq-sz  svctm  %util
sdb           8796.00  943.00     34.36     38.20     0.00  2407.00   0.00  71.85    0.15    0.48   0.00     4.00    41.48   0.10 100.00

2021년 08월 24일 18시 16분 10초
avg-cpu:  %user   %nice %system %iowait  %steal   %idle
           0.12    0.00    2.19    1.62    0.00   96.06

Device            r/s     w/s     rMB/s     wMB/s   rrqm/s   wrqm/s  %rrqm  %wrqm r_await w_await aqu-sz rareq-sz wareq-sz  svctm  %util
sdb           9443.00  913.00     37.25     39.64    90.00  1709.00   0.94  65.18    0.14    0.48   0.00     4.04    44.46   0.10 100.00

2021년 08월 24일 18시 16분 11초
avg-cpu:  %user   %nice %system %iowait  %steal   %idle
           0.12    0.00    2.94    1.62    0.00   95.31

Device            r/s     w/s     rMB/s     wMB/s   rrqm/s   wrqm/s  %rrqm  %wrqm r_await w_await aqu-sz rareq-sz wareq-sz  svctm  %util
sdb           8659.00 1014.00     33.82     38.29     0.00  2845.00   0.00  73.72    0.15    0.48   0.00     4.00    38.67   0.10 100.00

2021년 08월 24일 18시 16분 12초
avg-cpu:  %user   %nice %system %iowait  %steal   %idle
           0.06    0.00    2.69    1.06    0.00   96.19

Device            r/s     w/s     rMB/s     wMB/s   rrqm/s   wrqm/s  %rrqm  %wrqm r_await w_await aqu-sz rareq-sz wareq-sz  svctm  %util
sdb           8312.00  997.00     32.47     37.21     0.00  2830.00   0.00  73.95    0.16    0.49   0.04     4.00    38.21   0.11  98.00

2021년 08월 24일 18시 16분 13초
avg-cpu:  %user   %nice %system %iowait  %steal   %idle
           0.06    0.00    1.38    0.63    0.00   97.93

Device            r/s     w/s     rMB/s     wMB/s   rrqm/s   wrqm/s  %rrqm  %wrqm r_await w_await aqu-sz rareq-sz wareq-sz  svctm  %util
sdb           10261.00  916.00     40.08     42.25     0.00  1243.00   0.00  57.57    0.14    0.48   0.00     4.00    47.23   0.09 100.00

2021년 08월 24일 18시 16분 14초
avg-cpu:  %user   %nice %system %iowait  %steal   %idle
           0.00    0.00    1.38    3.20    0.00   95.42

Device            r/s     w/s     rMB/s     wMB/s   rrqm/s   wrqm/s  %rrqm  %wrqm r_await w_await aqu-sz rareq-sz wareq-sz  svctm  %util
sdb           9998.00  870.00     39.30     41.34    61.00  1735.00   0.61  66.60    0.14    0.48   0.00     4.03    48.66   0.09 100.00

2021년 08월 24일 18시 16분 15초
avg-cpu:  %user   %nice %system %iowait  %steal   %idle
           0.06    0.00    2.12    1.37    0.00   96.44

Device            r/s     w/s     rMB/s     wMB/s   rrqm/s   wrqm/s  %rrqm  %wrqm r_await w_await aqu-sz rareq-sz wareq-sz  svctm  %util
sdb           9203.00  943.00     36.44     39.68   122.00  2177.00   1.31  69.78    0.15    0.47   0.00     4.05    43.09   0.10 100.00

2021년 08월 24일 18시 16분 16초
avg-cpu:  %user   %nice %system %iowait  %steal   %idle
           0.06    0.00    1.19    2.94    0.00   95.82

Device            r/s     w/s     rMB/s     wMB/s   rrqm/s   wrqm/s  %rrqm  %wrqm r_await w_await aqu-sz rareq-sz wareq-sz  svctm  %util
sdb           10026.00  922.00     39.41     49.14    60.00  2840.00   0.59  75.49    0.15    0.83   0.12     4.02    54.58   0.09  98.40

2021년 08월 24일 18시 16분 17초
avg-cpu:  %user   %nice %system %iowait  %steal   %idle
           0.06    0.00    1.43    1.93    0.00   96.57

Device            r/s     w/s     rMB/s     wMB/s   rrqm/s   wrqm/s  %rrqm  %wrqm r_await w_await aqu-sz rareq-sz wareq-sz  svctm  %util
sdb           10401.00  833.00     40.63     41.98     0.00  1084.00   0.00  56.55    0.14    0.51   0.00     4.00    51.60   0.09 100.00

2021년 08월 24일 18시 16분 18초
avg-cpu:  %user   %nice %system %iowait  %steal   %idle
           0.00    0.00    1.13    0.69    0.00   98.19

Device            r/s     w/s     rMB/s     wMB/s   rrqm/s   wrqm/s  %rrqm  %wrqm r_await w_await aqu-sz rareq-sz wareq-sz  svctm  %util
sdb           10207.00  877.00     40.24     42.09    92.00  1429.00   0.89  61.97    0.14    0.49   0.00     4.04    49.14   0.09 100.00

2021년 08월 24일 18시 16분 19초
avg-cpu:  %user   %nice %system %iowait  %steal   %idle
           0.06    0.00    1.38    2.44    0.00   96.12

Device            r/s     w/s     rMB/s     wMB/s   rrqm/s   wrqm/s  %rrqm  %wrqm r_await w_await aqu-sz rareq-sz wareq-sz  svctm  %util
sdb           9882.00  896.00     38.72     40.80    29.00  1200.00   0.29  57.25    0.15    0.49   0.00     4.01    46.63   0.09 100.00

2021년 08월 24일 18시 16분 20초
avg-cpu:  %user   %nice %system %iowait  %steal   %idle
           0.00    0.00    2.56    2.69    0.00   94.75

Device            r/s     w/s     rMB/s     wMB/s   rrqm/s   wrqm/s  %rrqm  %wrqm r_await w_await aqu-sz rareq-sz wareq-sz  svctm  %util
sdb           8569.00  926.00     33.47     37.69     0.00  2766.00   0.00  74.92    0.15    0.51   0.04     4.00    41.68   0.10  98.80

2021년 08월 24일 18시 16분 21초
avg-cpu:  %user   %nice %system %iowait  %steal   %idle
           0.06    0.00    1.06    0.88    0.00   98.00

Device            r/s     w/s     rMB/s     wMB/s   rrqm/s   wrqm/s  %rrqm  %wrqm r_await w_await aqu-sz rareq-sz wareq-sz  svctm  %util
sdb           9881.00  998.00     38.71     41.19    29.00  1734.00   0.29  63.47    0.15    0.45   0.00     4.01    42.26   0.09 100.00

2021년 08월 24일 18시 16분 22초
avg-cpu:  %user   %nice %system %iowait  %steal   %idle
           0.13    0.00    1.32    1.25    0.00   97.31

Device            r/s     w/s     rMB/s     wMB/s   rrqm/s   wrqm/s  %rrqm  %wrqm r_await w_await aqu-sz rareq-sz wareq-sz  svctm  %util
sdb           9708.00  979.00     38.04     40.67    30.00  1783.00   0.31  64.55    0.14    0.47   0.00     4.01    42.54   0.09 100.00

2021년 08월 24일 18시 16분 23초
avg-cpu:  %user   %nice %system %iowait  %steal   %idle
           0.06    0.00    2.81    1.75    0.00   95.37

Device            r/s     w/s     rMB/s     wMB/s   rrqm/s   wrqm/s  %rrqm  %wrqm r_await w_await aqu-sz rareq-sz wareq-sz  svctm  %util
sdb           8382.18 1011.88     33.34     37.34   147.52  2776.24   1.73  73.29    0.15    0.45   0.00     4.07    37.79   0.11  99.01

2021년 08월 24일 18시 16분 24초
avg-cpu:  %user   %nice %system %iowait  %steal   %idle
           0.12    0.00    2.12    1.81    0.00   95.95

Device            r/s     w/s     rMB/s     wMB/s   rrqm/s   wrqm/s  %rrqm  %wrqm r_await w_await aqu-sz rareq-sz wareq-sz  svctm  %util
sdb           9489.00  848.00     37.07     39.69     0.00  1620.00   0.00  65.64    0.15    0.53   0.04     4.00    47.92   0.10  98.40

2021년 08월 24일 18시 16분 25초
avg-cpu:  %user   %nice %system %iowait  %steal   %idle
           0.00    0.00    1.13    0.56    0.00   98.31

Device            r/s     w/s     rMB/s     wMB/s   rrqm/s   wrqm/s  %rrqm  %wrqm r_await w_await aqu-sz rareq-sz wareq-sz  svctm  %util
sdb           10916.00  851.00     42.64     44.19     0.00   836.00   0.00  49.56    0.14    0.49   0.00     4.00    53.18   0.08 100.00

2021년 08월 24일 18시 16분 26초
avg-cpu:  %user   %nice %system %iowait  %steal   %idle
           0.06    0.00    1.07    0.63    0.00   98.25

Device            r/s     w/s     rMB/s     wMB/s   rrqm/s   wrqm/s  %rrqm  %wrqm r_await w_await aqu-sz rareq-sz wareq-sz  svctm  %util
sdb           10073.00  915.00     39.35     41.39     0.00  1338.00   0.00  59.39    0.14    0.49   0.00     4.00    46.32   0.09 100.00

2021년 08월 24일 18시 16분 27초
avg-cpu:  %user   %nice %system %iowait  %steal   %idle
           0.06    0.00    1.94    2.81    0.00   95.19

Device            r/s     w/s     rMB/s     wMB/s   rrqm/s   wrqm/s  %rrqm  %wrqm r_await w_await aqu-sz rareq-sz wareq-sz  svctm  %util
sdb           9037.00  985.00     35.30     38.52     0.00  2117.00   0.00  68.25    0.15    0.50   0.04     4.00    40.04   0.10  98.40

2021년 08월 24일 18시 16분 28초
avg-cpu:  %user   %nice %system %iowait  %steal   %idle
           0.00    0.00    1.44    1.38    0.00   97.19

Device            r/s     w/s     rMB/s     wMB/s   rrqm/s   wrqm/s  %rrqm  %wrqm r_await w_await aqu-sz rareq-sz wareq-sz  svctm  %util
sdb           10055.00  913.00     39.52     41.70    61.00  1432.00   0.60  61.07    0.14    0.49   0.00     4.03    46.76   0.09 100.00

2021년 08월 24일 18시 16분 29초
avg-cpu:  %user   %nice %system %iowait  %steal   %idle
           0.06    0.00    1.82    1.88    0.00   96.23

Device            r/s     w/s     rMB/s     wMB/s   rrqm/s   wrqm/s  %rrqm  %wrqm r_await w_await aqu-sz rareq-sz wareq-sz  svctm  %util
sdb           9217.00  949.00     36.24     40.81    60.00  2995.00   0.65  75.94    0.15    0.49   0.00     4.03    44.03   0.10 100.00

2021년 08월 24일 18시 16분 30초
avg-cpu:  %user   %nice %system %iowait  %steal   %idle
           0.00    0.00    1.07    0.63    0.00   98.31

Device            r/s     w/s     rMB/s     wMB/s   rrqm/s   wrqm/s  %rrqm  %wrqm r_await w_await aqu-sz rareq-sz wareq-sz  svctm  %util
sdb           10380.00  884.00     40.55     42.35     0.00  1019.00   0.00  53.55    0.14    0.48   0.00     4.00    49.05   0.09 100.00

2021년 08월 24일 18시 16분 31초
avg-cpu:  %user   %nice %system %iowait  %steal   %idle
           0.06    0.00    1.44    0.88    0.00   97.62

Device            r/s     w/s     rMB/s     wMB/s   rrqm/s   wrqm/s  %rrqm  %wrqm r_await w_await aqu-sz rareq-sz wareq-sz  svctm  %util
sdb           9675.00  843.00     37.79     40.31     0.00  1312.00   0.00  60.88    0.15    0.51   0.04     4.00    48.97   0.09  98.80

2021년 08월 24일 18시 16분 32초
avg-cpu:  %user   %nice %system %iowait  %steal   %idle
           0.06    0.00    1.32    1.19    0.00   97.43

Device            r/s     w/s     rMB/s     wMB/s   rrqm/s   wrqm/s  %rrqm  %wrqm r_await w_await aqu-sz rareq-sz wareq-sz  svctm  %util
sdb           9638.00  922.00     38.01     41.23    92.00  1853.00   0.95  66.77    0.15    0.48   0.00     4.04    45.79   0.09 100.00

2021년 08월 24일 18시 16분 33초
avg-cpu:  %user   %nice %system %iowait  %steal   %idle
           0.00    0.00    1.82    2.01    0.00   96.17

Device            r/s     w/s     rMB/s     wMB/s   rrqm/s   wrqm/s  %rrqm  %wrqm r_await w_await aqu-sz rareq-sz wareq-sz  svctm  %util
sdb           9252.00  967.00     36.26     39.06    30.00  2008.00   0.32  67.50    0.15    0.47   0.00     4.01    41.36   0.10 100.00

2021년 08월 24일 18시 16분 34초
avg-cpu:  %user   %nice %system %iowait  %steal   %idle
           0.00    0.00    0.94    1.32    0.00   97.74

Device            r/s     w/s     rMB/s     wMB/s   rrqm/s   wrqm/s  %rrqm  %wrqm r_await w_await aqu-sz rareq-sz wareq-sz  svctm  %util
sdb           10321.00  892.00     40.56     42.71    61.00  1533.00   0.59  63.22    0.14    0.49   0.00     4.02    49.04   0.09 100.00

2021년 08월 24일 18시 16분 35초
avg-cpu:  %user   %nice %system %iowait  %steal   %idle
           0.06    0.00    1.95    2.26    0.00   95.73

Device            r/s     w/s     rMB/s     wMB/s   rrqm/s   wrqm/s  %rrqm  %wrqm r_await w_await aqu-sz rareq-sz wareq-sz  svctm  %util
sdb           8892.00  934.00     34.98     38.13    61.00  2340.00   0.68  71.47    0.15    0.49   0.04     4.03    41.80   0.10  98.40

2021년 08월 24일 18시 16분 36초
avg-cpu:  %user   %nice %system %iowait  %steal   %idle
           0.00    0.00    1.13    0.69    0.00   98.19

Device            r/s     w/s     rMB/s     wMB/s   rrqm/s   wrqm/s  %rrqm  %wrqm r_await w_await aqu-sz rareq-sz wareq-sz  svctm  %util
sdb           10438.00  876.00     41.25     42.37   119.00  1032.00   1.13  54.09    0.14    0.49   0.00     4.05    49.53   0.09 100.00

2021년 08월 24일 18시 16분 37초
avg-cpu:  %user   %nice %system %iowait  %steal   %idle
           0.00    0.00    1.44    0.69    0.00   97.87

Device            r/s     w/s     rMB/s     wMB/s   rrqm/s   wrqm/s  %rrqm  %wrqm r_await w_await aqu-sz rareq-sz wareq-sz  svctm  %util
sdb           9703.00  896.00     38.03     40.61    31.00  1553.00   0.32  63.41    0.15    0.49   0.00     4.01    46.41   0.09 100.00

2021년 08월 24일 18시 16분 38초
avg-cpu:  %user   %nice %system %iowait  %steal   %idle
           0.00    0.00    1.38    1.45    0.00   97.17

Device            r/s     w/s     rMB/s     wMB/s   rrqm/s   wrqm/s  %rrqm  %wrqm r_await w_await aqu-sz rareq-sz wareq-sz  svctm  %util
sdb           9579.00  902.00     37.42     40.51     0.00  1894.00   0.00  67.74    0.15    0.48   0.00     4.00    45.99   0.10 100.00

2021년 08월 24일 18시 16분 39초
avg-cpu:  %user   %nice %system %iowait  %steal   %idle
           0.06    0.00    1.44    1.13    0.00   97.37

Device            r/s     w/s     rMB/s     wMB/s   rrqm/s   wrqm/s  %rrqm  %wrqm r_await w_await aqu-sz rareq-sz wareq-sz  svctm  %util
sdb           9737.00  887.00     38.27     40.60    58.00  1731.00   0.59  66.12    0.14    0.52   0.04     4.02    46.87   0.09  98.00

2021년 08월 24일 18시 16분 40초
avg-cpu:  %user   %nice %system %iowait  %steal   %idle
           0.06    0.00    2.01    2.88    0.00   95.05

Device            r/s     w/s     rMB/s     wMB/s   rrqm/s   wrqm/s  %rrqm  %wrqm r_await w_await aqu-sz rareq-sz wareq-sz  svctm  %util
sdb           9408.00  882.00     36.75     40.22     0.00  2050.00   0.00  69.92    0.15    0.49   0.00     4.00    46.70   0.10 100.00

2021년 08월 24일 18시 16분 41초
avg-cpu:  %user   %nice %system %iowait  %steal   %idle
           0.13    0.00    2.52    2.52    0.00   94.84

Device            r/s     w/s     rMB/s     wMB/s   rrqm/s   wrqm/s  %rrqm  %wrqm r_await w_await aqu-sz rareq-sz wareq-sz  svctm  %util
sdb           8495.00  930.00     33.18     37.66     0.00  3475.00   0.00  78.89    0.15    0.50   0.00     4.00    41.47   0.11 100.00

2021년 08월 24일 18시 16분 42초
avg-cpu:  %user   %nice %system %iowait  %steal   %idle
           0.06    0.00    0.94    1.06    0.00   97.93

Device            r/s     w/s     rMB/s     wMB/s   rrqm/s   wrqm/s  %rrqm  %wrqm r_await w_await aqu-sz rareq-sz wareq-sz  svctm  %util
sdb           10233.00  861.00     39.97     41.83     0.00   943.00   0.00  52.27    0.14    0.50   0.00     4.00    49.75   0.09 100.00

2021년 08월 24일 18시 16분 43초
avg-cpu:  %user   %nice %system %iowait  %steal   %idle
           0.06    0.00    1.38    0.88    0.00   97.68

Device            r/s     w/s     rMB/s     wMB/s   rrqm/s   wrqm/s  %rrqm  %wrqm r_await w_await aqu-sz rareq-sz wareq-sz  svctm  %util
sdb           9755.00  882.00     38.11     40.32     0.00  1257.00   0.00  58.77    0.15    0.51   0.04     4.00    46.81   0.09  98.40

2021년 08월 24일 18시 16분 44초
avg-cpu:  %user   %nice %system %iowait  %steal   %idle
           0.06    0.00    1.13    1.13    0.00   97.68

Device            r/s     w/s     rMB/s     wMB/s   rrqm/s   wrqm/s  %rrqm  %wrqm r_await w_await aqu-sz rareq-sz wareq-sz  svctm  %util
sdb           9807.00  897.00     38.31     40.70     0.00  1501.00   0.00  62.59    0.15    0.49   0.00     4.00    46.46   0.09 100.00

2021년 08월 24일 18시 16분 45초
avg-cpu:  %user   %nice %system %iowait  %steal   %idle
           0.00    0.00    1.38    1.31    0.00   97.31

Device            r/s     w/s     rMB/s     wMB/s   rrqm/s   wrqm/s  %rrqm  %wrqm r_await w_await aqu-sz rareq-sz wareq-sz  svctm  %util
sdb           10126.00  908.00     39.55     41.71     0.00  1278.00   0.00  58.46    0.14    0.48   0.00     4.00    47.04   0.09 100.00

2021년 08월 24일 18시 16분 46초
avg-cpu:  %user   %nice %system %iowait  %steal   %idle
           0.00    0.00    1.31    1.19    0.00   97.50

Device            r/s     w/s     rMB/s     wMB/s   rrqm/s   wrqm/s  %rrqm  %wrqm r_await w_await aqu-sz rareq-sz wareq-sz  svctm  %util
sdb           9912.00  986.00     38.84     41.24    30.00  1523.00   0.30  60.70    0.14    0.47   0.00     4.01    42.83   0.09 100.00

2021년 08월 24일 18시 16분 47초
avg-cpu:  %user   %nice %system %iowait  %steal   %idle
           0.00    0.00    1.43    1.25    0.00   97.32

Device            r/s     w/s     rMB/s     wMB/s   rrqm/s   wrqm/s  %rrqm  %wrqm r_await w_await aqu-sz rareq-sz wareq-sz  svctm  %util
sdb           10169.00  942.00     39.78     50.15    14.00  2947.00   0.14  75.78    0.14    1.27   0.61     4.01    54.52   0.09  98.80

2021년 08월 24일 18시 16분 48초
avg-cpu:  %user   %nice %system %iowait  %steal   %idle
           0.00    0.00    1.38    1.69    0.00   96.93

Device            r/s     w/s     rMB/s     wMB/s   rrqm/s   wrqm/s  %rrqm  %wrqm r_await w_await aqu-sz rareq-sz wareq-sz  svctm  %util
sdb           9464.00  959.00     36.97     39.91     0.00  1634.00   0.00  63.02    0.15    0.46   0.00     4.00    42.62   0.10 100.00

2021년 08월 24일 18시 16분 49초
avg-cpu:  %user   %nice %system %iowait  %steal   %idle
           0.12    0.00    2.12    2.00    0.00   95.75

Device            r/s     w/s     rMB/s     wMB/s   rrqm/s   wrqm/s  %rrqm  %wrqm r_await w_await aqu-sz rareq-sz wareq-sz  svctm  %util
sdb           9405.00 1001.00     37.10     39.45    90.00  1573.00   0.95  61.11    0.15    0.45   0.00     4.04    40.36   0.10 100.00

2021년 08월 24일 18시 16분 50초
avg-cpu:  %user   %nice %system %iowait  %steal   %idle
           0.06    0.00    1.00    0.69    0.00   98.25

Device            r/s     w/s     rMB/s     wMB/s   rrqm/s   wrqm/s  %rrqm  %wrqm r_await w_await aqu-sz rareq-sz wareq-sz  svctm  %util
sdb           10007.00  883.00     39.34     40.89    62.00   865.00   0.62  49.49    0.15    0.50   0.00     4.03    47.42   0.09 100.00

2021년 08월 24일 18시 16분 51초
avg-cpu:  %user   %nice %system %iowait  %steal   %idle
           0.00    0.00    1.13    0.81    0.00   98.06

Device            r/s     w/s     rMB/s     wMB/s   rrqm/s   wrqm/s  %rrqm  %wrqm r_await w_await aqu-sz rareq-sz wareq-sz  svctm  %util
sdb           9758.00  899.00     38.36     40.47    60.00  1738.00   0.61  65.91    0.15    0.50   0.04     4.03    46.10   0.09  98.00

2021년 08월 24일 18시 16분 52초
avg-cpu:  %user   %nice %system %iowait  %steal   %idle
           0.06    0.00    0.94    0.63    0.00   98.37

Device            r/s     w/s     rMB/s     wMB/s   rrqm/s   wrqm/s  %rrqm  %wrqm r_await w_await aqu-sz rareq-sz wareq-sz  svctm  %util
sdb           10338.00  902.00     40.54     42.34    38.00  1089.00   0.37  54.70    0.14    0.48   0.00     4.02    48.07   0.09 100.00

2021년 08월 24일 18시 16분 53초
avg-cpu:  %user   %nice %system %iowait  %steal   %idle
           0.00    0.00    1.82    2.26    0.00   95.93

Device            r/s     w/s     rMB/s     wMB/s   rrqm/s   wrqm/s  %rrqm  %wrqm r_await w_await aqu-sz rareq-sz wareq-sz  svctm  %util
sdb           9464.00  986.00     36.97     40.80     0.00  2164.00   0.00  68.70    0.14    0.46   0.00     4.00    42.37   0.10 100.00

2021년 08월 24일 18시 16분 54초
avg-cpu:  %user   %nice %system %iowait  %steal   %idle
           0.06    0.00    1.19    0.81    0.00   97.94

Device            r/s     w/s     rMB/s     wMB/s   rrqm/s   wrqm/s  %rrqm  %wrqm r_await w_await aqu-sz rareq-sz wareq-sz  svctm  %util
sdb           10642.00  879.00     41.57     43.62     0.00  1107.00   0.00  55.74    0.14    0.49   0.01     4.00    50.81   0.09 100.00

2021년 08월 24일 18시 16분 55초
avg-cpu:  %user   %nice %system %iowait  %steal   %idle
           0.00    0.00    1.76    1.76    0.00   96.49

Device            r/s     w/s     rMB/s     wMB/s   rrqm/s   wrqm/s  %rrqm  %wrqm r_await w_await aqu-sz rareq-sz wareq-sz  svctm  %util
sdb           8580.00  985.00     34.00     36.94   122.00  2284.00   1.40  69.87    0.16    0.49   0.03     4.06    38.40   0.10  98.40

2021년 08월 24일 18시 16분 56초
avg-cpu:  %user   %nice %system %iowait  %steal   %idle
           0.00    0.00    1.13    1.51    0.00   97.36

Device            r/s     w/s     rMB/s     wMB/s   rrqm/s   wrqm/s  %rrqm  %wrqm r_await w_await aqu-sz rareq-sz wareq-sz  svctm  %util
sdb           9909.00  915.00     38.95     41.62    63.00  2051.00   0.63  69.15    0.14    0.50   0.00     4.03    46.58   0.09 100.00

2021년 08월 24일 18시 16분 57초
avg-cpu:  %user   %nice %system %iowait  %steal   %idle
           0.06    0.00    3.40    1.51    0.00   95.02

Device            r/s     w/s     rMB/s     wMB/s   rrqm/s   wrqm/s  %rrqm  %wrqm r_await w_await aqu-sz rareq-sz wareq-sz  svctm  %util
sdb           7286.00 1068.00     28.46     35.25     0.00  4064.00   0.00  79.19    0.16    0.46   0.00     4.00    33.80   0.12 100.00

2021년 08월 24일 18시 16분 58초
avg-cpu:  %user   %nice %system %iowait  %steal   %idle
           0.13    0.00    1.45    1.82    0.00   96.60

Device            r/s     w/s     rMB/s     wMB/s   rrqm/s   wrqm/s  %rrqm  %wrqm r_await w_await aqu-sz rareq-sz wareq-sz  svctm  %util
sdb           9357.00  892.00     37.04     39.71   121.00  1992.00   1.28  69.07    0.15    0.49   0.00     4.05    45.59   0.10 100.00

2021년 08월 24일 18시 16분 59초
avg-cpu:  %user   %nice %system %iowait  %steal   %idle
           0.00    0.00    0.82    0.94    0.00   98.24

Device            r/s     w/s     rMB/s     wMB/s   rrqm/s   wrqm/s  %rrqm  %wrqm r_await w_await aqu-sz rareq-sz wareq-sz  svctm  %util
sdb           9670.00  899.00     37.77     40.26     0.00  1145.00   0.00  56.02    0.15    0.49   0.04     4.00    45.86   0.09  98.80

2021년 08월 24일 18시 17분 00초
avg-cpu:  %user   %nice %system %iowait  %steal   %idle
           0.00    0.00    1.50    1.37    0.00   97.13

Device            r/s     w/s     rMB/s     wMB/s   rrqm/s   wrqm/s  %rrqm  %wrqm r_await w_await aqu-sz rareq-sz wareq-sz  svctm  %util
sdb           10316.00  847.00     40.54     42.10    61.00  1224.00   0.59  59.10    0.14    0.51   0.00     4.02    50.89   0.09 100.00

2021년 08월 24일 18시 17분 01초
avg-cpu:  %user   %nice %system %iowait  %steal   %idle
           0.00    0.00    1.13    1.88    0.00   97.00

Device            r/s     w/s     rMB/s     wMB/s   rrqm/s   wrqm/s  %rrqm  %wrqm r_await w_await aqu-sz rareq-sz wareq-sz  svctm  %util
sdb           10130.00  900.00     39.69     41.90    30.00  1266.00   0.30  58.45    0.14    0.48   0.00     4.01    47.67   0.09 100.00

2021년 08월 24일 18시 17분 02초
avg-cpu:  %user   %nice %system %iowait  %steal   %idle
           0.06    0.00    1.31    0.94    0.00   97.69

Device            r/s     w/s     rMB/s     wMB/s   rrqm/s   wrqm/s  %rrqm  %wrqm r_await w_await aqu-sz rareq-sz wareq-sz  svctm  %util
sdb           10282.00  903.00     40.28     42.12    29.00  1143.00   0.28  55.87    0.14    0.48   0.00     4.01    47.77   0.09 100.00

2021년 08월 24일 18시 17분 03초
avg-cpu:  %user   %nice %system %iowait  %steal   %idle
           0.06    0.00    2.31    3.81    0.00   93.82

Device            r/s     w/s     rMB/s     wMB/s   rrqm/s   wrqm/s  %rrqm  %wrqm r_await w_await aqu-sz rareq-sz wareq-sz  svctm  %util
sdb           8787.00  920.00     34.32     38.05     0.00  2402.00   0.00  72.31    0.15    0.49   0.03     4.00    42.35   0.10  98.80

2021년 08월 24일 18시 17분 04초
avg-cpu:  %user   %nice %system %iowait  %steal   %idle
           0.00    0.00    1.19    0.63    0.00   98.18

Device            r/s     w/s     rMB/s     wMB/s   rrqm/s   wrqm/s  %rrqm  %wrqm r_await w_await aqu-sz rareq-sz wareq-sz  svctm  %util
sdb           10471.00  831.00     40.90     42.41     0.00  1151.00   0.00  58.07    0.14    0.51   0.00     4.00    52.26   0.09 100.00

2021년 08월 24일 18시 17분 05초
avg-cpu:  %user   %nice %system %iowait  %steal   %idle
           0.13    0.00    1.00    0.69    0.00   98.19

Device            r/s     w/s     rMB/s     wMB/s   rrqm/s   wrqm/s  %rrqm  %wrqm r_await w_await aqu-sz rareq-sz wareq-sz  svctm  %util
sdb           10119.00  875.00     39.53     41.45     0.00  1112.00   0.00  55.96    0.14    0.49   0.00     4.00    48.50   0.09 100.00

2021년 08월 24일 18시 17분 06초
avg-cpu:  %user   %nice %system %iowait  %steal   %idle
           0.00    0.00    1.31    0.56    0.00   98.12

Device            r/s     w/s     rMB/s     wMB/s   rrqm/s   wrqm/s  %rrqm  %wrqm r_await w_await aqu-sz rareq-sz wareq-sz  svctm  %util
sdb           9921.00  940.00     39.00     41.39    60.00  1395.00   0.60  59.74    0.14    0.48   0.00     4.02    45.09   0.09 100.00

2021년 08월 24일 18시 17분 07초
avg-cpu:  %user   %nice %system %iowait  %steal   %idle
           0.00    0.00    1.57    1.13    0.00   97.31

Device            r/s     w/s     rMB/s     wMB/s   rrqm/s   wrqm/s  %rrqm  %wrqm r_await w_await aqu-sz rareq-sz wareq-sz  svctm  %util
sdb           8950.00  957.00     34.96     38.45     0.00  1638.00   0.00  63.12    0.15    0.48   0.04     4.00    41.15   0.10  98.00

2021년 08월 24일 18시 17분 08초
avg-cpu:  %user   %nice %system %iowait  %steal   %idle
           0.50    0.00    1.31    1.43    0.00   96.76

Device            r/s     w/s     rMB/s     wMB/s   rrqm/s   wrqm/s  %rrqm  %wrqm r_await w_await aqu-sz rareq-sz wareq-sz  svctm  %util
sdb           10033.00  881.00     39.19     41.00     0.00   978.00   0.00  52.61    0.15    0.48   0.00     4.00    47.65   0.09 100.00

2021년 08월 24일 18시 17분 09초
avg-cpu:  %user   %nice %system %iowait  %steal   %idle
           0.06    0.00    1.25    1.07    0.00   97.62

Device            r/s     w/s     rMB/s     wMB/s   rrqm/s   wrqm/s  %rrqm  %wrqm r_await w_await aqu-sz rareq-sz wareq-sz  svctm  %util
sdb           9661.00  908.00     38.45     40.48   178.00  1598.00   1.81  63.77    0.15    0.49   0.00     4.08    45.65   0.09 100.40

2021년 08월 24일 18시 17분 10초
avg-cpu:  %user   %nice %system %iowait  %steal   %idle
           0.00    0.00    1.32    3.07    0.00   95.61

Device            r/s     w/s     rMB/s     wMB/s   rrqm/s   wrqm/s  %rrqm  %wrqm r_await w_await aqu-sz rareq-sz wareq-sz  svctm  %util
sdb           10172.00  914.00     39.74     41.99     0.00  1251.00   0.00  57.78    0.14    0.48   0.00     4.00    47.04   0.09 100.00

2021년 08월 24일 18시 17분 11초
avg-cpu:  %user   %nice %system %iowait  %steal   %idle
           0.12    0.00    3.67    1.37    0.00   94.84

Device            r/s     w/s     rMB/s     wMB/s   rrqm/s   wrqm/s  %rrqm  %wrqm r_await w_await aqu-sz rareq-sz wareq-sz  svctm  %util
sdb           8113.00  967.00     31.69     37.13     0.00  3515.00   0.00  78.42    0.16    0.51   0.04     4.00    39.32   0.11  98.40

2021년 08월 24일 18시 17분 12초
avg-cpu:  %user   %nice %system %iowait  %steal   %idle
           0.06    0.00    1.68    0.69    0.00   97.57

Device            r/s     w/s     rMB/s     wMB/s   rrqm/s   wrqm/s  %rrqm  %wrqm r_await w_await aqu-sz rareq-sz wareq-sz  svctm  %util
sdb           9928.00  930.00     39.14     41.68    90.00  1563.00   0.90  62.70    0.14    0.47   0.00     4.04    45.89   0.09 100.00

2021년 08월 24일 18시 17분 13초
avg-cpu:  %user   %nice %system %iowait  %steal   %idle
           0.00    0.00    1.38    0.62    0.00   98.00

Device            r/s     w/s     rMB/s     wMB/s   rrqm/s   wrqm/s  %rrqm  %wrqm r_await w_await aqu-sz rareq-sz wareq-sz  svctm  %util
sdb           10270.00  928.00     40.12     42.26     0.00  1372.00   0.00  59.65    0.14    0.47   0.00     4.00    46.63   0.09 100.00

2021년 08월 24일 18시 17분 14초
avg-cpu:  %user   %nice %system %iowait  %steal   %idle
           0.00    0.00    1.56    0.75    0.00   97.69

Device            r/s     w/s     rMB/s     wMB/s   rrqm/s   wrqm/s  %rrqm  %wrqm r_await w_await aqu-sz rareq-sz wareq-sz  svctm  %util
sdb           10088.00  862.00     39.41     42.61     0.00  2274.00   0.00  72.51    0.14    0.52   0.04     4.00    50.61   0.09  98.40

2021년 08월 24일 18시 17분 15초
avg-cpu:  %user   %nice %system %iowait  %steal   %idle
           0.12    0.00    2.43    2.75    0.00   94.69

Device            r/s     w/s     rMB/s     wMB/s   rrqm/s   wrqm/s  %rrqm  %wrqm r_await w_await aqu-sz rareq-sz wareq-sz  svctm  %util
sdb           8878.00  936.00     35.04     38.55    90.00  2197.00   1.00  70.12    0.15    0.48   0.00     4.04    42.18   0.10 100.00

2021년 08월 24일 18시 17분 16초
avg-cpu:  %user   %nice %system %iowait  %steal   %idle
           0.00    0.00    1.19    0.63    0.00   98.19

Device            r/s     w/s     rMB/s     wMB/s   rrqm/s   wrqm/s  %rrqm  %wrqm r_await w_await aqu-sz rareq-sz wareq-sz  svctm  %util
sdb           10256.00  906.00     40.43     41.92    90.00   806.00   0.87  47.08    0.14    0.47   0.00     4.04    47.38   0.09 100.00

2021년 08월 24일 18시 17분 17초
avg-cpu:  %user   %nice %system %iowait  %steal   %idle
           0.00    0.00    1.13    0.69    0.00   98.19

Device            r/s     w/s     rMB/s     wMB/s   rrqm/s   wrqm/s  %rrqm  %wrqm r_await w_await aqu-sz rareq-sz wareq-sz  svctm  %util
sdb           10046.00  897.00     39.24     41.39     0.00  1277.00   0.00  58.74    0.14    0.50   0.00     4.00    47.25   0.09 100.00

2021년 08월 24일 18시 17분 18초
avg-cpu:  %user   %nice %system %iowait  %steal   %idle
           0.06    0.00    1.44    1.00    0.00   97.50

Device            r/s     w/s     rMB/s     wMB/s   rrqm/s   wrqm/s  %rrqm  %wrqm r_await w_await aqu-sz rareq-sz wareq-sz  svctm  %util
sdb           9412.00 1167.00     36.88     49.54    29.00  3974.00   0.31  77.30    0.15    0.79   0.23     4.01    43.47   0.09  98.00

2021년 08월 24일 18시 17분 19초
avg-cpu:  %user   %nice %system %iowait  %steal   %idle
           0.06    0.00    1.37    0.62    0.00   97.94

Device            r/s     w/s     rMB/s     wMB/s   rrqm/s   wrqm/s  %rrqm  %wrqm r_await w_await aqu-sz rareq-sz wareq-sz  svctm  %util
sdb           10335.00  903.00     40.37     42.13     0.00  1064.00   0.00  54.09    0.14    0.47   0.00     4.00    47.77   0.09 100.00

2021년 08월 24일 18시 17분 20초
avg-cpu:  %user   %nice %system %iowait  %steal   %idle
           0.00    0.00    1.06    0.63    0.00   98.31

Device            r/s     w/s     rMB/s     wMB/s   rrqm/s   wrqm/s  %rrqm  %wrqm r_await w_await aqu-sz rareq-sz wareq-sz  svctm  %util
sdb           10637.00  837.00     41.55     43.21     0.00  1337.00   0.00  61.50    0.14    0.50   0.00     4.00    52.86   0.09 100.00

2021년 08월 24일 18시 17분 21초
avg-cpu:  %user   %nice %system %iowait  %steal   %idle
           0.00    0.00    1.13    0.69    0.00   98.19

Device            r/s     w/s     rMB/s     wMB/s   rrqm/s   wrqm/s  %rrqm  %wrqm r_await w_await aqu-sz rareq-sz wareq-sz  svctm  %util
sdb           10155.00  915.00     39.67     41.88     0.00  1020.00   0.00  52.71    0.14    0.48   0.00     4.00    46.86   0.09 100.00

2021년 08월 24일 18시 17분 22초
avg-cpu:  %user   %nice %system %iowait  %steal   %idle
           0.12    0.00    1.19    1.44    0.00   97.25

Device            r/s     w/s     rMB/s     wMB/s   rrqm/s   wrqm/s  %rrqm  %wrqm r_await w_await aqu-sz rareq-sz wareq-sz  svctm  %util
sdb           9880.00  906.00     38.59     40.73     0.00  1238.00   0.00  57.74    0.15    0.49   0.04     4.00    46.04   0.09  98.00

2021년 08월 24일 18시 17분 23초
avg-cpu:  %user   %nice %system %iowait  %steal   %idle
           0.06    0.00    2.13    2.57    0.00   95.23

Device            r/s     w/s     rMB/s     wMB/s   rrqm/s   wrqm/s  %rrqm  %wrqm r_await w_await aqu-sz rareq-sz wareq-sz  svctm  %util
sdb           8779.00  954.00     34.29     38.33     0.00  2688.00   0.00  73.81    0.15    0.48   0.00     4.00    41.14   0.10 100.00

2021년 08월 24일 18시 17분 24초
avg-cpu:  %user   %nice %system %iowait  %steal   %idle
           0.06    0.00    0.69    0.56    0.00   98.69

Device            r/s     w/s     rMB/s     wMB/s   rrqm/s   wrqm/s  %rrqm  %wrqm r_await w_await aqu-sz rareq-sz wareq-sz  svctm  %util
sdb           4771.00  482.00     18.64     20.28     0.00   911.00   0.00  65.40    0.15    0.47   0.00     4.00    43.09   0.10  50.00

2021년 08월 24일 18시 17분 25초
avg-cpu:  %user   %nice %system %iowait  %steal   %idle
           0.00    0.00    0.19    0.00    0.00   99.81

Device            r/s     w/s     rMB/s     wMB/s   rrqm/s   wrqm/s  %rrqm  %wrqm r_await w_await aqu-sz rareq-sz wareq-sz  svctm  %util
sdb              0.00    0.00      0.00      0.00     0.00     0.00   0.00   0.00    0.00    0.00   0.00     0.00     0.00   0.00   0.00

2021년 08월 24일 18시 17분 26초
avg-cpu:  %user   %nice %system %iowait  %steal   %idle
           0.00    0.00    0.19    0.00    0.00   99.81

Device            r/s     w/s     rMB/s     wMB/s   rrqm/s   wrqm/s  %rrqm  %wrqm r_await w_await aqu-sz rareq-sz wareq-sz  svctm  %util
sdb              0.00    0.00      0.00      0.00     0.00     0.00   0.00   0.00    0.00    0.00   0.00     0.00     0.00   0.00   0.00

2021년 08월 24일 18시 17분 27초
avg-cpu:  %user   %nice %system %iowait  %steal   %idle
           0.00    0.00    0.12    0.00    0.00   99.88

Device            r/s     w/s     rMB/s     wMB/s   rrqm/s   wrqm/s  %rrqm  %wrqm r_await w_await aqu-sz rareq-sz wareq-sz  svctm  %util
sdb              0.00    0.00      0.00      0.00     0.00     0.00   0.00   0.00    0.00    0.00   0.00     0.00     0.00   0.00   0.00

2021년 08월 24일 18시 17분 28초
avg-cpu:  %user   %nice %system %iowait  %steal   %idle
           0.06    0.00    0.25    0.00    0.00   99.69

Device            r/s     w/s     rMB/s     wMB/s   rrqm/s   wrqm/s  %rrqm  %wrqm r_await w_await aqu-sz rareq-sz wareq-sz  svctm  %util
sdb              0.00    0.00      0.00      0.00     0.00     0.00   0.00   0.00    0.00    0.00   0.00     0.00     0.00   0.00   0.00

2021년 08월 24일 18시 17분 29초
avg-cpu:  %user   %nice %system %iowait  %steal   %idle
           0.00    0.00    0.12    0.00    0.00   99.88

Device            r/s     w/s     rMB/s     wMB/s   rrqm/s   wrqm/s  %rrqm  %wrqm r_await w_await aqu-sz rareq-sz wareq-sz  svctm  %util
sdb              0.00    0.00      0.00      0.00     0.00     0.00   0.00   0.00    0.00    0.00   0.00     0.00     0.00   0.00   0.00

2021년 08월 24일 18시 17분 30초
avg-cpu:  %user   %nice %system %iowait  %steal   %idle
           0.00    0.00    0.13    0.00    0.00   99.87

Device            r/s     w/s     rMB/s     wMB/s   rrqm/s   wrqm/s  %rrqm  %wrqm r_await w_await aqu-sz rareq-sz wareq-sz  svctm  %util
sdb              0.00    2.00      0.00      0.09     0.00    22.00   0.00  91.67    0.00    5.50   0.01     0.00    48.00   4.00   0.80

2021년 08월 24일 18시 17분 31초
avg-cpu:  %user   %nice %system %iowait  %steal   %idle
           0.06    0.00    0.12    0.00    0.00   99.81

Device            r/s     w/s     rMB/s     wMB/s   rrqm/s   wrqm/s  %rrqm  %wrqm r_await w_await aqu-sz rareq-sz wareq-sz  svctm  %util
sdb              0.00    0.00      0.00      0.00     0.00     0.00   0.00   0.00    0.00    0.00   0.00     0.00     0.00   0.00   0.00

2021년 08월 24일 18시 17분 32초
avg-cpu:  %user   %nice %system %iowait  %steal   %idle
           0.00    0.00    0.12    0.00    0.00   99.88

Device            r/s     w/s     rMB/s     wMB/s   rrqm/s   wrqm/s  %rrqm  %wrqm r_await w_await aqu-sz rareq-sz wareq-sz  svctm  %util
sdb              0.00    0.00      0.00      0.00     0.00     0.00   0.00   0.00    0.00    0.00   0.00     0.00     0.00   0.00   0.00

2021년 08월 24일 18시 17분 33초
avg-cpu:  %user   %nice %system %iowait  %steal   %idle
           0.00    0.00    0.13    0.00    0.00   99.87

Device            r/s     w/s     rMB/s     wMB/s   rrqm/s   wrqm/s  %rrqm  %wrqm r_await w_await aqu-sz rareq-sz wareq-sz  svctm  %util
sdb              0.00    0.00      0.00      0.00     0.00     0.00   0.00   0.00    0.00    0.00   0.00     0.00     0.00   0.00   0.00

2021년 08월 24일 18시 17분 34초
avg-cpu:  %user   %nice %system %iowait  %steal   %idle
           0.00    0.00    0.06    0.00    0.00   99.94

Device            r/s     w/s     rMB/s     wMB/s   rrqm/s   wrqm/s  %rrqm  %wrqm r_await w_await aqu-sz rareq-sz wareq-sz  svctm  %util
sdb              0.00    0.00      0.00      0.00     0.00     0.00   0.00   0.00    0.00    0.00   0.00     0.00     0.00   0.00   0.00

2021년 08월 24일 18시 17분 35초
avg-cpu:  %user   %nice %system %iowait  %steal   %idle
           0.06    0.00    0.06    0.00    0.00   99.88

Device            r/s     w/s     rMB/s     wMB/s   rrqm/s   wrqm/s  %rrqm  %wrqm r_await w_await aqu-sz rareq-sz wareq-sz  svctm  %util
sdb              0.00    0.00      0.00      0.00     0.00     0.00   0.00   0.00    0.00    0.00   0.00     0.00     0.00   0.00   0.00

2021년 08월 24일 18시 17분 36초
avg-cpu:  %user   %nice %system %iowait  %steal   %idle
           0.06    0.00    0.06    0.00    0.00   99.87

Device            r/s     w/s     rMB/s     wMB/s   rrqm/s   wrqm/s  %rrqm  %wrqm r_await w_await aqu-sz rareq-sz wareq-sz  svctm  %util
sdb              0.00    0.00      0.00      0.00     0.00     0.00   0.00   0.00    0.00    0.00   0.00     0.00     0.00   0.00   0.00

2021년 08월 24일 18시 17분 37초
avg-cpu:  %user   %nice %system %iowait  %steal   %idle
           0.50    0.00    0.06    0.00    0.00   99.44

Device            r/s     w/s     rMB/s     wMB/s   rrqm/s   wrqm/s  %rrqm  %wrqm r_await w_await aqu-sz rareq-sz wareq-sz  svctm  %util
sdb              5.00    0.00      0.00      0.00     0.00     0.00   0.00   0.00    0.60    0.00   0.00     0.30     0.00   1.60   0.80

2021년 08월 24일 18시 17분 38초
avg-cpu:  %user   %nice %system %iowait  %steal   %idle
           0.06    0.00    0.00    0.00    0.00   99.94

Device            r/s     w/s     rMB/s     wMB/s   rrqm/s   wrqm/s  %rrqm  %wrqm r_await w_await aqu-sz rareq-sz wareq-sz  svctm  %util
sdb              0.00    0.00      0.00      0.00     0.00     0.00   0.00   0.00    0.00    0.00   0.00     0.00     0.00   0.00   0.00

2021년 08월 24일 18시 17분 39초
avg-cpu:  %user   %nice %system %iowait  %steal   %idle
           0.00    0.00    0.12    0.00    0.00   99.88

Device            r/s     w/s     rMB/s     wMB/s   rrqm/s   wrqm/s  %rrqm  %wrqm r_await w_await aqu-sz rareq-sz wareq-sz  svctm  %util
sdb              0.00    0.00      0.00      0.00     0.00     0.00   0.00   0.00    0.00    0.00   0.00     0.00     0.00   0.00   0.00

2021년 08월 24일 18시 17분 40초
avg-cpu:  %user   %nice %system %iowait  %steal   %idle
           0.06    0.00    0.06    0.00    0.00   99.88

Device            r/s     w/s     rMB/s     wMB/s   rrqm/s   wrqm/s  %rrqm  %wrqm r_await w_await aqu-sz rareq-sz wareq-sz  svctm  %util
sdb              0.00    0.00      0.00      0.00     0.00     0.00   0.00   0.00    0.00    0.00   0.00     0.00     0.00   0.00   0.00

2021년 08월 24일 18시 17분 41초
avg-cpu:  %user   %nice %system %iowait  %steal   %idle
           0.00    0.00    0.06    0.00    0.00   99.94

Device            r/s     w/s     rMB/s     wMB/s   rrqm/s   wrqm/s  %rrqm  %wrqm r_await w_await aqu-sz rareq-sz wareq-sz  svctm  %util
sdb              0.00    0.00      0.00      0.00     0.00     0.00   0.00   0.00    0.00    0.00   0.00     0.00     0.00   0.00   0.00

2021년 08월 24일 18시 17분 42초
avg-cpu:  %user   %nice %system %iowait  %steal   %idle
           0.00    0.00    0.12    0.00    0.00   99.88

Device            r/s     w/s     rMB/s     wMB/s   rrqm/s   wrqm/s  %rrqm  %wrqm r_await w_await aqu-sz rareq-sz wareq-sz  svctm  %util
sdb              0.00    0.00      0.00      0.00     0.00     0.00   0.00   0.00    0.00    0.00   0.00     0.00     0.00   0.00   0.00

2021년 08월 24일 18시 17분 43초
avg-cpu:  %user   %nice %system %iowait  %steal   %idle
           0.00    0.00    0.13    0.00    0.00   99.87

Device            r/s     w/s     rMB/s     wMB/s   rrqm/s   wrqm/s  %rrqm  %wrqm r_await w_await aqu-sz rareq-sz wareq-sz  svctm  %util
sdb              0.00    0.00      0.00      0.00     0.00     0.00   0.00   0.00    0.00    0.00   0.00     0.00     0.00   0.00   0.00

2021년 08월 24일 18시 17분 44초
avg-cpu:  %user   %nice %system %iowait  %steal   %idle
           0.06    0.00    0.19    0.00    0.00   99.75

Device            r/s     w/s     rMB/s     wMB/s   rrqm/s   wrqm/s  %rrqm  %wrqm r_await w_await aqu-sz rareq-sz wareq-sz  svctm  %util
sdb              0.00    0.00      0.00      0.00     0.00     0.00   0.00   0.00    0.00    0.00   0.00     0.00     0.00   0.00   0.00

2021년 08월 24일 18시 17분 45초
avg-cpu:  %user   %nice %system %iowait  %steal   %idle
           0.06    0.00    0.00    0.00    0.00   99.94

Device            r/s     w/s     rMB/s     wMB/s   rrqm/s   wrqm/s  %rrqm  %wrqm r_await w_await aqu-sz rareq-sz wareq-sz  svctm  %util
sdb              0.00    0.00      0.00      0.00     0.00     0.00   0.00   0.00    0.00    0.00   0.00     0.00     0.00   0.00   0.00

2021년 08월 24일 18시 17분 46초
avg-cpu:  %user   %nice %system %iowait  %steal   %idle
           0.00    0.00    0.12    0.00    0.00   99.88

Device            r/s     w/s     rMB/s     wMB/s   rrqm/s   wrqm/s  %rrqm  %wrqm r_await w_await aqu-sz rareq-sz wareq-sz  svctm  %util
sdb              0.00    0.00      0.00      0.00     0.00     0.00   0.00   0.00    0.00    0.00   0.00     0.00     0.00   0.00   0.00

2021년 08월 24일 18시 17분 47초
avg-cpu:  %user   %nice %system %iowait  %steal   %idle
           0.06    0.00    0.19    0.00    0.00   99.75

Device            r/s     w/s     rMB/s     wMB/s   rrqm/s   wrqm/s  %rrqm  %wrqm r_await w_await aqu-sz rareq-sz wareq-sz  svctm  %util
sdb              0.00    0.00      0.00      0.00     0.00     0.00   0.00   0.00    0.00    0.00   0.00     0.00     0.00   0.00   0.00

2021년 08월 24일 18시 17분 48초
avg-cpu:  %user   %nice %system %iowait  %steal   %idle
           0.06    0.00    0.06    0.00    0.00   99.88

Device            r/s     w/s     rMB/s     wMB/s   rrqm/s   wrqm/s  %rrqm  %wrqm r_await w_await aqu-sz rareq-sz wareq-sz  svctm  %util
sdb              0.00    0.00      0.00      0.00     0.00     0.00   0.00   0.00    0.00    0.00   0.00     0.00     0.00   0.00   0.00

2021년 08월 24일 18시 17분 49초
avg-cpu:  %user   %nice %system %iowait  %steal   %idle
           0.06    0.00    0.06    0.00    0.00   99.87

Device            r/s     w/s     rMB/s     wMB/s   rrqm/s   wrqm/s  %rrqm  %wrqm r_await w_await aqu-sz rareq-sz wareq-sz  svctm  %util
sdb              0.00   95.00      0.00      2.43     0.00   526.00   0.00  84.70    0.00    0.74   0.00     0.00    26.15   0.13   1.20

2021년 08월 24일 18시 17분 50초
avg-cpu:  %user   %nice %system %iowait  %steal   %idle
           0.06    0.00    0.06    0.00    0.00   99.87

Device            r/s     w/s     rMB/s     wMB/s   rrqm/s   wrqm/s  %rrqm  %wrqm r_await w_await aqu-sz rareq-sz wareq-sz  svctm  %util
sdb              0.00    0.00      0.00      0.00     0.00     0.00   0.00   0.00    0.00    0.00   0.00     0.00     0.00   0.00   0.00

2021년 08월 24일 18시 17분 51초
avg-cpu:  %user   %nice %system %iowait  %steal   %idle
           0.06    0.00    0.12    0.00    0.00   99.81

Device            r/s     w/s     rMB/s     wMB/s   rrqm/s   wrqm/s  %rrqm  %wrqm r_await w_await aqu-sz rareq-sz wareq-sz  svctm  %util
sdb              0.00    0.00      0.00      0.00     0.00     0.00   0.00   0.00    0.00    0.00   0.00     0.00     0.00   0.00   0.00

2021년 08월 24일 18시 17분 52초
avg-cpu:  %user   %nice %system %iowait  %steal   %idle
           0.00    0.00    0.13    0.00    0.00   99.87

Device            r/s     w/s     rMB/s     wMB/s   rrqm/s   wrqm/s  %rrqm  %wrqm r_await w_await aqu-sz rareq-sz wareq-sz  svctm  %util
sdb              0.00    0.00      0.00      0.00     0.00     0.00   0.00   0.00    0.00    0.00   0.00     0.00     0.00   0.00   0.00

2021년 08월 24일 18시 17분 53초
avg-cpu:  %user   %nice %system %iowait  %steal   %idle
           0.06    0.00    0.12    0.00    0.00   99.81

Device            r/s     w/s     rMB/s     wMB/s   rrqm/s   wrqm/s  %rrqm  %wrqm r_await w_await aqu-sz rareq-sz wareq-sz  svctm  %util
sdb              0.00    0.00      0.00      0.00     0.00     0.00   0.00   0.00    0.00    0.00   0.00     0.00     0.00   0.00   0.00

2021년 08월 24일 18시 17분 54초
avg-cpu:  %user   %nice %system %iowait  %steal   %idle
           0.00    0.00    0.13    0.00    0.00   99.87

Device            r/s     w/s     rMB/s     wMB/s   rrqm/s   wrqm/s  %rrqm  %wrqm r_await w_await aqu-sz rareq-sz wareq-sz  svctm  %util
sdb              0.00    0.00      0.00      0.00     0.00     0.00   0.00   0.00    0.00    0.00   0.00     0.00     0.00   0.00   0.00

2021년 08월 24일 18시 17분 55초
avg-cpu:  %user   %nice %system %iowait  %steal   %idle
           0.06    0.00    0.12    0.00    0.00   99.81

Device            r/s     w/s     rMB/s     wMB/s   rrqm/s   wrqm/s  %rrqm  %wrqm r_await w_await aqu-sz rareq-sz wareq-sz  svctm  %util
sdb              0.00    0.00      0.00      0.00     0.00     0.00   0.00   0.00    0.00    0.00   0.00     0.00     0.00   0.00   0.00

2021년 08월 24일 18시 17분 56초
avg-cpu:  %user   %nice %system %iowait  %steal   %idle
           0.06    0.00    0.06    0.00    0.00   99.87

Device            r/s     w/s     rMB/s     wMB/s   rrqm/s   wrqm/s  %rrqm  %wrqm r_await w_await aqu-sz rareq-sz wareq-sz  svctm  %util
sdb              0.00    0.00      0.00      0.00     0.00     0.00   0.00   0.00    0.00    0.00   0.00     0.00     0.00   0.00   0.00

2021년 08월 24일 18시 17분 57초
avg-cpu:  %user   %nice %system %iowait  %steal   %idle
           0.12    0.00    0.19    0.00    0.00   99.69

Device            r/s     w/s     rMB/s     wMB/s   rrqm/s   wrqm/s  %rrqm  %wrqm r_await w_await aqu-sz rareq-sz wareq-sz  svctm  %util
sdb              0.00    0.00      0.00      0.00     0.00     0.00   0.00   0.00    0.00    0.00   0.00     0.00     0.00   0.00   0.00

