Linux 5.5.8test (syslab-desk) 	2021년 08월 24일 	_x86_64_	(16 CPU)

2021년 08월 24일 16시 44분 03초
avg-cpu:  %user   %nice %system %iowait  %steal   %idle
           0.05    0.00    0.08    0.35    0.00   99.52

Device            r/s     w/s     rMB/s     wMB/s   rrqm/s   wrqm/s  %rrqm  %wrqm r_await w_await aqu-sz rareq-sz wareq-sz  svctm  %util
sdb             23.64   53.06      0.13      1.74     0.06    43.86   0.25  45.25    0.47    1.52   0.03     5.62    33.57   0.11   0.82

2021년 08월 24일 16시 44분 04초
avg-cpu:  %user   %nice %system %iowait  %steal   %idle
           0.13    0.00    0.06    0.00    0.00   99.81

Device            r/s     w/s     rMB/s     wMB/s   rrqm/s   wrqm/s  %rrqm  %wrqm r_await w_await aqu-sz rareq-sz wareq-sz  svctm  %util
sdb              0.00    0.00      0.00      0.00     0.00     0.00   0.00   0.00    0.00    0.00   0.00     0.00     0.00   0.00   0.00

2021년 08월 24일 16시 44분 05초
avg-cpu:  %user   %nice %system %iowait  %steal   %idle
           0.12    0.00    0.69    0.50    0.00   98.69

Device            r/s     w/s     rMB/s     wMB/s   rrqm/s   wrqm/s  %rrqm  %wrqm r_await w_await aqu-sz rareq-sz wareq-sz  svctm  %util
sdb            781.00    1.00      3.06      0.00     0.00     0.00   0.00   0.00    0.12    1.00   0.00     4.02     0.00   0.21  16.80

2021년 08월 24일 16시 44분 06초
avg-cpu:  %user   %nice %system %iowait  %steal   %idle
           0.31    0.00    2.76    2.82    0.00   94.11

Device            r/s     w/s     rMB/s     wMB/s   rrqm/s   wrqm/s  %rrqm  %wrqm r_await w_await aqu-sz rareq-sz wareq-sz  svctm  %util
sdb           4915.00   72.00     19.39      2.60    47.00   254.00   0.95  77.91    0.13    0.90   0.00     4.04    37.00   0.18  89.20

2021년 08월 24일 16시 44분 07초
avg-cpu:  %user   %nice %system %iowait  %steal   %idle
           0.06    0.00    1.95    3.71    0.00   94.28

Device            r/s     w/s     rMB/s     wMB/s   rrqm/s   wrqm/s  %rrqm  %wrqm r_await w_await aqu-sz rareq-sz wareq-sz  svctm  %util
sdb           4421.00  654.00     17.64     21.34    92.00  2518.00   2.04  79.38    0.24    1.10   0.14     4.09    33.41   0.20 100.00

2021년 08월 24일 16시 44분 08초
avg-cpu:  %user   %nice %system %iowait  %steal   %idle
           0.00    0.00    2.14    3.14    0.00   94.72

Device            r/s     w/s     rMB/s     wMB/s   rrqm/s   wrqm/s  %rrqm  %wrqm r_await w_await aqu-sz rareq-sz wareq-sz  svctm  %util
sdb           4432.00  727.00     17.80     21.61   121.00  2466.00   2.66  77.23    0.24    1.00   0.09     4.11    30.43   0.19 100.00

2021년 08월 24일 16시 44분 09초
avg-cpu:  %user   %nice %system %iowait  %steal   %idle
           0.06    0.00    2.37    2.18    0.00   95.38

Device            r/s     w/s     rMB/s     wMB/s   rrqm/s   wrqm/s  %rrqm  %wrqm r_await w_await aqu-sz rareq-sz wareq-sz  svctm  %util
sdb           5144.00  801.00     20.21     23.98    30.00  2528.00   0.58  75.94    0.22    0.90   0.13     4.02    30.65   0.17  98.80

2021년 08월 24일 16시 44분 10초
avg-cpu:  %user   %nice %system %iowait  %steal   %idle
           0.06    0.00    1.50    0.56    0.00   97.88

Device            r/s     w/s     rMB/s     wMB/s   rrqm/s   wrqm/s  %rrqm  %wrqm r_await w_await aqu-sz rareq-sz wareq-sz  svctm  %util
sdb           9929.00 1096.00     38.79     41.79     0.00  1411.00   0.00  56.28    0.14    0.42   0.00     4.00    39.04   0.09 100.00

2021년 08월 24일 16시 44분 11초
avg-cpu:  %user   %nice %system %iowait  %steal   %idle
           0.12    0.00    1.31    1.31    0.00   97.25

Device            r/s     w/s     rMB/s     wMB/s   rrqm/s   wrqm/s  %rrqm  %wrqm r_await w_await aqu-sz rareq-sz wareq-sz  svctm  %util
sdb           10281.00 1031.00     40.28     41.60    29.00   998.00   0.28  49.19    0.14    0.43   0.00     4.01    41.32   0.09 100.00

2021년 08월 24일 16시 44분 12초
avg-cpu:  %user   %nice %system %iowait  %steal   %idle
           0.00    0.00    1.38    0.63    0.00   98.00

Device            r/s     w/s     rMB/s     wMB/s   rrqm/s   wrqm/s  %rrqm  %wrqm r_await w_await aqu-sz rareq-sz wareq-sz  svctm  %util
sdb           10026.00 1067.00     39.16     41.61     0.00  1514.00   0.00  58.66    0.14    0.42   0.00     4.00    39.93   0.09 100.00

2021년 08월 24일 16시 44분 13초
avg-cpu:  %user   %nice %system %iowait  %steal   %idle
           0.06    0.00    3.12    2.68    0.00   94.14

Device            r/s     w/s     rMB/s     wMB/s   rrqm/s   wrqm/s  %rrqm  %wrqm r_await w_await aqu-sz rareq-sz wareq-sz  svctm  %util
sdb           8097.00 1071.00     31.99     36.58    89.00  2740.00   1.09  71.90    0.16    0.46   0.03     4.05    34.97   0.11  98.40

2021년 08월 24일 16시 44분 14초
avg-cpu:  %user   %nice %system %iowait  %steal   %idle
           0.06    0.00    2.12    2.37    0.00   95.44

Device            r/s     w/s     rMB/s     wMB/s   rrqm/s   wrqm/s  %rrqm  %wrqm r_await w_await aqu-sz rareq-sz wareq-sz  svctm  %util
sdb           9081.00 1107.00     35.47     38.72     0.00  1707.00   0.00  60.66    0.15    0.42   0.00     4.00    35.82   0.10 100.00

2021년 08월 24일 16시 44분 15초
avg-cpu:  %user   %nice %system %iowait  %steal   %idle
           0.00    0.00    2.81    1.87    0.00   95.32

Device            r/s     w/s     rMB/s     wMB/s   rrqm/s   wrqm/s  %rrqm  %wrqm r_await w_await aqu-sz rareq-sz wareq-sz  svctm  %util
sdb           9031.00 1053.00     35.28     38.89     0.00  2422.00   0.00  69.70    0.15    0.44   0.00     4.00    37.82   0.10 100.00

2021년 08월 24일 16시 44분 16초
avg-cpu:  %user   %nice %system %iowait  %steal   %idle
           0.00    0.00    1.63    1.75    0.00   96.62

Device            r/s     w/s     rMB/s     wMB/s   rrqm/s   wrqm/s  %rrqm  %wrqm r_await w_await aqu-sz rareq-sz wareq-sz  svctm  %util
sdb           9449.00 1114.00     37.04     40.52    31.00  2033.00   0.33  64.60    0.14    0.42   0.00     4.01    37.25   0.09 100.00

2021년 08월 24일 16시 44분 17초
avg-cpu:  %user   %nice %system %iowait  %steal   %idle
           0.13    0.00    1.13    0.75    0.00   97.99

Device            r/s     w/s     rMB/s     wMB/s   rrqm/s   wrqm/s  %rrqm  %wrqm r_await w_await aqu-sz rareq-sz wareq-sz  svctm  %util
sdb           9550.00 1054.00     37.91     40.23   149.00  1884.00   1.54  64.13    0.15    0.46   0.03     4.06    39.09   0.09  98.80

2021년 08월 24일 16시 44분 18초
avg-cpu:  %user   %nice %system %iowait  %steal   %idle
           0.00    0.00    1.00    0.63    0.00   98.37

Device            r/s     w/s     rMB/s     wMB/s   rrqm/s   wrqm/s  %rrqm  %wrqm r_await w_await aqu-sz rareq-sz wareq-sz  svctm  %util
sdb           10496.00 1007.00     41.00     43.12     0.00  1154.00   0.00  53.40    0.14    0.44   0.00     4.00    43.85   0.09 100.00

2021년 08월 24일 16시 44분 19초
avg-cpu:  %user   %nice %system %iowait  %steal   %idle
           0.00    0.00    1.88    1.19    0.00   96.92

Device            r/s     w/s     rMB/s     wMB/s   rrqm/s   wrqm/s  %rrqm  %wrqm r_await w_await aqu-sz rareq-sz wareq-sz  svctm  %util
sdb           9542.00 1046.00     37.27     40.23     0.00  2165.00   0.00  67.42    0.14    0.44   0.00     4.00    39.39   0.09 100.00

2021년 08월 24일 16시 44분 20초
avg-cpu:  %user   %nice %system %iowait  %steal   %idle
           0.12    0.00    2.37    2.12    0.00   95.38

Device            r/s     w/s     rMB/s     wMB/s   rrqm/s   wrqm/s  %rrqm  %wrqm r_await w_await aqu-sz rareq-sz wareq-sz  svctm  %util
sdb           9133.00 1034.00     35.79     40.03    30.00  2782.00   0.33  72.90    0.14    0.45   0.00     4.01    39.64   0.10 100.40

2021년 08월 24일 16시 44분 21초
avg-cpu:  %user   %nice %system %iowait  %steal   %idle
           0.00    0.00    1.44    0.94    0.00   97.63

Device            r/s     w/s     rMB/s     wMB/s   rrqm/s   wrqm/s  %rrqm  %wrqm r_await w_await aqu-sz rareq-sz wareq-sz  svctm  %util
sdb           10141.00  995.00     39.61     41.67     0.00  1255.00   0.00  55.78    0.14    0.45   0.03     4.00    42.89   0.09  98.80

2021년 08월 24일 16시 44분 22초
avg-cpu:  %user   %nice %system %iowait  %steal   %idle
           0.00    0.00    1.38    1.44    0.00   97.18

Device            r/s     w/s     rMB/s     wMB/s   rrqm/s   wrqm/s  %rrqm  %wrqm r_await w_await aqu-sz rareq-sz wareq-sz  svctm  %util
sdb           9764.00  963.00     39.62     40.70   367.00  1473.00   3.62  60.47    0.14    0.45   0.00     4.15    43.28   0.09 100.00

2021년 08월 24일 16시 44분 23초
avg-cpu:  %user   %nice %system %iowait  %steal   %idle
           0.00    0.00    1.25    0.69    0.00   98.06

Device            r/s     w/s     rMB/s     wMB/s   rrqm/s   wrqm/s  %rrqm  %wrqm r_await w_await aqu-sz rareq-sz wareq-sz  svctm  %util
sdb           10373.00  862.00     40.64     42.36    29.00   956.00   0.28  52.59    0.14    0.52   0.00     4.01    50.32   0.09 100.00

2021년 08월 24일 16시 44분 24초
avg-cpu:  %user   %nice %system %iowait  %steal   %idle
           0.06    0.00    1.25    2.19    0.00   96.50

Device            r/s     w/s     rMB/s     wMB/s   rrqm/s   wrqm/s  %rrqm  %wrqm r_await w_await aqu-sz rareq-sz wareq-sz  svctm  %util
sdb           10514.00  817.00     41.20     42.07    31.00   536.00   0.29  39.62    0.14    0.51   0.00     4.01    52.73   0.09 100.00

2021년 08월 24일 16시 44분 25초
avg-cpu:  %user   %nice %system %iowait  %steal   %idle
           0.06    0.00    1.57    2.01    0.00   96.37

Device            r/s     w/s     rMB/s     wMB/s   rrqm/s   wrqm/s  %rrqm  %wrqm r_await w_await aqu-sz rareq-sz wareq-sz  svctm  %util
sdb           9484.00  934.00     38.22     39.47   292.00  1316.00   2.99  58.49    0.14    0.51   0.03     4.13    43.28   0.09  98.80

2021년 08월 24일 16시 44분 26초
avg-cpu:  %user   %nice %system %iowait  %steal   %idle
           0.06    0.00    1.13    0.69    0.00   98.12

Device            r/s     w/s     rMB/s     wMB/s   rrqm/s   wrqm/s  %rrqm  %wrqm r_await w_await aqu-sz rareq-sz wareq-sz  svctm  %util
sdb           10177.00  832.00     40.36     41.36   150.00   718.00   1.45  46.32    0.14    0.51   0.00     4.06    50.91   0.09 100.00

2021년 08월 24일 16시 44분 27초
avg-cpu:  %user   %nice %system %iowait  %steal   %idle
           0.00    0.00    1.81    2.13    0.00   96.06

Device            r/s     w/s     rMB/s     wMB/s   rrqm/s   wrqm/s  %rrqm  %wrqm r_await w_await aqu-sz rareq-sz wareq-sz  svctm  %util
sdb           9125.00  929.00     35.64     38.56     0.00  1824.00   0.00  66.25    0.15    0.49   0.00     4.00    42.51   0.10  99.60

2021년 08월 24일 16시 44분 28초
avg-cpu:  %user   %nice %system %iowait  %steal   %idle
           0.06    0.00    1.76    2.26    0.00   95.92

Device            r/s     w/s     rMB/s     wMB/s   rrqm/s   wrqm/s  %rrqm  %wrqm r_await w_await aqu-sz rareq-sz wareq-sz  svctm  %util
sdb           9560.00  828.00     37.59     40.21    61.00  1768.00   0.63  68.10    0.14    0.51   0.00     4.03    49.72   0.10 100.40

2021년 08월 24일 16시 44분 29초
avg-cpu:  %user   %nice %system %iowait  %steal   %idle
           0.06    0.00    1.19    1.19    0.00   97.56

Device            r/s     w/s     rMB/s     wMB/s   rrqm/s   wrqm/s  %rrqm  %wrqm r_await w_await aqu-sz rareq-sz wareq-sz  svctm  %util
sdb           10105.00  826.00     39.59     41.00    29.00   786.00   0.29  48.76    0.14    0.54   0.03     4.01    50.83   0.09  98.80

2021년 08월 24일 16시 44분 30초
avg-cpu:  %user   %nice %system %iowait  %steal   %idle
           0.00    0.00    1.51    2.07    0.00   96.42

Device            r/s     w/s     rMB/s     wMB/s   rrqm/s   wrqm/s  %rrqm  %wrqm r_await w_await aqu-sz rareq-sz wareq-sz  svctm  %util
sdb           9929.00  926.00     38.79     41.36     0.00  1737.00   0.00  65.23    0.14    0.47   0.00     4.00    45.74   0.09 100.00

2021년 08월 24일 16시 44분 31초
avg-cpu:  %user   %nice %system %iowait  %steal   %idle
           0.06    0.00    1.56    1.00    0.00   97.38

Device            r/s     w/s     rMB/s     wMB/s   rrqm/s   wrqm/s  %rrqm  %wrqm r_await w_await aqu-sz rareq-sz wareq-sz  svctm  %util
sdb           10017.00  916.00     39.13     41.74     0.00  1572.00   0.00  63.18    0.14    0.48   0.00     4.00    46.66   0.09 100.00

2021년 08월 24일 16시 44분 32초
avg-cpu:  %user   %nice %system %iowait  %steal   %idle
           0.00    0.00    1.51    1.82    0.00   96.67

Device            r/s     w/s     rMB/s     wMB/s   rrqm/s   wrqm/s  %rrqm  %wrqm r_await w_await aqu-sz rareq-sz wareq-sz  svctm  %util
sdb           9669.00  886.00     37.77     40.35     0.00  1771.00   0.00  66.65    0.15    0.48   0.00     4.00    46.63   0.09 100.00

2021년 08월 24일 16시 44분 33초
avg-cpu:  %user   %nice %system %iowait  %steal   %idle
           0.00    0.00    1.19    1.50    0.00   97.31

Device            r/s     w/s     rMB/s     wMB/s   rrqm/s   wrqm/s  %rrqm  %wrqm r_await w_await aqu-sz rareq-sz wareq-sz  svctm  %util
sdb           9500.00  926.00     37.11     40.30     0.00  1640.00   0.00  63.91    0.15    0.48   0.03     4.00    44.57   0.09  98.40

2021년 08월 24일 16시 44분 34초
avg-cpu:  %user   %nice %system %iowait  %steal   %idle
           0.13    0.00    0.88    2.82    0.00   96.18

Device            r/s     w/s     rMB/s     wMB/s   rrqm/s   wrqm/s  %rrqm  %wrqm r_await w_await aqu-sz rareq-sz wareq-sz  svctm  %util
sdb           10345.00  907.00     40.65     41.61    59.00   664.00   0.57  42.27    0.14    0.47   0.00     4.02    46.98   0.09  99.60

2021년 08월 24일 16시 44분 35초
avg-cpu:  %user   %nice %system %iowait  %steal   %idle
           0.00    0.00    1.69    1.69    0.00   96.61

Device            r/s     w/s     rMB/s     wMB/s   rrqm/s   wrqm/s  %rrqm  %wrqm r_await w_await aqu-sz rareq-sz wareq-sz  svctm  %util
sdb           9813.00  879.00     38.33     40.99     0.00  1504.00   0.00  63.11    0.14    0.49   0.00     4.00    47.75   0.09 100.40

2021년 08월 24일 16시 44분 36초
avg-cpu:  %user   %nice %system %iowait  %steal   %idle
           0.00    0.00    1.69    1.06    0.00   97.25

Device            r/s     w/s     rMB/s     wMB/s   rrqm/s   wrqm/s  %rrqm  %wrqm r_await w_await aqu-sz rareq-sz wareq-sz  svctm  %util
sdb           9753.00  954.00     38.40     41.23    74.00  2190.00   0.75  69.66    0.14    0.48   0.00     4.03    44.25   0.09 100.00

2021년 08월 24일 16시 44분 37초
avg-cpu:  %user   %nice %system %iowait  %steal   %idle
           0.06    0.00    1.94    1.44    0.00   96.56

Device            r/s     w/s     rMB/s     wMB/s   rrqm/s   wrqm/s  %rrqm  %wrqm r_await w_await aqu-sz rareq-sz wareq-sz  svctm  %util
sdb           8970.00 1143.00     35.04     46.78     0.00  3681.00   0.00  76.31    0.15    0.72   0.18     4.00    41.91   0.10  98.40

2021년 08월 24일 16시 44분 38초
avg-cpu:  %user   %nice %system %iowait  %steal   %idle
           0.06    0.00    1.06    0.63    0.00   98.25

Device            r/s     w/s     rMB/s     wMB/s   rrqm/s   wrqm/s  %rrqm  %wrqm r_await w_await aqu-sz rareq-sz wareq-sz  svctm  %util
sdb           10619.00  894.00     41.60     43.27    29.00  1107.00   0.27  55.32    0.14    0.48   0.00     4.01    49.57   0.09 100.00

2021년 08월 24일 16시 44분 39초
avg-cpu:  %user   %nice %system %iowait  %steal   %idle
           0.06    0.00    1.81    1.31    0.00   96.82

Device            r/s     w/s     rMB/s     wMB/s   rrqm/s   wrqm/s  %rrqm  %wrqm r_await w_await aqu-sz rareq-sz wareq-sz  svctm  %util
sdb           10093.00  923.00     39.55     41.71    31.00  1504.00   0.31  61.97    0.14    0.47   0.00     4.01    46.28   0.09 100.00

2021년 08월 24일 16시 44분 40초
avg-cpu:  %user   %nice %system %iowait  %steal   %idle
           0.06    0.00    1.25    0.63    0.00   98.06

Device            r/s     w/s     rMB/s     wMB/s   rrqm/s   wrqm/s  %rrqm  %wrqm r_await w_await aqu-sz rareq-sz wareq-sz  svctm  %util
sdb           10361.00  918.00     40.47     42.27     0.00  1079.00   0.00  54.03    0.14    0.47   0.00     4.00    47.15   0.09 100.00

2021년 08월 24일 16시 44분 41초
avg-cpu:  %user   %nice %system %iowait  %steal   %idle
           0.06    0.00    2.13    3.94    0.00   93.86

Device            r/s     w/s     rMB/s     wMB/s   rrqm/s   wrqm/s  %rrqm  %wrqm r_await w_await aqu-sz rareq-sz wareq-sz  svctm  %util
sdb           8976.00  851.00     35.06     38.26     0.00  2136.00   0.00  71.51    0.15    0.52   0.03     4.00    46.04   0.10  98.80

2021년 08월 24일 16시 44분 42초
avg-cpu:  %user   %nice %system %iowait  %steal   %idle
           0.06    0.00    1.32    0.94    0.00   97.68

Device            r/s     w/s     rMB/s     wMB/s   rrqm/s   wrqm/s  %rrqm  %wrqm r_await w_await aqu-sz rareq-sz wareq-sz  svctm  %util
sdb           9964.00  929.00     39.04     41.36    29.00  1456.00   0.29  61.05    0.14    0.48   0.00     4.01    45.58   0.09 100.00

2021년 08월 24일 16시 44분 43초
avg-cpu:  %user   %nice %system %iowait  %steal   %idle
           0.00    0.00    2.74    1.99    0.00   95.27

Device            r/s     w/s     rMB/s     wMB/s   rrqm/s   wrqm/s  %rrqm  %wrqm r_await w_await aqu-sz rareq-sz wareq-sz  svctm  %util
sdb           9258.00  961.00     36.16     39.83     0.00  2392.00   0.00  71.34    0.15    0.47   0.00     4.00    42.44   0.10 100.00

2021년 08월 24일 16시 44분 44초
avg-cpu:  %user   %nice %system %iowait  %steal   %idle
           0.06    0.00    1.56    0.62    0.00   97.76

Device            r/s     w/s     rMB/s     wMB/s   rrqm/s   wrqm/s  %rrqm  %wrqm r_await w_await aqu-sz rareq-sz wareq-sz  svctm  %util
sdb           10434.00  901.00     40.76     42.42     0.00  1060.00   0.00  54.05    0.14    0.47   0.00     4.00    48.21   0.09 100.00

2021년 08월 24일 16시 44분 45초
avg-cpu:  %user   %nice %system %iowait  %steal   %idle
           0.06    0.00    2.37    1.68    0.00   95.88

Device            r/s     w/s     rMB/s     wMB/s   rrqm/s   wrqm/s  %rrqm  %wrqm r_await w_await aqu-sz rareq-sz wareq-sz  svctm  %util
sdb           9504.00  864.00     37.36     39.95    60.00  1734.00   0.63  66.74    0.14    0.53   0.03     4.03    47.34   0.10  98.80

2021년 08월 24일 16시 44분 46초
avg-cpu:  %user   %nice %system %iowait  %steal   %idle
           0.00    0.00    1.13    0.75    0.00   98.12

Device            r/s     w/s     rMB/s     wMB/s   rrqm/s   wrqm/s  %rrqm  %wrqm r_await w_await aqu-sz rareq-sz wareq-sz  svctm  %util
sdb           10392.00  889.00     40.59     42.64     0.00  1183.00   0.00  57.09    0.14    0.48   0.00     4.00    49.11   0.09 100.00

2021년 08월 24일 16시 44분 47초
avg-cpu:  %user   %nice %system %iowait  %steal   %idle
           0.00    0.00    1.62    0.75    0.00   97.63

Device            r/s     w/s     rMB/s     wMB/s   rrqm/s   wrqm/s  %rrqm  %wrqm r_await w_await aqu-sz rareq-sz wareq-sz  svctm  %util
sdb           10650.00  869.00     41.75     43.86    38.00  1439.00   0.36  62.35    0.14    0.49   0.00     4.01    51.68   0.09 100.00

2021년 08월 24일 16시 44분 48초
avg-cpu:  %user   %nice %system %iowait  %steal   %idle
           0.00    0.00    2.13    2.69    0.00   95.18

Device            r/s     w/s     rMB/s     wMB/s   rrqm/s   wrqm/s  %rrqm  %wrqm r_await w_await aqu-sz rareq-sz wareq-sz  svctm  %util
sdb           9156.00  899.00     36.25     39.16   122.00  2232.00   1.31  71.29    0.15    0.51   0.03     4.05    44.60   0.10  98.40

2021년 08월 24일 16시 44분 49초
avg-cpu:  %user   %nice %system %iowait  %steal   %idle
           0.06    0.00    3.00    1.75    0.00   95.19

Device            r/s     w/s     rMB/s     wMB/s   rrqm/s   wrqm/s  %rrqm  %wrqm r_await w_await aqu-sz rareq-sz wareq-sz  svctm  %util
sdb           8219.00 1034.00     32.11     37.04     0.00  3340.00   0.00  76.36    0.15    0.47   0.00     4.00    36.68   0.11 100.00

2021년 08월 24일 16시 44분 50초
avg-cpu:  %user   %nice %system %iowait  %steal   %idle
           0.12    0.00    2.24    1.37    0.00   96.26

Device            r/s     w/s     rMB/s     wMB/s   rrqm/s   wrqm/s  %rrqm  %wrqm r_await w_await aqu-sz rareq-sz wareq-sz  svctm  %util
sdb           9754.00  874.00     38.34     40.69    59.00  1511.00   0.60  63.35    0.14    0.50   0.00     4.03    47.68   0.09 100.00

2021년 08월 24일 16시 44분 51초
avg-cpu:  %user   %nice %system %iowait  %steal   %idle
           0.06    0.00    1.38    0.75    0.00   97.81

Device            r/s     w/s     rMB/s     wMB/s   rrqm/s   wrqm/s  %rrqm  %wrqm r_await w_await aqu-sz rareq-sz wareq-sz  svctm  %util
sdb           10078.00  866.00     39.37     41.80     0.00  1705.00   0.00  66.32    0.14    0.51   0.00     4.00    49.42   0.09 100.00

2021년 08월 24일 16시 44분 52초
avg-cpu:  %user   %nice %system %iowait  %steal   %idle
           0.00    0.00    2.12    1.87    0.00   96.02

Device            r/s     w/s     rMB/s     wMB/s   rrqm/s   wrqm/s  %rrqm  %wrqm r_await w_await aqu-sz rareq-sz wareq-sz  svctm  %util
sdb           9753.00  881.00     38.10     40.31     0.00  1532.00   0.00  63.49    0.14    0.52   0.03     4.00    46.85   0.09  98.40

2021년 08월 24일 16시 44분 53초
avg-cpu:  %user   %nice %system %iowait  %steal   %idle
           0.12    0.00    2.55    2.36    0.00   94.96

Device            r/s     w/s     rMB/s     wMB/s   rrqm/s   wrqm/s  %rrqm  %wrqm r_await w_await aqu-sz rareq-sz wareq-sz  svctm  %util
sdb           9474.00  935.00     37.01     40.45     0.00  1908.00   0.00  67.11    0.14    0.47   0.00     4.00    44.30   0.10 100.00

2021년 08월 24일 16시 44분 54초
avg-cpu:  %user   %nice %system %iowait  %steal   %idle
           0.06    0.00    1.81    2.13    0.00   95.99

Device            r/s     w/s     rMB/s     wMB/s   rrqm/s   wrqm/s  %rrqm  %wrqm r_await w_await aqu-sz rareq-sz wareq-sz  svctm  %util
sdb           9701.00 1001.00     37.89     40.63     0.00  1589.00   0.00  61.35    0.14    0.46   0.00     4.00    41.57   0.09 100.00

2021년 08월 24일 16시 44분 55초
avg-cpu:  %user   %nice %system %iowait  %steal   %idle
           0.06    0.00    1.87    1.12    0.00   96.94

Device            r/s     w/s     rMB/s     wMB/s   rrqm/s   wrqm/s  %rrqm  %wrqm r_await w_await aqu-sz rareq-sz wareq-sz  svctm  %util
sdb           9464.00  917.00     36.97     39.83     0.00  1660.00   0.00  64.42    0.15    0.48   0.00     4.00    44.48   0.10 100.00

2021년 08월 24일 16시 44분 56초
avg-cpu:  %user   %nice %system %iowait  %steal   %idle
           0.06    0.00    2.37    1.75    0.00   95.82

Device            r/s     w/s     rMB/s     wMB/s   rrqm/s   wrqm/s  %rrqm  %wrqm r_await w_await aqu-sz rareq-sz wareq-sz  svctm  %util
sdb           8905.00 1023.00     35.14     38.45    90.00  2013.00   1.00  66.30    0.15    0.45   0.03     4.04    38.48   0.10  98.80

2021년 08월 24일 16시 44분 57초
avg-cpu:  %user   %nice %system %iowait  %steal   %idle
           0.06    0.00    1.25    0.56    0.00   98.13

Device            r/s     w/s     rMB/s     wMB/s   rrqm/s   wrqm/s  %rrqm  %wrqm r_await w_await aqu-sz rareq-sz wareq-sz  svctm  %util
sdb           10001.00 1012.00     39.18     40.80    29.00  1043.00   0.29  50.75    0.14    0.45   0.00     4.01    41.29   0.09 100.00

2021년 08월 24일 16시 44분 58초
avg-cpu:  %user   %nice %system %iowait  %steal   %idle
           0.06    0.00    1.94    1.50    0.00   96.50

Device            r/s     w/s     rMB/s     wMB/s   rrqm/s   wrqm/s  %rrqm  %wrqm r_await w_await aqu-sz rareq-sz wareq-sz  svctm  %util
sdb           9544.00 1005.00     37.88     40.55   148.00  2109.00   1.53  67.73    0.15    0.45   0.00     4.06    41.31   0.09 100.00

2021년 08월 24일 16시 44분 59초
avg-cpu:  %user   %nice %system %iowait  %steal   %idle
           0.12    0.00    1.62    1.75    0.00   96.50

Device            r/s     w/s     rMB/s     wMB/s   rrqm/s   wrqm/s  %rrqm  %wrqm r_await w_await aqu-sz rareq-sz wareq-sz  svctm  %util
sdb           9990.00  986.00     39.15     41.21    31.00  1083.00   0.31  52.34    0.14    0.44   0.00     4.01    42.80   0.09 100.00

2021년 08월 24일 16시 45분 00초
avg-cpu:  %user   %nice %system %iowait  %steal   %idle
           0.06    0.00    2.06    3.31    0.00   94.57

Device            r/s     w/s     rMB/s     wMB/s   rrqm/s   wrqm/s  %rrqm  %wrqm r_await w_await aqu-sz rareq-sz wareq-sz  svctm  %util
sdb           9099.00  980.00     35.54     38.07     0.00  1517.00   0.00  60.75    0.15    0.46   0.04     4.00    39.78   0.10  98.40

2021년 08월 24일 16시 45분 01초
avg-cpu:  %user   %nice %system %iowait  %steal   %idle
           0.13    0.00    0.88    0.75    0.00   98.24

Device            r/s     w/s     rMB/s     wMB/s   rrqm/s   wrqm/s  %rrqm  %wrqm r_await w_await aqu-sz rareq-sz wareq-sz  svctm  %util
sdb           10521.00 1000.00     41.17     42.61    18.00   789.00   0.17  44.10    0.14    0.43   0.00     4.01    43.64   0.09 100.00

2021년 08월 24일 16시 45분 02초
avg-cpu:  %user   %nice %system %iowait  %steal   %idle
           0.00    0.00    1.00    0.94    0.00   98.06

Device            r/s     w/s     rMB/s     wMB/s   rrqm/s   wrqm/s  %rrqm  %wrqm r_await w_await aqu-sz rareq-sz wareq-sz  svctm  %util
sdb           10076.00 1057.00     39.60     41.80    61.00  1557.00   0.60  59.56    0.14    0.43   0.00     4.02    40.50   0.09 100.00

2021년 08월 24일 16시 45분 03초
avg-cpu:  %user   %nice %system %iowait  %steal   %idle
           0.06    0.00    1.50    2.44    0.00   96.00

Device            r/s     w/s     rMB/s     wMB/s   rrqm/s   wrqm/s  %rrqm  %wrqm r_await w_await aqu-sz rareq-sz wareq-sz  svctm  %util
sdb           10325.00  968.00     40.45     42.15    30.00  1242.00   0.29  56.20    0.14    0.46   0.00     4.01    44.59   0.09 100.00

2021년 08월 24일 16시 45분 04초
avg-cpu:  %user   %nice %system %iowait  %steal   %idle
           0.06    0.00    1.75    1.69    0.00   96.50

Device            r/s     w/s     rMB/s     wMB/s   rrqm/s   wrqm/s  %rrqm  %wrqm r_await w_await aqu-sz rareq-sz wareq-sz  svctm  %util
sdb           8938.00 1033.00     35.04     38.29    30.00  1715.00   0.33  62.41    0.15    0.45   0.03     4.01    37.96   0.10  98.40

2021년 08월 24일 16시 45분 05초
avg-cpu:  %user   %nice %system %iowait  %steal   %idle
           0.06    0.00    1.43    2.06    0.00   96.44

Device            r/s     w/s     rMB/s     wMB/s   rrqm/s   wrqm/s  %rrqm  %wrqm r_await w_await aqu-sz rareq-sz wareq-sz  svctm  %util
sdb           10331.00  998.00     40.71     42.40    89.00  1274.00   0.85  56.07    0.14    0.44   0.00     4.04    43.50   0.09 100.00

2021년 08월 24일 16시 45분 06초
avg-cpu:  %user   %nice %system %iowait  %steal   %idle
           0.06    0.00    1.00    0.69    0.00   98.25

Device            r/s     w/s     rMB/s     wMB/s   rrqm/s   wrqm/s  %rrqm  %wrqm r_await w_await aqu-sz rareq-sz wareq-sz  svctm  %util
sdb           9966.00 1079.00     38.93     40.62     0.00   932.00   0.00  46.35    0.15    0.41   0.00     4.00    38.55   0.09 100.00

2021년 08월 24일 16시 45분 07초
avg-cpu:  %user   %nice %system %iowait  %steal   %idle
           0.06    0.00    3.61    1.49    0.00   94.84

Device            r/s     w/s     rMB/s     wMB/s   rrqm/s   wrqm/s  %rrqm  %wrqm r_await w_await aqu-sz rareq-sz wareq-sz  svctm  %util
sdb           8241.00 1055.00     32.19     37.41     0.00  3103.00   0.00  74.63    0.15    0.45   0.00     4.00    36.31   0.11 100.00

2021년 08월 24일 16시 45분 08초
avg-cpu:  %user   %nice %system %iowait  %steal   %idle
           0.00    0.00    2.30    2.12    0.00   95.58

Device            r/s     w/s     rMB/s     wMB/s   rrqm/s   wrqm/s  %rrqm  %wrqm r_await w_await aqu-sz rareq-sz wareq-sz  svctm  %util
sdb           8888.00 1204.00     34.72     47.69     0.00  4576.00   0.00  79.17    0.16    0.69   0.12     4.00    40.56   0.10  98.40

2021년 08월 24일 16시 45분 09초
avg-cpu:  %user   %nice %system %iowait  %steal   %idle
           0.13    0.00    2.63    3.20    0.00   94.05

Device            r/s     w/s     rMB/s     wMB/s   rrqm/s   wrqm/s  %rrqm  %wrqm r_await w_await aqu-sz rareq-sz wareq-sz  svctm  %util
sdb           8141.00 1048.00     31.89     36.92    23.00  3139.00   0.28  74.97    0.15    0.45   0.00     4.01    36.07   0.11 100.00

2021년 08월 24일 16시 45분 10초
avg-cpu:  %user   %nice %system %iowait  %steal   %idle
           0.06    0.00    1.75    1.44    0.00   96.75

Device            r/s     w/s     rMB/s     wMB/s   rrqm/s   wrqm/s  %rrqm  %wrqm r_await w_await aqu-sz rareq-sz wareq-sz  svctm  %util
sdb           9868.00  919.00     38.55     41.18     0.00  1347.00   0.00  59.44    0.14    0.47   0.00     4.00    45.89   0.09 100.00

2021년 08월 24일 16시 45분 11초
avg-cpu:  %user   %nice %system %iowait  %steal   %idle
           0.06    0.00    1.63    1.88    0.00   96.42

Device            r/s     w/s     rMB/s     wMB/s   rrqm/s   wrqm/s  %rrqm  %wrqm r_await w_await aqu-sz rareq-sz wareq-sz  svctm  %util
sdb           9501.00 1029.00     37.11     40.70     0.00  2441.00   0.00  70.35    0.15    0.45   0.00     4.00    40.50   0.09 100.00

2021년 08월 24일 16시 45분 12초
avg-cpu:  %user   %nice %system %iowait  %steal   %idle
           0.06    0.00    1.31    0.75    0.00   97.87

Device            r/s     w/s     rMB/s     wMB/s   rrqm/s   wrqm/s  %rrqm  %wrqm r_await w_await aqu-sz rareq-sz wareq-sz  svctm  %util
sdb           9628.00  997.00     38.10     40.41   122.00  1592.00   1.25  61.49    0.15    0.47   0.03     4.05    41.50   0.09  98.40

2021년 08월 24일 16시 45분 13초
avg-cpu:  %user   %nice %system %iowait  %steal   %idle
           0.00    0.00    1.37    0.62    0.00   98.00

Device            r/s     w/s     rMB/s     wMB/s   rrqm/s   wrqm/s  %rrqm  %wrqm r_await w_await aqu-sz rareq-sz wareq-sz  svctm  %util
sdb           10669.00  886.00     41.80     43.04    30.00   876.00   0.28  49.72    0.14    0.48   0.00     4.01    49.75   0.09 100.00

2021년 08월 24일 16시 45분 14초
avg-cpu:  %user   %nice %system %iowait  %steal   %idle
           0.00    0.00    1.31    0.69    0.00   98.00

Device            r/s     w/s     rMB/s     wMB/s   rrqm/s   wrqm/s  %rrqm  %wrqm r_await w_await aqu-sz rareq-sz wareq-sz  svctm  %util
sdb           10270.00  890.00     40.49     41.92    92.00  1062.00   0.89  54.41    0.14    0.47   0.00     4.04    48.23   0.09 100.00

2021년 08월 24일 16시 45분 15초
avg-cpu:  %user   %nice %system %iowait  %steal   %idle
           0.06    0.00    1.19    0.62    0.00   98.12

Device            r/s     w/s     rMB/s     wMB/s   rrqm/s   wrqm/s  %rrqm  %wrqm r_await w_await aqu-sz rareq-sz wareq-sz  svctm  %util
sdb           10314.00  874.00     40.66     42.15    91.00  1122.00   0.87  56.21    0.14    0.48   0.00     4.04    49.38   0.09 100.00

2021년 08월 24일 16시 45분 16초
avg-cpu:  %user   %nice %system %iowait  %steal   %idle
           0.00    0.00    2.76    1.38    0.00   95.86

Device            r/s     w/s     rMB/s     wMB/s   rrqm/s   wrqm/s  %rrqm  %wrqm r_await w_await aqu-sz rareq-sz wareq-sz  svctm  %util
sdb           7684.00  986.00     30.38     36.03    91.00  3444.00   1.17  77.74    0.16    0.50   0.03     4.05    37.42   0.11  98.80

2021년 08월 24일 16시 45분 17초
avg-cpu:  %user   %nice %system %iowait  %steal   %idle
           0.06    0.00    2.38    2.13    0.00   95.43

Device            r/s     w/s     rMB/s     wMB/s   rrqm/s   wrqm/s  %rrqm  %wrqm r_await w_await aqu-sz rareq-sz wareq-sz  svctm  %util
sdb           9017.00  933.00     35.34     38.46    29.00  2275.00   0.32  70.92    0.15    0.48   0.00     4.01    42.21   0.10 100.80

2021년 08월 24일 16시 45분 18초
avg-cpu:  %user   %nice %system %iowait  %steal   %idle
           0.06    0.00    1.43    0.56    0.00   97.94

Device            r/s     w/s     rMB/s     wMB/s   rrqm/s   wrqm/s  %rrqm  %wrqm r_await w_await aqu-sz rareq-sz wareq-sz  svctm  %util
sdb           9962.00  903.00     38.91     41.25     0.00  1187.00   0.00  56.79    0.15    0.48   0.00     4.00    46.78   0.09 100.00

2021년 08월 24일 16시 45분 19초
avg-cpu:  %user   %nice %system %iowait  %steal   %idle
           0.00    0.00    1.94    3.75    0.00   94.31

Device            r/s     w/s     rMB/s     wMB/s   rrqm/s   wrqm/s  %rrqm  %wrqm r_await w_await aqu-sz rareq-sz wareq-sz  svctm  %util
sdb           9172.00  898.00     35.95     39.30    30.00  1922.00   0.33  68.16    0.15    0.49   0.00     4.01    44.82   0.10 100.00

2021년 08월 24일 16시 45분 20초
avg-cpu:  %user   %nice %system %iowait  %steal   %idle
           0.06    0.00    1.56    0.94    0.00   97.44

Device            r/s     w/s     rMB/s     wMB/s   rrqm/s   wrqm/s  %rrqm  %wrqm r_await w_await aqu-sz rareq-sz wareq-sz  svctm  %util
sdb           9887.00  950.00     38.74     41.23    30.00  1446.00   0.30  60.35    0.14    0.49   0.03     4.01    44.44   0.09  98.80

2021년 08월 24일 16시 45분 21초
avg-cpu:  %user   %nice %system %iowait  %steal   %idle
           0.00    0.00    1.63    2.51    0.00   95.86

Device            r/s     w/s     rMB/s     wMB/s   rrqm/s   wrqm/s  %rrqm  %wrqm r_await w_await aqu-sz rareq-sz wareq-sz  svctm  %util
sdb           9827.00  911.00     38.39     41.27     0.00  1596.00   0.00  63.66    0.14    0.49   0.00     4.00    46.39   0.09 100.00

2021년 08월 24일 16시 45분 22초
avg-cpu:  %user   %nice %system %iowait  %steal   %idle
           0.06    0.00    1.31    0.69    0.00   97.94

Device            r/s     w/s     rMB/s     wMB/s   rrqm/s   wrqm/s  %rrqm  %wrqm r_await w_await aqu-sz rareq-sz wareq-sz  svctm  %util
sdb           10268.00  878.00     40.35     41.88    60.00   944.00   0.58  51.81    0.14    0.49   0.00     4.02    48.85   0.09 100.00

2021년 08월 24일 16시 45분 23초
avg-cpu:  %user   %nice %system %iowait  %steal   %idle
           0.00    0.00    1.00    0.75    0.00   98.24

Device            r/s     w/s     rMB/s     wMB/s   rrqm/s   wrqm/s  %rrqm  %wrqm r_await w_await aqu-sz rareq-sz wareq-sz  svctm  %util
sdb           9928.00  916.00     38.90     41.77    29.00  1793.00   0.29  66.19    0.15    0.48   0.00     4.01    46.70   0.09 100.00

2021년 08월 24일 16시 45분 24초
avg-cpu:  %user   %nice %system %iowait  %steal   %idle
           0.13    0.00    1.38    2.13    0.00   96.37

Device            r/s     w/s     rMB/s     wMB/s   rrqm/s   wrqm/s  %rrqm  %wrqm r_await w_await aqu-sz rareq-sz wareq-sz  svctm  %util
sdb           9825.00  847.00     38.38     40.51     0.00  1387.00   0.00  62.09    0.14    0.52   0.03     4.00    48.97   0.09  98.40

2021년 08월 24일 16시 45분 25초
avg-cpu:  %user   %nice %system %iowait  %steal   %idle
           0.06    0.00    3.07    2.13    0.00   94.74

Device            r/s     w/s     rMB/s     wMB/s   rrqm/s   wrqm/s  %rrqm  %wrqm r_await w_await aqu-sz rareq-sz wareq-sz  svctm  %util
sdb           7899.00 1030.00     30.86     36.62     0.00  3391.00   0.00  76.70    0.16    0.46   0.00     4.00    36.40   0.11 100.00

2021년 08월 24일 16시 45분 26초
avg-cpu:  %user   %nice %system %iowait  %steal   %idle
           0.06    0.00    1.00    0.69    0.00   98.24

Device            r/s     w/s     rMB/s     wMB/s   rrqm/s   wrqm/s  %rrqm  %wrqm r_await w_await aqu-sz rareq-sz wareq-sz  svctm  %util
sdb           10008.00  908.00     39.57     41.47   118.00  1480.00   1.17  61.98    0.14    0.48   0.00     4.05    46.77   0.09 100.00

2021년 08월 24일 16시 45분 27초
avg-cpu:  %user   %nice %system %iowait  %steal   %idle
           0.06    0.00    2.79    2.17    0.00   94.98

Device            r/s     w/s     rMB/s     wMB/s   rrqm/s   wrqm/s  %rrqm  %wrqm r_await w_await aqu-sz rareq-sz wareq-sz  svctm  %util
sdb           9329.00  935.00     36.44     40.46     0.00  2169.00   0.00  69.88    0.15    0.47   0.00     4.00    44.32   0.10 100.00

2021년 08월 24일 16시 45분 28초
avg-cpu:  %user   %nice %system %iowait  %steal   %idle
           0.00    0.00    1.07    1.00    0.00   97.93

Device            r/s     w/s     rMB/s     wMB/s   rrqm/s   wrqm/s  %rrqm  %wrqm r_await w_await aqu-sz rareq-sz wareq-sz  svctm  %util
sdb           9674.00  893.00     37.95     40.40    38.00  1280.00   0.39  58.90    0.15    0.50   0.03     4.02    46.32   0.09  98.80

2021년 08월 24일 16시 45분 29초
avg-cpu:  %user   %nice %system %iowait  %steal   %idle
           0.06    0.00    1.06    1.13    0.00   97.75

Device            r/s     w/s     rMB/s     wMB/s   rrqm/s   wrqm/s  %rrqm  %wrqm r_await w_await aqu-sz rareq-sz wareq-sz  svctm  %util
sdb           10391.00  935.00     40.59     42.29     0.00   866.00   0.00  48.08    0.14    0.46   0.00     4.00    46.31   0.09 100.00

2021년 08월 24일 16시 45분 30초
avg-cpu:  %user   %nice %system %iowait  %steal   %idle
           0.06    0.00    2.00    1.75    0.00   96.19

Device            r/s     w/s     rMB/s     wMB/s   rrqm/s   wrqm/s  %rrqm  %wrqm r_await w_await aqu-sz rareq-sz wareq-sz  svctm  %util
sdb           9853.00  915.00     38.49     41.42     0.00  1603.00   0.00  63.66    0.14    0.47   0.00     4.00    46.35   0.09 100.00

2021년 08월 24일 16시 45분 31초
avg-cpu:  %user   %nice %system %iowait  %steal   %idle
           0.13    0.00    2.38    3.39    0.00   94.10

Device            r/s     w/s     rMB/s     wMB/s   rrqm/s   wrqm/s  %rrqm  %wrqm r_await w_await aqu-sz rareq-sz wareq-sz  svctm  %util
sdb           9021.00  914.00     35.24     39.36     0.00  2887.00   0.00  75.95    0.15    0.48   0.00     4.00    44.10   0.10 100.00

2021년 08월 24일 16시 45분 32초
avg-cpu:  %user   %nice %system %iowait  %steal   %idle
           0.00    0.00    0.94    1.13    0.00   97.93

Device            r/s     w/s     rMB/s     wMB/s   rrqm/s   wrqm/s  %rrqm  %wrqm r_await w_await aqu-sz rareq-sz wareq-sz  svctm  %util
sdb           10298.00  830.00     40.35     42.90    30.00  1952.00   0.29  70.17    0.14    0.52   0.03     4.01    52.93   0.09  98.80

2021년 08월 24일 16시 45분 33초
avg-cpu:  %user   %nice %system %iowait  %steal   %idle
           0.06    0.00    1.62    0.81    0.00   97.51

Device            r/s     w/s     rMB/s     wMB/s   rrqm/s   wrqm/s  %rrqm  %wrqm r_await w_await aqu-sz rareq-sz wareq-sz  svctm  %util
sdb           10405.00  877.00     41.01     43.27    91.00  1330.00   0.87  60.26    0.14    0.49   0.00     4.04    50.52   0.09 100.00

2021년 08월 24일 16시 45분 34초
avg-cpu:  %user   %nice %system %iowait  %steal   %idle
           0.00    0.00    1.69    2.01    0.00   96.30

Device            r/s     w/s     rMB/s     wMB/s   rrqm/s   wrqm/s  %rrqm  %wrqm r_await w_await aqu-sz rareq-sz wareq-sz  svctm  %util
sdb           10023.00  900.00     39.39     41.48    59.00  1431.00   0.59  61.39    0.14    0.50   0.00     4.02    47.20   0.09 100.00

2021년 08월 24일 16시 45분 35초
avg-cpu:  %user   %nice %system %iowait  %steal   %idle
           0.06    0.00    1.62    1.56    0.00   96.76

Device            r/s     w/s     rMB/s     wMB/s   rrqm/s   wrqm/s  %rrqm  %wrqm r_await w_await aqu-sz rareq-sz wareq-sz  svctm  %util
sdb           9907.00  910.00     38.70     40.79     0.00  1276.00   0.00  58.37    0.15    0.49   0.00     4.00    45.89   0.09 100.00

2021년 08월 24일 16시 45분 36초
avg-cpu:  %user   %nice %system %iowait  %steal   %idle
           0.00    0.00    1.44    1.81    0.00   96.75

Device            r/s     w/s     rMB/s     wMB/s   rrqm/s   wrqm/s  %rrqm  %wrqm r_await w_await aqu-sz rareq-sz wareq-sz  svctm  %util
sdb           9879.00  881.00     38.71     41.16    30.00  1443.00   0.30  62.09    0.14    0.53   0.03     4.01    47.85   0.09  98.80

2021년 08월 24일 16시 45분 37초
avg-cpu:  %user   %nice %system %iowait  %steal   %idle
           0.06    0.00    1.87    1.50    0.00   96.57

Device            r/s     w/s     rMB/s     wMB/s   rrqm/s   wrqm/s  %rrqm  %wrqm r_await w_await aqu-sz rareq-sz wareq-sz  svctm  %util
sdb           9422.00  910.00     37.29     40.41   120.00  2377.00   1.26  72.32    0.15    0.50   0.00     4.05    45.48   0.10 100.00

2021년 08월 24일 16시 45분 38초
avg-cpu:  %user   %nice %system %iowait  %steal   %idle
           0.06    0.00    1.07    0.56    0.00   98.31

Device            r/s     w/s     rMB/s     wMB/s   rrqm/s   wrqm/s  %rrqm  %wrqm r_await w_await aqu-sz rareq-sz wareq-sz  svctm  %util
sdb           10309.00  932.00     40.27     42.26     0.00   917.00   0.00  49.59    0.14    0.48   0.00     4.00    46.43   0.09 100.00

2021년 08월 24일 16시 45분 39초
avg-cpu:  %user   %nice %system %iowait  %steal   %idle
           0.00    0.00    2.06    1.19    0.00   96.76

Device            r/s     w/s     rMB/s     wMB/s   rrqm/s   wrqm/s  %rrqm  %wrqm r_await w_await aqu-sz rareq-sz wareq-sz  svctm  %util
sdb           9516.00 1066.00     37.29     49.80    30.00  4198.00   0.31  79.75    0.15    0.80   0.14     4.01    47.84   0.09  99.20

2021년 08월 24일 16시 45분 40초
avg-cpu:  %user   %nice %system %iowait  %steal   %idle
           0.00    0.00    1.31    0.50    0.00   98.19

Device            r/s     w/s     rMB/s     wMB/s   rrqm/s   wrqm/s  %rrqm  %wrqm r_await w_await aqu-sz rareq-sz wareq-sz  svctm  %util
sdb           10343.00  891.00     40.65     42.77    61.00  1294.00   0.59  59.22    0.14    0.49   0.00     4.02    49.15   0.09 100.00

2021년 08월 24일 16시 45분 41초
avg-cpu:  %user   %nice %system %iowait  %steal   %idle
           0.00    0.00    1.50    2.62    0.00   95.88

Device            r/s     w/s     rMB/s     wMB/s   rrqm/s   wrqm/s  %rrqm  %wrqm r_await w_await aqu-sz rareq-sz wareq-sz  svctm  %util
sdb           10562.00  847.00     41.86     42.90   148.00  1103.00   1.38  56.56    0.14    0.51   0.00     4.06    51.86   0.09 100.00

2021년 08월 24일 16시 45분 42초
avg-cpu:  %user   %nice %system %iowait  %steal   %idle
           0.06    0.00    0.82    2.45    0.00   96.67

Device            r/s     w/s     rMB/s     wMB/s   rrqm/s   wrqm/s  %rrqm  %wrqm r_await w_await aqu-sz rareq-sz wareq-sz  svctm  %util
sdb           10433.00  897.00     40.75     42.41     0.00  1000.00   0.00  52.71    0.14    0.48   0.00     4.00    48.42   0.09 100.00

2021년 08월 24일 16시 45분 43초
avg-cpu:  %user   %nice %system %iowait  %steal   %idle
           0.06    0.00    1.44    3.88    0.00   94.62

Device            r/s     w/s     rMB/s     wMB/s   rrqm/s   wrqm/s  %rrqm  %wrqm r_await w_await aqu-sz rareq-sz wareq-sz  svctm  %util
sdb           10324.00  906.00     40.33     42.36     0.00  1170.00   0.00  56.36    0.14    0.49   0.03     4.00    47.88   0.09  98.80

2021년 08월 24일 16시 45분 44초
avg-cpu:  %user   %nice %system %iowait  %steal   %idle
           0.00    0.00    0.88    4.27    0.00   94.85

Device            r/s     w/s     rMB/s     wMB/s   rrqm/s   wrqm/s  %rrqm  %wrqm r_await w_await aqu-sz rareq-sz wareq-sz  svctm  %util
sdb           10581.00  866.00     41.33     42.59     0.00   681.00   0.00  44.02    0.14    0.46   0.00     4.00    50.36   0.09 100.40

2021년 08월 24일 16시 45분 45초
avg-cpu:  %user   %nice %system %iowait  %steal   %idle
           0.06    0.00    1.94    1.38    0.00   96.62

Device            r/s     w/s     rMB/s     wMB/s   rrqm/s   wrqm/s  %rrqm  %wrqm r_await w_await aqu-sz rareq-sz wareq-sz  svctm  %util
sdb           9590.00  927.00     37.46     40.16     0.00  1589.00   0.00  63.16    0.15    0.47   0.00     4.00    44.36   0.09  99.60

2021년 08월 24일 16시 45분 46초
avg-cpu:  %user   %nice %system %iowait  %steal   %idle
           0.00    0.00    2.18    1.75    0.00   96.07

Device            r/s     w/s     rMB/s     wMB/s   rrqm/s   wrqm/s  %rrqm  %wrqm r_await w_await aqu-sz rareq-sz wareq-sz  svctm  %util
sdb           9866.00  872.00     38.54     41.32     0.00  1692.00   0.00  65.99    0.14    0.50   0.00     4.00    48.53   0.09 100.00

2021년 08월 24일 16시 45분 47초
avg-cpu:  %user   %nice %system %iowait  %steal   %idle
           0.06    0.00    1.63    1.75    0.00   96.56

Device            r/s     w/s     rMB/s     wMB/s   rrqm/s   wrqm/s  %rrqm  %wrqm r_await w_await aqu-sz rareq-sz wareq-sz  svctm  %util
sdb           9766.00  900.00     38.14     40.80     0.00  1676.00   0.00  65.06    0.14    0.52   0.03     4.00    46.42   0.09  98.80

2021년 08월 24일 16시 45분 48초
avg-cpu:  %user   %nice %system %iowait  %steal   %idle
           0.06    0.00    1.37    0.81    0.00   97.75

Device            r/s     w/s     rMB/s     wMB/s   rrqm/s   wrqm/s  %rrqm  %wrqm r_await w_await aqu-sz rareq-sz wareq-sz  svctm  %util
sdb           10624.00  816.00     42.57     43.42   267.00  1013.00   2.45  55.39    0.14    0.51   0.00     4.10    54.49   0.09 100.40

2021년 08월 24일 16시 45분 49초
avg-cpu:  %user   %nice %system %iowait  %steal   %idle
           0.06    0.00    1.75    1.50    0.00   96.68

Device            r/s     w/s     rMB/s     wMB/s   rrqm/s   wrqm/s  %rrqm  %wrqm r_await w_await aqu-sz rareq-sz wareq-sz  svctm  %util
sdb           9576.00  850.00     37.41     39.82     0.00  1735.00   0.00  67.12    0.15    0.52   0.00     4.00    47.98   0.10  99.60

2021년 08월 24일 16시 45분 50초
avg-cpu:  %user   %nice %system %iowait  %steal   %idle
           0.00    0.00    1.00    0.75    0.00   98.25

Device            r/s     w/s     rMB/s     wMB/s   rrqm/s   wrqm/s  %rrqm  %wrqm r_await w_await aqu-sz rareq-sz wareq-sz  svctm  %util
sdb           10428.00  893.00     40.73     42.95     0.00  1347.00   0.00  60.13    0.14    0.50   0.00     4.00    49.25   0.09 100.00

2021년 08월 24일 16시 45분 51초
avg-cpu:  %user   %nice %system %iowait  %steal   %idle
           0.06    0.00    1.06    1.57    0.00   97.31

Device            r/s     w/s     rMB/s     wMB/s   rrqm/s   wrqm/s  %rrqm  %wrqm r_await w_await aqu-sz rareq-sz wareq-sz  svctm  %util
sdb           9839.00  919.00     38.43     40.34     0.00  1271.00   0.00  58.04    0.15    0.49   0.03     4.00    44.95   0.09  99.20

2021년 08월 24일 16시 45분 52초
avg-cpu:  %user   %nice %system %iowait  %steal   %idle
           0.06    0.00    1.69    1.81    0.00   96.44

Device            r/s     w/s     rMB/s     wMB/s   rrqm/s   wrqm/s  %rrqm  %wrqm r_await w_await aqu-sz rareq-sz wareq-sz  svctm  %util
sdb           9654.00  930.00     37.71     40.52     0.00  1324.00   0.00  58.74    0.15    0.47   0.00     4.00    44.61   0.09 100.00

2021년 08월 24일 16시 45분 53초
avg-cpu:  %user   %nice %system %iowait  %steal   %idle
           0.12    0.00    1.50    1.12    0.00   97.25

Device            r/s     w/s     rMB/s     wMB/s   rrqm/s   wrqm/s  %rrqm  %wrqm r_await w_await aqu-sz rareq-sz wareq-sz  svctm  %util
sdb           9927.00 1017.00     39.14     41.68    89.00  1843.00   0.89  64.44    0.14    0.44   0.00     4.04    41.97   0.09 100.00

2021년 08월 24일 16시 45분 54초
avg-cpu:  %user   %nice %system %iowait  %steal   %idle
           0.00    0.00    1.13    0.88    0.00   97.99

Device            r/s     w/s     rMB/s     wMB/s   rrqm/s   wrqm/s  %rrqm  %wrqm r_await w_await aqu-sz rareq-sz wareq-sz  svctm  %util
sdb           10291.00  944.00     40.20     42.54     0.00  1374.00   0.00  59.28    0.14    0.46   0.00     4.00    46.15   0.09 100.00

2021년 08월 24일 16시 45분 55초
avg-cpu:  %user   %nice %system %iowait  %steal   %idle
           0.06    0.00    1.75    1.56    0.00   96.62

Device            r/s     w/s     rMB/s     wMB/s   rrqm/s   wrqm/s  %rrqm  %wrqm r_await w_await aqu-sz rareq-sz wareq-sz  svctm  %util
sdb           9725.00  891.00     37.99     40.98     0.00  1768.00   0.00  66.49    0.14    0.51   0.03     4.00    47.10   0.09  98.00

2021년 08월 24일 16시 45분 56초
avg-cpu:  %user   %nice %system %iowait  %steal   %idle
           0.00    0.00    1.06    1.00    0.00   97.93

Device            r/s     w/s     rMB/s     wMB/s   rrqm/s   wrqm/s  %rrqm  %wrqm r_await w_await aqu-sz rareq-sz wareq-sz  svctm  %util
sdb           10114.00  854.00     40.37     41.24   213.00   962.00   2.06  52.97    0.15    0.49   0.00     4.09    49.45   0.09 100.40

2021년 08월 24일 16시 45분 57초
avg-cpu:  %user   %nice %system %iowait  %steal   %idle
           0.00    0.00    2.07    2.07    0.00   95.87

Device            r/s     w/s     rMB/s     wMB/s   rrqm/s   wrqm/s  %rrqm  %wrqm r_await w_await aqu-sz rareq-sz wareq-sz  svctm  %util
sdb           9250.00  892.00     36.25     39.33    30.00  2087.00   0.32  70.06    0.15    0.49   0.00     4.01    45.15   0.10 100.00

2021년 08월 24일 16시 45분 58초
avg-cpu:  %user   %nice %system %iowait  %steal   %idle
           0.06    0.00    1.13    0.63    0.00   98.19

Device            r/s     w/s     rMB/s     wMB/s   rrqm/s   wrqm/s  %rrqm  %wrqm r_await w_await aqu-sz rareq-sz wareq-sz  svctm  %util
sdb           10689.00  849.00     41.88     43.48    30.00   875.00   0.28  50.75    0.14    0.50   0.00     4.01    52.44   0.09 100.00

2021년 08월 24일 16시 45분 59초
avg-cpu:  %user   %nice %system %iowait  %steal   %idle
           0.00    0.00    1.19    0.88    0.00   97.93

Device            r/s     w/s     rMB/s     wMB/s   rrqm/s   wrqm/s  %rrqm  %wrqm r_await w_await aqu-sz rareq-sz wareq-sz  svctm  %util
sdb           9642.00  874.00     37.79     39.88    31.00  1394.00   0.32  61.46    0.15    0.53   0.03     4.01    46.73   0.09  98.40

2021년 08월 24일 16시 46분 00초
avg-cpu:  %user   %nice %system %iowait  %steal   %idle
           0.06    0.00    1.19    0.62    0.00   98.12

Device            r/s     w/s     rMB/s     wMB/s   rrqm/s   wrqm/s  %rrqm  %wrqm r_await w_await aqu-sz rareq-sz wareq-sz  svctm  %util
sdb           10201.00  868.00     40.09     42.16    60.00  1197.00   0.58  57.97    0.14    0.49   0.00     4.02    49.73   0.09 100.00

2021년 08월 24일 16시 46분 01초
avg-cpu:  %user   %nice %system %iowait  %steal   %idle
           0.00    0.00    1.07    0.75    0.00   98.18

Device            r/s     w/s     rMB/s     wMB/s   rrqm/s   wrqm/s  %rrqm  %wrqm r_await w_await aqu-sz rareq-sz wareq-sz  svctm  %util
sdb           10392.00  922.00     40.59     42.39     0.00  1035.00   0.00  52.89    0.14    0.47   0.00     4.00    47.08   0.09 100.00

2021년 08월 24일 16시 46분 02초
avg-cpu:  %user   %nice %system %iowait  %steal   %idle
           0.06    0.00    1.81    0.94    0.00   97.19

Device            r/s     w/s     rMB/s     wMB/s   rrqm/s   wrqm/s  %rrqm  %wrqm r_await w_await aqu-sz rareq-sz wareq-sz  svctm  %util
sdb           10261.00  892.00     40.57     42.03   122.00  1279.00   1.17  58.91    0.14    0.48   0.00     4.05    48.25   0.09 100.00

2021년 08월 24일 16시 46분 03초
avg-cpu:  %user   %nice %system %iowait  %steal   %idle
           0.12    0.00    2.94    2.38    0.00   94.56

Device            r/s     w/s     rMB/s     wMB/s   rrqm/s   wrqm/s  %rrqm  %wrqm r_await w_await aqu-sz rareq-sz wareq-sz  svctm  %util
sdb           8743.00  932.00     34.16     37.47     2.00  2676.00   0.02  74.17    0.15    0.48   0.03     4.00    41.17   0.10  98.80

2021년 08월 24일 16시 46분 04초
avg-cpu:  %user   %nice %system %iowait  %steal   %idle
           0.00    0.00    1.94    1.57    0.00   96.49

Device            r/s     w/s     rMB/s     wMB/s   rrqm/s   wrqm/s  %rrqm  %wrqm r_await w_await aqu-sz rareq-sz wareq-sz  svctm  %util
sdb           9390.00  979.00     36.68     40.70     0.00  2084.00   0.00  68.04    0.15    0.47   0.00     4.00    42.57   0.10 100.00

2021년 08월 24일 16시 46분 05초
avg-cpu:  %user   %nice %system %iowait  %steal   %idle
           0.06    0.00    1.43    0.62    0.00   97.88

Device            r/s     w/s     rMB/s     wMB/s   rrqm/s   wrqm/s  %rrqm  %wrqm r_await w_await aqu-sz rareq-sz wareq-sz  svctm  %util
sdb           10620.00  937.00     41.60     43.19    29.00  1017.00   0.27  52.05    0.14    0.46   0.00     4.01    47.20   0.09 100.00

2021년 08월 24일 16시 46분 06초
avg-cpu:  %user   %nice %system %iowait  %steal   %idle
           0.06    0.00    1.81    1.88    0.00   96.25

Device            r/s     w/s     rMB/s     wMB/s   rrqm/s   wrqm/s  %rrqm  %wrqm r_await w_await aqu-sz rareq-sz wareq-sz  svctm  %util
sdb           9549.00 1006.00     37.30     40.45     0.00  1612.00   0.00  61.57    0.14    0.46   0.00     4.00    41.17   0.09 100.00

2021년 08월 24일 16시 46분 07초
avg-cpu:  %user   %nice %system %iowait  %steal   %idle
           0.06    0.00    1.44    1.56    0.00   96.94

Device            r/s     w/s     rMB/s     wMB/s   rrqm/s   wrqm/s  %rrqm  %wrqm r_await w_await aqu-sz rareq-sz wareq-sz  svctm  %util
sdb           9811.00  809.00     39.17     40.32   212.00  1317.00   2.12  61.95    0.15    0.53   0.03     4.09    51.04   0.09  98.40

2021년 08월 24일 16시 46분 08초
avg-cpu:  %user   %nice %system %iowait  %steal   %idle
           0.06    0.00    1.19    0.75    0.00   98.00

Device            r/s     w/s     rMB/s     wMB/s   rrqm/s   wrqm/s  %rrqm  %wrqm r_await w_await aqu-sz rareq-sz wareq-sz  svctm  %util
sdb           10709.00  889.00     41.83     43.70     0.00  1158.00   0.00  56.57    0.14    0.48   0.00     4.00    50.34   0.09 100.00

2021년 08월 24일 16시 46분 09초
avg-cpu:  %user   %nice %system %iowait  %steal   %idle
           0.13    0.00    0.94    1.38    0.00   97.56

Device            r/s     w/s     rMB/s     wMB/s   rrqm/s   wrqm/s  %rrqm  %wrqm r_await w_await aqu-sz rareq-sz wareq-sz  svctm  %util
sdb           10085.00 1008.00     39.39     50.38     0.00  3344.00   0.00  76.84    0.15    0.84   0.16     4.00    51.17   0.09 100.00

2021년 08월 24일 16시 46분 10초
avg-cpu:  %user   %nice %system %iowait  %steal   %idle
           0.06    0.00    1.81    2.68    0.00   95.45

Device            r/s     w/s     rMB/s     wMB/s   rrqm/s   wrqm/s  %rrqm  %wrqm r_await w_await aqu-sz rareq-sz wareq-sz  svctm  %util
sdb           9666.00  869.00     37.76     40.56     0.00  1491.00   0.00  63.18    0.14    0.54   0.03     4.00    47.80   0.09  98.80

2021년 08월 24일 16시 46분 11초
avg-cpu:  %user   %nice %system %iowait  %steal   %idle
           0.19    0.00    1.56    2.50    0.00   95.75

Device            r/s     w/s     rMB/s     wMB/s   rrqm/s   wrqm/s  %rrqm  %wrqm r_await w_await aqu-sz rareq-sz wareq-sz  svctm  %util
sdb           9991.00  867.00     39.03     41.35     0.00  1430.00   0.00  62.26    0.14    0.50   0.00     4.00    48.84   0.09 100.00

2021년 08월 24일 16시 46분 12초
avg-cpu:  %user   %nice %system %iowait  %steal   %idle
           0.00    0.00    1.25    0.94    0.00   97.81

Device            r/s     w/s     rMB/s     wMB/s   rrqm/s   wrqm/s  %rrqm  %wrqm r_await w_await aqu-sz rareq-sz wareq-sz  svctm  %util
sdb           10123.00  911.00     39.54     42.09     0.00  1391.00   0.00  60.43    0.14    0.49   0.00     4.00    47.32   0.09 100.00

2021년 08월 24일 16시 46분 13초
avg-cpu:  %user   %nice %system %iowait  %steal   %idle
           0.06    0.00    0.94    0.88    0.00   98.12

Device            r/s     w/s     rMB/s     wMB/s   rrqm/s   wrqm/s  %rrqm  %wrqm r_await w_await aqu-sz rareq-sz wareq-sz  svctm  %util
sdb           10487.00  920.00     41.09     42.85    31.00   915.00   0.29  49.86    0.14    0.47   0.00     4.01    47.70   0.09 100.00

2021년 08월 24일 16시 46분 14초
avg-cpu:  %user   %nice %system %iowait  %steal   %idle
           0.06    0.00    2.88    3.32    0.00   93.74

Device            r/s     w/s     rMB/s     wMB/s   rrqm/s   wrqm/s  %rrqm  %wrqm r_await w_await aqu-sz rareq-sz wareq-sz  svctm  %util
sdb           8362.00  938.00     33.06     36.78   100.00  2508.00   1.18  72.78    0.15    0.51   0.03     4.05    40.15   0.11  98.40

2021년 08월 24일 16시 46분 15초
avg-cpu:  %user   %nice %system %iowait  %steal   %idle
           0.13    0.00    2.90    1.64    0.00   95.34

Device            r/s     w/s     rMB/s     wMB/s   rrqm/s   wrqm/s  %rrqm  %wrqm r_await w_await aqu-sz rareq-sz wareq-sz  svctm  %util
sdb           7741.00 1066.00     30.24     36.89     0.00  3953.00   0.00  78.76    0.16    0.46   0.00     4.00    35.43   0.11 100.00

2021년 08월 24일 16시 46분 16초
avg-cpu:  %user   %nice %system %iowait  %steal   %idle
           0.00    0.00    1.06    0.63    0.00   98.31

Device            r/s     w/s     rMB/s     wMB/s   rrqm/s   wrqm/s  %rrqm  %wrqm r_await w_await aqu-sz rareq-sz wareq-sz  svctm  %util
sdb           10444.00  858.00     41.04     42.59    60.00  1082.00   0.57  55.77    0.14    0.49   0.00     4.02    50.83   0.09 100.00

2021년 08월 24일 16시 46분 17초
avg-cpu:  %user   %nice %system %iowait  %steal   %idle
           0.12    0.00    1.37    1.75    0.00   96.75

Device            r/s     w/s     rMB/s     wMB/s   rrqm/s   wrqm/s  %rrqm  %wrqm r_await w_await aqu-sz rareq-sz wareq-sz  svctm  %util
sdb           10289.00  912.00     40.88     42.27   171.00  1114.00   1.63  54.99    0.14    0.48   0.00     4.07    47.46   0.09 100.00

2021년 08월 24일 16시 46분 18초
avg-cpu:  %user   %nice %system %iowait  %steal   %idle
           0.06    0.00    2.19    2.31    0.00   95.44

Device            r/s     w/s     rMB/s     wMB/s   rrqm/s   wrqm/s  %rrqm  %wrqm r_await w_await aqu-sz rareq-sz wareq-sz  svctm  %util
sdb           9198.00  944.00     35.93     39.14     0.00  1958.00   0.00  67.47    0.15    0.49   0.03     4.00    42.46   0.10  98.80

2021년 08월 24일 16시 46분 19초
avg-cpu:  %user   %nice %system %iowait  %steal   %idle
           0.06    0.00    1.87    1.81    0.00   96.26

Device            r/s     w/s     rMB/s     wMB/s   rrqm/s   wrqm/s  %rrqm  %wrqm r_await w_await aqu-sz rareq-sz wareq-sz  svctm  %util
sdb           9666.00  968.00     37.99     40.42    58.00  1376.00   0.60  58.70    0.15    0.47   0.00     4.02    42.76   0.09 100.00

2021년 08월 24일 16시 46분 20초
avg-cpu:  %user   %nice %system %iowait  %steal   %idle
           0.12    0.00    1.06    1.75    0.00   97.06

Device            r/s     w/s     rMB/s     wMB/s   rrqm/s   wrqm/s  %rrqm  %wrqm r_await w_await aqu-sz rareq-sz wareq-sz  svctm  %util
sdb           10325.00  849.00     40.33     42.12     0.00  1014.00   0.00  54.43    0.14    0.51   0.00     4.00    50.80   0.09 100.00

2021년 08월 24일 16시 46분 21초
avg-cpu:  %user   %nice %system %iowait  %steal   %idle
           0.00    0.00    1.31    0.81    0.00   97.87

Device            r/s     w/s     rMB/s     wMB/s   rrqm/s   wrqm/s  %rrqm  %wrqm r_await w_await aqu-sz rareq-sz wareq-sz  svctm  %util
sdb           10352.00  841.00     40.44     42.44     0.00  1420.00   0.00  62.80    0.14    0.52   0.00     4.00    51.68   0.09 100.00

2021년 08월 24일 16시 46분 22초
avg-cpu:  %user   %nice %system %iowait  %steal   %idle
           0.12    0.00    2.18    2.12    0.00   95.58

Device            r/s     w/s     rMB/s     wMB/s   rrqm/s   wrqm/s  %rrqm  %wrqm r_await w_await aqu-sz rareq-sz wareq-sz  svctm  %util
sdb           9723.00  864.00     37.98     40.84     0.00  1767.00   0.00  67.16    0.14    0.52   0.03     4.00    48.40   0.09  98.80

2021년 08월 24일 16시 46분 23초
avg-cpu:  %user   %nice %system %iowait  %steal   %idle
           0.18    0.00    4.43    3.08    0.00   92.30

Device            r/s     w/s     rMB/s     wMB/s   rrqm/s   wrqm/s  %rrqm  %wrqm r_await w_await aqu-sz rareq-sz wareq-sz  svctm  %util
sdb           8264.00  897.00     32.28     36.78     0.00  2885.00   0.00  76.28    0.15    0.51   0.00     4.00    41.98   0.11 100.00

2021년 08월 24일 16시 46분 24초
avg-cpu:  %user   %nice %system %iowait  %steal   %idle
           0.12    0.00    1.94    1.44    0.00   96.50

Device            r/s     w/s     rMB/s     wMB/s   rrqm/s   wrqm/s  %rrqm  %wrqm r_await w_await aqu-sz rareq-sz wareq-sz  svctm  %util
sdb           9226.00  979.00     36.04     40.18     0.00  1924.00   0.00  66.28    0.15    0.48   0.00     4.00    42.02   0.10 100.00

2021년 08월 24일 16시 46분 25초
avg-cpu:  %user   %nice %system %iowait  %steal   %idle
           0.06    0.00    1.31    0.69    0.00   97.94

Device            r/s     w/s     rMB/s     wMB/s   rrqm/s   wrqm/s  %rrqm  %wrqm r_await w_await aqu-sz rareq-sz wareq-sz  svctm  %util
sdb           10378.00  909.00     40.54     42.27     0.00  1325.00   0.00  59.31    0.14    0.47   0.00     4.00    47.61   0.09 100.00

2021년 08월 24일 16시 46분 26초
avg-cpu:  %user   %nice %system %iowait  %steal   %idle
           0.00    0.00    2.30    1.37    0.00   96.33

Device            r/s     w/s     rMB/s     wMB/s   rrqm/s   wrqm/s  %rrqm  %wrqm r_await w_await aqu-sz rareq-sz wareq-sz  svctm  %util
sdb           9305.00  965.00     36.84     40.66   122.00  2621.00   1.29  73.09    0.15    0.50   0.03     4.05    43.15   0.10  98.80

2021년 08월 24일 16시 46분 27초
avg-cpu:  %user   %nice %system %iowait  %steal   %idle
           0.06    0.00    2.18    1.93    0.00   95.82

Device            r/s     w/s     rMB/s     wMB/s   rrqm/s   wrqm/s  %rrqm  %wrqm r_await w_await aqu-sz rareq-sz wareq-sz  svctm  %util
sdb           9516.00  924.00     37.54     39.92    90.00  1683.00   0.94  64.56    0.15    0.48   0.00     4.04    44.24   0.10 100.00

2021년 08월 24일 16시 46분 28초
avg-cpu:  %user   %nice %system %iowait  %steal   %idle
           0.06    0.00    2.94    3.25    0.00   93.75

Device            r/s     w/s     rMB/s     wMB/s   rrqm/s   wrqm/s  %rrqm  %wrqm r_await w_await aqu-sz rareq-sz wareq-sz  svctm  %util
sdb           8628.00  932.00     33.82     38.16    31.00  2902.00   0.36  75.69    0.15    0.48   0.00     4.01    41.93   0.10 100.00

2021년 08월 24일 16시 46분 29초
avg-cpu:  %user   %nice %system %iowait  %steal   %idle
           0.00    0.00    1.62    0.69    0.00   97.69

Device            r/s     w/s     rMB/s     wMB/s   rrqm/s   wrqm/s  %rrqm  %wrqm r_await w_await aqu-sz rareq-sz wareq-sz  svctm  %util
sdb           10097.00  872.00     39.56     41.70    30.00  1520.00   0.30  63.55    0.14    0.49   0.00     4.01    48.96   0.09 100.00

2021년 08월 24일 16시 46분 30초
avg-cpu:  %user   %nice %system %iowait  %steal   %idle
           0.13    0.00    1.57    2.69    0.00   95.61

Device            r/s     w/s     rMB/s     wMB/s   rrqm/s   wrqm/s  %rrqm  %wrqm r_await w_await aqu-sz rareq-sz wareq-sz  svctm  %util
sdb           9098.02  888.12     35.54     38.29     0.00  1604.95   0.00  64.38    0.15    0.53   0.03     4.00    44.14   0.10  97.82

2021년 08월 24일 16시 46분 31초
avg-cpu:  %user   %nice %system %iowait  %steal   %idle
           0.00    0.00    2.06    1.00    0.00   96.94

Device            r/s     w/s     rMB/s     wMB/s   rrqm/s   wrqm/s  %rrqm  %wrqm r_await w_await aqu-sz rareq-sz wareq-sz  svctm  %util
sdb           9689.00  969.00     38.09     41.00    59.00  1768.00   0.61  64.60    0.14    0.46   0.00     4.03    43.32   0.09 100.00

2021년 08월 24일 16시 46분 32초
avg-cpu:  %user   %nice %system %iowait  %steal   %idle
           0.12    0.00    1.38    0.75    0.00   97.75

Device            r/s     w/s     rMB/s     wMB/s   rrqm/s   wrqm/s  %rrqm  %wrqm r_await w_await aqu-sz rareq-sz wareq-sz  svctm  %util
sdb           10174.00  930.00     39.74     41.71     0.00  1072.00   0.00  53.55    0.14    0.47   0.00     4.00    45.93   0.09 100.00

2021년 08월 24일 16시 46분 33초
avg-cpu:  %user   %nice %system %iowait  %steal   %idle
           0.00    0.00    2.63    2.57    0.00   94.81

Device            r/s     w/s     rMB/s     wMB/s   rrqm/s   wrqm/s  %rrqm  %wrqm r_await w_await aqu-sz rareq-sz wareq-sz  svctm  %util
sdb           8361.00 1006.00     32.66     36.03     0.00  2359.00   0.00  70.10    0.15    0.46   0.00     4.00    36.68   0.11 100.00

2021년 08월 24일 16시 46분 34초
avg-cpu:  %user   %nice %system %iowait  %steal   %idle
           0.12    0.00    2.18    2.05    0.00   95.65

Device            r/s     w/s     rMB/s     wMB/s   rrqm/s   wrqm/s  %rrqm  %wrqm r_await w_await aqu-sz rareq-sz wareq-sz  svctm  %util
sdb           9771.00  853.00     38.17     40.46     0.00  1516.00   0.00  63.99    0.14    0.51   0.03     4.00    48.58   0.09  98.80

2021년 08월 24일 16시 46분 35초
avg-cpu:  %user   %nice %system %iowait  %steal   %idle
           0.00    0.00    1.68    0.75    0.00   97.57

Device            r/s     w/s     rMB/s     wMB/s   rrqm/s   wrqm/s  %rrqm  %wrqm r_await w_await aqu-sz rareq-sz wareq-sz  svctm  %util
sdb           10083.00  901.00     39.63     41.91    60.00  1406.00   0.59  60.94    0.14    0.49   0.00     4.02    47.64   0.09 100.00

2021년 08월 24일 16시 46분 36초
avg-cpu:  %user   %nice %system %iowait  %steal   %idle
           0.06    0.00    1.56    2.63    0.00   95.75

Device            r/s     w/s     rMB/s     wMB/s   rrqm/s   wrqm/s  %rrqm  %wrqm r_await w_await aqu-sz rareq-sz wareq-sz  svctm  %util
sdb           10153.00  897.00     39.66     42.06     0.00  1696.00   0.00  65.41    0.14    0.49   0.00     4.00    48.02   0.09 100.00

2021년 08월 24일 16시 46분 37초
avg-cpu:  %user   %nice %system %iowait  %steal   %idle
           0.06    0.00    1.19    1.56    0.00   97.18

Device            r/s     w/s     rMB/s     wMB/s   rrqm/s   wrqm/s  %rrqm  %wrqm r_await w_await aqu-sz rareq-sz wareq-sz  svctm  %util
sdb           9957.00  960.00     39.02     41.53    31.00  1495.00   0.31  60.90    0.15    0.46   0.00     4.01    44.30   0.09 100.00

2021년 08월 24일 16시 46분 38초
avg-cpu:  %user   %nice %system %iowait  %steal   %idle
           0.12    0.00    2.12    1.31    0.00   96.44

Device            r/s     w/s     rMB/s     wMB/s   rrqm/s   wrqm/s  %rrqm  %wrqm r_await w_await aqu-sz rareq-sz wareq-sz  svctm  %util
sdb           9071.00  991.00     35.75     38.85    80.00  2130.00   0.87  68.25    0.15    0.47   0.02     4.04    40.15   0.10  98.80

2021년 08월 24일 16시 46분 39초
avg-cpu:  %user   %nice %system %iowait  %steal   %idle
           0.13    0.00    1.38    1.56    0.00   96.93

Device            r/s     w/s     rMB/s     wMB/s   rrqm/s   wrqm/s  %rrqm  %wrqm r_await w_await aqu-sz rareq-sz wareq-sz  svctm  %util
sdb           9721.00 1085.00     37.97     40.64     0.00  1720.00   0.00  61.32    0.14    0.42   0.00     4.00    38.36   0.09 100.00

2021년 08월 24일 16시 46분 40초
avg-cpu:  %user   %nice %system %iowait  %steal   %idle
           0.00    0.00    1.31    0.87    0.00   97.81

Device            r/s     w/s     rMB/s     wMB/s   rrqm/s   wrqm/s  %rrqm  %wrqm r_await w_await aqu-sz rareq-sz wareq-sz  svctm  %util
sdb           9658.00 1156.00     37.96     49.27    60.00  3338.00   0.62  74.28    0.15    0.79   0.19     4.03    43.64   0.09 100.00

2021년 08월 24일 16시 46분 41초
avg-cpu:  %user   %nice %system %iowait  %steal   %idle
           0.06    0.00    1.68    0.81    0.00   97.44

Device            r/s     w/s     rMB/s     wMB/s   rrqm/s   wrqm/s  %rrqm  %wrqm r_await w_await aqu-sz rareq-sz wareq-sz  svctm  %util
sdb           9891.00 1019.00     38.64     41.36     0.00  1754.00   0.00  63.25    0.14    0.46   0.00     4.00    41.57   0.09 100.00

2021년 08월 24일 16시 46분 42초
avg-cpu:  %user   %nice %system %iowait  %steal   %idle
           0.00    0.00    1.56    0.81    0.00   97.63

Device            r/s     w/s     rMB/s     wMB/s   rrqm/s   wrqm/s  %rrqm  %wrqm r_await w_await aqu-sz rareq-sz wareq-sz  svctm  %util
sdb           10284.00  888.00     40.29     41.60    30.00  1036.00   0.29  53.85    0.14    0.48   0.03     4.01    47.97   0.09  98.80

2021년 08월 24일 16시 46분 43초
avg-cpu:  %user   %nice %system %iowait  %steal   %idle
           0.06    0.00    1.57    1.19    0.00   97.18

Device            r/s     w/s     rMB/s     wMB/s   rrqm/s   wrqm/s  %rrqm  %wrqm r_await w_await aqu-sz rareq-sz wareq-sz  svctm  %util
sdb           9764.00  941.00     38.26     40.27    29.00  1566.00   0.30  62.47    0.15    0.46   0.00     4.01    43.82   0.09 100.00

2021년 08월 24일 16시 46분 44초
avg-cpu:  %user   %nice %system %iowait  %steal   %idle
           0.06    0.00    1.32    1.00    0.00   97.62

Device            r/s     w/s     rMB/s     wMB/s   rrqm/s   wrqm/s  %rrqm  %wrqm r_await w_await aqu-sz rareq-sz wareq-sz  svctm  %util
sdb           10109.00  994.00     39.49     41.72     0.00  1240.00   0.00  55.51    0.14    0.46   0.00     4.00    42.98   0.09 100.00

2021년 08월 24일 16시 46분 45초
avg-cpu:  %user   %nice %system %iowait  %steal   %idle
           0.00    0.00    0.38    0.25    0.00   99.37

Device            r/s     w/s     rMB/s     wMB/s   rrqm/s   wrqm/s  %rrqm  %wrqm r_await w_await aqu-sz rareq-sz wareq-sz  svctm  %util
sdb           4231.00  437.00     16.53     17.35     0.00   338.00   0.00  43.61    0.14    0.43   0.00     4.00    40.65   0.09  42.40

