Linux 5.5.8test (syslab-desk) 	2021년 08월 24일 	_x86_64_	(16 CPU)

2021년 08월 24일 17시 44분 19초
avg-cpu:  %user   %nice %system %iowait  %steal   %idle
           0.05    0.00    0.08    0.43    0.00   99.43

Device            r/s     w/s     rMB/s     wMB/s   rrqm/s   wrqm/s  %rrqm  %wrqm r_await w_await aqu-sz rareq-sz wareq-sz  svctm  %util
sdb             28.53   60.23      0.17      2.08     0.08    51.38   0.27  46.04    0.51    1.59   0.03     6.03    35.37   0.11   0.96

2021년 08월 24일 17시 44분 20초
avg-cpu:  %user   %nice %system %iowait  %steal   %idle
           0.00    0.00    0.06    0.00    0.00   99.94

Device            r/s     w/s     rMB/s     wMB/s   rrqm/s   wrqm/s  %rrqm  %wrqm r_await w_await aqu-sz rareq-sz wareq-sz  svctm  %util
sdb              0.00    0.00      0.00      0.00     0.00     0.00   0.00   0.00    0.00    0.00   0.00     0.00     0.00   0.00   0.00

2021년 08월 24일 17시 44분 21초
avg-cpu:  %user   %nice %system %iowait  %steal   %idle
           0.06    0.00    0.12    0.00    0.00   99.81

Device            r/s     w/s     rMB/s     wMB/s   rrqm/s   wrqm/s  %rrqm  %wrqm r_await w_await aqu-sz rareq-sz wareq-sz  svctm  %util
sdb              0.00    0.00      0.00      0.00     0.00     0.00   0.00   0.00    0.00    0.00   0.00     0.00     0.00   0.00   0.00

2021년 08월 24일 17시 44분 22초
avg-cpu:  %user   %nice %system %iowait  %steal   %idle
           0.06    0.00    0.19    0.00    0.00   99.75

Device            r/s     w/s     rMB/s     wMB/s   rrqm/s   wrqm/s  %rrqm  %wrqm r_await w_await aqu-sz rareq-sz wareq-sz  svctm  %util
sdb              0.00    0.00      0.00      0.00     0.00     0.00   0.00   0.00    0.00    0.00   0.00     0.00     0.00   0.00   0.00

2021년 08월 24일 17시 44분 23초
avg-cpu:  %user   %nice %system %iowait  %steal   %idle
           0.06    0.00    0.06    0.00    0.00   99.88

Device            r/s     w/s     rMB/s     wMB/s   rrqm/s   wrqm/s  %rrqm  %wrqm r_await w_await aqu-sz rareq-sz wareq-sz  svctm  %util
sdb              0.00    0.00      0.00      0.00     0.00     0.00   0.00   0.00    0.00    0.00   0.00     0.00     0.00   0.00   0.00

2021년 08월 24일 17시 44분 24초
avg-cpu:  %user   %nice %system %iowait  %steal   %idle
           0.00    0.00    0.19    0.00    0.00   99.81

Device            r/s     w/s     rMB/s     wMB/s   rrqm/s   wrqm/s  %rrqm  %wrqm r_await w_await aqu-sz rareq-sz wareq-sz  svctm  %util
sdb              0.00    0.00      0.00      0.00     0.00     0.00   0.00   0.00    0.00    0.00   0.00     0.00     0.00   0.00   0.00

2021년 08월 24일 17시 44분 25초
avg-cpu:  %user   %nice %system %iowait  %steal   %idle
           0.00    0.00    0.06    0.00    0.00   99.94

Device            r/s     w/s     rMB/s     wMB/s   rrqm/s   wrqm/s  %rrqm  %wrqm r_await w_await aqu-sz rareq-sz wareq-sz  svctm  %util
sdb              0.00    0.00      0.00      0.00     0.00     0.00   0.00   0.00    0.00    0.00   0.00     0.00     0.00   0.00   0.00

2021년 08월 24일 17시 44분 26초
avg-cpu:  %user   %nice %system %iowait  %steal   %idle
           0.12    0.00    0.69    0.75    0.00   98.44

Device            r/s     w/s     rMB/s     wMB/s   rrqm/s   wrqm/s  %rrqm  %wrqm r_await w_await aqu-sz rareq-sz wareq-sz  svctm  %util
sdb           2875.00    1.00     11.24      0.00     0.00     0.00   0.00   0.00    0.12    1.00   0.00     4.00     0.00   0.14  41.60

2021년 08월 24일 17시 44분 27초
avg-cpu:  %user   %nice %system %iowait  %steal   %idle
           0.25    0.00    4.84    2.77    0.00   92.14

Device            r/s     w/s     rMB/s     wMB/s   rrqm/s   wrqm/s  %rrqm  %wrqm r_await w_await aqu-sz rareq-sz wareq-sz  svctm  %util
sdb           8782.00 2043.00     35.64     38.25   335.00  6770.00   3.67  76.82    0.36    0.45   0.01     4.16    19.17   0.09  92.40

2021년 08월 24일 17시 44분 28초
avg-cpu:  %user   %nice %system %iowait  %steal   %idle
           0.13    0.00    6.94    4.59    0.00   88.34

Device            r/s     w/s     rMB/s     wMB/s   rrqm/s   wrqm/s  %rrqm  %wrqm r_await w_await aqu-sz rareq-sz wareq-sz  svctm  %util
sdb           8479.00 3466.00     33.12     56.64     0.00 11025.00   0.00  76.08    0.50    0.42   0.08     4.00    16.73   0.08  98.80

2021년 08월 24일 17시 44분 29초
avg-cpu:  %user   %nice %system %iowait  %steal   %idle
           0.19    0.00    8.69    4.00    0.00   87.12

Device            r/s     w/s     rMB/s     wMB/s   rrqm/s   wrqm/s  %rrqm  %wrqm r_await w_await aqu-sz rareq-sz wareq-sz  svctm  %util
sdb           8796.00 3487.00     34.36     58.45     0.00 11519.00   0.00  76.76    0.48    0.42   0.00     4.00    17.17   0.08 100.00

2021년 08월 24일 17시 44분 30초
avg-cpu:  %user   %nice %system %iowait  %steal   %idle
           0.19    0.00    7.60    4.56    0.00   87.65

Device            r/s     w/s     rMB/s     wMB/s   rrqm/s   wrqm/s  %rrqm  %wrqm r_await w_await aqu-sz rareq-sz wareq-sz  svctm  %util
sdb           8972.00 3467.00     35.17     58.63    30.00 11507.00   0.33  76.85    0.46    0.42   0.00     4.01    17.32   0.08 100.00

2021년 08월 24일 17시 44분 31초
avg-cpu:  %user   %nice %system %iowait  %steal   %idle
           0.06    0.00    7.94    4.22    0.00   87.78

Device            r/s     w/s     rMB/s     wMB/s   rrqm/s   wrqm/s  %rrqm  %wrqm r_await w_await aqu-sz rareq-sz wareq-sz  svctm  %util
sdb           8776.00 3395.00     34.40     56.18    29.00 10904.00   0.33  76.26    0.48    0.42   0.11     4.01    16.95   0.08  98.80

2021년 08월 24일 17시 44분 32초
avg-cpu:  %user   %nice %system %iowait  %steal   %idle
           0.13    0.00    7.07    4.52    0.00   88.29

Device            r/s     w/s     rMB/s     wMB/s   rrqm/s   wrqm/s  %rrqm  %wrqm r_await w_await aqu-sz rareq-sz wareq-sz  svctm  %util
sdb           8772.00 3401.00     34.27     56.17     0.00 10880.00   0.00  76.19    0.48    0.41   0.00     4.00    16.91   0.08 100.00

2021년 08월 24일 17시 44분 33초
avg-cpu:  %user   %nice %system %iowait  %steal   %idle
           0.26    0.00    6.83    4.53    0.00   88.38

Device            r/s     w/s     rMB/s     wMB/s   rrqm/s   wrqm/s  %rrqm  %wrqm r_await w_await aqu-sz rareq-sz wareq-sz  svctm  %util
sdb           8494.00 3411.00     33.45     56.38    68.00 10959.00   0.79  76.26    0.50    0.42   0.10     4.03    16.92   0.08  98.80

2021년 08월 24일 17시 44분 34초
avg-cpu:  %user   %nice %system %iowait  %steal   %idle
           0.12    0.00    9.05    4.56    0.00   86.27

Device            r/s     w/s     rMB/s     wMB/s   rrqm/s   wrqm/s  %rrqm  %wrqm r_await w_await aqu-sz rareq-sz wareq-sz  svctm  %util
sdb           8657.00 3544.00     34.01     56.36    49.00 10873.00   0.56  75.42    0.48    0.43   0.00     4.02    16.28   0.08 100.00

2021년 08월 24일 17시 44분 35초
avg-cpu:  %user   %nice %system %iowait  %steal   %idle
           0.19    0.00    7.15    4.43    0.00   88.23

Device            r/s     w/s     rMB/s     wMB/s   rrqm/s   wrqm/s  %rrqm  %wrqm r_await w_await aqu-sz rareq-sz wareq-sz  svctm  %util
sdb           9073.00 3409.00     35.92     58.96   121.00 11311.00   1.32  76.84    0.47    0.42   0.00     4.05    17.71   0.08  99.60

2021년 08월 24일 17시 44분 36초
avg-cpu:  %user   %nice %system %iowait  %steal   %idle
           0.13    0.00    7.25    4.79    0.00   87.83

Device            r/s     w/s     rMB/s     wMB/s   rrqm/s   wrqm/s  %rrqm  %wrqm r_await w_await aqu-sz rareq-sz wareq-sz  svctm  %util
sdb           9301.00 3305.00     36.45     58.18    29.00 11325.00   0.31  77.41    0.47    0.44   0.10     4.01    18.03   0.08  99.20

2021년 08월 24일 17시 44분 37초
avg-cpu:  %user   %nice %system %iowait  %steal   %idle
           0.19    0.00    7.46    4.43    0.00   87.92

Device            r/s     w/s     rMB/s     wMB/s   rrqm/s   wrqm/s  %rrqm  %wrqm r_await w_await aqu-sz rareq-sz wareq-sz  svctm  %util
sdb           8989.00 3345.00     35.11     59.37     0.00 11391.00   0.00  77.30    0.47    0.43   0.00     4.00    18.18   0.08 100.00

2021년 08월 24일 17시 44분 38초
avg-cpu:  %user   %nice %system %iowait  %steal   %idle
           0.13    0.00    6.62    4.78    0.00   88.47

Device            r/s     w/s     rMB/s     wMB/s   rrqm/s   wrqm/s  %rrqm  %wrqm r_await w_await aqu-sz rareq-sz wareq-sz  svctm  %util
sdb           8164.00 3370.00     32.74     57.20   213.00 11324.00   2.54  77.07    0.51    0.45   0.10     4.11    17.38   0.09  98.80

2021년 08월 24일 17시 44분 39초
avg-cpu:  %user   %nice %system %iowait  %steal   %idle
           0.19    0.00    7.46    4.17    0.00   88.17

Device            r/s     w/s     rMB/s     wMB/s   rrqm/s   wrqm/s  %rrqm  %wrqm r_await w_await aqu-sz rareq-sz wareq-sz  svctm  %util
sdb           8334.00 3523.00     32.80     57.16    61.00 11194.00   0.73  76.06    0.50    0.43   0.00     4.03    16.61   0.08 100.00

2021년 08월 24일 17시 44분 40초
avg-cpu:  %user   %nice %system %iowait  %steal   %idle
           0.06    0.00    9.10    4.24    0.00   86.60

Device            r/s     w/s     rMB/s     wMB/s   rrqm/s   wrqm/s  %rrqm  %wrqm r_await w_await aqu-sz rareq-sz wareq-sz  svctm  %util
sdb           8608.00 3431.00     33.87     57.09    60.00 11124.00   0.69  76.43    0.49    0.42   0.00     4.03    17.04   0.08 100.00

2021년 08월 24일 17시 44분 41초
avg-cpu:  %user   %nice %system %iowait  %steal   %idle
           0.06    0.00    7.99    4.53    0.00   87.41

Device            r/s     w/s     rMB/s     wMB/s   rrqm/s   wrqm/s  %rrqm  %wrqm r_await w_await aqu-sz rareq-sz wareq-sz  svctm  %util
sdb           8371.00 3414.00     33.14     56.43   108.00 11036.00   1.27  76.37    0.49    0.42   0.10     4.05    16.93   0.08  98.80

2021년 08월 24일 17시 44분 42초
avg-cpu:  %user   %nice %system %iowait  %steal   %idle
           0.13    0.00    6.45    4.66    0.00   88.77

Device            r/s     w/s     rMB/s     wMB/s   rrqm/s   wrqm/s  %rrqm  %wrqm r_await w_await aqu-sz rareq-sz wareq-sz  svctm  %util
sdb           8759.00 3513.00     34.33     57.70    29.00 11289.00   0.33  76.27    0.48    0.43   0.00     4.01    16.82   0.08 100.00

2021년 08월 24일 17시 44분 43초
avg-cpu:  %user   %nice %system %iowait  %steal   %idle
           0.13    0.00    7.15    4.68    0.00   88.04

Device            r/s     w/s     rMB/s     wMB/s   rrqm/s   wrqm/s  %rrqm  %wrqm r_await w_await aqu-sz rareq-sz wareq-sz  svctm  %util
sdb           8695.00 3559.00     33.96     56.37     0.00 11074.00   0.00  75.68    0.48    0.43   0.10     4.00    16.22   0.08  98.40

2021년 08월 24일 17시 44분 44초
avg-cpu:  %user   %nice %system %iowait  %steal   %idle
           0.12    0.00    7.81    4.03    0.00   88.04

Device            r/s     w/s     rMB/s     wMB/s   rrqm/s   wrqm/s  %rrqm  %wrqm r_await w_await aqu-sz rareq-sz wareq-sz  svctm  %util
sdb           10565.00 3331.00     41.39     62.35    29.00 10322.00   0.27  75.60    0.44    0.46   0.00     4.01    19.17   0.07 100.00

2021년 08월 24일 17시 44분 45초
avg-cpu:  %user   %nice %system %iowait  %steal   %idle
           0.19    0.00    7.18    4.32    0.00   88.31

Device            r/s     w/s     rMB/s     wMB/s   rrqm/s   wrqm/s  %rrqm  %wrqm r_await w_await aqu-sz rareq-sz wareq-sz  svctm  %util
sdb           8583.00 3506.00     33.53     57.64     0.00 11274.00   0.00  76.28    0.49    0.43   0.00     4.00    16.84   0.08 100.00

2021년 08월 24일 17시 44분 46초
avg-cpu:  %user   %nice %system %iowait  %steal   %idle
           0.13    0.00    7.30    4.51    0.00   88.07

Device            r/s     w/s     rMB/s     wMB/s   rrqm/s   wrqm/s  %rrqm  %wrqm r_await w_await aqu-sz rareq-sz wareq-sz  svctm  %util
sdb           8484.00 3426.00     33.14     57.48     0.00 11252.00   0.00  76.66    0.49    0.42   0.11     4.00    17.18   0.08  98.40

2021년 08월 24일 17시 44분 47초
avg-cpu:  %user   %nice %system %iowait  %steal   %idle
           0.19    0.00    7.87    4.22    0.00   87.73

Device            r/s     w/s     rMB/s     wMB/s   rrqm/s   wrqm/s  %rrqm  %wrqm r_await w_await aqu-sz rareq-sz wareq-sz  svctm  %util
sdb           8399.00 3511.00     32.81     57.02     0.00 11179.00   0.00  76.10    0.51    0.42   0.00     4.00    16.63   0.08 100.00

2021년 08월 24일 17시 44분 48초
avg-cpu:  %user   %nice %system %iowait  %steal   %idle
           0.19    0.00    6.45    4.86    0.00   88.50

Device            r/s     w/s     rMB/s     wMB/s   rrqm/s   wrqm/s  %rrqm  %wrqm r_await w_await aqu-sz rareq-sz wareq-sz  svctm  %util
sdb           8563.00 3385.00     33.45     57.89     0.00 11375.00   0.00  77.07    0.49    0.43   0.11     4.00    17.51   0.08  98.80

2021년 08월 24일 17시 44분 49초
avg-cpu:  %user   %nice %system %iowait  %steal   %idle
           0.13    0.00    7.58    4.17    0.00   88.13

Device            r/s     w/s     rMB/s     wMB/s   rrqm/s   wrqm/s  %rrqm  %wrqm r_await w_await aqu-sz rareq-sz wareq-sz  svctm  %util
sdb           8476.00 3441.00     33.11     56.05     0.00 10908.00   0.00  76.02    0.49    0.42   0.00     4.00    16.68   0.08 100.00

2021년 08월 24일 17시 44분 50초
avg-cpu:  %user   %nice %system %iowait  %steal   %idle
           0.19    0.00    7.05    4.25    0.00   88.51

Device            r/s     w/s     rMB/s     wMB/s   rrqm/s   wrqm/s  %rrqm  %wrqm r_await w_await aqu-sz rareq-sz wareq-sz  svctm  %util
sdb           8298.00 3496.00     32.41     57.38     0.00 11273.00   0.00  76.33    0.50    0.44   0.00     4.00    16.81   0.08 100.00

2021년 08월 24일 17시 44분 51초
avg-cpu:  %user   %nice %system %iowait  %steal   %idle
           0.13    0.00    7.34    4.49    0.00   88.05

Device            r/s     w/s     rMB/s     wMB/s   rrqm/s   wrqm/s  %rrqm  %wrqm r_await w_await aqu-sz rareq-sz wareq-sz  svctm  %util
sdb           8037.00 3399.00     31.64     56.00    60.00 11035.00   0.74  76.45    0.52    0.45   0.11     4.03    16.87   0.09  98.80

2021년 08월 24일 17시 44분 52초
avg-cpu:  %user   %nice %system %iowait  %steal   %idle
           0.13    0.00    7.17    4.44    0.00   88.27

Device            r/s     w/s     rMB/s     wMB/s   rrqm/s   wrqm/s  %rrqm  %wrqm r_await w_await aqu-sz rareq-sz wareq-sz  svctm  %util
sdb           8229.00 3474.00     32.51     56.33    91.00 10992.00   1.09  75.99    0.49    0.42   0.00     4.05    16.60   0.09 100.00

2021년 08월 24일 17시 44분 53초
avg-cpu:  %user   %nice %system %iowait  %steal   %idle
           0.19    0.00    8.17    4.46    0.00   87.19

Device            r/s     w/s     rMB/s     wMB/s   rrqm/s   wrqm/s  %rrqm  %wrqm r_await w_await aqu-sz rareq-sz wareq-sz  svctm  %util
sdb           8567.00 3383.00     33.70     57.25    61.00 11211.00   0.71  76.82    0.49    0.43   0.13     4.03    17.33   0.08  98.80

2021년 08월 24일 17시 44분 54초
avg-cpu:  %user   %nice %system %iowait  %steal   %idle
           0.13    0.00    7.11    4.83    0.00   87.94

Device            r/s     w/s     rMB/s     wMB/s   rrqm/s   wrqm/s  %rrqm  %wrqm r_await w_await aqu-sz rareq-sz wareq-sz  svctm  %util
sdb           8513.00 3442.00     33.25     57.23     0.00 11196.00   0.00  76.49    0.50    0.42   0.00     4.00    17.03   0.08 100.00

2021년 08월 24일 17시 44분 55초
avg-cpu:  %user   %nice %system %iowait  %steal   %idle
           0.19    0.00    6.73    4.38    0.00   88.69

Device            r/s     w/s     rMB/s     wMB/s   rrqm/s   wrqm/s  %rrqm  %wrqm r_await w_await aqu-sz rareq-sz wareq-sz  svctm  %util
sdb           8572.00 3540.00     33.48     57.70     0.00 11192.00   0.00  75.97    0.47    0.41   0.00     4.00    16.69   0.08 100.00

2021년 08월 24일 17시 44분 56초
avg-cpu:  %user   %nice %system %iowait  %steal   %idle
           0.19    0.00    6.63    4.46    0.00   88.72

Device            r/s     w/s     rMB/s     wMB/s   rrqm/s   wrqm/s  %rrqm  %wrqm r_await w_await aqu-sz rareq-sz wareq-sz  svctm  %util
sdb           8262.00 3394.00     32.51     55.76    59.00 10887.00   0.71  76.23    0.51    0.43   0.13     4.03    16.82   0.08  98.40

2021년 08월 24일 17시 44분 57초
avg-cpu:  %user   %nice %system %iowait  %steal   %idle
           0.13    0.00    7.11    4.63    0.00   88.13

Device            r/s     w/s     rMB/s     wMB/s   rrqm/s   wrqm/s  %rrqm  %wrqm r_await w_await aqu-sz rareq-sz wareq-sz  svctm  %util
sdb           9046.00 3388.00     35.34     58.54     0.00 11342.00   0.00  77.00    0.47    0.42   0.00     4.00    17.69   0.08 100.00

2021년 08월 24일 17시 44분 58초
avg-cpu:  %user   %nice %system %iowait  %steal   %idle
           0.19    0.00    7.26    4.48    0.00   88.08

Device            r/s     w/s     rMB/s     wMB/s   rrqm/s   wrqm/s  %rrqm  %wrqm r_await w_await aqu-sz rareq-sz wareq-sz  svctm  %util
sdb           8286.00 3480.00     32.37     63.31     0.00 12432.00   0.00  78.13    0.52    0.54   0.24     4.00    18.63   0.08  98.40

2021년 08월 24일 17시 44분 59초
avg-cpu:  %user   %nice %system %iowait  %steal   %idle
           0.06    0.00    7.13    4.14    0.00   88.67

Device            r/s     w/s     rMB/s     wMB/s   rrqm/s   wrqm/s  %rrqm  %wrqm r_await w_await aqu-sz rareq-sz wareq-sz  svctm  %util
sdb           8622.00 3518.00     33.68     57.99     0.00 11302.00   0.00  76.26    0.48    0.41   0.00     4.00    16.88   0.08 100.00

2021년 08월 24일 17시 45분 00초
avg-cpu:  %user   %nice %system %iowait  %steal   %idle
           0.13    0.00    6.71    4.54    0.00   88.62

Device            r/s     w/s     rMB/s     wMB/s   rrqm/s   wrqm/s  %rrqm  %wrqm r_await w_await aqu-sz rareq-sz wareq-sz  svctm  %util
sdb           8523.00 3406.00     33.29     57.56     0.00 11339.00   0.00  76.90    0.49    0.43   0.00     4.00    17.30   0.08 100.00

2021년 08월 24일 17시 45분 01초
avg-cpu:  %user   %nice %system %iowait  %steal   %idle
           0.13    0.00    8.29    4.65    0.00   86.94

Device            r/s     w/s     rMB/s     wMB/s   rrqm/s   wrqm/s  %rrqm  %wrqm r_await w_await aqu-sz rareq-sz wareq-sz  svctm  %util
sdb           8218.00 3383.00     32.22     58.15    31.00 11568.00   0.38  77.37    0.52    0.44   0.16     4.02    17.60   0.08  98.40

2021년 08월 24일 17시 45분 02초
avg-cpu:  %user   %nice %system %iowait  %steal   %idle
           0.19    0.00    8.32    4.38    0.00   87.11

Device            r/s     w/s     rMB/s     wMB/s   rrqm/s   wrqm/s  %rrqm  %wrqm r_await w_await aqu-sz rareq-sz wareq-sz  svctm  %util
sdb           8509.00 3421.00     33.70     58.38   115.00 11554.00   1.33  77.16    0.49    0.43   0.00     4.06    17.48   0.08 100.00

2021년 08월 24일 17시 45분 03초
avg-cpu:  %user   %nice %system %iowait  %steal   %idle
           0.25    0.00    7.74    4.66    0.00   87.35

Device            r/s     w/s     rMB/s     wMB/s   rrqm/s   wrqm/s  %rrqm  %wrqm r_await w_await aqu-sz rareq-sz wareq-sz  svctm  %util
sdb           8383.00 3495.00     33.11     57.06    89.00 11125.00   1.05  76.09    0.50    0.44   0.11     4.04    16.72   0.08  98.40

2021년 08월 24일 17시 45분 04초
avg-cpu:  %user   %nice %system %iowait  %steal   %idle
           0.19    0.00    8.46    4.57    0.00   86.78

Device            r/s     w/s     rMB/s     wMB/s   rrqm/s   wrqm/s  %rrqm  %wrqm r_await w_await aqu-sz rareq-sz wareq-sz  svctm  %util
sdb           8701.00 3466.00     34.00     57.32     1.00 11181.00   0.01  76.34    0.49    0.42   0.00     4.00    16.94   0.08 100.00

2021년 08월 24일 17시 45분 05초
avg-cpu:  %user   %nice %system %iowait  %steal   %idle
           0.19    0.00    7.35    4.43    0.00   88.03

Device            r/s     w/s     rMB/s     wMB/s   rrqm/s   wrqm/s  %rrqm  %wrqm r_await w_await aqu-sz rareq-sz wareq-sz  svctm  %util
sdb           8766.00 3557.00     34.24     58.40     0.00 11379.00   0.00  76.19    0.48    0.42   0.00     4.00    16.81   0.08 100.00

2021년 08월 24일 17시 45분 06초
avg-cpu:  %user   %nice %system %iowait  %steal   %idle
           0.13    0.00    6.62    5.16    0.00   88.09

Device            r/s     w/s     rMB/s     wMB/s   rrqm/s   wrqm/s  %rrqm  %wrqm r_await w_await aqu-sz rareq-sz wareq-sz  svctm  %util
sdb           8326.00 3513.00     32.64     56.46    30.00 10973.00   0.36  75.75    0.51    0.46   0.13     4.01    16.46   0.08  98.80

2021년 08월 24일 17시 45분 07초
avg-cpu:  %user   %nice %system %iowait  %steal   %idle
           0.06    0.00    8.14    4.13    0.00   87.67

Device            r/s     w/s     rMB/s     wMB/s   rrqm/s   wrqm/s  %rrqm  %wrqm r_await w_await aqu-sz rareq-sz wareq-sz  svctm  %util
sdb           8950.00 3517.00     35.08     58.79    30.00 11225.00   0.33  76.14    0.47    0.43   0.00     4.01    17.12   0.08 100.00

2021년 08월 24일 17시 45분 08초
avg-cpu:  %user   %nice %system %iowait  %steal   %idle
           0.13    0.00    7.12    4.64    0.00   88.10

Device            r/s     w/s     rMB/s     wMB/s   rrqm/s   wrqm/s  %rrqm  %wrqm r_await w_await aqu-sz rareq-sz wareq-sz  svctm  %util
sdb           8613.00 3489.00     33.64     58.06     0.00 11392.00   0.00  76.55    0.48    0.43   0.11     4.00    17.04   0.08  98.80

2021년 08월 24일 17시 45분 09초
avg-cpu:  %user   %nice %system %iowait  %steal   %idle
           0.13    0.00    7.35    4.06    0.00   88.47

Device            r/s     w/s     rMB/s     wMB/s   rrqm/s   wrqm/s  %rrqm  %wrqm r_await w_await aqu-sz rareq-sz wareq-sz  svctm  %util
sdb           8414.00 3569.00     32.87     57.56     0.00 11196.00   0.00  75.83    0.49    0.42   0.00     4.00    16.51   0.08 100.00

2021년 08월 24일 17시 45분 10초
avg-cpu:  %user   %nice %system %iowait  %steal   %idle
           0.38    0.00    7.70    4.04    0.00   87.88

Device            r/s     w/s     rMB/s     wMB/s   rrqm/s   wrqm/s  %rrqm  %wrqm r_await w_await aqu-sz rareq-sz wareq-sz  svctm  %util
sdb           8653.00 3569.00     33.80     58.89     1.00 11535.00   0.01  76.37    0.48    0.42   0.00     4.00    16.90   0.08 100.00

2021년 08월 24일 17시 45분 11초
avg-cpu:  %user   %nice %system %iowait  %steal   %idle
           0.13    0.00    7.44    4.48    0.00   87.95

Device            r/s     w/s     rMB/s     wMB/s   rrqm/s   wrqm/s  %rrqm  %wrqm r_await w_await aqu-sz rareq-sz wareq-sz  svctm  %util
sdb           8153.00 3365.00     31.97     56.64    31.00 11139.00   0.38  76.80    0.50    0.43   0.08     4.02    17.24   0.09  98.80

2021년 08월 24일 17시 45분 12초
avg-cpu:  %user   %nice %system %iowait  %steal   %idle
           0.06    0.00    6.82    4.27    0.00   88.85

Device            r/s     w/s     rMB/s     wMB/s   rrqm/s   wrqm/s  %rrqm  %wrqm r_await w_await aqu-sz rareq-sz wareq-sz  svctm  %util
sdb           8498.00 3637.00     34.17     58.02   242.00 11318.00   2.77  75.68    0.48    0.43   0.00     4.12    16.34   0.08 100.00

2021년 08월 24일 17시 45분 13초
avg-cpu:  %user   %nice %system %iowait  %steal   %idle
           0.19    0.00    7.51    4.67    0.00   87.63

Device            r/s     w/s     rMB/s     wMB/s   rrqm/s   wrqm/s  %rrqm  %wrqm r_await w_await aqu-sz rareq-sz wareq-sz  svctm  %util
sdb           8425.00 3527.00     32.91     57.02     0.00 11116.00   0.00  75.91    0.50    0.43   0.16     4.00    16.55   0.08  98.40

2021년 08월 24일 17시 45분 14초
avg-cpu:  %user   %nice %system %iowait  %steal   %idle
           0.13    0.00    7.75    4.28    0.00   87.84

Device            r/s     w/s     rMB/s     wMB/s   rrqm/s   wrqm/s  %rrqm  %wrqm r_await w_await aqu-sz rareq-sz wareq-sz  svctm  %util
sdb           8303.00 3552.00     32.43     56.60     0.00 11016.00   0.00  75.62    0.50    0.43   0.00     4.00    16.32   0.08 100.00

2021년 08월 24일 17시 45분 15초
avg-cpu:  %user   %nice %system %iowait  %steal   %idle
           0.19    0.00    8.22    3.95    0.00   87.63

Device            r/s     w/s     rMB/s     wMB/s   rrqm/s   wrqm/s  %rrqm  %wrqm r_await w_await aqu-sz rareq-sz wareq-sz  svctm  %util
sdb           8460.00 3607.00     33.05     57.62     0.00 11275.00   0.00  75.76    0.49    0.42   0.00     4.00    16.36   0.08 100.00

2021년 08월 24일 17시 45분 16초
avg-cpu:  %user   %nice %system %iowait  %steal   %idle
           0.13    0.00    7.41    4.50    0.00   87.97

Device            r/s     w/s     rMB/s     wMB/s   rrqm/s   wrqm/s  %rrqm  %wrqm r_await w_await aqu-sz rareq-sz wareq-sz  svctm  %util
sdb           8639.00 3544.00     33.86     58.28    30.00 11440.00   0.35  76.35    0.48    0.42   0.08     4.01    16.84   0.08  98.80

2021년 08월 24일 17시 45분 17초
avg-cpu:  %user   %nice %system %iowait  %steal   %idle
           0.13    0.00    7.75    3.72    0.00   88.41

Device            r/s     w/s     rMB/s     wMB/s   rrqm/s   wrqm/s  %rrqm  %wrqm r_await w_await aqu-sz rareq-sz wareq-sz  svctm  %util
sdb           8175.00 3590.00     31.93     56.50     0.00 11014.00   0.00  75.42    0.50    0.43   0.00     4.00    16.11   0.09 100.80

2021년 08월 24일 17시 45분 18초
avg-cpu:  %user   %nice %system %iowait  %steal   %idle
           0.13    0.00    7.05    4.76    0.00   88.06

Device            r/s     w/s     rMB/s     wMB/s   rrqm/s   wrqm/s  %rrqm  %wrqm r_await w_await aqu-sz rareq-sz wareq-sz  svctm  %util
sdb           8441.00 3546.00     33.09     56.43    29.00 10984.00   0.34  75.60    0.49    0.43   0.10     4.01    16.30   0.08  98.80

2021년 08월 24일 17시 45분 19초
avg-cpu:  %user   %nice %system %iowait  %steal   %idle
           0.13    0.00    6.87    4.65    0.00   88.35

Device            r/s     w/s     rMB/s     wMB/s   rrqm/s   wrqm/s  %rrqm  %wrqm r_await w_await aqu-sz rareq-sz wareq-sz  svctm  %util
sdb           8370.00 3600.00     32.94     57.35    60.00 11186.00   0.71  75.65    0.50    0.43   0.00     4.03    16.31   0.08 100.00

2021년 08월 24일 17시 45분 20초
avg-cpu:  %user   %nice %system %iowait  %steal   %idle
           0.19    0.00    8.17    4.90    0.00   86.75

Device            r/s     w/s     rMB/s     wMB/s   rrqm/s   wrqm/s  %rrqm  %wrqm r_await w_await aqu-sz rareq-sz wareq-sz  svctm  %util
sdb           8555.00 3599.00     33.66     58.05    60.00 11281.00   0.70  75.81    0.49    0.42   0.00     4.03    16.52   0.08 100.00

2021년 08월 24일 17시 45분 21초
avg-cpu:  %user   %nice %system %iowait  %steal   %idle
           0.19    0.00    7.07    4.80    0.00   87.94

Device            r/s     w/s     rMB/s     wMB/s   rrqm/s   wrqm/s  %rrqm  %wrqm r_await w_await aqu-sz rareq-sz wareq-sz  svctm  %util
sdb           8703.00 3574.00     34.00     57.77     0.00 11027.00   0.00  75.52    0.49    0.44   0.13     4.00    16.55   0.08  98.80

2021년 08월 24일 17시 45분 22초
avg-cpu:  %user   %nice %system %iowait  %steal   %idle
           0.19    0.00    7.81    4.22    0.00   87.78

Device            r/s     w/s     rMB/s     wMB/s   rrqm/s   wrqm/s  %rrqm  %wrqm r_await w_await aqu-sz rareq-sz wareq-sz  svctm  %util
sdb           8619.00 3570.00     33.79     58.16    31.00 11364.00   0.36  76.09    0.47    0.42   0.00     4.01    16.68   0.08 100.00

2021년 08월 24일 17시 45분 23초
avg-cpu:  %user   %nice %system %iowait  %steal   %idle
           0.06    0.00    6.68    4.96    0.00   88.30

Device            r/s     w/s     rMB/s     wMB/s   rrqm/s   wrqm/s  %rrqm  %wrqm r_await w_await aqu-sz rareq-sz wareq-sz  svctm  %util
sdb           8876.00 3509.00     34.79     58.26    29.00 10908.00   0.33  75.66    0.48    0.44   0.09     4.01    17.00   0.08  98.80

2021년 08월 24일 17시 45분 24초
avg-cpu:  %user   %nice %system %iowait  %steal   %idle
           0.19    0.00    7.90    4.14    0.00   87.77

Device            r/s     w/s     rMB/s     wMB/s   rrqm/s   wrqm/s  %rrqm  %wrqm r_await w_await aqu-sz rareq-sz wareq-sz  svctm  %util
sdb           9255.00 3368.00     36.15     58.73     0.00 11087.00   0.00  76.70    0.47    0.44   0.00     4.00    17.86   0.08 100.00

2021년 08월 24일 17시 45분 25초
avg-cpu:  %user   %nice %system %iowait  %steal   %idle
           0.32    0.00    6.74    4.83    0.00   88.10

Device            r/s     w/s     rMB/s     wMB/s   rrqm/s   wrqm/s  %rrqm  %wrqm r_await w_await aqu-sz rareq-sz wareq-sz  svctm  %util
sdb           8456.00 3505.00     33.03     57.09     0.00 11172.00   0.00  76.12    0.48    0.45   0.08     4.00    16.68   0.08  98.80

2021년 08월 24일 17시 45분 26초
avg-cpu:  %user   %nice %system %iowait  %steal   %idle
           0.25    0.00    7.39    4.04    0.00   88.31

Device            r/s     w/s     rMB/s     wMB/s   rrqm/s   wrqm/s  %rrqm  %wrqm r_await w_await aqu-sz rareq-sz wareq-sz  svctm  %util
sdb           8304.00 3535.00     32.44     57.44     1.00 11207.00   0.01  76.02    0.49    0.43   0.00     4.00    16.64   0.08 100.00

2021년 08월 24일 17시 45분 27초
avg-cpu:  %user   %nice %system %iowait  %steal   %idle
           0.13    0.00    8.04    3.95    0.00   87.88

Device            r/s     w/s     rMB/s     wMB/s   rrqm/s   wrqm/s  %rrqm  %wrqm r_await w_await aqu-sz rareq-sz wareq-sz  svctm  %util
sdb           8319.00 3582.00     32.74     56.89    60.00 11037.00   0.72  75.50    0.49    0.43   0.00     4.03    16.26   0.08 100.00

2021년 08월 24일 17시 45분 28초
avg-cpu:  %user   %nice %system %iowait  %steal   %idle
           0.38    0.00    8.01    4.63    0.00   86.98

Device            r/s     w/s     rMB/s     wMB/s   rrqm/s   wrqm/s  %rrqm  %wrqm r_await w_await aqu-sz rareq-sz wareq-sz  svctm  %util
sdb           7859.00 3651.00     30.70     62.50     0.00 12390.00   0.00  77.24    0.52    0.52   0.18     4.00    17.53   0.09  98.80

2021년 08월 24일 17시 45분 29초
avg-cpu:  %user   %nice %system %iowait  %steal   %idle
           0.13    0.00    7.35    4.31    0.00   88.21

Device            r/s     w/s     rMB/s     wMB/s   rrqm/s   wrqm/s  %rrqm  %wrqm r_await w_await aqu-sz rareq-sz wareq-sz  svctm  %util
sdb           8375.00 3612.00     32.84     56.71    30.00 11086.00   0.36  75.43    0.49    0.44   0.00     4.01    16.08   0.08 100.00

2021년 08월 24일 17시 45분 30초
avg-cpu:  %user   %nice %system %iowait  %steal   %idle
           0.13    0.00    7.59    4.36    0.00   87.93

Device            r/s     w/s     rMB/s     wMB/s   rrqm/s   wrqm/s  %rrqm  %wrqm r_await w_await aqu-sz rareq-sz wareq-sz  svctm  %util
sdb           8164.00 3567.00     31.90     56.44     1.00 11021.00   0.01  75.55    0.50    0.43   0.08     4.00    16.20   0.08  98.80

2021년 08월 24일 17시 45분 31초
avg-cpu:  %user   %nice %system %iowait  %steal   %idle
           0.19    0.00    7.98    4.62    0.00   87.21

Device            r/s     w/s     rMB/s     wMB/s   rrqm/s   wrqm/s  %rrqm  %wrqm r_await w_await aqu-sz rareq-sz wareq-sz  svctm  %util
sdb           8618.00 3591.00     33.66     57.91     0.00 11355.00   0.00  75.97    0.48    0.44   0.00     4.00    16.51   0.08 100.00

2021년 08월 24일 17시 45분 32초
avg-cpu:  %user   %nice %system %iowait  %steal   %idle
           0.13    0.00    8.10    4.02    0.00   87.76

Device            r/s     w/s     rMB/s     wMB/s   rrqm/s   wrqm/s  %rrqm  %wrqm r_await w_await aqu-sz rareq-sz wareq-sz  svctm  %util
sdb           8324.00 3434.00     32.77     57.55    62.00 11340.00   0.74  76.76    0.50    0.43   0.00     4.03    17.16   0.09 100.00

2021년 08월 24일 17시 45분 33초
avg-cpu:  %user   %nice %system %iowait  %steal   %idle
           0.06    0.00    8.32    4.82    0.00   86.80

Device            r/s     w/s     rMB/s     wMB/s   rrqm/s   wrqm/s  %rrqm  %wrqm r_await w_await aqu-sz rareq-sz wareq-sz  svctm  %util
sdb           8339.00 3228.00     33.18     56.11   152.00 11030.00   1.79  77.36    0.51    0.44   0.10     4.07    17.80   0.09  98.80

2021년 08월 24일 17시 45분 34초
avg-cpu:  %user   %nice %system %iowait  %steal   %idle
           0.25    0.00    8.61    4.18    0.00   86.95

Device            r/s     w/s     rMB/s     wMB/s   rrqm/s   wrqm/s  %rrqm  %wrqm r_await w_await aqu-sz rareq-sz wareq-sz  svctm  %util
sdb           8695.00 3427.00     34.45     59.41   121.00 11702.00   1.37  77.35    0.48    0.42   0.00     4.06    17.75   0.08 100.00

2021년 08월 24일 17시 45분 35초
avg-cpu:  %user   %nice %system %iowait  %steal   %idle
           0.13    0.00    7.46    4.74    0.00   87.67

Device            r/s     w/s     rMB/s     wMB/s   rrqm/s   wrqm/s  %rrqm  %wrqm r_await w_await aqu-sz rareq-sz wareq-sz  svctm  %util
sdb           8378.00 3355.00     32.97     57.55    61.00 11296.00   0.72  77.10    0.50    0.43   0.10     4.03    17.56   0.08  98.80

2021년 08월 24일 17시 45분 36초
avg-cpu:  %user   %nice %system %iowait  %steal   %idle
           0.13    0.00    7.48    4.37    0.00   88.02

Device            r/s     w/s     rMB/s     wMB/s   rrqm/s   wrqm/s  %rrqm  %wrqm r_await w_await aqu-sz rareq-sz wareq-sz  svctm  %util
sdb           8705.00 3431.00     34.00     59.52     0.00 11751.00   0.00  77.40    0.48    0.42   0.00     4.00    17.77   0.08 100.00

2021년 08월 24일 17시 45분 37초
avg-cpu:  %user   %nice %system %iowait  %steal   %idle
           0.06    0.00    7.41    4.37    0.00   88.16

Device            r/s     w/s     rMB/s     wMB/s   rrqm/s   wrqm/s  %rrqm  %wrqm r_await w_await aqu-sz rareq-sz wareq-sz  svctm  %util
sdb           8420.00 3403.00     32.89     58.06     0.00 11389.00   0.00  76.99    0.50    0.43   0.00     4.00    17.47   0.08 100.40

2021년 08월 24일 17시 45분 38초
avg-cpu:  %user   %nice %system %iowait  %steal   %idle
           0.13    0.00    7.10    4.50    0.00   88.27

Device            r/s     w/s     rMB/s     wMB/s   rrqm/s   wrqm/s  %rrqm  %wrqm r_await w_await aqu-sz rareq-sz wareq-sz  svctm  %util
sdb           8364.00 3357.00     32.79     57.22    29.00 11227.00   0.35  76.98    0.50    0.44   0.13     4.01    17.45   0.08  98.40

2021년 08월 24일 17시 45분 39초
avg-cpu:  %user   %nice %system %iowait  %steal   %idle
           0.06    0.00    3.15    4.47    0.00   92.32

Device            r/s     w/s     rMB/s     wMB/s   rrqm/s   wrqm/s  %rrqm  %wrqm r_await w_await aqu-sz rareq-sz wareq-sz  svctm  %util
sdb           16161.00 2425.00     63.13     74.84     0.00  9668.00   0.00  79.95    0.36    0.55   0.00     4.00    31.60   0.05 100.00

2021년 08월 24일 17시 45분 40초
avg-cpu:  %user   %nice %system %iowait  %steal   %idle
           0.13    0.00    7.61    4.41    0.00   87.85

Device            r/s     w/s     rMB/s     wMB/s   rrqm/s   wrqm/s  %rrqm  %wrqm r_await w_await aqu-sz rareq-sz wareq-sz  svctm  %util
sdb           9059.00 3330.00     35.39     59.83     0.00 11605.00   0.00  77.70    0.47    0.43   0.11     4.00    18.40   0.08  98.80

2021년 08월 24일 17시 45분 41초
avg-cpu:  %user   %nice %system %iowait  %steal   %idle
           0.13    0.00    7.77    4.48    0.00   87.63

Device            r/s     w/s     rMB/s     wMB/s   rrqm/s   wrqm/s  %rrqm  %wrqm r_await w_await aqu-sz rareq-sz wareq-sz  svctm  %util
sdb           8620.00 3348.00     33.79     58.60    29.00 11584.00   0.34  77.58    0.49    0.43   0.00     4.01    17.92   0.08 100.00

2021년 08월 24일 17시 45분 42초
avg-cpu:  %user   %nice %system %iowait  %steal   %idle
           0.19    0.00    6.81    4.90    0.00   88.10

Device            r/s     w/s     rMB/s     wMB/s   rrqm/s   wrqm/s  %rrqm  %wrqm r_await w_await aqu-sz rareq-sz wareq-sz  svctm  %util
sdb           8425.00 3390.00     32.91     58.56     0.00 11561.00   0.00  77.33    0.50    0.43   0.00     4.00    17.69   0.08 100.00

2021년 08월 24일 17시 45분 43초
avg-cpu:  %user   %nice %system %iowait  %steal   %idle
           0.32    0.00    7.32    4.79    0.00   87.57

Device            r/s     w/s     rMB/s     wMB/s   rrqm/s   wrqm/s  %rrqm  %wrqm r_await w_await aqu-sz rareq-sz wareq-sz  svctm  %util
sdb           8286.00 3278.00     32.37     56.46     0.00 11088.00   0.00  77.18    0.51    0.44   0.09     4.00    17.64   0.09  99.20

2021년 08월 24일 17시 45분 44초
avg-cpu:  %user   %nice %system %iowait  %steal   %idle
           0.19    0.00    7.52    4.80    0.00   87.48

Device            r/s     w/s     rMB/s     wMB/s   rrqm/s   wrqm/s  %rrqm  %wrqm r_await w_await aqu-sz rareq-sz wareq-sz  svctm  %util
sdb           8506.00 3424.00     33.23     58.88     0.00 11625.00   0.00  77.25    0.49    0.43   0.00     4.00    17.61   0.08 100.00

2021년 08월 24일 17시 45분 45초
avg-cpu:  %user   %nice %system %iowait  %steal   %idle
           0.13    0.00    7.92    4.47    0.00   87.48

Device            r/s     w/s     rMB/s     wMB/s   rrqm/s   wrqm/s  %rrqm  %wrqm r_await w_await aqu-sz rareq-sz wareq-sz  svctm  %util
sdb           8399.00 3442.00     33.05     58.24    61.00 11481.00   0.72  76.93    0.50    0.44   0.10     4.03    17.33   0.08  98.40

2021년 08월 24일 17시 45분 46초
avg-cpu:  %user   %nice %system %iowait  %steal   %idle
           0.13    0.00    7.34    4.55    0.00   87.98

Device            r/s     w/s     rMB/s     wMB/s   rrqm/s   wrqm/s  %rrqm  %wrqm r_await w_await aqu-sz rareq-sz wareq-sz  svctm  %util
sdb           8366.00 3428.00     32.80     57.66    30.00 11340.00   0.36  76.79    0.50    0.42   0.00     4.01    17.23   0.09 100.40

2021년 08월 24일 17시 45분 47초
avg-cpu:  %user   %nice %system %iowait  %steal   %idle
           0.19    0.00    7.47    4.18    0.00   88.16

Device            r/s     w/s     rMB/s     wMB/s   rrqm/s   wrqm/s  %rrqm  %wrqm r_await w_await aqu-sz rareq-sz wareq-sz  svctm  %util
sdb           8605.00 3494.00     33.73     59.05    29.00 11680.00   0.34  76.97    0.48    0.42   0.00     4.01    17.31   0.08 100.00

2021년 08월 24일 17시 45분 48초
avg-cpu:  %user   %nice %system %iowait  %steal   %idle
           0.25    0.00    8.19    4.00    0.00   87.56

Device            r/s     w/s     rMB/s     wMB/s   rrqm/s   wrqm/s  %rrqm  %wrqm r_await w_await aqu-sz rareq-sz wareq-sz  svctm  %util
sdb           8259.00 3361.00     32.26     56.68     0.00 11176.00   0.00  76.88    0.51    0.43   0.13     4.00    17.27   0.09  98.80

2021년 08월 24일 17시 45분 49초
avg-cpu:  %user   %nice %system %iowait  %steal   %idle
           0.19    0.00    7.17    4.57    0.00   88.07

Device            r/s     w/s     rMB/s     wMB/s   rrqm/s   wrqm/s  %rrqm  %wrqm r_await w_await aqu-sz rareq-sz wareq-sz  svctm  %util
sdb           8491.00 3394.00     33.29     58.55    31.00 11601.00   0.36  77.37    0.50    0.43   0.00     4.02    17.67   0.08  99.60

2021년 08월 24일 17시 45분 50초
avg-cpu:  %user   %nice %system %iowait  %steal   %idle
           0.25    0.00    7.76    4.85    0.00   87.14

Device            r/s     w/s     rMB/s     wMB/s   rrqm/s   wrqm/s  %rrqm  %wrqm r_await w_await aqu-sz rareq-sz wareq-sz  svctm  %util
sdb           8604.00 3360.00     34.23     58.54   153.00 11639.00   1.75  77.60    0.50    0.42   0.15     4.07    17.84   0.08  98.80

2021년 08월 24일 17시 45분 51초
avg-cpu:  %user   %nice %system %iowait  %steal   %idle
           0.25    0.00    7.97    4.33    0.00   87.45

Device            r/s     w/s     rMB/s     wMB/s   rrqm/s   wrqm/s  %rrqm  %wrqm r_await w_await aqu-sz rareq-sz wareq-sz  svctm  %util
sdb           8250.00 3448.00     32.35     57.33    30.00 11272.00   0.36  76.58    0.51    0.44   0.00     4.02    17.03   0.09 100.00

2021년 08월 24일 17시 45분 52초
avg-cpu:  %user   %nice %system %iowait  %steal   %idle
           0.19    0.00    7.58    4.61    0.00   87.62

Device            r/s     w/s     rMB/s     wMB/s   rrqm/s   wrqm/s  %rrqm  %wrqm r_await w_await aqu-sz rareq-sz wareq-sz  svctm  %util
sdb           8288.00 3408.00     32.61     57.64    59.00 11342.00   0.71  76.89    0.50    0.42   0.00     4.03    17.32   0.09 100.00

2021년 08월 24일 17시 45분 53초
avg-cpu:  %user   %nice %system %iowait  %steal   %idle
           0.13    0.00    7.45    4.48    0.00   87.94

Device            r/s     w/s     rMB/s     wMB/s   rrqm/s   wrqm/s  %rrqm  %wrqm r_await w_await aqu-sz rareq-sz wareq-sz  svctm  %util
sdb           8377.00 3343.00     32.72     56.82     0.00 11220.00   0.00  77.04    0.51    0.44   0.13     4.00    17.40   0.08  98.80

2021년 08월 24일 17시 45분 54초
avg-cpu:  %user   %nice %system %iowait  %steal   %idle
           0.25    0.00    7.79    4.33    0.00   87.63

Device            r/s     w/s     rMB/s     wMB/s   rrqm/s   wrqm/s  %rrqm  %wrqm r_await w_await aqu-sz rareq-sz wareq-sz  svctm  %util
sdb           8299.00 3417.00     32.42     57.38     0.00 11201.00   0.00  76.62    0.50    0.42   0.00     4.00    17.20   0.09 100.00

2021년 08월 24일 17시 45분 55초
avg-cpu:  %user   %nice %system %iowait  %steal   %idle
           0.25    0.00    7.51    4.61    0.00   87.63

Device            r/s     w/s     rMB/s     wMB/s   rrqm/s   wrqm/s  %rrqm  %wrqm r_await w_await aqu-sz rareq-sz wareq-sz  svctm  %util
sdb           8510.00 3403.00     33.24     58.09     0.00 11371.00   0.00  76.97    0.49    0.43   0.10     4.00    17.48   0.08  99.60

2021년 08월 24일 17시 45분 56초
avg-cpu:  %user   %nice %system %iowait  %steal   %idle
           0.13    0.00    7.23    4.19    0.00   88.45

Device            r/s     w/s     rMB/s     wMB/s   rrqm/s   wrqm/s  %rrqm  %wrqm r_await w_await aqu-sz rareq-sz wareq-sz  svctm  %util
sdb           8702.00 3436.00     34.35     59.48    89.00 11708.00   1.01  77.31    0.48    0.42   0.00     4.04    17.73   0.08 100.00

2021년 08월 24일 17시 45분 57초
avg-cpu:  %user   %nice %system %iowait  %steal   %idle
           0.25    0.00    7.09    4.69    0.00   87.97

Device            r/s     w/s     rMB/s     wMB/s   rrqm/s   wrqm/s  %rrqm  %wrqm r_await w_await aqu-sz rareq-sz wareq-sz  svctm  %util
sdb           8990.00 3434.00     35.12     59.71     0.00 11656.00   0.00  77.24    0.46    0.42   0.00     4.00    17.80   0.08 100.00

2021년 08월 24일 17시 45분 58초
avg-cpu:  %user   %nice %system %iowait  %steal   %idle
           0.06    0.00    6.85    4.70    0.00   88.39

Device            r/s     w/s     rMB/s     wMB/s   rrqm/s   wrqm/s  %rrqm  %wrqm r_await w_await aqu-sz rareq-sz wareq-sz  svctm  %util
sdb           8249.00 3415.00     32.22     56.90     0.00 11100.00   0.00  76.47    0.50    0.43   0.08     4.00    17.06   0.08  98.40

2021년 08월 24일 17시 45분 59초
avg-cpu:  %user   %nice %system %iowait  %steal   %idle
           0.13    0.00    7.35    4.75    0.00   87.78

Device            r/s     w/s     rMB/s     wMB/s   rrqm/s   wrqm/s  %rrqm  %wrqm r_await w_await aqu-sz rareq-sz wareq-sz  svctm  %util
sdb           8431.00 3573.00     32.93     66.90     0.00 13504.00   0.00  79.08    0.50    0.52   0.21     4.00    19.17   0.08 100.00

2021년 08월 24일 17시 46분 00초
avg-cpu:  %user   %nice %system %iowait  %steal   %idle
           0.19    0.00    7.44    4.61    0.00   87.76

Device            r/s     w/s     rMB/s     wMB/s   rrqm/s   wrqm/s  %rrqm  %wrqm r_await w_await aqu-sz rareq-sz wareq-sz  svctm  %util
sdb           8387.00 3381.00     33.24     57.54   119.00 11288.00   1.40  76.95    0.49    0.45   0.09     4.06    17.43   0.08  98.40

2021년 08월 24일 17시 46분 01초
avg-cpu:  %user   %nice %system %iowait  %steal   %idle
           0.13    0.00    8.00    4.41    0.00   87.47

Device            r/s     w/s     rMB/s     wMB/s   rrqm/s   wrqm/s  %rrqm  %wrqm r_await w_await aqu-sz rareq-sz wareq-sz  svctm  %util
sdb           8560.00 3483.00     33.44     58.86     0.00 11595.00   0.00  76.90    0.49    0.41   0.00     4.00    17.30   0.08 100.00

2021년 08월 24일 17시 46분 02초
avg-cpu:  %user   %nice %system %iowait  %steal   %idle
           0.13    0.00    6.33    4.86    0.00   88.68

Device            r/s     w/s     rMB/s     wMB/s   rrqm/s   wrqm/s  %rrqm  %wrqm r_await w_await aqu-sz rareq-sz wareq-sz  svctm  %util
sdb           8348.00 3377.00     32.61     57.98     0.00 11422.00   0.00  77.18    0.50    0.43   0.11     4.00    17.58   0.08  98.80

2021년 08월 24일 17시 46분 03초
avg-cpu:  %user   %nice %system %iowait  %steal   %idle
           0.13    0.00    7.46    4.36    0.00   88.05

Device            r/s     w/s     rMB/s     wMB/s   rrqm/s   wrqm/s  %rrqm  %wrqm r_await w_await aqu-sz rareq-sz wareq-sz  svctm  %util
sdb           8854.00 3407.00     34.59     59.35     0.00 11545.00   0.00  77.21    0.47    0.43   0.00     4.00    17.84   0.08 100.00

2021년 08월 24일 17시 46분 04초
avg-cpu:  %user   %nice %system %iowait  %steal   %idle
           0.06    0.00    7.22    4.56    0.00   88.16

Device            r/s     w/s     rMB/s     wMB/s   rrqm/s   wrqm/s  %rrqm  %wrqm r_await w_await aqu-sz rareq-sz wareq-sz  svctm  %util
sdb           8946.00 3415.00     35.07     59.98    30.00 11688.00   0.33  77.39    0.47    0.43   0.00     4.01    17.98   0.08 100.00

2021년 08월 24일 17시 46분 05초
avg-cpu:  %user   %nice %system %iowait  %steal   %idle
           0.19    0.00    7.57    4.79    0.00   87.44

Device            r/s     w/s     rMB/s     wMB/s   rrqm/s   wrqm/s  %rrqm  %wrqm r_await w_await aqu-sz rareq-sz wareq-sz  svctm  %util
sdb           8494.00 3407.00     33.68     59.36   124.00 11740.00   1.44  77.51    0.49    0.43   0.10     4.06    17.84   0.08  98.80

2021년 08월 24일 17시 46분 06초
avg-cpu:  %user   %nice %system %iowait  %steal   %idle
           0.19    0.00    7.33    4.61    0.00   87.86

Device            r/s     w/s     rMB/s     wMB/s   rrqm/s   wrqm/s  %rrqm  %wrqm r_await w_await aqu-sz rareq-sz wareq-sz  svctm  %util
sdb           8293.00 3389.00     32.76     58.35    92.00 11523.00   1.10  77.27    0.50    0.43   0.00     4.05    17.63   0.09 100.00

2021년 08월 24일 17시 46분 07초
avg-cpu:  %user   %nice %system %iowait  %steal   %idle
           0.19    0.00    8.09    4.26    0.00   87.46

Device            r/s     w/s     rMB/s     wMB/s   rrqm/s   wrqm/s  %rrqm  %wrqm r_await w_await aqu-sz rareq-sz wareq-sz  svctm  %util
sdb           8438.00 3370.00     33.20     59.13    62.00 11727.00   0.73  77.68    0.49    0.43   0.08     4.03    17.97   0.08  98.80

2021년 08월 24일 17시 46분 08초
avg-cpu:  %user   %nice %system %iowait  %steal   %idle
           0.25    0.00    7.57    3.97    0.00   88.21

Device            r/s     w/s     rMB/s     wMB/s   rrqm/s   wrqm/s  %rrqm  %wrqm r_await w_await aqu-sz rareq-sz wareq-sz  svctm  %util
sdb           8526.00 3418.00     33.42     60.03    29.00 11880.00   0.34  77.66    0.49    0.43   0.00     4.01    17.98   0.08 100.00

2021년 08월 24일 17시 46분 09초
avg-cpu:  %user   %nice %system %iowait  %steal   %idle
           0.13    0.00    8.21    4.14    0.00   87.53

Device            r/s     w/s     rMB/s     wMB/s   rrqm/s   wrqm/s  %rrqm  %wrqm r_await w_await aqu-sz rareq-sz wareq-sz  svctm  %util
sdb           8320.00 3425.00     32.50     58.98     0.00 11648.00   0.00  77.28    0.50    0.43   0.00     4.00    17.64   0.09 100.00

2021년 08월 24일 17시 46분 10초
avg-cpu:  %user   %nice %system %iowait  %steal   %idle
           0.31    0.00    8.33    5.39    0.00   85.97

Device            r/s     w/s     rMB/s     wMB/s   rrqm/s   wrqm/s  %rrqm  %wrqm r_await w_await aqu-sz rareq-sz wareq-sz  svctm  %util
sdb           8432.00 3353.00     33.25     58.66    75.00 11624.00   0.88  77.61    0.51    0.44   0.11     4.04    17.92   0.08  98.40

2021년 08월 24일 17시 46분 11초
avg-cpu:  %user   %nice %system %iowait  %steal   %idle
           0.00    0.00    7.12    4.90    0.00   87.98

Device            r/s     w/s     rMB/s     wMB/s   rrqm/s   wrqm/s  %rrqm  %wrqm r_await w_await aqu-sz rareq-sz wareq-sz  svctm  %util
sdb           8444.00 3308.00     32.98     59.05     0.00 11858.00   0.00  78.19    0.51    0.45   0.00     4.00    18.28   0.09 100.00

2021년 08월 24일 17시 46분 12초
avg-cpu:  %user   %nice %system %iowait  %steal   %idle
           0.06    0.00    7.12    5.61    0.00   87.21

Device            r/s     w/s     rMB/s     wMB/s   rrqm/s   wrqm/s  %rrqm  %wrqm r_await w_await aqu-sz rareq-sz wareq-sz  svctm  %util
sdb           9255.00 3259.00     36.15     60.60     0.00 11631.00   0.00  78.11    0.47    0.46   0.10     4.00    19.04   0.08  98.80

2021년 08월 24일 17시 46분 13초
avg-cpu:  %user   %nice %system %iowait  %steal   %idle
           0.13    0.00    8.08    4.16    0.00   87.63

Device            r/s     w/s     rMB/s     wMB/s   rrqm/s   wrqm/s  %rrqm  %wrqm r_await w_await aqu-sz rareq-sz wareq-sz  svctm  %util
sdb           8664.00 3427.00     34.45     60.18   151.00 11942.00   1.71  77.70    0.49    0.43   0.00     4.07    17.98   0.08 100.00

2021년 08월 24일 17시 46분 14초
avg-cpu:  %user   %nice %system %iowait  %steal   %idle
           0.00    0.00    7.88    4.85    0.00   87.27

Device            r/s     w/s     rMB/s     wMB/s   rrqm/s   wrqm/s  %rrqm  %wrqm r_await w_await aqu-sz rareq-sz wareq-sz  svctm  %util
sdb           8275.00 3361.00     32.32     57.98     0.00 11454.00   0.00  77.31    0.50    0.44   0.00     4.00    17.66   0.09 100.00

2021년 08월 24일 17시 46분 15초
avg-cpu:  %user   %nice %system %iowait  %steal   %idle
           0.13    0.00    6.81    5.09    0.00   87.97

Device            r/s     w/s     rMB/s     wMB/s   rrqm/s   wrqm/s  %rrqm  %wrqm r_await w_await aqu-sz rareq-sz wareq-sz  svctm  %util
sdb           8290.00 3323.00     32.50     58.67    29.00 11709.00   0.35  77.89    0.51    0.44   0.11     4.01    18.08   0.09  98.80

2021년 08월 24일 17시 46분 16초
avg-cpu:  %user   %nice %system %iowait  %steal   %idle
           0.38    0.00    6.92    4.63    0.00   88.07

Device            r/s     w/s     rMB/s     wMB/s   rrqm/s   wrqm/s  %rrqm  %wrqm r_await w_await aqu-sz rareq-sz wareq-sz  svctm  %util
sdb           8478.00 3423.00     33.11     60.34     0.00 12015.00   0.00  77.83    0.50    0.43   0.00     4.00    18.05   0.08 100.00

2021년 08월 24일 17시 46분 17초
avg-cpu:  %user   %nice %system %iowait  %steal   %idle
           0.19    0.00    7.80    4.34    0.00   87.67

Device            r/s     w/s     rMB/s     wMB/s   rrqm/s   wrqm/s  %rrqm  %wrqm r_await w_await aqu-sz rareq-sz wareq-sz  svctm  %util
sdb           8343.00 3338.00     32.59     59.22     1.00 11751.00   0.01  77.88    0.50    0.43   0.08     4.00    18.17   0.09  99.60

2021년 08월 24일 17시 46분 18초
avg-cpu:  %user   %nice %system %iowait  %steal   %idle
           0.25    0.00    8.09    4.26    0.00   87.40

Device            r/s     w/s     rMB/s     wMB/s   rrqm/s   wrqm/s  %rrqm  %wrqm r_await w_await aqu-sz rareq-sz wareq-sz  svctm  %util
sdb           8270.00 3273.00     33.15     59.04   211.00 11730.00   2.49  78.18    0.51    0.44   0.00     4.10    18.47   0.09 100.00

2021년 08월 24일 17시 46분 19초
avg-cpu:  %user   %nice %system %iowait  %steal   %idle
           0.19    0.00    7.61    4.65    0.00   87.55

Device            r/s     w/s     rMB/s     wMB/s   rrqm/s   wrqm/s  %rrqm  %wrqm r_await w_await aqu-sz rareq-sz wareq-sz  svctm  %util
sdb           8159.00 3317.00     31.87     59.17     0.00 11758.00   0.00  78.00    0.51    0.43   0.00     4.00    18.27   0.09 100.00

2021년 08월 24일 17시 46분 20초
avg-cpu:  %user   %nice %system %iowait  %steal   %idle
           0.25    0.00    6.87    4.77    0.00   88.11

Device            r/s     w/s     rMB/s     wMB/s   rrqm/s   wrqm/s  %rrqm  %wrqm r_await w_await aqu-sz rareq-sz wareq-sz  svctm  %util
sdb           8237.00 3329.00     32.42     59.32    60.00 11803.00   0.72  78.00    0.50    0.44   0.06     4.03    18.25   0.09  98.80

2021년 08월 24일 17시 46분 21초
avg-cpu:  %user   %nice %system %iowait  %steal   %idle
           0.13    0.00    6.81    4.58    0.00   88.49

Device            r/s     w/s     rMB/s     wMB/s   rrqm/s   wrqm/s  %rrqm  %wrqm r_await w_await aqu-sz rareq-sz wareq-sz  svctm  %util
sdb           8190.00 3294.00     32.11     59.26    30.00 11833.00   0.36  78.22    0.52    0.43   0.00     4.01    18.42   0.09 100.00

2021년 08월 24일 17시 46분 22초
avg-cpu:  %user   %nice %system %iowait  %steal   %idle
           0.13    0.00    7.23    4.76    0.00   87.89

Device            r/s     w/s     rMB/s     wMB/s   rrqm/s   wrqm/s  %rrqm  %wrqm r_await w_await aqu-sz rareq-sz wareq-sz  svctm  %util
sdb           8288.00 3288.00     32.38     59.02     1.00 11732.00   0.01  78.11    0.51    0.44   0.10     4.00    18.38   0.09  98.80

2021년 08월 24일 17시 46분 23초
avg-cpu:  %user   %nice %system %iowait  %steal   %idle
           0.19    0.00    6.68    5.03    0.00   88.10

Device            r/s     w/s     rMB/s     wMB/s   rrqm/s   wrqm/s  %rrqm  %wrqm r_await w_await aqu-sz rareq-sz wareq-sz  svctm  %util
sdb           8336.00 3277.00     32.56     59.19     0.00 11786.00   0.00  78.24    0.50    0.43   0.00     4.00    18.49   0.09 100.00

2021년 08월 24일 17시 46분 24초
avg-cpu:  %user   %nice %system %iowait  %steal   %idle
           0.19    0.00    7.39    5.05    0.00   87.37

Device            r/s     w/s     rMB/s     wMB/s   rrqm/s   wrqm/s  %rrqm  %wrqm r_await w_await aqu-sz rareq-sz wareq-sz  svctm  %util
sdb           8301.00 3274.00     32.43     59.98     0.00 12068.00   0.00  78.66    0.51    0.45   0.16     4.00    18.76   0.09  98.40

2021년 08월 24일 17시 46분 25초
avg-cpu:  %user   %nice %system %iowait  %steal   %idle
           0.19    0.00    7.88    4.60    0.00   87.33

Device            r/s     w/s     rMB/s     wMB/s   rrqm/s   wrqm/s  %rrqm  %wrqm r_await w_await aqu-sz rareq-sz wareq-sz  svctm  %util
sdb           8634.00 3306.00     33.73     60.88     0.00 12215.00   0.00  78.70    0.49    0.42   0.00     4.00    18.86   0.08 100.00

2021년 08월 24일 17시 46분 26초
avg-cpu:  %user   %nice %system %iowait  %steal   %idle
           0.25    0.00    7.51    4.42    0.00   87.82

Device            r/s     w/s     rMB/s     wMB/s   rrqm/s   wrqm/s  %rrqm  %wrqm r_await w_await aqu-sz rareq-sz wareq-sz  svctm  %util
sdb           8225.00 3395.00     32.13     59.77     0.00 11843.00   0.00  77.72    0.49    0.43   0.00     4.00    18.03   0.09 100.00

2021년 08월 24일 17시 46분 27초
avg-cpu:  %user   %nice %system %iowait  %steal   %idle
           0.13    0.00    7.34    4.55    0.00   87.98

Device            r/s     w/s     rMB/s     wMB/s   rrqm/s   wrqm/s  %rrqm  %wrqm r_await w_await aqu-sz rareq-sz wareq-sz  svctm  %util
sdb           8352.00 3297.00     32.62     59.42     0.00 11888.00   0.00  78.29    0.50    0.44   0.10     4.00    18.46   0.08  98.80

2021년 08월 24일 17시 46분 28초
avg-cpu:  %user   %nice %system %iowait  %steal   %idle
           0.19    0.00    7.15    4.94    0.00   87.72

Device            r/s     w/s     rMB/s     wMB/s   rrqm/s   wrqm/s  %rrqm  %wrqm r_await w_await aqu-sz rareq-sz wareq-sz  svctm  %util
sdb           8122.00 3495.00     31.84     59.57    29.00 11769.00   0.36  77.10    0.48    0.45   0.00     4.01    17.45   0.09 100.00

2021년 08월 24일 17시 46분 29초
avg-cpu:  %user   %nice %system %iowait  %steal   %idle
           0.19    0.00    7.03    5.06    0.00   87.72

Device            r/s     w/s     rMB/s     wMB/s   rrqm/s   wrqm/s  %rrqm  %wrqm r_await w_await aqu-sz rareq-sz wareq-sz  svctm  %util
sdb           8137.00 3486.00     31.91     58.41    31.00 11501.00   0.38  76.74    0.48    0.43   0.10     4.02    17.16   0.09  98.80

2021년 08월 24일 17시 46분 30초
avg-cpu:  %user   %nice %system %iowait  %steal   %idle
           0.13    0.00    6.76    4.66    0.00   88.45

Device            r/s     w/s     rMB/s     wMB/s   rrqm/s   wrqm/s  %rrqm  %wrqm r_await w_await aqu-sz rareq-sz wareq-sz  svctm  %util
sdb           8325.00 3568.00     32.64     65.74    30.00 13264.00   0.36  78.80    0.50    0.52   0.16     4.01    18.87   0.08 100.00

2021년 08월 24일 17시 46분 31초
avg-cpu:  %user   %nice %system %iowait  %steal   %idle
           0.19    0.00    7.92    4.47    0.00   87.42

Device            r/s     w/s     rMB/s     wMB/s   rrqm/s   wrqm/s  %rrqm  %wrqm r_await w_await aqu-sz rareq-sz wareq-sz  svctm  %util
sdb           8595.00 3409.00     33.57     60.34     0.00 11942.00   0.00  77.79    0.48    0.43   0.00     4.00    18.12   0.08 100.00

2021년 08월 24일 17시 46분 32초
avg-cpu:  %user   %nice %system %iowait  %steal   %idle
           0.06    0.00    7.84    4.89    0.00   87.21

Device            r/s     w/s     rMB/s     wMB/s   rrqm/s   wrqm/s  %rrqm  %wrqm r_await w_await aqu-sz rareq-sz wareq-sz  svctm  %util
sdb           9127.00 3229.00     35.65     61.55     0.00 11973.00   0.00  78.76    0.48    0.44   0.11     4.00    19.52   0.08  98.40

2021년 08월 24일 17시 46분 33초
avg-cpu:  %user   %nice %system %iowait  %steal   %idle
           0.19    0.00    6.93    4.51    0.00   88.37

Device            r/s     w/s     rMB/s     wMB/s   rrqm/s   wrqm/s  %rrqm  %wrqm r_await w_await aqu-sz rareq-sz wareq-sz  svctm  %util
sdb           8551.00 3396.00     33.40     60.68     0.00 12065.00   0.00  78.04    0.49    0.43   0.00     4.00    18.30   0.08 100.00

2021년 08월 24일 17시 46분 34초
avg-cpu:  %user   %nice %system %iowait  %steal   %idle
           0.13    0.00    7.29    4.94    0.00   87.64

Device            r/s     w/s     rMB/s     wMB/s   rrqm/s   wrqm/s  %rrqm  %wrqm r_await w_await aqu-sz rareq-sz wareq-sz  svctm  %util
sdb           8305.00 3399.00     32.56     59.98    30.00 11937.00   0.36  77.84    0.51    0.44   0.11     4.01    18.07   0.08  98.40

2021년 08월 24일 17시 46분 35초
avg-cpu:  %user   %nice %system %iowait  %steal   %idle
           0.25    0.00    7.46    4.24    0.00   88.05

Device            r/s     w/s     rMB/s     wMB/s   rrqm/s   wrqm/s  %rrqm  %wrqm r_await w_await aqu-sz rareq-sz wareq-sz  svctm  %util
sdb           8855.00 3467.00     35.07     60.38   120.00 11986.00   1.34  77.56    0.48    0.42   0.00     4.06    17.83   0.08 100.00

2021년 08월 24일 17시 46분 36초
avg-cpu:  %user   %nice %system %iowait  %steal   %idle
           0.06    0.00    7.20    4.49    0.00   88.25

Device            r/s     w/s     rMB/s     wMB/s   rrqm/s   wrqm/s  %rrqm  %wrqm r_await w_await aqu-sz rareq-sz wareq-sz  svctm  %util
sdb           8499.00 3317.00     33.44     58.30    60.00 11435.00   0.70  77.51    0.49    0.44   0.08     4.03    18.00   0.08  98.80

2021년 08월 24일 17시 46분 37초
avg-cpu:  %user   %nice %system %iowait  %steal   %idle
           0.13    0.00    7.99    4.47    0.00   87.42

Device            r/s     w/s     rMB/s     wMB/s   rrqm/s   wrqm/s  %rrqm  %wrqm r_await w_await aqu-sz rareq-sz wareq-sz  svctm  %util
sdb           8662.00 3397.00     33.84     59.51     0.00 11804.00   0.00  77.65    0.49    0.43   0.00     4.00    17.94   0.08 100.00

2021년 08월 24일 17시 46분 38초
avg-cpu:  %user   %nice %system %iowait  %steal   %idle
           0.19    0.00    8.65    4.17    0.00   86.99

Device            r/s     w/s     rMB/s     wMB/s   rrqm/s   wrqm/s  %rrqm  %wrqm r_await w_await aqu-sz rareq-sz wareq-sz  svctm  %util
sdb           8402.00 3426.00     32.82     58.99     0.00 11714.00   0.00  77.37    0.50    0.43   0.00     4.00    17.63   0.08 100.00

2021년 08월 24일 17시 46분 39초
avg-cpu:  %user   %nice %system %iowait  %steal   %idle
           0.00    0.00    8.91    4.80    0.00   86.29

Device            r/s     w/s     rMB/s     wMB/s   rrqm/s   wrqm/s  %rrqm  %wrqm r_await w_await aqu-sz rareq-sz wareq-sz  svctm  %util
sdb           8623.00 3340.00     33.68     58.81     0.00 11724.00   0.00  77.83    0.49    0.44   0.13     4.00    18.03   0.08  98.80

2021년 08월 24일 17시 46분 40초
avg-cpu:  %user   %nice %system %iowait  %steal   %idle
           0.06    0.00    7.42    4.69    0.00   87.82

Device            r/s     w/s     rMB/s     wMB/s   rrqm/s   wrqm/s  %rrqm  %wrqm r_await w_await aqu-sz rareq-sz wareq-sz  svctm  %util
sdb           8565.00 3370.00     33.46     59.48     0.00 11844.00   0.00  77.85    0.49    0.43   0.00     4.00    18.07   0.08 100.00

2021년 08월 24일 17시 46분 41초
avg-cpu:  %user   %nice %system %iowait  %steal   %idle
           0.12    0.00    8.44    4.81    0.00   86.62

Device            r/s     w/s     rMB/s     wMB/s   rrqm/s   wrqm/s  %rrqm  %wrqm r_await w_await aqu-sz rareq-sz wareq-sz  svctm  %util
sdb           8547.00 3340.00     33.42     58.64     7.00 11669.00   0.08  77.75    0.50    0.44   0.10     4.00    17.98   0.08  98.80

2021년 08월 24일 17시 46분 42초
avg-cpu:  %user   %nice %system %iowait  %steal   %idle
           0.25    0.00    7.81    4.41    0.00   87.52

Device            r/s     w/s     rMB/s     wMB/s   rrqm/s   wrqm/s  %rrqm  %wrqm r_await w_await aqu-sz rareq-sz wareq-sz  svctm  %util
sdb           8382.00 3405.00     32.86     59.38    30.00 11805.00   0.36  77.61    0.50    0.43   0.00     4.01    17.86   0.08 100.00

2021년 08월 24일 17시 46분 43초
avg-cpu:  %user   %nice %system %iowait  %steal   %idle
           0.25    0.00    6.93    4.39    0.00   88.43

Device            r/s     w/s     rMB/s     wMB/s   rrqm/s   wrqm/s  %rrqm  %wrqm r_await w_await aqu-sz rareq-sz wareq-sz  svctm  %util
sdb           8469.00 3375.00     33.09     59.51     0.00 11849.00   0.00  77.83    0.50    0.43   0.00     4.00    18.06   0.08 100.00

2021년 08월 24일 17시 46분 44초
avg-cpu:  %user   %nice %system %iowait  %steal   %idle
           0.13    0.00    7.97    4.96    0.00   86.94

Device            r/s     w/s     rMB/s     wMB/s   rrqm/s   wrqm/s  %rrqm  %wrqm r_await w_await aqu-sz rareq-sz wareq-sz  svctm  %util
sdb           8206.00 3369.00     32.30     58.89    61.00 11696.00   0.74  77.64    0.50    0.44   0.10     4.03    17.90   0.09  98.80

2021년 08월 24일 17시 46분 45초
avg-cpu:  %user   %nice %system %iowait  %steal   %idle
           0.19    0.00    7.10    4.88    0.00   87.83

Device            r/s     w/s     rMB/s     wMB/s   rrqm/s   wrqm/s  %rrqm  %wrqm r_await w_await aqu-sz rareq-sz wareq-sz  svctm  %util
sdb           8499.00 3379.00     33.32     58.78    30.00 11723.00   0.35  77.63    0.51    0.44   0.00     4.02    17.81   0.08 100.00

2021년 08월 24일 17시 46분 46초
avg-cpu:  %user   %nice %system %iowait  %steal   %idle
           0.13    0.00    6.98    4.69    0.00   88.21

Device            r/s     w/s     rMB/s     wMB/s   rrqm/s   wrqm/s  %rrqm  %wrqm r_await w_await aqu-sz rareq-sz wareq-sz  svctm  %util
sdb           8135.00 3326.00     32.63     56.13   214.00 11048.00   2.56  76.86    0.51    0.45   0.10     4.11    17.28   0.09  98.40

2021년 08월 24일 17시 46분 47초
avg-cpu:  %user   %nice %system %iowait  %steal   %idle
           0.06    0.00    7.41    4.56    0.00   87.97

Device            r/s     w/s     rMB/s     wMB/s   rrqm/s   wrqm/s  %rrqm  %wrqm r_await w_await aqu-sz rareq-sz wareq-sz  svctm  %util
sdb           8423.00 3413.00     32.91     58.84     0.00 11556.00   0.00  77.20    0.49    0.43   0.00     4.00    17.65   0.08 100.00

2021년 08월 24일 17시 46분 48초
avg-cpu:  %user   %nice %system %iowait  %steal   %idle
           0.13    0.00    7.57    4.48    0.00   87.83

Device            r/s     w/s     rMB/s     wMB/s   rrqm/s   wrqm/s  %rrqm  %wrqm r_await w_await aqu-sz rareq-sz wareq-sz  svctm  %util
sdb           8515.00 3373.00     33.26     58.74     0.00 11509.00   0.00  77.34    0.49    0.44   0.00     4.00    17.83   0.08 100.00

2021년 08월 24일 17시 46분 49초
avg-cpu:  %user   %nice %system %iowait  %steal   %idle
           0.19    0.00    7.43    4.22    0.00   88.16

Device            r/s     w/s     rMB/s     wMB/s   rrqm/s   wrqm/s  %rrqm  %wrqm r_await w_await aqu-sz rareq-sz wareq-sz  svctm  %util
sdb           8069.00 3260.00     31.88     55.86    91.00 10937.00   1.12  77.04    0.53    0.44   0.14     4.05    17.55   0.09  98.80

2021년 08월 24일 17시 46분 50초
avg-cpu:  %user   %nice %system %iowait  %steal   %idle
           0.13    0.00    6.37    4.71    0.00   88.79

Device            r/s     w/s     rMB/s     wMB/s   rrqm/s   wrqm/s  %rrqm  %wrqm r_await w_await aqu-sz rareq-sz wareq-sz  svctm  %util
sdb           8397.00 3347.00     32.80     58.30     0.00 11444.00   0.00  77.37    0.50    0.43   0.00     4.00    17.84   0.09 100.00

2021년 08월 24일 17시 46분 51초
avg-cpu:  %user   %nice %system %iowait  %steal   %idle
           0.13    0.00    7.81    4.47    0.00   87.59

Device            r/s     w/s     rMB/s     wMB/s   rrqm/s   wrqm/s  %rrqm  %wrqm r_await w_await aqu-sz rareq-sz wareq-sz  svctm  %util
sdb           8527.00 3337.00     33.43     58.57    30.00 11613.00   0.35  77.68    0.50    0.43   0.10     4.01    17.97   0.08  98.40

2021년 08월 24일 17시 46분 52초
avg-cpu:  %user   %nice %system %iowait  %steal   %idle
           0.19    0.00    7.27    4.24    0.00   88.31

Device            r/s     w/s     rMB/s     wMB/s   rrqm/s   wrqm/s  %rrqm  %wrqm r_await w_await aqu-sz rareq-sz wareq-sz  svctm  %util
sdb           8386.00 3438.00     32.76     59.35     0.00 11645.00   0.00  77.21    0.48    0.42   0.00     4.00    17.68   0.08  99.60

2021년 08월 24일 17시 46분 53초
avg-cpu:  %user   %nice %system %iowait  %steal   %idle
           0.06    0.00    7.37    4.57    0.00   88.00

Device            r/s     w/s     rMB/s     wMB/s   rrqm/s   wrqm/s  %rrqm  %wrqm r_await w_await aqu-sz rareq-sz wareq-sz  svctm  %util
sdb           8466.00 3408.00     33.07     59.07     0.00 11695.00   0.00  77.43    0.50    0.42   0.00     4.00    17.75   0.08 100.40

2021년 08월 24일 17시 46분 54초
avg-cpu:  %user   %nice %system %iowait  %steal   %idle
           0.13    0.00    8.28    4.64    0.00   86.95

Device            r/s     w/s     rMB/s     wMB/s   rrqm/s   wrqm/s  %rrqm  %wrqm r_await w_await aqu-sz rareq-sz wareq-sz  svctm  %util
sdb           8411.00 3377.00     32.86     58.55     0.00 11565.00   0.00  77.40    0.49    0.44   0.05     4.00    17.76   0.08  98.40

2021년 08월 24일 17시 46분 55초
avg-cpu:  %user   %nice %system %iowait  %steal   %idle
           0.19    0.00    6.70    4.66    0.00   88.46

Device            r/s     w/s     rMB/s     wMB/s   rrqm/s   wrqm/s  %rrqm  %wrqm r_await w_await aqu-sz rareq-sz wareq-sz  svctm  %util
sdb           8592.00 3496.00     33.68     59.38    29.00 11725.00   0.34  77.03    0.48    0.42   0.00     4.01    17.39   0.08 100.40

2021년 08월 24일 17시 46분 56초
avg-cpu:  %user   %nice %system %iowait  %steal   %idle
           0.00    0.00    7.06    5.28    0.00   87.66

Device            r/s     w/s     rMB/s     wMB/s   rrqm/s   wrqm/s  %rrqm  %wrqm r_await w_await aqu-sz rareq-sz wareq-sz  svctm  %util
sdb           8604.00 3281.00     33.61     57.84     0.00 11504.00   0.00  77.81    0.50    0.44   0.08     4.00    18.05   0.08  98.40

2021년 08월 24일 17시 46분 57초
avg-cpu:  %user   %nice %system %iowait  %steal   %idle
           0.25    0.00    7.04    4.57    0.00   88.14

Device            r/s     w/s     rMB/s     wMB/s   rrqm/s   wrqm/s  %rrqm  %wrqm r_await w_await aqu-sz rareq-sz wareq-sz  svctm  %util
sdb           8382.00 3408.00     33.23     59.05   122.00 11610.00   1.43  77.31    0.49    0.43   0.00     4.06    17.74   0.08  99.60

2021년 08월 24일 17시 46분 58초
avg-cpu:  %user   %nice %system %iowait  %steal   %idle
           0.13    0.00    7.70    4.55    0.00   87.63

Device            r/s     w/s     rMB/s     wMB/s   rrqm/s   wrqm/s  %rrqm  %wrqm r_await w_await aqu-sz rareq-sz wareq-sz  svctm  %util
sdb           8724.00 3426.00     34.48     60.62    99.00 12078.00   1.12  77.90    0.48    0.42   0.00     4.05    18.12   0.08 100.40

2021년 08월 24일 17시 46분 59초
avg-cpu:  %user   %nice %system %iowait  %steal   %idle
           0.19    0.00    6.80    4.64    0.00   88.37

Device            r/s     w/s     rMB/s     wMB/s   rrqm/s   wrqm/s  %rrqm  %wrqm r_await w_await aqu-sz rareq-sz wareq-sz  svctm  %util
sdb           8339.00 3402.00     32.57     58.29     0.00 11488.00   0.00  77.15    0.49    0.44   0.06     4.00    17.54   0.08  98.40

2021년 08월 24일 17시 47분 00초
avg-cpu:  %user   %nice %system %iowait  %steal   %idle
           0.13    0.00    6.97    4.69    0.00   88.21

Device            r/s     w/s     rMB/s     wMB/s   rrqm/s   wrqm/s  %rrqm  %wrqm r_await w_await aqu-sz rareq-sz wareq-sz  svctm  %util
sdb           7931.00 3678.00     30.98     59.68     0.00 11755.00   0.00  76.17    0.47    0.43   0.00     4.00    16.62   0.09 100.00

2021년 08월 24일 17시 47분 01초
avg-cpu:  %user   %nice %system %iowait  %steal   %idle
           0.25    0.00    7.57    5.23    0.00   86.95

Device            r/s     w/s     rMB/s     wMB/s   rrqm/s   wrqm/s  %rrqm  %wrqm r_await w_await aqu-sz rareq-sz wareq-sz  svctm  %util
sdb           8367.00 3470.00     32.68     65.95     0.00 13359.00   0.00  79.38    0.51    0.57   0.28     4.00    19.46   0.08  98.40

2021년 08월 24일 17시 47분 02초
avg-cpu:  %user   %nice %system %iowait  %steal   %idle
           0.13    0.00    7.51    4.10    0.00   88.26

Device            r/s     w/s     rMB/s     wMB/s   rrqm/s   wrqm/s  %rrqm  %wrqm r_await w_await aqu-sz rareq-sz wareq-sz  svctm  %util
sdb           8449.00 3449.00     33.00     59.89     0.00 11944.00   0.00  77.59    0.49    0.42   0.00     4.00    17.78   0.08 100.00

2021년 08월 24일 17시 47분 03초
avg-cpu:  %user   %nice %system %iowait  %steal   %idle
           0.19    0.00    8.15    4.70    0.00   86.97

Device            r/s     w/s     rMB/s     wMB/s   rrqm/s   wrqm/s  %rrqm  %wrqm r_await w_await aqu-sz rareq-sz wareq-sz  svctm  %util
sdb           8298.00 3304.00     32.53     59.61    29.00 11904.00   0.35  78.27    0.50    0.46   0.13     4.01    18.47   0.08  98.40

2021년 08월 24일 17시 47분 04초
avg-cpu:  %user   %nice %system %iowait  %steal   %idle
           0.25    0.00    8.68    4.37    0.00   86.70

Device            r/s     w/s     rMB/s     wMB/s   rrqm/s   wrqm/s  %rrqm  %wrqm r_await w_await aqu-sz rareq-sz wareq-sz  svctm  %util
sdb           8412.00 3424.00     32.86     59.21     0.00 11713.00   0.00  77.38    0.49    0.42   0.00     4.00    17.71   0.08 100.00

2021년 08월 24일 17시 47분 05초
avg-cpu:  %user   %nice %system %iowait  %steal   %idle
           0.19    0.00    7.35    4.56    0.00   87.90

Device            r/s     w/s     rMB/s     wMB/s   rrqm/s   wrqm/s  %rrqm  %wrqm r_await w_await aqu-sz rareq-sz wareq-sz  svctm  %util
sdb           8531.00 3500.00     33.32     59.53     0.00 11813.00   0.00  77.14    0.49    0.42   0.00     4.00    17.42   0.08 100.00

2021년 08월 24일 17시 47분 06초
avg-cpu:  %user   %nice %system %iowait  %steal   %idle
           0.19    0.00    7.50    4.98    0.00   87.33

Device            r/s     w/s     rMB/s     wMB/s   rrqm/s   wrqm/s  %rrqm  %wrqm r_await w_await aqu-sz rareq-sz wareq-sz  svctm  %util
sdb           8296.00 3376.00     33.00     57.57   148.00 11331.00   1.75  77.04    0.51    0.45   0.14     4.07    17.46   0.08  98.40

2021년 08월 24일 17시 47분 07초
avg-cpu:  %user   %nice %system %iowait  %steal   %idle
           0.25    0.00    7.81    4.16    0.00   87.78

Device            r/s     w/s     rMB/s     wMB/s   rrqm/s   wrqm/s  %rrqm  %wrqm r_await w_await aqu-sz rareq-sz wareq-sz  svctm  %util
sdb           8659.00 3408.00     34.19     61.15    91.00 12135.00   1.04  78.07    0.49    0.44   0.00     4.04    18.37   0.08 100.00

2021년 08월 24일 17시 47분 08초
avg-cpu:  %user   %nice %system %iowait  %steal   %idle
           0.44    0.00    7.80    5.16    0.00   86.60

Device            r/s     w/s     rMB/s     wMB/s   rrqm/s   wrqm/s  %rrqm  %wrqm r_await w_await aqu-sz rareq-sz wareq-sz  svctm  %util
sdb           8690.00 3404.00     34.31     60.98    91.00 12105.00   1.04  78.05    0.48    0.43   0.10     4.04    18.34   0.08  98.40

2021년 08월 24일 17시 47분 09초
avg-cpu:  %user   %nice %system %iowait  %steal   %idle
           0.06    0.00    8.30    4.84    0.00   86.80

Device            r/s     w/s     rMB/s     wMB/s   rrqm/s   wrqm/s  %rrqm  %wrqm r_await w_await aqu-sz rareq-sz wareq-sz  svctm  %util
sdb           8498.00 3463.00     33.31     61.54    29.00 12294.00   0.34  78.02    0.49    0.43   0.00     4.01    18.20   0.08 100.00

2021년 08월 24일 17시 47분 10초
avg-cpu:  %user   %nice %system %iowait  %steal   %idle
           0.50    0.00    7.57    4.54    0.00   87.39

Device            r/s     w/s     rMB/s     wMB/s   rrqm/s   wrqm/s  %rrqm  %wrqm r_await w_await aqu-sz rareq-sz wareq-sz  svctm  %util
sdb           8365.00 3414.00     32.68     60.99     0.00 12159.00   0.00  78.08    0.50    0.43   0.00     4.00    18.29   0.08 100.00

2021년 08월 24일 17시 47분 11초
avg-cpu:  %user   %nice %system %iowait  %steal   %idle
           0.13    0.00    7.58    4.99    0.00   87.30

Device            r/s     w/s     rMB/s     wMB/s   rrqm/s   wrqm/s  %rrqm  %wrqm r_await w_await aqu-sz rareq-sz wareq-sz  svctm  %util
sdb           8378.00 3417.00     32.73     60.07     0.00 11930.00   0.00  77.74    0.50    0.43   0.11     4.00    18.00   0.08  98.80

2021년 08월 24일 17시 47분 12초
avg-cpu:  %user   %nice %system %iowait  %steal   %idle
           0.25    0.00    7.29    4.63    0.00   87.82

Device            r/s     w/s     rMB/s     wMB/s   rrqm/s   wrqm/s  %rrqm  %wrqm r_await w_await aqu-sz rareq-sz wareq-sz  svctm  %util
sdb           8607.00 3337.00     33.62     60.75     0.00 12155.00   0.00  78.46    0.49    0.43   0.00     4.00    18.64   0.08 100.00

2021년 08월 24일 17시 47분 13초
avg-cpu:  %user   %nice %system %iowait  %steal   %idle
           0.32    0.00    7.04    5.14    0.00   87.51

Device            r/s     w/s     rMB/s     wMB/s   rrqm/s   wrqm/s  %rrqm  %wrqm r_await w_await aqu-sz rareq-sz wareq-sz  svctm  %util
sdb           8270.00 3405.00     32.31     59.88     0.00 11929.00   0.00  77.79    0.50    0.42   0.10     4.00    18.01   0.08  98.80

2021년 08월 24일 17시 47분 14초
avg-cpu:  %user   %nice %system %iowait  %steal   %idle
           0.32    0.00    7.05    4.63    0.00   88.00

Device            r/s     w/s     rMB/s     wMB/s   rrqm/s   wrqm/s  %rrqm  %wrqm r_await w_await aqu-sz rareq-sz wareq-sz  svctm  %util
sdb           8586.00 3478.00     33.89     60.63    89.00 12026.00   1.03  77.57    0.49    0.43   0.00     4.04    17.85   0.08 100.00

2021년 08월 24일 17시 47분 15초
avg-cpu:  %user   %nice %system %iowait  %steal   %idle
           0.19    0.00    7.81    4.60    0.00   87.40

Device            r/s     w/s     rMB/s     wMB/s   rrqm/s   wrqm/s  %rrqm  %wrqm r_await w_await aqu-sz rareq-sz wareq-sz  svctm  %util
sdb           8463.00 3375.00     33.06     60.04     0.00 11956.00   0.00  77.99    0.50    0.44   0.10     4.00    18.22   0.08  98.80

2021년 08월 24일 17시 47분 16초
avg-cpu:  %user   %nice %system %iowait  %steal   %idle
           0.19    0.00    7.30    4.76    0.00   87.75

Device            r/s     w/s     rMB/s     wMB/s   rrqm/s   wrqm/s  %rrqm  %wrqm r_await w_await aqu-sz rareq-sz wareq-sz  svctm  %util
sdb           8514.00 3424.00     33.26     60.75     0.00 12093.00   0.00  77.93    0.50    0.44   0.00     4.00    18.17   0.08 100.00

2021년 08월 24일 17시 47분 17초
avg-cpu:  %user   %nice %system %iowait  %steal   %idle
           0.19    0.00    7.53    4.87    0.00   87.41

Device            r/s     w/s     rMB/s     wMB/s   rrqm/s   wrqm/s  %rrqm  %wrqm r_await w_await aqu-sz rareq-sz wareq-sz  svctm  %util
sdb           8417.00 3384.00     32.88     60.15     0.00 11982.00   0.00  77.98    0.49    0.43   0.00     4.00    18.20   0.08 100.00

2021년 08월 24일 17시 47분 18초
avg-cpu:  %user   %nice %system %iowait  %steal   %idle
           0.13    0.00    8.16    4.77    0.00   86.95

Device            r/s     w/s     rMB/s     wMB/s   rrqm/s   wrqm/s  %rrqm  %wrqm r_await w_await aqu-sz rareq-sz wareq-sz  svctm  %util
sdb           8317.00 3375.00     32.73     58.71    60.00 11624.00   0.72  77.50    0.51    0.45   0.11     4.03    17.81   0.08  98.80

2021년 08월 24일 17시 47분 19초
avg-cpu:  %user   %nice %system %iowait  %steal   %idle
           0.13    0.00    7.71    4.55    0.00   87.61

Device            r/s     w/s     rMB/s     wMB/s   rrqm/s   wrqm/s  %rrqm  %wrqm r_await w_await aqu-sz rareq-sz wareq-sz  svctm  %util
sdb           8514.00 3402.00     33.26     60.10     0.00 11981.00   0.00  77.88    0.50    0.44   0.00     4.00    18.09   0.08 100.00

2021년 08월 24일 17시 47분 20초
avg-cpu:  %user   %nice %system %iowait  %steal   %idle
           0.25    0.00    8.27    4.82    0.00   86.66

Device            r/s     w/s     rMB/s     wMB/s   rrqm/s   wrqm/s  %rrqm  %wrqm r_await w_await aqu-sz rareq-sz wareq-sz  svctm  %util
sdb           8530.00 3374.00     33.32     58.99     0.00 11742.00   0.00  77.68    0.50    0.42   0.13     4.00    17.90   0.08  98.40

2021년 08월 24일 17시 47분 21초
avg-cpu:  %user   %nice %system %iowait  %steal   %idle
           0.13    0.00    7.87    4.34    0.00   87.67

Device            r/s     w/s     rMB/s     wMB/s   rrqm/s   wrqm/s  %rrqm  %wrqm r_await w_await aqu-sz rareq-sz wareq-sz  svctm  %util
sdb           8861.00 3538.00     34.61     60.93     0.00 12021.00   0.00  77.26    0.48    0.41   0.00     4.00    17.63   0.08 100.00

2021년 08월 24일 17시 47분 22초
avg-cpu:  %user   %nice %system %iowait  %steal   %idle
           0.25    0.00    7.52    4.17    0.00   88.05

Device            r/s     w/s     rMB/s     wMB/s   rrqm/s   wrqm/s  %rrqm  %wrqm r_await w_await aqu-sz rareq-sz wareq-sz  svctm  %util
sdb           8541.00 3454.00     33.37     60.14     0.00 11971.00   0.00  77.61    0.48    0.42   0.00     4.00    17.83   0.08 100.00

2021년 08월 24일 17시 47분 23초
avg-cpu:  %user   %nice %system %iowait  %steal   %idle
           0.06    0.00    4.09    2.96    0.00   92.89

Device            r/s     w/s     rMB/s     wMB/s   rrqm/s   wrqm/s  %rrqm  %wrqm r_await w_await aqu-sz rareq-sz wareq-sz  svctm  %util
sdb           4604.00 1859.00     17.98     31.88     0.00  6236.00   0.00  77.04    0.50    0.44   0.16     4.00    17.56   0.08  54.00

2021년 08월 24일 17시 47분 24초
avg-cpu:  %user   %nice %system %iowait  %steal   %idle
           0.06    0.00    0.06    0.00    0.00   99.88

Device            r/s     w/s     rMB/s     wMB/s   rrqm/s   wrqm/s  %rrqm  %wrqm r_await w_await aqu-sz rareq-sz wareq-sz  svctm  %util
sdb              0.00    0.00      0.00      0.00     0.00     0.00   0.00   0.00    0.00    0.00   0.00     0.00     0.00   0.00   0.00

2021년 08월 24일 17시 47분 25초
avg-cpu:  %user   %nice %system %iowait  %steal   %idle
           0.06    0.00    0.25    0.00    0.00   99.69

Device            r/s     w/s     rMB/s     wMB/s   rrqm/s   wrqm/s  %rrqm  %wrqm r_await w_await aqu-sz rareq-sz wareq-sz  svctm  %util
sdb              0.00    0.00      0.00      0.00     0.00     0.00   0.00   0.00    0.00    0.00   0.00     0.00     0.00   0.00   0.00

