Linux 5.5.8test (syslab-desk) 	2021년 08월 24일 	_x86_64_	(16 CPU)

2021년 08월 24일 17시 17분 16초
avg-cpu:  %user   %nice %system %iowait  %steal   %idle
           0.05    0.00    0.08    0.39    0.00   99.47

Device            r/s     w/s     rMB/s     wMB/s   rrqm/s   wrqm/s  %rrqm  %wrqm r_await w_await aqu-sz rareq-sz wareq-sz  svctm  %util
sdb             26.11   56.39      0.15      1.91     0.07    46.76   0.26  45.33    0.48    1.56   0.03     5.88    34.64   0.11   0.89

2021년 08월 24일 17시 17분 17초
avg-cpu:  %user   %nice %system %iowait  %steal   %idle
           0.06    0.00    0.06    0.00    0.00   99.87

Device            r/s     w/s     rMB/s     wMB/s   rrqm/s   wrqm/s  %rrqm  %wrqm r_await w_await aqu-sz rareq-sz wareq-sz  svctm  %util
sdb              0.00    0.00      0.00      0.00     0.00     0.00   0.00   0.00    0.00    0.00   0.00     0.00     0.00   0.00   0.00

2021년 08월 24일 17시 17분 18초
avg-cpu:  %user   %nice %system %iowait  %steal   %idle
           0.13    0.00    0.31    0.50    0.00   99.06

Device            r/s     w/s     rMB/s     wMB/s   rrqm/s   wrqm/s  %rrqm  %wrqm r_await w_await aqu-sz rareq-sz wareq-sz  svctm  %util
sdb            779.00    1.00      3.04      0.00     0.00     0.00   0.00   0.00    0.11    0.00   0.00     4.00     0.00   0.16  12.40

2021년 08월 24일 17시 17분 19초
avg-cpu:  %user   %nice %system %iowait  %steal   %idle
           0.19    0.00    3.39    2.57    0.00   93.85

Device            r/s     w/s     rMB/s     wMB/s   rrqm/s   wrqm/s  %rrqm  %wrqm r_await w_await aqu-sz rareq-sz wareq-sz  svctm  %util
sdb           8844.00 1143.00     35.96     25.54   350.00  4085.00   3.81  78.14    0.27    0.47   0.00     4.16    22.88   0.09  92.80

2021년 08월 24일 17시 17분 20초
avg-cpu:  %user   %nice %system %iowait  %steal   %idle
           0.19    0.00    7.29    4.57    0.00   87.95

Device            r/s     w/s     rMB/s     wMB/s   rrqm/s   wrqm/s  %rrqm  %wrqm r_await w_await aqu-sz rareq-sz wareq-sz  svctm  %util
sdb           8718.00 3334.00     34.18     60.18    30.00 11981.00   0.34  78.23    0.49    0.42   0.00     4.01    18.48   0.08 100.00

2021년 08월 24일 17시 17분 21초
avg-cpu:  %user   %nice %system %iowait  %steal   %idle
           0.06    0.00    7.91    5.08    0.00   86.94

Device            r/s     w/s     rMB/s     wMB/s   rrqm/s   wrqm/s  %rrqm  %wrqm r_await w_await aqu-sz rareq-sz wareq-sz  svctm  %util
sdb           8140.00 3248.00     32.90     57.59   275.00 11470.00   3.27  77.93    0.51    0.47   0.16     4.14    18.16   0.09  98.40

2021년 08월 24일 17시 17분 22초
avg-cpu:  %user   %nice %system %iowait  %steal   %idle
           0.00    0.00    8.23    4.53    0.00   87.24

Device            r/s     w/s     rMB/s     wMB/s   rrqm/s   wrqm/s  %rrqm  %wrqm r_await w_await aqu-sz rareq-sz wareq-sz  svctm  %util
sdb           8417.00 3338.00     32.88     58.87     0.00 11655.00   0.00  77.74    0.49    0.44   0.00     4.00    18.06   0.09 100.00

2021년 08월 24일 17시 17분 23초
avg-cpu:  %user   %nice %system %iowait  %steal   %idle
           0.13    0.00    8.22    4.46    0.00   87.19

Device            r/s     w/s     rMB/s     wMB/s   rrqm/s   wrqm/s  %rrqm  %wrqm r_await w_await aqu-sz rareq-sz wareq-sz  svctm  %util
sdb           8677.00 3379.00     33.89     60.44     0.00 12018.00   0.00  78.05    0.48    0.43   0.00     4.00    18.32   0.08 100.00

2021년 08월 24일 17시 17분 24초
avg-cpu:  %user   %nice %system %iowait  %steal   %idle
           0.19    0.00    7.05    4.76    0.00   88.00

Device            r/s     w/s     rMB/s     wMB/s   rrqm/s   wrqm/s  %rrqm  %wrqm r_await w_await aqu-sz rareq-sz wareq-sz  svctm  %util
sdb           8529.00 3343.00     34.30     59.04   246.00 11707.00   2.80  77.79    0.49    0.44   0.11     4.12    18.08   0.08  98.40

2021년 08월 24일 17시 17분 25초
avg-cpu:  %user   %nice %system %iowait  %steal   %idle
           0.25    0.00    7.50    4.29    0.00   87.96

Device            r/s     w/s     rMB/s     wMB/s   rrqm/s   wrqm/s  %rrqm  %wrqm r_await w_await aqu-sz rareq-sz wareq-sz  svctm  %util
sdb           8455.00 3360.00     33.14     58.99    29.00 11661.00   0.34  77.63    0.48    0.44   0.00     4.01    17.98   0.08 100.00

2021년 08월 24일 17시 17분 26초
avg-cpu:  %user   %nice %system %iowait  %steal   %idle
           0.13    0.00    7.14    4.80    0.00   87.93

Device            r/s     w/s     rMB/s     wMB/s   rrqm/s   wrqm/s  %rrqm  %wrqm r_await w_await aqu-sz rareq-sz wareq-sz  svctm  %util
sdb           8447.00 3264.00     33.00     58.27     0.00 11345.00   0.00  77.66    0.50    0.44   0.10     4.00    18.28   0.08  98.80

2021년 08월 24일 17시 17분 27초
avg-cpu:  %user   %nice %system %iowait  %steal   %idle
           0.06    0.00    7.12    4.57    0.00   88.25

Device            r/s     w/s     rMB/s     wMB/s   rrqm/s   wrqm/s  %rrqm  %wrqm r_await w_await aqu-sz rareq-sz wareq-sz  svctm  %util
sdb           8493.00 3433.00     33.42     59.99    61.00 11869.00   0.71  77.57    0.49    0.42   0.00     4.03    17.89   0.08 100.00

2021년 08월 24일 17시 17분 28초
avg-cpu:  %user   %nice %system %iowait  %steal   %idle
           0.19    0.00    7.34    4.24    0.00   88.23

Device            r/s     w/s     rMB/s     wMB/s   rrqm/s   wrqm/s  %rrqm  %wrqm r_await w_await aqu-sz rareq-sz wareq-sz  svctm  %util
sdb           8527.00 3377.00     33.43     59.41    29.00 11748.00   0.34  77.67    0.49    0.42   0.00     4.01    18.01   0.08 100.00

2021년 08월 24일 17시 17분 29초
avg-cpu:  %user   %nice %system %iowait  %steal   %idle
           0.32    0.00    7.03    4.56    0.00   88.09

Device            r/s     w/s     rMB/s     wMB/s   rrqm/s   wrqm/s  %rrqm  %wrqm r_await w_await aqu-sz rareq-sz wareq-sz  svctm  %util
sdb           8144.00 3373.00     31.81     58.07     0.00 11444.00   0.00  77.24    0.50    0.45   0.10     4.00    17.63   0.09  98.80

2021년 08월 24일 17시 17분 30초
avg-cpu:  %user   %nice %system %iowait  %steal   %idle
           0.06    0.00    7.35    4.56    0.00   88.03

Device            r/s     w/s     rMB/s     wMB/s   rrqm/s   wrqm/s  %rrqm  %wrqm r_await w_await aqu-sz rareq-sz wareq-sz  svctm  %util
sdb           8577.00 3428.00     33.62     59.63    29.00 11817.00   0.34  77.51    0.49    0.43   0.00     4.01    17.81   0.08 100.00

2021년 08월 24일 17시 17분 31초
avg-cpu:  %user   %nice %system %iowait  %steal   %idle
           0.06    0.00    7.12    5.34    0.00   87.48

Device            r/s     w/s     rMB/s     wMB/s   rrqm/s   wrqm/s  %rrqm  %wrqm r_await w_await aqu-sz rareq-sz wareq-sz  svctm  %util
sdb           8332.00 3443.00     32.55     58.63     0.00 11580.00   0.00  77.08    0.51    0.43   0.12     4.00    17.44   0.08  98.40

2021년 08월 24일 17시 17분 32초
avg-cpu:  %user   %nice %system %iowait  %steal   %idle
           0.19    0.00    7.65    4.55    0.00   87.61

Device            r/s     w/s     rMB/s     wMB/s   rrqm/s   wrqm/s  %rrqm  %wrqm r_await w_await aqu-sz rareq-sz wareq-sz  svctm  %util
sdb           8733.00 3440.00     34.11     60.72     0.00 12039.00   0.00  77.78    0.47    0.42   0.00     4.00    18.08   0.08 100.00

2021년 08월 24일 17시 17분 33초
avg-cpu:  %user   %nice %system %iowait  %steal   %idle
           0.19    0.00    7.35    4.24    0.00   88.22

Device            r/s     w/s     rMB/s     wMB/s   rrqm/s   wrqm/s  %rrqm  %wrqm r_await w_await aqu-sz rareq-sz wareq-sz  svctm  %util
sdb           8695.00 3480.00     34.08     60.02    29.00 11851.00   0.33  77.30    0.48    0.42   0.00     4.01    17.66   0.08 100.00

2021년 08월 24일 17시 17분 34초
avg-cpu:  %user   %nice %system %iowait  %steal   %idle
           0.06    0.00    7.59    4.74    0.00   87.60

Device            r/s     w/s     rMB/s     wMB/s   rrqm/s   wrqm/s  %rrqm  %wrqm r_await w_await aqu-sz rareq-sz wareq-sz  svctm  %util
sdb           8674.00 3391.00     34.00     59.95    29.00 11870.00   0.33  77.78    0.48    0.43   0.10     4.01    18.10   0.08  98.80

2021년 08월 24일 17시 17분 35초
avg-cpu:  %user   %nice %system %iowait  %steal   %idle
           0.13    0.00    7.30    4.63    0.00   87.94

Device            r/s     w/s     rMB/s     wMB/s   rrqm/s   wrqm/s  %rrqm  %wrqm r_await w_await aqu-sz rareq-sz wareq-sz  svctm  %util
sdb           8760.00 3403.00     34.22     59.86     0.00 11894.00   0.00  77.75    0.47    0.42   0.00     4.00    18.01   0.08 100.00

2021년 08월 24일 17시 17분 36초
avg-cpu:  %user   %nice %system %iowait  %steal   %idle
           0.13    0.00    6.57    4.66    0.00   88.65

Device            r/s     w/s     rMB/s     wMB/s   rrqm/s   wrqm/s  %rrqm  %wrqm r_await w_await aqu-sz rareq-sz wareq-sz  svctm  %util
sdb           8433.00 3402.00     33.54     58.71   150.00 11585.00   1.75  77.30    0.49    0.43   0.06     4.07    17.67   0.08  98.40

2021년 08월 24일 17시 17분 37초
avg-cpu:  %user   %nice %system %iowait  %steal   %idle
           0.87    0.00    8.10    4.30    0.00   86.73

Device            r/s     w/s     rMB/s     wMB/s   rrqm/s   wrqm/s  %rrqm  %wrqm r_await w_await aqu-sz rareq-sz wareq-sz  svctm  %util
sdb           9931.00 3218.00     38.93     62.16    38.00 11716.00   0.38  78.45    0.46    0.44   0.00     4.01    19.78   0.08 100.00

2021년 08월 24일 17시 17분 38초
avg-cpu:  %user   %nice %system %iowait  %steal   %idle
           0.25    0.00    7.39    5.05    0.00   87.31

Device            r/s     w/s     rMB/s     wMB/s   rrqm/s   wrqm/s  %rrqm  %wrqm r_await w_await aqu-sz rareq-sz wareq-sz  svctm  %util
sdb           8354.00 3372.00     32.63     57.96     0.00 11389.00   0.00  77.16    0.50    0.43   0.06     4.00    17.60   0.08  98.80

2021년 08월 24일 17시 17분 39초
avg-cpu:  %user   %nice %system %iowait  %steal   %idle
           0.19    0.00    7.58    4.48    0.00   87.75

Device            r/s     w/s     rMB/s     wMB/s   rrqm/s   wrqm/s  %rrqm  %wrqm r_await w_await aqu-sz rareq-sz wareq-sz  svctm  %util
sdb           8542.00 3467.00     33.37     59.86     0.00 11838.00   0.00  77.35    0.48    0.43   0.00     4.00    17.68   0.08 100.00

2021년 08월 24일 17시 17분 40초
avg-cpu:  %user   %nice %system %iowait  %steal   %idle
           0.06    0.00    6.58    4.85    0.00   88.51

Device            r/s     w/s     rMB/s     wMB/s   rrqm/s   wrqm/s  %rrqm  %wrqm r_await w_await aqu-sz rareq-sz wareq-sz  svctm  %util
sdb           8881.00 3448.00     34.69     61.40     0.00 12131.00   0.00  77.87    0.48    0.42   0.00     4.00    18.24   0.08 100.00

2021년 08월 24일 17시 17분 41초
avg-cpu:  %user   %nice %system %iowait  %steal   %idle
           0.25    0.00    6.34    5.27    0.00   88.14

Device            r/s     w/s     rMB/s     wMB/s   rrqm/s   wrqm/s  %rrqm  %wrqm r_await w_await aqu-sz rareq-sz wareq-sz  svctm  %util
sdb           10926.00 2933.00     42.68     64.18     0.00 10272.00   0.00  77.79    0.44    0.49   0.16     4.00    22.41   0.07  98.40

2021년 08월 24일 17시 17분 42초
avg-cpu:  %user   %nice %system %iowait  %steal   %idle
           0.06    0.00    8.17    4.65    0.00   87.12

Device            r/s     w/s     rMB/s     wMB/s   rrqm/s   wrqm/s  %rrqm  %wrqm r_await w_await aqu-sz rareq-sz wareq-sz  svctm  %util
sdb           8702.00 3459.00     34.59     60.27   149.00 11911.00   1.68  77.50    0.49    0.42   0.00     4.07    17.84   0.08 100.00

2021년 08월 24일 17시 17분 43초
avg-cpu:  %user   %nice %system %iowait  %steal   %idle
           0.19    0.00    7.66    4.90    0.00   87.25

Device            r/s     w/s     rMB/s     wMB/s   rrqm/s   wrqm/s  %rrqm  %wrqm r_await w_await aqu-sz rareq-sz wareq-sz  svctm  %util
sdb           8563.00 3321.00     33.81     58.29    89.00 11438.00   1.03  77.50    0.48    0.43   0.13     4.04    17.97   0.08  98.80

2021년 08월 24일 17시 17분 44초
avg-cpu:  %user   %nice %system %iowait  %steal   %idle
           0.25    0.00    6.86    4.76    0.00   88.12

Device            r/s     w/s     rMB/s     wMB/s   rrqm/s   wrqm/s  %rrqm  %wrqm r_await w_await aqu-sz rareq-sz wareq-sz  svctm  %util
sdb           8389.00 3417.00     32.77     58.57     0.00 11520.00   0.00  77.12    0.48    0.42   0.00     4.00    17.55   0.08 100.00

2021년 08월 24일 17시 17분 45초
avg-cpu:  %user   %nice %system %iowait  %steal   %idle
           0.19    0.00    8.15    4.01    0.00   87.65

Device            r/s     w/s     rMB/s     wMB/s   rrqm/s   wrqm/s  %rrqm  %wrqm r_await w_await aqu-sz rareq-sz wareq-sz  svctm  %util
sdb           8322.00 3476.00     32.62     58.70    29.00 11530.00   0.35  76.84    0.49    0.43   0.00     4.01    17.29   0.08 100.00

2021년 08월 24일 17시 17분 46초
avg-cpu:  %user   %nice %system %iowait  %steal   %idle
           0.13    0.00    7.03    4.62    0.00   88.22

Device            r/s     w/s     rMB/s     wMB/s   rrqm/s   wrqm/s  %rrqm  %wrqm r_await w_await aqu-sz rareq-sz wareq-sz  svctm  %util
sdb           8222.00 3346.00     32.12     57.23     0.00 11214.00   0.00  77.02    0.51    0.42   0.18     4.00    17.51   0.08  97.60

2021년 08월 24일 17시 17분 47초
avg-cpu:  %user   %nice %system %iowait  %steal   %idle
           0.00    0.00    8.07    4.41    0.00   87.52

Device            r/s     w/s     rMB/s     wMB/s   rrqm/s   wrqm/s  %rrqm  %wrqm r_await w_await aqu-sz rareq-sz wareq-sz  svctm  %util
sdb           8619.00 3475.00     33.67     59.36     1.00 11667.00   0.01  77.05    0.48    0.42   0.00     4.00    17.49   0.08 100.00

2021년 08월 24일 17시 17분 48초
avg-cpu:  %user   %nice %system %iowait  %steal   %idle
           0.25    0.00    8.19    4.19    0.00   87.37

Device            r/s     w/s     rMB/s     wMB/s   rrqm/s   wrqm/s  %rrqm  %wrqm r_await w_await aqu-sz rareq-sz wareq-sz  svctm  %util
sdb           8740.00 3380.00     34.14     59.67     0.00 11820.00   0.00  77.76    0.47    0.42   0.08     4.00    18.08   0.08  98.40

2021년 08월 24일 17시 17분 49초
avg-cpu:  %user   %nice %system %iowait  %steal   %idle
           0.19    0.00    6.97    4.56    0.00   88.28

Device            r/s     w/s     rMB/s     wMB/s   rrqm/s   wrqm/s  %rrqm  %wrqm r_await w_await aqu-sz rareq-sz wareq-sz  svctm  %util
sdb           8490.00 3479.00     33.28     57.43    28.00 11192.00   0.33  76.29    0.47    0.42   0.00     4.01    16.90   0.08 100.00

2021년 08월 24일 17시 17분 50초
avg-cpu:  %user   %nice %system %iowait  %steal   %idle
           0.06    0.00    6.19    4.97    0.00   88.78

Device            r/s     w/s     rMB/s     wMB/s   rrqm/s   wrqm/s  %rrqm  %wrqm r_await w_await aqu-sz rareq-sz wareq-sz  svctm  %util
sdb           9058.00 3505.00     35.50     67.37    29.00 13294.00   0.32  79.14    0.46    0.53   0.31     4.01    19.68   0.08 100.00

2021년 08월 24일 17시 17분 51초
avg-cpu:  %user   %nice %system %iowait  %steal   %idle
           0.19    0.00    7.40    5.18    0.00   87.23

Device            r/s     w/s     rMB/s     wMB/s   rrqm/s   wrqm/s  %rrqm  %wrqm r_await w_await aqu-sz rareq-sz wareq-sz  svctm  %util
sdb           8252.00 3326.00     32.36     58.11    31.00 11561.00   0.37  77.66    0.51    0.45   0.13     4.02    17.89   0.08  98.40

2021년 08월 24일 17시 17분 52초
avg-cpu:  %user   %nice %system %iowait  %steal   %idle
           0.19    0.00    6.92    4.38    0.00   88.51

Device            r/s     w/s     rMB/s     wMB/s   rrqm/s   wrqm/s  %rrqm  %wrqm r_await w_await aqu-sz rareq-sz wareq-sz  svctm  %util
sdb           8896.00 3399.00     34.87     60.57    31.00 12051.00   0.35  78.00    0.47    0.44   0.00     4.01    18.25   0.08 100.00

2021년 08월 24일 17시 17분 53초
avg-cpu:  %user   %nice %system %iowait  %steal   %idle
           0.19    0.00    6.42    4.70    0.00   88.68

Device            r/s     w/s     rMB/s     wMB/s   rrqm/s   wrqm/s  %rrqm  %wrqm r_await w_await aqu-sz rareq-sz wareq-sz  svctm  %util
sdb           9039.00 3280.00     35.31     59.54     0.00 11426.00   0.00  77.70    0.48    0.45   0.11     4.00    18.59   0.08  98.80

2021년 08월 24일 17시 17분 54초
avg-cpu:  %user   %nice %system %iowait  %steal   %idle
           0.19    0.00    8.41    4.52    0.00   86.89

Device            r/s     w/s     rMB/s     wMB/s   rrqm/s   wrqm/s  %rrqm  %wrqm r_await w_await aqu-sz rareq-sz wareq-sz  svctm  %util
sdb           8692.00 3362.00     34.31     58.54    89.00 11522.00   1.01  77.41    0.50    0.43   0.00     4.04    17.83   0.08 100.00

2021년 08월 24일 17시 17분 55초
avg-cpu:  %user   %nice %system %iowait  %steal   %idle
           0.19    0.00    7.98    5.21    0.00   86.62

Device            r/s     w/s     rMB/s     wMB/s   rrqm/s   wrqm/s  %rrqm  %wrqm r_await w_await aqu-sz rareq-sz wareq-sz  svctm  %util
sdb           8041.00 3344.00     31.41     56.78     0.00 11254.00   0.00  77.09    0.52    0.46   0.12     4.00    17.39   0.09  98.40

2021년 08월 24일 17시 17분 56초
avg-cpu:  %user   %nice %system %iowait  %steal   %idle
           0.13    0.00    7.66    4.43    0.00   87.78

Device            r/s     w/s     rMB/s     wMB/s   rrqm/s   wrqm/s  %rrqm  %wrqm r_await w_await aqu-sz rareq-sz wareq-sz  svctm  %util
sdb           8687.00 3395.00     33.93     59.02     0.00 11661.00   0.00  77.45    0.49    0.43   0.00     4.00    17.80   0.08 100.00

2021년 08월 24일 17시 17분 57초
avg-cpu:  %user   %nice %system %iowait  %steal   %idle
           0.19    0.00    7.06    4.58    0.00   88.17

Device            r/s     w/s     rMB/s     wMB/s   rrqm/s   wrqm/s  %rrqm  %wrqm r_await w_await aqu-sz rareq-sz wareq-sz  svctm  %util
sdb           8456.00 3404.00     33.03     58.84     0.00 11669.00   0.00  77.42    0.49    0.43   0.00     4.00    17.70   0.08 100.00

2021년 08월 24일 17시 17분 58초
avg-cpu:  %user   %nice %system %iowait  %steal   %idle
           0.06    0.00    7.56    5.23    0.00   87.15

Device            r/s     w/s     rMB/s     wMB/s   rrqm/s   wrqm/s  %rrqm  %wrqm r_await w_await aqu-sz rareq-sz wareq-sz  svctm  %util
sdb           8505.00 3351.00     33.22     58.98     0.00 11782.00   0.00  77.86    0.49    0.44   0.08     4.00    18.02   0.08  98.40

2021년 08월 24일 17시 17분 59초
avg-cpu:  %user   %nice %system %iowait  %steal   %idle
           0.13    0.00    6.93    4.77    0.00   88.17

Device            r/s     w/s     rMB/s     wMB/s   rrqm/s   wrqm/s  %rrqm  %wrqm r_await w_await aqu-sz rareq-sz wareq-sz  svctm  %util
sdb           8987.00 3388.00     35.11     59.43     0.00 11653.00   0.00  77.47    0.47    0.43   0.00     4.00    17.96   0.08 100.40

2021년 08월 24일 17시 18분 00초
avg-cpu:  %user   %nice %system %iowait  %steal   %idle
           0.06    0.00    6.62    4.97    0.00   88.34

Device            r/s     w/s     rMB/s     wMB/s   rrqm/s   wrqm/s  %rrqm  %wrqm r_await w_await aqu-sz rareq-sz wareq-sz  svctm  %util
sdb           8368.00 3427.00     33.18     57.66   122.00 11252.00   1.44  76.65    0.50    0.43   0.11     4.06    17.23   0.08  98.40

2021년 08월 24일 17시 18분 01초
avg-cpu:  %user   %nice %system %iowait  %steal   %idle
           0.31    0.00    7.85    3.96    0.00   87.88

Device            r/s     w/s     rMB/s     wMB/s   rrqm/s   wrqm/s  %rrqm  %wrqm r_await w_await aqu-sz rareq-sz wareq-sz  svctm  %util
sdb           8537.00 3466.00     33.84     57.45   125.00 11207.00   1.44  76.38    0.49    0.42   0.00     4.06    16.97   0.08 100.40

2021년 08월 24일 17시 18분 02초
avg-cpu:  %user   %nice %system %iowait  %steal   %idle
           0.19    0.00    7.69    4.41    0.00   87.70

Device            r/s     w/s     rMB/s     wMB/s   rrqm/s   wrqm/s  %rrqm  %wrqm r_await w_await aqu-sz rareq-sz wareq-sz  svctm  %util
sdb           8434.00 3429.00     33.18     58.01    60.00 11359.00   0.71  76.81    0.50    0.44   0.00     4.03    17.32   0.08 100.00

2021년 08월 24일 17시 18분 03초
avg-cpu:  %user   %nice %system %iowait  %steal   %idle
           0.13    0.00    8.20    4.63    0.00   87.04

Device            r/s     w/s     rMB/s     wMB/s   rrqm/s   wrqm/s  %rrqm  %wrqm r_await w_await aqu-sz rareq-sz wareq-sz  svctm  %util
sdb           8333.66 3361.39     32.55     57.83     0.00 11361.39   0.00  77.17    0.49    0.46   0.16     4.00    17.62   0.08  97.43

2021년 08월 24일 17시 18분 04초
avg-cpu:  %user   %nice %system %iowait  %steal   %idle
           0.25    0.00    8.20    4.19    0.00   87.36

Device            r/s     w/s     rMB/s     wMB/s   rrqm/s   wrqm/s  %rrqm  %wrqm r_await w_await aqu-sz rareq-sz wareq-sz  svctm  %util
sdb           8521.00 3452.00     33.44     58.79    37.00 11542.00   0.43  76.98    0.48    0.42   0.00     4.02    17.44   0.08 100.00

2021년 08월 24일 17시 18분 05초
avg-cpu:  %user   %nice %system %iowait  %steal   %idle
           0.19    0.00    8.04    4.77    0.00   87.00

Device            r/s     w/s     rMB/s     wMB/s   rrqm/s   wrqm/s  %rrqm  %wrqm r_await w_await aqu-sz rareq-sz wareq-sz  svctm  %util
sdb           8591.00 3399.00     34.04     57.15   121.00 11217.00   1.39  76.74    0.49    0.43   0.16     4.06    17.22   0.08  98.40

2021년 08월 24일 17시 18분 06초
avg-cpu:  %user   %nice %system %iowait  %steal   %idle
           0.13    0.00    6.89    4.34    0.00   88.65

Device            r/s     w/s     rMB/s     wMB/s   rrqm/s   wrqm/s  %rrqm  %wrqm r_await w_await aqu-sz rareq-sz wareq-sz  svctm  %util
sdb           8895.00 3426.00     34.98     59.07    59.00 11666.00   0.66  77.30    0.47    0.43   0.00     4.03    17.66   0.08 100.00

2021년 08월 24일 17시 18분 07초
avg-cpu:  %user   %nice %system %iowait  %steal   %idle
           0.06    0.00    8.21    4.20    0.00   87.53

Device            r/s     w/s     rMB/s     wMB/s   rrqm/s   wrqm/s  %rrqm  %wrqm r_await w_await aqu-sz rareq-sz wareq-sz  svctm  %util
sdb           8340.00 3431.00     32.58     56.70     0.00 11013.00   0.00  76.25    0.49    0.42   0.00     4.00    16.92   0.08 100.00

2021년 08월 24일 17시 18분 08초
avg-cpu:  %user   %nice %system %iowait  %steal   %idle
           0.19    0.00    6.75    4.90    0.00   88.15

Device            r/s     w/s     rMB/s     wMB/s   rrqm/s   wrqm/s  %rrqm  %wrqm r_await w_await aqu-sz rareq-sz wareq-sz  svctm  %util
sdb           8528.00 3473.00     33.32     57.59     1.00 11303.00   0.01  76.50    0.50    0.44   0.10     4.00    16.98   0.08  98.40

2021년 08월 24일 17시 18분 09초
avg-cpu:  %user   %nice %system %iowait  %steal   %idle
           0.13    0.00    7.39    4.42    0.00   88.07

Device            r/s     w/s     rMB/s     wMB/s   rrqm/s   wrqm/s  %rrqm  %wrqm r_await w_await aqu-sz rareq-sz wareq-sz  svctm  %util
sdb           8984.00 3493.00     35.09     58.91     0.00 11215.00   0.00  76.25    0.46    0.42   0.00     4.00    17.27   0.08 100.40

2021년 08월 24일 17시 18분 10초
avg-cpu:  %user   %nice %system %iowait  %steal   %idle
           0.13    0.00    8.30    5.03    0.00   86.55

Device            r/s     w/s     rMB/s     wMB/s   rrqm/s   wrqm/s  %rrqm  %wrqm r_await w_await aqu-sz rareq-sz wareq-sz  svctm  %util
sdb           8283.00 3386.00     32.36     56.45     0.00 11085.00   0.00  76.60    0.50    0.43   0.08     4.00    17.07   0.08  98.80

2021년 08월 24일 17시 18분 11초
avg-cpu:  %user   %nice %system %iowait  %steal   %idle
           0.37    0.00    8.72    4.49    0.00   86.42

Device            r/s     w/s     rMB/s     wMB/s   rrqm/s   wrqm/s  %rrqm  %wrqm r_await w_await aqu-sz rareq-sz wareq-sz  svctm  %util
sdb           8529.00 3475.00     33.32     59.15     0.00 11706.00   0.00  77.11    0.48    0.42   0.00     4.00    17.43   0.08 100.00

2021년 08월 24일 17시 18분 12초
avg-cpu:  %user   %nice %system %iowait  %steal   %idle
           0.25    0.00    8.05    4.40    0.00   87.30

Device            r/s     w/s     rMB/s     wMB/s   rrqm/s   wrqm/s  %rrqm  %wrqm r_await w_await aqu-sz rareq-sz wareq-sz  svctm  %util
sdb           8574.00 3398.00     33.49     59.14     0.00 11709.00   0.00  77.51    0.50    0.43   0.00     4.00    17.82   0.08 100.00

2021년 08월 24일 17시 18분 13초
avg-cpu:  %user   %nice %system %iowait  %steal   %idle
           0.19    0.00    7.41    4.75    0.00   87.66

Device            r/s     w/s     rMB/s     wMB/s   rrqm/s   wrqm/s  %rrqm  %wrqm r_await w_await aqu-sz rareq-sz wareq-sz  svctm  %util
sdb           8485.00 3380.00     33.38     57.12    59.00 11173.00   0.69  76.77    0.51    0.43   0.10     4.03    17.31   0.08  98.40

2021년 08월 24일 17시 18분 14초
avg-cpu:  %user   %nice %system %iowait  %steal   %idle
           0.13    0.00    7.59    4.43    0.00   87.86

Device            r/s     w/s     rMB/s     wMB/s   rrqm/s   wrqm/s  %rrqm  %wrqm r_await w_await aqu-sz rareq-sz wareq-sz  svctm  %util
sdb           8699.00 3505.00     33.98     58.97     0.00 11562.00   0.00  76.74    0.48    0.42   0.00     4.00    17.23   0.08 100.00

2021년 08월 24일 17시 18분 15초
avg-cpu:  %user   %nice %system %iowait  %steal   %idle
           0.32    0.00    6.79    4.76    0.00   88.13

Device            r/s     w/s     rMB/s     wMB/s   rrqm/s   wrqm/s  %rrqm  %wrqm r_await w_await aqu-sz rareq-sz wareq-sz  svctm  %util
sdb           8308.00 3380.00     32.45     56.32     0.00 10933.00   0.00  76.39    0.50    0.43   0.08     4.00    17.06   0.08  98.40

2021년 08월 24일 17시 18분 16초
avg-cpu:  %user   %nice %system %iowait  %steal   %idle
           0.13    0.00    7.24    4.13    0.00   88.50

Device            r/s     w/s     rMB/s     wMB/s   rrqm/s   wrqm/s  %rrqm  %wrqm r_await w_await aqu-sz rareq-sz wareq-sz  svctm  %util
sdb           8777.00 3454.00     34.47     59.11    47.00 11646.00   0.53  77.13    0.48    0.42   0.00     4.02    17.52   0.08 100.00

2021년 08월 24일 17시 18분 17초
avg-cpu:  %user   %nice %system %iowait  %steal   %idle
           0.25    0.00    7.16    4.44    0.00   88.15

Device            r/s     w/s     rMB/s     wMB/s   rrqm/s   wrqm/s  %rrqm  %wrqm r_await w_await aqu-sz rareq-sz wareq-sz  svctm  %util
sdb           8275.00 3415.00     32.32     57.18     0.00 11203.00   0.00  76.64    0.49    0.43   0.00     4.00    17.15   0.09 100.00

2021년 08월 24일 17시 18분 18초
avg-cpu:  %user   %nice %system %iowait  %steal   %idle
           0.19    0.00    7.80    4.72    0.00   87.30

Device            r/s     w/s     rMB/s     wMB/s   rrqm/s   wrqm/s  %rrqm  %wrqm r_await w_await aqu-sz rareq-sz wareq-sz  svctm  %util
sdb           8408.00 3441.00     32.84     56.77     0.00 11047.00   0.00  76.25    0.50    0.43   0.12     4.00    16.89   0.08  98.40

2021년 08월 24일 17시 18분 19초
avg-cpu:  %user   %nice %system %iowait  %steal   %idle
           0.13    0.00    7.52    4.30    0.00   88.05

Device            r/s     w/s     rMB/s     wMB/s   rrqm/s   wrqm/s  %rrqm  %wrqm r_await w_await aqu-sz rareq-sz wareq-sz  svctm  %util
sdb           8554.00 3480.00     33.66     57.75    62.00 11282.00   0.72  76.43    0.49    0.43   0.00     4.03    16.99   0.08 100.00

2021년 08월 24일 17시 18분 20초
avg-cpu:  %user   %nice %system %iowait  %steal   %idle
           0.13    0.00    7.45    4.61    0.00   87.81

Device            r/s     w/s     rMB/s     wMB/s   rrqm/s   wrqm/s  %rrqm  %wrqm r_await w_await aqu-sz rareq-sz wareq-sz  svctm  %util
sdb           8345.00 3407.00     33.32     56.98   181.00 11113.00   2.12  76.54    0.49    0.43   0.11     4.09    17.12   0.08  98.40

2021년 08월 24일 17시 18분 21초
avg-cpu:  %user   %nice %system %iowait  %steal   %idle
           0.25    0.00    7.81    4.47    0.00   87.47

Device            r/s     w/s     rMB/s     wMB/s   rrqm/s   wrqm/s  %rrqm  %wrqm r_await w_await aqu-sz rareq-sz wareq-sz  svctm  %util
sdb           8433.00 3552.00     32.94     65.95     0.00 13224.00   0.00  78.83    0.50    0.52   0.15     4.00    19.01   0.08 100.00

2021년 08월 24일 17시 18분 22초
avg-cpu:  %user   %nice %system %iowait  %steal   %idle
           0.06    0.00    8.40    4.39    0.00   87.15

Device            r/s     w/s     rMB/s     wMB/s   rrqm/s   wrqm/s  %rrqm  %wrqm r_await w_await aqu-sz rareq-sz wareq-sz  svctm  %util
sdb           8424.00 3400.00     32.91     57.44     0.00 11331.00   0.00  76.92    0.51    0.43   0.00     4.00    17.30   0.08 100.00

2021년 08월 24일 17시 18분 23초
avg-cpu:  %user   %nice %system %iowait  %steal   %idle
           0.19    0.00    8.04    4.77    0.00   87.01

Device            r/s     w/s     rMB/s     wMB/s   rrqm/s   wrqm/s  %rrqm  %wrqm r_await w_await aqu-sz rareq-sz wareq-sz  svctm  %util
sdb           8601.00 3313.00     33.72     57.17    31.00 11240.00   0.36  77.23    0.51    0.43   0.13     4.01    17.67   0.08  98.40

2021년 08월 24일 17시 18분 24초
avg-cpu:  %user   %nice %system %iowait  %steal   %idle
           0.25    0.00    7.58    4.29    0.00   87.88

Device            r/s     w/s     rMB/s     wMB/s   rrqm/s   wrqm/s  %rrqm  %wrqm r_await w_await aqu-sz rareq-sz wareq-sz  svctm  %util
sdb           8724.00 3432.00     34.08     59.02     0.00 11580.00   0.00  77.14    0.48    0.42   0.00     4.00    17.61   0.08 100.00

2021년 08월 24일 17시 18분 25초
avg-cpu:  %user   %nice %system %iowait  %steal   %idle
           0.19    0.00    7.04    5.20    0.00   87.57

Device            r/s     w/s     rMB/s     wMB/s   rrqm/s   wrqm/s  %rrqm  %wrqm r_await w_await aqu-sz rareq-sz wareq-sz  svctm  %util
sdb           8172.00 3330.00     32.29     56.58    92.00 11156.00   1.11  77.01    0.52    0.44   0.14     4.05    17.40   0.09  98.40

2021년 08월 24일 17시 18분 26초
avg-cpu:  %user   %nice %system %iowait  %steal   %idle
           0.19    0.00    6.64    4.15    0.00   89.02

Device            r/s     w/s     rMB/s     wMB/s   rrqm/s   wrqm/s  %rrqm  %wrqm r_await w_await aqu-sz rareq-sz wareq-sz  svctm  %util
sdb           8615.00 3363.00     33.89     58.50    60.00 11552.00   0.69  77.45    0.48    0.43   0.00     4.03    17.81   0.08 100.00

2021년 08월 24일 17시 18분 27초
avg-cpu:  %user   %nice %system %iowait  %steal   %idle
           0.19    0.00    8.15    4.39    0.00   87.28

Device            r/s     w/s     rMB/s     wMB/s   rrqm/s   wrqm/s  %rrqm  %wrqm r_await w_await aqu-sz rareq-sz wareq-sz  svctm  %util
sdb           8236.00 3417.00     32.29     58.27    30.00 11449.00   0.36  77.01    0.49    0.43   0.00     4.01    17.46   0.09 100.00

2021년 08월 24일 17시 18분 28초
avg-cpu:  %user   %nice %system %iowait  %steal   %idle
           0.19    0.00    7.33    4.80    0.00   87.68

Device            r/s     w/s     rMB/s     wMB/s   rrqm/s   wrqm/s  %rrqm  %wrqm r_await w_await aqu-sz rareq-sz wareq-sz  svctm  %util
sdb           8367.00 3314.00     32.93     57.39    61.00 11251.00   0.72  77.25    0.49    0.44   0.06     4.03    17.73   0.08  98.80

2021년 08월 24일 17시 18분 29초
avg-cpu:  %user   %nice %system %iowait  %steal   %idle
           0.19    0.00    8.21    4.32    0.00   87.28

Device            r/s     w/s     rMB/s     wMB/s   rrqm/s   wrqm/s  %rrqm  %wrqm r_await w_await aqu-sz rareq-sz wareq-sz  svctm  %util
sdb           8449.00 3407.00     33.12     58.66    29.00 11523.00   0.34  77.18    0.50    0.42   0.00     4.01    17.63   0.09 100.80

2021년 08월 24일 17시 18분 30초
avg-cpu:  %user   %nice %system %iowait  %steal   %idle
           0.13    0.00    7.80    4.40    0.00   87.67

Device            r/s     w/s     rMB/s     wMB/s   rrqm/s   wrqm/s  %rrqm  %wrqm r_await w_await aqu-sz rareq-sz wareq-sz  svctm  %util
sdb           8358.00 3395.00     32.65     57.86     0.00 11335.00   0.00  76.95    0.50    0.42   0.11     4.00    17.45   0.08  98.40

2021년 08월 24일 17시 18분 31초
avg-cpu:  %user   %nice %system %iowait  %steal   %idle
           0.31    0.00    7.68    4.78    0.00   87.22

Device            r/s     w/s     rMB/s     wMB/s   rrqm/s   wrqm/s  %rrqm  %wrqm r_await w_await aqu-sz rareq-sz wareq-sz  svctm  %util
sdb           8455.00 3439.00     33.03     58.13     0.00 11398.00   0.00  76.82    0.50    0.42   0.00     4.00    17.31   0.08 100.00

2021년 08월 24일 17시 18분 32초
avg-cpu:  %user   %nice %system %iowait  %steal   %idle
           0.13    0.00    7.05    4.44    0.00   88.38

Device            r/s     w/s     rMB/s     wMB/s   rrqm/s   wrqm/s  %rrqm  %wrqm r_await w_await aqu-sz rareq-sz wareq-sz  svctm  %util
sdb           8385.00 3413.00     32.75     58.33     0.00 11476.00   0.00  77.08    0.50    0.43   0.00     4.00    17.50   0.08 100.00

2021년 08월 24일 17시 18분 33초
avg-cpu:  %user   %nice %system %iowait  %steal   %idle
           0.13    0.00    7.05    5.21    0.00   87.61

Device            r/s     w/s     rMB/s     wMB/s   rrqm/s   wrqm/s  %rrqm  %wrqm r_await w_await aqu-sz rareq-sz wareq-sz  svctm  %util
sdb           8448.00 3407.00     33.00     57.15     0.00 11206.00   0.00  76.69    0.50    0.43   0.13     4.00    17.18   0.08  98.80

2021년 08월 24일 17시 18분 34초
avg-cpu:  %user   %nice %system %iowait  %steal   %idle
           0.13    0.00    8.12    4.34    0.00   87.41

Device            r/s     w/s     rMB/s     wMB/s   rrqm/s   wrqm/s  %rrqm  %wrqm r_await w_await aqu-sz rareq-sz wareq-sz  svctm  %util
sdb           8419.00 3462.00     32.89     59.34     0.00 11738.00   0.00  77.22    0.49    0.42   0.00     4.00    17.55   0.08 100.00

2021년 08월 24일 17시 18분 35초
avg-cpu:  %user   %nice %system %iowait  %steal   %idle
           0.19    0.00    7.11    4.76    0.00   87.94

Device            r/s     w/s     rMB/s     wMB/s   rrqm/s   wrqm/s  %rrqm  %wrqm r_await w_await aqu-sz rareq-sz wareq-sz  svctm  %util
sdb           8499.00 3406.00     33.38     57.75    45.00 11354.00   0.53  76.92    0.50    0.43   0.13     4.02    17.36   0.08  98.80

2021년 08월 24일 17시 18분 36초
avg-cpu:  %user   %nice %system %iowait  %steal   %idle
           0.06    0.00    7.59    4.49    0.00   87.86

Device            r/s     w/s     rMB/s     wMB/s   rrqm/s   wrqm/s  %rrqm  %wrqm r_await w_await aqu-sz rareq-sz wareq-sz  svctm  %util
sdb           8932.00 3401.00     34.89     59.57     0.00 11711.00   0.00  77.49    0.48    0.42   0.00     4.00    17.94   0.08 100.00

2021년 08월 24일 17시 18분 37초
avg-cpu:  %user   %nice %system %iowait  %steal   %idle
           0.19    0.00    6.94    4.39    0.00   88.47

Device            r/s     w/s     rMB/s     wMB/s   rrqm/s   wrqm/s  %rrqm  %wrqm r_await w_await aqu-sz rareq-sz wareq-sz  svctm  %util
sdb           8402.00 3502.00     32.95     59.37    31.00 11716.00   0.37  76.99    0.50    0.43   0.00     4.02    17.36   0.08 100.00

2021년 08월 24일 17시 18분 38초
avg-cpu:  %user   %nice %system %iowait  %steal   %idle
           0.32    0.00    7.21    4.99    0.00   87.48

Device            r/s     w/s     rMB/s     wMB/s   rrqm/s   wrqm/s  %rrqm  %wrqm r_await w_await aqu-sz rareq-sz wareq-sz  svctm  %util
sdb           8482.00 3310.00     33.67     57.93   133.00 11521.00   1.54  77.68    0.50    0.43   0.11     4.06    17.92   0.08  98.80

2021년 08월 24일 17시 18분 39초
avg-cpu:  %user   %nice %system %iowait  %steal   %idle
           0.06    0.00    6.59    4.86    0.00   88.49

Device            r/s     w/s     rMB/s     wMB/s   rrqm/s   wrqm/s  %rrqm  %wrqm r_await w_await aqu-sz rareq-sz wareq-sz  svctm  %util
sdb           8580.00 3380.00     33.76     60.19    60.00 11902.00   0.69  77.88    0.49    0.42   0.00     4.03    18.24   0.08 100.00

2021년 08월 24일 17시 18분 40초
avg-cpu:  %user   %nice %system %iowait  %steal   %idle
           0.06    0.00    7.40    4.74    0.00   87.79

Device            r/s     w/s     rMB/s     wMB/s   rrqm/s   wrqm/s  %rrqm  %wrqm r_await w_await aqu-sz rareq-sz wareq-sz  svctm  %util
sdb           8097.00 3403.00     31.63     58.10     0.00 11431.00   0.00  77.06    0.51    0.43   0.16     4.00    17.48   0.09  98.40

2021년 08월 24일 17시 18분 41초
avg-cpu:  %user   %nice %system %iowait  %steal   %idle
           0.25    0.00    7.34    4.36    0.00   88.05

Device            r/s     w/s     rMB/s     wMB/s   rrqm/s   wrqm/s  %rrqm  %wrqm r_await w_await aqu-sz rareq-sz wareq-sz  svctm  %util
sdb           8218.00 3343.00     32.10     57.97     0.00 11453.00   0.00  77.41    0.50    0.44   0.00     4.00    17.76   0.09 100.00

2021년 08월 24일 17시 18분 42초
avg-cpu:  %user   %nice %system %iowait  %steal   %idle
           0.13    0.00    6.87    4.83    0.00   88.17

Device            r/s     w/s     rMB/s     wMB/s   rrqm/s   wrqm/s  %rrqm  %wrqm r_await w_await aqu-sz rareq-sz wareq-sz  svctm  %util
sdb           8505.00 3333.00     33.34     58.95    29.00 11738.00   0.34  77.88    0.50    0.43   0.14     4.01    18.11   0.08  98.40

2021년 08월 24일 17시 18분 43초
avg-cpu:  %user   %nice %system %iowait  %steal   %idle
           0.06    0.00    7.99    4.59    0.00   87.36

Device            r/s     w/s     rMB/s     wMB/s   rrqm/s   wrqm/s  %rrqm  %wrqm r_await w_await aqu-sz rareq-sz wareq-sz  svctm  %util
sdb           8635.00 3360.00     33.73     59.09     0.00 11752.00   0.00  77.77    0.51    0.42   0.00     4.00    18.01   0.08 100.00

2021년 08월 24일 17시 18분 44초
avg-cpu:  %user   %nice %system %iowait  %steal   %idle
           0.19    0.00    6.56    4.14    0.00   89.10

Device            r/s     w/s     rMB/s     wMB/s   rrqm/s   wrqm/s  %rrqm  %wrqm r_await w_await aqu-sz rareq-sz wareq-sz  svctm  %util
sdb           8316.00 3434.00     32.73     58.08    60.00 11402.00   0.72  76.85    0.50    0.43   0.00     4.03    17.32   0.09 100.80

2021년 08월 24일 17시 18분 45초
avg-cpu:  %user   %nice %system %iowait  %steal   %idle
           0.19    0.00    7.69    4.60    0.00   87.52

Device            r/s     w/s     rMB/s     wMB/s   rrqm/s   wrqm/s  %rrqm  %wrqm r_await w_await aqu-sz rareq-sz wareq-sz  svctm  %util
sdb           8393.00 3387.00     32.90     57.99    30.00 11351.00   0.36  77.02    0.50    0.44   0.11     4.01    17.53   0.08  98.40

2021년 08월 24일 17시 18분 46초
avg-cpu:  %user   %nice %system %iowait  %steal   %idle
           0.25    0.00    8.97    4.33    0.00   86.45

Device            r/s     w/s     rMB/s     wMB/s   rrqm/s   wrqm/s  %rrqm  %wrqm r_await w_await aqu-sz rareq-sz wareq-sz  svctm  %util
sdb           8525.00 3496.00     33.30     60.10     0.00 11848.00   0.00  77.22    0.48    0.42   0.00     4.00    17.60   0.08 100.00

2021년 08월 24일 17시 18분 47초
avg-cpu:  %user   %nice %system %iowait  %steal   %idle
           0.06    0.00    6.93    5.02    0.00   87.98

Device            r/s     w/s     rMB/s     wMB/s   rrqm/s   wrqm/s  %rrqm  %wrqm r_await w_await aqu-sz rareq-sz wareq-sz  svctm  %util
sdb           8176.00 3490.00     31.94     57.88     0.00 11413.00   0.00  76.58    0.51    0.45   0.13     4.00    16.98   0.08  98.40

2021년 08월 24일 17시 18분 48초
avg-cpu:  %user   %nice %system %iowait  %steal   %idle
           0.31    0.00    7.61    4.22    0.00   87.85

Device            r/s     w/s     rMB/s     wMB/s   rrqm/s   wrqm/s  %rrqm  %wrqm r_await w_await aqu-sz rareq-sz wareq-sz  svctm  %util
sdb           8046.00 3469.00     31.43     57.46     0.00 11274.00   0.00  76.47    0.51    0.44   0.00     4.00    16.96   0.09 100.00

2021년 08월 24일 17시 18분 49초
avg-cpu:  %user   %nice %system %iowait  %steal   %idle
           0.13    0.00    6.95    4.59    0.00   88.34

Device            r/s     w/s     rMB/s     wMB/s   rrqm/s   wrqm/s  %rrqm  %wrqm r_await w_await aqu-sz rareq-sz wareq-sz  svctm  %util
sdb           8381.00 3534.00     32.98     59.64    59.00 11873.00   0.70  77.06    0.49    0.44   0.00     4.03    17.28   0.08 100.00

2021년 08월 24일 17시 18분 50초
avg-cpu:  %user   %nice %system %iowait  %steal   %idle
           0.19    0.00    8.55    4.74    0.00   86.53

Device            r/s     w/s     rMB/s     wMB/s   rrqm/s   wrqm/s  %rrqm  %wrqm r_await w_await aqu-sz rareq-sz wareq-sz  svctm  %util
sdb           8207.00 3406.00     32.06     58.22     0.00 11494.00   0.00  77.14    0.50    0.45   0.13     4.00    17.50   0.08  98.40

2021년 08월 24일 17시 18분 51초
avg-cpu:  %user   %nice %system %iowait  %steal   %idle
           0.19    0.00    7.75    5.04    0.00   87.03

Device            r/s     w/s     rMB/s     wMB/s   rrqm/s   wrqm/s  %rrqm  %wrqm r_await w_await aqu-sz rareq-sz wareq-sz  svctm  %util
sdb           8058.00 3694.00     31.59     65.11    29.00 13077.00   0.36  77.97    0.49    0.52   0.14     4.01    18.05   0.09 100.00

2021년 08월 24일 17시 18분 52초
avg-cpu:  %user   %nice %system %iowait  %steal   %idle
           0.19    0.00    6.79    4.69    0.00   88.33

Device            r/s     w/s     rMB/s     wMB/s   rrqm/s   wrqm/s  %rrqm  %wrqm r_await w_await aqu-sz rareq-sz wareq-sz  svctm  %util
sdb           8984.00 3363.00     35.09     59.87     0.00 11373.00   0.00  77.18    0.48    0.45   0.14     4.00    18.23   0.08  98.00

2021년 08월 24일 17시 18분 53초
avg-cpu:  %user   %nice %system %iowait  %steal   %idle
           0.19    0.00    7.75    4.35    0.00   87.71

Device            r/s     w/s     rMB/s     wMB/s   rrqm/s   wrqm/s  %rrqm  %wrqm r_await w_await aqu-sz rareq-sz wareq-sz  svctm  %util
sdb           8368.00 3607.00     32.69     58.91     0.00 11637.00   0.00  76.34    0.50    0.43   0.00     4.00    16.72   0.08 100.00

2021년 08월 24일 17시 18분 54초
avg-cpu:  %user   %nice %system %iowait  %steal   %idle
           0.13    0.00    7.05    4.25    0.00   88.57

Device            r/s     w/s     rMB/s     wMB/s   rrqm/s   wrqm/s  %rrqm  %wrqm r_await w_await aqu-sz rareq-sz wareq-sz  svctm  %util
sdb           8246.00 3655.00     32.57     54.82    90.00 10519.00   1.08  74.21    0.50    0.43   0.00     4.04    15.36   0.08 100.00

2021년 08월 24일 17시 18분 55초
avg-cpu:  %user   %nice %system %iowait  %steal   %idle
           0.13    0.00    7.53    5.00    0.00   87.34

Device            r/s     w/s     rMB/s     wMB/s   rrqm/s   wrqm/s  %rrqm  %wrqm r_await w_await aqu-sz rareq-sz wareq-sz  svctm  %util
sdb           8579.00 3545.00     33.96     55.80   111.00 10947.00   1.28  75.54    0.50    0.44   0.14     4.05    16.12   0.08  98.40

2021년 08월 24일 17시 18분 56초
avg-cpu:  %user   %nice %system %iowait  %steal   %idle
           0.19    0.00    7.52    4.42    0.00   87.87

Device            r/s     w/s     rMB/s     wMB/s   rrqm/s   wrqm/s  %rrqm  %wrqm r_await w_await aqu-sz rareq-sz wareq-sz  svctm  %util
sdb           8399.00 3644.00     33.05     55.91    60.00 10861.00   0.71  74.88    0.50    0.44   0.00     4.03    15.71   0.08 100.00

2021년 08월 24일 17시 18분 57초
avg-cpu:  %user   %nice %system %iowait  %steal   %idle
           0.13    0.00    7.34    4.30    0.00   88.23

Device            r/s     w/s     rMB/s     wMB/s   rrqm/s   wrqm/s  %rrqm  %wrqm r_await w_await aqu-sz rareq-sz wareq-sz  svctm  %util
sdb           8338.00 3564.00     32.57     55.68     0.00 10896.00   0.00  75.35    0.49    0.44   0.12     4.00    16.00   0.08  98.00

2021년 08월 24일 17시 18분 58초
avg-cpu:  %user   %nice %system %iowait  %steal   %idle
           0.13    0.00    7.99    4.15    0.00   87.73

Device            r/s     w/s     rMB/s     wMB/s   rrqm/s   wrqm/s  %rrqm  %wrqm r_await w_await aqu-sz rareq-sz wareq-sz  svctm  %util
sdb           8611.00 3684.00     33.76     57.00    30.00 11057.00   0.35  75.01    0.48    0.42   0.00     4.01    15.84   0.08 100.80

2021년 08월 24일 17시 18분 59초
avg-cpu:  %user   %nice %system %iowait  %steal   %idle
           0.19    0.00    7.16    4.44    0.00   88.21

Device            r/s     w/s     rMB/s     wMB/s   rrqm/s   wrqm/s  %rrqm  %wrqm r_await w_await aqu-sz rareq-sz wareq-sz  svctm  %util
sdb           8294.00 3568.00     32.52     54.04    29.00 10300.00   0.35  74.27    0.49    0.43   0.00     4.01    15.51   0.08 100.00

2021년 08월 24일 17시 19분 00초
avg-cpu:  %user   %nice %system %iowait  %steal   %idle
           0.19    0.00    7.12    4.57    0.00   88.12

Device            r/s     w/s     rMB/s     wMB/s   rrqm/s   wrqm/s  %rrqm  %wrqm r_await w_await aqu-sz rareq-sz wareq-sz  svctm  %util
sdb           8572.00 3572.00     33.48     54.15     0.00 10363.00   0.00  74.37    0.49    0.42   0.11     4.00    15.52   0.08  98.80

2021년 08월 24일 17시 19분 01초
avg-cpu:  %user   %nice %system %iowait  %steal   %idle
           0.13    0.00    8.10    3.89    0.00   87.88

Device            r/s     w/s     rMB/s     wMB/s   rrqm/s   wrqm/s  %rrqm  %wrqm r_await w_await aqu-sz rareq-sz wareq-sz  svctm  %util
sdb           8237.00 3616.00     32.41     55.67    57.00 10736.00   0.69  74.80    0.50    0.43   0.00     4.03    15.77   0.08 100.00

2021년 08월 24일 17시 19분 02초
avg-cpu:  %user   %nice %system %iowait  %steal   %idle
           0.19    0.00    7.20    4.61    0.00   88.01

Device            r/s     w/s     rMB/s     wMB/s   rrqm/s   wrqm/s  %rrqm  %wrqm r_await w_await aqu-sz rareq-sz wareq-sz  svctm  %util
sdb           7983.00 3533.00     31.55     55.38    90.00 10765.00   1.11  75.29    0.50    0.44   0.08     4.05    16.05   0.09  98.80

2021년 08월 24일 17시 19분 03초
avg-cpu:  %user   %nice %system %iowait  %steal   %idle
           0.13    0.00    7.83    4.17    0.00   87.88

Device            r/s     w/s     rMB/s     wMB/s   rrqm/s   wrqm/s  %rrqm  %wrqm r_await w_await aqu-sz rareq-sz wareq-sz  svctm  %util
sdb           8608.00 3599.00     33.75     57.15    30.00 11064.00   0.35  75.46    0.49    0.43   0.00     4.01    16.26   0.08 100.00

2021년 08월 24일 17시 19분 04초
avg-cpu:  %user   %nice %system %iowait  %steal   %idle
           0.13    0.00    6.39    4.15    0.00   89.33

Device            r/s     w/s     rMB/s     wMB/s   rrqm/s   wrqm/s  %rrqm  %wrqm r_await w_await aqu-sz rareq-sz wareq-sz  svctm  %util
sdb           8351.00 3531.00     32.62     55.54     0.00 10761.00   0.00  75.29    0.50    0.42   0.00     4.00    16.11   0.08 100.00

2021년 08월 24일 17시 19분 05초
avg-cpu:  %user   %nice %system %iowait  %steal   %idle
           0.26    0.00    6.44    4.78    0.00   88.52

Device            r/s     w/s     rMB/s     wMB/s   rrqm/s   wrqm/s  %rrqm  %wrqm r_await w_await aqu-sz rareq-sz wareq-sz  svctm  %util
sdb           8265.00 3502.00     32.69     58.31   100.00 11508.00   1.20  76.67    0.51    0.45   0.11     4.05    17.05   0.08  98.80

2021년 08월 24일 17시 19분 06초
avg-cpu:  %user   %nice %system %iowait  %steal   %idle
           0.25    0.00    8.19    3.94    0.00   87.62

Device            r/s     w/s     rMB/s     wMB/s   rrqm/s   wrqm/s  %rrqm  %wrqm r_await w_await aqu-sz rareq-sz wareq-sz  svctm  %util
sdb           8419.00 3438.00     33.01     58.39    31.00 11503.00   0.37  76.99    0.49    0.43   0.00     4.01    17.39   0.08 100.00

2021년 08월 24일 17시 19분 07초
avg-cpu:  %user   %nice %system %iowait  %steal   %idle
           0.06    0.00    7.58    4.55    0.00   87.82

Device            r/s     w/s     rMB/s     wMB/s   rrqm/s   wrqm/s  %rrqm  %wrqm r_await w_await aqu-sz rareq-sz wareq-sz  svctm  %util
sdb           8344.00 3352.00     32.84     55.94    60.00 10893.00   0.71  76.47    0.52    0.44   0.16     4.03    17.09   0.08  98.40

2021년 08월 24일 17시 19분 08초
avg-cpu:  %user   %nice %system %iowait  %steal   %idle
           0.13    0.00    8.21    4.39    0.00   87.27

Device            r/s     w/s     rMB/s     wMB/s   rrqm/s   wrqm/s  %rrqm  %wrqm r_await w_await aqu-sz rareq-sz wareq-sz  svctm  %util
sdb           8426.00 3426.00     33.52     57.42   150.00 11270.00   1.75  76.69    0.51    0.43   0.00     4.07    17.16   0.08 100.00

2021년 08월 24일 17시 19분 09초
avg-cpu:  %user   %nice %system %iowait  %steal   %idle
           0.13    0.00    8.45    4.38    0.00   87.05

Device            r/s     w/s     rMB/s     wMB/s   rrqm/s   wrqm/s  %rrqm  %wrqm r_await w_await aqu-sz rareq-sz wareq-sz  svctm  %util
sdb           8586.00 3463.00     33.54     58.04     0.00 11323.00   0.00  76.58    0.49    0.42   0.00     4.00    17.16   0.08 100.80

2021년 08월 24일 17시 19분 10초
avg-cpu:  %user   %nice %system %iowait  %steal   %idle
           0.25    0.00    6.62    4.58    0.00   88.54

Device            r/s     w/s     rMB/s     wMB/s   rrqm/s   wrqm/s  %rrqm  %wrqm r_await w_await aqu-sz rareq-sz wareq-sz  svctm  %util
sdb           8203.00 3531.00     32.05     55.67     0.00 10814.00   0.00  75.39    0.50    0.42   0.14     4.00    16.15   0.08  98.40

2021년 08월 24일 17시 19분 11초
avg-cpu:  %user   %nice %system %iowait  %steal   %idle
           0.38    0.00    7.45    4.42    0.00   87.74

Device            r/s     w/s     rMB/s     wMB/s   rrqm/s   wrqm/s  %rrqm  %wrqm r_await w_await aqu-sz rareq-sz wareq-sz  svctm  %util
sdb           8575.00 3513.00     33.49     57.86     0.00 11319.00   0.00  76.31    0.49    0.43   0.00     4.00    16.87   0.08 100.00

2021년 08월 24일 17시 19분 12초
avg-cpu:  %user   %nice %system %iowait  %steal   %idle
           0.32    0.00    7.51    4.48    0.00   87.69

Device            r/s     w/s     rMB/s     wMB/s   rrqm/s   wrqm/s  %rrqm  %wrqm r_await w_await aqu-sz rareq-sz wareq-sz  svctm  %util
sdb           8643.00 3522.00     33.88     57.24    29.00 11219.00   0.33  76.11    0.49    0.42   0.08     4.01    16.64   0.08  98.80

2021년 08월 24일 17시 19분 13초
avg-cpu:  %user   %nice %system %iowait  %steal   %idle
           0.19    0.00    7.36    4.06    0.00   88.39

Device            r/s     w/s     rMB/s     wMB/s   rrqm/s   wrqm/s  %rrqm  %wrqm r_await w_await aqu-sz rareq-sz wareq-sz  svctm  %util
sdb           8916.00 3608.00     34.83     58.88     0.00 11525.00   0.00  76.16    0.47    0.41   0.00     4.00    16.71   0.08 100.00

2021년 08월 24일 17시 19분 14초
avg-cpu:  %user   %nice %system %iowait  %steal   %idle
           0.13    0.00    7.46    4.30    0.00   88.11

Device            r/s     w/s     rMB/s     wMB/s   rrqm/s   wrqm/s  %rrqm  %wrqm r_await w_await aqu-sz rareq-sz wareq-sz  svctm  %util
sdb           8652.00 3522.00     33.80     57.11     0.00 11235.00   0.00  76.13    0.49    0.43   0.00     4.00    16.60   0.08 100.00

2021년 08월 24일 17시 19분 15초
avg-cpu:  %user   %nice %system %iowait  %steal   %idle
           0.12    0.00    8.62    4.19    0.00   87.06

Device            r/s     w/s     rMB/s     wMB/s   rrqm/s   wrqm/s  %rrqm  %wrqm r_await w_await aqu-sz rareq-sz wareq-sz  svctm  %util
sdb           8396.00 3428.00     32.80     57.56     0.00 11329.00   0.00  76.77    0.50    0.42   0.05     4.00    17.19   0.08  99.20

2021년 08월 24일 17시 19분 16초
avg-cpu:  %user   %nice %system %iowait  %steal   %idle
           0.19    0.00    7.93    4.03    0.00   87.85

Device            r/s     w/s     rMB/s     wMB/s   rrqm/s   wrqm/s  %rrqm  %wrqm r_await w_await aqu-sz rareq-sz wareq-sz  svctm  %util
sdb           8680.00 3687.00     34.02     57.28    29.00 11081.00   0.33  75.03    0.47    0.42   0.00     4.01    15.91   0.08 100.00

2021년 08월 24일 17시 19분 17초
avg-cpu:  %user   %nice %system %iowait  %steal   %idle
           0.19    0.00    7.46    4.68    0.00   87.67

Device            r/s     w/s     rMB/s     wMB/s   rrqm/s   wrqm/s  %rrqm  %wrqm r_await w_await aqu-sz rareq-sz wareq-sz  svctm  %util
sdb           8547.00 3518.00     33.39     57.21     0.00 11170.00   0.00  76.05    0.50    0.42   0.10     4.00    16.65   0.08  98.80

2021년 08월 24일 17시 19분 18초
avg-cpu:  %user   %nice %system %iowait  %steal   %idle
           0.13    0.00    6.83    4.47    0.00   88.58

Device            r/s     w/s     rMB/s     wMB/s   rrqm/s   wrqm/s  %rrqm  %wrqm r_await w_await aqu-sz rareq-sz wareq-sz  svctm  %util
sdb           8725.00 3503.00     34.08     58.81     0.00 11544.00   0.00  76.72    0.48    0.42   0.00     4.00    17.19   0.08 100.00

2021년 08월 24일 17시 19분 19초
avg-cpu:  %user   %nice %system %iowait  %steal   %idle
           0.26    0.00    5.97    4.37    0.00   89.40

Device            r/s     w/s     rMB/s     wMB/s   rrqm/s   wrqm/s  %rrqm  %wrqm r_await w_await aqu-sz rareq-sz wareq-sz  svctm  %util
sdb           8602.00 3532.00     33.84     59.13    61.00 11607.00   0.70  76.67    0.49    0.44   0.00     4.03    17.14   0.08 100.00

2021년 08월 24일 17시 19분 20초
avg-cpu:  %user   %nice %system %iowait  %steal   %idle
           0.00    0.00    7.58    4.36    0.00   88.06

Device            r/s     w/s     rMB/s     wMB/s   rrqm/s   wrqm/s  %rrqm  %wrqm r_await w_await aqu-sz rareq-sz wareq-sz  svctm  %util
sdb           8634.00 3577.00     34.10     56.73    92.00 10947.00   1.05  75.37    0.48    0.41   0.11     4.04    16.24   0.08  98.80

2021년 08월 24일 17시 19분 21초
avg-cpu:  %user   %nice %system %iowait  %steal   %idle
           0.13    0.00    8.23    4.33    0.00   87.31

Device            r/s     w/s     rMB/s     wMB/s   rrqm/s   wrqm/s  %rrqm  %wrqm r_await w_await aqu-sz rareq-sz wareq-sz  svctm  %util
sdb           8550.00 3679.00     33.64     57.55    60.00 11139.00   0.70  75.17    0.48    0.41   0.00     4.03    16.02   0.08 100.40

2021년 08월 24일 17시 19분 22초
avg-cpu:  %user   %nice %system %iowait  %steal   %idle
           0.19    0.00    7.97    4.71    0.00   87.14

Device            r/s     w/s     rMB/s     wMB/s   rrqm/s   wrqm/s  %rrqm  %wrqm r_await w_await aqu-sz rareq-sz wareq-sz  svctm  %util
sdb           8183.00 3656.00     31.97     62.93     1.00 12478.00   0.01  77.34    0.52    0.60   0.59     4.00    17.63   0.08  98.40

2021년 08월 24일 17시 19분 23초
avg-cpu:  %user   %nice %system %iowait  %steal   %idle
           0.19    0.00    7.45    4.23    0.00   88.12

Device            r/s     w/s     rMB/s     wMB/s   rrqm/s   wrqm/s  %rrqm  %wrqm r_await w_await aqu-sz rareq-sz wareq-sz  svctm  %util
sdb           8679.00 3654.00     33.91     57.18     1.00 11033.00   0.01  75.12    0.47    0.41   0.00     4.00    16.03   0.08 100.40

2021년 08월 24일 17시 19분 24초
avg-cpu:  %user   %nice %system %iowait  %steal   %idle
           0.13    0.00    7.38    4.54    0.00   87.95

Device            r/s     w/s     rMB/s     wMB/s   rrqm/s   wrqm/s  %rrqm  %wrqm r_await w_await aqu-sz rareq-sz wareq-sz  svctm  %util
sdb           8419.00 3666.00     32.89     55.77     0.00 10491.00   0.00  74.10    0.49    0.43   0.00     4.00    15.58   0.08 100.00

2021년 08월 24일 17시 19분 25초
avg-cpu:  %user   %nice %system %iowait  %steal   %idle
           0.06    0.00    7.45    4.04    0.00   88.45

Device            r/s     w/s     rMB/s     wMB/s   rrqm/s   wrqm/s  %rrqm  %wrqm r_await w_await aqu-sz rareq-sz wareq-sz  svctm  %util
sdb           8200.00 3479.00     32.27     54.17    61.00 10417.00   0.74  74.96    0.50    0.44   0.08     4.03    15.94   0.08  98.80

2021년 08월 24일 17시 19분 26초
avg-cpu:  %user   %nice %system %iowait  %steal   %idle
           0.06    0.00    8.29    4.24    0.00   87.41

Device            r/s     w/s     rMB/s     wMB/s   rrqm/s   wrqm/s  %rrqm  %wrqm r_await w_await aqu-sz rareq-sz wareq-sz  svctm  %util
sdb           8698.00 3626.00     33.98     56.72     0.00 10678.00   0.00  74.65    0.47    0.42   0.00     4.00    16.02   0.08 100.00

2021년 08월 24일 17시 19분 27초
avg-cpu:  %user   %nice %system %iowait  %steal   %idle
           0.12    0.00    8.61    4.31    0.00   86.95

Device            r/s     w/s     rMB/s     wMB/s   rrqm/s   wrqm/s  %rrqm  %wrqm r_await w_await aqu-sz rareq-sz wareq-sz  svctm  %util
sdb           8408.00 3540.00     32.84     55.36     0.00 10687.00   0.00  75.12    0.50    0.43   0.08     4.00    16.01   0.08  98.40

2021년 08월 24일 17시 19분 28초
avg-cpu:  %user   %nice %system %iowait  %steal   %idle
           0.19    0.00    8.62    3.88    0.00   87.31

Device            r/s     w/s     rMB/s     wMB/s   rrqm/s   wrqm/s  %rrqm  %wrqm r_await w_await aqu-sz rareq-sz wareq-sz  svctm  %util
sdb           8601.00 3587.00     33.60     56.61     0.00 10924.00   0.00  75.28    0.48    0.42   0.00     4.00    16.16   0.08 100.00

2021년 08월 24일 17시 19분 29초
avg-cpu:  %user   %nice %system %iowait  %steal   %idle
           0.13    0.00    8.39    3.94    0.00   87.54

Device            r/s     w/s     rMB/s     wMB/s   rrqm/s   wrqm/s  %rrqm  %wrqm r_await w_await aqu-sz rareq-sz wareq-sz  svctm  %util
sdb           8461.00 3542.00     33.39     57.92    86.00 11390.00   1.01  76.28    0.49    0.43   0.00     4.04    16.75   0.08 100.00

2021년 08월 24일 17시 19분 30초
avg-cpu:  %user   %nice %system %iowait  %steal   %idle
           0.25    0.00    6.55    4.90    0.00   88.30

Device            r/s     w/s     rMB/s     wMB/s   rrqm/s   wrqm/s  %rrqm  %wrqm r_await w_await aqu-sz rareq-sz wareq-sz  svctm  %util
sdb           8212.00 3277.00     32.44     57.47    90.00 11348.00   1.08  77.59    0.52    0.45   0.16     4.05    17.96   0.09  98.40

2021년 08월 24일 17시 19분 31초
avg-cpu:  %user   %nice %system %iowait  %steal   %idle
           0.25    0.00    7.50    4.79    0.00   87.45

Device            r/s     w/s     rMB/s     wMB/s   rrqm/s   wrqm/s  %rrqm  %wrqm r_await w_await aqu-sz rareq-sz wareq-sz  svctm  %util
sdb           8424.00 3397.00     32.91     58.85     0.00 11670.00   0.00  77.45    0.50    0.44   0.00     4.00    17.74   0.08 100.00

2021년 08월 24일 17시 19분 32초
avg-cpu:  %user   %nice %system %iowait  %steal   %idle
           0.19    0.00    7.08    4.62    0.00   88.11

Device            r/s     w/s     rMB/s     wMB/s   rrqm/s   wrqm/s  %rrqm  %wrqm r_await w_await aqu-sz rareq-sz wareq-sz  svctm  %util
sdb           8288.00 3384.00     32.62     58.38    60.00 11566.00   0.72  77.36    0.51    0.42   0.16     4.03    17.66   0.08  98.40

2021년 08월 24일 17시 19분 33초
avg-cpu:  %user   %nice %system %iowait  %steal   %idle
           0.25    0.00    7.91    4.46    0.00   87.38

Device            r/s     w/s     rMB/s     wMB/s   rrqm/s   wrqm/s  %rrqm  %wrqm r_await w_await aqu-sz rareq-sz wareq-sz  svctm  %util
sdb           8502.00 3486.00     33.21     60.24     0.00 11935.00   0.00  77.39    0.49    0.43   0.00     4.00    17.70   0.08 100.00

2021년 08월 24일 17시 19분 34초
avg-cpu:  %user   %nice %system %iowait  %steal   %idle
           0.13    0.00    7.81    5.17    0.00   86.89

Device            r/s     w/s     rMB/s     wMB/s   rrqm/s   wrqm/s  %rrqm  %wrqm r_await w_await aqu-sz rareq-sz wareq-sz  svctm  %util
sdb           8678.00 3382.00     34.39     59.76   121.00 11865.00   1.38  77.82    0.49    0.43   0.00     4.06    18.09   0.08 100.00

2021년 08월 24일 17시 19분 35초
avg-cpu:  %user   %nice %system %iowait  %steal   %idle
           0.25    0.00    7.90    4.77    0.00   87.08

Device            r/s     w/s     rMB/s     wMB/s   rrqm/s   wrqm/s  %rrqm  %wrqm r_await w_await aqu-sz rareq-sz wareq-sz  svctm  %util
sdb           8507.00 3314.00     33.35     58.06    29.00 11396.00   0.34  77.47    0.50    0.44   0.11     4.01    17.94   0.08  98.80

2021년 08월 24일 17시 19분 36초
avg-cpu:  %user   %nice %system %iowait  %steal   %idle
           0.19    0.00    6.74    4.26    0.00   88.80

Device            r/s     w/s     rMB/s     wMB/s   rrqm/s   wrqm/s  %rrqm  %wrqm r_await w_await aqu-sz rareq-sz wareq-sz  svctm  %util
sdb           8416.00 3428.00     32.88     59.52     0.00 11756.00   0.00  77.42    0.50    0.43   0.00     4.00    17.78   0.08 100.00

2021년 08월 24일 17시 19분 37초
avg-cpu:  %user   %nice %system %iowait  %steal   %idle
           0.19    0.00    7.58    4.61    0.00   87.63

Device            r/s     w/s     rMB/s     wMB/s   rrqm/s   wrqm/s  %rrqm  %wrqm r_await w_await aqu-sz rareq-sz wareq-sz  svctm  %util
sdb           8545.00 3327.00     33.50     58.72    29.00 11611.00   0.34  77.73    0.50    0.44   0.14     4.01    18.07   0.08  98.40

2021년 08월 24일 17시 19분 38초
avg-cpu:  %user   %nice %system %iowait  %steal   %idle
           0.06    0.00    7.92    4.28    0.00   87.74

Device            r/s     w/s     rMB/s     wMB/s   rrqm/s   wrqm/s  %rrqm  %wrqm r_await w_await aqu-sz rareq-sz wareq-sz  svctm  %util
sdb           8243.00 3437.00     32.20     58.86     0.00 11617.00   0.00  77.17    0.50    0.42   0.00     4.00    17.54   0.09 100.00

2021년 08월 24일 17시 19분 39초
avg-cpu:  %user   %nice %system %iowait  %steal   %idle
           0.13    0.00    7.30    4.70    0.00   87.88

Device            r/s     w/s     rMB/s     wMB/s   rrqm/s   wrqm/s  %rrqm  %wrqm r_await w_await aqu-sz rareq-sz wareq-sz  svctm  %util
sdb           8675.00 3488.00     34.13     61.05    61.00 12099.00   0.70  77.62    0.48    0.42   0.00     4.03    17.92   0.08  99.60

2021년 08월 24일 17시 19분 40초
avg-cpu:  %user   %nice %system %iowait  %steal   %idle
           0.19    0.00    7.27    4.55    0.00   87.99

Device            r/s     w/s     rMB/s     wMB/s   rrqm/s   wrqm/s  %rrqm  %wrqm r_await w_await aqu-sz rareq-sz wareq-sz  svctm  %util
sdb           8399.00 3454.00     32.93     59.45    30.00 11750.00   0.36  77.28    0.49    0.42   0.08     4.01    17.62   0.08  99.20

2021년 08월 24일 17시 19분 41초
avg-cpu:  %user   %nice %system %iowait  %steal   %idle
           0.06    0.00    7.06    4.33    0.00   88.55

Device            r/s     w/s     rMB/s     wMB/s   rrqm/s   wrqm/s  %rrqm  %wrqm r_await w_await aqu-sz rareq-sz wareq-sz  svctm  %util
sdb           8769.00 3376.00     34.50     60.49    60.00 12082.00   0.68  78.16    0.48    0.42   0.00     4.03    18.35   0.08 100.00

2021년 08월 24일 17시 19분 42초
avg-cpu:  %user   %nice %system %iowait  %steal   %idle
           0.25    0.00    7.22    4.68    0.00   87.85

Device            r/s     w/s     rMB/s     wMB/s   rrqm/s   wrqm/s  %rrqm  %wrqm r_await w_await aqu-sz rareq-sz wareq-sz  svctm  %util
sdb           8371.00 3343.00     32.82     58.34    30.00 11454.00   0.36  77.41    0.50    0.44   0.10     4.01    17.87   0.08  98.40

2021년 08월 24일 17시 19분 43초
avg-cpu:  %user   %nice %system %iowait  %steal   %idle
           0.32    0.00    6.91    4.44    0.00   88.33

Device            r/s     w/s     rMB/s     wMB/s   rrqm/s   wrqm/s  %rrqm  %wrqm r_await w_await aqu-sz rareq-sz wareq-sz  svctm  %util
sdb           8253.00 3434.00     32.24     58.57     0.00 11538.00   0.00  77.06    0.50    0.42   0.00     4.00    17.47   0.09 100.00

2021년 08월 24일 17시 19분 44초
avg-cpu:  %user   %nice %system %iowait  %steal   %idle
           0.19    0.00    8.04    4.65    0.00   87.13

Device            r/s     w/s     rMB/s     wMB/s   rrqm/s   wrqm/s  %rrqm  %wrqm r_await w_await aqu-sz rareq-sz wareq-sz  svctm  %util
sdb           8460.00 3351.00     33.05     59.13     1.00 11701.00   0.01  77.74    0.50    0.43   0.10     4.00    18.07   0.08  98.80

2021년 08월 24일 17시 19분 45초
avg-cpu:  %user   %nice %system %iowait  %steal   %idle
           0.25    0.00    8.04    4.52    0.00   87.19

Device            r/s     w/s     rMB/s     wMB/s   rrqm/s   wrqm/s  %rrqm  %wrqm r_await w_await aqu-sz rareq-sz wareq-sz  svctm  %util
sdb           8340.00 3395.00     32.58     58.64     0.00 11586.00   0.00  77.34    0.50    0.42   0.00     4.00    17.69   0.09 100.00

2021년 08월 24일 17시 19분 46초
avg-cpu:  %user   %nice %system %iowait  %steal   %idle
           0.25    0.00    7.93    4.60    0.00   87.22

Device            r/s     w/s     rMB/s     wMB/s   rrqm/s   wrqm/s  %rrqm  %wrqm r_await w_await aqu-sz rareq-sz wareq-sz  svctm  %util
sdb           8650.00 3441.00     33.79     60.39     0.00 12018.00   0.00  77.74    0.49    0.42   0.00     4.00    17.97   0.08 100.00

2021년 08월 24일 17시 19분 47초
avg-cpu:  %user   %nice %system %iowait  %steal   %idle
           0.31    0.00    7.62    4.85    0.00   87.22

Device            r/s     w/s     rMB/s     wMB/s   rrqm/s   wrqm/s  %rrqm  %wrqm r_await w_await aqu-sz rareq-sz wareq-sz  svctm  %util
sdb           8409.00 3363.00     33.34     58.62   122.00 11550.00   1.43  77.45    0.50    0.43   0.10     4.06    17.85   0.08  98.40

2021년 08월 24일 17시 19분 48초
avg-cpu:  %user   %nice %system %iowait  %steal   %idle
           0.25    0.00    7.76    4.92    0.00   87.07

Device            r/s     w/s     rMB/s     wMB/s   rrqm/s   wrqm/s  %rrqm  %wrqm r_await w_await aqu-sz rareq-sz wareq-sz  svctm  %util
sdb           8497.00 3411.00     33.68     58.56   123.00 11581.00   1.43  77.25    0.50    0.43   0.00     4.06    17.58   0.08 100.00

2021년 08월 24일 17시 19분 49초
avg-cpu:  %user   %nice %system %iowait  %steal   %idle
           0.19    0.00    6.82    4.40    0.00   88.59

Device            r/s     w/s     rMB/s     wMB/s   rrqm/s   wrqm/s  %rrqm  %wrqm r_await w_await aqu-sz rareq-sz wareq-sz  svctm  %util
sdb           8552.00 3425.00     33.41     58.87     0.00 11625.00   0.00  77.24    0.49    0.41   0.08     4.00    17.60   0.08  98.80

2021년 08월 24일 17시 19분 50초
avg-cpu:  %user   %nice %system %iowait  %steal   %idle
           0.19    0.00    7.69    4.60    0.00   87.52

Device            r/s     w/s     rMB/s     wMB/s   rrqm/s   wrqm/s  %rrqm  %wrqm r_await w_await aqu-sz rareq-sz wareq-sz  svctm  %util
sdb           8597.00 3519.00     33.58     59.04     0.00 11554.00   0.00  76.65    0.48    0.41   0.00     4.00    17.18   0.08 100.00

2021년 08월 24일 17시 19분 51초
avg-cpu:  %user   %nice %system %iowait  %steal   %idle
           0.06    0.00    6.97    4.37    0.00   88.59

Device            r/s     w/s     rMB/s     wMB/s   rrqm/s   wrqm/s  %rrqm  %wrqm r_await w_await aqu-sz rareq-sz wareq-sz  svctm  %util
sdb           8920.00 3349.00     35.21     59.31    91.00 11299.00   1.01  77.14    0.49    0.42   0.00     4.04    18.14   0.08 100.00

2021년 08월 24일 17시 19분 52초
avg-cpu:  %user   %nice %system %iowait  %steal   %idle
           0.19    0.00    6.74    4.90    0.00   88.17

Device            r/s     w/s     rMB/s     wMB/s   rrqm/s   wrqm/s  %rrqm  %wrqm r_await w_await aqu-sz rareq-sz wareq-sz  svctm  %util
sdb           8398.00 3419.00     32.80     57.47     0.00 11244.00   0.00  76.68    0.50    0.43   0.12     4.00    17.21   0.08  98.40

2021년 08월 24일 17시 19분 53초
avg-cpu:  %user   %nice %system %iowait  %steal   %idle
           0.06    0.00    6.48    5.21    0.00   88.25

Device            r/s     w/s     rMB/s     wMB/s   rrqm/s   wrqm/s  %rrqm  %wrqm r_await w_await aqu-sz rareq-sz wareq-sz  svctm  %util
sdb           8587.00 3619.00     33.78     66.42    60.00 12950.00   0.69  78.16    0.48    0.53   0.14     4.03    18.79   0.08 100.00

2021년 08월 24일 17시 19분 54초
avg-cpu:  %user   %nice %system %iowait  %steal   %idle
           0.13    0.00    7.85    4.71    0.00   87.31

Device            r/s     w/s     rMB/s     wMB/s   rrqm/s   wrqm/s  %rrqm  %wrqm r_await w_await aqu-sz rareq-sz wareq-sz  svctm  %util
sdb           8134.00 3310.00     31.90     55.91    31.00 11019.00   0.38  76.90    0.52    0.45   0.11     4.02    17.30   0.09  98.40

2021년 08월 24일 17시 19분 55초
avg-cpu:  %user   %nice %system %iowait  %steal   %idle
           0.19    0.00    7.70    4.42    0.00   87.70

Device            r/s     w/s     rMB/s     wMB/s   rrqm/s   wrqm/s  %rrqm  %wrqm r_await w_await aqu-sz rareq-sz wareq-sz  svctm  %util
sdb           8707.00 3426.00     34.14     59.50    31.00 11649.00   0.35  77.27    0.48    0.42   0.00     4.01    17.79   0.08 100.00

2021년 08월 24일 17시 19분 56초
avg-cpu:  %user   %nice %system %iowait  %steal   %idle
           0.13    0.00    7.95    4.54    0.00   87.38

Device            r/s     w/s     rMB/s     wMB/s   rrqm/s   wrqm/s  %rrqm  %wrqm r_await w_await aqu-sz rareq-sz wareq-sz  svctm  %util
sdb           8605.00 3488.00     33.85     58.30    59.00 11377.00   0.68  76.54    0.49    0.42   0.00     4.03    17.12   0.08 100.00

2021년 08월 24일 17시 19분 57초
avg-cpu:  %user   %nice %system %iowait  %steal   %idle
           0.19    0.00    8.10    4.71    0.00   87.00

Device            r/s     w/s     rMB/s     wMB/s   rrqm/s   wrqm/s  %rrqm  %wrqm r_await w_await aqu-sz rareq-sz wareq-sz  svctm  %util
sdb           8445.00 3465.00     32.99     56.93     0.00 11083.00   0.00  76.18    0.49    0.42   0.10     4.00    16.82   0.08  98.80

2021년 08월 24일 17시 19분 58초
avg-cpu:  %user   %nice %system %iowait  %steal   %idle
           0.13    0.00    7.29    4.50    0.00   88.08

Device            r/s     w/s     rMB/s     wMB/s   rrqm/s   wrqm/s  %rrqm  %wrqm r_await w_await aqu-sz rareq-sz wareq-sz  svctm  %util
sdb           8742.00 3477.00     34.27     59.64    29.00 11822.00   0.33  77.27    0.48    0.42   0.00     4.01    17.56   0.08 100.00

2021년 08월 24일 17시 19분 59초
avg-cpu:  %user   %nice %system %iowait  %steal   %idle
           0.25    0.00    7.12    4.79    0.00   87.84

Device            r/s     w/s     rMB/s     wMB/s   rrqm/s   wrqm/s  %rrqm  %wrqm r_await w_await aqu-sz rareq-sz wareq-sz  svctm  %util
sdb           8903.00 3367.00     34.78     59.07     0.00 11392.00   0.00  77.19    0.49    0.44   0.14     4.00    17.96   0.08  98.40

2021년 08월 24일 17시 20분 00초
avg-cpu:  %user   %nice %system %iowait  %steal   %idle
           0.13    0.00    6.93    4.26    0.00   88.68

Device            r/s     w/s     rMB/s     wMB/s   rrqm/s   wrqm/s  %rrqm  %wrqm r_await w_await aqu-sz rareq-sz wareq-sz  svctm  %util
sdb           8423.00 3534.00     32.91     58.53     2.00 11405.00   0.02  76.34    0.49    0.43   0.00     4.00    16.96   0.08 100.00

2021년 08월 24일 17시 20분 01초
avg-cpu:  %user   %nice %system %iowait  %steal   %idle
           0.25    0.00    8.39    3.94    0.00   87.42

Device            r/s     w/s     rMB/s     wMB/s   rrqm/s   wrqm/s  %rrqm  %wrqm r_await w_await aqu-sz rareq-sz wareq-sz  svctm  %util
sdb           8730.00 3482.00     34.59     58.16   122.00 11370.00   1.38  76.56    0.47    0.42   0.00     4.06    17.10   0.08 100.00

2021년 08월 24일 17시 20분 02초
avg-cpu:  %user   %nice %system %iowait  %steal   %idle
           0.06    0.00    9.09    4.67    0.00   86.19

Device            r/s     w/s     rMB/s     wMB/s   rrqm/s   wrqm/s  %rrqm  %wrqm r_await w_await aqu-sz rareq-sz wareq-sz  svctm  %util
sdb           8652.00 3383.00     33.79     57.55     0.00 11203.00   0.00  76.81    0.49    0.43   0.10     4.00    17.42   0.08  98.80

2021년 08월 24일 17시 20분 03초
avg-cpu:  %user   %nice %system %iowait  %steal   %idle
           0.25    0.00    8.45    4.13    0.00   87.16

Device            r/s     w/s     rMB/s     wMB/s   rrqm/s   wrqm/s  %rrqm  %wrqm r_await w_await aqu-sz rareq-sz wareq-sz  svctm  %util
sdb           8734.00 3431.00     34.12     57.76     0.00 11243.00   0.00  76.62    0.49    0.42   0.00     4.00    17.24   0.08 100.00

2021년 08월 24일 17시 20분 04초
avg-cpu:  %user   %nice %system %iowait  %steal   %idle
           0.19    0.00    7.88    4.47    0.00   87.46

Device            r/s     w/s     rMB/s     wMB/s   rrqm/s   wrqm/s  %rrqm  %wrqm r_await w_await aqu-sz rareq-sz wareq-sz  svctm  %util
sdb           8544.00 3421.00     33.49     57.57    29.00 11266.00   0.34  76.71    0.48    0.42   0.10     4.01    17.23   0.08  99.20

2021년 08월 24일 17시 20분 05초
avg-cpu:  %user   %nice %system %iowait  %steal   %idle
           0.06    0.00    7.42    4.44    0.00   88.07

Device            r/s     w/s     rMB/s     wMB/s   rrqm/s   wrqm/s  %rrqm  %wrqm r_await w_await aqu-sz rareq-sz wareq-sz  svctm  %util
sdb           8700.00 3443.00     33.98     58.77     0.00 11530.00   0.00  77.01    0.49    0.42   0.00     4.00    17.48   0.08 100.00

2021년 08월 24일 17시 20분 06초
avg-cpu:  %user   %nice %system %iowait  %steal   %idle
           0.13    0.00    8.57    4.63    0.00   86.67

Device            r/s     w/s     rMB/s     wMB/s   rrqm/s   wrqm/s  %rrqm  %wrqm r_await w_await aqu-sz rareq-sz wareq-sz  svctm  %util
sdb           8606.00 3423.00     33.62     57.54     0.00 11250.00   0.00  76.67    0.48    0.42   0.14     4.00    17.21   0.08  98.40

2021년 08월 24일 17시 20분 07초
avg-cpu:  %user   %nice %system %iowait  %steal   %idle
           0.13    0.00    7.64    4.42    0.00   87.82

Device            r/s     w/s     rMB/s     wMB/s   rrqm/s   wrqm/s  %rrqm  %wrqm r_await w_await aqu-sz rareq-sz wareq-sz  svctm  %util
sdb           8572.00 3415.00     33.61     59.52    31.00 11773.00   0.36  77.52    0.48    0.45   0.00     4.01    17.85   0.08 100.00

2021년 08월 24일 17시 20분 08초
avg-cpu:  %user   %nice %system %iowait  %steal   %idle
           0.06    0.00    8.29    3.89    0.00   87.76

Device            r/s     w/s     rMB/s     wMB/s   rrqm/s   wrqm/s  %rrqm  %wrqm r_await w_await aqu-sz rareq-sz wareq-sz  svctm  %util
sdb           8546.00 3457.00     33.74     58.70    89.00 11424.00   1.03  76.77    0.50    0.43   0.00     4.04    17.39   0.08 100.00

2021년 08월 24일 17시 20분 09초
avg-cpu:  %user   %nice %system %iowait  %steal   %idle
           0.19    0.00    8.43    4.50    0.00   86.88

Device            r/s     w/s     rMB/s     wMB/s   rrqm/s   wrqm/s  %rrqm  %wrqm r_await w_await aqu-sz rareq-sz wareq-sz  svctm  %util
sdb           8363.00 3341.00     32.79     57.56    29.00 11332.00   0.35  77.23    0.51    0.46   0.16     4.01    17.64   0.08  98.40

2021년 08월 24일 17시 20분 10초
avg-cpu:  %user   %nice %system %iowait  %steal   %idle
           0.19    0.00    6.95    4.33    0.00   88.53

Device            r/s     w/s     rMB/s     wMB/s   rrqm/s   wrqm/s  %rrqm  %wrqm r_await w_await aqu-sz rareq-sz wareq-sz  svctm  %util
sdb           8749.00 3450.00     34.17     59.59     0.00 11760.00   0.00  77.32    0.48    0.42   0.00     4.00    17.69   0.08 100.00

2021년 08월 24일 17시 20분 11초
avg-cpu:  %user   %nice %system %iowait  %steal   %idle
           0.31    0.00    7.42    5.09    0.00   87.18

Device            r/s     w/s     rMB/s     wMB/s   rrqm/s   wrqm/s  %rrqm  %wrqm r_await w_await aqu-sz rareq-sz wareq-sz  svctm  %util
sdb           8593.00 3353.00     33.80     58.05    60.00 11335.00   0.69  77.17    0.50    0.43   0.14     4.03    17.73   0.08  98.40

2021년 08월 24일 17시 20분 12초
avg-cpu:  %user   %nice %system %iowait  %steal   %idle
           0.13    0.00    7.29    4.44    0.00   88.14

Device            r/s     w/s     rMB/s     wMB/s   rrqm/s   wrqm/s  %rrqm  %wrqm r_await w_await aqu-sz rareq-sz wareq-sz  svctm  %util
sdb           8538.00 3410.00     33.35     58.26     0.00 11456.00   0.00  77.06    0.48    0.43   0.00     4.00    17.50   0.08 100.00

2021년 08월 24일 17시 20분 13초
avg-cpu:  %user   %nice %system %iowait  %steal   %idle
           0.13    0.00    5.85    4.76    0.00   89.27

Device            r/s     w/s     rMB/s     wMB/s   rrqm/s   wrqm/s  %rrqm  %wrqm r_await w_await aqu-sz rareq-sz wareq-sz  svctm  %util
sdb           8439.00 3456.00     32.96     58.59     0.00 11477.00   0.00  76.86    0.49    0.42   0.00     4.00    17.36   0.08 100.00

2021년 08월 24일 17시 20분 14초
avg-cpu:  %user   %nice %system %iowait  %steal   %idle
           0.13    0.00    7.14    5.37    0.00   87.36

Device            r/s     w/s     rMB/s     wMB/s   rrqm/s   wrqm/s  %rrqm  %wrqm r_await w_await aqu-sz rareq-sz wareq-sz  svctm  %util
sdb           8870.00 3321.00     34.65     58.89     0.00 11442.00   0.00  77.50    0.49    0.44   0.11     4.00    18.16   0.08  98.80

2021년 08월 24일 17시 20분 15초
avg-cpu:  %user   %nice %system %iowait  %steal   %idle
           0.25    0.00    8.38    4.13    0.00   87.24

Device            r/s     w/s     rMB/s     wMB/s   rrqm/s   wrqm/s  %rrqm  %wrqm r_await w_await aqu-sz rareq-sz wareq-sz  svctm  %util
sdb           8408.00 3460.00     32.84     57.74     0.00 11273.00   0.00  76.52    0.49    0.42   0.00     4.00    17.09   0.08 100.00

2021년 08월 24일 17시 20분 16초
avg-cpu:  %user   %nice %system %iowait  %steal   %idle
           0.19    0.00    8.54    4.74    0.00   86.54

Device            r/s     w/s     rMB/s     wMB/s   rrqm/s   wrqm/s  %rrqm  %wrqm r_await w_await aqu-sz rareq-sz wareq-sz  svctm  %util
sdb           8318.00 3329.00     32.49     57.41     0.00 11374.00   0.00  77.36    0.51    0.43   0.16     4.00    17.66   0.08  98.40

2021년 08월 24일 17시 20분 17초
avg-cpu:  %user   %nice %system %iowait  %steal   %idle
           0.06    0.00    0.38    0.56    0.00   99.00

Device            r/s     w/s     rMB/s     wMB/s   rrqm/s   wrqm/s  %rrqm  %wrqm r_await w_await aqu-sz rareq-sz wareq-sz  svctm  %util
sdb           2134.00  321.00      8.34      9.76     0.00  1166.00   0.00  78.41    0.35    0.50   0.00     4.00    31.14   0.05  13.20

2021년 08월 24일 17시 20분 18초
avg-cpu:  %user   %nice %system %iowait  %steal   %idle
           0.00    0.00    0.12    0.00    0.00   99.88

Device            r/s     w/s     rMB/s     wMB/s   rrqm/s   wrqm/s  %rrqm  %wrqm r_await w_await aqu-sz rareq-sz wareq-sz  svctm  %util
sdb              0.00    0.00      0.00      0.00     0.00     0.00   0.00   0.00    0.00    0.00   0.00     0.00     0.00   0.00   0.00

2021년 08월 24일 17시 20분 19초
avg-cpu:  %user   %nice %system %iowait  %steal   %idle
           0.00    0.00    0.06    0.00    0.00   99.94

Device            r/s     w/s     rMB/s     wMB/s   rrqm/s   wrqm/s  %rrqm  %wrqm r_await w_await aqu-sz rareq-sz wareq-sz  svctm  %util
sdb              0.00    0.00      0.00      0.00     0.00     0.00   0.00   0.00    0.00    0.00   0.00     0.00     0.00   0.00   0.00

2021년 08월 24일 17시 20분 20초
avg-cpu:  %user   %nice %system %iowait  %steal   %idle
           0.06    0.00    0.12    0.00    0.00   99.81

Device            r/s     w/s     rMB/s     wMB/s   rrqm/s   wrqm/s  %rrqm  %wrqm r_await w_await aqu-sz rareq-sz wareq-sz  svctm  %util
sdb              0.00    0.00      0.00      0.00     0.00     0.00   0.00   0.00    0.00    0.00   0.00     0.00     0.00   0.00   0.00

2021년 08월 24일 17시 20분 21초
avg-cpu:  %user   %nice %system %iowait  %steal   %idle
           0.06    0.00    0.12    0.00    0.00   99.81

Device            r/s     w/s     rMB/s     wMB/s   rrqm/s   wrqm/s  %rrqm  %wrqm r_await w_await aqu-sz rareq-sz wareq-sz  svctm  %util
sdb              0.00    0.00      0.00      0.00     0.00     0.00   0.00   0.00    0.00    0.00   0.00     0.00     0.00   0.00   0.00

2021년 08월 24일 17시 20분 22초
avg-cpu:  %user   %nice %system %iowait  %steal   %idle
           0.00    0.00    0.06    0.06    0.00   99.87

Device            r/s     w/s     rMB/s     wMB/s   rrqm/s   wrqm/s  %rrqm  %wrqm r_await w_await aqu-sz rareq-sz wareq-sz  svctm  %util
sdb              0.00    2.00      0.00      0.06     0.00    13.00   0.00  86.67    0.00    4.00   0.00     0.00    30.00   4.00   0.80

2021년 08월 24일 17시 20분 23초
avg-cpu:  %user   %nice %system %iowait  %steal   %idle
           0.00    0.00    0.06    0.00    0.00   99.94

Device            r/s     w/s     rMB/s     wMB/s   rrqm/s   wrqm/s  %rrqm  %wrqm r_await w_await aqu-sz rareq-sz wareq-sz  svctm  %util
sdb              0.00    0.00      0.00      0.00     0.00     0.00   0.00   0.00    0.00    0.00   0.00     0.00     0.00   0.00   0.00

2021년 08월 24일 17시 20분 24초
avg-cpu:  %user   %nice %system %iowait  %steal   %idle
           0.06    0.00    0.12    0.00    0.00   99.81

Device            r/s     w/s     rMB/s     wMB/s   rrqm/s   wrqm/s  %rrqm  %wrqm r_await w_await aqu-sz rareq-sz wareq-sz  svctm  %util
sdb              0.00  140.00      0.00      6.71     0.00  1577.00   0.00  91.85    0.00    1.21   0.02     0.00    49.06   0.14   2.00

2021년 08월 24일 17시 20분 25초
avg-cpu:  %user   %nice %system %iowait  %steal   %idle
           0.00    0.00    0.06    0.00    0.00   99.94

Device            r/s     w/s     rMB/s     wMB/s   rrqm/s   wrqm/s  %rrqm  %wrqm r_await w_await aqu-sz rareq-sz wareq-sz  svctm  %util
sdb              0.00    0.00      0.00      0.00     0.00     0.00   0.00   0.00    0.00    0.00   0.00     0.00     0.00   0.00   0.00

2021년 08월 24일 17시 20분 26초
avg-cpu:  %user   %nice %system %iowait  %steal   %idle
           0.00    0.00    0.12    0.00    0.00   99.88

Device            r/s     w/s     rMB/s     wMB/s   rrqm/s   wrqm/s  %rrqm  %wrqm r_await w_await aqu-sz rareq-sz wareq-sz  svctm  %util
sdb              0.00    0.00      0.00      0.00     0.00     0.00   0.00   0.00    0.00    0.00   0.00     0.00     0.00   0.00   0.00

2021년 08월 24일 17시 20분 27초
avg-cpu:  %user   %nice %system %iowait  %steal   %idle
           0.12    0.00    0.06    0.00    0.00   99.81

Device            r/s     w/s     rMB/s     wMB/s   rrqm/s   wrqm/s  %rrqm  %wrqm r_await w_await aqu-sz rareq-sz wareq-sz  svctm  %util
sdb              0.00    0.00      0.00      0.00     0.00     0.00   0.00   0.00    0.00    0.00   0.00     0.00     0.00   0.00   0.00

2021년 08월 24일 17시 20분 28초
avg-cpu:  %user   %nice %system %iowait  %steal   %idle
           0.06    0.00    0.06    0.00    0.00   99.87

Device            r/s     w/s     rMB/s     wMB/s   rrqm/s   wrqm/s  %rrqm  %wrqm r_await w_await aqu-sz rareq-sz wareq-sz  svctm  %util
sdb              0.00    0.00      0.00      0.00     0.00     0.00   0.00   0.00    0.00    0.00   0.00     0.00     0.00   0.00   0.00

2021년 08월 24일 17시 20분 29초
avg-cpu:  %user   %nice %system %iowait  %steal   %idle
           0.06    0.00    0.12    0.00    0.00   99.81

Device            r/s     w/s     rMB/s     wMB/s   rrqm/s   wrqm/s  %rrqm  %wrqm r_await w_await aqu-sz rareq-sz wareq-sz  svctm  %util
sdb              0.00    0.00      0.00      0.00     0.00     0.00   0.00   0.00    0.00    0.00   0.00     0.00     0.00   0.00   0.00

2021년 08월 24일 17시 20분 30초
avg-cpu:  %user   %nice %system %iowait  %steal   %idle
           0.12    0.00    0.12    0.00    0.00   99.75

Device            r/s     w/s     rMB/s     wMB/s   rrqm/s   wrqm/s  %rrqm  %wrqm r_await w_await aqu-sz rareq-sz wareq-sz  svctm  %util
sdb              0.00    0.00      0.00      0.00     0.00     0.00   0.00   0.00    0.00    0.00   0.00     0.00     0.00   0.00   0.00

2021년 08월 24일 17시 20분 31초
avg-cpu:  %user   %nice %system %iowait  %steal   %idle
           0.06    0.00    0.19    0.00    0.00   99.75

Device            r/s     w/s     rMB/s     wMB/s   rrqm/s   wrqm/s  %rrqm  %wrqm r_await w_await aqu-sz rareq-sz wareq-sz  svctm  %util
sdb              0.00    0.00      0.00      0.00     0.00     0.00   0.00   0.00    0.00    0.00   0.00     0.00     0.00   0.00   0.00

2021년 08월 24일 17시 20분 32초
avg-cpu:  %user   %nice %system %iowait  %steal   %idle
           0.00    0.00    0.13    0.00    0.00   99.87

Device            r/s     w/s     rMB/s     wMB/s   rrqm/s   wrqm/s  %rrqm  %wrqm r_await w_await aqu-sz rareq-sz wareq-sz  svctm  %util
sdb              0.00    0.00      0.00      0.00     0.00     0.00   0.00   0.00    0.00    0.00   0.00     0.00     0.00   0.00   0.00

2021년 08월 24일 17시 20분 33초
avg-cpu:  %user   %nice %system %iowait  %steal   %idle
           0.12    0.00    0.06    0.00    0.00   99.81

Device            r/s     w/s     rMB/s     wMB/s   rrqm/s   wrqm/s  %rrqm  %wrqm r_await w_await aqu-sz rareq-sz wareq-sz  svctm  %util
sdb              0.00    0.00      0.00      0.00     0.00     0.00   0.00   0.00    0.00    0.00   0.00     0.00     0.00   0.00   0.00

2021년 08월 24일 17시 20분 34초
avg-cpu:  %user   %nice %system %iowait  %steal   %idle
           0.06    0.00    0.19    0.00    0.00   99.75

Device            r/s     w/s     rMB/s     wMB/s   rrqm/s   wrqm/s  %rrqm  %wrqm r_await w_await aqu-sz rareq-sz wareq-sz  svctm  %util
sdb              0.00    0.00      0.00      0.00     0.00     0.00   0.00   0.00    0.00    0.00   0.00     0.00     0.00   0.00   0.00

2021년 08월 24일 17시 20분 35초
avg-cpu:  %user   %nice %system %iowait  %steal   %idle
           0.00    0.00    0.19    0.00    0.00   99.81

Device            r/s     w/s     rMB/s     wMB/s   rrqm/s   wrqm/s  %rrqm  %wrqm r_await w_await aqu-sz rareq-sz wareq-sz  svctm  %util
sdb              0.00    0.00      0.00      0.00     0.00     0.00   0.00   0.00    0.00    0.00   0.00     0.00     0.00   0.00   0.00

2021년 08월 24일 17시 20분 36초
avg-cpu:  %user   %nice %system %iowait  %steal   %idle
           0.00    0.00    0.19    0.00    0.00   99.81

Device            r/s     w/s     rMB/s     wMB/s   rrqm/s   wrqm/s  %rrqm  %wrqm r_await w_await aqu-sz rareq-sz wareq-sz  svctm  %util
sdb              0.00    0.00      0.00      0.00     0.00     0.00   0.00   0.00    0.00    0.00   0.00     0.00     0.00   0.00   0.00

2021년 08월 24일 17시 20분 37초
avg-cpu:  %user   %nice %system %iowait  %steal   %idle
           0.06    0.00    0.12    0.00    0.00   99.81

Device            r/s     w/s     rMB/s     wMB/s   rrqm/s   wrqm/s  %rrqm  %wrqm r_await w_await aqu-sz rareq-sz wareq-sz  svctm  %util
sdb              0.00    0.00      0.00      0.00     0.00     0.00   0.00   0.00    0.00    0.00   0.00     0.00     0.00   0.00   0.00

2021년 08월 24일 17시 20분 38초
avg-cpu:  %user   %nice %system %iowait  %steal   %idle
           0.00    0.00    0.13    0.00    0.00   99.87

Device            r/s     w/s     rMB/s     wMB/s   rrqm/s   wrqm/s  %rrqm  %wrqm r_await w_await aqu-sz rareq-sz wareq-sz  svctm  %util
sdb              0.00    0.00      0.00      0.00     0.00     0.00   0.00   0.00    0.00    0.00   0.00     0.00     0.00   0.00   0.00

2021년 08월 24일 17시 20분 39초
avg-cpu:  %user   %nice %system %iowait  %steal   %idle
           0.06    0.00    0.06    0.00    0.00   99.88

Device            r/s     w/s     rMB/s     wMB/s   rrqm/s   wrqm/s  %rrqm  %wrqm r_await w_await aqu-sz rareq-sz wareq-sz  svctm  %util
sdb              0.00    0.00      0.00      0.00     0.00     0.00   0.00   0.00    0.00    0.00   0.00     0.00     0.00   0.00   0.00

2021년 08월 24일 17시 20분 40초
avg-cpu:  %user   %nice %system %iowait  %steal   %idle
           0.06    0.00    0.06    0.00    0.00   99.87

Device            r/s     w/s     rMB/s     wMB/s   rrqm/s   wrqm/s  %rrqm  %wrqm r_await w_await aqu-sz rareq-sz wareq-sz  svctm  %util
sdb              0.00    0.00      0.00      0.00     0.00     0.00   0.00   0.00    0.00    0.00   0.00     0.00     0.00   0.00   0.00

