Linux 5.5.8test (syslab-desk) 	2021년 08월 24일 	_x86_64_	(16 CPU)

2021년 08월 24일 22시 20분 51초
avg-cpu:  %user   %nice %system %iowait  %steal   %idle
           0.08    0.00    0.10    0.50    0.00   99.32

Device            r/s     w/s     rMB/s     wMB/s   rrqm/s   wrqm/s  %rrqm  %wrqm r_await w_await aqu-sz rareq-sz wareq-sz  svctm  %util
sdb             33.45   80.23      0.20      2.46     0.10    70.10   0.30  46.63    0.53    1.39   0.03     6.08    31.35   0.10   1.19

2021년 08월 24일 22시 20분 52초
avg-cpu:  %user   %nice %system %iowait  %steal   %idle
           0.00    0.00    0.13    0.00    0.00   99.87

Device            r/s     w/s     rMB/s     wMB/s   rrqm/s   wrqm/s  %rrqm  %wrqm r_await w_await aqu-sz rareq-sz wareq-sz  svctm  %util
sdb              0.00    0.00      0.00      0.00     0.00     0.00   0.00   0.00    0.00    0.00   0.00     0.00     0.00   0.00   0.00

2021년 08월 24일 22시 20분 53초
avg-cpu:  %user   %nice %system %iowait  %steal   %idle
           0.19    0.00    0.81    0.44    0.00   98.56

Device            r/s     w/s     rMB/s     wMB/s   rrqm/s   wrqm/s  %rrqm  %wrqm r_await w_await aqu-sz rareq-sz wareq-sz  svctm  %util
sdb           5130.00   84.00     20.05     15.68     0.00  1920.00   0.00  95.81    0.10    2.23   0.13     4.00   191.10   0.06  31.60

2021년 08월 24일 22시 20분 54초
avg-cpu:  %user   %nice %system %iowait  %steal   %idle
           0.00    0.00    3.61    1.62    0.00   94.77

Device            r/s     w/s     rMB/s     wMB/s   rrqm/s   wrqm/s  %rrqm  %wrqm r_await w_await aqu-sz rareq-sz wareq-sz  svctm  %util
sdb           15077.00  423.00     58.89     65.30     0.00  7911.00   0.00  94.92    0.10    2.23   0.60     4.00   158.09   0.06 100.00

2021년 08월 24일 22시 20분 55초
avg-cpu:  %user   %nice %system %iowait  %steal   %idle
           0.06    0.00    4.01    1.25    0.00   94.68

Device            r/s     w/s     rMB/s     wMB/s   rrqm/s   wrqm/s  %rrqm  %wrqm r_await w_await aqu-sz rareq-sz wareq-sz  svctm  %util
sdb           11578.00  560.00     45.23     43.88     0.00  8823.00   0.00  94.03    0.11    1.03   0.18     4.00    80.24   0.08  98.40

2021년 08월 24일 22시 20분 56초
avg-cpu:  %user   %nice %system %iowait  %steal   %idle
           0.06    0.00    2.88    1.81    0.00   95.24

Device            r/s     w/s     rMB/s     wMB/s   rrqm/s   wrqm/s  %rrqm  %wrqm r_await w_await aqu-sz rareq-sz wareq-sz  svctm  %util
sdb           17097.00  335.00     66.79     71.45     0.00 10103.00   0.00  96.79    0.09    3.02   0.73     4.00   218.41   0.06 100.00

2021년 08월 24일 22시 20분 57초
avg-cpu:  %user   %nice %system %iowait  %steal   %idle
           0.00    0.00    1.89    2.64    0.00   95.47

Device            r/s     w/s     rMB/s     wMB/s   rrqm/s   wrqm/s  %rrqm  %wrqm r_await w_await aqu-sz rareq-sz wareq-sz  svctm  %util
sdb           20403.00  225.00     79.70     80.78     0.00  6857.00   0.00  96.82    0.08    6.69   1.25     4.00   367.63   0.05  98.00

2021년 08월 24일 22시 20분 58초
avg-cpu:  %user   %nice %system %iowait  %steal   %idle
           0.06    0.00    4.14    1.07    0.00   94.73

Device            r/s     w/s     rMB/s     wMB/s   rrqm/s   wrqm/s  %rrqm  %wrqm r_await w_await aqu-sz rareq-sz wareq-sz  svctm  %util
sdb           12887.00  535.00     50.34     42.30     0.00  9159.00   0.00  94.48    0.10    0.93   0.08     4.00    80.96   0.07 100.00

2021년 08월 24일 22시 20분 59초
avg-cpu:  %user   %nice %system %iowait  %steal   %idle
           0.00    0.00    2.25    2.25    0.00   95.50

Device            r/s     w/s     rMB/s     wMB/s   rrqm/s   wrqm/s  %rrqm  %wrqm r_await w_await aqu-sz rareq-sz wareq-sz  svctm  %util
sdb           19288.00  256.00     75.34     86.57     0.00  7266.00   0.00  96.60    0.08    6.10   1.30     4.00   346.28   0.05 100.00

2021년 08월 24일 22시 21분 00초
avg-cpu:  %user   %nice %system %iowait  %steal   %idle
           0.00    0.00    2.77    0.69    0.00   96.54

Device            r/s     w/s     rMB/s     wMB/s   rrqm/s   wrqm/s  %rrqm  %wrqm r_await w_await aqu-sz rareq-sz wareq-sz  svctm  %util
sdb           14957.00  412.00     58.43     55.89     0.00  8772.00   0.00  95.51    0.09    1.82   0.43     4.00   138.92   0.06  98.80

2021년 08월 24일 22시 21분 01초
avg-cpu:  %user   %nice %system %iowait  %steal   %idle
           0.00    0.00    3.25    1.13    0.00   95.62

Device            r/s     w/s     rMB/s     wMB/s   rrqm/s   wrqm/s  %rrqm  %wrqm r_await w_await aqu-sz rareq-sz wareq-sz  svctm  %util
sdb           15254.00  463.00     59.59     65.70     0.00  7812.00   0.00  94.40    0.10    2.38   0.74     4.00   145.30   0.06 100.00

2021년 08월 24일 22시 21분 02초
avg-cpu:  %user   %nice %system %iowait  %steal   %idle
           0.00    0.00    2.71    0.57    0.00   96.72

Device            r/s     w/s     rMB/s     wMB/s   rrqm/s   wrqm/s  %rrqm  %wrqm r_await w_await aqu-sz rareq-sz wareq-sz  svctm  %util
sdb           16193.00  399.00     63.25     59.75     0.00  6688.00   0.00  94.37    0.09    2.11   0.48     4.00   153.34   0.06 100.00

2021년 08월 24일 22시 21분 03초
avg-cpu:  %user   %nice %system %iowait  %steal   %idle
           0.00    0.00    2.71    1.45    0.00   95.84

Device            r/s     w/s     rMB/s     wMB/s   rrqm/s   wrqm/s  %rrqm  %wrqm r_await w_await aqu-sz rareq-sz wareq-sz  svctm  %util
sdb           15924.00  424.00     62.20     54.28     0.00 10134.00   0.00  95.98    0.09    1.79   0.43     4.00   131.09   0.06  98.40

2021년 08월 24일 22시 21분 04초
avg-cpu:  %user   %nice %system %iowait  %steal   %idle
           0.00    0.00    2.01    0.75    0.00   97.24

Device            r/s     w/s     rMB/s     wMB/s   rrqm/s   wrqm/s  %rrqm  %wrqm r_await w_await aqu-sz rareq-sz wareq-sz  svctm  %util
sdb           20712.00  233.00     80.91     86.16     0.00 12321.00   0.00  98.14    0.08    6.41   1.24     4.00   378.68   0.05 100.00

2021년 08월 24일 22시 21분 05초
avg-cpu:  %user   %nice %system %iowait  %steal   %idle
           0.06    0.00    2.07    1.82    0.00   96.06

Device            r/s     w/s     rMB/s     wMB/s   rrqm/s   wrqm/s  %rrqm  %wrqm r_await w_await aqu-sz rareq-sz wareq-sz  svctm  %util
sdb           19771.00  279.00     77.23     85.79     0.00 11021.00   0.00  97.53    0.08    5.86   1.39     4.00   314.85   0.05  98.80

2021년 08월 24일 22시 21분 06초
avg-cpu:  %user   %nice %system %iowait  %steal   %idle
           0.00    0.00    2.14    1.26    0.00   96.61

Device            r/s     w/s     rMB/s     wMB/s   rrqm/s   wrqm/s  %rrqm  %wrqm r_await w_await aqu-sz rareq-sz wareq-sz  svctm  %util
sdb           18871.00  274.00     73.71     76.02     0.00 12688.00   0.00  97.89    0.08    4.62   0.98     4.00   284.10   0.05 100.00

2021년 08월 24일 22시 21분 07초
avg-cpu:  %user   %nice %system %iowait  %steal   %idle
           0.06    0.00    2.20    0.57    0.00   97.17

Device            r/s     w/s     rMB/s     wMB/s   rrqm/s   wrqm/s  %rrqm  %wrqm r_await w_await aqu-sz rareq-sz wareq-sz  svctm  %util
sdb           16974.00  303.00     66.30     68.48     0.00 11323.00   0.00  97.39    0.09    3.50   0.81     4.00   231.45   0.06  98.40

2021년 08월 24일 22시 21분 08초
avg-cpu:  %user   %nice %system %iowait  %steal   %idle
           0.00    0.00    3.76    0.69    0.00   95.55

Device            r/s     w/s     rMB/s     wMB/s   rrqm/s   wrqm/s  %rrqm  %wrqm r_await w_await aqu-sz rareq-sz wareq-sz  svctm  %util
sdb           14355.00  534.00     56.07     58.72     0.00 11451.00   0.00  95.54    0.09    1.23   0.25     4.00   112.60   0.07 100.00

2021년 08월 24일 22시 21분 09초
avg-cpu:  %user   %nice %system %iowait  %steal   %idle
           0.00    0.00    2.58    1.26    0.00   96.17

Device            r/s     w/s     rMB/s     wMB/s   rrqm/s   wrqm/s  %rrqm  %wrqm r_await w_await aqu-sz rareq-sz wareq-sz  svctm  %util
sdb           16687.00  307.00     65.19     66.14     0.00 11324.00   0.00  97.36    0.09    3.27   0.71     4.00   220.60   0.06 100.00

2021년 08월 24일 22시 21분 10초
avg-cpu:  %user   %nice %system %iowait  %steal   %idle
           0.13    0.00    2.14    0.75    0.00   96.98

Device            r/s     w/s     rMB/s     wMB/s   rrqm/s   wrqm/s  %rrqm  %wrqm r_await w_await aqu-sz rareq-sz wareq-sz  svctm  %util
sdb           17820.00  338.00     69.61     66.69     0.00 14325.00   0.00  97.69    0.08    3.32   0.86     4.00   202.05   0.05  98.80

2021년 08월 24일 22시 21분 11초
avg-cpu:  %user   %nice %system %iowait  %steal   %idle
           0.00    0.00    1.95    0.50    0.00   97.55

Device            r/s     w/s     rMB/s     wMB/s   rrqm/s   wrqm/s  %rrqm  %wrqm r_await w_await aqu-sz rareq-sz wareq-sz  svctm  %util
sdb           19154.00  253.00     74.82     69.13     0.00  7876.00   0.00  96.89    0.08    3.53   0.64     4.00   279.81   0.05 100.00

2021년 08월 24일 22시 21분 12초
avg-cpu:  %user   %nice %system %iowait  %steal   %idle
           0.00    0.00    1.70    0.69    0.00   97.61

Device            r/s     w/s     rMB/s     wMB/s   rrqm/s   wrqm/s  %rrqm  %wrqm r_await w_await aqu-sz rareq-sz wareq-sz  svctm  %util
sdb           19257.00  258.00     75.22     78.92     0.00  6790.00   0.00  96.34    0.08    5.18   1.08     4.00   313.24   0.05 100.00

2021년 08월 24일 22시 21분 13초
avg-cpu:  %user   %nice %system %iowait  %steal   %idle
           0.06    0.00    3.01    1.19    0.00   95.74

Device            r/s     w/s     rMB/s     wMB/s   rrqm/s   wrqm/s  %rrqm  %wrqm r_await w_await aqu-sz rareq-sz wareq-sz  svctm  %util
sdb           14867.00  400.00     58.08     62.74     0.00  9493.00   0.00  95.96    0.09    3.06   0.94     4.00   160.61   0.06  98.80

2021년 08월 24일 22시 21분 14초
avg-cpu:  %user   %nice %system %iowait  %steal   %idle
           0.00    0.00    0.31    0.00    0.00   99.69

Device            r/s     w/s     rMB/s     wMB/s   rrqm/s   wrqm/s  %rrqm  %wrqm r_await w_await aqu-sz rareq-sz wareq-sz  svctm  %util
sdb            989.00   18.00      3.86      9.03     0.00     1.00   0.00   5.26    0.03    9.67   0.14     4.00   513.56   0.05   5.20

