Linux 5.5.8test (syslab-desk) 	2021년 08월 24일 	_x86_64_	(16 CPU)

2021년 08월 24일 23시 05분 00초
avg-cpu:  %user   %nice %system %iowait  %steal   %idle
           0.12    0.00    0.11    0.53    0.00   99.25

Device            r/s     w/s     rMB/s     wMB/s   rrqm/s   wrqm/s  %rrqm  %wrqm r_await w_await aqu-sz rareq-sz wareq-sz  svctm  %util
sdb             34.42  101.12      0.20      2.56     0.10    74.20   0.30  42.32    0.52    1.17   0.03     6.02    25.95   0.09   1.28

2021년 08월 24일 23시 05분 01초
avg-cpu:  %user   %nice %system %iowait  %steal   %idle
           0.06    0.00    0.25    0.00    0.00   99.69

Device            r/s     w/s     rMB/s     wMB/s   rrqm/s   wrqm/s  %rrqm  %wrqm r_await w_await aqu-sz rareq-sz wareq-sz  svctm  %util
sdb              0.00    0.00      0.00      0.00     0.00     0.00   0.00   0.00    0.00    0.00   0.00     0.00     0.00   0.00   0.00

2021년 08월 24일 23시 05분 02초
avg-cpu:  %user   %nice %system %iowait  %steal   %idle
           0.12    0.00    0.06    0.06    0.00   99.75

Device            r/s     w/s     rMB/s     wMB/s   rrqm/s   wrqm/s  %rrqm  %wrqm r_await w_await aqu-sz rareq-sz wareq-sz  svctm  %util
sdb              0.00    0.00      0.00      0.00     0.00     0.00   0.00   0.00    0.00    0.00   0.00     0.00     0.00   0.00   0.00

2021년 08월 24일 23시 05분 03초
avg-cpu:  %user   %nice %system %iowait  %steal   %idle
           0.06    0.00    2.20    3.51    0.00   94.23

Device            r/s     w/s     rMB/s     wMB/s   rrqm/s   wrqm/s  %rrqm  %wrqm r_await w_await aqu-sz rareq-sz wareq-sz  svctm  %util
sdb           24341.00  196.00     95.09     90.00     0.00     0.00   0.00   0.00    0.02   10.34   1.64     4.00   470.20   0.04  96.80

2021년 08월 24일 23시 05분 04초
avg-cpu:  %user   %nice %system %iowait  %steal   %idle
           0.06    0.00    2.13    2.63    0.00   95.18

Device            r/s     w/s     rMB/s     wMB/s   rrqm/s   wrqm/s  %rrqm  %wrqm r_await w_await aqu-sz rareq-sz wareq-sz  svctm  %util
sdb           26771.00  214.00    104.57    100.00     0.00     0.00   0.00   0.00    0.02    9.98   1.69     4.00   478.50   0.04 100.00

2021년 08월 24일 23시 05분 05초
avg-cpu:  %user   %nice %system %iowait  %steal   %idle
           0.00    0.00    1.76    0.69    0.00   97.54

Device            r/s     w/s     rMB/s     wMB/s   rrqm/s   wrqm/s  %rrqm  %wrqm r_await w_await aqu-sz rareq-sz wareq-sz  svctm  %util
sdb           25591.00  212.00     99.96    100.00     0.00     0.00   0.00   0.00    0.02   10.98   1.92     4.00   483.02   0.04  98.80

2021년 08월 24일 23시 05분 06초
avg-cpu:  %user   %nice %system %iowait  %steal   %idle
           0.06    0.00    1.51    0.00    0.00   98.43

Device            r/s     w/s     rMB/s     wMB/s   rrqm/s   wrqm/s  %rrqm  %wrqm r_await w_await aqu-sz rareq-sz wareq-sz  svctm  %util
sdb           27079.00  236.00    105.78    110.00     0.00     0.00   0.00   0.00    0.02   10.70   2.06     4.00   477.29   0.04  98.80

2021년 08월 24일 23시 05분 07초
avg-cpu:  %user   %nice %system %iowait  %steal   %idle
           0.00    0.00    1.57    0.06    0.00   98.36

Device            r/s     w/s     rMB/s     wMB/s   rrqm/s   wrqm/s  %rrqm  %wrqm r_await w_await aqu-sz rareq-sz wareq-sz  svctm  %util
sdb           27888.00  236.00    108.94    110.00     0.00     0.00   0.00   0.00    0.02    9.97   1.90     4.00   477.29   0.04 100.00

2021년 08월 24일 23시 05분 08초
avg-cpu:  %user   %nice %system %iowait  %steal   %idle
           0.06    0.00    1.88    3.45    0.00   94.60

Device            r/s     w/s     rMB/s     wMB/s   rrqm/s   wrqm/s  %rrqm  %wrqm r_await w_await aqu-sz rareq-sz wareq-sz  svctm  %util
sdb           24736.00  216.00     96.62    100.42     0.00  1973.00   0.00  90.13    0.02   10.50   1.87     4.00   476.06   0.04  98.80

2021년 08월 24일 23시 05분 09초
avg-cpu:  %user   %nice %system %iowait  %steal   %idle
           0.06    0.00    1.88    2.51    0.00   95.54

Device            r/s     w/s     rMB/s     wMB/s   rrqm/s   wrqm/s  %rrqm  %wrqm r_await w_await aqu-sz rareq-sz wareq-sz  svctm  %util
sdb           27162.00  214.00    106.10    100.00     0.00     0.00   0.00   0.00    0.02    9.97   1.70     4.00   478.50   0.04 100.00

2021년 08월 24일 23시 05분 10초
avg-cpu:  %user   %nice %system %iowait  %steal   %idle
           0.06    0.00    1.76    3.90    0.00   94.27

Device            r/s     w/s     rMB/s     wMB/s   rrqm/s   wrqm/s  %rrqm  %wrqm r_await w_await aqu-sz rareq-sz wareq-sz  svctm  %util
sdb           24797.00  214.00     96.86    100.00     0.00     0.00   0.00   0.00    0.02   10.99   1.92     4.00   478.50   0.04  98.80

2021년 08월 24일 23시 05분 11초
avg-cpu:  %user   %nice %system %iowait  %steal   %idle
           0.00    0.00    1.26    0.63    0.00   98.10

Device            r/s     w/s     rMB/s     wMB/s   rrqm/s   wrqm/s  %rrqm  %wrqm r_await w_await aqu-sz rareq-sz wareq-sz  svctm  %util
sdb           27770.00  236.00    108.48    110.00     0.00     0.00   0.00   0.00    0.02    9.99   1.88     4.00   477.29   0.04 100.00

2021년 08월 24일 23시 05분 12초
avg-cpu:  %user   %nice %system %iowait  %steal   %idle
           0.06    0.00    1.70    2.26    0.00   95.98

Device            r/s     w/s     rMB/s     wMB/s   rrqm/s   wrqm/s  %rrqm  %wrqm r_await w_await aqu-sz rareq-sz wareq-sz  svctm  %util
sdb           27559.00  216.00    107.65    100.00     0.00     0.00   0.00   0.00    0.02   11.00   1.95     4.00   474.07   0.04  98.80

2021년 08월 24일 23시 05분 13초
avg-cpu:  %user   %nice %system %iowait  %steal   %idle
           0.00    0.00    1.88    0.63    0.00   97.50

Device            r/s     w/s     rMB/s     wMB/s   rrqm/s   wrqm/s  %rrqm  %wrqm r_await w_await aqu-sz rareq-sz wareq-sz  svctm  %util
sdb           27568.00  242.00    107.69    110.46     0.00   115.00   0.00  32.21    0.02   10.96   2.17     4.00   467.39   0.04  98.80

2021년 08월 24일 23시 05분 14초
avg-cpu:  %user   %nice %system %iowait  %steal   %idle
           0.06    0.00    2.01    1.57    0.00   96.36

Device            r/s     w/s     rMB/s     wMB/s   rrqm/s   wrqm/s  %rrqm  %wrqm r_await w_await aqu-sz rareq-sz wareq-sz  svctm  %util
sdb           26312.00  216.00    102.78    100.00     0.00     0.00   0.00   0.00    0.02    9.88   1.70     4.00   474.07   0.04 100.00

2021년 08월 24일 23시 05분 15초
avg-cpu:  %user   %nice %system %iowait  %steal   %idle
           0.06    0.00    1.63    2.89    0.00   95.41

Device            r/s     w/s     rMB/s     wMB/s   rrqm/s   wrqm/s  %rrqm  %wrqm r_await w_await aqu-sz rareq-sz wareq-sz  svctm  %util
sdb           17977.00  174.00     70.22     80.00     0.00     0.00   0.00   0.00    0.02    9.93   1.41     4.00   470.80   0.04  75.60

2021년 08월 24일 23시 05분 16초
avg-cpu:  %user   %nice %system %iowait  %steal   %idle
           0.00    0.00    0.13    0.00    0.00   99.87

Device            r/s     w/s     rMB/s     wMB/s   rrqm/s   wrqm/s  %rrqm  %wrqm r_await w_await aqu-sz rareq-sz wareq-sz  svctm  %util
sdb              0.00    0.00      0.00      0.00     0.00     0.00   0.00   0.00    0.00    0.00   0.00     0.00     0.00   0.00   0.00

