Linux 5.5.8test (syslab-desk) 	2021년 08월 24일 	_x86_64_	(16 CPU)

2021년 08월 24일 22시 52분 50초
avg-cpu:  %user   %nice %system %iowait  %steal   %idle
           0.11    0.00    0.11    0.52    0.00   99.26

Device            r/s     w/s     rMB/s     wMB/s   rrqm/s   wrqm/s  %rrqm  %wrqm r_await w_await aqu-sz rareq-sz wareq-sz  svctm  %util
sdb             34.17   95.88      0.20      2.54     0.10    73.14   0.30  43.27    0.52    1.22   0.03     6.04    27.08   0.10   1.26

2021년 08월 24일 22시 52분 51초
avg-cpu:  %user   %nice %system %iowait  %steal   %idle
           0.00    0.00    0.13    0.00    0.00   99.87

Device            r/s     w/s     rMB/s     wMB/s   rrqm/s   wrqm/s  %rrqm  %wrqm r_await w_await aqu-sz rareq-sz wareq-sz  svctm  %util
sdb              0.00    0.00      0.00      0.00     0.00     0.00   0.00   0.00    0.00    0.00   0.00     0.00     0.00   0.00   0.00

2021년 08월 24일 22시 52분 52초
avg-cpu:  %user   %nice %system %iowait  %steal   %idle
           0.00    0.00    0.00    0.00    0.00  100.00

Device            r/s     w/s     rMB/s     wMB/s   rrqm/s   wrqm/s  %rrqm  %wrqm r_await w_await aqu-sz rareq-sz wareq-sz  svctm  %util
sdb              0.00    0.00      0.00      0.00     0.00     0.00   0.00   0.00    0.00    0.00   0.00     0.00     0.00   0.00   0.00

2021년 08월 24일 22시 52분 53초
avg-cpu:  %user   %nice %system %iowait  %steal   %idle
           0.19    0.00   12.35    9.78    0.00   77.68

Device            r/s     w/s     rMB/s     wMB/s   rrqm/s   wrqm/s  %rrqm  %wrqm r_await w_await aqu-sz rareq-sz wareq-sz  svctm  %util
sdb           16838.00 3230.00     65.79     77.27     1.00 16582.00   0.01  83.70    0.56    0.54   0.32     4.00    24.50   0.04  83.60

2021년 08월 24일 22시 52분 54초
avg-cpu:  %user   %nice %system %iowait  %steal   %idle
           0.06    0.00   13.11   11.73    0.00   75.09

Device            r/s     w/s     rMB/s     wMB/s   rrqm/s   wrqm/s  %rrqm  %wrqm r_await w_await aqu-sz rareq-sz wareq-sz  svctm  %util
sdb           23941.00 3520.00     93.52    107.34     0.00 23646.00   0.00  87.04    0.48    0.71   1.09     4.00    31.23   0.04 100.80

2021년 08월 24일 22시 52분 55초
avg-cpu:  %user   %nice %system %iowait  %steal   %idle
           0.00    0.00    9.64   10.68    0.00   79.68

Device            r/s     w/s     rMB/s     wMB/s   rrqm/s   wrqm/s  %rrqm  %wrqm r_await w_await aqu-sz rareq-sz wareq-sz  svctm  %util
sdb           37205.00 2786.00    145.34     67.46     0.00 14467.00   0.00  83.85    0.32    0.51   0.27     4.00    24.79   0.02  98.80

2021년 08월 24일 22시 52분 56초
avg-cpu:  %user   %nice %system %iowait  %steal   %idle
           0.06    0.00    7.05   10.86    0.00   82.02

Device            r/s     w/s     rMB/s     wMB/s   rrqm/s   wrqm/s  %rrqm  %wrqm r_await w_await aqu-sz rareq-sz wareq-sz  svctm  %util
sdb           24371.00 2093.00     95.20    190.50     0.00 46278.00   0.00  95.67    0.52    2.32   7.52     4.00    93.20   0.04  98.40

2021년 08월 24일 22시 52분 57초
avg-cpu:  %user   %nice %system %iowait  %steal   %idle
           0.06    0.00   15.06   10.14    0.00   74.74

Device            r/s     w/s     rMB/s     wMB/s   rrqm/s   wrqm/s  %rrqm  %wrqm r_await w_await aqu-sz rareq-sz wareq-sz  svctm  %util
sdb           21912.00 3720.00     85.59     99.61     0.00 21507.00   0.00  85.25    0.51    0.60   0.74     4.00    27.42   0.04 100.00

2021년 08월 24일 22시 52분 58초
avg-cpu:  %user   %nice %system %iowait  %steal   %idle
           0.13    0.00   12.02   11.44    0.00   76.41

Device            r/s     w/s     rMB/s     wMB/s   rrqm/s   wrqm/s  %rrqm  %wrqm r_await w_await aqu-sz rareq-sz wareq-sz  svctm  %util
sdb           20803.00 3831.00     81.26     95.10     0.00 20513.00   0.00  84.26    0.54    0.55   0.30     4.00    25.42   0.04  98.40

2021년 08월 24일 22시 52분 59초
avg-cpu:  %user   %nice %system %iowait  %steal   %idle
           0.13    0.00    8.59   13.72    0.00   77.56

Device            r/s     w/s     rMB/s     wMB/s   rrqm/s   wrqm/s  %rrqm  %wrqm r_await w_await aqu-sz rareq-sz wareq-sz  svctm  %util
sdb           32362.00 2686.00    126.41    115.66     0.00 28887.00   0.00  91.49    0.37    1.03   2.59     4.00    44.09   0.03 100.00

2021년 08월 24일 22시 53분 00초
avg-cpu:  %user   %nice %system %iowait  %steal   %idle
           0.06    0.00    9.20   10.86    0.00   79.87

Device            r/s     w/s     rMB/s     wMB/s   rrqm/s   wrqm/s  %rrqm  %wrqm r_await w_await aqu-sz rareq-sz wareq-sz  svctm  %util
sdb           28494.00 2338.00    111.30    140.33     0.00 30518.00   0.00  92.88    0.43    1.66   5.06     4.00    61.46   0.03  98.80

2021년 08월 24일 22시 53분 01초
avg-cpu:  %user   %nice %system %iowait  %steal   %idle
           0.06    0.00    8.38   10.53    0.00   81.03

Device            r/s     w/s     rMB/s     wMB/s   rrqm/s   wrqm/s  %rrqm  %wrqm r_await w_await aqu-sz rareq-sz wareq-sz  svctm  %util
sdb           34783.00 1962.00    135.87    135.47     0.00 32914.00   0.00  94.37    0.36    1.72   5.04     4.00    70.70   0.03  98.00

2021년 08월 24일 22시 53분 02초
avg-cpu:  %user   %nice %system %iowait  %steal   %idle
           0.06    0.00   14.47   12.03    0.00   73.43

Device            r/s     w/s     rMB/s     wMB/s   rrqm/s   wrqm/s  %rrqm  %wrqm r_await w_await aqu-sz rareq-sz wareq-sz  svctm  %util
sdb           23241.00 3575.00     90.79     97.28     0.00 19905.00   0.00  84.77    0.50    0.66   1.16     4.00    27.86   0.04  98.40

2021년 08월 24일 22시 53분 03초
avg-cpu:  %user   %nice %system %iowait  %steal   %idle
           0.06    0.00   13.55   10.12    0.00   76.26

Device            r/s     w/s     rMB/s     wMB/s   rrqm/s   wrqm/s  %rrqm  %wrqm r_await w_await aqu-sz rareq-sz wareq-sz  svctm  %util
sdb           23116.00 3522.00     90.30    113.49     0.00 24868.00   0.00  87.59    0.51    0.78   1.99     4.00    33.00   0.04 100.00

2021년 08월 24일 22시 53분 04초
avg-cpu:  %user   %nice %system %iowait  %steal   %idle
           0.06    0.00   13.93   11.66    0.00   74.35

Device            r/s     w/s     rMB/s     wMB/s   rrqm/s   wrqm/s  %rrqm  %wrqm r_await w_await aqu-sz rareq-sz wareq-sz  svctm  %util
sdb           20972.00 3971.00     81.92     93.56     0.00 19980.00   0.00  83.42    0.54    0.54   0.22     4.00    24.13   0.04  98.40

2021년 08월 24일 22시 53분 05초
avg-cpu:  %user   %nice %system %iowait  %steal   %idle
           0.19    0.00   11.49   10.72    0.00   77.60

Device            r/s     w/s     rMB/s     wMB/s   rrqm/s   wrqm/s  %rrqm  %wrqm r_await w_await aqu-sz rareq-sz wareq-sz  svctm  %util
sdb           22532.00 3689.00     88.02    100.36     0.00 21950.00   0.00  85.61    0.50    0.63   1.10     4.00    27.86   0.04  98.40

2021년 08월 24일 22시 53분 06초
avg-cpu:  %user   %nice %system %iowait  %steal   %idle
           0.06    0.00   14.73    5.16    0.00   80.05

Device            r/s     w/s     rMB/s     wMB/s   rrqm/s   wrqm/s  %rrqm  %wrqm r_await w_await aqu-sz rareq-sz wareq-sz  svctm  %util
sdb           18365.00 3212.00     71.74     85.21     0.00 18596.00   0.00  85.27    0.45    0.47   0.00     4.00    27.17   0.05 100.00

2021년 08월 24일 22시 53분 07초
avg-cpu:  %user   %nice %system %iowait  %steal   %idle
           0.13    0.00    6.83    3.10    0.00   89.94

Device            r/s     w/s     rMB/s     wMB/s   rrqm/s   wrqm/s  %rrqm  %wrqm r_await w_await aqu-sz rareq-sz wareq-sz  svctm  %util
sdb           9636.00 1904.00     37.64     46.33     0.00  9832.00   0.00  83.78    0.41    0.41   0.00     4.00    24.92   0.05  61.20

2021년 08월 24일 22시 53분 08초
avg-cpu:  %user   %nice %system %iowait  %steal   %idle
           0.06    0.00    0.06    0.00    0.00   99.88

Device            r/s     w/s     rMB/s     wMB/s   rrqm/s   wrqm/s  %rrqm  %wrqm r_await w_await aqu-sz rareq-sz wareq-sz  svctm  %util
sdb              0.00    0.00      0.00      0.00     0.00     0.00   0.00   0.00    0.00    0.00   0.00     0.00     0.00   0.00   0.00

