Linux 5.5.8test (syslab-desk) 	2021년 08월 24일 	_x86_64_	(16 CPU)

2021년 08월 24일 23시 33분 41초
avg-cpu:  %user   %nice %system %iowait  %steal   %idle
           0.14    0.00    0.11    0.54    0.00   99.21

Device            r/s     w/s     rMB/s     wMB/s   rrqm/s   wrqm/s  %rrqm  %wrqm r_await w_await aqu-sz rareq-sz wareq-sz  svctm  %util
sdb             34.87  111.43      0.20      2.61     0.10    76.01   0.29  40.55    0.52    1.10   0.03     5.99    24.02   0.09   1.32

2021년 08월 24일 23시 33분 42초
avg-cpu:  %user   %nice %system %iowait  %steal   %idle
           0.12    0.00    0.19    0.00    0.00   99.69

Device            r/s     w/s     rMB/s     wMB/s   rrqm/s   wrqm/s  %rrqm  %wrqm r_await w_await aqu-sz rareq-sz wareq-sz  svctm  %util
sdb              0.00    0.00      0.00      0.00     0.00     0.00   0.00   0.00    0.00    0.00   0.00     0.00     0.00   0.00   0.00

2021년 08월 24일 23시 33분 43초
avg-cpu:  %user   %nice %system %iowait  %steal   %idle
           0.06    0.00    1.82    7.74    0.00   90.38

Device            r/s     w/s     rMB/s     wMB/s   rrqm/s   wrqm/s  %rrqm  %wrqm r_await w_await aqu-sz rareq-sz wareq-sz  svctm  %util
sdb           4156.00  794.00     16.25     16.11     1.00  3368.00   0.02  80.92    0.81    0.71   0.00     4.00    20.77   0.03  16.80

2021년 08월 24일 23시 33분 44초
avg-cpu:  %user   %nice %system %iowait  %steal   %idle
           0.00    0.00    7.09   56.68    0.00   36.23

Device            r/s     w/s     rMB/s     wMB/s   rrqm/s   wrqm/s  %rrqm  %wrqm r_await w_await aqu-sz rareq-sz wareq-sz  svctm  %util
sdb           40283.00 1749.00    157.36    164.36     0.00 40375.00   0.00  95.85    0.68    2.86  13.09     4.00    96.23   0.02  97.60

2021년 08월 24일 23시 33분 45초
avg-cpu:  %user   %nice %system %iowait  %steal   %idle
           0.06    0.00    6.70   59.82    0.00   33.42

Device            r/s     w/s     rMB/s     wMB/s   rrqm/s   wrqm/s  %rrqm  %wrqm r_await w_await aqu-sz rareq-sz wareq-sz  svctm  %util
sdb           39154.00 1897.00    152.95    159.25     0.00 38684.00   0.00  95.33    0.70    2.93  13.20     4.00    85.97   0.02  98.80

2021년 08월 24일 23시 33분 46초
avg-cpu:  %user   %nice %system %iowait  %steal   %idle
           0.06    0.00   14.03   52.02    0.00   33.89

Device            r/s     w/s     rMB/s     wMB/s   rrqm/s   wrqm/s  %rrqm  %wrqm r_await w_await aqu-sz rareq-sz wareq-sz  svctm  %util
sdb           27645.00 4880.00    107.99    115.96     0.00 25436.00   0.00  83.90    0.80    0.85   1.40     4.00    24.33   0.03  98.40

2021년 08월 24일 23시 33분 47초
avg-cpu:  %user   %nice %system %iowait  %steal   %idle
           0.00    0.00    8.53   61.76    0.00   29.71

Device            r/s     w/s     rMB/s     wMB/s   rrqm/s   wrqm/s  %rrqm  %wrqm r_await w_await aqu-sz rareq-sz wareq-sz  svctm  %util
sdb           37452.00 2154.00    146.30    159.27     0.00 38026.00   0.00  94.64    0.75    2.35  11.90     4.00    75.72   0.02  98.40

2021년 08월 24일 23시 33분 48초
avg-cpu:  %user   %nice %system %iowait  %steal   %idle
           0.13    0.00   13.39   49.91    0.00   36.58

Device            r/s     w/s     rMB/s     wMB/s   rrqm/s   wrqm/s  %rrqm  %wrqm r_await w_await aqu-sz rareq-sz wareq-sz  svctm  %util
sdb           24503.00 5527.00     95.71    113.87     0.00 23555.00   0.00  81.00    0.86    0.76   0.00     4.00    21.10   0.03 100.00

2021년 08월 24일 23시 33분 49초
avg-cpu:  %user   %nice %system %iowait  %steal   %idle
           0.00    0.00    4.58   61.54    0.00   33.88

Device            r/s     w/s     rMB/s     wMB/s   rrqm/s   wrqm/s  %rrqm  %wrqm r_await w_await aqu-sz rareq-sz wareq-sz  svctm  %util
sdb           70516.00  422.00    275.45     94.52     0.00 20329.00   0.00  97.97    0.42    6.78   7.72     4.00   229.36   0.01  98.80

2021년 08월 24일 23시 33분 50초
avg-cpu:  %user   %nice %system %iowait  %steal   %idle
           0.00    0.00   10.62   56.59    0.00   32.79

Device            r/s     w/s     rMB/s     wMB/s   rrqm/s   wrqm/s  %rrqm  %wrqm r_await w_await aqu-sz rareq-sz wareq-sz  svctm  %util
sdb           12167.00 2963.00     47.53    238.42     0.00 53004.00   0.00  94.71    1.87    2.65  17.30     4.00    82.40   0.07  98.80

2021년 08월 24일 23시 33분 51초
avg-cpu:  %user   %nice %system %iowait  %steal   %idle
           0.06    0.00   10.75   54.77    0.00   34.41

Device            r/s     w/s     rMB/s     wMB/s   rrqm/s   wrqm/s  %rrqm  %wrqm r_await w_await aqu-sz rareq-sz wareq-sz  svctm  %util
sdb           39053.00 3916.00    152.55     98.25     0.00 23723.00   0.00  85.83    0.62    0.92   1.65     4.00    25.69   0.02  98.80

2021년 08월 24일 23시 33분 52초
avg-cpu:  %user   %nice %system %iowait  %steal   %idle
           0.06    0.00   10.53   61.29    0.00   28.12

Device            r/s     w/s     rMB/s     wMB/s   rrqm/s   wrqm/s  %rrqm  %wrqm r_await w_await aqu-sz rareq-sz wareq-sz  svctm  %util
sdb           27183.00 3744.00    106.18    154.09     0.00 35166.00   0.00  90.38    0.91    1.42   7.50     4.00    42.14   0.03  98.80

2021년 08월 24일 23시 33분 53초
avg-cpu:  %user   %nice %system %iowait  %steal   %idle
           0.13    0.00    9.42   18.84    0.00   71.62

Device            r/s     w/s     rMB/s     wMB/s   rrqm/s   wrqm/s  %rrqm  %wrqm r_await w_await aqu-sz rareq-sz wareq-sz  svctm  %util
sdb           13199.00 2998.00     51.56     95.18     0.00 19249.00   0.00  86.52    0.73    0.87   3.36     4.00    32.51   0.06 100.00

2021년 08월 24일 23시 33분 54초
avg-cpu:  %user   %nice %system %iowait  %steal   %idle
           0.13    0.00    3.33    1.44    0.00   95.10

Device            r/s     w/s     rMB/s     wMB/s   rrqm/s   wrqm/s  %rrqm  %wrqm r_await w_await aqu-sz rareq-sz wareq-sz  svctm  %util
sdb           5364.00 1060.00     20.95     25.85     0.00  5517.00   0.00  83.88    0.27    0.42   0.00     4.00    24.97   0.08  51.60

2021년 08월 24일 23시 33분 55초
avg-cpu:  %user   %nice %system %iowait  %steal   %idle
           0.06    0.00    0.06    0.00    0.00   99.87

Device            r/s     w/s     rMB/s     wMB/s   rrqm/s   wrqm/s  %rrqm  %wrqm r_await w_await aqu-sz rareq-sz wareq-sz  svctm  %util
sdb              0.00    0.00      0.00      0.00     0.00     0.00   0.00   0.00    0.00    0.00   0.00     0.00     0.00   0.00   0.00

