Linux 5.5.8test (syslab-desk) 	2021년 08월 23일 	_x86_64_	(16 CPU)

avg-cpu:  %user   %nice %system %iowait  %steal   %idle
           0.03    0.00    0.06    0.26    0.00   99.65

Device            r/s     w/s     rMB/s     wMB/s   rrqm/s   wrqm/s  %rrqm  %wrqm r_await w_await aqu-sz rareq-sz wareq-sz  svctm  %util
sdb             16.69   32.49      0.07      1.29     0.03    25.98   0.20  44.43    0.36    1.84   0.02     4.25    40.63   0.11   0.56

avg-cpu:  %user   %nice %system %iowait  %steal   %idle
           0.00    0.00    0.13    0.00    0.00   99.87

Device            r/s     w/s     rMB/s     wMB/s   rrqm/s   wrqm/s  %rrqm  %wrqm r_await w_await aqu-sz rareq-sz wareq-sz  svctm  %util
sdb              0.00    0.00      0.00      0.00     0.00     0.00   0.00   0.00    0.00    0.00   0.00     0.00     0.00   0.00   0.00

avg-cpu:  %user   %nice %system %iowait  %steal   %idle
           0.12    0.00    0.06    0.00    0.00   99.81

Device            r/s     w/s     rMB/s     wMB/s   rrqm/s   wrqm/s  %rrqm  %wrqm r_await w_await aqu-sz rareq-sz wareq-sz  svctm  %util
sdb              0.00    0.00      0.00      0.00     0.00     0.00   0.00   0.00    0.00    0.00   0.00     0.00     0.00   0.00   0.00

2021년 08월 23일 10시 52분 23초
avg-cpu:  %user   %nice %system %iowait  %steal   %idle
           0.13    0.00    4.26   12.40    0.00   83.21

Device            r/s     w/s     rMB/s     wMB/s   rrqm/s   wrqm/s  %rrqm  %wrqm r_await w_await aqu-sz rareq-sz wareq-sz  svctm  %util
sdb           40613.00  755.00    158.66    131.40     0.00 28523.00   0.00  97.42    0.30    5.06   6.64     4.00   178.22   0.02  87.60

2021년 08월 23일 10시 52분 24초
avg-cpu:  %user   %nice %system %iowait  %steal   %idle
           0.00    0.00    5.21   11.95    0.00   82.84

Device            r/s     w/s     rMB/s     wMB/s   rrqm/s   wrqm/s  %rrqm  %wrqm r_await w_await aqu-sz rareq-sz wareq-sz  svctm  %util
sdb           40437.00  958.00    157.96    160.98     0.00 35757.00   0.00  97.39    0.35    4.35   8.12     4.00   172.07   0.02  98.80

2021년 08월 23일 10시 52분 25초
avg-cpu:  %user   %nice %system %iowait  %steal   %idle
           0.06    0.00   12.29   10.69    0.00   76.96

Device            r/s     w/s     rMB/s     wMB/s   rrqm/s   wrqm/s  %rrqm  %wrqm r_await w_await aqu-sz rareq-sz wareq-sz  svctm  %util
sdb           18511.00 3622.00     72.31    115.05     0.00 25371.00   0.00  87.51    0.62    0.79   2.33     4.00    32.53   0.04  98.40

2021년 08월 23일 10시 52분 26초
avg-cpu:  %user   %nice %system %iowait  %steal   %idle
           0.06    0.00    9.66   10.80    0.00   79.48

Device            r/s     w/s     rMB/s     wMB/s   rrqm/s   wrqm/s  %rrqm  %wrqm r_await w_await aqu-sz rareq-sz wareq-sz  svctm  %util
sdb           29543.00 2573.00    115.40    124.37     0.00 28525.00   0.00  91.73    0.41    1.21   3.82     4.00    49.50   0.03  98.40

2021년 08월 23일 10시 52분 27초
avg-cpu:  %user   %nice %system %iowait  %steal   %idle
           0.00    0.00    9.28   13.15    0.00   77.57

Device            r/s     w/s     rMB/s     wMB/s   rrqm/s   wrqm/s  %rrqm  %wrqm r_await w_await aqu-sz rareq-sz wareq-sz  svctm  %util
sdb           33022.00 2249.00    128.99    136.11     0.00 31304.00   0.00  93.30    0.39    1.54   4.47     4.00    61.97   0.03 100.00

2021년 08월 23일 10시 52분 28초
avg-cpu:  %user   %nice %system %iowait  %steal   %idle
           0.06    0.00   15.04   10.07    0.00   74.83

Device            r/s     w/s     rMB/s     wMB/s   rrqm/s   wrqm/s  %rrqm  %wrqm r_await w_await aqu-sz rareq-sz wareq-sz  svctm  %util
sdb           19959.00 3942.00     77.96     93.88     0.00 20083.00   0.00  83.59    0.55    0.54   0.29     4.00    24.39   0.04  98.80

2021년 08월 23일 10시 52분 29초
avg-cpu:  %user   %nice %system %iowait  %steal   %idle
           0.00    0.00   10.12   12.38    0.00   77.50

Device            r/s     w/s     rMB/s     wMB/s   rrqm/s   wrqm/s  %rrqm  %wrqm r_await w_await aqu-sz rareq-sz wareq-sz  svctm  %util
sdb           29889.00 2518.00    116.75    126.44     0.00 29128.00   0.00  92.04    0.41    1.23   3.27     4.00    51.42   0.03  98.40

2021년 08월 23일 10시 52분 30초
avg-cpu:  %user   %nice %system %iowait  %steal   %idle
           0.00    0.00    9.31   12.29    0.00   78.40

Device            r/s     w/s     rMB/s     wMB/s   rrqm/s   wrqm/s  %rrqm  %wrqm r_await w_await aqu-sz rareq-sz wareq-sz  svctm  %util
sdb           30007.00 2525.00    117.21    127.22     0.00 29308.00   0.00  92.07    0.42    1.23   3.84     4.00    51.59   0.03  98.40

2021년 08월 23일 10시 52분 31초
avg-cpu:  %user   %nice %system %iowait  %steal   %idle
           0.06    0.00   10.56   10.50    0.00   78.88

Device            r/s     w/s     rMB/s     wMB/s   rrqm/s   wrqm/s  %rrqm  %wrqm r_await w_await aqu-sz rareq-sz wareq-sz  svctm  %util
sdb           31616.00 2513.00    123.50    132.56     0.00 31401.00   0.00  92.59    0.40    1.15   3.62     4.00    54.02   0.03 100.00

2021년 08월 23일 10시 52분 32초
avg-cpu:  %user   %nice %system %iowait  %steal   %idle
           0.00    0.00   13.42   12.37    0.00   74.21

Device            r/s     w/s     rMB/s     wMB/s   rrqm/s   wrqm/s  %rrqm  %wrqm r_await w_await aqu-sz rareq-sz wareq-sz  svctm  %util
sdb           22627.00 3536.00     88.39    100.30     0.00 21709.00   0.00  85.99    0.51    0.64   0.80     4.00    29.05   0.04  98.80

2021년 08월 23일 10시 52분 33초
avg-cpu:  %user   %nice %system %iowait  %steal   %idle
           0.00    0.00    9.40   12.76    0.00   77.84

Device            r/s     w/s     rMB/s     wMB/s   rrqm/s   wrqm/s  %rrqm  %wrqm r_await w_await aqu-sz rareq-sz wareq-sz  svctm  %util
sdb           31142.00 2464.00    121.65    129.36     0.00 29528.00   0.00  92.30    0.40    1.32   3.98     4.00    53.76   0.03  99.60

2021년 08월 23일 10시 52분 34초
avg-cpu:  %user   %nice %system %iowait  %steal   %idle
           0.13    0.00    5.89    2.59    0.00   91.39

Device            r/s     w/s     rMB/s     wMB/s   rrqm/s   wrqm/s  %rrqm  %wrqm r_await w_await aqu-sz rareq-sz wareq-sz  svctm  %util
sdb           10655.00 1813.00     41.62     51.09     0.00 11227.00   0.00  86.10    0.27    0.45   0.02     4.00    28.85   0.08 100.00

2021년 08월 23일 10시 52분 35초
avg-cpu:  %user   %nice %system %iowait  %steal   %idle
           0.00    0.00    0.25    0.00    0.00   99.75

Device            r/s     w/s     rMB/s     wMB/s   rrqm/s   wrqm/s  %rrqm  %wrqm r_await w_await aqu-sz rareq-sz wareq-sz  svctm  %util
sdb            100.00    8.00      0.39      0.45     0.00    27.00   0.00  77.14    0.09    0.50   0.00     4.00    58.00   0.07   0.80

2021년 08월 23일 10시 52분 36초
avg-cpu:  %user   %nice %system %iowait  %steal   %idle
           0.00    0.00    0.06    0.00    0.00   99.94

Device            r/s     w/s     rMB/s     wMB/s   rrqm/s   wrqm/s  %rrqm  %wrqm r_await w_await aqu-sz rareq-sz wareq-sz  svctm  %util
sdb              0.00    0.00      0.00      0.00     0.00     0.00   0.00   0.00    0.00    0.00   0.00     0.00     0.00   0.00   0.00

2021년 08월 23일 10시 52분 37초
avg-cpu:  %user   %nice %system %iowait  %steal   %idle
           0.06    0.00    0.12    0.00    0.00   99.81

Device            r/s     w/s     rMB/s     wMB/s   rrqm/s   wrqm/s  %rrqm  %wrqm r_await w_await aqu-sz rareq-sz wareq-sz  svctm  %util
sdb              0.00    0.00      0.00      0.00     0.00     0.00   0.00   0.00    0.00    0.00   0.00     0.00     0.00   0.00   0.00

2021년 08월 23일 10시 52분 38초
avg-cpu:  %user   %nice %system %iowait  %steal   %idle
           0.06    0.00    0.00    0.00    0.00   99.94

Device            r/s     w/s     rMB/s     wMB/s   rrqm/s   wrqm/s  %rrqm  %wrqm r_await w_await aqu-sz rareq-sz wareq-sz  svctm  %util
sdb              0.00    0.00      0.00      0.00     0.00     0.00   0.00   0.00    0.00    0.00   0.00     0.00     0.00   0.00   0.00

2021년 08월 23일 10시 52분 39초
avg-cpu:  %user   %nice %system %iowait  %steal   %idle
           0.06    0.00    0.12    0.00    0.00   99.81

Device            r/s     w/s     rMB/s     wMB/s   rrqm/s   wrqm/s  %rrqm  %wrqm r_await w_await aqu-sz rareq-sz wareq-sz  svctm  %util
sdb              0.00    0.00      0.00      0.00     0.00     0.00   0.00   0.00    0.00    0.00   0.00     0.00     0.00   0.00   0.00

2021년 08월 23일 10시 52분 40초
avg-cpu:  %user   %nice %system %iowait  %steal   %idle
           0.06    0.00    0.00    0.00    0.00   99.94

Device            r/s     w/s     rMB/s     wMB/s   rrqm/s   wrqm/s  %rrqm  %wrqm r_await w_await aqu-sz rareq-sz wareq-sz  svctm  %util
sdb              0.00    0.00      0.00      0.00     0.00     0.00   0.00   0.00    0.00    0.00   0.00     0.00     0.00   0.00   0.00

2021년 08월 23일 10시 52분 41초
avg-cpu:  %user   %nice %system %iowait  %steal   %idle
           0.12    0.00    0.12    0.00    0.00   99.75

Device            r/s     w/s     rMB/s     wMB/s   rrqm/s   wrqm/s  %rrqm  %wrqm r_await w_await aqu-sz rareq-sz wareq-sz  svctm  %util
sdb              0.00    2.00      0.00      0.05     0.00    11.00   0.00  84.62    0.00    1.00   0.00     0.00    26.00   2.00   0.40

2021년 08월 23일 10시 52분 42초
avg-cpu:  %user   %nice %system %iowait  %steal   %idle
           0.06    0.00    0.12    0.00    0.00   99.81

Device            r/s     w/s     rMB/s     wMB/s   rrqm/s   wrqm/s  %rrqm  %wrqm r_await w_await aqu-sz rareq-sz wareq-sz  svctm  %util
sdb              0.00    0.00      0.00      0.00     0.00     0.00   0.00   0.00    0.00    0.00   0.00     0.00     0.00   0.00   0.00

2021년 08월 23일 10시 52분 43초
avg-cpu:  %user   %nice %system %iowait  %steal   %idle
           0.06    0.00    0.12    0.00    0.00   99.81

Device            r/s     w/s     rMB/s     wMB/s   rrqm/s   wrqm/s  %rrqm  %wrqm r_await w_await aqu-sz rareq-sz wareq-sz  svctm  %util
sdb              0.00    0.00      0.00      0.00     0.00     0.00   0.00   0.00    0.00    0.00   0.00     0.00     0.00   0.00   0.00

