Linux 5.5.8test (syslab-desk) 	2021년 08월 23일 	_x86_64_	(16 CPU)

2021년 08월 23일 13시 01분 50초
avg-cpu:  %user   %nice %system %iowait  %steal   %idle
           0.05    0.00    0.06    0.32    0.00   99.56

Device            r/s     w/s     rMB/s     wMB/s   rrqm/s   wrqm/s  %rrqm  %wrqm r_await w_await aqu-sz rareq-sz wareq-sz  svctm  %util
sdb             21.67   47.30      0.10      1.53     0.04    31.57   0.20  40.03    0.40    1.52   0.02     4.86    33.08   0.10   0.69

2021년 08월 23일 13시 01분 51초
avg-cpu:  %user   %nice %system %iowait  %steal   %idle
           0.06    0.00    0.12    0.00    0.00   99.81

Device            r/s     w/s     rMB/s     wMB/s   rrqm/s   wrqm/s  %rrqm  %wrqm r_await w_await aqu-sz rareq-sz wareq-sz  svctm  %util
sdb              0.00    0.00      0.00      0.00     0.00     0.00   0.00   0.00    0.00    0.00   0.00     0.00     0.00   0.00   0.00

2021년 08월 23일 13시 01분 52초
avg-cpu:  %user   %nice %system %iowait  %steal   %idle
           0.06    0.00    0.12    0.00    0.00   99.81

Device            r/s     w/s     rMB/s     wMB/s   rrqm/s   wrqm/s  %rrqm  %wrqm r_await w_await aqu-sz rareq-sz wareq-sz  svctm  %util
sdb              0.00    0.00      0.00      0.00     0.00     0.00   0.00   0.00    0.00    0.00   0.00     0.00     0.00   0.00   0.00

2021년 08월 23일 13시 01분 53초
avg-cpu:  %user   %nice %system %iowait  %steal   %idle
           0.00    0.00    0.13    0.00    0.00   99.87

Device            r/s     w/s     rMB/s     wMB/s   rrqm/s   wrqm/s  %rrqm  %wrqm r_await w_await aqu-sz rareq-sz wareq-sz  svctm  %util
sdb              0.00    0.00      0.00      0.00     0.00     0.00   0.00   0.00    0.00    0.00   0.00     0.00     0.00   0.00   0.00

2021년 08월 23일 13시 01분 54초
avg-cpu:  %user   %nice %system %iowait  %steal   %idle
           0.13    0.00    1.63    0.13    0.00   98.12

Device            r/s     w/s     rMB/s     wMB/s   rrqm/s   wrqm/s  %rrqm  %wrqm r_await w_await aqu-sz rareq-sz wareq-sz  svctm  %util
sdb           26408.00  215.00    103.17    100.00     0.00     0.00   0.00   0.00    0.02   10.41   1.82     4.00   476.28   0.04  95.60

2021년 08월 23일 13시 01분 55초
avg-cpu:  %user   %nice %system %iowait  %steal   %idle
           0.00    0.00    1.52    0.32    0.00   98.17

Device            r/s     w/s     rMB/s     wMB/s   rrqm/s   wrqm/s  %rrqm  %wrqm r_await w_await aqu-sz rareq-sz wareq-sz  svctm  %util
sdb           26805.00  215.00    104.71    100.00     0.00     0.00   0.00   0.00    0.02    9.94   1.72     4.00   476.28   0.04 100.00

2021년 08월 23일 13시 01분 56초
avg-cpu:  %user   %nice %system %iowait  %steal   %idle
           0.00    0.00    1.70    2.27    0.00   96.03

Device            r/s     w/s     rMB/s     wMB/s   rrqm/s   wrqm/s  %rrqm  %wrqm r_await w_await aqu-sz rareq-sz wareq-sz  svctm  %util
sdb           25294.00  212.00     98.80    100.00     0.00     0.00   0.00   0.00    0.02   11.13   1.94     4.00   483.02   0.04  98.80

2021년 08월 23일 13시 01분 57초
avg-cpu:  %user   %nice %system %iowait  %steal   %idle
           0.00    0.00    1.27    0.00    0.00   98.73

Device            r/s     w/s     rMB/s     wMB/s   rrqm/s   wrqm/s  %rrqm  %wrqm r_await w_await aqu-sz rareq-sz wareq-sz  svctm  %util
sdb           26106.00  219.00    101.98    100.00     0.00     0.00   0.00   0.00    0.02    9.79   1.74     4.00   467.58   0.04 100.00

2021년 08월 23일 13시 01분 58초
avg-cpu:  %user   %nice %system %iowait  %steal   %idle
           0.00    0.00    1.70    0.13    0.00   98.17

Device            r/s     w/s     rMB/s     wMB/s   rrqm/s   wrqm/s  %rrqm  %wrqm r_await w_await aqu-sz rareq-sz wareq-sz  svctm  %util
sdb           25247.00  216.00     98.62    100.00     0.00     0.00   0.00   0.00    0.02   10.91   1.96     4.00   474.07   0.04  98.80

2021년 08월 23일 13시 01분 59초
avg-cpu:  %user   %nice %system %iowait  %steal   %idle
           0.06    0.00    1.95    2.39    0.00   95.59

Device            r/s     w/s     rMB/s     wMB/s   rrqm/s   wrqm/s  %rrqm  %wrqm r_await w_await aqu-sz rareq-sz wareq-sz  svctm  %util
sdb           24245.00  220.00     94.71    100.39     0.00    98.00   0.00  30.82    0.02   10.60   1.92     4.00   467.27   0.04  99.20

2021년 08월 23일 13시 02분 00초
avg-cpu:  %user   %nice %system %iowait  %steal   %idle
           0.00    0.00    1.07    0.06    0.00   98.86

Device            r/s     w/s     rMB/s     wMB/s   rrqm/s   wrqm/s  %rrqm  %wrqm r_await w_await aqu-sz rareq-sz wareq-sz  svctm  %util
sdb           27774.00  240.00    108.49    110.00     0.00     0.00   0.00   0.00    0.02    9.79   1.87     4.00   469.33   0.04 100.00

2021년 08월 23일 13시 02분 01초
avg-cpu:  %user   %nice %system %iowait  %steal   %idle
           0.06    0.00    2.02    1.01    0.00   96.91

Device            r/s     w/s     rMB/s     wMB/s   rrqm/s   wrqm/s  %rrqm  %wrqm r_await w_await aqu-sz rareq-sz wareq-sz  svctm  %util
sdb           24239.00  191.00     94.68     90.00     0.00     0.00   0.00   0.00    0.03   11.28   1.78     4.00   482.51   0.04  99.20

2021년 08월 23일 13시 02분 02초
avg-cpu:  %user   %nice %system %iowait  %steal   %idle
           0.06    0.00    1.63    3.39    0.00   94.91

Device            r/s     w/s     rMB/s     wMB/s   rrqm/s   wrqm/s  %rrqm  %wrqm r_await w_await aqu-sz rareq-sz wareq-sz  svctm  %util
sdb           27283.00  240.00    106.57    110.39     0.00   261.00   0.00  52.10    0.02    9.72   1.85     4.00   471.02   0.04 100.00

2021년 08월 23일 13시 02분 03초
avg-cpu:  %user   %nice %system %iowait  %steal   %idle
           0.06    0.00    1.45    4.21    0.00   94.28

Device            r/s     w/s     rMB/s     wMB/s   rrqm/s   wrqm/s  %rrqm  %wrqm r_await w_await aqu-sz rareq-sz wareq-sz  svctm  %util
sdb           27865.00  211.00    108.85    100.66     0.00     0.00   0.00   0.00    0.02   10.20   1.71     4.00   488.49   0.04  98.40

2021년 08월 23일 13시 02분 04초
avg-cpu:  %user   %nice %system %iowait  %steal   %idle
           0.06    0.00    2.07    3.83    0.00   94.04

Device            r/s     w/s     rMB/s     wMB/s   rrqm/s   wrqm/s  %rrqm  %wrqm r_await w_await aqu-sz rareq-sz wareq-sz  svctm  %util
sdb           25358.00  216.00     99.05     99.34     0.00     0.00   0.00   0.00    0.02    9.89   1.72     4.00   470.96   0.04 100.00

2021년 08월 23일 13시 02분 05초
avg-cpu:  %user   %nice %system %iowait  %steal   %idle
           0.00    0.00    1.64    4.09    0.00   94.27

Device            r/s     w/s     rMB/s     wMB/s   rrqm/s   wrqm/s  %rrqm  %wrqm r_await w_await aqu-sz rareq-sz wareq-sz  svctm  %util
sdb           26131.00  235.00    102.08    110.00     0.00     0.00   0.00   0.00    0.02   10.05   1.88     4.00   479.32   0.04  99.20

2021년 08월 23일 13시 02분 06초
avg-cpu:  %user   %nice %system %iowait  %steal   %idle
           0.13    0.00    2.32    3.82    0.00   93.74

Device            r/s     w/s     rMB/s     wMB/s   rrqm/s   wrqm/s  %rrqm  %wrqm r_await w_await aqu-sz rareq-sz wareq-sz  svctm  %util
sdb           25360.00  190.00     99.06     90.00     0.00     0.00   0.00   0.00    0.02   10.25   1.56     4.00   485.05   0.04  99.20

2021년 08월 23일 13시 02분 07초
avg-cpu:  %user   %nice %system %iowait  %steal   %idle
           0.13    0.00    0.44    1.25    0.00   98.18

Device            r/s     w/s     rMB/s     wMB/s   rrqm/s   wrqm/s  %rrqm  %wrqm r_await w_await aqu-sz rareq-sz wareq-sz  svctm  %util
sdb           7684.00   85.00     30.02     40.00     0.00     0.00   0.00   0.00    0.02   10.06   0.68     4.00   481.88   0.04  30.80

2021년 08월 23일 13시 02분 08초
avg-cpu:  %user   %nice %system %iowait  %steal   %idle
           0.06    0.00    0.00    0.00    0.00   99.94

Device            r/s     w/s     rMB/s     wMB/s   rrqm/s   wrqm/s  %rrqm  %wrqm r_await w_await aqu-sz rareq-sz wareq-sz  svctm  %util
sdb              0.00    2.00      0.00      0.41     0.00   104.00   0.00  98.11    0.00    1.50   0.00     0.00   212.00   2.00   0.40

2021년 08월 23일 13시 02분 09초
avg-cpu:  %user   %nice %system %iowait  %steal   %idle
           0.06    0.00    0.00    0.00    0.00   99.94

Device            r/s     w/s     rMB/s     wMB/s   rrqm/s   wrqm/s  %rrqm  %wrqm r_await w_await aqu-sz rareq-sz wareq-sz  svctm  %util
sdb              0.00    0.00      0.00      0.00     0.00     0.00   0.00   0.00    0.00    0.00   0.00     0.00     0.00   0.00   0.00

2021년 08월 23일 13시 02분 10초
avg-cpu:  %user   %nice %system %iowait  %steal   %idle
           0.06    0.00    0.19    0.00    0.00   99.75

Device            r/s     w/s     rMB/s     wMB/s   rrqm/s   wrqm/s  %rrqm  %wrqm r_await w_await aqu-sz rareq-sz wareq-sz  svctm  %util
sdb              0.00    0.00      0.00      0.00     0.00     0.00   0.00   0.00    0.00    0.00   0.00     0.00     0.00   0.00   0.00

