Linux 5.5.8test (syslab-desk) 	2021년 08월 23일 	_x86_64_	(16 CPU)

2021년 08월 23일 10시 36분 55초
avg-cpu:  %user   %nice %system %iowait  %steal   %idle
           0.02    0.00    0.05    0.26    0.00   99.67

Device            r/s     w/s     rMB/s     wMB/s   rrqm/s   wrqm/s  %rrqm  %wrqm r_await w_await aqu-sz rareq-sz wareq-sz  svctm  %util
sdb             16.70   28.88      0.07      1.27     0.03    25.60   0.20  47.00    0.36    2.03   0.02     4.25    45.12   0.12   0.55

2021년 08월 23일 10시 36분 56초
avg-cpu:  %user   %nice %system %iowait  %steal   %idle
          49.75    0.00    8.64   28.66    0.00   12.95

Device            r/s     w/s     rMB/s     wMB/s   rrqm/s   wrqm/s  %rrqm  %wrqm r_await w_await aqu-sz rareq-sz wareq-sz  svctm  %util
sdb              0.00 22844.00      0.00     98.95     0.00  2486.00   0.00   9.81    0.00    0.32   0.41     0.00     4.44   0.04  93.60

2021년 08월 23일 10시 36분 57초
avg-cpu:  %user   %nice %system %iowait  %steal   %idle
          50.57    0.00    6.90   28.80    0.00   13.73

Device            r/s     w/s     rMB/s     wMB/s   rrqm/s   wrqm/s  %rrqm  %wrqm r_await w_await aqu-sz rareq-sz wareq-sz  svctm  %util
sdb              0.00 23961.00      0.00    102.71     0.00  2628.00   0.00   9.88    0.00    0.31   0.01     0.00     4.39   0.04  94.80

2021년 08월 23일 10시 36분 58초
avg-cpu:  %user   %nice %system %iowait  %steal   %idle
          51.40    0.00    6.55   29.07    0.00   12.98

Device            r/s     w/s     rMB/s     wMB/s   rrqm/s   wrqm/s  %rrqm  %wrqm r_await w_await aqu-sz rareq-sz wareq-sz  svctm  %util
sdb              0.00 23341.00      0.00     99.18     0.00  2532.00   0.00   9.79    0.00    0.32   0.38     0.00     4.35   0.04  90.00

2021년 08월 23일 10시 36분 59초
avg-cpu:  %user   %nice %system %iowait  %steal   %idle
          49.97    0.00    7.71   28.84    0.00   13.48

Device            r/s     w/s     rMB/s     wMB/s   rrqm/s   wrqm/s  %rrqm  %wrqm r_await w_await aqu-sz rareq-sz wareq-sz  svctm  %util
sdb              0.00 23482.00      0.00    100.94     0.00  2568.00   0.00   9.86    0.00    0.31   0.03     0.00     4.40   0.04  93.60

2021년 08월 23일 10시 37분 00초
avg-cpu:  %user   %nice %system %iowait  %steal   %idle
          48.84    0.00    7.71   28.84    0.00   14.61

Device            r/s     w/s     rMB/s     wMB/s   rrqm/s   wrqm/s  %rrqm  %wrqm r_await w_await aqu-sz rareq-sz wareq-sz  svctm  %util
sdb              0.00 23136.00      0.00     99.71     0.00  2556.00   0.00   9.95    0.00    0.31   0.14     0.00     4.41   0.04  92.80

2021년 08월 23일 10시 37분 01초
avg-cpu:  %user   %nice %system %iowait  %steal   %idle
          48.55    0.00    7.05   28.59    0.00   15.81

Device            r/s     w/s     rMB/s     wMB/s   rrqm/s   wrqm/s  %rrqm  %wrqm r_await w_await aqu-sz rareq-sz wareq-sz  svctm  %util
sdb              0.00 23059.00      0.00     98.40     0.00  2503.00   0.00   9.79    0.00    0.31   0.14     0.00     4.37   0.04  90.40

2021년 08월 23일 10시 37분 02초
avg-cpu:  %user   %nice %system %iowait  %steal   %idle
          47.23    0.00    9.07   29.60    0.00   14.11

Device            r/s     w/s     rMB/s     wMB/s   rrqm/s   wrqm/s  %rrqm  %wrqm r_await w_await aqu-sz rareq-sz wareq-sz  svctm  %util
sdb              0.00 23062.00      0.00    101.21     0.00  2519.00   0.00   9.85    0.00    0.32   0.02     0.00     4.49   0.04  94.40

2021년 08월 23일 10시 37분 03초
avg-cpu:  %user   %nice %system %iowait  %steal   %idle
          45.84    0.00    9.89   29.93    0.00   14.34

Device            r/s     w/s     rMB/s     wMB/s   rrqm/s   wrqm/s  %rrqm  %wrqm r_await w_await aqu-sz rareq-sz wareq-sz  svctm  %util
sdb              0.00 23349.00      0.00     99.79     0.00  2560.00   0.00   9.88    0.00    0.32   0.50     0.00     4.38   0.04  91.60

2021년 08월 23일 10시 37분 04초
avg-cpu:  %user   %nice %system %iowait  %steal   %idle
          46.71    0.00    8.68   29.61    0.00   15.00

Device            r/s     w/s     rMB/s     wMB/s   rrqm/s   wrqm/s  %rrqm  %wrqm r_await w_await aqu-sz rareq-sz wareq-sz  svctm  %util
sdb              0.00 23895.00      0.00    101.70     0.00  2593.00   0.00   9.79    0.00    0.30   0.02     0.00     4.36   0.04  94.40

2021년 08월 23일 10시 37분 05초
avg-cpu:  %user   %nice %system %iowait  %steal   %idle
          49.19    0.00    5.68   29.44    0.00   15.69

Device            r/s     w/s     rMB/s     wMB/s   rrqm/s   wrqm/s  %rrqm  %wrqm r_await w_await aqu-sz rareq-sz wareq-sz  svctm  %util
sdb              0.00 23134.00      0.00     99.37     0.00  2522.00   0.00   9.83    0.00    0.30   0.13     0.00     4.40   0.04  93.60

2021년 08월 23일 10시 37분 06초
avg-cpu:  %user   %nice %system %iowait  %steal   %idle
          47.16    0.00    8.53   29.39    0.00   14.92

Device            r/s     w/s     rMB/s     wMB/s   rrqm/s   wrqm/s  %rrqm  %wrqm r_await w_await aqu-sz rareq-sz wareq-sz  svctm  %util
sdb              0.00 22705.00      0.00     96.88     0.00  2476.00   0.00   9.83    0.00    0.32   0.30     0.00     4.37   0.04  94.00

2021년 08월 23일 10시 37분 07초
avg-cpu:  %user   %nice %system %iowait  %steal   %idle
          48.51    0.00    7.21   28.65    0.00   15.62

Device            r/s     w/s     rMB/s     wMB/s   rrqm/s   wrqm/s  %rrqm  %wrqm r_await w_await aqu-sz rareq-sz wareq-sz  svctm  %util
sdb              0.00 23593.00      0.00    101.38     0.00  2599.00   0.00   9.92    0.00    0.30   0.02     0.00     4.40   0.04  92.40

2021년 08월 23일 10시 37분 08초
avg-cpu:  %user   %nice %system %iowait  %steal   %idle
          48.64    0.00    6.89   28.97    0.00   15.50

Device            r/s     w/s     rMB/s     wMB/s   rrqm/s   wrqm/s  %rrqm  %wrqm r_await w_await aqu-sz rareq-sz wareq-sz  svctm  %util
sdb              0.00 23270.00      0.00     99.12     0.00  2530.00   0.00   9.81    0.00    0.32   0.18     0.00     4.36   0.04  90.00

2021년 08월 23일 10시 37분 09초
avg-cpu:  %user   %nice %system %iowait  %steal   %idle
          46.80    0.00    8.78   30.05    0.00   14.37

Device            r/s     w/s     rMB/s     wMB/s   rrqm/s   wrqm/s  %rrqm  %wrqm r_await w_await aqu-sz rareq-sz wareq-sz  svctm  %util
sdb              0.00 23282.00      0.00    101.82     0.00  2518.00   0.00   9.76    0.00    0.31   0.10     0.00     4.48   0.04  92.00

2021년 08월 23일 10시 37분 10초
avg-cpu:  %user   %nice %system %iowait  %steal   %idle
          47.40    0.00    7.62   30.62    0.00   14.36

Device            r/s     w/s     rMB/s     wMB/s   rrqm/s   wrqm/s  %rrqm  %wrqm r_await w_await aqu-sz rareq-sz wareq-sz  svctm  %util
sdb              0.00 23744.00      0.00    101.20     0.00  2585.00   0.00   9.82    0.00    0.32   0.02     0.00     4.36   0.04  94.40

2021년 08월 23일 10시 37분 11초
avg-cpu:  %user   %nice %system %iowait  %steal   %idle
          45.38    0.00    9.73   30.32    0.00   14.57

Device            r/s     w/s     rMB/s     wMB/s   rrqm/s   wrqm/s  %rrqm  %wrqm r_await w_await aqu-sz rareq-sz wareq-sz  svctm  %util
sdb              0.00 22889.00      0.00     97.88     0.00  2451.00   0.00   9.67    0.00    0.33   0.33     0.00     4.38   0.04  93.20

2021년 08월 23일 10시 37분 12초
avg-cpu:  %user   %nice %system %iowait  %steal   %idle
          44.97    0.00   10.68   29.32    0.00   15.03

Device            r/s     w/s     rMB/s     wMB/s   rrqm/s   wrqm/s  %rrqm  %wrqm r_await w_await aqu-sz rareq-sz wareq-sz  svctm  %util
sdb              0.00 23583.00      0.00    101.22     0.00  2604.00   0.00   9.94    0.00    0.30   0.14     0.00     4.40   0.04  94.00

2021년 08월 23일 10시 37분 13초
avg-cpu:  %user   %nice %system %iowait  %steal   %idle
          44.74    0.00    9.01   30.85    0.00   15.39

Device            r/s     w/s     rMB/s     wMB/s   rrqm/s   wrqm/s  %rrqm  %wrqm r_await w_await aqu-sz rareq-sz wareq-sz  svctm  %util
sdb              0.00 23025.00      0.00     98.55     0.00  2488.00   0.00   9.75    0.00    0.32   0.03     0.00     4.38   0.04  94.40

2021년 08월 23일 10시 37분 14초
avg-cpu:  %user   %nice %system %iowait  %steal   %idle
          44.84    0.00    9.20   31.47    0.00   14.49

Device            r/s     w/s     rMB/s     wMB/s   rrqm/s   wrqm/s  %rrqm  %wrqm r_await w_await aqu-sz rareq-sz wareq-sz  svctm  %util
sdb              0.00 23272.00      0.00     99.40     0.00  2500.00   0.00   9.70    0.00    0.32   0.20     0.00     4.37   0.04  90.40

2021년 08월 23일 10시 37분 15초
avg-cpu:  %user   %nice %system %iowait  %steal   %idle
          47.09    0.00    7.51   30.87    0.00   14.53

Device            r/s     w/s     rMB/s     wMB/s   rrqm/s   wrqm/s  %rrqm  %wrqm r_await w_await aqu-sz rareq-sz wareq-sz  svctm  %util
sdb              0.00 22526.00      0.00     95.82     0.00  2402.00   0.00   9.64    0.00    0.32   0.04     0.00     4.36   0.04  94.00

2021년 08월 23일 10시 37분 16초
avg-cpu:  %user   %nice %system %iowait  %steal   %idle
          46.07    0.00    7.99   30.27    0.00   15.67

Device            r/s     w/s     rMB/s     wMB/s   rrqm/s   wrqm/s  %rrqm  %wrqm r_await w_await aqu-sz rareq-sz wareq-sz  svctm  %util
sdb              0.00 23243.00      0.00    101.37     0.00  2564.00   0.00   9.94    0.00    0.32   0.30     0.00     4.47   0.04  91.20

