Linux 5.5.8test (syslab-desk) 	2021년 08월 24일 	_x86_64_	(16 CPU)

2021년 08월 24일 15시 39분 31초
avg-cpu:  %user   %nice %system %iowait  %steal   %idle
           0.05    0.00    0.06    0.29    0.00   99.59

Device            r/s     w/s     rMB/s     wMB/s   rrqm/s   wrqm/s  %rrqm  %wrqm r_await w_await aqu-sz rareq-sz wareq-sz  svctm  %util
sdb             20.36   45.23      0.10      1.44     0.04    32.69   0.21  41.95    0.40    1.49   0.02     4.84    32.68   0.10   0.66

2021년 08월 24일 15시 39분 32초
avg-cpu:  %user   %nice %system %iowait  %steal   %idle
           0.13    0.00    1.07    0.31    0.00   98.50

Device            r/s     w/s     rMB/s     wMB/s   rrqm/s   wrqm/s  %rrqm  %wrqm r_await w_await aqu-sz rareq-sz wareq-sz  svctm  %util
sdb           3297.00 1338.00     12.88     12.68     0.00     0.00   0.00   0.00    0.16    0.28   0.00     4.00     9.71   0.22 100.00

2021년 08월 24일 15시 39분 33초
avg-cpu:  %user   %nice %system %iowait  %steal   %idle
           0.31    0.00    1.26    1.70    0.00   96.73

Device            r/s     w/s     rMB/s     wMB/s   rrqm/s   wrqm/s  %rrqm  %wrqm r_await w_await aqu-sz rareq-sz wareq-sz  svctm  %util
sdb           3138.00 1290.00     12.26     21.50     0.00  2394.00   0.00  64.98    0.17    0.39   0.13     4.00    17.07   0.23 100.00

2021년 08월 24일 15시 39분 34초
avg-cpu:  %user   %nice %system %iowait  %steal   %idle
           0.88    0.00    3.09    2.77    0.00   93.26

Device            r/s     w/s     rMB/s     wMB/s   rrqm/s   wrqm/s  %rrqm  %wrqm r_await w_await aqu-sz rareq-sz wareq-sz  svctm  %util
sdb           2848.00 1199.00     11.12     10.86     0.00     0.00   0.00   0.00    0.16    0.23   0.00     4.00     9.27   0.25 100.00

2021년 08월 24일 15시 39분 35초
avg-cpu:  %user   %nice %system %iowait  %steal   %idle
           0.50    0.00    1.69    0.19    0.00   97.62

Device            r/s     w/s     rMB/s     wMB/s   rrqm/s   wrqm/s  %rrqm  %wrqm r_await w_await aqu-sz rareq-sz wareq-sz  svctm  %util
sdb           3087.00 1245.00     12.06     11.89     0.00     0.00   0.00   0.00    0.16    0.28   0.00     4.00     9.78   0.23 100.00

2021년 08월 24일 15시 39분 36초
avg-cpu:  %user   %nice %system %iowait  %steal   %idle
           0.31    0.00    1.13    0.25    0.00   98.31

Device            r/s     w/s     rMB/s     wMB/s   rrqm/s   wrqm/s  %rrqm  %wrqm r_await w_await aqu-sz rareq-sz wareq-sz  svctm  %util
sdb           3290.00 1276.00     12.85     12.64     0.00     0.00   0.00   0.00    0.16    0.30   0.00     4.00    10.14   0.22 100.00

2021년 08월 24일 15시 39분 37초
avg-cpu:  %user   %nice %system %iowait  %steal   %idle
           0.50    0.00    1.57    1.69    0.00   96.24

Device            r/s     w/s     rMB/s     wMB/s   rrqm/s   wrqm/s  %rrqm  %wrqm r_await w_await aqu-sz rareq-sz wareq-sz  svctm  %util
sdb           3126.00 1236.00     12.21     12.04     0.00     0.00   0.00   0.00    0.16    0.30   0.00     4.00     9.97   0.23 100.00

2021년 08월 24일 15시 39분 38초
avg-cpu:  %user   %nice %system %iowait  %steal   %idle
           0.63    0.00    3.56    4.32    0.00   91.49

Device            r/s     w/s     rMB/s     wMB/s   rrqm/s   wrqm/s  %rrqm  %wrqm r_await w_await aqu-sz rareq-sz wareq-sz  svctm  %util
sdb           2817.00 1366.00     11.00     20.11     0.00  2364.00   0.00  63.38    0.16    0.34   0.15     4.00    15.07   0.24  98.40

2021년 08월 24일 15시 39분 39초
avg-cpu:  %user   %nice %system %iowait  %steal   %idle
           1.26    0.00    3.64    2.82    0.00   92.28

Device            r/s     w/s     rMB/s     wMB/s   rrqm/s   wrqm/s  %rrqm  %wrqm r_await w_await aqu-sz rareq-sz wareq-sz  svctm  %util
sdb           2879.00 1204.00     11.25     10.94     0.00     0.00   0.00   0.00    0.16    0.25   0.00     4.00     9.31   0.24 100.00

2021년 08월 24일 15시 39분 40초
avg-cpu:  %user   %nice %system %iowait  %steal   %idle
           0.31    0.00    1.19    1.76    0.00   96.73

Device            r/s     w/s     rMB/s     wMB/s   rrqm/s   wrqm/s  %rrqm  %wrqm r_await w_await aqu-sz rareq-sz wareq-sz  svctm  %util
sdb           3338.00 1497.00     13.04     12.87     0.00     0.00   0.00   0.00    0.16    0.24   0.00     4.00     8.80   0.21 100.40

2021년 08월 24일 15시 39분 41초
avg-cpu:  %user   %nice %system %iowait  %steal   %idle
           1.08    0.00    3.99    3.86    0.00   91.08

Device            r/s     w/s     rMB/s     wMB/s   rrqm/s   wrqm/s  %rrqm  %wrqm r_await w_await aqu-sz rareq-sz wareq-sz  svctm  %util
sdb           2893.07 1205.94     11.30     11.12     0.00     0.00   0.00   0.00    0.16    0.23   0.00     4.00     9.44   0.24  99.01

2021년 08월 24일 15시 39분 42초
avg-cpu:  %user   %nice %system %iowait  %steal   %idle
           1.95    0.00    4.52    3.70    0.00   89.83

Device            r/s     w/s     rMB/s     wMB/s   rrqm/s   wrqm/s  %rrqm  %wrqm r_await w_await aqu-sz rareq-sz wareq-sz  svctm  %util
sdb           2856.00 1239.00     11.16     10.94     0.00     0.00   0.00   0.00    0.15    0.23   0.00     4.00     9.04   0.24 100.00

2021년 08월 24일 15시 39분 43초
avg-cpu:  %user   %nice %system %iowait  %steal   %idle
           0.63    0.00    3.09    3.85    0.00   92.43

Device            r/s     w/s     rMB/s     wMB/s   rrqm/s   wrqm/s  %rrqm  %wrqm r_await w_await aqu-sz rareq-sz wareq-sz  svctm  %util
sdb           2896.00 1072.00     11.31     19.99     0.00  2245.00   0.00  67.68    0.16    0.39   0.12     4.00    19.10   0.25 100.00

2021년 08월 24일 15시 39분 44초
avg-cpu:  %user   %nice %system %iowait  %steal   %idle
           0.88    0.00    2.89    2.89    0.00   93.35

Device            r/s     w/s     rMB/s     wMB/s   rrqm/s   wrqm/s  %rrqm  %wrqm r_await w_await aqu-sz rareq-sz wareq-sz  svctm  %util
sdb           2933.00 1196.00     11.46     11.30     0.00     0.00   0.00   0.00    0.16    0.26   0.00     4.00     9.68   0.24  99.60

2021년 08월 24일 15시 39분 45초
avg-cpu:  %user   %nice %system %iowait  %steal   %idle
           0.25    0.00    1.51    0.31    0.00   97.93

Device            r/s     w/s     rMB/s     wMB/s   rrqm/s   wrqm/s  %rrqm  %wrqm r_await w_await aqu-sz rareq-sz wareq-sz  svctm  %util
sdb           3189.00 1323.00     12.46     12.23     0.00     0.00   0.00   0.00    0.16    0.27   0.00     4.00     9.46   0.22 100.00

2021년 08월 24일 15시 39분 46초
avg-cpu:  %user   %nice %system %iowait  %steal   %idle
           0.37    0.00    1.93    2.17    0.00   95.53

Device            r/s     w/s     rMB/s     wMB/s   rrqm/s   wrqm/s  %rrqm  %wrqm r_await w_await aqu-sz rareq-sz wareq-sz  svctm  %util
sdb           3354.00 1399.00     13.10     12.93     0.00     0.00   0.00   0.00    0.16    0.27   0.00     4.00     9.46   0.21 100.40

2021년 08월 24일 15시 39분 47초
avg-cpu:  %user   %nice %system %iowait  %steal   %idle
           0.19    0.00    1.19    3.88    0.00   94.74

Device            r/s     w/s     rMB/s     wMB/s   rrqm/s   wrqm/s  %rrqm  %wrqm r_await w_await aqu-sz rareq-sz wareq-sz  svctm  %util
sdb           3328.00 1321.00     13.00     12.79     0.00     0.00   0.00   0.00    0.16    0.29   0.00     4.00     9.91   0.22 100.00

2021년 08월 24일 15시 39분 48초
avg-cpu:  %user   %nice %system %iowait  %steal   %idle
           0.19    0.00    0.88    1.88    0.00   97.05

Device            r/s     w/s     rMB/s     wMB/s   rrqm/s   wrqm/s  %rrqm  %wrqm r_await w_await aqu-sz rareq-sz wareq-sz  svctm  %util
sdb           3133.00 1369.00     12.24     21.36     0.00  2379.00   0.00  63.47    0.17    0.45   0.24     4.00    15.98   0.22  98.80

2021년 08월 24일 15시 39분 49초
avg-cpu:  %user   %nice %system %iowait  %steal   %idle
           0.94    0.00    2.39    2.96    0.00   93.70

Device            r/s     w/s     rMB/s     wMB/s   rrqm/s   wrqm/s  %rrqm  %wrqm r_await w_await aqu-sz rareq-sz wareq-sz  svctm  %util
sdb           2971.00 1251.00     11.61     11.35     0.00     0.00   0.00   0.00    0.16    0.24   0.00     4.00     9.29   0.24 100.00

2021년 08월 24일 15시 39분 50초
avg-cpu:  %user   %nice %system %iowait  %steal   %idle
           0.38    0.00    0.88    1.82    0.00   96.93

Device            r/s     w/s     rMB/s     wMB/s   rrqm/s   wrqm/s  %rrqm  %wrqm r_await w_await aqu-sz rareq-sz wareq-sz  svctm  %util
sdb           3254.00 1352.00     12.71     12.48     0.00     0.00   0.00   0.00    0.17    0.27   0.00     4.00     9.46   0.22  99.60

2021년 08월 24일 15시 39분 51초
avg-cpu:  %user   %nice %system %iowait  %steal   %idle
           0.94    0.00    3.32    3.51    0.00   92.22

Device            r/s     w/s     rMB/s     wMB/s   rrqm/s   wrqm/s  %rrqm  %wrqm r_await w_await aqu-sz rareq-sz wareq-sz  svctm  %util
sdb           2927.00 1143.00     11.43     11.22     0.00     0.00   0.00   0.00    0.16    0.24   0.00     4.00    10.05   0.25 100.40

2021년 08월 24일 15시 39분 52초
avg-cpu:  %user   %nice %system %iowait  %steal   %idle
           0.94    0.00    2.82    2.82    0.00   93.41

Device            r/s     w/s     rMB/s     wMB/s   rrqm/s   wrqm/s  %rrqm  %wrqm r_await w_await aqu-sz rareq-sz wareq-sz  svctm  %util
sdb           2986.00 1206.00     11.66     11.46     0.00     0.00   0.00   0.00    0.16    0.25   0.00     4.00     9.73   0.24 100.00

2021년 08월 24일 15시 39분 53초
avg-cpu:  %user   %nice %system %iowait  %steal   %idle
           0.25    0.00    1.13    0.44    0.00   98.17

Device            r/s     w/s     rMB/s     wMB/s   rrqm/s   wrqm/s  %rrqm  %wrqm r_await w_await aqu-sz rareq-sz wareq-sz  svctm  %util
sdb           3159.00 1403.00     12.34     21.16     0.00  2309.00   0.00  62.20    0.17    0.35   0.12     4.00    15.44   0.22 100.00

2021년 08월 24일 15시 39분 54초
avg-cpu:  %user   %nice %system %iowait  %steal   %idle
           0.82    0.00    2.39    3.21    0.00   93.58

Device            r/s     w/s     rMB/s     wMB/s   rrqm/s   wrqm/s  %rrqm  %wrqm r_await w_await aqu-sz rareq-sz wareq-sz  svctm  %util
sdb           2974.00 1280.00     11.62     11.41     0.00     0.00   0.00   0.00    0.16    0.25   0.00     4.00     9.12   0.24 100.00

2021년 08월 24일 15시 39분 55초
avg-cpu:  %user   %nice %system %iowait  %steal   %idle
           0.38    0.00    2.31    0.25    0.00   97.06

Device            r/s     w/s     rMB/s     wMB/s   rrqm/s   wrqm/s  %rrqm  %wrqm r_await w_await aqu-sz rareq-sz wareq-sz  svctm  %util
sdb           3143.00 1394.00     12.28     12.12     0.00     0.00   0.00   0.00    0.16    0.25   0.00     4.00     8.91   0.22 100.00

2021년 08월 24일 15시 39분 56초
avg-cpu:  %user   %nice %system %iowait  %steal   %idle
           0.50    0.00    1.94    1.38    0.00   96.17

Device            r/s     w/s     rMB/s     wMB/s   rrqm/s   wrqm/s  %rrqm  %wrqm r_await w_await aqu-sz rareq-sz wareq-sz  svctm  %util
sdb           3127.00 1295.00     12.21     11.95     0.00     0.00   0.00   0.00    0.16    0.26   0.00     4.00     9.45   0.23 100.00

2021년 08월 24일 15시 39분 57초
avg-cpu:  %user   %nice %system %iowait  %steal   %idle
           1.00    0.00    3.26    2.76    0.00   92.99

Device            r/s     w/s     rMB/s     wMB/s   rrqm/s   wrqm/s  %rrqm  %wrqm r_await w_await aqu-sz rareq-sz wareq-sz  svctm  %util
sdb           2891.00 1288.00     11.29     11.13     0.00     0.00   0.00   0.00    0.15    0.23   0.00     4.00     8.85   0.24 100.00

2021년 08월 24일 15시 39분 58초
avg-cpu:  %user   %nice %system %iowait  %steal   %idle
           0.44    0.00    1.76    1.89    0.00   95.90

Device            r/s     w/s     rMB/s     wMB/s   rrqm/s   wrqm/s  %rrqm  %wrqm r_await w_await aqu-sz rareq-sz wareq-sz  svctm  %util
sdb           2906.00 1466.00     11.35     20.20     0.00  2306.00   0.00  61.13    0.17    0.32   0.14     4.00    14.11   0.23  98.40

2021년 08월 24일 15시 39분 59초
avg-cpu:  %user   %nice %system %iowait  %steal   %idle
           0.13    0.00    1.19    5.32    0.00   93.36

Device            r/s     w/s     rMB/s     wMB/s   rrqm/s   wrqm/s  %rrqm  %wrqm r_await w_await aqu-sz rareq-sz wareq-sz  svctm  %util
sdb           3301.00 1362.00     12.89     12.68     0.00     0.00   0.00   0.00    0.16    0.28   0.00     4.00     9.54   0.21 100.00

2021년 08월 24일 15시 40분 00초
avg-cpu:  %user   %nice %system %iowait  %steal   %idle
           1.01    0.00    3.08    2.77    0.00   93.15

Device            r/s     w/s     rMB/s     wMB/s   rrqm/s   wrqm/s  %rrqm  %wrqm r_await w_await aqu-sz rareq-sz wareq-sz  svctm  %util
sdb           2820.00 1232.00     11.02     10.79     0.00     0.00   0.00   0.00    0.16    0.23   0.00     4.00     8.96   0.25 100.00

2021년 08월 24일 15시 40분 01초
avg-cpu:  %user   %nice %system %iowait  %steal   %idle
           0.25    0.00    0.88    1.82    0.00   97.05

Device            r/s     w/s     rMB/s     wMB/s   rrqm/s   wrqm/s  %rrqm  %wrqm r_await w_await aqu-sz rareq-sz wareq-sz  svctm  %util
sdb           3344.00 1333.00     13.06     12.80     0.00     0.00   0.00   0.00    0.16    0.28   0.00     4.00     9.84   0.21 100.00

2021년 08월 24일 15시 40분 02초
avg-cpu:  %user   %nice %system %iowait  %steal   %idle
           0.50    0.00    1.69    1.63    0.00   96.17

Device            r/s     w/s     rMB/s     wMB/s   rrqm/s   wrqm/s  %rrqm  %wrqm r_await w_await aqu-sz rareq-sz wareq-sz  svctm  %util
sdb           3129.00 1326.00     12.22     12.02     0.00     0.00   0.00   0.00    0.16    0.25   0.00     4.00     9.29   0.22 100.00

2021년 08월 24일 15시 40분 03초
avg-cpu:  %user   %nice %system %iowait  %steal   %idle
           0.63    0.00    3.13    3.89    0.00   92.35

Device            r/s     w/s     rMB/s     wMB/s   rrqm/s   wrqm/s  %rrqm  %wrqm r_await w_await aqu-sz rareq-sz wareq-sz  svctm  %util
sdb           2863.00 1267.00     11.18     20.09     0.00  2324.00   0.00  64.72    0.16    0.34   0.12     4.00    16.23   0.24 100.00

2021년 08월 24일 15시 40분 04초
avg-cpu:  %user   %nice %system %iowait  %steal   %idle
           0.50    0.00    2.57    2.26    0.00   94.67

Device            r/s     w/s     rMB/s     wMB/s   rrqm/s   wrqm/s  %rrqm  %wrqm r_await w_await aqu-sz rareq-sz wareq-sz  svctm  %util
sdb           2881.00 1826.00     11.25     33.86     0.00  5230.00   0.00  74.12    0.17    0.58   0.01     4.00    18.99   0.21 100.00

2021년 08월 24일 15시 40분 05초
avg-cpu:  %user   %nice %system %iowait  %steal   %idle
           0.19    0.00    0.75    0.31    0.00   98.74

Device            r/s     w/s     rMB/s     wMB/s   rrqm/s   wrqm/s  %rrqm  %wrqm r_await w_await aqu-sz rareq-sz wareq-sz  svctm  %util
sdb           3269.00 1381.00     12.77     12.55     0.00     0.00   0.00   0.00    0.16    0.28   0.00     4.00     9.31   0.22 100.00

2021년 08월 24일 15시 40분 06초
avg-cpu:  %user   %nice %system %iowait  %steal   %idle
           0.19    0.00    1.44    1.88    0.00   96.49

Device            r/s     w/s     rMB/s     wMB/s   rrqm/s   wrqm/s  %rrqm  %wrqm r_await w_await aqu-sz rareq-sz wareq-sz  svctm  %util
sdb           3288.00 1321.00     12.84     12.63     0.00     0.00   0.00   0.00    0.16    0.30   0.02     4.00     9.79   0.21  98.40

2021년 08월 24일 15시 40분 07초
avg-cpu:  %user   %nice %system %iowait  %steal   %idle
           0.31    0.00    1.56    5.37    0.00   92.76

Device            r/s     w/s     rMB/s     wMB/s   rrqm/s   wrqm/s  %rrqm  %wrqm r_await w_await aqu-sz rareq-sz wareq-sz  svctm  %util
sdb           3305.00 1382.00     12.91     12.68     0.00     0.00   0.00   0.00    0.16    0.27   0.00     4.00     9.40   0.21 100.00

2021년 08월 24일 15시 40분 08초
avg-cpu:  %user   %nice %system %iowait  %steal   %idle
           0.06    0.00    0.69    2.26    0.00   96.98

Device            r/s     w/s     rMB/s     wMB/s   rrqm/s   wrqm/s  %rrqm  %wrqm r_await w_await aqu-sz rareq-sz wareq-sz  svctm  %util
sdb           3369.00 1339.00     13.16     12.93     0.00     0.00   0.00   0.00    0.16    0.28   0.00     4.00     9.89   0.21 100.00

2021년 08월 24일 15시 40분 09초
avg-cpu:  %user   %nice %system %iowait  %steal   %idle
           0.19    0.00    1.19    2.01    0.00   96.61

Device            r/s     w/s     rMB/s     wMB/s   rrqm/s   wrqm/s  %rrqm  %wrqm r_await w_await aqu-sz rareq-sz wareq-sz  svctm  %util
sdb           3156.00 1289.00     12.33     21.94     0.00  2478.00   0.00  65.78    0.16    0.40   0.14     4.00    17.43   0.22 100.00

2021년 08월 24일 15시 40분 10초
avg-cpu:  %user   %nice %system %iowait  %steal   %idle
           0.69    0.00    3.14    0.63    0.00   95.54

Device            r/s     w/s     rMB/s     wMB/s   rrqm/s   wrqm/s  %rrqm  %wrqm r_await w_await aqu-sz rareq-sz wareq-sz  svctm  %util
sdb           2904.00 1145.00     11.34     11.16     0.00     0.00   0.00   0.00    0.16    0.25   0.00     4.00     9.98   0.25 100.00

2021년 08월 24일 15시 40분 11초
avg-cpu:  %user   %nice %system %iowait  %steal   %idle
           0.69    0.00    1.82    0.44    0.00   97.05

Device            r/s     w/s     rMB/s     wMB/s   rrqm/s   wrqm/s  %rrqm  %wrqm r_await w_await aqu-sz rareq-sz wareq-sz  svctm  %util
sdb           3089.00 1192.00     12.07     11.87     0.00     0.00   0.00   0.00    0.16    0.28   0.01     4.00    10.19   0.23  98.80

2021년 08월 24일 15시 40분 12초
avg-cpu:  %user   %nice %system %iowait  %steal   %idle
           0.38    0.00    1.07    0.25    0.00   98.30

Device            r/s     w/s     rMB/s     wMB/s   rrqm/s   wrqm/s  %rrqm  %wrqm r_await w_await aqu-sz rareq-sz wareq-sz  svctm  %util
sdb           3159.00 1384.00     12.34     12.16     0.00     0.00   0.00   0.00    0.16    0.26   0.00     4.00     8.99   0.22 100.00

2021년 08월 24일 15시 40분 13초
avg-cpu:  %user   %nice %system %iowait  %steal   %idle
           0.56    0.00    1.25    2.63    0.00   95.55

Device            r/s     w/s     rMB/s     wMB/s   rrqm/s   wrqm/s  %rrqm  %wrqm r_await w_await aqu-sz rareq-sz wareq-sz  svctm  %util
sdb           3163.00 1322.00     12.36     12.14     0.00     0.00   0.00   0.00    0.16    0.27   0.00     4.00     9.41   0.22 100.00

2021년 08월 24일 15시 40분 14초
avg-cpu:  %user   %nice %system %iowait  %steal   %idle
           0.44    0.00    1.13    0.31    0.00   98.11

Device            r/s     w/s     rMB/s     wMB/s   rrqm/s   wrqm/s  %rrqm  %wrqm r_await w_await aqu-sz rareq-sz wareq-sz  svctm  %util
sdb           3104.00 1496.00     12.12     21.23     0.00  2374.00   0.00  61.34    0.16    0.33   0.11     4.00    14.53   0.22 100.00

2021년 08월 24일 15시 40분 15초
avg-cpu:  %user   %nice %system %iowait  %steal   %idle
           0.06    0.00    0.75    0.44    0.00   98.74

Device            r/s     w/s     rMB/s     wMB/s   rrqm/s   wrqm/s  %rrqm  %wrqm r_await w_await aqu-sz rareq-sz wareq-sz  svctm  %util
sdb           3180.00 1265.00     12.42     12.20     0.00     0.00   0.00   0.00    0.16    0.30   0.02     4.00     9.87   0.22  98.40

2021년 08월 24일 15시 40분 16초
avg-cpu:  %user   %nice %system %iowait  %steal   %idle
           0.19    0.00    0.94    0.25    0.00   98.62

Device            r/s     w/s     rMB/s     wMB/s   rrqm/s   wrqm/s  %rrqm  %wrqm r_await w_await aqu-sz rareq-sz wareq-sz  svctm  %util
sdb           3204.00 1344.00     12.52     12.28     0.00     0.00   0.00   0.00    0.16    0.26   0.00     4.00     9.35   0.22 100.00

2021년 08월 24일 15시 40분 17초
avg-cpu:  %user   %nice %system %iowait  %steal   %idle
           0.32    0.00    0.82    0.25    0.00   98.61

Device            r/s     w/s     rMB/s     wMB/s   rrqm/s   wrqm/s  %rrqm  %wrqm r_await w_await aqu-sz rareq-sz wareq-sz  svctm  %util
sdb           3136.00 1301.00     12.25     12.09     0.00     0.00   0.00   0.00    0.16    0.28   0.00     4.00     9.51   0.23 100.00

2021년 08월 24일 15시 40분 18초
avg-cpu:  %user   %nice %system %iowait  %steal   %idle
           0.13    0.00    0.88    0.25    0.00   98.74

Device            r/s     w/s     rMB/s     wMB/s   rrqm/s   wrqm/s  %rrqm  %wrqm r_await w_await aqu-sz rareq-sz wareq-sz  svctm  %util
sdb           3172.00 1357.00     12.39     12.18     0.00     0.00   0.00   0.00    0.16    0.27   0.00     4.00     9.19   0.22 100.00

2021년 08월 24일 15시 40분 19초
avg-cpu:  %user   %nice %system %iowait  %steal   %idle
           0.44    0.00    1.19    0.44    0.00   97.93

Device            r/s     w/s     rMB/s     wMB/s   rrqm/s   wrqm/s  %rrqm  %wrqm r_await w_await aqu-sz rareq-sz wareq-sz  svctm  %util
sdb           3203.00 1273.00     12.51     21.72     0.00  2382.00   0.00  65.17    0.16    0.40   0.13     4.00    17.47   0.22 100.00

2021년 08월 24일 15시 40분 20초
avg-cpu:  %user   %nice %system %iowait  %steal   %idle
           0.19    0.00    1.06    0.31    0.00   98.44

Device            r/s     w/s     rMB/s     wMB/s   rrqm/s   wrqm/s  %rrqm  %wrqm r_await w_await aqu-sz rareq-sz wareq-sz  svctm  %util
sdb           3440.00 1179.00     13.44     13.18     0.00     0.00   0.00   0.00    0.16    0.30   0.00     4.00    11.45   0.22 100.00

2021년 08월 24일 15시 40분 21초
avg-cpu:  %user   %nice %system %iowait  %steal   %idle
           0.31    0.00    0.82    0.31    0.00   98.55

Device            r/s     w/s     rMB/s     wMB/s   rrqm/s   wrqm/s  %rrqm  %wrqm r_await w_await aqu-sz rareq-sz wareq-sz  svctm  %util
sdb           3264.00 1239.00     12.75     12.57     0.00     0.00   0.00   0.00    0.16    0.29   0.00     4.00    10.39   0.22 100.00

2021년 08월 24일 15시 40분 22초
avg-cpu:  %user   %nice %system %iowait  %steal   %idle
           0.25    0.00    0.88    0.31    0.00   98.56

Device            r/s     w/s     rMB/s     wMB/s   rrqm/s   wrqm/s  %rrqm  %wrqm r_await w_await aqu-sz rareq-sz wareq-sz  svctm  %util
sdb           3253.00 1284.00     12.71     12.50     0.00     0.00   0.00   0.00    0.16    0.29   0.00     4.00     9.97   0.22 100.00

2021년 08월 24일 15시 40분 23초
avg-cpu:  %user   %nice %system %iowait  %steal   %idle
           0.19    0.00    0.57    0.63    0.00   98.61

Device            r/s     w/s     rMB/s     wMB/s   rrqm/s   wrqm/s  %rrqm  %wrqm r_await w_await aqu-sz rareq-sz wareq-sz  svctm  %util
sdb           3351.00 1302.00     13.09     12.86     0.00     0.00   0.00   0.00    0.16    0.28   0.00     4.00    10.11   0.21 100.00

2021년 08월 24일 15시 40분 24초
avg-cpu:  %user   %nice %system %iowait  %steal   %idle
           0.38    0.00    2.07    4.51    0.00   93.05

Device            r/s     w/s     rMB/s     wMB/s   rrqm/s   wrqm/s  %rrqm  %wrqm r_await w_await aqu-sz rareq-sz wareq-sz  svctm  %util
sdb           2984.00 1375.00     11.66     20.87     0.00  2395.00   0.00  63.53    0.16    0.36   0.14     4.00    15.54   0.23  98.80

2021년 08월 24일 15시 40분 25초
avg-cpu:  %user   %nice %system %iowait  %steal   %idle
           0.44    0.00    2.32    0.19    0.00   97.06

Device            r/s     w/s     rMB/s     wMB/s   rrqm/s   wrqm/s  %rrqm  %wrqm r_await w_await aqu-sz rareq-sz wareq-sz  svctm  %util
sdb           2922.00 1302.00     11.41     11.27     0.00     0.00   0.00   0.00    0.16    0.24   0.00     4.00     8.86   0.24 100.00

2021년 08월 24일 15시 40분 26초
avg-cpu:  %user   %nice %system %iowait  %steal   %idle
           0.19    0.00    2.00    0.25    0.00   97.56

Device            r/s     w/s     rMB/s     wMB/s   rrqm/s   wrqm/s  %rrqm  %wrqm r_await w_await aqu-sz rareq-sz wareq-sz  svctm  %util
sdb           3090.00 1376.00     12.07     11.84     0.00     0.00   0.00   0.00    0.16    0.24   0.00     4.00     8.81   0.22 100.00

2021년 08월 24일 15시 40분 27초
avg-cpu:  %user   %nice %system %iowait  %steal   %idle
           0.50    0.00    3.07    0.19    0.00   96.24

Device            r/s     w/s     rMB/s     wMB/s   rrqm/s   wrqm/s  %rrqm  %wrqm r_await w_await aqu-sz rareq-sz wareq-sz  svctm  %util
sdb           2798.00 1228.00     10.93     10.79     0.00     0.00   0.00   0.00    0.16    0.24   0.00     4.00     9.00   0.25 100.00

2021년 08월 24일 15시 40분 28초
avg-cpu:  %user   %nice %system %iowait  %steal   %idle
           0.63    0.00    3.50    3.50    0.00   92.37

Device            r/s     w/s     rMB/s     wMB/s   rrqm/s   wrqm/s  %rrqm  %wrqm r_await w_await aqu-sz rareq-sz wareq-sz  svctm  %util
sdb           2905.00 1144.00     11.35     11.14     0.00     0.00   0.00   0.00    0.16    0.24   0.00     4.00     9.97   0.25 100.00

2021년 08월 24일 15시 40분 29초
avg-cpu:  %user   %nice %system %iowait  %steal   %idle
           0.25    0.00    1.19    0.69    0.00   97.87

Device            r/s     w/s     rMB/s     wMB/s   rrqm/s   wrqm/s  %rrqm  %wrqm r_await w_await aqu-sz rareq-sz wareq-sz  svctm  %util
sdb           3187.00 1368.00     12.45     21.34     0.00  2304.00   0.00  62.75    0.17    0.36   0.12     4.00    15.98   0.22 100.00

2021년 08월 24일 15시 40분 30초
avg-cpu:  %user   %nice %system %iowait  %steal   %idle
           0.38    0.00    2.02    3.29    0.00   94.31

Device            r/s     w/s     rMB/s     wMB/s   rrqm/s   wrqm/s  %rrqm  %wrqm r_await w_await aqu-sz rareq-sz wareq-sz  svctm  %util
sdb           2956.00 1110.00     11.55     11.33     0.00     0.00   0.00   0.00    0.16    0.27   0.00     4.00    10.45   0.25 100.00

2021년 08월 24일 15시 40분 31초
avg-cpu:  %user   %nice %system %iowait  %steal   %idle
           0.88    0.00    2.89    3.58    0.00   92.66

Device            r/s     w/s     rMB/s     wMB/s   rrqm/s   wrqm/s  %rrqm  %wrqm r_await w_await aqu-sz rareq-sz wareq-sz  svctm  %util
sdb           2860.00 1124.00     11.17     11.00     0.00     0.00   0.00   0.00    0.16    0.25   0.00     4.00    10.02   0.25 100.00

2021년 08월 24일 15시 40분 32초
avg-cpu:  %user   %nice %system %iowait  %steal   %idle
           0.44    0.00    1.69    1.38    0.00   96.49

Device            r/s     w/s     rMB/s     wMB/s   rrqm/s   wrqm/s  %rrqm  %wrqm r_await w_await aqu-sz rareq-sz wareq-sz  svctm  %util
sdb           3074.00 1193.00     12.01     11.85     0.00     0.00   0.00   0.00    0.16    0.27   0.00     4.00    10.17   0.23 100.00

2021년 08월 24일 15시 40분 33초
avg-cpu:  %user   %nice %system %iowait  %steal   %idle
           0.57    0.00    2.33    1.13    0.00   95.97

Device            r/s     w/s     rMB/s     wMB/s   rrqm/s   wrqm/s  %rrqm  %wrqm r_await w_await aqu-sz rareq-sz wareq-sz  svctm  %util
sdb           2909.00 1175.00     11.36     11.21     0.00     0.00   0.00   0.00    0.16    0.26   0.00     4.00     9.77   0.24 100.00

2021년 08월 24일 15시 40분 34초
avg-cpu:  %user   %nice %system %iowait  %steal   %idle
           0.44    0.00    2.39    2.77    0.00   94.40

Device            r/s     w/s     rMB/s     wMB/s   rrqm/s   wrqm/s  %rrqm  %wrqm r_await w_await aqu-sz rareq-sz wareq-sz  svctm  %util
sdb           2792.00 1349.00     10.91     30.59     0.00  5292.00   0.00  79.69    0.16    0.57   0.17     4.00    23.22   0.24  98.00

2021년 08월 24일 15시 40분 35초
avg-cpu:  %user   %nice %system %iowait  %steal   %idle
           0.13    0.00    1.07    1.63    0.00   97.18

Device            r/s     w/s     rMB/s     wMB/s   rrqm/s   wrqm/s  %rrqm  %wrqm r_await w_await aqu-sz rareq-sz wareq-sz  svctm  %util
sdb           3231.00 1417.00     12.62     23.49     0.00  2349.00   0.00  62.37    0.16    0.53   0.15     4.00    16.98   0.22 100.00

2021년 08월 24일 15시 40분 36초
avg-cpu:  %user   %nice %system %iowait  %steal   %idle
           0.44    0.00    1.88    4.76    0.00   92.93

Device            r/s     w/s     rMB/s     wMB/s   rrqm/s   wrqm/s  %rrqm  %wrqm r_await w_await aqu-sz rareq-sz wareq-sz  svctm  %util
sdb           3227.00 1248.00     12.61     12.38     0.00     0.00   0.00   0.00    0.16    0.27   0.00     4.00    10.16   0.22 100.00

2021년 08월 24일 15시 40분 37초
avg-cpu:  %user   %nice %system %iowait  %steal   %idle
           0.88    0.00    3.13    3.57    0.00   92.43

Device            r/s     w/s     rMB/s     wMB/s   rrqm/s   wrqm/s  %rrqm  %wrqm r_await w_await aqu-sz rareq-sz wareq-sz  svctm  %util
sdb           2912.00 1202.00     11.38     11.15     0.00     0.00   0.00   0.00    0.16    0.24   0.00     4.00     9.50   0.24 100.00

2021년 08월 24일 15시 40분 38초
avg-cpu:  %user   %nice %system %iowait  %steal   %idle
           1.00    0.00    2.88    3.57    0.00   92.54

Device            r/s     w/s     rMB/s     wMB/s   rrqm/s   wrqm/s  %rrqm  %wrqm r_await w_await aqu-sz rareq-sz wareq-sz  svctm  %util
sdb           2908.00 1249.00     11.36     11.20     0.00     0.00   0.00   0.00    0.15    0.23   0.00     4.00     9.18   0.24 100.00

2021년 08월 24일 15시 40분 39초
avg-cpu:  %user   %nice %system %iowait  %steal   %idle
           0.19    0.00    1.00    0.75    0.00   98.06

Device            r/s     w/s     rMB/s     wMB/s   rrqm/s   wrqm/s  %rrqm  %wrqm r_await w_await aqu-sz rareq-sz wareq-sz  svctm  %util
sdb           3330.00 1313.00     13.01     17.41     0.00  2324.00   0.00  63.90    0.16    0.31   0.02     4.00    13.58   0.22 100.00

2021년 08월 24일 15시 40분 40초
avg-cpu:  %user   %nice %system %iowait  %steal   %idle
           0.57    0.00    2.59    3.66    0.00   93.19

Device            r/s     w/s     rMB/s     wMB/s   rrqm/s   wrqm/s  %rrqm  %wrqm r_await w_await aqu-sz rareq-sz wareq-sz  svctm  %util
sdb           2889.00 1194.00     11.29     15.71     0.00     0.00   0.00   0.00    0.16    0.32   0.10     4.00    13.47   0.24 100.00

2021년 08월 24일 15시 40분 41초
avg-cpu:  %user   %nice %system %iowait  %steal   %idle
           0.13    0.00    0.69    0.57    0.00   98.62

Device            r/s     w/s     rMB/s     wMB/s   rrqm/s   wrqm/s  %rrqm  %wrqm r_await w_await aqu-sz rareq-sz wareq-sz  svctm  %util
sdb           3331.00 1412.00     13.01     12.81     0.00     0.00   0.00   0.00    0.16    0.26   0.00     4.00     9.29   0.21 100.00

2021년 08월 24일 15시 40분 42초
avg-cpu:  %user   %nice %system %iowait  %steal   %idle
           0.63    0.00    2.46    0.95    0.00   95.96

Device            r/s     w/s     rMB/s     wMB/s   rrqm/s   wrqm/s  %rrqm  %wrqm r_await w_await aqu-sz rareq-sz wareq-sz  svctm  %util
sdb           2819.00 1173.00     11.01     10.83     0.00     0.00   0.00   0.00    0.15    0.26   0.02     4.00     9.45   0.25  98.40

2021년 08월 24일 15시 40분 43초
avg-cpu:  %user   %nice %system %iowait  %steal   %idle
           0.38    0.00    1.25    0.25    0.00   98.12

Device            r/s     w/s     rMB/s     wMB/s   rrqm/s   wrqm/s  %rrqm  %wrqm r_await w_await aqu-sz rareq-sz wareq-sz  svctm  %util
sdb           3241.00 1328.00     12.66     12.45     0.00     0.00   0.00   0.00    0.16    0.27   0.00     4.00     9.60   0.22 100.00

2021년 08월 24일 15시 40분 44초
avg-cpu:  %user   %nice %system %iowait  %steal   %idle
           0.13    0.00    0.88    0.38    0.00   98.62

Device            r/s     w/s     rMB/s     wMB/s   rrqm/s   wrqm/s  %rrqm  %wrqm r_await w_await aqu-sz rareq-sz wareq-sz  svctm  %util
sdb           3346.00 1347.00     13.07     17.46     0.00  2367.00   0.00  63.73    0.16    0.31   0.02     4.00    13.27   0.21 100.00

2021년 08월 24일 15시 40분 45초
avg-cpu:  %user   %nice %system %iowait  %steal   %idle
           0.19    0.00    0.82    0.38    0.00   98.62

Device            r/s     w/s     rMB/s     wMB/s   rrqm/s   wrqm/s  %rrqm  %wrqm r_await w_await aqu-sz rareq-sz wareq-sz  svctm  %util
sdb           3410.00 1363.00     13.32     17.80     0.00     0.00   0.00   0.00    0.16    0.36   0.11     4.00    13.37   0.21 100.40

2021년 08월 24일 15시 40분 46초
avg-cpu:  %user   %nice %system %iowait  %steal   %idle
           0.38    0.00    1.94    3.39    0.00   94.29

Device            r/s     w/s     rMB/s     wMB/s   rrqm/s   wrqm/s  %rrqm  %wrqm r_await w_await aqu-sz rareq-sz wareq-sz  svctm  %util
sdb           3104.00 1310.00     12.12     11.93     0.00     0.00   0.00   0.00    0.16    0.26   0.00     4.00     9.32   0.23 100.00

2021년 08월 24일 15시 40분 47초
avg-cpu:  %user   %nice %system %iowait  %steal   %idle
           0.75    0.00    2.95    3.83    0.00   92.47

Device            r/s     w/s     rMB/s     wMB/s   rrqm/s   wrqm/s  %rrqm  %wrqm r_await w_await aqu-sz rareq-sz wareq-sz  svctm  %util
sdb           2867.00 1273.00     11.20     11.00     0.00     0.00   0.00   0.00    0.15    0.23   0.00     4.00     8.85   0.24 100.00

2021년 08월 24일 15시 40분 48초
avg-cpu:  %user   %nice %system %iowait  %steal   %idle
           0.25    0.00    2.01    2.14    0.00   95.59

Device            r/s     w/s     rMB/s     wMB/s   rrqm/s   wrqm/s  %rrqm  %wrqm r_await w_await aqu-sz rareq-sz wareq-sz  svctm  %util
sdb           3044.00 1300.00     11.89     11.69     0.00     0.00   0.00   0.00    0.16    0.25   0.00     4.00     9.21   0.23 100.00

2021년 08월 24일 15시 40분 49초
avg-cpu:  %user   %nice %system %iowait  %steal   %idle
           0.63    0.00    2.40    3.98    0.00   92.99

Device            r/s     w/s     rMB/s     wMB/s   rrqm/s   wrqm/s  %rrqm  %wrqm r_await w_await aqu-sz rareq-sz wareq-sz  svctm  %util
sdb           2925.00 1180.00     11.43     14.54     0.00  2344.00   0.00  66.52    0.15    0.25   0.00     4.00    12.61   0.24  99.60

2021년 08월 24일 15시 40분 50초
avg-cpu:  %user   %nice %system %iowait  %steal   %idle
           0.88    0.00    2.65    3.66    0.00   92.81

Device            r/s     w/s     rMB/s     wMB/s   rrqm/s   wrqm/s  %rrqm  %wrqm r_await w_await aqu-sz rareq-sz wareq-sz  svctm  %util
sdb           2853.00 1350.00     11.14     16.82     0.00     0.00   0.00   0.00    0.15    0.32   0.13     4.00    12.76   0.24 100.40

2021년 08월 24일 15시 40분 51초
avg-cpu:  %user   %nice %system %iowait  %steal   %idle
           0.82    0.00    2.52    3.90    0.00   92.76

Device            r/s     w/s     rMB/s     wMB/s   rrqm/s   wrqm/s  %rrqm  %wrqm r_await w_await aqu-sz rareq-sz wareq-sz  svctm  %util
sdb           2885.00 1204.00     11.27     11.13     0.00     0.00   0.00   0.00    0.15    0.26   0.02     4.00     9.47   0.24  98.40

2021년 08월 24일 15시 40분 52초
avg-cpu:  %user   %nice %system %iowait  %steal   %idle
           0.31    0.00    1.70    1.57    0.00   96.42

Device            r/s     w/s     rMB/s     wMB/s   rrqm/s   wrqm/s  %rrqm  %wrqm r_await w_await aqu-sz rareq-sz wareq-sz  svctm  %util
sdb           3120.00 1206.00     12.19     11.99     0.00     0.00   0.00   0.00    0.16    0.27   0.00     4.00    10.18   0.23 100.00

2021년 08월 24일 15시 40분 53초
avg-cpu:  %user   %nice %system %iowait  %steal   %idle
           0.57    0.00    2.52    3.97    0.00   92.94

Device            r/s     w/s     rMB/s     wMB/s   rrqm/s   wrqm/s  %rrqm  %wrqm r_await w_await aqu-sz rareq-sz wareq-sz  svctm  %util
sdb           3020.00 1210.00     11.80     11.60     0.00     0.00   0.00   0.00    0.15    0.25   0.00     4.00     9.81   0.24 100.00

2021년 08월 24일 15시 40분 54초
avg-cpu:  %user   %nice %system %iowait  %steal   %idle
           0.38    0.00    1.90    2.34    0.00   95.38

Device            r/s     w/s     rMB/s     wMB/s   rrqm/s   wrqm/s  %rrqm  %wrqm r_await w_await aqu-sz rareq-sz wareq-sz  svctm  %util
sdb           3025.00 1192.00     11.82     14.95     0.00  2305.00   0.00  65.91    0.16    0.28   0.01     4.00    12.85   0.24 100.00

2021년 08월 24일 15시 40분 55초
avg-cpu:  %user   %nice %system %iowait  %steal   %idle
           0.94    0.00    2.33    3.40    0.00   93.32

Device            r/s     w/s     rMB/s     wMB/s   rrqm/s   wrqm/s  %rrqm  %wrqm r_await w_await aqu-sz rareq-sz wareq-sz  svctm  %util
sdb           2975.00 1181.00     11.62     17.20     0.00     0.00   0.00   0.00    0.16    0.34   0.11     4.00    14.92   0.24 100.00

2021년 08월 24일 15시 40분 56초
avg-cpu:  %user   %nice %system %iowait  %steal   %idle
           0.63    0.00    2.07    2.14    0.00   95.16

Device            r/s     w/s     rMB/s     wMB/s   rrqm/s   wrqm/s  %rrqm  %wrqm r_await w_await aqu-sz rareq-sz wareq-sz  svctm  %util
sdb           3030.00 1198.00     11.84     11.65     0.00     0.00   0.00   0.00    0.16    0.26   0.00     4.00     9.96   0.24 100.00

2021년 08월 24일 15시 40분 57초
avg-cpu:  %user   %nice %system %iowait  %steal   %idle
           0.13    0.00    0.75    0.25    0.00   98.87

Device            r/s     w/s     rMB/s     wMB/s   rrqm/s   wrqm/s  %rrqm  %wrqm r_await w_await aqu-sz rareq-sz wareq-sz  svctm  %util
sdb           3357.00 1382.00     13.11     12.94     0.00     0.00   0.00   0.00    0.15    0.28   0.00     4.00     9.59   0.21 100.00

2021년 08월 24일 15시 40분 58초
avg-cpu:  %user   %nice %system %iowait  %steal   %idle
           0.44    0.00    0.94    0.31    0.00   98.31

Device            r/s     w/s     rMB/s     wMB/s   rrqm/s   wrqm/s  %rrqm  %wrqm r_await w_await aqu-sz rareq-sz wareq-sz  svctm  %util
sdb           3255.00 1335.00     12.71     12.52     0.00     0.00   0.00   0.00    0.15    0.29   0.00     4.00     9.61   0.22 100.00

2021년 08월 24일 15시 40분 59초
avg-cpu:  %user   %nice %system %iowait  %steal   %idle
           0.13    0.00    0.63    0.38    0.00   98.87

Device            r/s     w/s     rMB/s     wMB/s   rrqm/s   wrqm/s  %rrqm  %wrqm r_await w_await aqu-sz rareq-sz wareq-sz  svctm  %util
sdb           3318.00 1331.00     12.96     17.31     0.00  2440.00   0.00  64.70    0.16    0.30   0.02     4.00    13.32   0.21  99.60

2021년 08월 24일 15시 41분 00초
avg-cpu:  %user   %nice %system %iowait  %steal   %idle
           0.25    0.00    1.32    0.38    0.00   98.05

Device            r/s     w/s     rMB/s     wMB/s   rrqm/s   wrqm/s  %rrqm  %wrqm r_await w_await aqu-sz rareq-sz wareq-sz  svctm  %util
sdb           3061.00 1250.00     11.96     16.77     0.00     0.00   0.00   0.00    0.17    0.37   0.13     4.00    13.74   0.23  98.80

2021년 08월 24일 15시 41분 01초
avg-cpu:  %user   %nice %system %iowait  %steal   %idle
           0.44    0.00    2.07    0.25    0.00   97.24

Device            r/s     w/s     rMB/s     wMB/s   rrqm/s   wrqm/s  %rrqm  %wrqm r_await w_await aqu-sz rareq-sz wareq-sz  svctm  %util
sdb           3027.00 1155.00     11.82     11.60     0.00     0.00   0.00   0.00    0.16    0.27   0.00     4.00    10.28   0.24 100.00

2021년 08월 24일 15시 41분 02초
avg-cpu:  %user   %nice %system %iowait  %steal   %idle
           0.25    0.00    2.13    0.19    0.00   97.43

Device            r/s     w/s     rMB/s     wMB/s   rrqm/s   wrqm/s  %rrqm  %wrqm r_await w_await aqu-sz rareq-sz wareq-sz  svctm  %util
sdb           2997.00 1162.00     11.71     11.52     0.00     0.00   0.00   0.00    0.17    0.28   0.00     4.00    10.15   0.24 100.00

2021년 08월 24일 15시 41분 03초
avg-cpu:  %user   %nice %system %iowait  %steal   %idle
           0.25    0.00    0.94    0.38    0.00   98.44

Device            r/s     w/s     rMB/s     wMB/s   rrqm/s   wrqm/s  %rrqm  %wrqm r_await w_await aqu-sz rareq-sz wareq-sz  svctm  %util
sdb           3379.00 1383.00     13.20     12.99     0.00     0.00   0.00   0.00    0.15    0.27   0.00     4.00     9.62   0.21 100.00

2021년 08월 24일 15시 41분 04초
avg-cpu:  %user   %nice %system %iowait  %steal   %idle
           0.50    0.00    1.50    0.25    0.00   97.75

Device            r/s     w/s     rMB/s     wMB/s   rrqm/s   wrqm/s  %rrqm  %wrqm r_await w_await aqu-sz rareq-sz wareq-sz  svctm  %util
sdb           3196.00 1315.00     12.48     15.56     0.00  2352.00   0.00  64.14    0.16    0.29   0.01     4.00    12.12   0.22 100.00

2021년 08월 24일 15시 41분 05초
avg-cpu:  %user   %nice %system %iowait  %steal   %idle
           0.38    0.00    1.69    0.81    0.00   97.12

Device            r/s     w/s     rMB/s     wMB/s   rrqm/s   wrqm/s  %rrqm  %wrqm r_await w_await aqu-sz rareq-sz wareq-sz  svctm  %util
sdb           2999.00 1889.00     11.71     35.71     0.00  4007.00   0.00  67.96    0.17    0.61   0.12     4.00    19.36   0.20 100.00

2021년 08월 24일 15시 41분 06초
avg-cpu:  %user   %nice %system %iowait  %steal   %idle
           0.57    0.00    2.83    3.65    0.00   92.96

Device            r/s     w/s     rMB/s     wMB/s   rrqm/s   wrqm/s  %rrqm  %wrqm r_await w_await aqu-sz rareq-sz wareq-sz  svctm  %util
sdb           3020.00 1182.00     11.80     11.58     0.00     0.00   0.00   0.00    0.15    0.25   0.00     4.00    10.03   0.24 100.00

2021년 08월 24일 15시 41분 07초
avg-cpu:  %user   %nice %system %iowait  %steal   %idle
           0.50    0.00    2.07    2.82    0.00   94.60

Device            r/s     w/s     rMB/s     wMB/s   rrqm/s   wrqm/s  %rrqm  %wrqm r_await w_await aqu-sz rareq-sz wareq-sz  svctm  %util
sdb           2164.00  859.00      8.45      8.36     0.00     0.00   0.00   0.00    0.15    0.24   0.00     4.00     9.96   0.24  72.40

2021년 08월 24일 15시 41분 08초
avg-cpu:  %user   %nice %system %iowait  %steal   %idle
           0.00    0.00    0.19    0.00    0.00   99.81

Device            r/s     w/s     rMB/s     wMB/s   rrqm/s   wrqm/s  %rrqm  %wrqm r_await w_await aqu-sz rareq-sz wareq-sz  svctm  %util
sdb              0.00    0.00      0.00      0.00     0.00     0.00   0.00   0.00    0.00    0.00   0.00     0.00     0.00   0.00   0.00

2021년 08월 24일 15시 41분 09초
avg-cpu:  %user   %nice %system %iowait  %steal   %idle
           0.00    0.00    0.19    0.00    0.00   99.81

Device            r/s     w/s     rMB/s     wMB/s   rrqm/s   wrqm/s  %rrqm  %wrqm r_await w_await aqu-sz rareq-sz wareq-sz  svctm  %util
sdb              0.00    0.00      0.00      0.00     0.00     0.00   0.00   0.00    0.00    0.00   0.00     0.00     0.00   0.00   0.00

2021년 08월 24일 15시 41분 10초
avg-cpu:  %user   %nice %system %iowait  %steal   %idle
           0.06    0.00    0.12    0.00    0.00   99.81

Device            r/s     w/s     rMB/s     wMB/s   rrqm/s   wrqm/s  %rrqm  %wrqm r_await w_await aqu-sz rareq-sz wareq-sz  svctm  %util
sdb              0.00   11.00      0.00      6.36     0.00  1618.00   0.00  99.32    0.00    6.00   0.04     0.00   592.36   1.82   2.00

2021년 08월 24일 15시 41분 11초
avg-cpu:  %user   %nice %system %iowait  %steal   %idle
           0.12    0.00    0.12    0.06    0.00   99.69

Device            r/s     w/s     rMB/s     wMB/s   rrqm/s   wrqm/s  %rrqm  %wrqm r_await w_await aqu-sz rareq-sz wareq-sz  svctm  %util
sdb              0.00    0.00      0.00      0.00     0.00     0.00   0.00   0.00    0.00    0.00   0.00     0.00     0.00   0.00   0.00

