Linux 5.5.8test (syslab-desk) 	2021년 08월 24일 	_x86_64_	(16 CPU)

2021년 08월 24일 16시 01분 35초
avg-cpu:  %user   %nice %system %iowait  %steal   %idle
           0.05    0.00    0.07    0.30    0.00   99.58

Device            r/s     w/s     rMB/s     wMB/s   rrqm/s   wrqm/s  %rrqm  %wrqm r_await w_await aqu-sz rareq-sz wareq-sz  svctm  %util
sdb             20.73   48.18      0.10      1.50     0.05    39.84   0.22  45.26    0.40    1.43   0.02     4.83    31.83   0.10   0.72

2021년 08월 24일 16시 01분 36초
avg-cpu:  %user   %nice %system %iowait  %steal   %idle
           0.12    0.00    0.06    0.00    0.00   99.81

Device            r/s     w/s     rMB/s     wMB/s   rrqm/s   wrqm/s  %rrqm  %wrqm r_await w_await aqu-sz rareq-sz wareq-sz  svctm  %util
sdb              0.00    0.00      0.00      0.00     0.00     0.00   0.00   0.00    0.00    0.00   0.00     0.00     0.00   0.00   0.00

2021년 08월 24일 16시 01분 37초
avg-cpu:  %user   %nice %system %iowait  %steal   %idle
           0.00    0.00    0.06    0.00    0.00   99.94

Device            r/s     w/s     rMB/s     wMB/s   rrqm/s   wrqm/s  %rrqm  %wrqm r_await w_await aqu-sz rareq-sz wareq-sz  svctm  %util
sdb              0.00    0.00      0.00      0.00     0.00     0.00   0.00   0.00    0.00    0.00   0.00     0.00     0.00   0.00   0.00

2021년 08월 24일 16시 01분 38초
avg-cpu:  %user   %nice %system %iowait  %steal   %idle
           0.38    0.00    2.50    1.06    0.00   96.06

Device            r/s     w/s     rMB/s     wMB/s   rrqm/s   wrqm/s  %rrqm  %wrqm r_await w_await aqu-sz rareq-sz wareq-sz  svctm  %util
sdb           1999.00  678.00     21.10      8.28  3295.00   817.00  62.24  54.65    0.21    0.32   0.00    10.81    12.51   0.20  52.80

2021년 08월 24일 16시 01분 39초
avg-cpu:  %user   %nice %system %iowait  %steal   %idle
           0.57    0.00    5.03    2.14    0.00   92.26

Device            r/s     w/s     rMB/s     wMB/s   rrqm/s   wrqm/s  %rrqm  %wrqm r_await w_await aqu-sz rareq-sz wareq-sz  svctm  %util
sdb           3858.00 2452.00     20.16     26.16  1261.00  3159.00  24.63  56.30    0.20    0.29   0.00     5.35    10.92   0.16  99.60

2021년 08월 24일 16시 01분 40초
avg-cpu:  %user   %nice %system %iowait  %steal   %idle
           0.69    0.00    3.52    1.07    0.00   94.72

Device            r/s     w/s     rMB/s     wMB/s   rrqm/s   wrqm/s  %rrqm  %wrqm r_await w_await aqu-sz rareq-sz wareq-sz  svctm  %util
sdb           4810.00 2511.00     19.01     27.23    54.00  2507.00   1.11  49.96    0.18    0.30   0.00     4.05    11.10   0.14 100.40

2021년 08월 24일 16시 01분 41초
avg-cpu:  %user   %nice %system %iowait  %steal   %idle
           0.25    0.00    1.50    1.62    0.00   96.63

Device            r/s     w/s     rMB/s     wMB/s   rrqm/s   wrqm/s  %rrqm  %wrqm r_await w_await aqu-sz rareq-sz wareq-sz  svctm  %util
sdb           7148.00 2876.00     27.92     33.73     0.00  1602.00   0.00  35.77    0.14    0.31   0.05     4.00    12.01   0.10 100.00

2021년 08월 24일 16시 01분 42초
avg-cpu:  %user   %nice %system %iowait  %steal   %idle
           0.19    0.00    3.13    1.94    0.00   94.74

Device            r/s     w/s     rMB/s     wMB/s   rrqm/s   wrqm/s  %rrqm  %wrqm r_await w_await aqu-sz rareq-sz wareq-sz  svctm  %util
sdb           5165.00 2335.00     20.18     31.50     0.00  3104.00   0.00  57.07    0.18    0.35   0.06     4.00    13.82   0.13  98.40

2021년 08월 24일 16시 01분 43초
avg-cpu:  %user   %nice %system %iowait  %steal   %idle
           0.31    0.00    2.75    1.00    0.00   95.94

Device            r/s     w/s     rMB/s     wMB/s   rrqm/s   wrqm/s  %rrqm  %wrqm r_await w_await aqu-sz rareq-sz wareq-sz  svctm  %util
sdb           5944.00 2779.00     23.22     31.95     0.00  2414.00   0.00  46.49    0.16    0.30   0.02     4.00    11.77   0.11 100.00

2021년 08월 24일 16시 01분 44초
avg-cpu:  %user   %nice %system %iowait  %steal   %idle
           0.31    0.00    3.18    0.69    0.00   95.82

Device            r/s     w/s     rMB/s     wMB/s   rrqm/s   wrqm/s  %rrqm  %wrqm r_await w_await aqu-sz rareq-sz wareq-sz  svctm  %util
sdb           5461.00 2652.00     21.33     30.46     0.00  2486.00   0.00  48.38    0.17    0.31   0.01     4.00    11.76   0.12  99.60

2021년 08월 24일 16시 01분 45초
avg-cpu:  %user   %nice %system %iowait  %steal   %idle
           0.31    0.00    2.43    0.69    0.00   96.57

Device            r/s     w/s     rMB/s     wMB/s   rrqm/s   wrqm/s  %rrqm  %wrqm r_await w_await aqu-sz rareq-sz wareq-sz  svctm  %util
sdb           6407.00 3020.00     25.03     33.57     0.00  2282.00   0.00  43.04    0.15    0.29   0.02     4.00    11.38   0.11 100.40

2021년 08월 24일 16시 01분 46초
avg-cpu:  %user   %nice %system %iowait  %steal   %idle
           0.44    0.00    2.96    1.57    0.00   95.03

Device            r/s     w/s     rMB/s     wMB/s   rrqm/s   wrqm/s  %rrqm  %wrqm r_await w_await aqu-sz rareq-sz wareq-sz  svctm  %util
sdb           5221.00 2622.00     20.39     31.42     0.00  3048.00   0.00  53.76    0.17    0.31   0.03     4.00    12.27   0.13 100.00

2021년 08월 24일 16시 01분 47초
avg-cpu:  %user   %nice %system %iowait  %steal   %idle
           0.44    0.00    3.02    0.76    0.00   95.78

Device            r/s     w/s     rMB/s     wMB/s   rrqm/s   wrqm/s  %rrqm  %wrqm r_await w_await aqu-sz rareq-sz wareq-sz  svctm  %util
sdb           5295.00 2488.00     20.68     31.48     0.00  2964.00   0.00  54.37    0.17    0.31   0.02     4.00    12.96   0.13  98.80

2021년 08월 24일 16시 01분 48초
avg-cpu:  %user   %nice %system %iowait  %steal   %idle
           0.37    0.00    2.37    0.62    0.00   96.63

Device            r/s     w/s     rMB/s     wMB/s   rrqm/s   wrqm/s  %rrqm  %wrqm r_await w_await aqu-sz rareq-sz wareq-sz  svctm  %util
sdb           6345.00 2707.00     24.79     32.87     0.00  2306.00   0.00  46.00    0.15    0.31   0.01     4.00    12.43   0.11 100.00

2021년 08월 24일 16시 01분 49초
avg-cpu:  %user   %nice %system %iowait  %steal   %idle
           0.13    0.00    1.25    0.75    0.00   97.87

Device            r/s     w/s     rMB/s     wMB/s   rrqm/s   wrqm/s  %rrqm  %wrqm r_await w_await aqu-sz rareq-sz wareq-sz  svctm  %util
sdb           7299.00 2915.00     28.51     32.29     0.00  1084.00   0.00  27.11    0.14    0.30   0.02     4.00    11.34   0.10 100.00

2021년 08월 24일 16시 01분 50초
avg-cpu:  %user   %nice %system %iowait  %steal   %idle
           0.13    0.00    1.82    0.81    0.00   97.24

Device            r/s     w/s     rMB/s     wMB/s   rrqm/s   wrqm/s  %rrqm  %wrqm r_await w_await aqu-sz rareq-sz wareq-sz  svctm  %util
sdb           6793.00 3023.00     26.54     34.05     0.00  2035.00   0.00  40.23    0.15    0.30   0.07     4.00    11.54   0.10 100.00

2021년 08월 24일 16시 01분 51초
avg-cpu:  %user   %nice %system %iowait  %steal   %idle
           0.25    0.00    2.32    1.07    0.00   96.37

Device            r/s     w/s     rMB/s     wMB/s   rrqm/s   wrqm/s  %rrqm  %wrqm r_await w_await aqu-sz rareq-sz wareq-sz  svctm  %util
sdb           6109.00 2923.00     23.86     30.57     0.00  1925.00   0.00  39.71    0.16    0.28   0.06     4.00    10.71   0.11  98.80

2021년 08월 24일 16시 01분 52초
avg-cpu:  %user   %nice %system %iowait  %steal   %idle
           0.38    0.00    1.63    0.69    0.00   97.31

Device            r/s     w/s     rMB/s     wMB/s   rrqm/s   wrqm/s  %rrqm  %wrqm r_await w_await aqu-sz rareq-sz wareq-sz  svctm  %util
sdb           6872.00 3090.00     26.84     30.38     0.00  1065.00   0.00  25.63    0.14    0.27   0.01     4.00    10.07   0.10 100.00

2021년 08월 24일 16시 01분 53초
avg-cpu:  %user   %nice %system %iowait  %steal   %idle
           0.44    0.00    2.81    0.75    0.00   96.00

Device            r/s     w/s     rMB/s     wMB/s   rrqm/s   wrqm/s  %rrqm  %wrqm r_await w_await aqu-sz rareq-sz wareq-sz  svctm  %util
sdb           5472.00 2499.00     21.38     38.25     0.00  4515.00   0.00  64.37    0.17    0.34   0.04     4.00    15.68   0.13 100.00

2021년 08월 24일 16시 01분 54초
avg-cpu:  %user   %nice %system %iowait  %steal   %idle
           0.13    0.00    1.75    0.69    0.00   97.43

Device            r/s     w/s     rMB/s     wMB/s   rrqm/s   wrqm/s  %rrqm  %wrqm r_await w_await aqu-sz rareq-sz wareq-sz  svctm  %util
sdb           6958.00 2964.00     27.18     30.62     0.00  1009.00   0.00  25.40    0.14    0.28   0.00     4.00    10.58   0.10 100.00

2021년 08월 24일 16시 01분 55초
avg-cpu:  %user   %nice %system %iowait  %steal   %idle
           0.38    0.00    2.07    0.94    0.00   96.62

Device            r/s     w/s     rMB/s     wMB/s   rrqm/s   wrqm/s  %rrqm  %wrqm r_await w_await aqu-sz rareq-sz wareq-sz  svctm  %util
sdb           6012.00 2911.00     23.48     35.62     0.00  3204.00   0.00  52.40    0.16    0.31   0.08     4.00    12.53   0.11  98.40

2021년 08월 24일 16시 01분 56초
avg-cpu:  %user   %nice %system %iowait  %steal   %idle
           0.06    0.00    1.50    0.69    0.00   97.74

Device            r/s     w/s     rMB/s     wMB/s   rrqm/s   wrqm/s  %rrqm  %wrqm r_await w_await aqu-sz rareq-sz wareq-sz  svctm  %util
sdb           7205.00 3191.00     28.14     29.91     0.00   575.00   0.00  15.27    0.14    0.26   0.00     4.00     9.60   0.10 100.00

2021년 08월 24일 16시 01분 57초
avg-cpu:  %user   %nice %system %iowait  %steal   %idle
           0.19    0.00    1.19    0.88    0.00   97.74

Device            r/s     w/s     rMB/s     wMB/s   rrqm/s   wrqm/s  %rrqm  %wrqm r_await w_await aqu-sz rareq-sz wareq-sz  svctm  %util
sdb           6974.00 2837.00     27.24     36.73     0.00  2578.00   0.00  47.61    0.15    0.32   0.06     4.00    13.26   0.10 100.00

2021년 08월 24일 16시 01분 58초
avg-cpu:  %user   %nice %system %iowait  %steal   %idle
           0.31    0.00    1.95    0.75    0.00   96.98

Device            r/s     w/s     rMB/s     wMB/s   rrqm/s   wrqm/s  %rrqm  %wrqm r_await w_await aqu-sz rareq-sz wareq-sz  svctm  %util
sdb           6438.00 2623.00     25.15     33.42     0.00  2289.00   0.00  46.60    0.16    0.31   0.04     4.00    13.05   0.11 100.00

2021년 08월 24일 16시 01분 59초
avg-cpu:  %user   %nice %system %iowait  %steal   %idle
           0.38    0.00    4.09    1.38    0.00   94.15

Device            r/s     w/s     rMB/s     wMB/s   rrqm/s   wrqm/s  %rrqm  %wrqm r_await w_await aqu-sz rareq-sz wareq-sz  svctm  %util
sdb           4097.00 1913.00     16.00     28.85     0.00  3593.00   0.00  65.26    0.21    0.37   0.02     4.00    15.44   0.16  98.80

2021년 08월 24일 16시 02분 00초
avg-cpu:  %user   %nice %system %iowait  %steal   %idle
           0.19    0.00    1.81    0.75    0.00   97.25

Device            r/s     w/s     rMB/s     wMB/s   rrqm/s   wrqm/s  %rrqm  %wrqm r_await w_await aqu-sz rareq-sz wareq-sz  svctm  %util
sdb           6875.00 2998.00     26.86     28.33     0.00   504.00   0.00  14.39    0.15    0.27   0.00     4.00     9.68   0.10 100.00

2021년 08월 24일 16시 02분 01초
avg-cpu:  %user   %nice %system %iowait  %steal   %idle
           0.44    0.00    2.63    0.63    0.00   96.30

Device            r/s     w/s     rMB/s     wMB/s   rrqm/s   wrqm/s  %rrqm  %wrqm r_await w_await aqu-sz rareq-sz wareq-sz  svctm  %util
sdb           5633.00 2943.00     22.00     36.37     0.00  3903.00   0.00  57.01    0.16    0.31   0.07     4.00    12.66   0.12 100.00

2021년 08월 24일 16시 02분 02초
avg-cpu:  %user   %nice %system %iowait  %steal   %idle
           0.12    0.00    2.38    0.75    0.00   96.75

Device            r/s     w/s     rMB/s     wMB/s   rrqm/s   wrqm/s  %rrqm  %wrqm r_await w_await aqu-sz rareq-sz wareq-sz  svctm  %util
sdb           6399.00 3022.00     25.00     32.16     0.00  2017.00   0.00  40.03    0.15    0.28   0.04     4.00    10.90   0.11 100.00

2021년 08월 24일 16시 02분 03초
avg-cpu:  %user   %nice %system %iowait  %steal   %idle
           0.38    0.00    4.41    0.63    0.00   94.58

Device            r/s     w/s     rMB/s     wMB/s   rrqm/s   wrqm/s  %rrqm  %wrqm r_await w_await aqu-sz rareq-sz wareq-sz  svctm  %util
sdb           4337.00 1980.00     16.94     28.29     0.00  3156.00   0.00  61.45    0.20    0.36   0.03     4.00    14.63   0.16  99.20

2021년 08월 24일 16시 02분 04초
avg-cpu:  %user   %nice %system %iowait  %steal   %idle
           0.50    0.00    3.85    0.63    0.00   95.02

Device            r/s     w/s     rMB/s     wMB/s   rrqm/s   wrqm/s  %rrqm  %wrqm r_await w_await aqu-sz rareq-sz wareq-sz  svctm  %util
sdb           4736.00 2052.00     18.50     27.69     0.00  2560.00   0.00  55.51    0.19    0.33   0.00     4.00    13.82   0.15 100.00

2021년 08월 24일 16시 02분 05초
avg-cpu:  %user   %nice %system %iowait  %steal   %idle
           0.69    0.00    5.01    2.01    0.00   92.29

Device            r/s     w/s     rMB/s     wMB/s   rrqm/s   wrqm/s  %rrqm  %wrqm r_await w_await aqu-sz rareq-sz wareq-sz  svctm  %util
sdb           4282.00 2081.00     16.73     27.74     0.00  2927.00   0.00  58.45    0.19    0.32   0.00     4.00    13.65   0.16 100.00

2021년 08월 24일 16시 02분 06초
avg-cpu:  %user   %nice %system %iowait  %steal   %idle
           0.56    0.00    4.81    0.69    0.00   93.94

Device            r/s     w/s     rMB/s     wMB/s   rrqm/s   wrqm/s  %rrqm  %wrqm r_await w_await aqu-sz rareq-sz wareq-sz  svctm  %util
sdb           4471.00 2086.00     17.46     28.99     0.00  3239.00   0.00  60.83    0.19    0.34   0.00     4.00    14.23   0.15 100.00

2021년 08월 24일 16시 02분 07초
avg-cpu:  %user   %nice %system %iowait  %steal   %idle
           0.38    0.00    1.13    0.75    0.00   97.74

Device            r/s     w/s     rMB/s     wMB/s   rrqm/s   wrqm/s  %rrqm  %wrqm r_await w_await aqu-sz rareq-sz wareq-sz  svctm  %util
sdb           7092.00 3033.00     27.70     33.09     0.00  1485.00   0.00  32.87    0.15    0.29   0.05     4.00    11.17   0.10 100.00

2021년 08월 24일 16시 02분 08초
avg-cpu:  %user   %nice %system %iowait  %steal   %idle
           1.00    0.00    4.96    0.63    0.00   93.41

Device            r/s     w/s     rMB/s     wMB/s   rrqm/s   wrqm/s  %rrqm  %wrqm r_await w_await aqu-sz rareq-sz wareq-sz  svctm  %util
sdb           3464.00 2430.00     13.53     26.77     0.00  3663.00   0.00  60.12    0.21    0.32   0.03     4.00    11.28   0.17  98.40

2021년 08월 24일 16시 02분 09초
avg-cpu:  %user   %nice %system %iowait  %steal   %idle
           0.31    0.00    2.45    0.94    0.00   96.29

Device            r/s     w/s     rMB/s     wMB/s   rrqm/s   wrqm/s  %rrqm  %wrqm r_await w_await aqu-sz rareq-sz wareq-sz  svctm  %util
sdb           5846.00 3219.00     22.84     48.56     0.00  6408.00   0.00  66.56    0.16    0.51   0.30     4.00    15.45   0.11 100.00

2021년 08월 24일 16시 02분 10초
avg-cpu:  %user   %nice %system %iowait  %steal   %idle
           0.19    0.00    1.63    0.81    0.00   97.37

Device            r/s     w/s     rMB/s     wMB/s   rrqm/s   wrqm/s  %rrqm  %wrqm r_await w_await aqu-sz rareq-sz wareq-sz  svctm  %util
sdb           6935.00 2739.00     27.09     35.80     0.00  2327.00   0.00  45.93    0.15    0.33   0.07     4.00    13.38   0.10 100.00

2021년 08월 24일 16시 02분 11초
avg-cpu:  %user   %nice %system %iowait  %steal   %idle
           0.50    0.00    3.76    0.69    0.00   95.05

Device            r/s     w/s     rMB/s     wMB/s   rrqm/s   wrqm/s  %rrqm  %wrqm r_await w_await aqu-sz rareq-sz wareq-sz  svctm  %util
sdb           4480.00 2131.00     17.50     30.72     0.00  3700.00   0.00  63.45    0.19    0.36   0.00     4.00    14.76   0.15 100.00

2021년 08월 24일 16시 02분 12초
avg-cpu:  %user   %nice %system %iowait  %steal   %idle
           0.25    0.00    2.36    0.68    0.00   96.70

Device            r/s     w/s     rMB/s     wMB/s   rrqm/s   wrqm/s  %rrqm  %wrqm r_await w_await aqu-sz rareq-sz wareq-sz  svctm  %util
sdb           6655.00 2807.00     26.00     31.13     0.00  1441.00   0.00  33.92    0.15    0.31   0.04     4.00    11.36   0.10  99.20

2021년 08월 24일 16시 02분 13초
avg-cpu:  %user   %nice %system %iowait  %steal   %idle
           0.13    0.00    1.32    0.88    0.00   97.68

Device            r/s     w/s     rMB/s     wMB/s   rrqm/s   wrqm/s  %rrqm  %wrqm r_await w_await aqu-sz rareq-sz wareq-sz  svctm  %util
sdb           7163.00 3029.00     27.98     35.07     0.00  1951.00   0.00  39.18    0.14    0.30   0.07     4.00    11.86   0.10 100.00

2021년 08월 24일 16시 02분 14초
avg-cpu:  %user   %nice %system %iowait  %steal   %idle
           0.50    0.00    3.25    0.62    0.00   95.62

Device            r/s     w/s     rMB/s     wMB/s   rrqm/s   wrqm/s  %rrqm  %wrqm r_await w_await aqu-sz rareq-sz wareq-sz  svctm  %util
sdb           5528.00 2797.00     21.59     32.24     0.00  2932.00   0.00  51.18    0.16    0.29   0.02     4.00    11.80   0.12 100.00

2021년 08월 24일 16시 02분 15초
avg-cpu:  %user   %nice %system %iowait  %steal   %idle
           0.56    0.00    3.94    0.56    0.00   94.94

Device            r/s     w/s     rMB/s     wMB/s   rrqm/s   wrqm/s  %rrqm  %wrqm r_await w_await aqu-sz rareq-sz wareq-sz  svctm  %util
sdb           5469.00 2769.00     21.36     27.74     0.00  1787.00   0.00  39.22    0.16    0.28   0.00     4.00    10.26   0.12 100.00

2021년 08월 24일 16시 02분 16초
avg-cpu:  %user   %nice %system %iowait  %steal   %idle
           0.75    0.00    2.93    0.87    0.00   95.45

Device            r/s     w/s     rMB/s     wMB/s   rrqm/s   wrqm/s  %rrqm  %wrqm r_await w_await aqu-sz rareq-sz wareq-sz  svctm  %util
sdb           5721.00 2610.00     22.35     31.59     0.00  2559.00   0.00  49.51    0.16    0.32   0.04     4.00    12.39   0.12  98.80

2021년 08월 24일 16시 02분 17초
avg-cpu:  %user   %nice %system %iowait  %steal   %idle
           0.25    0.00    1.13    0.63    0.00   97.99

Device            r/s     w/s     rMB/s     wMB/s   rrqm/s   wrqm/s  %rrqm  %wrqm r_await w_await aqu-sz rareq-sz wareq-sz  svctm  %util
sdb           7402.00 2899.00     28.91     28.42     0.00     0.00   0.00   0.00    0.14    0.28   0.00     4.00    10.04   0.10 100.00

2021년 08월 24일 16시 02분 18초
avg-cpu:  %user   %nice %system %iowait  %steal   %idle
           0.25    0.00    1.75    0.81    0.00   97.19

Device            r/s     w/s     rMB/s     wMB/s   rrqm/s   wrqm/s  %rrqm  %wrqm r_await w_await aqu-sz rareq-sz wareq-sz  svctm  %util
sdb           6657.00 2821.00     26.00     34.87     0.00  2371.00   0.00  45.67    0.15    0.32   0.08     4.00    12.66   0.11 100.00

2021년 08월 24일 16시 02분 19초
avg-cpu:  %user   %nice %system %iowait  %steal   %idle
           0.12    0.00    2.12    0.69    0.00   97.07

Device            r/s     w/s     rMB/s     wMB/s   rrqm/s   wrqm/s  %rrqm  %wrqm r_await w_await aqu-sz rareq-sz wareq-sz  svctm  %util
sdb           7222.00 3106.00     28.21     33.59     0.00  1529.00   0.00  32.99    0.14    0.28   0.04     4.00    11.08   0.10 100.00

2021년 08월 24일 16시 02분 20초
avg-cpu:  %user   %nice %system %iowait  %steal   %idle
           0.13    0.00    1.69    0.75    0.00   97.43

Device            r/s     w/s     rMB/s     wMB/s   rrqm/s   wrqm/s  %rrqm  %wrqm r_await w_await aqu-sz rareq-sz wareq-sz  svctm  %util
sdb           6618.00 3214.00     25.85     35.67     0.00  2635.00   0.00  45.05    0.14    0.32   0.17     4.00    11.37   0.10  98.40

2021년 08월 24일 16시 02분 21초
avg-cpu:  %user   %nice %system %iowait  %steal   %idle
           0.19    0.00    1.38    0.75    0.00   97.68

Device            r/s     w/s     rMB/s     wMB/s   rrqm/s   wrqm/s  %rrqm  %wrqm r_await w_await aqu-sz rareq-sz wareq-sz  svctm  %util
sdb           7032.00 2875.00     27.47     32.89     0.00  1519.00   0.00  34.57    0.15    0.30   0.04     4.00    11.71   0.10 100.00

2021년 08월 24일 16시 02분 22초
avg-cpu:  %user   %nice %system %iowait  %steal   %idle
           0.25    0.00    2.00    0.81    0.00   96.94

Device            r/s     w/s     rMB/s     wMB/s   rrqm/s   wrqm/s  %rrqm  %wrqm r_await w_await aqu-sz rareq-sz wareq-sz  svctm  %util
sdb           6427.00 2641.00     25.11     35.41     0.00  2840.00   0.00  51.82    0.15    0.32   0.02     4.00    13.73   0.11 100.00

2021년 08월 24일 16시 02분 23초
avg-cpu:  %user   %nice %system %iowait  %steal   %idle
           0.13    0.00    2.26    0.75    0.00   96.86

Device            r/s     w/s     rMB/s     wMB/s   rrqm/s   wrqm/s  %rrqm  %wrqm r_await w_await aqu-sz rareq-sz wareq-sz  svctm  %util
sdb           6141.00 2680.00     23.99     32.92     0.00  2477.00   0.00  48.03    0.15    0.32   0.03     4.00    12.58   0.11 100.00

2021년 08월 24일 16시 02분 24초
avg-cpu:  %user   %nice %system %iowait  %steal   %idle
           0.56    0.00    4.69    0.75    0.00   94.00

Device            r/s     w/s     rMB/s     wMB/s   rrqm/s   wrqm/s  %rrqm  %wrqm r_await w_await aqu-sz rareq-sz wareq-sz  svctm  %util
sdb           4364.36 2563.37     17.05     30.11     0.00  3475.25   0.00  57.55    0.18    0.31   0.04     4.00    12.03   0.14  97.43

2021년 08월 24일 16시 02분 25초
avg-cpu:  %user   %nice %system %iowait  %steal   %idle
           0.82    0.00    4.67    2.65    0.00   91.86

Device            r/s     w/s     rMB/s     wMB/s   rrqm/s   wrqm/s  %rrqm  %wrqm r_await w_await aqu-sz rareq-sz wareq-sz  svctm  %util
sdb           4028.00 2304.00     15.73     25.33     0.00  2631.00   0.00  53.31    0.19    0.29   0.00     4.00    11.26   0.16 100.00

2021년 08월 24일 16시 02분 26초
avg-cpu:  %user   %nice %system %iowait  %steal   %idle
           0.31    0.00    1.75    0.38    0.00   97.56

Device            r/s     w/s     rMB/s     wMB/s   rrqm/s   wrqm/s  %rrqm  %wrqm r_await w_await aqu-sz rareq-sz wareq-sz  svctm  %util
sdb           2364.00 1217.00      9.23     13.59     0.00  1224.00   0.00  50.14    0.17    0.30   0.00     4.00    11.43   0.13  46.00

2021년 08월 24일 16시 02분 27초
avg-cpu:  %user   %nice %system %iowait  %steal   %idle
           0.06    0.00    0.12    0.00    0.00   99.81

Device            r/s     w/s     rMB/s     wMB/s   rrqm/s   wrqm/s  %rrqm  %wrqm r_await w_await aqu-sz rareq-sz wareq-sz  svctm  %util
sdb              0.00    0.00      0.00      0.00     0.00     0.00   0.00   0.00    0.00    0.00   0.00     0.00     0.00   0.00   0.00

2021년 08월 24일 16시 02분 28초
avg-cpu:  %user   %nice %system %iowait  %steal   %idle
           0.06    0.00    0.12    0.00    0.00   99.81

Device            r/s     w/s     rMB/s     wMB/s   rrqm/s   wrqm/s  %rrqm  %wrqm r_await w_await aqu-sz rareq-sz wareq-sz  svctm  %util
sdb              0.00    0.00      0.00      0.00     0.00     0.00   0.00   0.00    0.00    0.00   0.00     0.00     0.00   0.00   0.00

2021년 08월 24일 16시 02분 29초
avg-cpu:  %user   %nice %system %iowait  %steal   %idle
           0.00    0.00    0.06    0.00    0.00   99.94

Device            r/s     w/s     rMB/s     wMB/s   rrqm/s   wrqm/s  %rrqm  %wrqm r_await w_await aqu-sz rareq-sz wareq-sz  svctm  %util
sdb              0.00    0.00      0.00      0.00     0.00     0.00   0.00   0.00    0.00    0.00   0.00     0.00     0.00   0.00   0.00

2021년 08월 24일 16시 02분 30초
avg-cpu:  %user   %nice %system %iowait  %steal   %idle
           0.06    0.00    0.19    0.00    0.00   99.75

Device            r/s     w/s     rMB/s     wMB/s   rrqm/s   wrqm/s  %rrqm  %wrqm r_await w_await aqu-sz rareq-sz wareq-sz  svctm  %util
sdb              0.00    0.00      0.00      0.00     0.00     0.00   0.00   0.00    0.00    0.00   0.00     0.00     0.00   0.00   0.00

