Linux 5.5.8test (syslab-desk) 	2021년 08월 24일 	_x86_64_	(16 CPU)

2021년 08월 24일 21시 50분 49초
avg-cpu:  %user   %nice %system %iowait  %steal   %idle
           0.05    0.00    0.10    0.49    0.00   99.36

Device            r/s     w/s     rMB/s     wMB/s   rrqm/s   wrqm/s  %rrqm  %wrqm r_await w_await aqu-sz rareq-sz wareq-sz  svctm  %util
sdb             33.32   69.68      0.20      2.40     0.10    68.23   0.30  49.47    0.53    1.55   0.03     6.10    35.32   0.11   1.15

2021년 08월 24일 21시 50분 50초
avg-cpu:  %user   %nice %system %iowait  %steal   %idle
           0.06    0.00    0.00    0.00    0.00   99.94

Device            r/s     w/s     rMB/s     wMB/s   rrqm/s   wrqm/s  %rrqm  %wrqm r_await w_await aqu-sz rareq-sz wareq-sz  svctm  %util
sdb              0.00    0.00      0.00      0.00     0.00     0.00   0.00   0.00    0.00    0.00   0.00     0.00     0.00   0.00   0.00

2021년 08월 24일 21시 50분 51초
avg-cpu:  %user   %nice %system %iowait  %steal   %idle
           0.06    0.00    0.31    0.00    0.00   99.62

Device            r/s     w/s     rMB/s     wMB/s   rrqm/s   wrqm/s  %rrqm  %wrqm r_await w_await aqu-sz rareq-sz wareq-sz  svctm  %util
sdb              0.00    0.00      0.00      0.00     0.00     0.00   0.00   0.00    0.00    0.00   0.00     0.00     0.00   0.00   0.00

2021년 08월 24일 21시 50분 52초
avg-cpu:  %user   %nice %system %iowait  %steal   %idle
           0.37    0.00    3.56    0.69    0.00   95.38

Device            r/s     w/s     rMB/s     wMB/s   rrqm/s   wrqm/s  %rrqm  %wrqm r_await w_await aqu-sz rareq-sz wareq-sz  svctm  %util
sdb              2.00 2199.00      0.02     20.79     0.00     4.00   0.00   0.18    0.50    0.42   0.08    10.00     9.68   0.14  31.60

2021년 08월 24일 21시 50분 53초
avg-cpu:  %user   %nice %system %iowait  %steal   %idle
           0.56    0.00    9.48    1.25    0.00   88.72

Device            r/s     w/s     rMB/s     wMB/s   rrqm/s   wrqm/s  %rrqm  %wrqm r_await w_await aqu-sz rareq-sz wareq-sz  svctm  %util
sdb              0.00 6869.00      0.00     68.30     0.00    18.00   0.00   0.26    0.00    0.41   0.00     0.00    10.18   0.15 100.00

2021년 08월 24일 21시 50분 54초
avg-cpu:  %user   %nice %system %iowait  %steal   %idle
           0.37    0.00    5.60    0.75    0.00   93.28

Device            r/s     w/s     rMB/s     wMB/s   rrqm/s   wrqm/s  %rrqm  %wrqm r_await w_await aqu-sz rareq-sz wareq-sz  svctm  %util
sdb              0.00 3662.00      0.00     36.91     0.00     9.00   0.00   0.25    0.00    0.41   0.00     0.00    10.32   0.15  54.00

2021년 08월 24일 21시 50분 55초
avg-cpu:  %user   %nice %system %iowait  %steal   %idle
           0.00    0.00    0.06    0.00    0.00   99.94

Device            r/s     w/s     rMB/s     wMB/s   rrqm/s   wrqm/s  %rrqm  %wrqm r_await w_await aqu-sz rareq-sz wareq-sz  svctm  %util
sdb              0.00    0.00      0.00      0.00     0.00     0.00   0.00   0.00    0.00    0.00   0.00     0.00     0.00   0.00   0.00

2021년 08월 24일 21시 50분 56초
avg-cpu:  %user   %nice %system %iowait  %steal   %idle
           0.06    0.00    0.12    0.00    0.00   99.81

Device            r/s     w/s     rMB/s     wMB/s   rrqm/s   wrqm/s  %rrqm  %wrqm r_await w_await aqu-sz rareq-sz wareq-sz  svctm  %util
sdb              0.00    0.00      0.00      0.00     0.00     0.00   0.00   0.00    0.00    0.00   0.00     0.00     0.00   0.00   0.00

2021년 08월 24일 21시 50분 57초
avg-cpu:  %user   %nice %system %iowait  %steal   %idle
           0.00    0.00    0.13    0.00    0.00   99.87

Device            r/s     w/s     rMB/s     wMB/s   rrqm/s   wrqm/s  %rrqm  %wrqm r_await w_await aqu-sz rareq-sz wareq-sz  svctm  %util
sdb              0.00    0.00      0.00      0.00     0.00     0.00   0.00   0.00    0.00    0.00   0.00     0.00     0.00   0.00   0.00

2021년 08월 24일 21시 50분 58초
avg-cpu:  %user   %nice %system %iowait  %steal   %idle
           0.06    0.00    0.19    0.00    0.00   99.75

Device            r/s     w/s     rMB/s     wMB/s   rrqm/s   wrqm/s  %rrqm  %wrqm r_await w_await aqu-sz rareq-sz wareq-sz  svctm  %util
sdb              0.00   23.00      0.00     14.40     0.00  3663.00   0.00  99.38    0.00    9.17   0.16     0.00   641.04   1.57   3.60

2021년 08월 24일 21시 50분 59초
avg-cpu:  %user   %nice %system %iowait  %steal   %idle
           0.00    0.00    0.12    0.00    0.00   99.88

Device            r/s     w/s     rMB/s     wMB/s   rrqm/s   wrqm/s  %rrqm  %wrqm r_await w_await aqu-sz rareq-sz wareq-sz  svctm  %util
sdb              0.00    0.00      0.00      0.00     0.00     0.00   0.00   0.00    0.00    0.00   0.00     0.00     0.00   0.00   0.00

2021년 08월 24일 21시 51분 00초
avg-cpu:  %user   %nice %system %iowait  %steal   %idle
           0.06    0.00    0.12    0.00    0.00   99.81

Device            r/s     w/s     rMB/s     wMB/s   rrqm/s   wrqm/s  %rrqm  %wrqm r_await w_await aqu-sz rareq-sz wareq-sz  svctm  %util
sdb              0.00    0.00      0.00      0.00     0.00     0.00   0.00   0.00    0.00    0.00   0.00     0.00     0.00   0.00   0.00

2021년 08월 24일 21시 51분 01초
avg-cpu:  %user   %nice %system %iowait  %steal   %idle
           0.06    0.00    0.00    0.00    0.00   99.94

Device            r/s     w/s     rMB/s     wMB/s   rrqm/s   wrqm/s  %rrqm  %wrqm r_await w_await aqu-sz rareq-sz wareq-sz  svctm  %util
sdb              0.00    0.00      0.00      0.00     0.00     0.00   0.00   0.00    0.00    0.00   0.00     0.00     0.00   0.00   0.00

2021년 08월 24일 21시 51분 02초
avg-cpu:  %user   %nice %system %iowait  %steal   %idle
           0.00    0.00    0.13    0.00    0.00   99.87

Device            r/s     w/s     rMB/s     wMB/s   rrqm/s   wrqm/s  %rrqm  %wrqm r_await w_await aqu-sz rareq-sz wareq-sz  svctm  %util
sdb              0.00    0.00      0.00      0.00     0.00     0.00   0.00   0.00    0.00    0.00   0.00     0.00     0.00   0.00   0.00

2021년 08월 24일 21시 51분 03초
avg-cpu:  %user   %nice %system %iowait  %steal   %idle
           0.06    0.00    0.44    0.00    0.00   99.50

Device            r/s     w/s     rMB/s     wMB/s   rrqm/s   wrqm/s  %rrqm  %wrqm r_await w_await aqu-sz rareq-sz wareq-sz  svctm  %util
sdb              0.00    0.00      0.00      0.00     0.00     0.00   0.00   0.00    0.00    0.00   0.00     0.00     0.00   0.00   0.00

2021년 08월 24일 21시 51분 04초
avg-cpu:  %user   %nice %system %iowait  %steal   %idle
           0.12    0.00    1.37    0.06    0.00   98.44

Device            r/s     w/s     rMB/s     wMB/s   rrqm/s   wrqm/s  %rrqm  %wrqm r_await w_await aqu-sz rareq-sz wareq-sz  svctm  %util
sdb              0.00    0.00      0.00      0.00     0.00     0.00   0.00   0.00    0.00    0.00   0.00     0.00     0.00   0.00   0.00

2021년 08월 24일 21시 51분 05초
avg-cpu:  %user   %nice %system %iowait  %steal   %idle
           0.00    0.00    0.06    0.00    0.00   99.94

Device            r/s     w/s     rMB/s     wMB/s   rrqm/s   wrqm/s  %rrqm  %wrqm r_await w_await aqu-sz rareq-sz wareq-sz  svctm  %util
sdb              0.00    0.00      0.00      0.00     0.00     0.00   0.00   0.00    0.00    0.00   0.00     0.00     0.00   0.00   0.00

2021년 08월 24일 21시 51분 06초
avg-cpu:  %user   %nice %system %iowait  %steal   %idle
           0.06    0.00    0.00    0.00    0.00   99.94

Device            r/s     w/s     rMB/s     wMB/s   rrqm/s   wrqm/s  %rrqm  %wrqm r_await w_await aqu-sz rareq-sz wareq-sz  svctm  %util
sdb              0.00    0.00      0.00      0.00     0.00     0.00   0.00   0.00    0.00    0.00   0.00     0.00     0.00   0.00   0.00

2021년 08월 24일 21시 51분 07초
avg-cpu:  %user   %nice %system %iowait  %steal   %idle
           0.19    0.00    0.12    0.00    0.00   99.69

Device            r/s     w/s     rMB/s     wMB/s   rrqm/s   wrqm/s  %rrqm  %wrqm r_await w_await aqu-sz rareq-sz wareq-sz  svctm  %util
sdb              0.00    0.00      0.00      0.00     0.00     0.00   0.00   0.00    0.00    0.00   0.00     0.00     0.00   0.00   0.00

2021년 08월 24일 21시 51분 08초
avg-cpu:  %user   %nice %system %iowait  %steal   %idle
           0.25    0.00    0.94    0.00    0.00   98.81

Device            r/s     w/s     rMB/s     wMB/s   rrqm/s   wrqm/s  %rrqm  %wrqm r_await w_await aqu-sz rareq-sz wareq-sz  svctm  %util
sdb              4.00 1225.00      0.03     14.29     0.00  2439.00   0.00  66.57    0.00    0.35   0.02     7.00    11.94   0.05   5.60

2021년 08월 24일 21시 51분 09초
avg-cpu:  %user   %nice %system %iowait  %steal   %idle
           0.37    0.00    6.23    1.87    0.00   91.53

Device            r/s     w/s     rMB/s     wMB/s   rrqm/s   wrqm/s  %rrqm  %wrqm r_await w_await aqu-sz rareq-sz wareq-sz  svctm  %util
sdb           5360.00 11365.00     23.18     43.88   567.00  7677.00   9.57  40.32    0.34    0.14   0.06     4.43     3.95   0.06  98.00

2021년 08월 24일 21시 51분 10초
avg-cpu:  %user   %nice %system %iowait  %steal   %idle
           0.31    0.00    6.87    1.73    0.00   91.09

Device            r/s     w/s     rMB/s     wMB/s   rrqm/s   wrqm/s  %rrqm  %wrqm r_await w_await aqu-sz rareq-sz wareq-sz  svctm  %util
sdb           5083.00 3488.00     20.20     47.73    88.00  8438.00   1.70  70.75    0.32    0.43   0.00     4.07    14.01   0.12 100.00

2021년 08월 24일 21시 51분 11초
avg-cpu:  %user   %nice %system %iowait  %steal   %idle
           0.57    0.00    5.66    1.82    0.00   91.95

Device            r/s     w/s     rMB/s     wMB/s   rrqm/s   wrqm/s  %rrqm  %wrqm r_await w_await aqu-sz rareq-sz wareq-sz  svctm  %util
sdb           5008.00 3532.00     19.68     49.14    30.00  8851.00   0.60  71.48    0.31    0.42   0.00     4.02    14.25   0.12 100.00

2021년 08월 24일 21시 51분 12초
avg-cpu:  %user   %nice %system %iowait  %steal   %idle
           0.13    0.00    5.79    2.08    0.00   92.00

Device            r/s     w/s     rMB/s     wMB/s   rrqm/s   wrqm/s  %rrqm  %wrqm r_await w_await aqu-sz rareq-sz wareq-sz  svctm  %util
sdb           4610.00 3411.00     18.01     47.62     0.00  8589.00   0.00  71.58    0.32    0.45   0.07     4.00    14.30   0.12  98.40

2021년 08월 24일 21시 51분 13초
avg-cpu:  %user   %nice %system %iowait  %steal   %idle
           0.19    0.00    5.78    1.70    0.00   92.33

Device            r/s     w/s     rMB/s     wMB/s   rrqm/s   wrqm/s  %rrqm  %wrqm r_await w_await aqu-sz rareq-sz wareq-sz  svctm  %util
sdb           5065.00 3574.00     19.79     47.91     0.00  8138.00   0.00  69.48    0.31    0.41   0.00     4.00    13.73   0.12 100.00

2021년 08월 24일 21시 51분 14초
avg-cpu:  %user   %nice %system %iowait  %steal   %idle
           0.19    0.00    4.14    1.94    0.00   93.73

Device            r/s     w/s     rMB/s     wMB/s   rrqm/s   wrqm/s  %rrqm  %wrqm r_await w_await aqu-sz rareq-sz wareq-sz  svctm  %util
sdb           7047.00 3874.00     27.53     49.07     0.00  6142.00   0.00  61.32    0.26    0.38   0.07     4.00    12.97   0.09  98.40

2021년 08월 24일 21시 51분 15초
avg-cpu:  %user   %nice %system %iowait  %steal   %idle
           0.13    0.00    6.88    1.56    0.00   91.43

Device            r/s     w/s     rMB/s     wMB/s   rrqm/s   wrqm/s  %rrqm  %wrqm r_await w_await aqu-sz rareq-sz wareq-sz  svctm  %util
sdb           4651.00 3591.00     18.17     47.39     0.00  8314.00   0.00  69.84    0.32    0.42   0.00     4.00    13.51   0.12 100.00

2021년 08월 24일 21시 51분 16초
avg-cpu:  %user   %nice %system %iowait  %steal   %idle
           0.25    0.00    6.70    1.75    0.00   91.30

Device            r/s     w/s     rMB/s     wMB/s   rrqm/s   wrqm/s  %rrqm  %wrqm r_await w_await aqu-sz rareq-sz wareq-sz  svctm  %util
sdb           4621.00 3604.00     18.05     47.98     0.00  8660.00   0.00  70.61    0.31    0.42   0.00     4.00    13.63   0.12 100.00

2021년 08월 24일 21시 51분 17초
avg-cpu:  %user   %nice %system %iowait  %steal   %idle
           0.38    0.00    5.97    2.01    0.00   91.65

Device            r/s     w/s     rMB/s     wMB/s   rrqm/s   wrqm/s  %rrqm  %wrqm r_await w_await aqu-sz rareq-sz wareq-sz  svctm  %util
sdb           4214.00 3635.00     16.46     45.46     0.00  8045.00   0.00  68.88    0.33    0.43   0.06     4.00    12.81   0.13  98.40

2021년 08월 24일 21시 51분 18초
avg-cpu:  %user   %nice %system %iowait  %steal   %idle
           0.25    0.00    7.29    1.75    0.00   90.71

Device            r/s     w/s     rMB/s     wMB/s   rrqm/s   wrqm/s  %rrqm  %wrqm r_await w_await aqu-sz rareq-sz wareq-sz  svctm  %util
sdb           4295.00 3797.00     16.78     45.65     0.00  8151.00   0.00  68.22    0.32    0.42   0.00     4.00    12.31   0.12 100.00

2021년 08월 24일 21시 51분 19초
avg-cpu:  %user   %nice %system %iowait  %steal   %idle
           0.31    0.00    7.80    1.80    0.00   90.09

Device            r/s     w/s     rMB/s     wMB/s   rrqm/s   wrqm/s  %rrqm  %wrqm r_await w_await aqu-sz rareq-sz wareq-sz  svctm  %util
sdb           4521.00 3710.00     17.66     46.06     0.00  8099.00   0.00  68.58    0.31    0.42   0.00     4.00    12.71   0.12 100.00

2021년 08월 24일 21시 51분 20초
avg-cpu:  %user   %nice %system %iowait  %steal   %idle
           0.31    0.00    6.32    2.25    0.00   91.12

Device            r/s     w/s     rMB/s     wMB/s   rrqm/s   wrqm/s  %rrqm  %wrqm r_await w_await aqu-sz rareq-sz wareq-sz  svctm  %util
sdb           5064.00 3601.00     19.78     46.57     0.00  7716.00   0.00  68.18    0.30    0.42   0.08     4.00    13.24   0.11  98.40

2021년 08월 24일 21시 51분 21초
avg-cpu:  %user   %nice %system %iowait  %steal   %idle
           0.38    0.00    4.63    1.56    0.00   93.43

Device            r/s     w/s     rMB/s     wMB/s   rrqm/s   wrqm/s  %rrqm  %wrqm r_await w_await aqu-sz rareq-sz wareq-sz  svctm  %util
sdb           7494.00 4219.00     29.27     45.12     0.00  4669.00   0.00  52.53    0.25    0.34   0.00     4.00    10.95   0.09 100.00

2021년 08월 24일 21시 51분 22초
avg-cpu:  %user   %nice %system %iowait  %steal   %idle
           0.19    0.00    5.56    1.81    0.00   92.45

Device            r/s     w/s     rMB/s     wMB/s   rrqm/s   wrqm/s  %rrqm  %wrqm r_await w_await aqu-sz rareq-sz wareq-sz  svctm  %util
sdb           6270.00 3680.00     24.49     52.61     0.00  8006.00   0.00  68.51    0.28    0.42   0.06     4.00    14.64   0.10 100.00

2021년 08월 24일 21시 51분 23초
avg-cpu:  %user   %nice %system %iowait  %steal   %idle
           0.31    0.00    6.71    1.99    0.00   90.99

Device            r/s     w/s     rMB/s     wMB/s   rrqm/s   wrqm/s  %rrqm  %wrqm r_await w_await aqu-sz rareq-sz wareq-sz  svctm  %util
sdb           5145.00 3416.00     20.10     49.29     0.00  8447.00   0.00  71.20    0.32    0.43   0.08     4.00    14.78   0.12  98.80

2021년 08월 24일 21시 51분 24초
avg-cpu:  %user   %nice %system %iowait  %steal   %idle
           0.31    0.00    5.72    1.70    0.00   92.27

Device            r/s     w/s     rMB/s     wMB/s   rrqm/s   wrqm/s  %rrqm  %wrqm r_await w_await aqu-sz rareq-sz wareq-sz  svctm  %util
sdb           5217.00 3525.00     20.38     49.04     0.00  8249.00   0.00  70.06    0.31    0.42   0.00     4.00    14.25   0.11  99.60

2021년 08월 24일 21시 51분 25초
avg-cpu:  %user   %nice %system %iowait  %steal   %idle
           0.31    0.00    6.25    1.75    0.00   91.68

Device            r/s     w/s     rMB/s     wMB/s   rrqm/s   wrqm/s  %rrqm  %wrqm r_await w_await aqu-sz rareq-sz wareq-sz  svctm  %util
sdb           4766.00 3450.00     18.62     47.69     0.00  8326.00   0.00  70.70    0.32    0.44   0.00     4.00    14.15   0.12 100.00

2021년 08월 24일 21시 51분 26초
avg-cpu:  %user   %nice %system %iowait  %steal   %idle
           0.25    0.00    6.27    2.19    0.00   91.29

Device            r/s     w/s     rMB/s     wMB/s   rrqm/s   wrqm/s  %rrqm  %wrqm r_await w_await aqu-sz rareq-sz wareq-sz  svctm  %util
sdb           4524.00 3618.00     17.67     46.41     0.00  8168.00   0.00  69.30    0.32    0.43   0.06     4.00    13.14   0.12  98.80

2021년 08월 24일 21시 51분 27초
avg-cpu:  %user   %nice %system %iowait  %steal   %idle
           0.31    0.00    6.07    1.94    0.00   91.68

Device            r/s     w/s     rMB/s     wMB/s   rrqm/s   wrqm/s  %rrqm  %wrqm r_await w_await aqu-sz rareq-sz wareq-sz  svctm  %util
sdb           5084.00 3527.00     19.86     48.29     0.00  8289.00   0.00  70.15    0.31    0.42   0.00     4.00    14.02   0.12 100.00

2021년 08월 24일 21시 51분 28초
avg-cpu:  %user   %nice %system %iowait  %steal   %idle
           0.43    0.00    7.55    1.86    0.00   90.16

Device            r/s     w/s     rMB/s     wMB/s   rrqm/s   wrqm/s  %rrqm  %wrqm r_await w_await aqu-sz rareq-sz wareq-sz  svctm  %util
sdb           4887.00 3649.00     19.09     47.08     0.00  8102.00   0.00  68.95    0.31    0.41   0.08     4.00    13.21   0.11  98.00

2021년 08월 24일 21시 51분 29초
avg-cpu:  %user   %nice %system %iowait  %steal   %idle
           0.19    0.00    6.49    1.81    0.00   91.51

Device            r/s     w/s     rMB/s     wMB/s   rrqm/s   wrqm/s  %rrqm  %wrqm r_await w_await aqu-sz rareq-sz wareq-sz  svctm  %util
sdb           4748.00 3778.00     18.55     48.36     0.00  8558.00   0.00  69.37    0.32    0.40   0.00     4.00    13.11   0.12 100.00

2021년 08월 24일 21시 51분 30초
avg-cpu:  %user   %nice %system %iowait  %steal   %idle
           0.37    0.00    7.12    1.61    0.00   90.90

Device            r/s     w/s     rMB/s     wMB/s   rrqm/s   wrqm/s  %rrqm  %wrqm r_await w_await aqu-sz rareq-sz wareq-sz  svctm  %util
sdb           4984.00 3680.00     19.47     48.22     0.00  8075.00   0.00  68.69    0.31    0.41   0.00     4.00    13.42   0.12 100.00

2021년 08월 24일 21시 51분 31초
avg-cpu:  %user   %nice %system %iowait  %steal   %idle
           0.31    0.00    6.85    1.68    0.00   91.15

Device            r/s     w/s     rMB/s     wMB/s   rrqm/s   wrqm/s  %rrqm  %wrqm r_await w_await aqu-sz rareq-sz wareq-sz  svctm  %util
sdb           4699.00 3630.00     18.36     45.34     0.00  7672.00   0.00  67.88    0.32    0.42   0.07     4.00    12.79   0.12  98.40

2021년 08월 24일 21시 51분 32초
avg-cpu:  %user   %nice %system %iowait  %steal   %idle
           0.19    0.00    7.91    1.61    0.00   90.30

Device            r/s     w/s     rMB/s     wMB/s   rrqm/s   wrqm/s  %rrqm  %wrqm r_await w_await aqu-sz rareq-sz wareq-sz  svctm  %util
sdb           4544.00 3677.00     17.75     46.07     0.00  8101.00   0.00  68.78    0.32    0.41   0.00     4.00    12.83   0.12 100.00

2021년 08월 24일 21시 51분 33초
avg-cpu:  %user   %nice %system %iowait  %steal   %idle
           0.31    0.00    6.86    1.68    0.00   91.15

Device            r/s     w/s     rMB/s     wMB/s   rrqm/s   wrqm/s  %rrqm  %wrqm r_await w_await aqu-sz rareq-sz wareq-sz  svctm  %util
sdb           4820.00 3672.00     18.83     47.13     0.00  8194.00   0.00  69.05    0.31    0.41   0.00     4.00    13.14   0.12 100.00

2021년 08월 24일 21시 51분 34초
avg-cpu:  %user   %nice %system %iowait  %steal   %idle
           0.31    0.00    6.30    2.31    0.00   91.07

Device            r/s     w/s     rMB/s     wMB/s   rrqm/s   wrqm/s  %rrqm  %wrqm r_await w_await aqu-sz rareq-sz wareq-sz  svctm  %util
sdb           4588.00 3464.00     17.92     46.43     0.00  8303.00   0.00  70.56    0.33    0.44   0.10     4.00    13.73   0.12  98.40

2021년 08월 24일 21시 51분 35초
avg-cpu:  %user   %nice %system %iowait  %steal   %idle
           0.31    0.00    6.81    1.88    0.00   91.00

Device            r/s     w/s     rMB/s     wMB/s   rrqm/s   wrqm/s  %rrqm  %wrqm r_await w_await aqu-sz rareq-sz wareq-sz  svctm  %util
sdb           4748.00 3507.00     18.55     47.80     0.00  8783.00   0.00  71.46    0.31    0.43   0.00     4.00    13.96   0.12 100.00

2021년 08월 24일 21시 51분 36초
avg-cpu:  %user   %nice %system %iowait  %steal   %idle
           0.38    0.00    6.33    1.88    0.00   91.41

Device            r/s     w/s     rMB/s     wMB/s   rrqm/s   wrqm/s  %rrqm  %wrqm r_await w_await aqu-sz rareq-sz wareq-sz  svctm  %util
sdb           4810.00 3574.00     18.79     48.69     0.00  8736.00   0.00  70.97    0.31    0.42   0.00     4.00    13.95   0.12 100.00

2021년 08월 24일 21시 51분 37초
avg-cpu:  %user   %nice %system %iowait  %steal   %idle
           0.37    0.00    6.53    2.36    0.00   90.74

Device            r/s     w/s     rMB/s     wMB/s   rrqm/s   wrqm/s  %rrqm  %wrqm r_await w_await aqu-sz rareq-sz wareq-sz  svctm  %util
sdb           4799.00 3398.00     18.75     47.44     0.00  8307.00   0.00  70.97    0.33    0.42   0.08     4.00    14.30   0.12  98.40

2021년 08월 24일 21시 51분 38초
avg-cpu:  %user   %nice %system %iowait  %steal   %idle
           0.25    0.00    5.77    1.80    0.00   92.19

Device            r/s     w/s     rMB/s     wMB/s   rrqm/s   wrqm/s  %rrqm  %wrqm r_await w_await aqu-sz rareq-sz wareq-sz  svctm  %util
sdb           6113.00 3750.00     23.88     48.59     0.00  6878.00   0.00  64.72    0.28    0.40   0.02     4.00    13.27   0.10 100.00

2021년 08월 24일 21시 51분 39초
avg-cpu:  %user   %nice %system %iowait  %steal   %idle
           0.38    0.00    5.16    1.83    0.00   92.63

Device            r/s     w/s     rMB/s     wMB/s   rrqm/s   wrqm/s  %rrqm  %wrqm r_await w_await aqu-sz rareq-sz wareq-sz  svctm  %util
sdb           4964.00 3574.00     19.39     49.04     0.00  8384.00   0.00  70.11    0.32    0.42   0.00     4.00    14.05   0.12 100.00

2021년 08월 24일 21시 51분 40초
avg-cpu:  %user   %nice %system %iowait  %steal   %idle
           0.25    0.00    5.60    2.14    0.00   92.00

Device            r/s     w/s     rMB/s     wMB/s   rrqm/s   wrqm/s  %rrqm  %wrqm r_await w_await aqu-sz rareq-sz wareq-sz  svctm  %util
sdb           4643.00 3426.00     18.14     47.09     0.00  8230.00   0.00  70.61    0.34    0.44   0.07     4.00    14.07   0.12  98.40

2021년 08월 24일 21시 51분 41초
avg-cpu:  %user   %nice %system %iowait  %steal   %idle
           0.19    0.00    6.36    1.81    0.00   91.64

Device            r/s     w/s     rMB/s     wMB/s   rrqm/s   wrqm/s  %rrqm  %wrqm r_await w_await aqu-sz rareq-sz wareq-sz  svctm  %util
sdb           5003.00 3584.00     19.54     48.75     0.00  8500.00   0.00  70.34    0.30    0.42   0.00     4.00    13.93   0.12 100.00

2021년 08월 24일 21시 51분 42초
avg-cpu:  %user   %nice %system %iowait  %steal   %idle
           0.44    0.00    6.02    2.13    0.00   91.41

Device            r/s     w/s     rMB/s     wMB/s   rrqm/s   wrqm/s  %rrqm  %wrqm r_await w_await aqu-sz rareq-sz wareq-sz  svctm  %util
sdb           4629.00 3554.00     18.08     48.04     0.00  8723.00   0.00  71.05    0.32    0.44   0.08     4.00    13.84   0.12  98.40

2021년 08월 24일 21시 51분 43초
avg-cpu:  %user   %nice %system %iowait  %steal   %idle
           0.25    0.00    5.73    1.83    0.00   92.19

Device            r/s     w/s     rMB/s     wMB/s   rrqm/s   wrqm/s  %rrqm  %wrqm r_await w_await aqu-sz rareq-sz wareq-sz  svctm  %util
sdb           4930.00 3416.00     19.26     50.07     0.00  8807.00   0.00  72.05    0.32    0.44   0.00     4.00    15.01   0.12 100.00

2021년 08월 24일 21시 51분 44초
avg-cpu:  %user   %nice %system %iowait  %steal   %idle
           0.19    0.00    5.64    2.01    0.00   92.17

Device            r/s     w/s     rMB/s     wMB/s   rrqm/s   wrqm/s  %rrqm  %wrqm r_await w_await aqu-sz rareq-sz wareq-sz  svctm  %util
sdb           5160.00 3451.00     20.16     50.01     0.00  8563.00   0.00  71.28    0.32    0.43   0.00     4.00    14.84   0.12 100.00

2021년 08월 24일 21시 51분 45초
avg-cpu:  %user   %nice %system %iowait  %steal   %idle
           0.31    0.00    6.52    2.17    0.00   91.00

Device            r/s     w/s     rMB/s     wMB/s   rrqm/s   wrqm/s  %rrqm  %wrqm r_await w_await aqu-sz rareq-sz wareq-sz  svctm  %util
sdb           4814.00 3285.00     18.80     47.66     0.00  8316.00   0.00  71.68    0.33    0.45   0.08     4.00    14.86   0.12  98.40

2021년 08월 24일 21시 51분 46초
avg-cpu:  %user   %nice %system %iowait  %steal   %idle
           0.31    0.00    4.80    1.81    0.00   93.08

Device            r/s     w/s     rMB/s     wMB/s   rrqm/s   wrqm/s  %rrqm  %wrqm r_await w_await aqu-sz rareq-sz wareq-sz  svctm  %util
sdb           7043.00 4112.00     27.51     47.93     0.00  5655.00   0.00  57.90    0.26    0.37   0.03     4.00    11.94   0.09 100.00

2021년 08월 24일 21시 51분 47초
avg-cpu:  %user   %nice %system %iowait  %steal   %idle
           0.12    0.00    7.30    1.50    0.00   91.07

Device            r/s     w/s     rMB/s     wMB/s   rrqm/s   wrqm/s  %rrqm  %wrqm r_await w_await aqu-sz rareq-sz wareq-sz  svctm  %util
sdb           4719.00 3649.00     18.43     47.45     0.00  8164.00   0.00  69.11    0.30    0.41   0.00     4.00    13.31   0.12 100.00

2021년 08월 24일 21시 51분 48초
avg-cpu:  %user   %nice %system %iowait  %steal   %idle
           0.38    0.00    5.57    2.21    0.00   91.84

Device            r/s     w/s     rMB/s     wMB/s   rrqm/s   wrqm/s  %rrqm  %wrqm r_await w_await aqu-sz rareq-sz wareq-sz  svctm  %util
sdb           4689.00 3754.00     18.32     46.25     0.00  7898.00   0.00  67.78    0.30    0.43   0.08     4.00    12.62   0.12  98.00

2021년 08월 24일 21시 51분 49초
avg-cpu:  %user   %nice %system %iowait  %steal   %idle
           0.19    0.00    5.97    1.88    0.00   91.96

Device            r/s     w/s     rMB/s     wMB/s   rrqm/s   wrqm/s  %rrqm  %wrqm r_await w_await aqu-sz rareq-sz wareq-sz  svctm  %util
sdb           4643.00 3570.00     18.14     48.91     0.00  8777.00   0.00  71.09    0.32    0.43   0.00     4.00    14.03   0.12 100.00

2021년 08월 24일 21시 51분 50초
avg-cpu:  %user   %nice %system %iowait  %steal   %idle
           0.37    0.00    6.41    1.87    0.00   91.36

Device            r/s     w/s     rMB/s     wMB/s   rrqm/s   wrqm/s  %rrqm  %wrqm r_await w_await aqu-sz rareq-sz wareq-sz  svctm  %util
sdb           4793.00 3517.00     18.72     49.81     0.00  9070.00   0.00  72.06    0.32    0.43   0.00     4.00    14.50   0.12 100.00

2021년 08월 24일 21시 51분 51초
avg-cpu:  %user   %nice %system %iowait  %steal   %idle
           0.25    0.00    5.04    2.40    0.00   92.31

Device            r/s     w/s     rMB/s     wMB/s   rrqm/s   wrqm/s  %rrqm  %wrqm r_await w_await aqu-sz rareq-sz wareq-sz  svctm  %util
sdb           4808.00 3406.00     18.78     49.03     0.00  8769.00   0.00  72.02    0.33    0.45   0.12     4.00    14.74   0.12  98.40

2021년 08월 24일 21시 51분 52초
avg-cpu:  %user   %nice %system %iowait  %steal   %idle
           0.31    0.00    5.48    2.08    0.00   92.13

Device            r/s     w/s     rMB/s     wMB/s   rrqm/s   wrqm/s  %rrqm  %wrqm r_await w_await aqu-sz rareq-sz wareq-sz  svctm  %util
sdb           4962.00 3423.00     19.38     50.32     0.00  8948.00   0.00  72.33    0.32    0.43   0.00     4.00    15.05   0.12 100.00

2021년 08월 24일 21시 51분 53초
avg-cpu:  %user   %nice %system %iowait  %steal   %idle
           0.19    0.00    5.97    2.26    0.00   91.57

Device            r/s     w/s     rMB/s     wMB/s   rrqm/s   wrqm/s  %rrqm  %wrqm r_await w_await aqu-sz rareq-sz wareq-sz  svctm  %util
sdb           4951.00 3312.00     19.34     48.46     0.00  8380.00   0.00  71.67    0.32    0.44   0.08     4.00    14.98   0.12  98.40

2021년 08월 24일 21시 51분 54초
avg-cpu:  %user   %nice %system %iowait  %steal   %idle
           0.12    0.00    1.75    0.31    0.00   97.82

Device            r/s     w/s     rMB/s     wMB/s   rrqm/s   wrqm/s  %rrqm  %wrqm r_await w_await aqu-sz rareq-sz wareq-sz  svctm  %util
sdb            938.00  737.00      3.66      9.77     0.00  1696.00   0.00  69.71    0.31    0.40   0.00     4.00    13.57   0.12  20.00

2021년 08월 24일 21시 51분 55초
avg-cpu:  %user   %nice %system %iowait  %steal   %idle
           0.00    0.00    0.12    0.00    0.00   99.88

Device            r/s     w/s     rMB/s     wMB/s   rrqm/s   wrqm/s  %rrqm  %wrqm r_await w_await aqu-sz rareq-sz wareq-sz  svctm  %util
sdb              0.00    0.00      0.00      0.00     0.00     0.00   0.00   0.00    0.00    0.00   0.00     0.00     0.00   0.00   0.00

2021년 08월 24일 21시 51분 56초
avg-cpu:  %user   %nice %system %iowait  %steal   %idle
           0.06    0.00    0.06    0.00    0.00   99.87

Device            r/s     w/s     rMB/s     wMB/s   rrqm/s   wrqm/s  %rrqm  %wrqm r_await w_await aqu-sz rareq-sz wareq-sz  svctm  %util
sdb              0.00    0.00      0.00      0.00     0.00     0.00   0.00   0.00    0.00    0.00   0.00     0.00     0.00   0.00   0.00

2021년 08월 24일 21시 51분 57초
avg-cpu:  %user   %nice %system %iowait  %steal   %idle
           0.06    0.00    0.06    0.00    0.00   99.88

Device            r/s     w/s     rMB/s     wMB/s   rrqm/s   wrqm/s  %rrqm  %wrqm r_await w_await aqu-sz rareq-sz wareq-sz  svctm  %util
sdb              0.00    0.00      0.00      0.00     0.00     0.00   0.00   0.00    0.00    0.00   0.00     0.00     0.00   0.00   0.00

2021년 08월 24일 21시 51분 58초
avg-cpu:  %user   %nice %system %iowait  %steal   %idle
           0.06    0.00    0.06    0.00    0.00   99.87

Device            r/s     w/s     rMB/s     wMB/s   rrqm/s   wrqm/s  %rrqm  %wrqm r_await w_await aqu-sz rareq-sz wareq-sz  svctm  %util
sdb              0.00    0.00      0.00      0.00     0.00     0.00   0.00   0.00    0.00    0.00   0.00     0.00     0.00   0.00   0.00

2021년 08월 24일 21시 51분 59초
avg-cpu:  %user   %nice %system %iowait  %steal   %idle
           0.06    0.00    0.12    0.06    0.00   99.75

Device            r/s     w/s     rMB/s     wMB/s   rrqm/s   wrqm/s  %rrqm  %wrqm r_await w_await aqu-sz rareq-sz wareq-sz  svctm  %util
sdb              0.00  142.00      0.00     21.60     0.00  5388.00   0.00  97.43    0.00    2.53   0.16     0.00   155.77   0.37   5.20

2021년 08월 24일 21시 52분 00초
avg-cpu:  %user   %nice %system %iowait  %steal   %idle
           0.06    0.00    0.06    0.00    0.00   99.87

Device            r/s     w/s     rMB/s     wMB/s   rrqm/s   wrqm/s  %rrqm  %wrqm r_await w_await aqu-sz rareq-sz wareq-sz  svctm  %util
sdb              0.00    3.00      0.00      0.08     0.00    17.00   0.00  85.00    0.00    1.00   0.00     0.00    26.67   2.67   0.80

2021년 08월 24일 21시 52분 01초
avg-cpu:  %user   %nice %system %iowait  %steal   %idle
           0.00    0.00    0.13    0.00    0.00   99.87

Device            r/s     w/s     rMB/s     wMB/s   rrqm/s   wrqm/s  %rrqm  %wrqm r_await w_await aqu-sz rareq-sz wareq-sz  svctm  %util
sdb              0.00    0.00      0.00      0.00     0.00     0.00   0.00   0.00    0.00    0.00   0.00     0.00     0.00   0.00   0.00

2021년 08월 24일 21시 52분 02초
avg-cpu:  %user   %nice %system %iowait  %steal   %idle
           0.00    0.00    0.12    0.00    0.00   99.88

Device            r/s     w/s     rMB/s     wMB/s   rrqm/s   wrqm/s  %rrqm  %wrqm r_await w_await aqu-sz rareq-sz wareq-sz  svctm  %util
sdb              0.00    0.00      0.00      0.00     0.00     0.00   0.00   0.00    0.00    0.00   0.00     0.00     0.00   0.00   0.00

2021년 08월 24일 21시 52분 03초
avg-cpu:  %user   %nice %system %iowait  %steal   %idle
           0.06    0.00    0.06    0.00    0.00   99.87

Device            r/s     w/s     rMB/s     wMB/s   rrqm/s   wrqm/s  %rrqm  %wrqm r_await w_await aqu-sz rareq-sz wareq-sz  svctm  %util
sdb              0.00    0.00      0.00      0.00     0.00     0.00   0.00   0.00    0.00    0.00   0.00     0.00     0.00   0.00   0.00

2021년 08월 24일 21시 52분 04초
avg-cpu:  %user   %nice %system %iowait  %steal   %idle
           0.00    0.00    0.13    0.00    0.00   99.87

Device            r/s     w/s     rMB/s     wMB/s   rrqm/s   wrqm/s  %rrqm  %wrqm r_await w_await aqu-sz rareq-sz wareq-sz  svctm  %util
sdb              0.00    0.00      0.00      0.00     0.00     0.00   0.00   0.00    0.00    0.00   0.00     0.00     0.00   0.00   0.00

2021년 08월 24일 21시 52분 05초
avg-cpu:  %user   %nice %system %iowait  %steal   %idle
           0.00    0.00    0.13    0.00    0.00   99.87

Device            r/s     w/s     rMB/s     wMB/s   rrqm/s   wrqm/s  %rrqm  %wrqm r_await w_await aqu-sz rareq-sz wareq-sz  svctm  %util
sdb              0.00    0.00      0.00      0.00     0.00     0.00   0.00   0.00    0.00    0.00   0.00     0.00     0.00   0.00   0.00

2021년 08월 24일 21시 52분 06초
avg-cpu:  %user   %nice %system %iowait  %steal   %idle
           0.06    0.00    0.06    0.00    0.00   99.88

Device            r/s     w/s     rMB/s     wMB/s   rrqm/s   wrqm/s  %rrqm  %wrqm r_await w_await aqu-sz rareq-sz wareq-sz  svctm  %util
sdb              0.00    0.00      0.00      0.00     0.00     0.00   0.00   0.00    0.00    0.00   0.00     0.00     0.00   0.00   0.00

2021년 08월 24일 21시 52분 07초
avg-cpu:  %user   %nice %system %iowait  %steal   %idle
           0.06    0.00    0.12    0.00    0.00   99.81

Device            r/s     w/s     rMB/s     wMB/s   rrqm/s   wrqm/s  %rrqm  %wrqm r_await w_await aqu-sz rareq-sz wareq-sz  svctm  %util
sdb              0.00    0.00      0.00      0.00     0.00     0.00   0.00   0.00    0.00    0.00   0.00     0.00     0.00   0.00   0.00

2021년 08월 24일 21시 52분 08초
avg-cpu:  %user   %nice %system %iowait  %steal   %idle
           0.00    0.00    0.06    0.00    0.00   99.94

Device            r/s     w/s     rMB/s     wMB/s   rrqm/s   wrqm/s  %rrqm  %wrqm r_await w_await aqu-sz rareq-sz wareq-sz  svctm  %util
sdb              0.00    0.00      0.00      0.00     0.00     0.00   0.00   0.00    0.00    0.00   0.00     0.00     0.00   0.00   0.00

2021년 08월 24일 21시 52분 09초
avg-cpu:  %user   %nice %system %iowait  %steal   %idle
           0.00    0.00    0.13    0.00    0.00   99.87

Device            r/s     w/s     rMB/s     wMB/s   rrqm/s   wrqm/s  %rrqm  %wrqm r_await w_await aqu-sz rareq-sz wareq-sz  svctm  %util
sdb              0.00    0.00      0.00      0.00     0.00     0.00   0.00   0.00    0.00    0.00   0.00     0.00     0.00   0.00   0.00

2021년 08월 24일 21시 52분 10초
avg-cpu:  %user   %nice %system %iowait  %steal   %idle
           0.06    0.00    0.06    0.00    0.00   99.88

Device            r/s     w/s     rMB/s     wMB/s   rrqm/s   wrqm/s  %rrqm  %wrqm r_await w_await aqu-sz rareq-sz wareq-sz  svctm  %util
sdb              0.00    0.00      0.00      0.00     0.00     0.00   0.00   0.00    0.00    0.00   0.00     0.00     0.00   0.00   0.00

2021년 08월 24일 21시 52분 11초
avg-cpu:  %user   %nice %system %iowait  %steal   %idle
           0.13    0.00    0.06    0.00    0.00   99.81

Device            r/s     w/s     rMB/s     wMB/s   rrqm/s   wrqm/s  %rrqm  %wrqm r_await w_await aqu-sz rareq-sz wareq-sz  svctm  %util
sdb              0.00    0.00      0.00      0.00     0.00     0.00   0.00   0.00    0.00    0.00   0.00     0.00     0.00   0.00   0.00

2021년 08월 24일 21시 52분 12초
avg-cpu:  %user   %nice %system %iowait  %steal   %idle
           0.06    0.00    0.12    0.00    0.00   99.81

Device            r/s     w/s     rMB/s     wMB/s   rrqm/s   wrqm/s  %rrqm  %wrqm r_await w_await aqu-sz rareq-sz wareq-sz  svctm  %util
sdb              0.00    0.00      0.00      0.00     0.00     0.00   0.00   0.00    0.00    0.00   0.00     0.00     0.00   0.00   0.00

2021년 08월 24일 21시 52분 13초
avg-cpu:  %user   %nice %system %iowait  %steal   %idle
           0.06    0.00    0.06    0.00    0.00   99.87

Device            r/s     w/s     rMB/s     wMB/s   rrqm/s   wrqm/s  %rrqm  %wrqm r_await w_await aqu-sz rareq-sz wareq-sz  svctm  %util
sdb              0.00    0.00      0.00      0.00     0.00     0.00   0.00   0.00    0.00    0.00   0.00     0.00     0.00   0.00   0.00

2021년 08월 24일 21시 52분 14초
avg-cpu:  %user   %nice %system %iowait  %steal   %idle
           0.06    0.00    0.06    0.00    0.00   99.88

Device            r/s     w/s     rMB/s     wMB/s   rrqm/s   wrqm/s  %rrqm  %wrqm r_await w_await aqu-sz rareq-sz wareq-sz  svctm  %util
sdb              0.00    0.00      0.00      0.00     0.00     0.00   0.00   0.00    0.00    0.00   0.00     0.00     0.00   0.00   0.00

2021년 08월 24일 21시 52분 15초
avg-cpu:  %user   %nice %system %iowait  %steal   %idle
           0.06    0.00    0.12    0.00    0.00   99.81

Device            r/s     w/s     rMB/s     wMB/s   rrqm/s   wrqm/s  %rrqm  %wrqm r_await w_await aqu-sz rareq-sz wareq-sz  svctm  %util
sdb              0.00    0.00      0.00      0.00     0.00     0.00   0.00   0.00    0.00    0.00   0.00     0.00     0.00   0.00   0.00

2021년 08월 24일 21시 52분 16초
avg-cpu:  %user   %nice %system %iowait  %steal   %idle
           0.00    0.00    0.06    0.00    0.00   99.94

Device            r/s     w/s     rMB/s     wMB/s   rrqm/s   wrqm/s  %rrqm  %wrqm r_await w_await aqu-sz rareq-sz wareq-sz  svctm  %util
sdb              0.00    0.00      0.00      0.00     0.00     0.00   0.00   0.00    0.00    0.00   0.00     0.00     0.00   0.00   0.00

2021년 08월 24일 21시 52분 17초
avg-cpu:  %user   %nice %system %iowait  %steal   %idle
           0.06    0.00    0.06    0.00    0.00   99.88

Device            r/s     w/s     rMB/s     wMB/s   rrqm/s   wrqm/s  %rrqm  %wrqm r_await w_await aqu-sz rareq-sz wareq-sz  svctm  %util
sdb              0.00    0.00      0.00      0.00     0.00     0.00   0.00   0.00    0.00    0.00   0.00     0.00     0.00   0.00   0.00

2021년 08월 24일 21시 52분 18초
avg-cpu:  %user   %nice %system %iowait  %steal   %idle
           0.00    0.00    0.13    0.00    0.00   99.87

Device            r/s     w/s     rMB/s     wMB/s   rrqm/s   wrqm/s  %rrqm  %wrqm r_await w_await aqu-sz rareq-sz wareq-sz  svctm  %util
sdb              0.00    0.00      0.00      0.00     0.00     0.00   0.00   0.00    0.00    0.00   0.00     0.00     0.00   0.00   0.00

2021년 08월 24일 21시 52분 19초
avg-cpu:  %user   %nice %system %iowait  %steal   %idle
           0.00    0.00    0.12    0.00    0.00   99.88

Device            r/s     w/s     rMB/s     wMB/s   rrqm/s   wrqm/s  %rrqm  %wrqm r_await w_await aqu-sz rareq-sz wareq-sz  svctm  %util
sdb              0.00    0.00      0.00      0.00     0.00     0.00   0.00   0.00    0.00    0.00   0.00     0.00     0.00   0.00   0.00

2021년 08월 24일 21시 52분 20초
avg-cpu:  %user   %nice %system %iowait  %steal   %idle
           0.06    0.00    0.06    0.00    0.00   99.88

Device            r/s     w/s     rMB/s     wMB/s   rrqm/s   wrqm/s  %rrqm  %wrqm r_await w_await aqu-sz rareq-sz wareq-sz  svctm  %util
sdb              0.00    0.00      0.00      0.00     0.00     0.00   0.00   0.00    0.00    0.00   0.00     0.00     0.00   0.00   0.00

2021년 08월 24일 21시 52분 21초
avg-cpu:  %user   %nice %system %iowait  %steal   %idle
           0.06    0.00    0.12    0.00    0.00   99.81

Device            r/s     w/s     rMB/s     wMB/s   rrqm/s   wrqm/s  %rrqm  %wrqm r_await w_await aqu-sz rareq-sz wareq-sz  svctm  %util
sdb              0.00    0.00      0.00      0.00     0.00     0.00   0.00   0.00    0.00    0.00   0.00     0.00     0.00   0.00   0.00

2021년 08월 24일 21시 52분 22초
avg-cpu:  %user   %nice %system %iowait  %steal   %idle
           0.00    0.00    0.06    0.00    0.00   99.94

Device            r/s     w/s     rMB/s     wMB/s   rrqm/s   wrqm/s  %rrqm  %wrqm r_await w_await aqu-sz rareq-sz wareq-sz  svctm  %util
sdb              0.00    0.00      0.00      0.00     0.00     0.00   0.00   0.00    0.00    0.00   0.00     0.00     0.00   0.00   0.00

2021년 08월 24일 21시 52분 23초
avg-cpu:  %user   %nice %system %iowait  %steal   %idle
           0.06    0.00    0.06    0.00    0.00   99.88

Device            r/s     w/s     rMB/s     wMB/s   rrqm/s   wrqm/s  %rrqm  %wrqm r_await w_await aqu-sz rareq-sz wareq-sz  svctm  %util
sdb              0.00    0.00      0.00      0.00     0.00     0.00   0.00   0.00    0.00    0.00   0.00     0.00     0.00   0.00   0.00

2021년 08월 24일 21시 52분 24초
avg-cpu:  %user   %nice %system %iowait  %steal   %idle
           0.06    0.00    0.06    0.00    0.00   99.87

Device            r/s     w/s     rMB/s     wMB/s   rrqm/s   wrqm/s  %rrqm  %wrqm r_await w_await aqu-sz rareq-sz wareq-sz  svctm  %util
sdb              0.00    0.00      0.00      0.00     0.00     0.00   0.00   0.00    0.00    0.00   0.00     0.00     0.00   0.00   0.00

2021년 08월 24일 21시 52분 25초
avg-cpu:  %user   %nice %system %iowait  %steal   %idle
           0.06    0.00    0.12    0.00    0.00   99.81

Device            r/s     w/s     rMB/s     wMB/s   rrqm/s   wrqm/s  %rrqm  %wrqm r_await w_await aqu-sz rareq-sz wareq-sz  svctm  %util
sdb              0.00    0.00      0.00      0.00     0.00     0.00   0.00   0.00    0.00    0.00   0.00     0.00     0.00   0.00   0.00

2021년 08월 24일 21시 52분 26초
avg-cpu:  %user   %nice %system %iowait  %steal   %idle
           0.00    0.00    0.06    0.00    0.00   99.94

Device            r/s     w/s     rMB/s     wMB/s   rrqm/s   wrqm/s  %rrqm  %wrqm r_await w_await aqu-sz rareq-sz wareq-sz  svctm  %util
sdb              0.00    0.00      0.00      0.00     0.00     0.00   0.00   0.00    0.00    0.00   0.00     0.00     0.00   0.00   0.00

2021년 08월 24일 21시 52분 27초
avg-cpu:  %user   %nice %system %iowait  %steal   %idle
           0.12    0.00    0.06    0.00    0.00   99.81

Device            r/s     w/s     rMB/s     wMB/s   rrqm/s   wrqm/s  %rrqm  %wrqm r_await w_await aqu-sz rareq-sz wareq-sz  svctm  %util
sdb              0.00    0.00      0.00      0.00     0.00     0.00   0.00   0.00    0.00    0.00   0.00     0.00     0.00   0.00   0.00

2021년 08월 24일 21시 52분 28초
avg-cpu:  %user   %nice %system %iowait  %steal   %idle
           0.06    0.00    0.12    0.00    0.00   99.81

Device            r/s     w/s     rMB/s     wMB/s   rrqm/s   wrqm/s  %rrqm  %wrqm r_await w_await aqu-sz rareq-sz wareq-sz  svctm  %util
sdb              0.00    0.00      0.00      0.00     0.00     0.00   0.00   0.00    0.00    0.00   0.00     0.00     0.00   0.00   0.00

2021년 08월 24일 21시 52분 29초
avg-cpu:  %user   %nice %system %iowait  %steal   %idle
           0.00    0.00    0.25    0.00    0.00   99.75

Device            r/s     w/s     rMB/s     wMB/s   rrqm/s   wrqm/s  %rrqm  %wrqm r_await w_await aqu-sz rareq-sz wareq-sz  svctm  %util
sdb              0.00    0.00      0.00      0.00     0.00     0.00   0.00   0.00    0.00    0.00   0.00     0.00     0.00   0.00   0.00

2021년 08월 24일 21시 52분 30초
avg-cpu:  %user   %nice %system %iowait  %steal   %idle
           0.00    0.00    0.13    0.00    0.00   99.87

Device            r/s     w/s     rMB/s     wMB/s   rrqm/s   wrqm/s  %rrqm  %wrqm r_await w_await aqu-sz rareq-sz wareq-sz  svctm  %util
sdb              0.00    0.00      0.00      0.00     0.00     0.00   0.00   0.00    0.00    0.00   0.00     0.00     0.00   0.00   0.00

2021년 08월 24일 21시 52분 31초
avg-cpu:  %user   %nice %system %iowait  %steal   %idle
           0.12    0.00    0.12    0.00    0.00   99.75

Device            r/s     w/s     rMB/s     wMB/s   rrqm/s   wrqm/s  %rrqm  %wrqm r_await w_await aqu-sz rareq-sz wareq-sz  svctm  %util
sdb              0.00    0.00      0.00      0.00     0.00     0.00   0.00   0.00    0.00    0.00   0.00     0.00     0.00   0.00   0.00

2021년 08월 24일 21시 52분 32초
avg-cpu:  %user   %nice %system %iowait  %steal   %idle
           0.06    0.00    0.12    0.00    0.00   99.81

Device            r/s     w/s     rMB/s     wMB/s   rrqm/s   wrqm/s  %rrqm  %wrqm r_await w_await aqu-sz rareq-sz wareq-sz  svctm  %util
sdb              0.00    0.00      0.00      0.00     0.00     0.00   0.00   0.00    0.00    0.00   0.00     0.00     0.00   0.00   0.00

2021년 08월 24일 21시 52분 33초
avg-cpu:  %user   %nice %system %iowait  %steal   %idle
           0.12    0.00    0.31    0.00    0.00   99.56

Device            r/s     w/s     rMB/s     wMB/s   rrqm/s   wrqm/s  %rrqm  %wrqm r_await w_await aqu-sz rareq-sz wareq-sz  svctm  %util
sdb              0.00    0.00      0.00      0.00     0.00     0.00   0.00   0.00    0.00    0.00   0.00     0.00     0.00   0.00   0.00

