Linux 5.5.8test (syslab-desk) 	2021년 10월 03일 	_x86_64_	(16 CPU)

2021년 10월 03일 23시 10분 54초
avg-cpu:  %user   %nice %system %iowait  %steal   %idle
           1.09    0.00    1.25    1.72    0.00   95.94

Device            r/s     w/s     rMB/s     wMB/s   rrqm/s   wrqm/s  %rrqm  %wrqm r_await w_await aqu-sz rareq-sz wareq-sz  svctm  %util
nvme0n1          4.85 1170.71      0.02     61.25     0.33   781.36   6.34  40.03    0.06    6.18   5.29     4.45    53.58   0.03   3.44

2021년 10월 03일 23시 10분 55초
avg-cpu:  %user   %nice %system %iowait  %steal   %idle
           0.06    0.00    0.19    0.00    0.00   99.75

Device            r/s     w/s     rMB/s     wMB/s   rrqm/s   wrqm/s  %rrqm  %wrqm r_await w_await aqu-sz rareq-sz wareq-sz  svctm  %util
nvme0n1          0.00    0.00      0.00      0.00     0.00     0.00   0.00   0.00    0.00    0.00   0.00     0.00     0.00   0.00   0.00

2021년 10월 03일 23시 10분 56초
avg-cpu:  %user   %nice %system %iowait  %steal   %idle
           0.12    0.00    0.12    0.00    0.00   99.75

Device            r/s     w/s     rMB/s     wMB/s   rrqm/s   wrqm/s  %rrqm  %wrqm r_await w_await aqu-sz rareq-sz wareq-sz  svctm  %util
nvme0n1          0.00    0.00      0.00      0.00     0.00     0.00   0.00   0.00    0.00    0.00   0.00     0.00     0.00   0.00   0.00

2021년 10월 03일 23시 10분 57초
avg-cpu:  %user   %nice %system %iowait  %steal   %idle
           0.06    0.00    0.94    0.63    0.00   98.37

Device            r/s     w/s     rMB/s     wMB/s   rrqm/s   wrqm/s  %rrqm  %wrqm r_await w_await aqu-sz rareq-sz wareq-sz  svctm  %util
nvme0n1       1165.00    1.00     10.41      0.00  1501.00     0.00  56.30   0.00    0.08   14.00   0.01     9.15     0.00   0.18  20.80

2021년 10월 03일 23시 10분 58초
avg-cpu:  %user   %nice %system %iowait  %steal   %idle
           0.19    0.00    3.01    4.52    0.00   92.28

Device            r/s     w/s     rMB/s     wMB/s   rrqm/s   wrqm/s  %rrqm  %wrqm r_await w_await aqu-sz rareq-sz wareq-sz  svctm  %util
nvme0n1       7476.00  286.00     47.51     13.29  4684.00   324.00  38.52  53.11    0.09    0.48   0.01     6.51    47.58   0.12  91.60

2021년 10월 03일 23시 10분 59초
avg-cpu:  %user   %nice %system %iowait  %steal   %idle
           0.13    0.00    2.97    8.83    0.00   88.08

Device            r/s     w/s     rMB/s     wMB/s   rrqm/s   wrqm/s  %rrqm  %wrqm r_await w_await aqu-sz rareq-sz wareq-sz  svctm  %util
nvme0n1       11380.00 1064.00     44.45     44.25     0.00     0.00   0.00   0.00    0.10    0.42   0.01     4.00    42.59   0.08 100.00

2021년 10월 03일 23시 11분 00초
avg-cpu:  %user   %nice %system %iowait  %steal   %idle
           0.13    0.00    3.03    8.83    0.00   88.02

Device            r/s     w/s     rMB/s     wMB/s   rrqm/s   wrqm/s  %rrqm  %wrqm r_await w_await aqu-sz rareq-sz wareq-sz  svctm  %util
nvme0n1       11015.00 1079.00     43.03     42.84     0.00     0.00   0.00   0.00    0.10    0.43   0.03     4.00    40.65   0.08 100.00

2021년 10월 03일 23시 11분 01초
avg-cpu:  %user   %nice %system %iowait  %steal   %idle
           0.13    0.00    2.96    8.89    0.00   88.02

Device            r/s     w/s     rMB/s     wMB/s   rrqm/s   wrqm/s  %rrqm  %wrqm r_await w_await aqu-sz rareq-sz wareq-sz  svctm  %util
nvme0n1       10546.00 1049.00     41.20     41.09     0.00     0.00   0.00   0.00    0.10    0.45   0.01     4.00    40.11   0.09 100.00

2021년 10월 03일 23시 11분 02초
avg-cpu:  %user   %nice %system %iowait  %steal   %idle
           0.19    0.00    3.89    8.79    0.00   87.12

Device            r/s     w/s     rMB/s     wMB/s   rrqm/s   wrqm/s  %rrqm  %wrqm r_await w_await aqu-sz rareq-sz wareq-sz  svctm  %util
nvme0n1       10835.00 1061.00     42.32     42.09     0.00     0.00   0.00   0.00    0.10    0.45   0.02     4.00    40.62   0.08 100.00

2021년 10월 03일 23시 11분 03초
avg-cpu:  %user   %nice %system %iowait  %steal   %idle
           0.19    0.00    3.28    8.84    0.00   87.69

Device            r/s     w/s     rMB/s     wMB/s   rrqm/s   wrqm/s  %rrqm  %wrqm r_await w_await aqu-sz rareq-sz wareq-sz  svctm  %util
nvme0n1       10966.00 1001.00     42.84     45.04     0.00   626.00   0.00  38.48    0.10    0.47   0.05     4.00    46.08   0.08 100.00

2021년 10월 03일 23시 11분 04초
avg-cpu:  %user   %nice %system %iowait  %steal   %idle
           0.19    0.00    2.35    8.94    0.00   88.52

Device            r/s     w/s     rMB/s     wMB/s   rrqm/s   wrqm/s  %rrqm  %wrqm r_await w_await aqu-sz rareq-sz wareq-sz  svctm  %util
nvme0n1       11039.00 1110.00     43.12     42.91     0.00     0.00   0.00   0.00    0.10    0.42   0.00     4.00    39.59   0.08 100.00

2021년 10월 03일 23시 11분 05초
avg-cpu:  %user   %nice %system %iowait  %steal   %idle
           0.19    0.00    2.65    9.03    0.00   88.13

Device            r/s     w/s     rMB/s     wMB/s   rrqm/s   wrqm/s  %rrqm  %wrqm r_await w_await aqu-sz rareq-sz wareq-sz  svctm  %util
nvme0n1       10082.00 1043.00     39.38     39.09     0.00     0.00   0.00   0.00    0.11    0.47   0.07     4.00    38.38   0.09  99.60

2021년 10월 03일 23시 11분 06초
avg-cpu:  %user   %nice %system %iowait  %steal   %idle
           0.13    0.00    3.27    8.81    0.00   87.79

Device            r/s     w/s     rMB/s     wMB/s   rrqm/s   wrqm/s  %rrqm  %wrqm r_await w_await aqu-sz rareq-sz wareq-sz  svctm  %util
nvme0n1       11036.00 1165.00     43.11     43.19     0.00     0.00   0.00   0.00    0.10    0.42   0.01     4.00    37.96   0.08 100.00

2021년 10월 03일 23시 11분 07초
avg-cpu:  %user   %nice %system %iowait  %steal   %idle
           0.06    0.00    3.28    8.64    0.00   88.02

Device            r/s     w/s     rMB/s     wMB/s   rrqm/s   wrqm/s  %rrqm  %wrqm r_await w_await aqu-sz rareq-sz wareq-sz  svctm  %util
nvme0n1       11177.00 1089.00     43.66     43.52     0.00     0.00   0.00   0.00    0.10    0.43   0.01     4.00    40.93   0.08  99.60

2021년 10월 03일 23시 11분 08초
avg-cpu:  %user   %nice %system %iowait  %steal   %idle
           0.06    0.00    2.66    8.92    0.00   88.35

Device            r/s     w/s     rMB/s     wMB/s   rrqm/s   wrqm/s  %rrqm  %wrqm r_await w_await aqu-sz rareq-sz wareq-sz  svctm  %util
nvme0n1       10392.00 1051.00     40.59     42.63     0.00   605.00   0.00  36.53    0.10    0.47   0.06     4.00    41.54   0.09 100.00

2021년 10월 03일 23시 11분 09초
avg-cpu:  %user   %nice %system %iowait  %steal   %idle
           0.25    0.00    2.71    9.19    0.00   87.85

Device            r/s     w/s     rMB/s     wMB/s   rrqm/s   wrqm/s  %rrqm  %wrqm r_await w_await aqu-sz rareq-sz wareq-sz  svctm  %util
nvme0n1       11083.00 1064.00     43.29     43.29     0.00     0.00   0.00   0.00    0.10    0.44   0.02     4.00    41.66   0.08 100.00

2021년 10월 03일 23시 11분 10초
avg-cpu:  %user   %nice %system %iowait  %steal   %idle
           0.13    0.00    2.97    8.78    0.00   88.13

Device            r/s     w/s     rMB/s     wMB/s   rrqm/s   wrqm/s  %rrqm  %wrqm r_await w_await aqu-sz rareq-sz wareq-sz  svctm  %util
nvme0n1       10825.00 1116.00     42.29     42.13     0.00     0.00   0.00   0.00    0.10    0.43   0.02     4.00    38.66   0.08 100.00

2021년 10월 03일 23시 11분 11초
avg-cpu:  %user   %nice %system %iowait  %steal   %idle
           0.69    0.00    3.32    9.03    0.00   86.95

Device            r/s     w/s     rMB/s     wMB/s   rrqm/s   wrqm/s  %rrqm  %wrqm r_await w_await aqu-sz rareq-sz wareq-sz  svctm  %util
nvme0n1       10768.00 1071.00     42.06     41.83     0.00     0.00   0.00   0.00    0.10    0.46   0.02     4.00    40.00   0.08 100.00

2021년 10월 03일 23시 11분 12초
avg-cpu:  %user   %nice %system %iowait  %steal   %idle
           0.31    0.00    3.08    8.75    0.00   87.85

Device            r/s     w/s     rMB/s     wMB/s   rrqm/s   wrqm/s  %rrqm  %wrqm r_await w_await aqu-sz rareq-sz wareq-sz  svctm  %util
nvme0n1       11348.00 1056.00     44.33     44.05     0.00     0.00   0.00   0.00    0.10    0.42   0.01     4.00    42.72   0.08 100.00

2021년 10월 03일 23시 11분 13초
avg-cpu:  %user   %nice %system %iowait  %steal   %idle
           0.13    0.00    2.78    9.09    0.00   88.01

Device            r/s     w/s     rMB/s     wMB/s   rrqm/s   wrqm/s  %rrqm  %wrqm r_await w_await aqu-sz rareq-sz wareq-sz  svctm  %util
nvme0n1       10455.00  980.00     40.84     43.22     0.00   589.00   0.00  37.54    0.11    0.51   0.05     4.00    45.16   0.09 100.00

2021년 10월 03일 23시 11분 14초
avg-cpu:  %user   %nice %system %iowait  %steal   %idle
           0.25    0.00    2.71    9.02    0.00   88.02

Device            r/s     w/s     rMB/s     wMB/s   rrqm/s   wrqm/s  %rrqm  %wrqm r_await w_await aqu-sz rareq-sz wareq-sz  svctm  %util
nvme0n1       10686.00 1079.00     41.74     41.63     0.00     0.00   0.00   0.00    0.10    0.45   0.00     4.00    39.51   0.08 100.00

2021년 10월 03일 23시 11분 15초
avg-cpu:  %user   %nice %system %iowait  %steal   %idle
           0.13    0.00    2.90    8.90    0.00   88.08

Device            r/s     w/s     rMB/s     wMB/s   rrqm/s   wrqm/s  %rrqm  %wrqm r_await w_await aqu-sz rareq-sz wareq-sz  svctm  %util
nvme0n1       11360.00 1064.00     44.38     44.24     0.00     0.00   0.00   0.00    0.10    0.44   0.02     4.00    42.58   0.08 100.00

2021년 10월 03일 23시 11분 16초
avg-cpu:  %user   %nice %system %iowait  %steal   %idle
           0.13    0.00    2.41    9.11    0.00   88.35

Device            r/s     w/s     rMB/s     wMB/s   rrqm/s   wrqm/s  %rrqm  %wrqm r_await w_await aqu-sz rareq-sz wareq-sz  svctm  %util
nvme0n1       10817.00  986.00     42.25     42.12     0.00     0.00   0.00   0.00    0.10    0.49   0.04     4.00    43.75   0.08 100.00

2021년 10월 03일 23시 11분 17초
avg-cpu:  %user   %nice %system %iowait  %steal   %idle
           0.06    0.00    2.97    8.72    0.00   88.24

Device            r/s     w/s     rMB/s     wMB/s   rrqm/s   wrqm/s  %rrqm  %wrqm r_await w_await aqu-sz rareq-sz wareq-sz  svctm  %util
nvme0n1       11266.00 1051.00     44.01     43.89     0.00     1.00   0.00   0.10    0.10    0.44   0.00     4.00    42.76   0.08 100.00

2021년 10월 03일 23시 11분 18초
avg-cpu:  %user   %nice %system %iowait  %steal   %idle
           0.19    0.00    2.65    9.09    0.00   88.08

Device            r/s     w/s     rMB/s     wMB/s   rrqm/s   wrqm/s  %rrqm  %wrqm r_await w_await aqu-sz rareq-sz wareq-sz  svctm  %util
nvme0n1       10842.00 1002.00     42.35     44.15     0.00   587.00   0.00  36.94    0.10    0.50   0.05     4.00    45.12   0.08 100.00

2021년 10월 03일 23시 11분 19초
avg-cpu:  %user   %nice %system %iowait  %steal   %idle
           0.19    0.00    3.02    8.88    0.00   87.91

Device            r/s     w/s     rMB/s     wMB/s   rrqm/s   wrqm/s  %rrqm  %wrqm r_await w_await aqu-sz rareq-sz wareq-sz  svctm  %util
nvme0n1       11173.00  995.00     43.64     43.52     0.00     0.00   0.00   0.00    0.10    0.46   0.01     4.00    44.79   0.08 100.00

2021년 10월 03일 23시 11분 20초
avg-cpu:  %user   %nice %system %iowait  %steal   %idle
           0.13    0.00    2.84    8.96    0.00   88.08

Device            r/s     w/s     rMB/s     wMB/s   rrqm/s   wrqm/s  %rrqm  %wrqm r_await w_await aqu-sz rareq-sz wareq-sz  svctm  %util
nvme0n1       11446.00 1086.00     44.71     44.50     0.00     0.00   0.00   0.00    0.10    0.44   0.01     4.00    41.96   0.08 100.00

2021년 10월 03일 23시 11분 21초
avg-cpu:  %user   %nice %system %iowait  %steal   %idle
           0.13    0.00    2.77    9.08    0.00   88.02

Device            r/s     w/s     rMB/s     wMB/s   rrqm/s   wrqm/s  %rrqm  %wrqm r_await w_await aqu-sz rareq-sz wareq-sz  svctm  %util
nvme0n1       10575.00 1018.00     41.31     41.22     0.00     0.00   0.00   0.00    0.10    0.49   0.03     4.00    41.46   0.09  99.60

2021년 10월 03일 23시 11분 22초
avg-cpu:  %user   %nice %system %iowait  %steal   %idle
           0.13    0.00    3.02    8.94    0.00   87.91

Device            r/s     w/s     rMB/s     wMB/s   rrqm/s   wrqm/s  %rrqm  %wrqm r_await w_await aqu-sz rareq-sz wareq-sz  svctm  %util
nvme0n1       11270.00 1074.00     44.02     43.94     0.00     0.00   0.00   0.00    0.10    0.46   0.01     4.00    41.90   0.08 100.00

2021년 10월 03일 23시 11분 23초
avg-cpu:  %user   %nice %system %iowait  %steal   %idle
           0.06    0.00    2.84    9.08    0.00   88.02

Device            r/s     w/s     rMB/s     wMB/s   rrqm/s   wrqm/s  %rrqm  %wrqm r_await w_await aqu-sz rareq-sz wareq-sz  svctm  %util
nvme0n1       10901.00 1045.00     42.58     44.60     0.00   660.00   0.00  38.71    0.10    0.48   0.03     4.00    43.71   0.08 100.00

2021년 10월 03일 23시 11분 24초
avg-cpu:  %user   %nice %system %iowait  %steal   %idle
           0.06    0.00    2.72    9.03    0.00   88.19

Device            r/s     w/s     rMB/s     wMB/s   rrqm/s   wrqm/s  %rrqm  %wrqm r_await w_await aqu-sz rareq-sz wareq-sz  svctm  %util
nvme0n1       10665.00  968.00     41.66     41.64     0.00     0.00   0.00   0.00    0.10    0.51   0.04     4.00    44.05   0.09  99.60

2021년 10월 03일 23시 11분 25초
avg-cpu:  %user   %nice %system %iowait  %steal   %idle
           0.19    0.00    3.02    8.99    0.00   87.80

Device            r/s     w/s     rMB/s     wMB/s   rrqm/s   wrqm/s  %rrqm  %wrqm r_await w_await aqu-sz rareq-sz wareq-sz  svctm  %util
nvme0n1       11201.00  961.00     43.75     43.40     0.00     0.00   0.00   0.00    0.10    0.49   0.01     4.00    46.25   0.08 100.00

2021년 10월 03일 23시 11분 26초
avg-cpu:  %user   %nice %system %iowait  %steal   %idle
           0.13    0.00    2.72    8.91    0.00   88.24

Device            r/s     w/s     rMB/s     wMB/s   rrqm/s   wrqm/s  %rrqm  %wrqm r_await w_await aqu-sz rareq-sz wareq-sz  svctm  %util
nvme0n1       11159.00  887.00     43.59     43.41     0.00     0.00   0.00   0.00    0.10    0.52   0.04     4.00    50.12   0.08 100.00

2021년 10월 03일 23시 11분 27초
avg-cpu:  %user   %nice %system %iowait  %steal   %idle
           0.06    0.00    2.72    8.80    0.00   88.41

Device            r/s     w/s     rMB/s     wMB/s   rrqm/s   wrqm/s  %rrqm  %wrqm r_await w_await aqu-sz rareq-sz wareq-sz  svctm  %util
nvme0n1       11259.00  851.00     43.98     43.95     0.00     0.00   0.00   0.00    0.10    0.52   0.00     4.00    52.88   0.08 100.00

2021년 10월 03일 23시 11분 28초
avg-cpu:  %user   %nice %system %iowait  %steal   %idle
           0.13    0.00    3.09    8.83    0.00   87.96

Device            r/s     w/s     rMB/s     wMB/s   rrqm/s   wrqm/s  %rrqm  %wrqm r_await w_await aqu-sz rareq-sz wareq-sz  svctm  %util
nvme0n1       10762.00  914.00     42.04     44.28     0.00   608.00   0.00  39.95    0.10    0.50   0.03     4.00    49.61   0.09  99.60

2021년 10월 03일 23시 11분 29초
avg-cpu:  %user   %nice %system %iowait  %steal   %idle
           0.19    0.00    3.27    8.68    0.00   87.85

Device            r/s     w/s     rMB/s     wMB/s   rrqm/s   wrqm/s  %rrqm  %wrqm r_await w_await aqu-sz rareq-sz wareq-sz  svctm  %util
nvme0n1       10968.00  901.00     42.84     42.66     0.00     0.00   0.00   0.00    0.10    0.52   0.02     4.00    48.48   0.08 100.00

2021년 10월 03일 23시 11분 30초
avg-cpu:  %user   %nice %system %iowait  %steal   %idle
           0.19    0.00    2.96    8.83    0.00   88.02

Device            r/s     w/s     rMB/s     wMB/s   rrqm/s   wrqm/s  %rrqm  %wrqm r_await w_await aqu-sz rareq-sz wareq-sz  svctm  %util
nvme0n1       11512.00  933.00     44.97     44.88     0.00     0.00   0.00   0.00    0.09    0.49   0.01     4.00    49.25   0.08 100.00

2021년 10월 03일 23시 11분 31초
avg-cpu:  %user   %nice %system %iowait  %steal   %idle
           0.13    0.00    3.33    8.91    0.00   87.63

Device            r/s     w/s     rMB/s     wMB/s   rrqm/s   wrqm/s  %rrqm  %wrqm r_await w_await aqu-sz rareq-sz wareq-sz  svctm  %util
nvme0n1       11051.00  902.00     43.17     42.91     0.00     0.00   0.00   0.00    0.10    0.52   0.04     4.00    48.71   0.08 100.00

2021년 10월 03일 23시 11분 32초
avg-cpu:  %user   %nice %system %iowait  %steal   %idle
           0.19    0.00    3.09    8.71    0.00   88.01

Device            r/s     w/s     rMB/s     wMB/s   rrqm/s   wrqm/s  %rrqm  %wrqm r_await w_await aqu-sz rareq-sz wareq-sz  svctm  %util
nvme0n1       11529.00  953.00     45.04     44.75     0.00     0.00   0.00   0.00    0.09    0.48   0.01     4.00    48.08   0.08 100.00

2021년 10월 03일 23시 11분 33초
avg-cpu:  %user   %nice %system %iowait  %steal   %idle
           0.00    0.00    3.20    9.05    0.00   87.75

Device            r/s     w/s     rMB/s     wMB/s   rrqm/s   wrqm/s  %rrqm  %wrqm r_await w_await aqu-sz rareq-sz wareq-sz  svctm  %util
nvme0n1       11248.00 1094.00     43.94     57.82     0.00  3465.00   0.00  76.00    0.10    0.54   0.02     4.00    54.12   0.08 100.00

2021년 10월 03일 23시 11분 34초
avg-cpu:  %user   %nice %system %iowait  %steal   %idle
           0.25    0.00    3.57    8.82    0.00   87.36

Device            r/s     w/s     rMB/s     wMB/s   rrqm/s   wrqm/s  %rrqm  %wrqm r_await w_await aqu-sz rareq-sz wareq-sz  svctm  %util
nvme0n1       11049.00  838.00     43.16     42.98     0.00     0.00   0.00   0.00    0.10    0.54   0.03     4.00    52.52   0.08 100.00

2021년 10월 03일 23시 11분 35초
avg-cpu:  %user   %nice %system %iowait  %steal   %idle
           0.06    0.00    3.45    8.79    0.00   87.69

Device            r/s     w/s     rMB/s     wMB/s   rrqm/s   wrqm/s  %rrqm  %wrqm r_await w_await aqu-sz rareq-sz wareq-sz  svctm  %util
nvme0n1       10931.00  893.00     42.70     42.63     0.00     0.00   0.00   0.00    0.10    0.51   0.02     4.00    48.89   0.08 100.00

2021년 10월 03일 23시 11분 36초
avg-cpu:  %user   %nice %system %iowait  %steal   %idle
           0.06    0.00    2.97    8.83    0.00   88.14

Device            r/s     w/s     rMB/s     wMB/s   rrqm/s   wrqm/s  %rrqm  %wrqm r_await w_await aqu-sz rareq-sz wareq-sz  svctm  %util
nvme0n1       11011.00  879.00     43.01     42.56     0.00     0.00   0.00   0.00    0.10    0.53   0.04     4.00    49.58   0.08 100.00

2021년 10월 03일 23시 11분 37초
avg-cpu:  %user   %nice %system %iowait  %steal   %idle
           0.13    0.00    3.03    8.89    0.00   87.96

Device            r/s     w/s     rMB/s     wMB/s   rrqm/s   wrqm/s  %rrqm  %wrqm r_await w_await aqu-sz rareq-sz wareq-sz  svctm  %util
nvme0n1       11077.00  918.00     43.27     43.40     0.00     0.00   0.00   0.00    0.10    0.49   0.00     4.00    48.41   0.08 100.00

2021년 10월 03일 23시 11분 38초
avg-cpu:  %user   %nice %system %iowait  %steal   %idle
           0.13    0.00    3.02    8.95    0.00   87.90

Device            r/s     w/s     rMB/s     wMB/s   rrqm/s   wrqm/s  %rrqm  %wrqm r_await w_await aqu-sz rareq-sz wareq-sz  svctm  %util
nvme0n1       11023.00  911.00     43.06     45.06     0.00   600.00   0.00  39.71    0.10    0.51   0.02     4.00    50.65   0.08 100.00

2021년 10월 03일 23시 11분 39초
avg-cpu:  %user   %nice %system %iowait  %steal   %idle
           0.19    0.00    2.71    8.96    0.00   88.13

Device            r/s     w/s     rMB/s     wMB/s   rrqm/s   wrqm/s  %rrqm  %wrqm r_await w_await aqu-sz rareq-sz wareq-sz  svctm  %util
nvme0n1       10968.00  882.00     42.84     42.56     0.00     0.00   0.00   0.00    0.10    0.54   0.02     4.00    49.41   0.08 100.00

2021년 10월 03일 23시 11분 40초
avg-cpu:  %user   %nice %system %iowait  %steal   %idle
           0.25    0.00    2.96    8.88    0.00   87.91

Device            r/s     w/s     rMB/s     wMB/s   rrqm/s   wrqm/s  %rrqm  %wrqm r_await w_await aqu-sz rareq-sz wareq-sz  svctm  %util
nvme0n1       10737.62  898.02     41.94     41.96     0.00     0.00   0.00   0.00    0.10    0.50   0.01     4.00    47.85   0.09  99.41

2021년 10월 03일 23시 11분 41초
avg-cpu:  %user   %nice %system %iowait  %steal   %idle
           0.19    0.00    2.84    8.90    0.00   88.08

Device            r/s     w/s     rMB/s     wMB/s   rrqm/s   wrqm/s  %rrqm  %wrqm r_await w_await aqu-sz rareq-sz wareq-sz  svctm  %util
nvme0n1       11219.00  870.00     43.82     43.32     0.00     0.00   0.00   0.00    0.10    0.51   0.04     4.00    50.99   0.08 100.00

2021년 10월 03일 23시 11분 42초
avg-cpu:  %user   %nice %system %iowait  %steal   %idle
           0.19    0.00    2.78    8.79    0.00   88.24

Device            r/s     w/s     rMB/s     wMB/s   rrqm/s   wrqm/s  %rrqm  %wrqm r_await w_await aqu-sz rareq-sz wareq-sz  svctm  %util
nvme0n1       11567.00  896.00     45.18     45.32     0.00     0.00   0.00   0.00    0.09    0.50   0.01     4.00    51.80   0.08 100.00

2021년 10월 03일 23시 11분 43초
avg-cpu:  %user   %nice %system %iowait  %steal   %idle
           0.19    0.00    3.32    8.91    0.00   87.58

Device            r/s     w/s     rMB/s     wMB/s   rrqm/s   wrqm/s  %rrqm  %wrqm r_await w_await aqu-sz rareq-sz wareq-sz  svctm  %util
nvme0n1       11364.00  940.00     44.39     46.30     0.00   557.00   0.00  37.21    0.10    0.48   0.02     4.00    50.44   0.08 100.00

2021년 10월 03일 23시 11분 44초
avg-cpu:  %user   %nice %system %iowait  %steal   %idle
           0.13    0.00    3.14    8.93    0.00   87.80

Device            r/s     w/s     rMB/s     wMB/s   rrqm/s   wrqm/s  %rrqm  %wrqm r_await w_await aqu-sz rareq-sz wareq-sz  svctm  %util
nvme0n1       10929.00  947.00     42.69     42.62     0.00     0.00   0.00   0.00    0.10    0.53   0.05     4.00    46.09   0.08 100.00

2021년 10월 03일 23시 11분 45초
avg-cpu:  %user   %nice %system %iowait  %steal   %idle
           0.13    0.00    2.78    8.85    0.00   88.24

Device            r/s     w/s     rMB/s     wMB/s   rrqm/s   wrqm/s  %rrqm  %wrqm r_await w_await aqu-sz rareq-sz wareq-sz  svctm  %util
nvme0n1       11525.00  941.00     45.02     45.02     0.00     0.00   0.00   0.00    0.10    0.48   0.01     4.00    48.99   0.08 100.00

2021년 10월 03일 23시 11분 46초
avg-cpu:  %user   %nice %system %iowait  %steal   %idle
           0.13    0.00    3.21    8.81    0.00   87.85

Device            r/s     w/s     rMB/s     wMB/s   rrqm/s   wrqm/s  %rrqm  %wrqm r_await w_await aqu-sz rareq-sz wareq-sz  svctm  %util
nvme0n1       11425.00  865.00     44.63     44.45     0.00     0.00   0.00   0.00    0.09    0.54   0.05     4.00    52.62   0.08  99.60

2021년 10월 03일 23시 11분 47초
avg-cpu:  %user   %nice %system %iowait  %steal   %idle
           0.06    0.00    3.34    8.75    0.00   87.85

Device            r/s     w/s     rMB/s     wMB/s   rrqm/s   wrqm/s  %rrqm  %wrqm r_await w_await aqu-sz rareq-sz wareq-sz  svctm  %util
nvme0n1       11140.00  913.00     43.52     43.39     0.00     0.00   0.00   0.00    0.10    0.50   0.00     4.00    48.67   0.08 100.40

2021년 10월 03일 23시 11분 48초
avg-cpu:  %user   %nice %system %iowait  %steal   %idle
           0.13    0.00    2.84    8.96    0.00   88.07

Device            r/s     w/s     rMB/s     wMB/s   rrqm/s   wrqm/s  %rrqm  %wrqm r_await w_await aqu-sz rareq-sz wareq-sz  svctm  %util
nvme0n1       11009.00  922.00     43.00     45.10     0.00   650.00   0.00  41.35    0.10    0.50   0.02     4.00    50.09   0.08 100.00

2021년 10월 03일 23시 11분 49초
avg-cpu:  %user   %nice %system %iowait  %steal   %idle
           0.13    0.00    2.16    9.08    0.00   88.63

Device            r/s     w/s     rMB/s     wMB/s   rrqm/s   wrqm/s  %rrqm  %wrqm r_await w_await aqu-sz rareq-sz wareq-sz  svctm  %util
nvme0n1       10908.00  892.00     42.61     42.38     0.00     0.00   0.00   0.00    0.10    0.55   0.03     4.00    48.65   0.08 100.00

2021년 10월 03일 23시 11분 50초
avg-cpu:  %user   %nice %system %iowait  %steal   %idle
           0.13    0.00    2.96    8.89    0.00   88.02

Device            r/s     w/s     rMB/s     wMB/s   rrqm/s   wrqm/s  %rrqm  %wrqm r_await w_await aqu-sz rareq-sz wareq-sz  svctm  %util
nvme0n1       11300.00  911.00     44.14     44.09     0.00     0.00   0.00   0.00    0.10    0.50   0.01     4.00    49.56   0.08 100.00

2021년 10월 03일 23시 11분 51초
avg-cpu:  %user   %nice %system %iowait  %steal   %idle
           0.13    0.00    2.72    8.91    0.00   88.24

Device            r/s     w/s     rMB/s     wMB/s   rrqm/s   wrqm/s  %rrqm  %wrqm r_await w_await aqu-sz rareq-sz wareq-sz  svctm  %util
nvme0n1       11291.00  871.00     44.11     43.79     0.00     0.00   0.00   0.00    0.10    0.50   0.02     4.00    51.48   0.08 100.00

2021년 10월 03일 23시 11분 52초
avg-cpu:  %user   %nice %system %iowait  %steal   %idle
           0.19    0.00    2.71    8.96    0.00   88.13

Device            r/s     w/s     rMB/s     wMB/s   rrqm/s   wrqm/s  %rrqm  %wrqm r_await w_await aqu-sz rareq-sz wareq-sz  svctm  %util
nvme0n1       10863.00  900.00     42.43     42.30     0.00     0.00   0.00   0.00    0.10    0.54   0.04     4.00    48.12   0.09 100.00

2021년 10월 03일 23시 11분 53초
avg-cpu:  %user   %nice %system %iowait  %steal   %idle
           0.06    0.00    4.04    9.02    0.00   86.87

Device            r/s     w/s     rMB/s     wMB/s   rrqm/s   wrqm/s  %rrqm  %wrqm r_await w_await aqu-sz rareq-sz wareq-sz  svctm  %util
nvme0n1       11346.00  894.00     44.32     46.27     0.00   559.00   0.00  38.47    0.10    0.51   0.02     4.00    52.99   0.08 100.00

2021년 10월 03일 23시 11분 54초
avg-cpu:  %user   %nice %system %iowait  %steal   %idle
           0.12    0.00    4.16    9.01    0.00   86.71

Device            r/s     w/s     rMB/s     wMB/s   rrqm/s   wrqm/s  %rrqm  %wrqm r_await w_await aqu-sz rareq-sz wareq-sz  svctm  %util
nvme0n1       11143.00  886.00     43.53     43.57     0.00     0.00   0.00   0.00    0.10    0.54   0.06     4.00    50.36   0.08 100.00

2021년 10월 03일 23시 11분 55초
avg-cpu:  %user   %nice %system %iowait  %steal   %idle
           0.12    0.00    4.53    8.63    0.00   86.71

Device            r/s     w/s     rMB/s     wMB/s   rrqm/s   wrqm/s  %rrqm  %wrqm r_await w_await aqu-sz rareq-sz wareq-sz  svctm  %util
nvme0n1       11495.00  926.00     44.90     44.76     0.00     0.00   0.00   0.00    0.09    0.49   0.01     4.00    49.49   0.08 100.00

2021년 10월 03일 23시 11분 56초
avg-cpu:  %user   %nice %system %iowait  %steal   %idle
           0.19    0.00    4.35    8.81    0.00   86.65

Device            r/s     w/s     rMB/s     wMB/s   rrqm/s   wrqm/s  %rrqm  %wrqm r_await w_await aqu-sz rareq-sz wareq-sz  svctm  %util
nvme0n1       11103.00  954.00     43.37     43.20     0.00     0.00   0.00   0.00    0.10    0.48   0.02     4.00    46.37   0.08 100.00

2021년 10월 03일 23시 11분 57초
avg-cpu:  %user   %nice %system %iowait  %steal   %idle
           0.13    0.00    3.27    8.81    0.00   87.80

Device            r/s     w/s     rMB/s     wMB/s   rrqm/s   wrqm/s  %rrqm  %wrqm r_await w_await aqu-sz rareq-sz wareq-sz  svctm  %util
nvme0n1       11575.00  822.00     45.21     45.09     0.00     0.00   0.00   0.00    0.09    0.56   0.04     4.00    56.17   0.08 100.00

2021년 10월 03일 23시 11분 58초
avg-cpu:  %user   %nice %system %iowait  %steal   %idle
           0.13    0.00    3.15    8.76    0.00   87.96

Device            r/s     w/s     rMB/s     wMB/s   rrqm/s   wrqm/s  %rrqm  %wrqm r_await w_await aqu-sz rareq-sz wareq-sz  svctm  %util
nvme0n1       11833.00  808.00     46.22     48.39     0.00   586.00   0.00  42.04    0.09    0.53   0.02     4.00    61.33   0.08  99.60

2021년 10월 03일 23시 11분 59초
avg-cpu:  %user   %nice %system %iowait  %steal   %idle
           0.13    0.00    2.90    8.90    0.00   88.08

Device            r/s     w/s     rMB/s     wMB/s   rrqm/s   wrqm/s  %rrqm  %wrqm r_await w_await aqu-sz rareq-sz wareq-sz  svctm  %util
nvme0n1       10762.00  821.00     42.04     41.89     0.00     0.00   0.00   0.00    0.10    0.57   0.04     4.00    52.25   0.09 100.00

2021년 10월 03일 23시 12분 00초
avg-cpu:  %user   %nice %system %iowait  %steal   %idle
           0.13    0.00    3.15    8.82    0.00   87.91

Device            r/s     w/s     rMB/s     wMB/s   rrqm/s   wrqm/s  %rrqm  %wrqm r_await w_await aqu-sz rareq-sz wareq-sz  svctm  %util
nvme0n1       11202.00  906.00     43.76     43.52     0.00     0.00   0.00   0.00    0.10    0.51   0.01     4.00    49.19   0.08 100.00

2021년 10월 03일 23시 12분 01초
avg-cpu:  %user   %nice %system %iowait  %steal   %idle
           0.06    0.00    2.79    8.74    0.00   88.41

Device            r/s     w/s     rMB/s     wMB/s   rrqm/s   wrqm/s  %rrqm  %wrqm r_await w_await aqu-sz rareq-sz wareq-sz  svctm  %util
nvme0n1       11407.00  892.00     44.56     44.28     0.00     0.00   0.00   0.00    0.10    0.48   0.01     4.00    50.83   0.08 100.00

2021년 10월 03일 23시 12분 02초
avg-cpu:  %user   %nice %system %iowait  %steal   %idle
           0.19    0.00    2.65    8.91    0.00   88.24

Device            r/s     w/s     rMB/s     wMB/s   rrqm/s   wrqm/s  %rrqm  %wrqm r_await w_await aqu-sz rareq-sz wareq-sz  svctm  %util
nvme0n1       10824.00  795.00     42.28     42.36     0.00     0.00   0.00   0.00    0.10    0.57   0.03     4.00    54.56   0.09 100.00

2021년 10월 03일 23시 12분 03초
avg-cpu:  %user   %nice %system %iowait  %steal   %idle
           0.13    0.00    2.66    8.81    0.00   88.40

Device            r/s     w/s     rMB/s     wMB/s   rrqm/s   wrqm/s  %rrqm  %wrqm r_await w_await aqu-sz rareq-sz wareq-sz  svctm  %util
nvme0n1       10834.00  876.00     42.32     44.37     0.00   546.00   0.00  38.40    0.10    0.53   0.01     4.00    51.86   0.09  99.60

2021년 10월 03일 23시 12분 04초
avg-cpu:  %user   %nice %system %iowait  %steal   %idle
           0.13    0.00    2.59    9.10    0.00   88.18

Device            r/s     w/s     rMB/s     wMB/s   rrqm/s   wrqm/s  %rrqm  %wrqm r_await w_await aqu-sz rareq-sz wareq-sz  svctm  %util
nvme0n1       11151.00 1079.00     43.56     56.12     0.00  3026.00   0.00  73.71    0.10    0.61   0.02     4.00    53.26   0.08 100.00

2021년 10월 03일 23시 12분 05초
avg-cpu:  %user   %nice %system %iowait  %steal   %idle
           0.19    0.00    2.47    8.99    0.00   88.35

Device            r/s     w/s     rMB/s     wMB/s   rrqm/s   wrqm/s  %rrqm  %wrqm r_await w_await aqu-sz rareq-sz wareq-sz  svctm  %util
nvme0n1       11451.00  891.00     44.73     44.62     0.00     0.00   0.00   0.00    0.10    0.50   0.01     4.00    51.29   0.08 100.00

2021년 10월 03일 23시 12분 06초
avg-cpu:  %user   %nice %system %iowait  %steal   %idle
           0.19    0.00    3.57    8.83    0.00   87.41

Device            r/s     w/s     rMB/s     wMB/s   rrqm/s   wrqm/s  %rrqm  %wrqm r_await w_await aqu-sz rareq-sz wareq-sz  svctm  %util
nvme0n1       11132.00  875.00     43.48     43.43     0.00     0.00   0.00   0.00    0.10    0.52   0.02     4.00    50.83   0.08 100.00

2021년 10월 03일 23시 12분 07초
avg-cpu:  %user   %nice %system %iowait  %steal   %idle
           0.25    0.00    2.96    8.99    0.00   87.80

Device            r/s     w/s     rMB/s     wMB/s   rrqm/s   wrqm/s  %rrqm  %wrqm r_await w_await aqu-sz rareq-sz wareq-sz  svctm  %util
nvme0n1       10775.00  913.00     42.09     41.89     0.00     0.00   0.00   0.00    0.10    0.53   0.02     4.00    46.99   0.09 100.00

2021년 10월 03일 23시 12분 08초
avg-cpu:  %user   %nice %system %iowait  %steal   %idle
           0.13    0.00    3.09    8.88    0.00   87.90

Device            r/s     w/s     rMB/s     wMB/s   rrqm/s   wrqm/s  %rrqm  %wrqm r_await w_await aqu-sz rareq-sz wareq-sz  svctm  %util
nvme0n1       11460.00  861.00     44.77     46.78     0.00   531.00   0.00  38.15    0.10    0.55   0.02     4.00    55.63   0.08  99.60

2021년 10월 03일 23시 12분 09초
avg-cpu:  %user   %nice %system %iowait  %steal   %idle
           0.06    0.00    2.66    9.04    0.00   88.24

Device            r/s     w/s     rMB/s     wMB/s   rrqm/s   wrqm/s  %rrqm  %wrqm r_await w_await aqu-sz rareq-sz wareq-sz  svctm  %util
nvme0n1       10654.00  861.00     41.62     41.33     0.00     0.00   0.00   0.00    0.10    0.55   0.05     4.00    49.15   0.09 100.00

2021년 10월 03일 23시 12분 10초
avg-cpu:  %user   %nice %system %iowait  %steal   %idle
           0.19    0.00    2.96    8.94    0.00   87.91

Device            r/s     w/s     rMB/s     wMB/s   rrqm/s   wrqm/s  %rrqm  %wrqm r_await w_await aqu-sz rareq-sz wareq-sz  svctm  %util
nvme0n1       11259.00  884.00     43.98     43.91     0.00     0.00   0.00   0.00    0.10    0.52   0.00     4.00    50.87   0.08 100.00

2021년 10월 03일 23시 12분 11초
avg-cpu:  %user   %nice %system %iowait  %steal   %idle
           0.13    0.00    2.71    9.21    0.00   87.96

Device            r/s     w/s     rMB/s     wMB/s   rrqm/s   wrqm/s  %rrqm  %wrqm r_await w_await aqu-sz rareq-sz wareq-sz  svctm  %util
nvme0n1       11015.00  899.00     43.02     42.88     0.00     0.00   0.00   0.00    0.10    0.51   0.02     4.00    48.85   0.08 100.00

2021년 10월 03일 23시 12분 12초
avg-cpu:  %user   %nice %system %iowait  %steal   %idle
           0.06    0.00    3.09    8.83    0.00   88.02

Device            r/s     w/s     rMB/s     wMB/s   rrqm/s   wrqm/s  %rrqm  %wrqm r_await w_await aqu-sz rareq-sz wareq-sz  svctm  %util
nvme0n1       11384.00  841.00     44.47     44.38     0.00     0.00   0.00   0.00    0.10    0.56   0.05     4.00    54.04   0.08 100.00

2021년 10월 03일 23시 12분 13초
avg-cpu:  %user   %nice %system %iowait  %steal   %idle
           0.06    0.00    2.91    8.91    0.00   88.12

Device            r/s     w/s     rMB/s     wMB/s   rrqm/s   wrqm/s  %rrqm  %wrqm r_await w_await aqu-sz rareq-sz wareq-sz  svctm  %util
nvme0n1       11183.00  851.00     43.68     45.72     0.00   580.00   0.00  40.53    0.10    0.54   0.01     4.00    55.01   0.08  99.60

2021년 10월 03일 23시 12분 14초
avg-cpu:  %user   %nice %system %iowait  %steal   %idle
           0.13    0.00    2.91    8.79    0.00   88.18

Device            r/s     w/s     rMB/s     wMB/s   rrqm/s   wrqm/s  %rrqm  %wrqm r_await w_await aqu-sz rareq-sz wareq-sz  svctm  %util
nvme0n1       10545.00  841.00     41.19     40.94     0.00     0.00   0.00   0.00    0.10    0.56   0.03     4.00    49.85   0.09 100.00

2021년 10월 03일 23시 12분 15초
avg-cpu:  %user   %nice %system %iowait  %steal   %idle
           0.13    0.00    3.14    8.99    0.00   87.74

Device            r/s     w/s     rMB/s     wMB/s   rrqm/s   wrqm/s  %rrqm  %wrqm r_await w_await aqu-sz rareq-sz wareq-sz  svctm  %util
nvme0n1       11008.00  907.00     43.00     42.85     0.00     0.00   0.00   0.00    0.10    0.52   0.02     4.00    48.38   0.08 100.00

2021년 10월 03일 23시 12분 16초
avg-cpu:  %user   %nice %system %iowait  %steal   %idle
           0.13    0.00    3.33    8.80    0.00   87.74

Device            r/s     w/s     rMB/s     wMB/s   rrqm/s   wrqm/s  %rrqm  %wrqm r_await w_await aqu-sz rareq-sz wareq-sz  svctm  %util
nvme0n1       11371.00  885.00     44.42     44.29     0.00     0.00   0.00   0.00    0.10    0.51   0.02     4.00    51.25   0.08 100.00

2021년 10월 03일 23시 12분 17초
avg-cpu:  %user   %nice %system %iowait  %steal   %idle
           0.06    0.00    2.96    8.95    0.00   88.02

Device            r/s     w/s     rMB/s     wMB/s   rrqm/s   wrqm/s  %rrqm  %wrqm r_await w_await aqu-sz rareq-sz wareq-sz  svctm  %util
nvme0n1       11475.00  879.00     44.82     44.37     0.00     0.00   0.00   0.00    0.10    0.52   0.05     4.00    51.69   0.08 100.00

2021년 10월 03일 23시 12분 18초
avg-cpu:  %user   %nice %system %iowait  %steal   %idle
           0.06    0.00    2.85    8.73    0.00   88.35

Device            r/s     w/s     rMB/s     wMB/s   rrqm/s   wrqm/s  %rrqm  %wrqm r_await w_await aqu-sz rareq-sz wareq-sz  svctm  %util
nvme0n1       11437.00  912.00     44.68     47.19     0.00   626.00   0.00  40.70    0.10    0.50   0.02     4.00    52.99   0.08 100.00

2021년 10월 03일 23시 12분 19초
avg-cpu:  %user   %nice %system %iowait  %steal   %idle
           0.19    0.00    2.53    8.93    0.00   88.35

Device            r/s     w/s     rMB/s     wMB/s   rrqm/s   wrqm/s  %rrqm  %wrqm r_await w_await aqu-sz rareq-sz wareq-sz  svctm  %util
nvme0n1       11128.00  870.00     43.47     43.39     0.00     0.00   0.00   0.00    0.10    0.53   0.02     4.00    51.07   0.08 100.00

2021년 10월 03일 23시 12분 20초
avg-cpu:  %user   %nice %system %iowait  %steal   %idle
           0.13    0.00    2.59    8.98    0.00   88.30

Device            r/s     w/s     rMB/s     wMB/s   rrqm/s   wrqm/s  %rrqm  %wrqm r_await w_await aqu-sz rareq-sz wareq-sz  svctm  %util
nvme0n1       10962.00  877.00     42.82     42.69     0.00     0.00   0.00   0.00    0.10    0.55   0.02     4.00    49.85   0.08 100.00

2021년 10월 03일 23시 12분 21초
avg-cpu:  %user   %nice %system %iowait  %steal   %idle
           0.19    0.00    3.97    8.75    0.00   87.09

Device            r/s     w/s     rMB/s     wMB/s   rrqm/s   wrqm/s  %rrqm  %wrqm r_await w_await aqu-sz rareq-sz wareq-sz  svctm  %util
nvme0n1       11281.00  885.00     44.07     44.02     0.00     0.00   0.00   0.00    0.10    0.52   0.01     4.00    50.93   0.08 100.00

2021년 10월 03일 23시 12분 22초
avg-cpu:  %user   %nice %system %iowait  %steal   %idle
           0.13    0.00    3.03    9.02    0.00   87.82

Device            r/s     w/s     rMB/s     wMB/s   rrqm/s   wrqm/s  %rrqm  %wrqm r_await w_await aqu-sz rareq-sz wareq-sz  svctm  %util
nvme0n1       11067.00  849.00     43.23     43.09     0.00     0.00   0.00   0.00    0.10    0.55   0.04     4.00    51.97   0.08 100.00

2021년 10월 03일 23시 12분 23초
avg-cpu:  %user   %nice %system %iowait  %steal   %idle
           0.13    0.00    2.41    8.89    0.00   88.57

Device            r/s     w/s     rMB/s     wMB/s   rrqm/s   wrqm/s  %rrqm  %wrqm r_await w_await aqu-sz rareq-sz wareq-sz  svctm  %util
nvme0n1       11053.00  855.00     43.18     45.03     0.00   529.00   0.00  38.22    0.10    0.53   0.01     4.00    53.93   0.08 100.00

2021년 10월 03일 23시 12분 24초
avg-cpu:  %user   %nice %system %iowait  %steal   %idle
           0.25    0.00    2.83    9.00    0.00   87.92

Device            r/s     w/s     rMB/s     wMB/s   rrqm/s   wrqm/s  %rrqm  %wrqm r_await w_await aqu-sz rareq-sz wareq-sz  svctm  %util
nvme0n1       11050.00  853.00     43.16     43.20     0.00     0.00   0.00   0.00    0.10    0.51   0.03     4.00    51.85   0.08 100.00

2021년 10월 03일 23시 12분 25초
avg-cpu:  %user   %nice %system %iowait  %steal   %idle
           0.00    0.00    3.51    8.91    0.00   87.58

Device            r/s     w/s     rMB/s     wMB/s   rrqm/s   wrqm/s  %rrqm  %wrqm r_await w_await aqu-sz rareq-sz wareq-sz  svctm  %util
nvme0n1       10646.00  873.00     41.59     41.33     0.00     0.00   0.00   0.00    0.10    0.54   0.03     4.00    48.48   0.09 100.00

2021년 10월 03일 23시 12분 26초
avg-cpu:  %user   %nice %system %iowait  %steal   %idle
           0.13    0.00    2.90    9.02    0.00   87.96

Device            r/s     w/s     rMB/s     wMB/s   rrqm/s   wrqm/s  %rrqm  %wrqm r_await w_await aqu-sz rareq-sz wareq-sz  svctm  %util
nvme0n1       11067.00  932.00     43.23     42.91     0.00     0.00   0.00   0.00    0.10    0.49   0.01     4.00    47.14   0.08 100.00

2021년 10월 03일 23시 12분 27초
avg-cpu:  %user   %nice %system %iowait  %steal   %idle
           0.13    0.00    3.08    9.05    0.00   87.75

Device            r/s     w/s     rMB/s     wMB/s   rrqm/s   wrqm/s  %rrqm  %wrqm r_await w_await aqu-sz rareq-sz wareq-sz  svctm  %util
nvme0n1       10788.00  929.00     42.14     42.19     0.00     0.00   0.00   0.00    0.10    0.51   0.05     4.00    46.50   0.09 100.00

2021년 10월 03일 23시 12분 28초
avg-cpu:  %user   %nice %system %iowait  %steal   %idle
           0.06    0.00    2.72    9.10    0.00   88.12

Device            r/s     w/s     rMB/s     wMB/s   rrqm/s   wrqm/s  %rrqm  %wrqm r_await w_await aqu-sz rareq-sz wareq-sz  svctm  %util
nvme0n1       11456.00  919.00     44.75     46.59     0.00   562.00   0.00  37.95    0.10    0.52   0.01     4.00    51.92   0.08 100.00

2021년 10월 03일 23시 12분 29초
avg-cpu:  %user   %nice %system %iowait  %steal   %idle
           0.19    0.00    3.02    9.05    0.00   87.74

Device            r/s     w/s     rMB/s     wMB/s   rrqm/s   wrqm/s  %rrqm  %wrqm r_await w_await aqu-sz rareq-sz wareq-sz  svctm  %util
nvme0n1       10663.00  924.00     41.65     41.68     0.00     0.00   0.00   0.00    0.10    0.51   0.02     4.00    46.19   0.09 100.00

2021년 10월 03일 23시 12분 30초
avg-cpu:  %user   %nice %system %iowait  %steal   %idle
           0.06    0.00    2.78    9.09    0.00   88.08

Device            r/s     w/s     rMB/s     wMB/s   rrqm/s   wrqm/s  %rrqm  %wrqm r_await w_await aqu-sz rareq-sz wareq-sz  svctm  %util
nvme0n1       10836.00  806.00     42.33     42.16     0.00     0.00   0.00   0.00    0.10    0.58   0.04     4.00    53.56   0.09 100.40

2021년 10월 03일 23시 12분 31초
avg-cpu:  %user   %nice %system %iowait  %steal   %idle
           0.19    0.00    2.71    9.08    0.00   88.02

Device            r/s     w/s     rMB/s     wMB/s   rrqm/s   wrqm/s  %rrqm  %wrqm r_await w_await aqu-sz rareq-sz wareq-sz  svctm  %util
nvme0n1       10908.00  861.00     42.61     42.52     0.00     0.00   0.00   0.00    0.10    0.53   0.02     4.00    50.57   0.08  99.60

2021년 10월 03일 23시 12분 32초
avg-cpu:  %user   %nice %system %iowait  %steal   %idle
           0.06    0.00    2.65    9.04    0.00   88.24

Device            r/s     w/s     rMB/s     wMB/s   rrqm/s   wrqm/s  %rrqm  %wrqm r_await w_await aqu-sz rareq-sz wareq-sz  svctm  %util
nvme0n1       10930.00  822.00     42.70     42.43     0.00     0.00   0.00   0.00    0.10    0.57   0.04     4.00    52.85   0.09 100.40

2021년 10월 03일 23시 12분 33초
avg-cpu:  %user   %nice %system %iowait  %steal   %idle
           0.19    0.00    2.96    8.88    0.00   87.96

Device            r/s     w/s     rMB/s     wMB/s   rrqm/s   wrqm/s  %rrqm  %wrqm r_await w_await aqu-sz rareq-sz wareq-sz  svctm  %util
nvme0n1       11011.00  855.00     43.01     45.00     0.00   543.00   0.00  38.84    0.10    0.55   0.01     4.00    53.89   0.08 100.00

2021년 10월 03일 23시 12분 34초
avg-cpu:  %user   %nice %system %iowait  %steal   %idle
           0.19    0.00    2.90    8.95    0.00   87.96

Device            r/s     w/s     rMB/s     wMB/s   rrqm/s   wrqm/s  %rrqm  %wrqm r_await w_await aqu-sz rareq-sz wareq-sz  svctm  %util
nvme0n1       11519.00  918.00     45.00     44.79     0.00     1.00   0.00   0.11    0.10    0.49   0.02     4.00    49.96   0.08 100.00

2021년 10월 03일 23시 12분 35초
avg-cpu:  %user   %nice %system %iowait  %steal   %idle
           0.13    0.00    2.96    8.89    0.00   88.02

Device            r/s     w/s     rMB/s     wMB/s   rrqm/s   wrqm/s  %rrqm  %wrqm r_await w_await aqu-sz rareq-sz wareq-sz  svctm  %util
nvme0n1       11365.00  918.00     44.39     44.42     0.00     0.00   0.00   0.00    0.10    0.51   0.03     4.00    49.55   0.08 100.00

2021년 10월 03일 23시 12분 36초
avg-cpu:  %user   %nice %system %iowait  %steal   %idle
           0.06    0.00    2.59    9.04    0.00   88.30

Device            r/s     w/s     rMB/s     wMB/s   rrqm/s   wrqm/s  %rrqm  %wrqm r_await w_await aqu-sz rareq-sz wareq-sz  svctm  %util
nvme0n1       10906.00  908.00     42.60     42.59     0.00     0.00   0.00   0.00    0.10    0.52   0.01     4.00    48.04   0.08 100.00

2021년 10월 03일 23시 12분 37초
avg-cpu:  %user   %nice %system %iowait  %steal   %idle
           0.19    0.00    2.53    8.92    0.00   88.35

Device            r/s     w/s     rMB/s     wMB/s   rrqm/s   wrqm/s  %rrqm  %wrqm r_await w_await aqu-sz rareq-sz wareq-sz  svctm  %util
nvme0n1       11249.00  929.00     43.94     43.77     0.00     0.00   0.00   0.00    0.10    0.50   0.02     4.00    48.25   0.08  99.60

2021년 10월 03일 23시 12분 38초
avg-cpu:  %user   %nice %system %iowait  %steal   %idle
           0.19    0.00    2.90    8.95    0.00   87.96

Device            r/s     w/s     rMB/s     wMB/s   rrqm/s   wrqm/s  %rrqm  %wrqm r_await w_await aqu-sz rareq-sz wareq-sz  svctm  %util
nvme0n1       10987.00  895.00     42.92     44.98     0.00   565.00   0.00  38.70    0.10    0.53   0.04     4.00    51.46   0.08  99.60

2021년 10월 03일 23시 12분 39초
avg-cpu:  %user   %nice %system %iowait  %steal   %idle
           0.13    0.00    3.14    8.98    0.00   87.75

Device            r/s     w/s     rMB/s     wMB/s   rrqm/s   wrqm/s  %rrqm  %wrqm r_await w_await aqu-sz rareq-sz wareq-sz  svctm  %util
nvme0n1       11316.00  872.00     44.20     43.84     0.00     0.00   0.00   0.00    0.10    0.52   0.01     4.00    51.48   0.08 100.40

2021년 10월 03일 23시 12분 40초
avg-cpu:  %user   %nice %system %iowait  %steal   %idle
           0.13    0.00    2.65    9.21    0.00   88.01

Device            r/s     w/s     rMB/s     wMB/s   rrqm/s   wrqm/s  %rrqm  %wrqm r_await w_await aqu-sz rareq-sz wareq-sz  svctm  %util
nvme0n1       10700.00 1095.00     41.80     54.02     0.00  2910.00   0.00  72.66    0.10    0.64   0.06     4.00    50.52   0.08 100.00

2021년 10월 03일 23시 12분 41초
avg-cpu:  %user   %nice %system %iowait  %steal   %idle
           0.13    0.00    3.15    8.82    0.00   87.91

Device            r/s     w/s     rMB/s     wMB/s   rrqm/s   wrqm/s  %rrqm  %wrqm r_await w_await aqu-sz rareq-sz wareq-sz  svctm  %util
nvme0n1       11017.00  875.00     43.04     42.80     0.00     0.00   0.00   0.00    0.10    0.52   0.01     4.00    50.09   0.08 100.00

2021년 10월 03일 23시 12분 42초
avg-cpu:  %user   %nice %system %iowait  %steal   %idle
           0.19    0.00    2.41    9.06    0.00   88.35

Device            r/s     w/s     rMB/s     wMB/s   rrqm/s   wrqm/s  %rrqm  %wrqm r_await w_await aqu-sz rareq-sz wareq-sz  svctm  %util
nvme0n1       10831.00  846.00     42.31     42.30     0.00     0.00   0.00   0.00    0.10    0.58   0.04     4.00    51.20   0.09 100.00

2021년 10월 03일 23시 12분 43초
avg-cpu:  %user   %nice %system %iowait  %steal   %idle
           0.19    0.00    2.53    9.10    0.00   88.19

Device            r/s     w/s     rMB/s     wMB/s   rrqm/s   wrqm/s  %rrqm  %wrqm r_await w_await aqu-sz rareq-sz wareq-sz  svctm  %util
nvme0n1       11033.00  869.00     43.10     45.23     0.00   556.00   0.00  39.02    0.10    0.55   0.03     4.00    53.29   0.08 100.00

2021년 10월 03일 23시 12분 44초
avg-cpu:  %user   %nice %system %iowait  %steal   %idle
           0.19    0.00    2.65    9.03    0.00   88.13

Device            r/s     w/s     rMB/s     wMB/s   rrqm/s   wrqm/s  %rrqm  %wrqm r_await w_await aqu-sz rareq-sz wareq-sz  svctm  %util
nvme0n1       10825.00  879.00     42.29     42.18     0.00     0.00   0.00   0.00    0.10    0.53   0.02     4.00    49.13   0.09 100.00

2021년 10월 03일 23시 12분 45초
avg-cpu:  %user   %nice %system %iowait  %steal   %idle
           0.13    0.00    3.02    9.00    0.00   87.85

Device            r/s     w/s     rMB/s     wMB/s   rrqm/s   wrqm/s  %rrqm  %wrqm r_await w_await aqu-sz rareq-sz wareq-sz  svctm  %util
nvme0n1       11257.00  839.00     43.97     43.33     0.00     0.00   0.00   0.00    0.10    0.55   0.05     4.00    52.89   0.08 100.00

2021년 10월 03일 23시 12분 46초
avg-cpu:  %user   %nice %system %iowait  %steal   %idle
           0.13    0.00    2.65    8.91    0.00   88.31

Device            r/s     w/s     rMB/s     wMB/s   rrqm/s   wrqm/s  %rrqm  %wrqm r_await w_await aqu-sz rareq-sz wareq-sz  svctm  %util
nvme0n1       11767.00  878.00     45.96     46.27     0.00     0.00   0.00   0.00    0.10    0.51   0.00     4.00    53.96   0.08 100.00

2021년 10월 03일 23시 12분 47초
avg-cpu:  %user   %nice %system %iowait  %steal   %idle
           0.06    0.00    2.90    8.96    0.00   88.07

Device            r/s     w/s     rMB/s     wMB/s   rrqm/s   wrqm/s  %rrqm  %wrqm r_await w_await aqu-sz rareq-sz wareq-sz  svctm  %util
nvme0n1       11002.00  858.00     42.98     42.84     0.00     0.00   0.00   0.00    0.10    0.52   0.02     4.00    51.13   0.08  99.60

2021년 10월 03일 23시 12분 48초
avg-cpu:  %user   %nice %system %iowait  %steal   %idle
           0.06    0.00    3.02    9.01    0.00   87.90

Device            r/s     w/s     rMB/s     wMB/s   rrqm/s   wrqm/s  %rrqm  %wrqm r_await w_await aqu-sz rareq-sz wareq-sz  svctm  %util
nvme0n1       10416.00  803.00     40.69     42.61     0.00   587.00   0.00  42.23    0.11    0.60   0.03     4.00    54.34   0.09  99.60

2021년 10월 03일 23시 12분 49초
avg-cpu:  %user   %nice %system %iowait  %steal   %idle
           0.13    0.00    2.66    8.98    0.00   88.24

Device            r/s     w/s     rMB/s     wMB/s   rrqm/s   wrqm/s  %rrqm  %wrqm r_await w_await aqu-sz rareq-sz wareq-sz  svctm  %util
nvme0n1       11322.00  879.00     44.23     44.12     0.00     0.00   0.00   0.00    0.10    0.51   0.01     4.00    51.40   0.08 100.00

2021년 10월 03일 23시 12분 50초
avg-cpu:  %user   %nice %system %iowait  %steal   %idle
           0.13    0.00    2.47    9.11    0.00   88.30

Device            r/s     w/s     rMB/s     wMB/s   rrqm/s   wrqm/s  %rrqm  %wrqm r_await w_await aqu-sz rareq-sz wareq-sz  svctm  %util
nvme0n1       10921.00  859.00     42.66     42.62     0.00     0.00   0.00   0.00    0.10    0.55   0.04     4.00    50.80   0.08 100.00

2021년 10월 03일 23시 12분 51초
avg-cpu:  %user   %nice %system %iowait  %steal   %idle
           0.13    0.00    3.15    8.75    0.00   87.97

Device            r/s     w/s     rMB/s     wMB/s   rrqm/s   wrqm/s  %rrqm  %wrqm r_await w_await aqu-sz rareq-sz wareq-sz  svctm  %util
nvme0n1       11108.00  905.00     43.39     43.16     0.00     0.00   0.00   0.00    0.10    0.52   0.02     4.00    48.84   0.08 100.00

2021년 10월 03일 23시 12분 52초
avg-cpu:  %user   %nice %system %iowait  %steal   %idle
           0.06    0.00    3.77    8.42    0.00   87.74

Device            r/s     w/s     rMB/s     wMB/s   rrqm/s   wrqm/s  %rrqm  %wrqm r_await w_await aqu-sz rareq-sz wareq-sz  svctm  %util
nvme0n1       11256.00  849.00     43.97     44.00     0.00     0.00   0.00   0.00    0.10    0.50   0.02     4.00    53.06   0.08 100.00

2021년 10월 03일 23시 12분 53초
avg-cpu:  %user   %nice %system %iowait  %steal   %idle
           0.06    0.00    3.15    8.94    0.00   87.85

Device            r/s     w/s     rMB/s     wMB/s   rrqm/s   wrqm/s  %rrqm  %wrqm r_await w_await aqu-sz rareq-sz wareq-sz  svctm  %util
nvme0n1       10544.00  841.00     41.19     43.16     0.00   601.00   0.00  41.68    0.10    0.58   0.06     4.00    52.55   0.09  99.60

2021년 10월 03일 23시 12분 54초
avg-cpu:  %user   %nice %system %iowait  %steal   %idle
           0.13    0.00    2.28    9.13    0.00   88.47

Device            r/s     w/s     rMB/s     wMB/s   rrqm/s   wrqm/s  %rrqm  %wrqm r_await w_await aqu-sz rareq-sz wareq-sz  svctm  %util
nvme0n1       10663.00  881.00     41.65     41.62     0.00     0.00   0.00   0.00    0.10    0.54   0.01     4.00    48.38   0.09 100.00

2021년 10월 03일 23시 12분 55초
avg-cpu:  %user   %nice %system %iowait  %steal   %idle
           0.25    0.00    2.59    8.97    0.00   88.19

Device            r/s     w/s     rMB/s     wMB/s   rrqm/s   wrqm/s  %rrqm  %wrqm r_await w_await aqu-sz rareq-sz wareq-sz  svctm  %util
nvme0n1       11045.00  837.00     43.14     42.58     0.00     0.00   0.00   0.00    0.10    0.55   0.04     4.00    52.10   0.08 100.00

2021년 10월 03일 23시 12분 56초
avg-cpu:  %user   %nice %system %iowait  %steal   %idle
           0.06    0.00    2.84    8.97    0.00   88.12

Device            r/s     w/s     rMB/s     wMB/s   rrqm/s   wrqm/s  %rrqm  %wrqm r_await w_await aqu-sz rareq-sz wareq-sz  svctm  %util
nvme0n1       11073.00  850.00     43.25     43.62     0.00     0.00   0.00   0.00    0.10    0.53   0.00     4.00    52.55   0.08 100.00

2021년 10월 03일 23시 12분 57초
avg-cpu:  %user   %nice %system %iowait  %steal   %idle
           0.19    0.00    2.65    8.97    0.00   88.19

Device            r/s     w/s     rMB/s     wMB/s   rrqm/s   wrqm/s  %rrqm  %wrqm r_await w_await aqu-sz rareq-sz wareq-sz  svctm  %util
nvme0n1       11295.00  913.00     44.12     43.98     0.00     0.00   0.00   0.00    0.10    0.50   0.02     4.00    49.33   0.08 100.00

2021년 10월 03일 23시 12분 58초
avg-cpu:  %user   %nice %system %iowait  %steal   %idle
           0.19    0.00    2.83    9.13    0.00   87.85

Device            r/s     w/s     rMB/s     wMB/s   rrqm/s   wrqm/s  %rrqm  %wrqm r_await w_await aqu-sz rareq-sz wareq-sz  svctm  %util
nvme0n1       10531.00  881.00     41.14     43.18     0.00   557.00   0.00  38.73    0.11    0.54   0.05     4.00    50.18   0.09  99.60

2021년 10월 03일 23시 12분 59초
avg-cpu:  %user   %nice %system %iowait  %steal   %idle
           0.13    0.00    2.65    8.91    0.00   88.31

Device            r/s     w/s     rMB/s     wMB/s   rrqm/s   wrqm/s  %rrqm  %wrqm r_await w_await aqu-sz rareq-sz wareq-sz  svctm  %util
nvme0n1       11144.00  892.00     43.53     43.14     0.00     0.00   0.00   0.00    0.10    0.52   0.01     4.00    49.52   0.08 100.00

2021년 10월 03일 23시 13분 00초
avg-cpu:  %user   %nice %system %iowait  %steal   %idle
           0.19    0.00    2.72    8.85    0.00   88.24

Device            r/s     w/s     rMB/s     wMB/s   rrqm/s   wrqm/s  %rrqm  %wrqm r_await w_await aqu-sz rareq-sz wareq-sz  svctm  %util
nvme0n1       11340.00  880.00     44.30     44.02     0.00     0.00   0.00   0.00    0.10    0.49   0.03     4.00    51.22   0.08 100.00

2021년 10월 03일 23시 13분 01초
avg-cpu:  %user   %nice %system %iowait  %steal   %idle
           0.19    0.00    3.09    8.88    0.00   87.85

Device            r/s     w/s     rMB/s     wMB/s   rrqm/s   wrqm/s  %rrqm  %wrqm r_await w_await aqu-sz rareq-sz wareq-sz  svctm  %util
nvme0n1       10843.00  828.00     42.36     42.49     0.00     0.00   0.00   0.00    0.10    0.54   0.03     4.00    52.55   0.09 100.00

2021년 10월 03일 23시 13분 02초
avg-cpu:  %user   %nice %system %iowait  %steal   %idle
           0.06    0.00    3.40    8.63    0.00   87.91

Device            r/s     w/s     rMB/s     wMB/s   rrqm/s   wrqm/s  %rrqm  %wrqm r_await w_await aqu-sz rareq-sz wareq-sz  svctm  %util
nvme0n1       10859.00  885.00     42.42     42.28     0.00     0.00   0.00   0.00    0.10    0.51   0.01     4.00    48.92   0.09 100.00

2021년 10월 03일 23시 13분 03초
avg-cpu:  %user   %nice %system %iowait  %steal   %idle
           0.19    0.00    3.03    8.76    0.00   88.02

Device            r/s     w/s     rMB/s     wMB/s   rrqm/s   wrqm/s  %rrqm  %wrqm r_await w_await aqu-sz rareq-sz wareq-sz  svctm  %util
nvme0n1       10467.00  918.00     40.89     42.93     0.00   552.00   0.00  37.55    0.10    0.52   0.06     4.00    47.89   0.09 100.00

2021년 10월 03일 23시 13분 04초
avg-cpu:  %user   %nice %system %iowait  %steal   %idle
           0.13    0.00    2.53    9.22    0.00   88.13

Device            r/s     w/s     rMB/s     wMB/s   rrqm/s   wrqm/s  %rrqm  %wrqm r_await w_await aqu-sz rareq-sz wareq-sz  svctm  %util
nvme0n1       10675.00  965.00     41.70     41.54     0.00     0.00   0.00   0.00    0.11    0.49   0.02     4.00    44.07   0.09 100.00

2021년 10월 03일 23시 13분 05초
avg-cpu:  %user   %nice %system %iowait  %steal   %idle
           0.13    0.00    2.60    8.81    0.00   88.46

Device            r/s     w/s     rMB/s     wMB/s   rrqm/s   wrqm/s  %rrqm  %wrqm r_await w_await aqu-sz rareq-sz wareq-sz  svctm  %util
nvme0n1       11409.00  973.00     44.57     44.26     0.00     0.00   0.00   0.00    0.10    0.46   0.01     4.00    46.58   0.08  99.60

2021년 10월 03일 23시 13분 06초
avg-cpu:  %user   %nice %system %iowait  %steal   %idle
           0.13    0.00    3.15    8.64    0.00   88.08

Device            r/s     w/s     rMB/s     wMB/s   rrqm/s   wrqm/s  %rrqm  %wrqm r_await w_await aqu-sz rareq-sz wareq-sz  svctm  %util
nvme0n1       10485.00  934.00     40.96     40.91     0.00     0.00   0.00   0.00    0.10    0.50   0.03     4.00    44.86   0.09 100.00

2021년 10월 03일 23시 13분 07초
avg-cpu:  %user   %nice %system %iowait  %steal   %idle
           0.13    0.00    1.88    5.14    0.00   92.85

Device            r/s     w/s     rMB/s     wMB/s   rrqm/s   wrqm/s  %rrqm  %wrqm r_await w_await aqu-sz rareq-sz wareq-sz  svctm  %util
nvme0n1       6256.00  527.00     24.44     24.54     0.00     0.00   0.00   0.00    0.10    0.51   0.01     4.00    47.68   0.08  57.60

2021년 10월 03일 23시 13분 08초
avg-cpu:  %user   %nice %system %iowait  %steal   %idle
           0.00    0.00    0.13    0.00    0.00   99.87

Device            r/s     w/s     rMB/s     wMB/s   rrqm/s   wrqm/s  %rrqm  %wrqm r_await w_await aqu-sz rareq-sz wareq-sz  svctm  %util
nvme0n1          0.00    0.00      0.00      0.00     0.00     0.00   0.00   0.00    0.00    0.00   0.00     0.00     0.00   0.00   0.00

2021년 10월 03일 23시 13분 09초
avg-cpu:  %user   %nice %system %iowait  %steal   %idle
           0.06    0.00    0.19    0.06    0.00   99.69

Device            r/s     w/s     rMB/s     wMB/s   rrqm/s   wrqm/s  %rrqm  %wrqm r_await w_await aqu-sz rareq-sz wareq-sz  svctm  %util
nvme0n1          0.00    4.00      0.00      1.42     0.00   359.00   0.00  98.90    0.00    1.50   0.00     0.00   363.00   2.00   0.80

2021년 10월 03일 23시 13분 10초
avg-cpu:  %user   %nice %system %iowait  %steal   %idle
           0.13    0.00    0.06    0.00    0.00   99.81

Device            r/s     w/s     rMB/s     wMB/s   rrqm/s   wrqm/s  %rrqm  %wrqm r_await w_await aqu-sz rareq-sz wareq-sz  svctm  %util
nvme0n1          0.00    0.00      0.00      0.00     0.00     0.00   0.00   0.00    0.00    0.00   0.00     0.00     0.00   0.00   0.00

