Linux 5.5.8test (syslab-desk) 	2021년 10월 04일 	_x86_64_	(16 CPU)

2021년 10월 04일 00시 31분 46초
avg-cpu:  %user   %nice %system %iowait  %steal   %idle
           0.94    0.00    2.51    4.64    0.00   91.91

Device            r/s     w/s     rMB/s     wMB/s   rrqm/s   wrqm/s  %rrqm  %wrqm r_await w_await aqu-sz rareq-sz wareq-sz  svctm  %util
nvme0n1        187.24 2663.09      0.74    137.03     1.31  1525.82   0.69  36.43    0.17    8.23  17.36     4.04    52.69   0.03   9.50

2021년 10월 04일 00시 31분 47초
avg-cpu:  %user   %nice %system %iowait  %steal   %idle
           0.06    0.00    0.06    0.00    0.00   99.88

Device            r/s     w/s     rMB/s     wMB/s   rrqm/s   wrqm/s  %rrqm  %wrqm r_await w_await aqu-sz rareq-sz wareq-sz  svctm  %util
nvme0n1          0.00    0.00      0.00      0.00     0.00     0.00   0.00   0.00    0.00    0.00   0.00     0.00     0.00   0.00   0.00

2021년 10월 04일 00시 31분 48초
avg-cpu:  %user   %nice %system %iowait  %steal   %idle
           0.12    0.00    0.06    0.00    0.00   99.81

Device            r/s     w/s     rMB/s     wMB/s   rrqm/s   wrqm/s  %rrqm  %wrqm r_await w_await aqu-sz rareq-sz wareq-sz  svctm  %util
nvme0n1          0.00    0.00      0.00      0.00     0.00     0.00   0.00   0.00    0.00    0.00   0.00     0.00     0.00   0.00   0.00

2021년 10월 04일 00시 31분 49초
avg-cpu:  %user   %nice %system %iowait  %steal   %idle
           0.19    0.00    2.12    1.50    0.00   96.19

Device            r/s     w/s     rMB/s     wMB/s   rrqm/s   wrqm/s  %rrqm  %wrqm r_await w_await aqu-sz rareq-sz wareq-sz  svctm  %util
nvme0n1       3260.00    1.00     27.84      0.00  3867.00     0.00  54.26   0.00    0.08   14.00   0.01     8.74     0.00   0.16  53.60

2021년 10월 04일 00시 31분 50초
avg-cpu:  %user   %nice %system %iowait  %steal   %idle
           0.64    0.00    6.70   49.68    0.00   42.98

Device            r/s     w/s     rMB/s     wMB/s   rrqm/s   wrqm/s  %rrqm  %wrqm r_await w_await aqu-sz rareq-sz wareq-sz  svctm  %util
nvme0n1       17084.00 1491.00     75.59     57.84  2264.00   324.00  11.70  17.85    0.41    0.86   0.29     4.53    39.72   0.05  91.60

2021년 10월 04일 00시 31분 51초
avg-cpu:  %user   %nice %system %iowait  %steal   %idle
           0.52    0.00    9.78   88.85    0.00    0.85

Device            r/s     w/s     rMB/s     wMB/s   rrqm/s   wrqm/s  %rrqm  %wrqm r_await w_await aqu-sz rareq-sz wareq-sz  svctm  %util
nvme0n1       27351.00 2663.00    106.84    106.32     0.00     0.00   0.00   0.00    0.45    0.83   0.54     4.00    40.88   0.03 100.00

2021년 10월 04일 00시 31분 52초
avg-cpu:  %user   %nice %system %iowait  %steal   %idle
           0.33    0.00    8.47   90.67    0.00    0.53

Device            r/s     w/s     rMB/s     wMB/s   rrqm/s   wrqm/s  %rrqm  %wrqm r_await w_await aqu-sz rareq-sz wareq-sz  svctm  %util
nvme0n1       26664.00 2519.00    104.16    102.86     0.00     0.00   0.00   0.00    0.46    0.88   0.84     4.00    41.81   0.03  99.60

2021년 10월 04일 00시 31분 53초
avg-cpu:  %user   %nice %system %iowait  %steal   %idle
           0.51    0.00   11.26   87.78    0.00    0.45

Device            r/s     w/s     rMB/s     wMB/s   rrqm/s   wrqm/s  %rrqm  %wrqm r_await w_await aqu-sz rareq-sz wareq-sz  svctm  %util
nvme0n1       26655.00 2417.00    104.12    104.01     0.00     0.00   0.00   0.00    0.46    0.90   0.70     4.00    44.06   0.03 100.00

2021년 10월 04일 00시 31분 54초
avg-cpu:  %user   %nice %system %iowait  %steal   %idle
           0.39    0.00    9.80   89.61    0.00    0.20

Device            r/s     w/s     rMB/s     wMB/s   rrqm/s   wrqm/s  %rrqm  %wrqm r_await w_await aqu-sz rareq-sz wareq-sz  svctm  %util
nvme0n1       29053.00 2353.00    113.49    113.57     0.00     0.00   0.00   0.00    0.42    0.86   0.40     4.00    49.43   0.03 100.00

2021년 10월 04일 00시 31분 55초
avg-cpu:  %user   %nice %system %iowait  %steal   %idle
           0.32    0.00   11.29   84.73    0.00    3.66

Device            r/s     w/s     rMB/s     wMB/s   rrqm/s   wrqm/s  %rrqm  %wrqm r_await w_await aqu-sz rareq-sz wareq-sz  svctm  %util
nvme0n1       26681.00 2236.00    104.23    109.37     0.00  1720.00   0.00  43.48    0.45    0.94   0.64     4.00    50.09   0.03  98.40

2021년 10월 04일 00시 31분 56초
avg-cpu:  %user   %nice %system %iowait  %steal   %idle
           0.33    0.00    7.95   91.26    0.00    0.46

Device            r/s     w/s     rMB/s     wMB/s   rrqm/s   wrqm/s  %rrqm  %wrqm r_await w_await aqu-sz rareq-sz wareq-sz  svctm  %util
nvme0n1       27416.00 2314.00    107.09    106.59     0.00     0.00   0.00   0.00    0.45    0.89   0.71     4.00    47.17   0.03 100.00

2021년 10월 04일 00시 31분 57초
avg-cpu:  %user   %nice %system %iowait  %steal   %idle
           0.40    0.00    8.34   90.80    0.00    0.46

Device            r/s     w/s     rMB/s     wMB/s   rrqm/s   wrqm/s  %rrqm  %wrqm r_await w_await aqu-sz rareq-sz wareq-sz  svctm  %util
nvme0n1       28577.00 2402.00    111.63    111.72     0.00     0.00   0.00   0.00    0.43    0.88   0.48     4.00    47.63   0.03 100.00

2021년 10월 04일 00시 31분 58초
avg-cpu:  %user   %nice %system %iowait  %steal   %idle
           0.19    0.00   11.96   87.33    0.00    0.51

Device            r/s     w/s     rMB/s     wMB/s   rrqm/s   wrqm/s  %rrqm  %wrqm r_await w_await aqu-sz rareq-sz wareq-sz  svctm  %util
nvme0n1       28478.00 2422.00    111.24    110.66     0.00     0.00   0.00   0.00    0.43    0.87   0.50     4.00    46.79   0.03 100.00

2021년 10월 04일 00시 31분 59초
avg-cpu:  %user   %nice %system %iowait  %steal   %idle
           0.39    0.00   11.05   88.24    0.00    0.32

Device            r/s     w/s     rMB/s     wMB/s   rrqm/s   wrqm/s  %rrqm  %wrqm r_await w_await aqu-sz rareq-sz wareq-sz  svctm  %util
nvme0n1       27535.00 2453.00    107.56    107.11     0.00     0.00   0.00   0.00    0.44    0.86   0.51     4.00    44.71   0.03 100.40

2021년 10월 04일 00시 32분 00초
avg-cpu:  %user   %nice %system %iowait  %steal   %idle
           0.46    0.00    8.10   87.88    0.00    3.56

Device            r/s     w/s     rMB/s     wMB/s   rrqm/s   wrqm/s  %rrqm  %wrqm r_await w_await aqu-sz rareq-sz wareq-sz  svctm  %util
nvme0n1       25295.00 2562.00     98.81    104.96     0.00  1750.00   0.00  40.58    0.47    0.85   0.52     4.00    41.95   0.04  97.60

2021년 10월 04일 00시 32분 01초
avg-cpu:  %user   %nice %system %iowait  %steal   %idle
           0.32    0.00   10.17   88.85    0.00    0.65

Device            r/s     w/s     rMB/s     wMB/s   rrqm/s   wrqm/s  %rrqm  %wrqm r_await w_await aqu-sz rareq-sz wareq-sz  svctm  %util
nvme0n1       26164.00 2629.00    102.20    101.81     0.00     0.00   0.00   0.00    0.47    0.86   0.79     4.00    39.65   0.03 100.00

2021년 10월 04일 00시 32분 02초
avg-cpu:  %user   %nice %system %iowait  %steal   %idle
           0.39    0.00    9.75   89.21    0.00    0.65

Device            r/s     w/s     rMB/s     wMB/s   rrqm/s   wrqm/s  %rrqm  %wrqm r_await w_await aqu-sz rareq-sz wareq-sz  svctm  %util
nvme0n1       27371.00 2673.00    106.92    105.84     0.00     0.00   0.00   0.00    0.45    0.83   0.65     4.00    40.55   0.03 100.00

2021년 10월 04일 00시 32분 03초
avg-cpu:  %user   %nice %system %iowait  %steal   %idle
           0.26    0.00   10.36   89.06    0.00    0.32

Device            r/s     w/s     rMB/s     wMB/s   rrqm/s   wrqm/s  %rrqm  %wrqm r_await w_await aqu-sz rareq-sz wareq-sz  svctm  %util
nvme0n1       26146.00 2593.00    102.13    102.35     0.00     0.00   0.00   0.00    0.47    0.87   0.60     4.00    40.42   0.03 100.00

2021년 10월 04일 00시 32분 04초
avg-cpu:  %user   %nice %system %iowait  %steal   %idle
           0.46    0.00    9.55   89.54    0.00    0.46

Device            r/s     w/s     rMB/s     wMB/s   rrqm/s   wrqm/s  %rrqm  %wrqm r_await w_await aqu-sz rareq-sz wareq-sz  svctm  %util
nvme0n1       28116.00 2335.00    109.83    106.88     0.00     1.00   0.00   0.04    0.44    0.89   0.94     4.00    46.87   0.03 100.00

2021년 10월 04일 00시 32분 05초
avg-cpu:  %user   %nice %system %iowait  %steal   %idle
           0.26    0.00   10.36   86.27    0.00    3.11

Device            r/s     w/s     rMB/s     wMB/s   rrqm/s   wrqm/s  %rrqm  %wrqm r_await w_await aqu-sz rareq-sz wareq-sz  svctm  %util
nvme0n1       27970.00 2154.00    109.26    116.46     0.00  1628.00   0.00  43.05    0.43    0.94   0.56     4.00    55.36   0.03  98.00

2021년 10월 04일 00시 32분 06초
avg-cpu:  %user   %nice %system %iowait  %steal   %idle
           0.26    0.00    9.61   89.67    0.00    0.46

Device            r/s     w/s     rMB/s     wMB/s   rrqm/s   wrqm/s  %rrqm  %wrqm r_await w_await aqu-sz rareq-sz wareq-sz  svctm  %util
nvme0n1       28241.00 2288.00    110.32    109.61     0.00     0.00   0.00   0.00    0.44    0.89   0.51     4.00    49.06   0.03 100.00

2021년 10월 04일 00시 32분 07초
avg-cpu:  %user   %nice %system %iowait  %steal   %idle
           0.46    0.00   10.29   88.87    0.00    0.39

Device            r/s     w/s     rMB/s     wMB/s   rrqm/s   wrqm/s  %rrqm  %wrqm r_await w_await aqu-sz rareq-sz wareq-sz  svctm  %util
nvme0n1       30367.00 2324.00    118.62    118.49     0.00     1.00   0.00   0.04    0.41    0.85   0.68     4.00    52.21   0.03 100.00

2021년 10월 04일 00시 32분 08초
avg-cpu:  %user   %nice %system %iowait  %steal   %idle
           0.39    0.00    9.38   89.76    0.00    0.46

Device            r/s     w/s     rMB/s     wMB/s   rrqm/s   wrqm/s  %rrqm  %wrqm r_await w_await aqu-sz rareq-sz wareq-sz  svctm  %util
nvme0n1       28387.00 2410.00    110.89    111.60     0.00     0.00   0.00   0.00    0.43    0.89   0.58     4.00    47.42   0.03 100.00

2021년 10월 04일 00시 32분 09초
avg-cpu:  %user   %nice %system %iowait  %steal   %idle
           0.33    0.00   10.46   88.69    0.00    0.52

Device            r/s     w/s     rMB/s     wMB/s   rrqm/s   wrqm/s  %rrqm  %wrqm r_await w_await aqu-sz rareq-sz wareq-sz  svctm  %util
nvme0n1       29070.00 2318.00    113.55    112.50     0.00     0.00   0.00   0.00    0.42    0.89   0.65     4.00    49.70   0.03 100.00

2021년 10월 04일 00시 32분 10초
avg-cpu:  %user   %nice %system %iowait  %steal   %idle
           0.26    0.00   10.01   86.41    0.00    3.32

Device            r/s     w/s     rMB/s     wMB/s   rrqm/s   wrqm/s  %rrqm  %wrqm r_await w_await aqu-sz rareq-sz wareq-sz  svctm  %util
nvme0n1       28673.00 2195.00    112.00    117.25     0.00  1597.00   0.00  42.11    0.42    0.92   0.70     4.00    54.70   0.03  97.60

2021년 10월 04일 00시 32분 11초
avg-cpu:  %user   %nice %system %iowait  %steal   %idle
           0.46    0.00    9.77   89.38    0.00    0.39

Device            r/s     w/s     rMB/s     wMB/s   rrqm/s   wrqm/s  %rrqm  %wrqm r_await w_await aqu-sz rareq-sz wareq-sz  svctm  %util
nvme0n1       29059.00 2242.00    113.51    112.27     0.00     1.00   0.00   0.04    0.43    0.92   0.78     4.00    51.28   0.03 100.00

2021년 10월 04일 00시 32분 12초
avg-cpu:  %user   %nice %system %iowait  %steal   %idle
           0.46    0.00    9.40   89.88    0.00    0.26

Device            r/s     w/s     rMB/s     wMB/s   rrqm/s   wrqm/s  %rrqm  %wrqm r_await w_await aqu-sz rareq-sz wareq-sz  svctm  %util
nvme0n1       28719.00 2321.00    112.18    112.97     0.00     0.00   0.00   0.00    0.43    0.88   0.51     4.00    49.84   0.03  99.60

2021년 10월 04일 00시 32분 13초
avg-cpu:  %user   %nice %system %iowait  %steal   %idle
           0.13    0.00   11.29   88.06    0.00    0.52

Device            r/s     w/s     rMB/s     wMB/s   rrqm/s   wrqm/s  %rrqm  %wrqm r_await w_await aqu-sz rareq-sz wareq-sz  svctm  %util
nvme0n1       30165.00 2307.00    117.83    117.68     0.00     0.00   0.00   0.00    0.41    0.88   0.69     4.00    52.24   0.03 100.00

2021년 10월 04일 00시 32분 14초
avg-cpu:  %user   %nice %system %iowait  %steal   %idle
           0.39    0.00   11.44   87.72    0.00    0.45

Device            r/s     w/s     rMB/s     wMB/s   rrqm/s   wrqm/s  %rrqm  %wrqm r_await w_await aqu-sz rareq-sz wareq-sz  svctm  %util
nvme0n1       27833.00 2243.00    108.72    108.00     0.00     0.00   0.00   0.00    0.44    0.91   0.69     4.00    49.31   0.03 100.00

2021년 10월 04일 00시 32분 15초
avg-cpu:  %user   %nice %system %iowait  %steal   %idle
           0.40    0.00    7.68   88.28    0.00    3.64

Device            r/s     w/s     rMB/s     wMB/s   rrqm/s   wrqm/s  %rrqm  %wrqm r_await w_await aqu-sz rareq-sz wareq-sz  svctm  %util
nvme0n1       26351.00 2379.00    102.93    108.26     0.00  1655.00   0.00  41.03    0.45    0.94   0.65     4.00    46.60   0.03  98.40

2021년 10월 04일 00시 32분 16초
avg-cpu:  %user   %nice %system %iowait  %steal   %idle
           0.39    0.00    9.77   89.45    0.00    0.39

Device            r/s     w/s     rMB/s     wMB/s   rrqm/s   wrqm/s  %rrqm  %wrqm r_await w_await aqu-sz rareq-sz wareq-sz  svctm  %util
nvme0n1       27856.00 2349.00    108.81    107.14     0.00     0.00   0.00   0.00    0.44    0.91   0.58     4.00    46.71   0.03 100.00

2021년 10월 04일 00시 32분 17초
avg-cpu:  %user   %nice %system %iowait  %steal   %idle
           0.39    0.00   10.08   89.07    0.00    0.46

Device            r/s     w/s     rMB/s     wMB/s   rrqm/s   wrqm/s  %rrqm  %wrqm r_await w_await aqu-sz rareq-sz wareq-sz  svctm  %util
nvme0n1       27050.00 2504.00    105.66    105.75     0.00     0.00   0.00   0.00    0.45    0.89   0.62     4.00    43.24   0.03 100.00

2021년 10월 04일 00시 32분 18초
avg-cpu:  %user   %nice %system %iowait  %steal   %idle
           0.32    0.00   10.38   88.98    0.00    0.32

Device            r/s     w/s     rMB/s     wMB/s   rrqm/s   wrqm/s  %rrqm  %wrqm r_await w_await aqu-sz rareq-sz wareq-sz  svctm  %util
nvme0n1       26644.00 2383.00    104.08    104.83     0.00     0.00   0.00   0.00    0.46    0.88   0.56     4.00    45.05   0.03 100.00

2021년 10월 04일 00시 32분 19초
avg-cpu:  %user   %nice %system %iowait  %steal   %idle
           0.32    0.00   10.85   88.38    0.00    0.45

Device            r/s     w/s     rMB/s     wMB/s   rrqm/s   wrqm/s  %rrqm  %wrqm r_await w_await aqu-sz rareq-sz wareq-sz  svctm  %util
nvme0n1       26485.00 2509.00    103.46    102.17     0.00     0.00   0.00   0.00    0.46    0.91   0.50     4.00    41.70   0.03  99.60

2021년 10월 04일 00시 32분 20초
avg-cpu:  %user   %nice %system %iowait  %steal   %idle
           0.39    0.00   10.30   86.33    0.00    2.98

Device            r/s     w/s     rMB/s     wMB/s   rrqm/s   wrqm/s  %rrqm  %wrqm r_await w_await aqu-sz rareq-sz wareq-sz  svctm  %util
nvme0n1       27487.00 2265.00    107.37    112.46     0.00  1724.00   0.00  43.22    0.44    0.88   0.64     4.00    50.84   0.03  98.00

2021년 10월 04일 00시 32분 21초
avg-cpu:  %user   %nice %system %iowait  %steal   %idle
           0.19    0.00   10.14   89.15    0.00    0.52

Device            r/s     w/s     rMB/s     wMB/s   rrqm/s   wrqm/s  %rrqm  %wrqm r_await w_await aqu-sz rareq-sz wareq-sz  svctm  %util
nvme0n1       28463.00 2219.00    111.19    110.18     0.00     0.00   0.00   0.00    0.43    0.95   0.64     4.00    50.85   0.03 100.00

2021년 10월 04일 00시 32분 22초
avg-cpu:  %user   %nice %system %iowait  %steal   %idle
           0.46    0.00    9.59   89.63    0.00    0.33

Device            r/s     w/s     rMB/s     wMB/s   rrqm/s   wrqm/s  %rrqm  %wrqm r_await w_await aqu-sz rareq-sz wareq-sz  svctm  %util
nvme0n1       29465.00 2315.00    115.09    115.79     0.00     1.00   0.00   0.04    0.42    0.86   0.59     4.00    51.22   0.03 100.00

2021년 10월 04일 00시 32분 23초
avg-cpu:  %user   %nice %system %iowait  %steal   %idle
           0.26    0.00   10.10   89.25    0.00    0.39

Device            r/s     w/s     rMB/s     wMB/s   rrqm/s   wrqm/s  %rrqm  %wrqm r_await w_await aqu-sz rareq-sz wareq-sz  svctm  %util
nvme0n1       29450.00 2299.00    115.04    114.52     0.00     0.00   0.00   0.00    0.42    0.88   0.46     4.00    51.01   0.03  99.60

2021년 10월 04일 00시 32분 24초
avg-cpu:  %user   %nice %system %iowait  %steal   %idle
           0.39    0.00   11.87   86.97    0.00    0.77

Device            r/s     w/s     rMB/s     wMB/s   rrqm/s   wrqm/s  %rrqm  %wrqm r_await w_await aqu-sz rareq-sz wareq-sz  svctm  %util
nvme0n1       28288.00 2303.00    110.50    110.84     0.00     0.00   0.00   0.00    0.43    0.92   0.69     4.00    49.28   0.03 100.00

2021년 10월 04일 00시 32분 25초
avg-cpu:  %user   %nice %system %iowait  %steal   %idle
           0.26    0.00   11.09   85.32    0.00    3.33

Device            r/s     w/s     rMB/s     wMB/s   rrqm/s   wrqm/s  %rrqm  %wrqm r_await w_await aqu-sz rareq-sz wareq-sz  svctm  %util
nvme0n1       26707.00 2548.00    104.32    135.92     0.00  8204.00   0.00  76.30    0.45    1.32   1.20     4.00    54.62   0.03  97.60

2021년 10월 04일 00시 32분 26초
avg-cpu:  %user   %nice %system %iowait  %steal   %idle
           0.33    0.00    9.46   89.75    0.00    0.46

Device            r/s     w/s     rMB/s     wMB/s   rrqm/s   wrqm/s  %rrqm  %wrqm r_await w_await aqu-sz rareq-sz wareq-sz  svctm  %util
nvme0n1       27901.00 2336.00    108.99    108.29     0.00     0.00   0.00   0.00    0.44    0.92   0.91     4.00    47.47   0.03 100.00

2021년 10월 04일 00시 32분 27초
avg-cpu:  %user   %nice %system %iowait  %steal   %idle
           0.20    0.00   10.88   88.47    0.00    0.46

Device            r/s     w/s     rMB/s     wMB/s   rrqm/s   wrqm/s  %rrqm  %wrqm r_await w_await aqu-sz rareq-sz wareq-sz  svctm  %util
nvme0n1       28809.00 2367.00    112.54    111.99     0.00     0.00   0.00   0.00    0.43    0.87   0.43     4.00    48.45   0.03 100.00

2021년 10월 04일 00시 32분 28초
avg-cpu:  %user   %nice %system %iowait  %steal   %idle
           0.26    0.00    9.17   90.36    0.00    0.20

Device            r/s     w/s     rMB/s     wMB/s   rrqm/s   wrqm/s  %rrqm  %wrqm r_await w_await aqu-sz rareq-sz wareq-sz  svctm  %util
nvme0n1       28061.00 2343.00    109.61    110.18     0.00     0.00   0.00   0.00    0.44    0.89   0.76     4.00    48.15   0.03  99.60

2021년 10월 04일 00시 32분 29초
avg-cpu:  %user   %nice %system %iowait  %steal   %idle
           0.39    0.00   11.50   87.86    0.00    0.26

Device            r/s     w/s     rMB/s     wMB/s   rrqm/s   wrqm/s  %rrqm  %wrqm r_await w_await aqu-sz rareq-sz wareq-sz  svctm  %util
nvme0n1       29191.00 2329.00    114.03    113.23     0.00     0.00   0.00   0.00    0.42    0.88   0.67     4.00    49.79   0.03 101.60

2021년 10월 04일 00시 32분 30초
avg-cpu:  %user   %nice %system %iowait  %steal   %idle
           0.32    0.00    9.94   86.22    0.00    3.51

Device            r/s     w/s     rMB/s     wMB/s   rrqm/s   wrqm/s  %rrqm  %wrqm r_await w_await aqu-sz rareq-sz wareq-sz  svctm  %util
nvme0n1       26872.00 2308.00    104.97    110.65     0.00  1807.00   0.00  43.91    0.44    0.91   0.79     4.00    49.09   0.03  97.60

2021년 10월 04일 00시 32분 31초
avg-cpu:  %user   %nice %system %iowait  %steal   %idle
           0.39    0.00   10.66   88.50    0.00    0.45

Device            r/s     w/s     rMB/s     wMB/s   rrqm/s   wrqm/s  %rrqm  %wrqm r_await w_await aqu-sz rareq-sz wareq-sz  svctm  %util
nvme0n1       29363.00 2412.00    114.70    113.98     0.00     0.00   0.00   0.00    0.42    0.85   0.55     4.00    48.39   0.03 100.00

2021년 10월 04일 00시 32분 32초
avg-cpu:  %user   %nice %system %iowait  %steal   %idle
           0.32    0.00   10.69   88.53    0.00    0.45

Device            r/s     w/s     rMB/s     wMB/s   rrqm/s   wrqm/s  %rrqm  %wrqm r_await w_await aqu-sz rareq-sz wareq-sz  svctm  %util
nvme0n1       28927.00 2298.00    113.00    113.24     0.00     0.00   0.00   0.00    0.43    0.88   0.66     4.00    50.46   0.03 100.00

2021년 10월 04일 00시 32분 33초
avg-cpu:  %user   %nice %system %iowait  %steal   %idle
           0.32    0.00   11.70   87.40    0.00    0.58

Device            r/s     w/s     rMB/s     wMB/s   rrqm/s   wrqm/s  %rrqm  %wrqm r_await w_await aqu-sz rareq-sz wareq-sz  svctm  %util
nvme0n1       29744.00 2406.00    116.19    115.88     0.00     0.00   0.00   0.00    0.41    0.89   0.52     4.00    49.32   0.03 100.00

2021년 10월 04일 00시 32분 34초
avg-cpu:  %user   %nice %system %iowait  %steal   %idle
           0.32    0.00   11.18   88.12    0.00    0.39

Device            r/s     w/s     rMB/s     wMB/s   rrqm/s   wrqm/s  %rrqm  %wrqm r_await w_await aqu-sz rareq-sz wareq-sz  svctm  %util
nvme0n1       27665.00 2264.00    108.07    107.58     0.00     0.00   0.00   0.00    0.44    0.93   0.64     4.00    48.66   0.03 100.40

2021년 10월 04일 00시 32분 35초
avg-cpu:  %user   %nice %system %iowait  %steal   %idle
           0.19    0.00   11.02   84.11    0.00    4.67

Device            r/s     w/s     rMB/s     wMB/s   rrqm/s   wrqm/s  %rrqm  %wrqm r_await w_await aqu-sz rareq-sz wareq-sz  svctm  %util
nvme0n1       26714.00 2303.00    104.35    109.71     0.00  1730.00   0.00  42.90    0.45    0.90   0.75     4.00    48.78   0.03  97.60

2021년 10월 04일 00시 32분 36초
avg-cpu:  %user   %nice %system %iowait  %steal   %idle
           0.45    0.00   10.99   88.30    0.00    0.26

Device            r/s     w/s     rMB/s     wMB/s   rrqm/s   wrqm/s  %rrqm  %wrqm r_await w_await aqu-sz rareq-sz wareq-sz  svctm  %util
nvme0n1       27975.00 2261.00    109.28    108.47     0.00     0.00   0.00   0.00    0.44    0.91   0.64     4.00    49.13   0.03 100.00

2021년 10월 04일 00시 32분 37초
avg-cpu:  %user   %nice %system %iowait  %steal   %idle
           0.25    0.00   12.63   86.61    0.00    0.51

Device            r/s     w/s     rMB/s     wMB/s   rrqm/s   wrqm/s  %rrqm  %wrqm r_await w_await aqu-sz rareq-sz wareq-sz  svctm  %util
nvme0n1       28371.00 2277.00    110.82    110.48     0.00     0.00   0.00   0.00    0.43    0.90   0.59     4.00    49.68   0.03 100.00

2021년 10월 04일 00시 32분 38초
avg-cpu:  %user   %nice %system %iowait  %steal   %idle
           0.40    0.00    8.74   90.26    0.00    0.60

Device            r/s     w/s     rMB/s     wMB/s   rrqm/s   wrqm/s  %rrqm  %wrqm r_await w_await aqu-sz rareq-sz wareq-sz  svctm  %util
nvme0n1       29066.00 2330.00    113.54    113.59     0.00     0.00   0.00   0.00    0.42    0.92   0.33     4.00    49.92   0.03 102.40

2021년 10월 04일 00시 32분 39초
avg-cpu:  %user   %nice %system %iowait  %steal   %idle
           0.19    0.00    5.14   45.57    0.00   49.10

Device            r/s     w/s     rMB/s     wMB/s   rrqm/s   wrqm/s  %rrqm  %wrqm r_await w_await aqu-sz rareq-sz wareq-sz  svctm  %util
nvme0n1       15543.00 1250.00     60.71     61.88     0.00     0.00   0.00   0.00    0.41    0.84   0.26     4.00    50.69   0.03  52.80

2021년 10월 04일 00시 32분 40초
avg-cpu:  %user   %nice %system %iowait  %steal   %idle
           0.13    0.00    0.06    0.00    0.00   99.81

Device            r/s     w/s     rMB/s     wMB/s   rrqm/s   wrqm/s  %rrqm  %wrqm r_await w_await aqu-sz rareq-sz wareq-sz  svctm  %util
nvme0n1          0.00    0.00      0.00      0.00     0.00     0.00   0.00   0.00    0.00    0.00   0.00     0.00     0.00   0.00   0.00

2021년 10월 04일 00시 32분 41초
avg-cpu:  %user   %nice %system %iowait  %steal   %idle
           0.00    0.00    0.25    0.00    0.00   99.75

Device            r/s     w/s     rMB/s     wMB/s   rrqm/s   wrqm/s  %rrqm  %wrqm r_await w_await aqu-sz rareq-sz wareq-sz  svctm  %util
nvme0n1          0.00   10.00      0.00      4.30     0.00  1091.00   0.00  99.09    0.00    1.40   0.00     0.00   440.40   1.20   1.20

