Linux 5.5.8test (syslab-desk) 	2021년 10월 04일 	_x86_64_	(16 CPU)

2021년 10월 04일 00시 04분 46초
avg-cpu:  %user   %nice %system %iowait  %steal   %idle
           0.98    0.00    2.08    4.23    0.00   92.71

Device            r/s     w/s     rMB/s     wMB/s   rrqm/s   wrqm/s  %rrqm  %wrqm r_await w_await aqu-sz rareq-sz wareq-sz  svctm  %util
nvme0n1        135.74 2357.17      0.54    121.53     1.12  1386.10   0.82  37.03    0.13    8.76  16.55     4.04    52.79   0.03   8.48

2021년 10월 04일 00시 04분 47초
avg-cpu:  %user   %nice %system %iowait  %steal   %idle
           0.06    0.00    0.25    0.00    0.00   99.69

Device            r/s     w/s     rMB/s     wMB/s   rrqm/s   wrqm/s  %rrqm  %wrqm r_await w_await aqu-sz rareq-sz wareq-sz  svctm  %util
nvme0n1          0.00    0.00      0.00      0.00     0.00     0.00   0.00   0.00    0.00    0.00   0.00     0.00     0.00   0.00   0.00

2021년 10월 04일 00시 04분 48초
avg-cpu:  %user   %nice %system %iowait  %steal   %idle
           0.06    0.00    0.00    0.00    0.00   99.94

Device            r/s     w/s     rMB/s     wMB/s   rrqm/s   wrqm/s  %rrqm  %wrqm r_await w_await aqu-sz rareq-sz wareq-sz  svctm  %util
nvme0n1          0.00    0.00      0.00      0.00     0.00     0.00   0.00   0.00    0.00    0.00   0.00     0.00     0.00   0.00   0.00

2021년 10월 04일 00시 04분 49초
avg-cpu:  %user   %nice %system %iowait  %steal   %idle
           0.12    0.00    0.25    0.00    0.00   99.63

Device            r/s     w/s     rMB/s     wMB/s   rrqm/s   wrqm/s  %rrqm  %wrqm r_await w_await aqu-sz rareq-sz wareq-sz  svctm  %util
nvme0n1          0.00    0.00      0.00      0.00     0.00     0.00   0.00   0.00    0.00    0.00   0.00     0.00     0.00   0.00   0.00

2021년 10월 04일 00시 04분 50초
avg-cpu:  %user   %nice %system %iowait  %steal   %idle
           0.06    0.00    0.13    0.00    0.00   99.81

Device            r/s     w/s     rMB/s     wMB/s   rrqm/s   wrqm/s  %rrqm  %wrqm r_await w_await aqu-sz rareq-sz wareq-sz  svctm  %util
nvme0n1          0.00    0.00      0.00      0.00     0.00     0.00   0.00   0.00    0.00    0.00   0.00     0.00     0.00   0.00   0.00

2021년 10월 04일 00시 04분 51초
avg-cpu:  %user   %nice %system %iowait  %steal   %idle
           0.13    0.00    1.50    1.38    0.00   96.99

Device            r/s     w/s     rMB/s     wMB/s   rrqm/s   wrqm/s  %rrqm  %wrqm r_await w_await aqu-sz rareq-sz wareq-sz  svctm  %util
nvme0n1       2916.00    1.00     25.00      0.00  3481.00     0.00  54.42   0.00    0.09   15.00   0.01     8.78     0.00   0.16  45.60

2021년 10월 04일 00시 04분 52초
avg-cpu:  %user   %nice %system %iowait  %steal   %idle
           0.25    0.00    5.71   23.82    0.00   70.22

Device            r/s     w/s     rMB/s     wMB/s   rrqm/s   wrqm/s  %rrqm  %wrqm r_await w_await aqu-sz rareq-sz wareq-sz  svctm  %util
nvme0n1       15136.00 1121.00     69.38     49.03  2626.00   324.00  14.78  22.42    0.22    0.62   0.00     4.69    44.79   0.06  92.00

2021년 10월 04일 00시 04분 53초
avg-cpu:  %user   %nice %system %iowait  %steal   %idle
           0.19    0.00    6.13   42.23    0.00   51.45

Device            r/s     w/s     rMB/s     wMB/s   rrqm/s   wrqm/s  %rrqm  %wrqm r_await w_await aqu-sz rareq-sz wareq-sz  svctm  %util
nvme0n1       22009.00 2065.00     85.97     86.03     0.00     0.00   0.00   0.00    0.26    0.60   0.23     4.00    42.66   0.04 100.00

2021년 10월 04일 00시 04분 54초
avg-cpu:  %user   %nice %system %iowait  %steal   %idle
           0.06    0.00    5.81   42.70    0.00   51.42

Device            r/s     w/s     rMB/s     wMB/s   rrqm/s   wrqm/s  %rrqm  %wrqm r_await w_await aqu-sz rareq-sz wareq-sz  svctm  %util
nvme0n1       22630.00 2125.00     88.40     88.08     0.00     0.00   0.00   0.00    0.25    0.59   0.15     4.00    42.45   0.04 100.00

2021년 10월 04일 00시 04분 55초
avg-cpu:  %user   %nice %system %iowait  %steal   %idle
           0.38    0.00    6.58   42.21    0.00   50.83

Device            r/s     w/s     rMB/s     wMB/s   rrqm/s   wrqm/s  %rrqm  %wrqm r_await w_await aqu-sz rareq-sz wareq-sz  svctm  %util
nvme0n1       22230.00 2302.00     86.84     86.36     0.00     0.00   0.00   0.00    0.25    0.57   0.15     4.00    38.41   0.04 100.00

2021년 10월 04일 00시 04분 56초
avg-cpu:  %user   %nice %system %iowait  %steal   %idle
           0.26    0.00    5.92   42.60    0.00   51.22

Device            r/s     w/s     rMB/s     wMB/s   rrqm/s   wrqm/s  %rrqm  %wrqm r_await w_await aqu-sz rareq-sz wareq-sz  svctm  %util
nvme0n1       22753.00 2088.00     88.88     88.68     0.00     0.00   0.00   0.00    0.25    0.60   0.12     4.00    43.49   0.04 100.00

2021년 10월 04일 00시 04분 57초
avg-cpu:  %user   %nice %system %iowait  %steal   %idle
           0.38    0.00    6.09   41.63    0.00   51.89

Device            r/s     w/s     rMB/s     wMB/s   rrqm/s   wrqm/s  %rrqm  %wrqm r_await w_await aqu-sz rareq-sz wareq-sz  svctm  %util
nvme0n1       20719.00 2102.00     80.93     85.23     0.00  1292.00   0.00  38.07    0.27    0.65   0.31     4.00    41.52   0.04  98.40

2021년 10월 04일 00시 04분 58초
avg-cpu:  %user   %nice %system %iowait  %steal   %idle
           0.13    0.00    6.04   42.71    0.00   51.12

Device            r/s     w/s     rMB/s     wMB/s   rrqm/s   wrqm/s  %rrqm  %wrqm r_await w_await aqu-sz rareq-sz wareq-sz  svctm  %util
nvme0n1       21596.00 2065.00     84.36     84.30     0.00     0.00   0.00   0.00    0.26    0.63   0.18     4.00    41.80   0.04 100.00

2021년 10월 04일 00시 04분 59초
avg-cpu:  %user   %nice %system %iowait  %steal   %idle
           0.32    0.00    6.81   42.14    0.00   50.73

Device            r/s     w/s     rMB/s     wMB/s   rrqm/s   wrqm/s  %rrqm  %wrqm r_await w_await aqu-sz rareq-sz wareq-sz  svctm  %util
nvme0n1       22612.00 2123.00     88.32     87.09     0.00     0.00   0.00   0.00    0.25    0.61   0.13     4.00    42.01   0.04 100.80

2021년 10월 04일 00시 05분 00초
avg-cpu:  %user   %nice %system %iowait  %steal   %idle
           0.25    0.00    7.31   41.87    0.00   50.57

Device            r/s     w/s     rMB/s     wMB/s   rrqm/s   wrqm/s  %rrqm  %wrqm r_await w_await aqu-sz rareq-sz wareq-sz  svctm  %util
nvme0n1       22617.00 1979.00     88.35     88.20     0.00     1.00   0.00   0.05    0.25    0.66   0.18     4.00    45.64   0.04 100.00

2021년 10월 04일 00시 05분 01초
avg-cpu:  %user   %nice %system %iowait  %steal   %idle
           0.06    0.00    7.26   41.97    0.00   50.70

Device            r/s     w/s     rMB/s     wMB/s   rrqm/s   wrqm/s  %rrqm  %wrqm r_await w_await aqu-sz rareq-sz wareq-sz  svctm  %util
nvme0n1       22517.00 1885.00     87.96     88.00     0.00     0.00   0.00   0.00    0.25    0.67   0.31     4.00    47.81   0.04 100.00

2021년 10월 04일 00시 05분 02초
avg-cpu:  %user   %nice %system %iowait  %steal   %idle
           0.25    0.00    7.00   41.18    0.00   51.56

Device            r/s     w/s     rMB/s     wMB/s   rrqm/s   wrqm/s  %rrqm  %wrqm r_await w_await aqu-sz rareq-sz wareq-sz  svctm  %util
nvme0n1       22248.00 1792.00     86.91     90.36     0.00  1058.00   0.00  37.12    0.25    0.69   0.19     4.00    51.64   0.04  98.40

2021년 10월 04일 00시 05분 03초
avg-cpu:  %user   %nice %system %iowait  %steal   %idle
           0.32    0.00    6.29   42.30    0.00   51.09

Device            r/s     w/s     rMB/s     wMB/s   rrqm/s   wrqm/s  %rrqm  %wrqm r_await w_await aqu-sz rareq-sz wareq-sz  svctm  %util
nvme0n1       23261.00 1904.00     90.87     90.28     0.00     0.00   0.00   0.00    0.25    0.63   0.15     4.00    48.55   0.04 100.00

2021년 10월 04일 00시 05분 04초
avg-cpu:  %user   %nice %system %iowait  %steal   %idle
           0.26    0.00    6.97   41.82    0.00   50.96

Device            r/s     w/s     rMB/s     wMB/s   rrqm/s   wrqm/s  %rrqm  %wrqm r_await w_await aqu-sz rareq-sz wareq-sz  svctm  %util
nvme0n1       22717.00 1906.00     88.74     88.71     0.00     0.00   0.00   0.00    0.25    0.65   0.13     4.00    47.66   0.04 100.00

2021년 10월 04일 00시 05분 05초
avg-cpu:  %user   %nice %system %iowait  %steal   %idle
           0.38    0.00    7.24   41.78    0.00   50.60

Device            r/s     w/s     rMB/s     wMB/s   rrqm/s   wrqm/s  %rrqm  %wrqm r_await w_await aqu-sz rareq-sz wareq-sz  svctm  %util
nvme0n1       22529.00 1917.00     88.00     88.12     0.00     0.00   0.00   0.00    0.25    0.65   0.29     4.00    47.07   0.04  99.60

2021년 10월 04일 00시 05분 06초
avg-cpu:  %user   %nice %system %iowait  %steal   %idle
           0.25    0.00    7.82   41.70    0.00   50.22

Device            r/s     w/s     rMB/s     wMB/s   rrqm/s   wrqm/s  %rrqm  %wrqm r_await w_await aqu-sz rareq-sz wareq-sz  svctm  %util
nvme0n1       22937.00 1843.00     89.60     89.15     0.00     0.00   0.00   0.00    0.25    0.66   0.23     4.00    49.53   0.04 100.00

2021년 10월 04일 00시 05분 07초
avg-cpu:  %user   %nice %system %iowait  %steal   %idle
           0.25    0.00    6.93   41.22    0.00   51.59

Device            r/s     w/s     rMB/s     wMB/s   rrqm/s   wrqm/s  %rrqm  %wrqm r_await w_await aqu-sz rareq-sz wareq-sz  svctm  %util
nvme0n1       22432.00 1790.00     87.63     91.18     0.00  1289.00   0.00  41.86    0.25    0.66   0.16     4.00    52.16   0.04  98.00

2021년 10월 04일 00시 05분 08초
avg-cpu:  %user   %nice %system %iowait  %steal   %idle
           0.32    0.00    6.72   41.93    0.00   51.02

Device            r/s     w/s     rMB/s     wMB/s   rrqm/s   wrqm/s  %rrqm  %wrqm r_await w_await aqu-sz rareq-sz wareq-sz  svctm  %util
nvme0n1       22602.00 1898.00     88.29     88.80     0.00     0.00   0.00   0.00    0.25    0.65   0.13     4.00    47.91   0.04 100.00

2021년 10월 04일 00시 05분 09초
avg-cpu:  %user   %nice %system %iowait  %steal   %idle
           0.19    0.00    7.34   42.09    0.00   50.38

Device            r/s     w/s     rMB/s     wMB/s   rrqm/s   wrqm/s  %rrqm  %wrqm r_await w_await aqu-sz rareq-sz wareq-sz  svctm  %util
nvme0n1       22927.00 1910.00     89.56     88.53     0.00     0.00   0.00   0.00    0.25    0.64   0.27     4.00    47.46   0.04 100.00

2021년 10월 04일 00시 05분 10초
avg-cpu:  %user   %nice %system %iowait  %steal   %idle
           0.32    0.00    6.54   42.24    0.00   50.90

Device            r/s     w/s     rMB/s     wMB/s   rrqm/s   wrqm/s  %rrqm  %wrqm r_await w_await aqu-sz rareq-sz wareq-sz  svctm  %util
nvme0n1       22230.00 1818.00     86.84     87.05     0.00     0.00   0.00   0.00    0.26    0.67   0.16     4.00    49.03   0.04 100.00

2021년 10월 04일 00시 05분 11초
avg-cpu:  %user   %nice %system %iowait  %steal   %idle
           0.13    0.00    7.02   41.99    0.00   50.86

Device            r/s     w/s     rMB/s     wMB/s   rrqm/s   wrqm/s  %rrqm  %wrqm r_await w_await aqu-sz rareq-sz wareq-sz  svctm  %util
nvme0n1       22751.00 2013.00     88.87     88.23     0.00     0.00   0.00   0.00    0.25    0.62   0.17     4.00    44.88   0.04 100.00

2021년 10월 04일 00시 05분 12초
avg-cpu:  %user   %nice %system %iowait  %steal   %idle
           0.38    0.00    7.37   41.25    0.00   51.01

Device            r/s     w/s     rMB/s     wMB/s   rrqm/s   wrqm/s  %rrqm  %wrqm r_await w_await aqu-sz rareq-sz wareq-sz  svctm  %util
nvme0n1       21125.00 2206.00     82.52     86.95     0.00  1318.00   0.00  37.40    0.26    0.63   0.18     4.00    40.36   0.04  98.00

2021년 10월 04일 00시 05분 13초
avg-cpu:  %user   %nice %system %iowait  %steal   %idle
           0.25    0.00    6.87   42.14    0.00   50.73

Device            r/s     w/s     rMB/s     wMB/s   rrqm/s   wrqm/s  %rrqm  %wrqm r_await w_await aqu-sz rareq-sz wareq-sz  svctm  %util
nvme0n1       22071.00 2059.00     86.21     85.65     0.00     0.00   0.00   0.00    0.26    0.63   0.27     4.00    42.60   0.04 100.00

2021년 10월 04일 00시 05분 14초
avg-cpu:  %user   %nice %system %iowait  %steal   %idle
           0.32    0.00    7.17   41.94    0.00   50.57

Device            r/s     w/s     rMB/s     wMB/s   rrqm/s   wrqm/s  %rrqm  %wrqm r_await w_await aqu-sz rareq-sz wareq-sz  svctm  %util
nvme0n1       21669.00 1979.00     84.64     84.82     0.00     0.00   0.00   0.00    0.26    0.65   0.16     4.00    43.89   0.04 100.00

2021년 10월 04일 00시 05분 15초
avg-cpu:  %user   %nice %system %iowait  %steal   %idle
           0.26    0.00    7.02   42.03    0.00   50.70

Device            r/s     w/s     rMB/s     wMB/s   rrqm/s   wrqm/s  %rrqm  %wrqm r_await w_await aqu-sz rareq-sz wareq-sz  svctm  %util
nvme0n1       22321.00 1984.00     87.19     86.74     0.00     0.00   0.00   0.00    0.26    0.63   0.10     4.00    44.77   0.04 100.00

2021년 10월 04일 00시 05분 16초
avg-cpu:  %user   %nice %system %iowait  %steal   %idle
           0.32    0.00    6.86   42.25    0.00   50.57

Device            r/s     w/s     rMB/s     wMB/s   rrqm/s   wrqm/s  %rrqm  %wrqm r_await w_await aqu-sz rareq-sz wareq-sz  svctm  %util
nvme0n1       22156.00 1925.00     86.55     86.41     0.00     0.00   0.00   0.00    0.26    0.67   0.22     4.00    45.96   0.04 100.00

2021년 10월 04일 00시 05분 17초
avg-cpu:  %user   %nice %system %iowait  %steal   %idle
           0.13    0.00    6.69   41.62    0.00   51.56

Device            r/s     w/s     rMB/s     wMB/s   rrqm/s   wrqm/s  %rrqm  %wrqm r_await w_await aqu-sz rareq-sz wareq-sz  svctm  %util
nvme0n1       22085.00 1854.00     86.27     89.47     0.00  1174.00   0.00  38.77    0.26    0.67   0.30     4.00    49.42   0.04  98.00

2021년 10월 04일 00시 05분 18초
avg-cpu:  %user   %nice %system %iowait  %steal   %idle
           0.25    0.00    6.94   42.14    0.00   50.67

Device            r/s     w/s     rMB/s     wMB/s   rrqm/s   wrqm/s  %rrqm  %wrqm r_await w_await aqu-sz rareq-sz wareq-sz  svctm  %util
nvme0n1       22489.00 1824.00     87.85     88.16     0.00     0.00   0.00   0.00    0.26    0.66   0.17     4.00    49.50   0.04  99.60

2021년 10월 04일 00시 05분 19초
avg-cpu:  %user   %nice %system %iowait  %steal   %idle
           0.25    0.00    7.11   42.10    0.00   50.54

Device            r/s     w/s     rMB/s     wMB/s   rrqm/s   wrqm/s  %rrqm  %wrqm r_await w_await aqu-sz rareq-sz wareq-sz  svctm  %util
nvme0n1       23512.00 1898.00     91.84     91.33     0.00     0.00   0.00   0.00    0.25    0.62   0.16     4.00    49.27   0.04 100.00

2021년 10월 04일 00시 05분 20초
avg-cpu:  %user   %nice %system %iowait  %steal   %idle
           0.13    0.00    6.64   42.37    0.00   50.86

Device            r/s     w/s     rMB/s     wMB/s   rrqm/s   wrqm/s  %rrqm  %wrqm r_await w_await aqu-sz rareq-sz wareq-sz  svctm  %util
nvme0n1       22639.00 1841.00     88.43     88.05     0.00     0.00   0.00   0.00    0.25    0.67   0.20     4.00    48.97   0.04 100.00

2021년 10월 04일 00시 05분 21초
avg-cpu:  %user   %nice %system %iowait  %steal   %idle
           0.13    0.00    5.80   42.82    0.00   51.26

Device            r/s     w/s     rMB/s     wMB/s   rrqm/s   wrqm/s  %rrqm  %wrqm r_await w_await aqu-sz rareq-sz wareq-sz  svctm  %util
nvme0n1       22658.00 1776.00     88.51     88.61     0.00     0.00   0.00   0.00    0.25    0.69   0.31     4.00    51.09   0.04 100.00

2021년 10월 04일 00시 05분 22초
avg-cpu:  %user   %nice %system %iowait  %steal   %idle
           0.13    0.00    6.11   41.77    0.00   51.99

Device            r/s     w/s     rMB/s     wMB/s   rrqm/s   wrqm/s  %rrqm  %wrqm r_await w_await aqu-sz rareq-sz wareq-sz  svctm  %util
nvme0n1       22270.00 1736.00     86.99     91.16     0.00  1340.00   0.00  43.56    0.25    0.69   0.24     4.00    53.77   0.04  98.40

2021년 10월 04일 00시 05분 23초
avg-cpu:  %user   %nice %system %iowait  %steal   %idle
           0.25    0.00    7.11   42.10    0.00   50.54

Device            r/s     w/s     rMB/s     wMB/s   rrqm/s   wrqm/s  %rrqm  %wrqm r_await w_await aqu-sz rareq-sz wareq-sz  svctm  %util
nvme0n1       22959.00 1924.00     89.68     88.91     0.00     0.00   0.00   0.00    0.25    0.65   0.17     4.00    47.32   0.04 100.00

2021년 10월 04일 00시 05분 24초
avg-cpu:  %user   %nice %system %iowait  %steal   %idle
           0.26    0.00    6.95   42.03    0.00   50.77

Device            r/s     w/s     rMB/s     wMB/s   rrqm/s   wrqm/s  %rrqm  %wrqm r_await w_await aqu-sz rareq-sz wareq-sz  svctm  %util
nvme0n1       23157.00 1883.00     90.46     90.62     0.00     0.00   0.00   0.00    0.25    0.65   0.20     4.00    49.28   0.04 100.00

2021년 10월 04일 00시 05분 25초
avg-cpu:  %user   %nice %system %iowait  %steal   %idle
           0.25    0.00    8.12   41.54    0.00   50.09

Device            r/s     w/s     rMB/s     wMB/s   rrqm/s   wrqm/s  %rrqm  %wrqm r_await w_await aqu-sz rareq-sz wareq-sz  svctm  %util
nvme0n1       21872.00 1799.00     85.44     85.00     0.00     0.00   0.00   0.00    0.26    0.68   0.33     4.00    48.38   0.04 100.00

2021년 10월 04일 00시 05분 26초
avg-cpu:  %user   %nice %system %iowait  %steal   %idle
           0.13    0.00    7.08   41.93    0.00   50.86

Device            r/s     w/s     rMB/s     wMB/s   rrqm/s   wrqm/s  %rrqm  %wrqm r_await w_await aqu-sz rareq-sz wareq-sz  svctm  %util
nvme0n1       22144.00 1764.00     86.50     85.89     0.00     0.00   0.00   0.00    0.26    0.66   0.28     4.00    49.86   0.04  99.60

2021년 10월 04일 00시 05분 27초
avg-cpu:  %user   %nice %system %iowait  %steal   %idle
           0.32    0.00    6.56   41.66    0.00   51.46

Device            r/s     w/s     rMB/s     wMB/s   rrqm/s   wrqm/s  %rrqm  %wrqm r_await w_await aqu-sz rareq-sz wareq-sz  svctm  %util
nvme0n1       21638.00 2028.00     84.52    110.99     0.00  6649.00   0.00  76.63    0.26    0.80   0.40     4.00    56.04   0.04  98.40

2021년 10월 04일 00시 05분 28초
avg-cpu:  %user   %nice %system %iowait  %steal   %idle
           0.38    0.00    7.06   41.86    0.00   50.70

Device            r/s     w/s     rMB/s     wMB/s   rrqm/s   wrqm/s  %rrqm  %wrqm r_await w_await aqu-sz rareq-sz wareq-sz  svctm  %util
nvme0n1       23496.00 1909.00     91.78     90.89     0.00     0.00   0.00   0.00    0.25    0.62   0.03     4.00    48.76   0.04 100.00

2021년 10월 04일 00시 05분 29초
avg-cpu:  %user   %nice %system %iowait  %steal   %idle
           0.32    0.00    7.66   41.55    0.00   50.47

Device            r/s     w/s     rMB/s     wMB/s   rrqm/s   wrqm/s  %rrqm  %wrqm r_await w_await aqu-sz rareq-sz wareq-sz  svctm  %util
nvme0n1       22657.00 1659.00     88.50     88.61     0.00     0.00   0.00   0.00    0.25    0.73   0.24     4.00    54.70   0.04 100.00

2021년 10월 04일 00시 05분 30초
avg-cpu:  %user   %nice %system %iowait  %steal   %idle
           0.26    0.00    6.65   42.20    0.00   50.90

Device            r/s     w/s     rMB/s     wMB/s   rrqm/s   wrqm/s  %rrqm  %wrqm r_await w_await aqu-sz rareq-sz wareq-sz  svctm  %util
nvme0n1       22471.00 1782.00     87.78     87.34     0.00     0.00   0.00   0.00    0.26    0.68   0.23     4.00    50.19   0.04 100.00

2021년 10월 04일 00시 05분 31초
avg-cpu:  %user   %nice %system %iowait  %steal   %idle
           0.26    0.00    6.77   42.15    0.00   50.83

Device            r/s     w/s     rMB/s     wMB/s   rrqm/s   wrqm/s  %rrqm  %wrqm r_await w_await aqu-sz rareq-sz wareq-sz  svctm  %util
nvme0n1       21999.00 1875.00     85.93     86.18     0.00     0.00   0.00   0.00    0.26    0.66   0.32     4.00    47.06   0.04 100.00

2021년 10월 04일 00시 05분 32초
avg-cpu:  %user   %nice %system %iowait  %steal   %idle
           0.19    0.00    6.96   41.12    0.00   51.72

Device            r/s     w/s     rMB/s     wMB/s   rrqm/s   wrqm/s  %rrqm  %wrqm r_await w_await aqu-sz rareq-sz wareq-sz  svctm  %util
nvme0n1       22925.00 1784.00     89.55     92.59     0.00  1340.00   0.00  42.89    0.25    0.65   0.03     4.00    53.14   0.04  98.40

2021년 10월 04일 00시 05분 33초
avg-cpu:  %user   %nice %system %iowait  %steal   %idle
           0.19    0.00    4.74   43.31    0.00   51.75

Device            r/s     w/s     rMB/s     wMB/s   rrqm/s   wrqm/s  %rrqm  %wrqm r_await w_await aqu-sz rareq-sz wareq-sz  svctm  %util
nvme0n1       22289.00 1801.00     87.07     86.89     0.00     0.00   0.00   0.00    0.26    0.72   0.27     4.00    49.41   0.04 100.00

2021년 10월 04일 00시 05분 34초
avg-cpu:  %user   %nice %system %iowait  %steal   %idle
           0.25    0.00    7.07   42.01    0.00   50.67

Device            r/s     w/s     rMB/s     wMB/s   rrqm/s   wrqm/s  %rrqm  %wrqm r_await w_await aqu-sz rareq-sz wareq-sz  svctm  %util
nvme0n1       22534.00 1703.00     88.02     87.71     0.00     0.00   0.00   0.00    0.25    0.71   0.25     4.00    52.74   0.04 100.00

2021년 10월 04일 00시 05분 35초
avg-cpu:  %user   %nice %system %iowait  %steal   %idle
           0.13    0.00    6.74   42.47    0.00   50.67

Device            r/s     w/s     rMB/s     wMB/s   rrqm/s   wrqm/s  %rrqm  %wrqm r_await w_await aqu-sz rareq-sz wareq-sz  svctm  %util
nvme0n1       22445.00 1737.00     87.68     87.74     0.00     0.00   0.00   0.00    0.26    0.71   0.37     4.00    51.72   0.04 100.00

2021년 10월 04일 00시 05분 36초
avg-cpu:  %user   %nice %system %iowait  %steal   %idle
           0.25    0.00    7.42   41.81    0.00   50.51

Device            r/s     w/s     rMB/s     wMB/s   rrqm/s   wrqm/s  %rrqm  %wrqm r_await w_await aqu-sz rareq-sz wareq-sz  svctm  %util
nvme0n1       23649.00 1890.00     92.38     91.91     0.00     0.00   0.00   0.00    0.24    0.64   0.03     4.00    49.80   0.04 100.00

2021년 10월 04일 00시 05분 37초
avg-cpu:  %user   %nice %system %iowait  %steal   %idle
           0.19    0.00    5.72   41.93    0.00   52.15

Device            r/s     w/s     rMB/s     wMB/s   rrqm/s   wrqm/s  %rrqm  %wrqm r_await w_await aqu-sz rareq-sz wareq-sz  svctm  %util
nvme0n1       20641.00 1684.00     80.63     84.90     0.00  1236.00   0.00  42.33    0.27    0.73   0.18     4.00    51.63   0.04  98.00

2021년 10월 04일 00시 05분 38초
avg-cpu:  %user   %nice %system %iowait  %steal   %idle
           0.26    0.00    6.83   42.08    0.00   50.83

Device            r/s     w/s     rMB/s     wMB/s   rrqm/s   wrqm/s  %rrqm  %wrqm r_await w_await aqu-sz rareq-sz wareq-sz  svctm  %util
nvme0n1       22653.00 1719.00     88.50     88.33     0.00     0.00   0.00   0.00    0.25    0.71   0.22     4.00    52.62   0.04 100.80

2021년 10월 04일 00시 05분 39초
avg-cpu:  %user   %nice %system %iowait  %steal   %idle
           0.19    0.00    5.61   42.84    0.00   51.35

Device            r/s     w/s     rMB/s     wMB/s   rrqm/s   wrqm/s  %rrqm  %wrqm r_await w_await aqu-sz rareq-sz wareq-sz  svctm  %util
nvme0n1       22625.00 1744.00     88.37     87.87     0.00     0.00   0.00   0.00    0.25    0.71   0.23     4.00    51.59   0.04 100.00

2021년 10월 04일 00시 05분 40초
avg-cpu:  %user   %nice %system %iowait  %steal   %idle
           0.38    0.00    7.37   42.09    0.00   50.16

Device            r/s     w/s     rMB/s     wMB/s   rrqm/s   wrqm/s  %rrqm  %wrqm r_await w_await aqu-sz rareq-sz wareq-sz  svctm  %util
nvme0n1       22891.00 1846.00     89.42     89.40     0.00     0.00   0.00   0.00    0.25    0.69   0.03     4.00    49.59   0.04 100.00

2021년 10월 04일 00시 05분 41초
avg-cpu:  %user   %nice %system %iowait  %steal   %idle
           0.32    0.00    6.28   42.34    0.00   51.06

Device            r/s     w/s     rMB/s     wMB/s   rrqm/s   wrqm/s  %rrqm  %wrqm r_await w_await aqu-sz rareq-sz wareq-sz  svctm  %util
nvme0n1       22016.00 1728.00     86.00     85.64     0.00     0.00   0.00   0.00    0.26    0.72   0.25     4.00    50.75   0.04 100.00

2021년 10월 04일 00시 05분 42초
avg-cpu:  %user   %nice %system %iowait  %steal   %idle
           0.25    0.00    6.31   41.81    0.00   51.63

Device            r/s     w/s     rMB/s     wMB/s   rrqm/s   wrqm/s  %rrqm  %wrqm r_await w_await aqu-sz rareq-sz wareq-sz  svctm  %util
nvme0n1       22004.00 1710.00     85.95     89.46     0.00  1287.00   0.00  42.94    0.26    0.72   0.17     4.00    53.57   0.04  98.40

2021년 10월 04일 00시 05분 43초
avg-cpu:  %user   %nice %system %iowait  %steal   %idle
           0.06    0.00    7.41   42.08    0.00   50.44

Device            r/s     w/s     rMB/s     wMB/s   rrqm/s   wrqm/s  %rrqm  %wrqm r_await w_await aqu-sz rareq-sz wareq-sz  svctm  %util
nvme0n1       21925.00 1750.00     85.64     85.84     0.00     0.00   0.00   0.00    0.26    0.69   0.31     4.00    50.23   0.04 100.00

2021년 10월 04일 00시 05분 44초
avg-cpu:  %user   %nice %system %iowait  %steal   %idle
           0.38    0.00    8.53   41.19    0.00   49.91

Device            r/s     w/s     rMB/s     wMB/s   rrqm/s   wrqm/s  %rrqm  %wrqm r_await w_await aqu-sz rareq-sz wareq-sz  svctm  %util
nvme0n1       23439.00 1819.00     91.56     91.59     0.00     0.00   0.00   0.00    0.24    0.67   0.03     4.00    51.56   0.04 100.00

2021년 10월 04일 00시 05분 45초
avg-cpu:  %user   %nice %system %iowait  %steal   %idle
           0.38    0.00    8.34   41.38    0.00   49.91

Device            r/s     w/s     rMB/s     wMB/s   rrqm/s   wrqm/s  %rrqm  %wrqm r_await w_await aqu-sz rareq-sz wareq-sz  svctm  %util
nvme0n1       22516.00 1765.00     87.95     87.44     0.00     0.00   0.00   0.00    0.25    0.70   0.32     4.00    50.73   0.04 100.00

2021년 10월 04일 00시 05분 46초
avg-cpu:  %user   %nice %system %iowait  %steal   %idle
           0.64    0.00    6.75   41.95    0.00   50.67

Device            r/s     w/s     rMB/s     wMB/s   rrqm/s   wrqm/s  %rrqm  %wrqm r_await w_await aqu-sz rareq-sz wareq-sz  svctm  %util
nvme0n1       22074.00 1801.00     86.23     85.90     0.00     0.00   0.00   0.00    0.26    0.69   0.14     4.00    48.84   0.04 100.00

2021년 10월 04일 00시 05분 47초
avg-cpu:  %user   %nice %system %iowait  %steal   %idle
           0.19    0.00    7.42   41.18    0.00   51.21

Device            r/s     w/s     rMB/s     wMB/s   rrqm/s   wrqm/s  %rrqm  %wrqm r_await w_await aqu-sz rareq-sz wareq-sz  svctm  %util
nvme0n1       21735.00 1743.00     84.90     88.90     0.00  1238.00   0.00  41.53    0.26    0.71   0.26     4.00    52.23   0.04  98.00

2021년 10월 04일 00시 05분 48초
avg-cpu:  %user   %nice %system %iowait  %steal   %idle
           0.26    0.00    6.11   42.57    0.00   51.06

Device            r/s     w/s     rMB/s     wMB/s   rrqm/s   wrqm/s  %rrqm  %wrqm r_await w_await aqu-sz rareq-sz wareq-sz  svctm  %util
nvme0n1       23165.00 1919.00     90.49     90.12     0.00     0.00   0.00   0.00    0.25    0.67   0.06     4.00    48.09   0.04 100.00

2021년 10월 04일 00시 05분 49초
avg-cpu:  %user   %nice %system %iowait  %steal   %idle
           0.26    0.00    6.70   42.22    0.00   50.83

Device            r/s     w/s     rMB/s     wMB/s   rrqm/s   wrqm/s  %rrqm  %wrqm r_await w_await aqu-sz rareq-sz wareq-sz  svctm  %util
nvme0n1       22996.00 1815.00     89.83     89.52     0.00     0.00   0.00   0.00    0.25    0.65   0.23     4.00    50.51   0.04 100.00

2021년 10월 04일 00시 05분 50초
avg-cpu:  %user   %nice %system %iowait  %steal   %idle
           0.38    0.00    7.44   41.58    0.00   50.60

Device            r/s     w/s     rMB/s     wMB/s   rrqm/s   wrqm/s  %rrqm  %wrqm r_await w_await aqu-sz rareq-sz wareq-sz  svctm  %util
nvme0n1       22708.00 1811.00     88.70     88.42     0.00     0.00   0.00   0.00    0.25    0.68   0.17     4.00    50.00   0.04 100.00

2021년 10월 04일 00시 05분 51초
avg-cpu:  %user   %nice %system %iowait  %steal   %idle
           0.19    0.00    6.96   42.05    0.00   50.80

Device            r/s     w/s     rMB/s     wMB/s   rrqm/s   wrqm/s  %rrqm  %wrqm r_await w_await aqu-sz rareq-sz wareq-sz  svctm  %util
nvme0n1       22765.00 1828.00     88.93     89.19     0.00     0.00   0.00   0.00    0.25    0.69   0.33     4.00    49.96   0.04 100.80

2021년 10월 04일 00시 05분 52초
avg-cpu:  %user   %nice %system %iowait  %steal   %idle
           0.26    0.00    6.53   41.39    0.00   51.82

Device            r/s     w/s     rMB/s     wMB/s   rrqm/s   wrqm/s  %rrqm  %wrqm r_await w_await aqu-sz rareq-sz wareq-sz  svctm  %util
nvme0n1       22515.00 1823.00     87.95     91.41     0.00  1204.00   0.00  39.78    0.25    0.65   0.04     4.00    51.35   0.04  98.40

2021년 10월 04일 00시 05분 53초
avg-cpu:  %user   %nice %system %iowait  %steal   %idle
           0.13    0.00    5.58   43.13    0.00   51.16

Device            r/s     w/s     rMB/s     wMB/s   rrqm/s   wrqm/s  %rrqm  %wrqm r_await w_await aqu-sz rareq-sz wareq-sz  svctm  %util
nvme0n1       21770.00 1744.00     85.04     85.32     0.00     0.00   0.00   0.00    0.27    0.73   0.35     4.00    50.09   0.04 100.00

2021년 10월 04일 00시 05분 54초
avg-cpu:  %user   %nice %system %iowait  %steal   %idle
           0.32    0.00    6.33   42.42    0.00   50.93

Device            r/s     w/s     rMB/s     wMB/s   rrqm/s   wrqm/s  %rrqm  %wrqm r_await w_await aqu-sz rareq-sz wareq-sz  svctm  %util
nvme0n1       22905.00 1790.00     89.47     88.42     0.00     0.00   0.00   0.00    0.25    0.71   0.24     4.00    50.58   0.04 100.00

2021년 10월 04일 00시 05분 55초
avg-cpu:  %user   %nice %system %iowait  %steal   %idle
           0.25    0.00    5.15   33.16    0.00   61.44

Device            r/s     w/s     rMB/s     wMB/s   rrqm/s   wrqm/s  %rrqm  %wrqm r_await w_await aqu-sz rareq-sz wareq-sz  svctm  %util
nvme0n1       18168.00 1430.00     70.97     71.91     0.00     0.00   0.00   0.00    0.25    0.68   0.26     4.00    51.49   0.04  78.80

2021년 10월 04일 00시 05분 56초
avg-cpu:  %user   %nice %system %iowait  %steal   %idle
           0.00    0.00    0.19    0.00    0.00   99.81

Device            r/s     w/s     rMB/s     wMB/s   rrqm/s   wrqm/s  %rrqm  %wrqm r_await w_await aqu-sz rareq-sz wareq-sz  svctm  %util
nvme0n1          0.00    0.00      0.00      0.00     0.00     0.00   0.00   0.00    0.00    0.00   0.00     0.00     0.00   0.00   0.00

2021년 10월 04일 00시 05분 57초
avg-cpu:  %user   %nice %system %iowait  %steal   %idle
           0.12    0.00    0.12    0.00    0.00   99.75

Device            r/s     w/s     rMB/s     wMB/s   rrqm/s   wrqm/s  %rrqm  %wrqm r_await w_await aqu-sz rareq-sz wareq-sz  svctm  %util
nvme0n1          0.00    0.00      0.00      0.00     0.00     0.00   0.00   0.00    0.00    0.00   0.00     0.00     0.00   0.00   0.00

