Linux 5.5.8test (syslab-desk) 	2021년 10월 04일 	_x86_64_	(16 CPU)

2021년 10월 04일 20시 13분 40초
avg-cpu:  %user   %nice %system %iowait  %steal   %idle
           2.64    0.00    1.61    4.90    0.00   90.86

Device            r/s     w/s     rMB/s     wMB/s   rrqm/s   wrqm/s  %rrqm  %wrqm r_await w_await aqu-sz rareq-sz wareq-sz  svctm  %util
sdb            111.23  325.72      0.59     12.88    37.62   278.91  25.27  46.13    0.36    1.95   0.18     5.41    40.49   0.11   4.61

2021년 10월 04일 20시 13분 41초
avg-cpu:  %user   %nice %system %iowait  %steal   %idle
           0.00    0.00    0.06    0.00    0.00   99.94

Device            r/s     w/s     rMB/s     wMB/s   rrqm/s   wrqm/s  %rrqm  %wrqm r_await w_await aqu-sz rareq-sz wareq-sz  svctm  %util
sdb              0.00    0.00      0.00      0.00     0.00     0.00   0.00   0.00    0.00    0.00   0.00     0.00     0.00   0.00   0.00

2021년 10월 04일 20시 13분 42초
avg-cpu:  %user   %nice %system %iowait  %steal   %idle
           0.06    0.00    0.12    0.00    0.00   99.81

Device            r/s     w/s     rMB/s     wMB/s   rrqm/s   wrqm/s  %rrqm  %wrqm r_await w_await aqu-sz rareq-sz wareq-sz  svctm  %util
sdb              0.00    0.00      0.00      0.00     0.00     0.00   0.00   0.00    0.00    0.00   0.00     0.00     0.00   0.00   0.00

2021년 10월 04일 20시 13분 43초
avg-cpu:  %user   %nice %system %iowait  %steal   %idle
           0.00    0.00    0.06    0.00    0.00   99.94

Device            r/s     w/s     rMB/s     wMB/s   rrqm/s   wrqm/s  %rrqm  %wrqm r_await w_await aqu-sz rareq-sz wareq-sz  svctm  %util
sdb              0.00    0.00      0.00      0.00     0.00     0.00   0.00   0.00    0.00    0.00   0.00     0.00     0.00   0.00   0.00

2021년 10월 04일 20시 13분 44초
avg-cpu:  %user   %nice %system %iowait  %steal   %idle
           0.13    0.00    1.31    0.06    0.00   98.50

Device            r/s     w/s     rMB/s     wMB/s   rrqm/s   wrqm/s  %rrqm  %wrqm r_await w_await aqu-sz rareq-sz wareq-sz  svctm  %util
sdb           1695.00    1.00     16.57      0.00  2487.00     0.00  59.47   0.00    0.13    1.00   0.00    10.01     0.00   0.23  38.40

2021년 10월 04일 20시 13분 45초
avg-cpu:  %user   %nice %system %iowait  %steal   %idle
           0.13    0.00    7.33    6.58    0.00   85.96

Device            r/s     w/s     rMB/s     wMB/s   rrqm/s   wrqm/s  %rrqm  %wrqm r_await w_await aqu-sz rareq-sz wareq-sz  svctm  %util
sdb           5619.00 7741.00     59.05     30.09  9455.00   325.00  62.72   4.03    0.37    0.72   0.01    10.76     3.98   0.07  93.20

2021년 10월 04일 20시 13분 46초
avg-cpu:  %user   %nice %system %iowait  %steal   %idle
           0.26    0.00   11.60   16.01    0.00   72.13

Device            r/s     w/s     rMB/s     wMB/s   rrqm/s   wrqm/s  %rrqm  %wrqm r_await w_await aqu-sz rareq-sz wareq-sz  svctm  %util
sdb           4445.00 18425.00     69.63     68.68 13326.00     0.00  74.99   0.00    0.82    0.74   0.00    16.04     3.82   0.04 100.00

2021년 10월 04일 20시 13분 47초
avg-cpu:  %user   %nice %system %iowait  %steal   %idle
           0.19    0.00   13.90   16.29    0.00   69.62

Device            r/s     w/s     rMB/s     wMB/s   rrqm/s   wrqm/s  %rrqm  %wrqm r_await w_await aqu-sz rareq-sz wareq-sz  svctm  %util
sdb           4015.00 17934.00     66.48     66.45 13000.00     0.00  76.40   0.00    0.83    0.76   0.32    16.95     3.79   0.04  98.40

2021년 10월 04일 20시 13분 48초
avg-cpu:  %user   %nice %system %iowait  %steal   %idle
           0.31    0.00   14.54   15.29    0.00   69.86

Device            r/s     w/s     rMB/s     wMB/s   rrqm/s   wrqm/s  %rrqm  %wrqm r_await w_await aqu-sz rareq-sz wareq-sz  svctm  %util
sdb           4460.00 18915.00     70.44     70.40 13572.00     0.00  75.27   0.00    0.85    0.71   0.06    16.17     3.81   0.04 100.00

2021년 10월 04일 20시 13분 49초
avg-cpu:  %user   %nice %system %iowait  %steal   %idle
           0.32    0.00   12.93   16.88    0.00   69.87

Device            r/s     w/s     rMB/s     wMB/s   rrqm/s   wrqm/s  %rrqm  %wrqm r_await w_await aqu-sz rareq-sz wareq-sz  svctm  %util
sdb           4305.00 18634.00     70.38     69.44 13775.00     0.00  76.19   0.00    0.87    0.72   0.14    16.74     3.82   0.04  98.40

2021년 10월 04일 20시 13분 50초
avg-cpu:  %user   %nice %system %iowait  %steal   %idle
           0.26    0.00   13.27   17.22    0.00   69.26

Device            r/s     w/s     rMB/s     wMB/s   rrqm/s   wrqm/s  %rrqm  %wrqm r_await w_await aqu-sz rareq-sz wareq-sz  svctm  %util
sdb           4421.00 18776.00     70.14     73.20 13510.00   790.00  75.34   4.04    0.85    0.72   0.12    16.25     3.99   0.04 100.00

2021년 10월 04일 20시 13분 51초
avg-cpu:  %user   %nice %system %iowait  %steal   %idle
           0.19    0.00   14.11   15.88    0.00   69.82

Device            r/s     w/s     rMB/s     wMB/s   rrqm/s   wrqm/s  %rrqm  %wrqm r_await w_await aqu-sz rareq-sz wareq-sz  svctm  %util
sdb           4239.00 18628.00     69.89     69.57 13636.00     0.00  76.29   0.00    0.86    0.73   0.41    16.88     3.82   0.04  98.00

2021년 10월 04일 20시 13분 52초
avg-cpu:  %user   %nice %system %iowait  %steal   %idle
           0.26    0.00   12.52   17.24    0.00   69.98

Device            r/s     w/s     rMB/s     wMB/s   rrqm/s   wrqm/s  %rrqm  %wrqm r_await w_await aqu-sz rareq-sz wareq-sz  svctm  %util
sdb           4540.00 18707.00     69.92     69.80 13341.00     0.00  74.61   0.00    0.81    0.71   0.00    15.77     3.82   0.04 100.00

2021년 10월 04일 20시 13분 53초
avg-cpu:  %user   %nice %system %iowait  %steal   %idle
           0.32    0.00   13.02   15.39    0.00   71.26

Device            r/s     w/s     rMB/s     wMB/s   rrqm/s   wrqm/s  %rrqm  %wrqm r_await w_await aqu-sz rareq-sz wareq-sz  svctm  %util
sdb           4606.00 19113.00     72.06     71.50 13835.00     0.00  75.02   0.00    0.81    0.70   0.00    16.02     3.83   0.04 100.00

2021년 10월 04일 20시 13분 54초
avg-cpu:  %user   %nice %system %iowait  %steal   %idle
           0.39    0.00   11.31   17.30    0.00   71.00

Device            r/s     w/s     rMB/s     wMB/s   rrqm/s   wrqm/s  %rrqm  %wrqm r_await w_await aqu-sz rareq-sz wareq-sz  svctm  %util
sdb           4229.00 18579.00     68.77     69.17 13416.00     0.00  76.03   0.00    0.85    0.71   0.26    16.65     3.81   0.04  98.80

2021년 10월 04일 20시 13분 55초
avg-cpu:  %user   %nice %system %iowait  %steal   %idle
           0.19    0.00   13.73   16.40    0.00   69.68

Device            r/s     w/s     rMB/s     wMB/s   rrqm/s   wrqm/s  %rrqm  %wrqm r_await w_await aqu-sz rareq-sz wareq-sz  svctm  %util
sdb           4531.00 18694.00     70.24     72.85 13410.00   741.00  74.74   3.81    0.85    0.73   0.16    15.87     3.99   0.04 100.00

2021년 10월 04일 20시 13분 56초
avg-cpu:  %user   %nice %system %iowait  %steal   %idle
           0.32    0.00   12.68   16.77    0.00   70.23

Device            r/s     w/s     rMB/s     wMB/s   rrqm/s   wrqm/s  %rrqm  %wrqm r_await w_await aqu-sz rareq-sz wareq-sz  svctm  %util
sdb           4559.00 18824.00     70.54     70.18 13497.00     0.00  74.75   0.00    0.79    0.72   0.36    15.84     3.82   0.04  98.40

2021년 10월 04일 20시 13분 57초
avg-cpu:  %user   %nice %system %iowait  %steal   %idle
           0.31    0.00   16.06   14.89    0.00   68.75

Device            r/s     w/s     rMB/s     wMB/s   rrqm/s   wrqm/s  %rrqm  %wrqm r_await w_await aqu-sz rareq-sz wareq-sz  svctm  %util
sdb           4503.00 18934.00     70.98     70.62 13711.00     0.00  75.28   0.00    0.81    0.72   0.00    16.14     3.82   0.04 100.00

2021년 10월 04일 20시 13분 58초
avg-cpu:  %user   %nice %system %iowait  %steal   %idle
           0.39    0.00   12.25   17.34    0.00   70.02

Device            r/s     w/s     rMB/s     wMB/s   rrqm/s   wrqm/s  %rrqm  %wrqm r_await w_await aqu-sz rareq-sz wareq-sz  svctm  %util
sdb           4443.00 18454.00     68.93     68.85 13169.00     0.00  74.77   0.00    0.81    0.73   0.33    15.89     3.82   0.04  98.80

2021년 10월 04일 20시 13분 59초
avg-cpu:  %user   %nice %system %iowait  %steal   %idle
           0.19    0.00   13.29   15.27    0.00   71.25

Device            r/s     w/s     rMB/s     wMB/s   rrqm/s   wrqm/s  %rrqm  %wrqm r_await w_await aqu-sz rareq-sz wareq-sz  svctm  %util
sdb           4542.00 18975.00     70.93     70.55 13605.00     0.00  74.97   0.00    0.80    0.71   0.00    15.99     3.81   0.04 100.00

2021년 10월 04일 20시 14분 00초
avg-cpu:  %user   %nice %system %iowait  %steal   %idle
           0.26    0.00   12.68   19.09    0.00   67.97

Device            r/s     w/s     rMB/s     wMB/s   rrqm/s   wrqm/s  %rrqm  %wrqm r_await w_await aqu-sz rareq-sz wareq-sz  svctm  %util
sdb           4477.00 18438.00     69.70     71.99 13366.00   790.00  74.91   4.11    0.83    0.75   0.59    15.94     4.00   0.04  98.40

2021년 10월 04일 20시 14분 01초
avg-cpu:  %user   %nice %system %iowait  %steal   %idle
           0.19    0.00   15.42   15.23    0.00   69.16

Device            r/s     w/s     rMB/s     wMB/s   rrqm/s   wrqm/s  %rrqm  %wrqm r_await w_await aqu-sz rareq-sz wareq-sz  svctm  %util
sdb           4551.00 19217.00     71.50     71.86 13764.00     0.00  75.15   0.00    0.83    0.70   0.00    16.09     3.83   0.04 100.00

2021년 10월 04일 20시 14분 02초
avg-cpu:  %user   %nice %system %iowait  %steal   %idle
           0.13    0.00   12.40   16.73    0.00   70.74

Device            r/s     w/s     rMB/s     wMB/s   rrqm/s   wrqm/s  %rrqm  %wrqm r_await w_await aqu-sz rareq-sz wareq-sz  svctm  %util
sdb           4546.00 19084.00     71.84     71.34 13885.00     0.00  75.34   0.00    0.83    0.71   0.00    16.18     3.83   0.04 100.00

2021년 10월 04일 20시 14분 03초
avg-cpu:  %user   %nice %system %iowait  %steal   %idle
           0.19    0.00   14.50   16.45    0.00   68.86

Device            r/s     w/s     rMB/s     wMB/s   rrqm/s   wrqm/s  %rrqm  %wrqm r_await w_await aqu-sz rareq-sz wareq-sz  svctm  %util
sdb           4452.00 18489.00     68.97     68.92 13173.00     0.00  74.74   0.00    0.78    0.74   0.32    15.86     3.82   0.04  98.40

2021년 10월 04일 20시 14분 04초
avg-cpu:  %user   %nice %system %iowait  %steal   %idle
           0.32    0.00   14.19   15.90    0.00   69.60

Device            r/s     w/s     rMB/s     wMB/s   rrqm/s   wrqm/s  %rrqm  %wrqm r_await w_await aqu-sz rareq-sz wareq-sz  svctm  %util
sdb           4527.00 19195.00     71.91     71.62 13861.00     0.00  75.38   0.00    0.83    0.70   0.00    16.27     3.82   0.04 100.00

2021년 10월 04일 20시 14분 05초
avg-cpu:  %user   %nice %system %iowait  %steal   %idle
           0.19    0.00   14.49   16.31    0.00   69.01

Device            r/s     w/s     rMB/s     wMB/s   rrqm/s   wrqm/s  %rrqm  %wrqm r_await w_await aqu-sz rareq-sz wareq-sz  svctm  %util
sdb           4570.00 18760.00     70.38     72.99 13448.00   726.00  74.64   3.73    0.81    0.71   0.10    15.77     3.98   0.04  98.80

2021년 10월 04일 20시 14분 06초
avg-cpu:  %user   %nice %system %iowait  %steal   %idle
           0.32    0.00   12.76   15.91    0.00   71.01

Device            r/s     w/s     rMB/s     wMB/s   rrqm/s   wrqm/s  %rrqm  %wrqm r_await w_await aqu-sz rareq-sz wareq-sz  svctm  %util
sdb           4369.00 18642.00     69.65     69.21 13459.00     0.00  75.49   0.00    0.82    0.71   0.00    16.33     3.80   0.04 100.00

2021년 10월 04일 20시 14분 07초
avg-cpu:  %user   %nice %system %iowait  %steal   %idle
           0.26    0.00   12.29   17.18    0.00   70.27

Device            r/s     w/s     rMB/s     wMB/s   rrqm/s   wrqm/s  %rrqm  %wrqm r_await w_await aqu-sz rareq-sz wareq-sz  svctm  %util
sdb           4014.00 18788.00     69.91     69.89 13881.00     0.00  77.57   0.00    0.81    0.72   0.26    17.83     3.81   0.04  98.40

2021년 10월 04일 20시 14분 08초
avg-cpu:  %user   %nice %system %iowait  %steal   %idle
           0.26    0.00   11.80   15.42    0.00   72.52

Device            r/s     w/s     rMB/s     wMB/s   rrqm/s   wrqm/s  %rrqm  %wrqm r_await w_await aqu-sz rareq-sz wareq-sz  svctm  %util
sdb           4344.00 18986.00     71.21     70.60 13885.00     0.00  76.17   0.00    0.82    0.72   0.00    16.79     3.81   0.04 100.00

2021년 10월 04일 20시 14분 09초
avg-cpu:  %user   %nice %system %iowait  %steal   %idle
           0.19    0.00   14.40   15.03    0.00   70.37

Device            r/s     w/s     rMB/s     wMB/s   rrqm/s   wrqm/s  %rrqm  %wrqm r_await w_await aqu-sz rareq-sz wareq-sz  svctm  %util
sdb           4566.00 19716.00     74.24     73.79 14447.00     0.00  75.98   0.00    0.80    0.69   0.06    16.65     3.83   0.04 100.00

2021년 10월 04일 20시 14분 10초
avg-cpu:  %user   %nice %system %iowait  %steal   %idle
           0.31    0.00   14.60   16.89    0.00   68.20

Device            r/s     w/s     rMB/s     wMB/s   rrqm/s   wrqm/s  %rrqm  %wrqm r_await w_await aqu-sz rareq-sz wareq-sz  svctm  %util
sdb           4564.00 17895.00     67.16     69.74 12664.00   862.00  73.51   4.60    0.79    0.77   0.40    15.07     3.99   0.04  98.40

2021년 10월 04일 20시 14분 11초
avg-cpu:  %user   %nice %system %iowait  %steal   %idle
           0.25    0.00   15.35   15.23    0.00   69.17

Device            r/s     w/s     rMB/s     wMB/s   rrqm/s   wrqm/s  %rrqm  %wrqm r_await w_await aqu-sz rareq-sz wareq-sz  svctm  %util
sdb           4417.00 18319.00     67.04     67.52 12701.00     0.00  74.20   0.00    0.81    0.73   0.00    15.54     3.77   0.04 100.00

2021년 10월 04일 20시 14분 12초
avg-cpu:  %user   %nice %system %iowait  %steal   %idle
           0.32    0.00   12.45   17.20    0.00   70.03

Device            r/s     w/s     rMB/s     wMB/s   rrqm/s   wrqm/s  %rrqm  %wrqm r_await w_await aqu-sz rareq-sz wareq-sz  svctm  %util
sdb           4383.00 18698.00     70.65     69.86 13702.00     0.00  75.76   0.00    0.81    0.74   0.32    16.51     3.83   0.04  98.40

2021년 10월 04일 20시 14분 13초
avg-cpu:  %user   %nice %system %iowait  %steal   %idle
           0.19    0.00   14.48   14.85    0.00   70.48

Device            r/s     w/s     rMB/s     wMB/s   rrqm/s   wrqm/s  %rrqm  %wrqm r_await w_await aqu-sz rareq-sz wareq-sz  svctm  %util
sdb           4419.00 19489.00     73.16     72.81 14306.00     0.00  76.40   0.00    0.80    0.69   0.00    16.95     3.83   0.04 100.00

2021년 10월 04일 20시 14분 14초
avg-cpu:  %user   %nice %system %iowait  %steal   %idle
           0.26    0.00   11.82   16.49    0.00   71.43

Device            r/s     w/s     rMB/s     wMB/s   rrqm/s   wrqm/s  %rrqm  %wrqm r_await w_await aqu-sz rareq-sz wareq-sz  svctm  %util
sdb           4403.00 18812.00     69.54     70.16 13416.00     0.00  75.29   0.00    0.80    0.72   0.18    16.17     3.82   0.04  98.80

2021년 10월 04일 20시 14분 15초
avg-cpu:  %user   %nice %system %iowait  %steal   %idle
           0.13    0.00   14.57   15.39    0.00   69.91

Device            r/s     w/s     rMB/s     wMB/s   rrqm/s   wrqm/s  %rrqm  %wrqm r_await w_await aqu-sz rareq-sz wareq-sz  svctm  %util
sdb           4210.00 18576.00     69.47     72.32 13678.00   790.00  76.46   4.08    0.84    0.73   0.10    16.90     3.99   0.04 100.00

2021년 10월 04일 20시 14분 16초
avg-cpu:  %user   %nice %system %iowait  %steal   %idle
           0.26    0.00   13.15   15.77    0.00   70.82

Device            r/s     w/s     rMB/s     wMB/s   rrqm/s   wrqm/s  %rrqm  %wrqm r_await w_await aqu-sz rareq-sz wareq-sz  svctm  %util
sdb           4743.00 18608.00     70.07     69.24 13071.00     0.00  73.37   0.00    0.81    0.72   0.00    15.13     3.81   0.04 100.00

2021년 10월 04일 20시 14분 17초
avg-cpu:  %user   %nice %system %iowait  %steal   %idle
           0.44    0.00   14.54   17.36    0.00   67.67

Device            r/s     w/s     rMB/s     wMB/s   rrqm/s   wrqm/s  %rrqm  %wrqm r_await w_await aqu-sz rareq-sz wareq-sz  svctm  %util
sdb           4580.00 18513.00     69.21     68.88 13164.00     0.00  74.19   0.00    0.78    0.73   0.24    15.47     3.81   0.04  98.40

2021년 10월 04일 20시 14분 18초
avg-cpu:  %user   %nice %system %iowait  %steal   %idle
           0.19    0.00   12.52   15.82    0.00   71.47

Device            r/s     w/s     rMB/s     wMB/s   rrqm/s   wrqm/s  %rrqm  %wrqm r_await w_await aqu-sz rareq-sz wareq-sz  svctm  %util
sdb           4565.00 18939.00     70.03     70.41 13347.00     0.00  74.51   0.00    0.80    0.71   0.00    15.71     3.81   0.04 100.00

2021년 10월 04일 20시 14분 19초
avg-cpu:  %user   %nice %system %iowait  %steal   %idle
           0.25    0.00   13.21   16.48    0.00   70.06

Device            r/s     w/s     rMB/s     wMB/s   rrqm/s   wrqm/s  %rrqm  %wrqm r_await w_await aqu-sz rareq-sz wareq-sz  svctm  %util
sdb           4948.00 18569.00     69.53     69.18 12837.00     0.00  72.18   0.00    0.75    0.73   0.20    14.39     3.82   0.04  99.20

2021년 10월 04일 20시 14분 20초
avg-cpu:  %user   %nice %system %iowait  %steal   %idle
           0.13    0.00   13.18   17.85    0.00   68.84

Device            r/s     w/s     rMB/s     wMB/s   rrqm/s   wrqm/s  %rrqm  %wrqm r_await w_await aqu-sz rareq-sz wareq-sz  svctm  %util
sdb           4439.00 17631.00     64.79     84.21 12147.00  4768.00  73.24  21.29    0.84    0.75   0.15    14.95     4.89   0.05  99.60

2021년 10월 04일 20시 14분 21초
avg-cpu:  %user   %nice %system %iowait  %steal   %idle
           0.25    0.00   14.68   16.31    0.00   68.76

Device            r/s     w/s     rMB/s     wMB/s   rrqm/s   wrqm/s  %rrqm  %wrqm r_await w_await aqu-sz rareq-sz wareq-sz  svctm  %util
sdb           4444.00 18769.00     70.52     69.98 13608.00     0.00  75.38   0.00    0.82    0.71   0.26    16.25     3.82   0.04  98.40

2021년 10월 04일 20시 14분 22초
avg-cpu:  %user   %nice %system %iowait  %steal   %idle
           0.26    0.00   11.84   15.74    0.00   72.15

Device            r/s     w/s     rMB/s     wMB/s   rrqm/s   wrqm/s  %rrqm  %wrqm r_await w_await aqu-sz rareq-sz wareq-sz  svctm  %util
sdb           4478.00 19204.00     71.56     71.53 13868.00     0.00  75.59   0.00    0.80    0.70   0.00    16.36     3.81   0.04 100.00

2021년 10월 04일 20시 14분 23초
avg-cpu:  %user   %nice %system %iowait  %steal   %idle
           0.19    0.00   14.36   16.44    0.00   69.02

Device            r/s     w/s     rMB/s     wMB/s   rrqm/s   wrqm/s  %rrqm  %wrqm r_await w_await aqu-sz rareq-sz wareq-sz  svctm  %util
sdb           4389.00 18655.00     70.50     69.67 13630.00     0.00  75.64   0.00    0.84    0.73   0.29    16.45     3.82   0.04  98.40

2021년 10월 04일 20시 14분 24초
avg-cpu:  %user   %nice %system %iowait  %steal   %idle
           0.32    0.00   13.40   15.44    0.00   70.84

Device            r/s     w/s     rMB/s     wMB/s   rrqm/s   wrqm/s  %rrqm  %wrqm r_await w_await aqu-sz rareq-sz wareq-sz  svctm  %util
sdb           4375.00 19210.00     71.60     71.82 13954.00     0.00  76.13   0.00    0.81    0.70   0.00    16.76     3.83   0.04 100.40

2021년 10월 04일 20시 14분 25초
avg-cpu:  %user   %nice %system %iowait  %steal   %idle
           0.26    0.00   13.27   15.70    0.00   70.77

Device            r/s     w/s     rMB/s     wMB/s   rrqm/s   wrqm/s  %rrqm  %wrqm r_await w_await aqu-sz rareq-sz wareq-sz  svctm  %util
sdb           4017.00 18697.00     69.76     72.51 13840.00   748.00  77.50   3.85    0.83    0.72   0.07    17.78     3.97   0.04  99.20

2021년 10월 04일 20시 14분 26초
avg-cpu:  %user   %nice %system %iowait  %steal   %idle
           0.19    0.00   12.64   17.32    0.00   69.85

Device            r/s     w/s     rMB/s     wMB/s   rrqm/s   wrqm/s  %rrqm  %wrqm r_await w_await aqu-sz rareq-sz wareq-sz  svctm  %util
sdb           4259.00 18534.00     69.51     69.04 13547.00     0.00  76.08   0.00    0.85    0.72   0.21    16.71     3.81   0.04  98.80

2021년 10월 04일 20시 14분 27초
avg-cpu:  %user   %nice %system %iowait  %steal   %idle
           0.19    0.00   14.08   15.53    0.00   70.20

Device            r/s     w/s     rMB/s     wMB/s   rrqm/s   wrqm/s  %rrqm  %wrqm r_await w_await aqu-sz rareq-sz wareq-sz  svctm  %util
sdb           4633.00 18441.00     68.56     68.34 12912.00     0.00  73.59   0.00    0.82    0.73   0.00    15.15     3.79   0.04 100.00

2021년 10월 04일 20시 14분 28초
avg-cpu:  %user   %nice %system %iowait  %steal   %idle
           0.19    0.00   12.28   16.66    0.00   70.87

Device            r/s     w/s     rMB/s     wMB/s   rrqm/s   wrqm/s  %rrqm  %wrqm r_await w_await aqu-sz rareq-sz wareq-sz  svctm  %util
sdb           4109.00 18142.00     66.98     66.93 13034.00     0.00  76.03   0.00    0.86    0.75   0.27    16.69     3.78   0.04  98.80

2021년 10월 04일 20시 14분 29초
avg-cpu:  %user   %nice %system %iowait  %steal   %idle
           0.19    0.00   14.38   16.66    0.00   68.77

Device            r/s     w/s     rMB/s     wMB/s   rrqm/s   wrqm/s  %rrqm  %wrqm r_await w_await aqu-sz rareq-sz wareq-sz  svctm  %util
sdb           4577.00 18877.00     70.70     70.20 13516.00     0.00  74.70   0.00    0.81    0.70   0.00    15.82     3.81   0.04 100.00

2021년 10월 04일 20시 14분 30초
avg-cpu:  %user   %nice %system %iowait  %steal   %idle
           0.25    0.00   13.26   16.24    0.00   70.24

Device            r/s     w/s     rMB/s     wMB/s   rrqm/s   wrqm/s  %rrqm  %wrqm r_await w_await aqu-sz rareq-sz wareq-sz  svctm  %util
sdb           3966.00 17914.00     66.07     69.10 12992.00   814.00  76.61   4.35    0.85    0.75   0.28    17.06     3.95   0.04  98.40

2021년 10월 04일 20시 14분 31초
avg-cpu:  %user   %nice %system %iowait  %steal   %idle
           0.13    0.00   13.69   16.10    0.00   70.09

Device            r/s     w/s     rMB/s     wMB/s   rrqm/s   wrqm/s  %rrqm  %wrqm r_await w_await aqu-sz rareq-sz wareq-sz  svctm  %util
sdb           4065.00 18121.00     67.00     66.28 13073.00     0.00  76.28   0.00    0.85    0.74   0.00    16.88     3.75   0.05 100.00

2021년 10월 04일 20시 14분 32초
avg-cpu:  %user   %nice %system %iowait  %steal   %idle
           0.19    0.00   13.54   15.63    0.00   70.63

Device            r/s     w/s     rMB/s     wMB/s   rrqm/s   wrqm/s  %rrqm  %wrqm r_await w_await aqu-sz rareq-sz wareq-sz  svctm  %util
sdb           4251.00 18195.00     67.20     66.97 12921.00     0.00  75.24   0.00    0.83    0.75   0.00    16.19     3.77   0.04 100.00

2021년 10월 04일 20시 14분 33초
avg-cpu:  %user   %nice %system %iowait  %steal   %idle
           0.19    0.00   14.60   15.66    0.00   69.55

Device            r/s     w/s     rMB/s     wMB/s   rrqm/s   wrqm/s  %rrqm  %wrqm r_await w_await aqu-sz rareq-sz wareq-sz  svctm  %util
sdb           4164.00 18485.00     68.34     68.35 13352.00     0.00  76.23   0.00    0.83    0.74   0.32    16.81     3.79   0.04  98.40

2021년 10월 04일 20시 14분 34초
avg-cpu:  %user   %nice %system %iowait  %steal   %idle
           0.19    0.00   14.20   15.90    0.00   69.70

Device            r/s     w/s     rMB/s     wMB/s   rrqm/s   wrqm/s  %rrqm  %wrqm r_await w_await aqu-sz rareq-sz wareq-sz  svctm  %util
sdb           4547.00 18638.00     70.39     69.39 13448.00     0.00  74.73   0.00    0.82    0.74   0.00    15.85     3.81   0.04 100.00

2021년 10월 04일 20시 14분 35초
avg-cpu:  %user   %nice %system %iowait  %steal   %idle
           0.19    0.00   14.07   17.95    0.00   67.79

Device            r/s     w/s     rMB/s     wMB/s   rrqm/s   wrqm/s  %rrqm  %wrqm r_await w_await aqu-sz rareq-sz wareq-sz  svctm  %util
sdb           4340.00 18352.00     68.18     71.45 13211.00   766.00  75.27   4.01    0.85    0.71   0.41    16.09     3.99   0.04  98.40

2021년 10월 04일 20시 14분 36초
avg-cpu:  %user   %nice %system %iowait  %steal   %idle
           0.32    0.00   12.36   15.77    0.00   71.56

Device            r/s     w/s     rMB/s     wMB/s   rrqm/s   wrqm/s  %rrqm  %wrqm r_await w_await aqu-sz rareq-sz wareq-sz  svctm  %util
sdb           4008.00 18663.00     70.00     69.14 13813.00     0.00  77.51   0.00    0.85    0.73   0.00    17.88     3.79   0.04 100.00

2021년 10월 04일 20시 14분 37초
avg-cpu:  %user   %nice %system %iowait  %steal   %idle
           0.06    0.00   13.39   15.86    0.00   70.69

Device            r/s     w/s     rMB/s     wMB/s   rrqm/s   wrqm/s  %rrqm  %wrqm r_await w_await aqu-sz rareq-sz wareq-sz  svctm  %util
sdb           4077.00 18064.00     67.05     66.80 13088.00     0.00  76.25   0.00    0.81    0.75   0.38    16.84     3.79   0.04  98.00

2021년 10월 04일 20시 14분 38초
avg-cpu:  %user   %nice %system %iowait  %steal   %idle
           0.32    0.00   11.30   16.23    0.00   72.14

Device            r/s     w/s     rMB/s     wMB/s   rrqm/s   wrqm/s  %rrqm  %wrqm r_await w_await aqu-sz rareq-sz wareq-sz  svctm  %util
sdb           4233.00 18175.00     66.85     66.75 12880.00     0.00  75.26   0.00    0.82    0.74   0.00    16.17     3.76   0.04 100.40

2021년 10월 04일 20시 14분 39초
avg-cpu:  %user   %nice %system %iowait  %steal   %idle
           0.38    0.00   13.53   15.17    0.00   70.92

Device            r/s     w/s     rMB/s     wMB/s   rrqm/s   wrqm/s  %rrqm  %wrqm r_await w_await aqu-sz rareq-sz wareq-sz  svctm  %util
sdb           3797.00 18246.00     67.09     67.03 13377.00     0.00  77.89   0.00    0.84    0.76   0.10    18.09     3.76   0.05 100.00

2021년 10월 04일 20시 14분 40초
avg-cpu:  %user   %nice %system %iowait  %steal   %idle
           0.19    0.00   12.92   18.59    0.00   68.30

Device            r/s     w/s     rMB/s     wMB/s   rrqm/s   wrqm/s  %rrqm  %wrqm r_await w_await aqu-sz rareq-sz wareq-sz  svctm  %util
sdb           3916.00 17799.00     65.78     68.18 12924.00   810.00  76.75   4.35    0.85    0.77   0.49    17.20     3.92   0.05  98.40

2021년 10월 04일 20시 14분 41초
avg-cpu:  %user   %nice %system %iowait  %steal   %idle
           0.19    0.00   13.69   15.58    0.00   70.54

Device            r/s     w/s     rMB/s     wMB/s   rrqm/s   wrqm/s  %rrqm  %wrqm r_await w_await aqu-sz rareq-sz wareq-sz  svctm  %util
sdb           4031.00 17798.00     65.21     65.26 12692.00     0.00  75.90   0.00    0.83    0.77   0.00    16.57     3.75   0.05 100.00

2021년 10월 04일 20시 14분 42초
avg-cpu:  %user   %nice %system %iowait  %steal   %idle
           0.31    0.00   13.99   16.69    0.00   69.01

Device            r/s     w/s     rMB/s     wMB/s   rrqm/s   wrqm/s  %rrqm  %wrqm r_await w_await aqu-sz rareq-sz wareq-sz  svctm  %util
sdb           3648.00 18139.00     66.18     66.64 13264.00     0.00  78.43   0.00    0.84    0.77   0.46    18.58     3.76   0.04  98.00

2021년 10월 04일 20시 14분 43초
avg-cpu:  %user   %nice %system %iowait  %steal   %idle
           0.32    0.00   13.83   15.29    0.00   70.56

Device            r/s     w/s     rMB/s     wMB/s   rrqm/s   wrqm/s  %rrqm  %wrqm r_await w_await aqu-sz rareq-sz wareq-sz  svctm  %util
sdb           4217.00 18435.00     68.89     67.85 13417.00     0.00  76.09   0.00    0.81    0.73   0.01    16.73     3.77   0.04 100.00

2021년 10월 04일 20시 14분 44초
avg-cpu:  %user   %nice %system %iowait  %steal   %idle
           0.51    0.00   12.86   15.15    0.00   71.48

Device            r/s     w/s     rMB/s     wMB/s   rrqm/s   wrqm/s  %rrqm  %wrqm r_await w_await aqu-sz rareq-sz wareq-sz  svctm  %util
sdb           4235.00 18121.00     67.00     66.62 12944.00     0.00  75.35   0.00    0.85    0.75   0.00    16.20     3.76   0.04 100.00

2021년 10월 04일 20시 14분 45초
avg-cpu:  %user   %nice %system %iowait  %steal   %idle
           0.19    0.00   13.35   18.10    0.00   68.35

Device            r/s     w/s     rMB/s     wMB/s   rrqm/s   wrqm/s  %rrqm  %wrqm r_await w_await aqu-sz rareq-sz wareq-sz  svctm  %util
sdb           4129.00 17670.00     64.79     68.14 12461.00   811.00  75.11   4.39    0.80    0.78   0.51    16.07     3.95   0.05  98.40

2021년 10월 04일 20시 14분 46초
avg-cpu:  %user   %nice %system %iowait  %steal   %idle
           0.19    0.00   15.50   14.45    0.00   69.87

Device            r/s     w/s     rMB/s     wMB/s   rrqm/s   wrqm/s  %rrqm  %wrqm r_await w_await aqu-sz rareq-sz wareq-sz  svctm  %util
sdb           4159.00 18337.00     68.93     67.70 13473.00     0.00  76.41   0.00    0.83    0.74   0.00    16.97     3.78   0.04 100.00

2021년 10월 04일 20시 14분 47초
avg-cpu:  %user   %nice %system %iowait  %steal   %idle
           0.19    0.00   12.64   16.21    0.00   70.96

Device            r/s     w/s     rMB/s     wMB/s   rrqm/s   wrqm/s  %rrqm  %wrqm r_await w_await aqu-sz rareq-sz wareq-sz  svctm  %util
sdb           3997.00 18257.00     67.18     67.27 13180.00     0.00  76.73   0.00    0.84    0.76   0.38    17.21     3.77   0.04  98.40

2021년 10월 04일 20시 14분 48초
avg-cpu:  %user   %nice %system %iowait  %steal   %idle
           0.20    0.00   11.45   16.85    0.00   71.50

Device            r/s     w/s     rMB/s     wMB/s   rrqm/s   wrqm/s  %rrqm  %wrqm r_await w_await aqu-sz rareq-sz wareq-sz  svctm  %util
sdb           4226.00 18817.00     70.03     70.00 13745.00     0.00  76.48   0.00    0.83    0.72   0.02    16.97     3.81   0.04 100.00

2021년 10월 04일 20시 14분 49초
avg-cpu:  %user   %nice %system %iowait  %steal   %idle
           0.19    0.00   13.22   16.16    0.00   70.43

Device            r/s     w/s     rMB/s     wMB/s   rrqm/s   wrqm/s  %rrqm  %wrqm r_await w_await aqu-sz rareq-sz wareq-sz  svctm  %util
sdb           4552.00 19060.00     71.02     71.18 13622.00     0.00  74.95   0.00    0.78    0.71   0.29    15.98     3.82   0.04  98.40

2021년 10월 04일 20시 14분 50초
avg-cpu:  %user   %nice %system %iowait  %steal   %idle
           0.32    0.00   13.54   16.53    0.00   69.61

Device            r/s     w/s     rMB/s     wMB/s   rrqm/s   wrqm/s  %rrqm  %wrqm r_await w_await aqu-sz rareq-sz wareq-sz  svctm  %util
sdb           4459.00 18751.00     70.70     73.20 13597.00   783.00  75.30   4.01    0.80    0.72   0.08    16.24     4.00   0.04 100.00

2021년 10월 04일 20시 14분 51초
avg-cpu:  %user   %nice %system %iowait  %steal   %idle
           0.26    0.00   12.38   19.37    0.00   67.99

Device            r/s     w/s     rMB/s     wMB/s   rrqm/s   wrqm/s  %rrqm  %wrqm r_await w_await aqu-sz rareq-sz wareq-sz  svctm  %util
sdb           4391.00 17690.00     65.48     83.07 12373.00  4320.00  73.81  19.63    0.84    0.77   0.40    15.27     4.81   0.04  98.40

2021년 10월 04일 20시 14분 52초
avg-cpu:  %user   %nice %system %iowait  %steal   %idle
           0.25    0.00   15.84   15.28    0.00   68.63

Device            r/s     w/s     rMB/s     wMB/s   rrqm/s   wrqm/s  %rrqm  %wrqm r_await w_await aqu-sz rareq-sz wareq-sz  svctm  %util
sdb           4524.00 19339.00     72.18     72.07 13975.00     0.00  75.54   0.00    0.81    0.70   0.00    16.34     3.82   0.04 100.00

2021년 10월 04일 20시 14분 53초
avg-cpu:  %user   %nice %system %iowait  %steal   %idle
           0.19    0.00   14.69   15.25    0.00   69.87

Device            r/s     w/s     rMB/s     wMB/s   rrqm/s   wrqm/s  %rrqm  %wrqm r_await w_await aqu-sz rareq-sz wareq-sz  svctm  %util
sdb           4342.00 18798.00     70.07     70.04 13574.00     0.00  75.76   0.00    0.83    0.72   0.00    16.53     3.82   0.04 100.00

2021년 10월 04일 20시 14분 54초
avg-cpu:  %user   %nice %system %iowait  %steal   %idle
           0.33    0.00   10.49   18.62    0.00   70.56

Device            r/s     w/s     rMB/s     wMB/s   rrqm/s   wrqm/s  %rrqm  %wrqm r_await w_await aqu-sz rareq-sz wareq-sz  svctm  %util
sdb           4624.00 18098.00     68.10     67.35 12810.00     0.00  73.48   0.00    0.81    0.75   0.43    15.08     3.81   0.04  98.40

2021년 10월 04일 20시 14분 55초
avg-cpu:  %user   %nice %system %iowait  %steal   %idle
           0.25    0.00   13.33   15.68    0.00   70.73

Device            r/s     w/s     rMB/s     wMB/s   rrqm/s   wrqm/s  %rrqm  %wrqm r_await w_await aqu-sz rareq-sz wareq-sz  svctm  %util
sdb           4557.00 18577.00     69.62     71.98 13266.00   708.00  74.43   3.67    0.84    0.72   0.02    15.65     3.97   0.04 100.00

2021년 10월 04일 20시 14분 56초
avg-cpu:  %user   %nice %system %iowait  %steal   %idle
           0.45    0.00   12.76   16.85    0.00   69.94

Device            r/s     w/s     rMB/s     wMB/s   rrqm/s   wrqm/s  %rrqm  %wrqm r_await w_await aqu-sz rareq-sz wareq-sz  svctm  %util
sdb           4276.00 18752.00     69.43     70.02 13504.00     0.00  75.95   0.00    0.82    0.74   0.34    16.63     3.82   0.04  98.00

2021년 10월 04일 20시 14분 57초
avg-cpu:  %user   %nice %system %iowait  %steal   %idle
           0.26    0.00   12.07   16.46    0.00   71.21

Device            r/s     w/s     rMB/s     wMB/s   rrqm/s   wrqm/s  %rrqm  %wrqm r_await w_await aqu-sz rareq-sz wareq-sz  svctm  %util
sdb           4390.00 18666.00     70.18     69.48 13582.00     0.00  75.57   0.00    0.83    0.72   0.00    16.37     3.81   0.04 100.00

2021년 10월 04일 20시 14분 58초
avg-cpu:  %user   %nice %system %iowait  %steal   %idle
           0.31    0.00   15.36   16.28    0.00   68.05

Device            r/s     w/s     rMB/s     wMB/s   rrqm/s   wrqm/s  %rrqm  %wrqm r_await w_await aqu-sz rareq-sz wareq-sz  svctm  %util
sdb           4651.00 18376.00     68.79     68.57 12939.00     0.00  73.56   0.00    0.83    0.74   0.26    15.14     3.82   0.04  98.80

2021년 10월 04일 20시 14분 59초
avg-cpu:  %user   %nice %system %iowait  %steal   %idle
           0.45    0.00   12.59   15.67    0.00   71.29

Device            r/s     w/s     rMB/s     wMB/s   rrqm/s   wrqm/s  %rrqm  %wrqm r_await w_await aqu-sz rareq-sz wareq-sz  svctm  %util
sdb           4311.00 18961.00     70.64     70.66 13839.00     0.00  76.25   0.00    0.83    0.70   0.00    16.78     3.82   0.04 100.00

2021년 10월 04일 20시 15분 00초
avg-cpu:  %user   %nice %system %iowait  %steal   %idle
           0.19    0.00   13.47   15.19    0.00   71.16

Device            r/s     w/s     rMB/s     wMB/s   rrqm/s   wrqm/s  %rrqm  %wrqm r_await w_await aqu-sz rareq-sz wareq-sz  svctm  %util
sdb           4631.00 18755.00     70.82     73.61 13433.00   916.00  74.36   4.66    0.82    0.71   0.16    15.66     4.02   0.04 100.00

2021년 10월 04일 20시 15분 01초
avg-cpu:  %user   %nice %system %iowait  %steal   %idle
           0.32    0.00   12.02   17.38    0.00   70.28

Device            r/s     w/s     rMB/s     wMB/s   rrqm/s   wrqm/s  %rrqm  %wrqm r_await w_await aqu-sz rareq-sz wareq-sz  svctm  %util
sdb           4470.00 18349.00     68.79     68.46 13138.00     0.00  74.61   0.00    0.82    0.74   0.46    15.76     3.82   0.04  98.40

2021년 10월 04일 20시 15분 02초
avg-cpu:  %user   %nice %system %iowait  %steal   %idle
           0.32    0.00   12.83   16.10    0.00   70.75

Device            r/s     w/s     rMB/s     wMB/s   rrqm/s   wrqm/s  %rrqm  %wrqm r_await w_await aqu-sz rareq-sz wareq-sz  svctm  %util
sdb           4569.00 18998.00     71.08     70.88 13625.00     0.00  74.89   0.00    0.81    0.71   0.00    15.93     3.82   0.04 100.00

2021년 10월 04일 20시 15분 03초
avg-cpu:  %user   %nice %system %iowait  %steal   %idle
           0.26    0.00   11.89   17.38    0.00   70.48

Device            r/s     w/s     rMB/s     wMB/s   rrqm/s   wrqm/s  %rrqm  %wrqm r_await w_await aqu-sz rareq-sz wareq-sz  svctm  %util
sdb           4368.00 18651.00     70.18     69.66 13597.00     0.00  75.69   0.00    0.77    0.72   0.26    16.45     3.82   0.04  98.80

2021년 10월 04일 20시 15분 04초
avg-cpu:  %user   %nice %system %iowait  %steal   %idle
           0.25    0.00   14.99   15.50    0.00   69.26

Device            r/s     w/s     rMB/s     wMB/s   rrqm/s   wrqm/s  %rrqm  %wrqm r_await w_await aqu-sz rareq-sz wareq-sz  svctm  %util
sdb           4386.00 19324.00     72.13     72.30 14079.00     0.00  76.25   0.00    0.83    0.70   0.00    16.84     3.83   0.04 100.00

2021년 10월 04일 20시 15분 05초
avg-cpu:  %user   %nice %system %iowait  %steal   %idle
           0.19    0.00   12.85   18.35    0.00   68.61

Device            r/s     w/s     rMB/s     wMB/s   rrqm/s   wrqm/s  %rrqm  %wrqm r_await w_await aqu-sz rareq-sz wareq-sz  svctm  %util
sdb           3704.00 18379.00     68.64     71.62 13868.00   863.00  78.92   4.48    0.90    0.74   0.45    18.98     3.99   0.04  98.40

2021년 10월 04일 20시 15분 06초
avg-cpu:  %user   %nice %system %iowait  %steal   %idle
           0.19    0.00   13.77   15.80    0.00   70.24

Device            r/s     w/s     rMB/s     wMB/s   rrqm/s   wrqm/s  %rrqm  %wrqm r_await w_await aqu-sz rareq-sz wareq-sz  svctm  %util
sdb           4337.00 18789.00     70.30     69.83 13694.00     0.00  75.95   0.00    0.84    0.72   0.00    16.60     3.81   0.04 100.00

2021년 10월 04일 20시 15분 07초
avg-cpu:  %user   %nice %system %iowait  %steal   %idle
           0.31    0.00   16.37   15.51    0.00   67.82

Device            r/s     w/s     rMB/s     wMB/s   rrqm/s   wrqm/s  %rrqm  %wrqm r_await w_await aqu-sz rareq-sz wareq-sz  svctm  %util
sdb           4597.00 18868.00     71.03     70.42 13552.00     0.00  74.67   0.00    0.83    0.72   0.04    15.82     3.82   0.04 100.00

2021년 10월 04일 20시 15분 08초
avg-cpu:  %user   %nice %system %iowait  %steal   %idle
           0.18    0.00   16.44   14.96    0.00   68.41

Device            r/s     w/s     rMB/s     wMB/s   rrqm/s   wrqm/s  %rrqm  %wrqm r_await w_await aqu-sz rareq-sz wareq-sz  svctm  %util
sdb           4346.00 19440.00     73.35     72.77 14511.00     0.00  76.95   0.00    0.84    0.69   0.22    17.28     3.83   0.04  98.40

2021년 10월 04일 20시 15분 09초
avg-cpu:  %user   %nice %system %iowait  %steal   %idle
           0.26    0.00   13.21   16.59    0.00   69.94

Device            r/s     w/s     rMB/s     wMB/s   rrqm/s   wrqm/s  %rrqm  %wrqm r_await w_await aqu-sz rareq-sz wareq-sz  svctm  %util
sdb           4213.00 18999.00     71.21     70.60 13936.00     0.00  76.79   0.00    0.83    0.72   0.00    17.31     3.81   0.04 100.00

2021년 10월 04일 20시 15분 10초
avg-cpu:  %user   %nice %system %iowait  %steal   %idle
           0.31    0.00   14.88   16.70    0.00   68.11

Device            r/s     w/s     rMB/s     wMB/s   rrqm/s   wrqm/s  %rrqm  %wrqm r_await w_await aqu-sz rareq-sz wareq-sz  svctm  %util
sdb           4676.00 18982.00     71.00     74.71 13499.00   864.00  74.27   4.35    0.79    0.70   0.31    15.55     4.03   0.04  98.80

2021년 10월 04일 20시 15분 11초
avg-cpu:  %user   %nice %system %iowait  %steal   %idle
           0.32    0.00   12.55   16.22    0.00   70.91

Device            r/s     w/s     rMB/s     wMB/s   rrqm/s   wrqm/s  %rrqm  %wrqm r_await w_await aqu-sz rareq-sz wareq-sz  svctm  %util
sdb           4186.00 19008.00     70.84     70.79 13952.00     0.00  76.92   0.00    0.82    0.71   0.00    17.33     3.81   0.04 100.00

2021년 10월 04일 20시 15분 12초
avg-cpu:  %user   %nice %system %iowait  %steal   %idle
           0.32    0.00   11.99   17.37    0.00   70.32

Device            r/s     w/s     rMB/s     wMB/s   rrqm/s   wrqm/s  %rrqm  %wrqm r_await w_await aqu-sz rareq-sz wareq-sz  svctm  %util
sdb           3879.00 18099.00     68.32     67.04 13658.00     0.00  77.88   0.00    0.84    0.77   0.25    18.03     3.79   0.04  98.40

2021년 10월 04일 20시 15분 13초
avg-cpu:  %user   %nice %system %iowait  %steal   %idle
           0.00    0.00    0.63    0.63    0.00   98.74

Device            r/s     w/s     rMB/s     wMB/s   rrqm/s   wrqm/s  %rrqm  %wrqm r_await w_await aqu-sz rareq-sz wareq-sz  svctm  %util
sdb            155.00 1455.00      3.24      5.55   615.00     0.00  79.87   0.00    0.79    0.47   0.00    21.42     3.91   0.03   5.20

2021년 10월 04일 20시 15분 14초
avg-cpu:  %user   %nice %system %iowait  %steal   %idle
           0.12    0.00    0.12    0.00    0.00   99.75

Device            r/s     w/s     rMB/s     wMB/s   rrqm/s   wrqm/s  %rrqm  %wrqm r_await w_await aqu-sz rareq-sz wareq-sz  svctm  %util
sdb              0.00    0.00      0.00      0.00     0.00     0.00   0.00   0.00    0.00    0.00   0.00     0.00     0.00   0.00   0.00

2021년 10월 04일 20시 15분 15초
avg-cpu:  %user   %nice %system %iowait  %steal   %idle
           0.00    0.00    0.19    0.06    0.00   99.75

Device            r/s     w/s     rMB/s     wMB/s   rrqm/s   wrqm/s  %rrqm  %wrqm r_await w_await aqu-sz rareq-sz wareq-sz  svctm  %util
sdb              0.00    4.00      0.00      1.71     0.00   435.00   0.00  99.09    0.00    4.25   0.01     0.00   439.00   3.00   1.20

2021년 10월 04일 20시 15분 16초
avg-cpu:  %user   %nice %system %iowait  %steal   %idle
           0.00    0.00    0.13    0.00    0.00   99.87

Device            r/s     w/s     rMB/s     wMB/s   rrqm/s   wrqm/s  %rrqm  %wrqm r_await w_await aqu-sz rareq-sz wareq-sz  svctm  %util
sdb              0.00    0.00      0.00      0.00     0.00     0.00   0.00   0.00    0.00    0.00   0.00     0.00     0.00   0.00   0.00

2021년 10월 04일 20시 15분 17초
avg-cpu:  %user   %nice %system %iowait  %steal   %idle
           0.06    0.00    0.12    0.00    0.00   99.81

Device            r/s     w/s     rMB/s     wMB/s   rrqm/s   wrqm/s  %rrqm  %wrqm r_await w_await aqu-sz rareq-sz wareq-sz  svctm  %util
sdb              0.00    0.00      0.00      0.00     0.00     0.00   0.00   0.00    0.00    0.00   0.00     0.00     0.00   0.00   0.00

2021년 10월 04일 20시 15분 18초
avg-cpu:  %user   %nice %system %iowait  %steal   %idle
           0.00    0.00    0.19    0.00    0.00   99.81

Device            r/s     w/s     rMB/s     wMB/s   rrqm/s   wrqm/s  %rrqm  %wrqm r_await w_await aqu-sz rareq-sz wareq-sz  svctm  %util
sdb              0.00    0.00      0.00      0.00     0.00     0.00   0.00   0.00    0.00    0.00   0.00     0.00     0.00   0.00   0.00

2021년 10월 04일 20시 15분 19초
avg-cpu:  %user   %nice %system %iowait  %steal   %idle
           0.00    0.00    0.25    0.00    0.00   99.75

Device            r/s     w/s     rMB/s     wMB/s   rrqm/s   wrqm/s  %rrqm  %wrqm r_await w_await aqu-sz rareq-sz wareq-sz  svctm  %util
sdb              0.00    0.00      0.00      0.00     0.00     0.00   0.00   0.00    0.00    0.00   0.00     0.00     0.00   0.00   0.00

2021년 10월 04일 20시 15분 20초
avg-cpu:  %user   %nice %system %iowait  %steal   %idle
           0.06    0.00    0.12    0.00    0.00   99.81

Device            r/s     w/s     rMB/s     wMB/s   rrqm/s   wrqm/s  %rrqm  %wrqm r_await w_await aqu-sz rareq-sz wareq-sz  svctm  %util
sdb              0.00    0.00      0.00      0.00     0.00     0.00   0.00   0.00    0.00    0.00   0.00     0.00     0.00   0.00   0.00

2021년 10월 04일 20시 15분 21초
avg-cpu:  %user   %nice %system %iowait  %steal   %idle
           0.00    0.00    0.06    0.00    0.00   99.94

Device            r/s     w/s     rMB/s     wMB/s   rrqm/s   wrqm/s  %rrqm  %wrqm r_await w_await aqu-sz rareq-sz wareq-sz  svctm  %util
sdb              0.00    0.00      0.00      0.00     0.00     0.00   0.00   0.00    0.00    0.00   0.00     0.00     0.00   0.00   0.00

2021년 10월 04일 20시 15분 22초
avg-cpu:  %user   %nice %system %iowait  %steal   %idle
           0.00    0.00    0.19    0.00    0.00   99.81

Device            r/s     w/s     rMB/s     wMB/s   rrqm/s   wrqm/s  %rrqm  %wrqm r_await w_await aqu-sz rareq-sz wareq-sz  svctm  %util
sdb              0.00    0.00      0.00      0.00     0.00     0.00   0.00   0.00    0.00    0.00   0.00     0.00     0.00   0.00   0.00

2021년 10월 04일 20시 15분 23초
avg-cpu:  %user   %nice %system %iowait  %steal   %idle
           0.06    0.00    0.12    0.00    0.00   99.81

Device            r/s     w/s     rMB/s     wMB/s   rrqm/s   wrqm/s  %rrqm  %wrqm r_await w_await aqu-sz rareq-sz wareq-sz  svctm  %util
sdb              0.00    0.00      0.00      0.00     0.00     0.00   0.00   0.00    0.00    0.00   0.00     0.00     0.00   0.00   0.00

2021년 10월 04일 20시 15분 24초
avg-cpu:  %user   %nice %system %iowait  %steal   %idle
           0.00    0.00    0.13    0.00    0.00   99.87

Device            r/s     w/s     rMB/s     wMB/s   rrqm/s   wrqm/s  %rrqm  %wrqm r_await w_await aqu-sz rareq-sz wareq-sz  svctm  %util
sdb              0.00    0.00      0.00      0.00     0.00     0.00   0.00   0.00    0.00    0.00   0.00     0.00     0.00   0.00   0.00

2021년 10월 04일 20시 15분 25초
avg-cpu:  %user   %nice %system %iowait  %steal   %idle
           0.00    0.00    0.12    0.00    0.00   99.88

Device            r/s     w/s     rMB/s     wMB/s   rrqm/s   wrqm/s  %rrqm  %wrqm r_await w_await aqu-sz rareq-sz wareq-sz  svctm  %util
sdb              0.00    0.00      0.00      0.00     0.00     0.00   0.00   0.00    0.00    0.00   0.00     0.00     0.00   0.00   0.00

2021년 10월 04일 20시 15분 26초
avg-cpu:  %user   %nice %system %iowait  %steal   %idle
           0.06    0.00    0.06    0.00    0.00   99.87

Device            r/s     w/s     rMB/s     wMB/s   rrqm/s   wrqm/s  %rrqm  %wrqm r_await w_await aqu-sz rareq-sz wareq-sz  svctm  %util
sdb              0.00    0.00      0.00      0.00     0.00     0.00   0.00   0.00    0.00    0.00   0.00     0.00     0.00   0.00   0.00

2021년 10월 04일 20시 15분 27초
avg-cpu:  %user   %nice %system %iowait  %steal   %idle
           0.00    0.00    0.25    0.00    0.00   99.75

Device            r/s     w/s     rMB/s     wMB/s   rrqm/s   wrqm/s  %rrqm  %wrqm r_await w_await aqu-sz rareq-sz wareq-sz  svctm  %util
sdb              0.00  198.00      0.00     12.73     0.00  3060.00   0.00  93.92    0.00    1.74   0.08     0.00    65.82   0.18   3.60

2021년 10월 04일 20시 15분 28초
avg-cpu:  %user   %nice %system %iowait  %steal   %idle
           0.00    0.00    0.13    0.00    0.00   99.87

Device            r/s     w/s     rMB/s     wMB/s   rrqm/s   wrqm/s  %rrqm  %wrqm r_await w_await aqu-sz rareq-sz wareq-sz  svctm  %util
sdb              0.00    0.00      0.00      0.00     0.00     0.00   0.00   0.00    0.00    0.00   0.00     0.00     0.00   0.00   0.00

2021년 10월 04일 20시 15분 29초
avg-cpu:  %user   %nice %system %iowait  %steal   %idle
           0.06    0.00    0.06    0.00    0.00   99.88

Device            r/s     w/s     rMB/s     wMB/s   rrqm/s   wrqm/s  %rrqm  %wrqm r_await w_await aqu-sz rareq-sz wareq-sz  svctm  %util
sdb              0.00    0.00      0.00      0.00     0.00     0.00   0.00   0.00    0.00    0.00   0.00     0.00     0.00   0.00   0.00

2021년 10월 04일 20시 15분 30초
avg-cpu:  %user   %nice %system %iowait  %steal   %idle
           0.00    0.00    0.06    0.00    0.00   99.94

Device            r/s     w/s     rMB/s     wMB/s   rrqm/s   wrqm/s  %rrqm  %wrqm r_await w_await aqu-sz rareq-sz wareq-sz  svctm  %util
sdb              0.00    0.00      0.00      0.00     0.00     0.00   0.00   0.00    0.00    0.00   0.00     0.00     0.00   0.00   0.00

2021년 10월 04일 20시 15분 31초
avg-cpu:  %user   %nice %system %iowait  %steal   %idle
           0.06    0.00    0.12    0.00    0.00   99.81

Device            r/s     w/s     rMB/s     wMB/s   rrqm/s   wrqm/s  %rrqm  %wrqm r_await w_await aqu-sz rareq-sz wareq-sz  svctm  %util
sdb              0.00    0.00      0.00      0.00     0.00     0.00   0.00   0.00    0.00    0.00   0.00     0.00     0.00   0.00   0.00

2021년 10월 04일 20시 15분 32초
avg-cpu:  %user   %nice %system %iowait  %steal   %idle
           0.00    0.00    0.13    0.00    0.00   99.87

Device            r/s     w/s     rMB/s     wMB/s   rrqm/s   wrqm/s  %rrqm  %wrqm r_await w_await aqu-sz rareq-sz wareq-sz  svctm  %util
sdb              0.00    0.00      0.00      0.00     0.00     0.00   0.00   0.00    0.00    0.00   0.00     0.00     0.00   0.00   0.00

2021년 10월 04일 20시 15분 33초
avg-cpu:  %user   %nice %system %iowait  %steal   %idle
           0.00    0.00    0.12    0.00    0.00   99.88

Device            r/s     w/s     rMB/s     wMB/s   rrqm/s   wrqm/s  %rrqm  %wrqm r_await w_await aqu-sz rareq-sz wareq-sz  svctm  %util
sdb              0.00    0.00      0.00      0.00     0.00     0.00   0.00   0.00    0.00    0.00   0.00     0.00     0.00   0.00   0.00

2021년 10월 04일 20시 15분 34초
avg-cpu:  %user   %nice %system %iowait  %steal   %idle
           0.00    0.00    0.19    0.00    0.00   99.81

Device            r/s     w/s     rMB/s     wMB/s   rrqm/s   wrqm/s  %rrqm  %wrqm r_await w_await aqu-sz rareq-sz wareq-sz  svctm  %util
sdb              0.00    0.00      0.00      0.00     0.00     0.00   0.00   0.00    0.00    0.00   0.00     0.00     0.00   0.00   0.00

2021년 10월 04일 20시 15분 35초
avg-cpu:  %user   %nice %system %iowait  %steal   %idle
           0.00    0.00    0.13    0.00    0.00   99.87

Device            r/s     w/s     rMB/s     wMB/s   rrqm/s   wrqm/s  %rrqm  %wrqm r_await w_await aqu-sz rareq-sz wareq-sz  svctm  %util
sdb              0.00    0.00      0.00      0.00     0.00     0.00   0.00   0.00    0.00    0.00   0.00     0.00     0.00   0.00   0.00

2021년 10월 04일 20시 15분 36초
avg-cpu:  %user   %nice %system %iowait  %steal   %idle
           0.12    0.00    0.06    0.00    0.00   99.81

Device            r/s     w/s     rMB/s     wMB/s   rrqm/s   wrqm/s  %rrqm  %wrqm r_await w_await aqu-sz rareq-sz wareq-sz  svctm  %util
sdb              0.00    0.00      0.00      0.00     0.00     0.00   0.00   0.00    0.00    0.00   0.00     0.00     0.00   0.00   0.00

2021년 10월 04일 20시 15분 37초
avg-cpu:  %user   %nice %system %iowait  %steal   %idle
           0.06    0.00    0.12    0.00    0.00   99.81

Device            r/s     w/s     rMB/s     wMB/s   rrqm/s   wrqm/s  %rrqm  %wrqm r_await w_await aqu-sz rareq-sz wareq-sz  svctm  %util
sdb              0.00    0.00      0.00      0.00     0.00     0.00   0.00   0.00    0.00    0.00   0.00     0.00     0.00   0.00   0.00

2021년 10월 04일 20시 15분 38초
avg-cpu:  %user   %nice %system %iowait  %steal   %idle
           0.06    0.00    0.12    0.00    0.00   99.81

Device            r/s     w/s     rMB/s     wMB/s   rrqm/s   wrqm/s  %rrqm  %wrqm r_await w_await aqu-sz rareq-sz wareq-sz  svctm  %util
sdb              0.00    0.00      0.00      0.00     0.00     0.00   0.00   0.00    0.00    0.00   0.00     0.00     0.00   0.00   0.00

2021년 10월 04일 20시 15분 39초
avg-cpu:  %user   %nice %system %iowait  %steal   %idle
           0.06    0.00    0.12    0.00    0.00   99.81

Device            r/s     w/s     rMB/s     wMB/s   rrqm/s   wrqm/s  %rrqm  %wrqm r_await w_await aqu-sz rareq-sz wareq-sz  svctm  %util
sdb              0.00    0.00      0.00      0.00     0.00     0.00   0.00   0.00    0.00    0.00   0.00     0.00     0.00   0.00   0.00

2021년 10월 04일 20시 15분 40초
avg-cpu:  %user   %nice %system %iowait  %steal   %idle
           0.00    0.00    0.13    0.00    0.00   99.87

Device            r/s     w/s     rMB/s     wMB/s   rrqm/s   wrqm/s  %rrqm  %wrqm r_await w_await aqu-sz rareq-sz wareq-sz  svctm  %util
sdb              0.00    0.00      0.00      0.00     0.00     0.00   0.00   0.00    0.00    0.00   0.00     0.00     0.00   0.00   0.00

2021년 10월 04일 20시 15분 41초
avg-cpu:  %user   %nice %system %iowait  %steal   %idle
           0.06    0.00    0.06    0.00    0.00   99.87

Device            r/s     w/s     rMB/s     wMB/s   rrqm/s   wrqm/s  %rrqm  %wrqm r_await w_await aqu-sz rareq-sz wareq-sz  svctm  %util
sdb              0.00    0.00      0.00      0.00     0.00     0.00   0.00   0.00    0.00    0.00   0.00     0.00     0.00   0.00   0.00

2021년 10월 04일 20시 15분 42초
avg-cpu:  %user   %nice %system %iowait  %steal   %idle
           0.06    0.00    0.06    0.00    0.00   99.88

Device            r/s     w/s     rMB/s     wMB/s   rrqm/s   wrqm/s  %rrqm  %wrqm r_await w_await aqu-sz rareq-sz wareq-sz  svctm  %util
sdb              0.00    0.00      0.00      0.00     0.00     0.00   0.00   0.00    0.00    0.00   0.00     0.00     0.00   0.00   0.00

2021년 10월 04일 20시 15분 43초
avg-cpu:  %user   %nice %system %iowait  %steal   %idle
           0.06    0.00    0.06    0.00    0.00   99.88

Device            r/s     w/s     rMB/s     wMB/s   rrqm/s   wrqm/s  %rrqm  %wrqm r_await w_await aqu-sz rareq-sz wareq-sz  svctm  %util
sdb              0.00    0.00      0.00      0.00     0.00     0.00   0.00   0.00    0.00    0.00   0.00     0.00     0.00   0.00   0.00

2021년 10월 04일 20시 15분 44초
avg-cpu:  %user   %nice %system %iowait  %steal   %idle
           0.06    0.00    0.06    0.00    0.00   99.87

Device            r/s     w/s     rMB/s     wMB/s   rrqm/s   wrqm/s  %rrqm  %wrqm r_await w_await aqu-sz rareq-sz wareq-sz  svctm  %util
sdb              0.00    0.00      0.00      0.00     0.00     0.00   0.00   0.00    0.00    0.00   0.00     0.00     0.00   0.00   0.00

2021년 10월 04일 20시 15분 45초
avg-cpu:  %user   %nice %system %iowait  %steal   %idle
           0.06    0.00    0.06    0.00    0.00   99.88

Device            r/s     w/s     rMB/s     wMB/s   rrqm/s   wrqm/s  %rrqm  %wrqm r_await w_await aqu-sz rareq-sz wareq-sz  svctm  %util
sdb              0.00    0.00      0.00      0.00     0.00     0.00   0.00   0.00    0.00    0.00   0.00     0.00     0.00   0.00   0.00

2021년 10월 04일 20시 15분 46초
avg-cpu:  %user   %nice %system %iowait  %steal   %idle
           0.00    0.00    0.06    0.00    0.00   99.94

Device            r/s     w/s     rMB/s     wMB/s   rrqm/s   wrqm/s  %rrqm  %wrqm r_await w_await aqu-sz rareq-sz wareq-sz  svctm  %util
sdb              0.00    0.00      0.00      0.00     0.00     0.00   0.00   0.00    0.00    0.00   0.00     0.00     0.00   0.00   0.00

2021년 10월 04일 20시 15분 47초
avg-cpu:  %user   %nice %system %iowait  %steal   %idle
           0.06    0.00    0.19    0.06    0.00   99.69

Device            r/s     w/s     rMB/s     wMB/s   rrqm/s   wrqm/s  %rrqm  %wrqm r_await w_await aqu-sz rareq-sz wareq-sz  svctm  %util
sdb              0.00    0.00      0.00      0.00     0.00     0.00   0.00   0.00    0.00    0.00   0.00     0.00     0.00   0.00   0.00

2021년 10월 04일 20시 15분 48초
avg-cpu:  %user   %nice %system %iowait  %steal   %idle
           0.06    0.00    0.19    0.00    0.00   99.75

Device            r/s     w/s     rMB/s     wMB/s   rrqm/s   wrqm/s  %rrqm  %wrqm r_await w_await aqu-sz rareq-sz wareq-sz  svctm  %util
sdb              0.00    0.00      0.00      0.00     0.00     0.00   0.00   0.00    0.00    0.00   0.00     0.00     0.00   0.00   0.00

2021년 10월 04일 20시 15분 49초
avg-cpu:  %user   %nice %system %iowait  %steal   %idle
           0.00    0.00    0.13    0.00    0.00   99.87

Device            r/s     w/s     rMB/s     wMB/s   rrqm/s   wrqm/s  %rrqm  %wrqm r_await w_await aqu-sz rareq-sz wareq-sz  svctm  %util
sdb              0.00    0.00      0.00      0.00     0.00     0.00   0.00   0.00    0.00    0.00   0.00     0.00     0.00   0.00   0.00

2021년 10월 04일 20시 15분 50초
avg-cpu:  %user   %nice %system %iowait  %steal   %idle
           0.12    0.00    0.12    0.00    0.00   99.75

Device            r/s     w/s     rMB/s     wMB/s   rrqm/s   wrqm/s  %rrqm  %wrqm r_await w_await aqu-sz rareq-sz wareq-sz  svctm  %util
sdb              0.00    0.00      0.00      0.00     0.00     0.00   0.00   0.00    0.00    0.00   0.00     0.00     0.00   0.00   0.00

2021년 10월 04일 20시 15분 51초
avg-cpu:  %user   %nice %system %iowait  %steal   %idle
           0.00    0.00    0.13    0.00    0.00   99.87

Device            r/s     w/s     rMB/s     wMB/s   rrqm/s   wrqm/s  %rrqm  %wrqm r_await w_await aqu-sz rareq-sz wareq-sz  svctm  %util
sdb              0.00    0.00      0.00      0.00     0.00     0.00   0.00   0.00    0.00    0.00   0.00     0.00     0.00   0.00   0.00

2021년 10월 04일 20시 15분 52초
avg-cpu:  %user   %nice %system %iowait  %steal   %idle
           0.00    0.00    0.25    0.00    0.00   99.75

Device            r/s     w/s     rMB/s     wMB/s   rrqm/s   wrqm/s  %rrqm  %wrqm r_await w_await aqu-sz rareq-sz wareq-sz  svctm  %util
sdb              0.00    0.00      0.00      0.00     0.00     0.00   0.00   0.00    0.00    0.00   0.00     0.00     0.00   0.00   0.00

2021년 10월 04일 20시 15분 53초
avg-cpu:  %user   %nice %system %iowait  %steal   %idle
           0.00    0.00    0.13    0.00    0.00   99.87

Device            r/s     w/s     rMB/s     wMB/s   rrqm/s   wrqm/s  %rrqm  %wrqm r_await w_await aqu-sz rareq-sz wareq-sz  svctm  %util
sdb              0.00    0.00      0.00      0.00     0.00     0.00   0.00   0.00    0.00    0.00   0.00     0.00     0.00   0.00   0.00

2021년 10월 04일 20시 15분 54초
avg-cpu:  %user   %nice %system %iowait  %steal   %idle
           0.00    0.00    0.19    0.00    0.00   99.81

Device            r/s     w/s     rMB/s     wMB/s   rrqm/s   wrqm/s  %rrqm  %wrqm r_await w_await aqu-sz rareq-sz wareq-sz  svctm  %util
sdb              0.00    0.00      0.00      0.00     0.00     0.00   0.00   0.00    0.00    0.00   0.00     0.00     0.00   0.00   0.00

