Linux 5.5.8test (syslab-desk) 	2021년 10월 04일 	_x86_64_	(16 CPU)

2021년 10월 04일 14시 53분 06초
avg-cpu:  %user   %nice %system %iowait  %steal   %idle
           3.29    0.00    1.74    3.16    0.00   91.81

Device            r/s     w/s     rMB/s     wMB/s   rrqm/s   wrqm/s  %rrqm  %wrqm r_await w_await aqu-sz rareq-sz wareq-sz  svctm  %util
sdb              0.11   29.47      0.01      1.52     0.00    28.18   0.01  48.88    3.01    2.46   0.02    80.52    52.74   0.14   0.42

2021년 10월 04일 14시 53분 07초
avg-cpu:  %user   %nice %system %iowait  %steal   %idle
           0.06    0.00    0.12    0.00    0.00   99.81

Device            r/s     w/s     rMB/s     wMB/s   rrqm/s   wrqm/s  %rrqm  %wrqm r_await w_await aqu-sz rareq-sz wareq-sz  svctm  %util
sdb              0.00    0.00      0.00      0.00     0.00     0.00   0.00   0.00    0.00    0.00   0.00     0.00     0.00   0.00   0.00

2021년 10월 04일 14시 53분 08초
avg-cpu:  %user   %nice %system %iowait  %steal   %idle
           0.06    0.00    0.12    0.00    0.00   99.81

Device            r/s     w/s     rMB/s     wMB/s   rrqm/s   wrqm/s  %rrqm  %wrqm r_await w_await aqu-sz rareq-sz wareq-sz  svctm  %util
sdb              0.00    0.00      0.00      0.00     0.00     0.00   0.00   0.00    0.00    0.00   0.00     0.00     0.00   0.00   0.00

2021년 10월 04일 14시 53분 09초
avg-cpu:  %user   %nice %system %iowait  %steal   %idle
           0.00    0.00    0.19    0.00    0.00   99.81

Device            r/s     w/s     rMB/s     wMB/s   rrqm/s   wrqm/s  %rrqm  %wrqm r_await w_await aqu-sz rareq-sz wareq-sz  svctm  %util
sdb              0.00    0.00      0.00      0.00     0.00     0.00   0.00   0.00    0.00    0.00   0.00     0.00     0.00   0.00   0.00

2021년 10월 04일 14시 53분 10초
avg-cpu:  %user   %nice %system %iowait  %steal   %idle
           0.13    0.00    1.44    0.06    0.00   98.37

Device            r/s     w/s     rMB/s     wMB/s   rrqm/s   wrqm/s  %rrqm  %wrqm r_await w_await aqu-sz rareq-sz wareq-sz  svctm  %util
sdb           2284.00    1.00     21.14      0.00  3043.00     0.00  57.12   0.00    0.15    1.00   0.00     9.48     0.00   0.23  52.00

2021년 10월 04일 14시 53분 11초
avg-cpu:  %user   %nice %system %iowait  %steal   %idle
           0.19    0.00    1.75    3.32    0.00   94.74

Device            r/s     w/s     rMB/s     wMB/s   rrqm/s   wrqm/s  %rrqm  %wrqm r_await w_await aqu-sz rareq-sz wareq-sz  svctm  %util
sdb           7214.00  363.00     40.44     15.89  3045.00     0.00  29.68   0.00    0.09    0.40   0.00     5.74    44.83   0.13 100.00

2021년 10월 04일 14시 53분 12초
avg-cpu:  %user   %nice %system %iowait  %steal   %idle
           0.06    0.00    0.75    0.31    0.00   98.87

Device            r/s     w/s     rMB/s     wMB/s   rrqm/s   wrqm/s  %rrqm  %wrqm r_await w_await aqu-sz rareq-sz wareq-sz  svctm  %util
sdb           9672.00  737.00     37.78     37.74     0.00     0.00   0.00   0.00    0.06    0.45   0.00     4.00    52.43   0.10 100.00

2021년 10월 04일 14시 53분 13초
avg-cpu:  %user   %nice %system %iowait  %steal   %idle
           0.12    0.00    1.19    0.25    0.00   98.44

Device            r/s     w/s     rMB/s     wMB/s   rrqm/s   wrqm/s  %rrqm  %wrqm r_await w_await aqu-sz rareq-sz wareq-sz  svctm  %util
sdb           9405.00  733.00     36.74     36.47     0.00     0.00   0.00   0.00    0.06    0.45   0.00     4.00    50.95   0.10 100.00

2021년 10월 04일 14시 53분 14초
avg-cpu:  %user   %nice %system %iowait  %steal   %idle
           0.13    0.00    0.82    0.31    0.00   98.75

Device            r/s     w/s     rMB/s     wMB/s   rrqm/s   wrqm/s  %rrqm  %wrqm r_await w_await aqu-sz rareq-sz wareq-sz  svctm  %util
sdb           10257.00  781.00     40.07     39.96     0.00     0.00   0.00   0.00    0.05    0.45   0.00     4.00    52.39   0.09 100.00

2021년 10월 04일 14시 53분 15초
avg-cpu:  %user   %nice %system %iowait  %steal   %idle
           0.06    0.00    1.00    0.38    0.00   98.56

Device            r/s     w/s     rMB/s     wMB/s   rrqm/s   wrqm/s  %rrqm  %wrqm r_await w_await aqu-sz rareq-sz wareq-sz  svctm  %util
sdb           10064.00  793.00     39.31     39.24     0.00     0.00   0.00   0.00    0.05    0.44   0.02     4.00    50.67   0.09  98.40

2021년 10월 04일 14시 53분 16초
avg-cpu:  %user   %nice %system %iowait  %steal   %idle
           0.00    0.00    0.75    0.31    0.00   98.93

Device            r/s     w/s     rMB/s     wMB/s   rrqm/s   wrqm/s  %rrqm  %wrqm r_await w_await aqu-sz rareq-sz wareq-sz  svctm  %util
sdb           9423.00  727.00     36.81     38.79     0.00   657.00   0.00  47.47    0.06    0.48   0.00     4.00    54.63   0.10 100.00

2021년 10월 04일 14시 53분 17초
avg-cpu:  %user   %nice %system %iowait  %steal   %idle
           0.06    0.00    1.19    0.31    0.00   98.44

Device            r/s     w/s     rMB/s     wMB/s   rrqm/s   wrqm/s  %rrqm  %wrqm r_await w_await aqu-sz rareq-sz wareq-sz  svctm  %util
sdb           9739.00  737.00     38.04     38.55     0.00   171.00   0.00  18.83    0.06    0.45   0.00     4.00    53.56   0.10 100.00

2021년 10월 04일 14시 53분 18초
avg-cpu:  %user   %nice %system %iowait  %steal   %idle
           0.13    0.00    0.75    0.25    0.00   98.87

Device            r/s     w/s     rMB/s     wMB/s   rrqm/s   wrqm/s  %rrqm  %wrqm r_await w_await aqu-sz rareq-sz wareq-sz  svctm  %util
sdb           9720.00  740.00     37.97     37.84     0.00     0.00   0.00   0.00    0.06    0.46   0.00     4.00    52.36   0.10 100.00

2021년 10월 04일 14시 53분 19초
avg-cpu:  %user   %nice %system %iowait  %steal   %idle
           0.00    0.00    1.00    0.38    0.00   98.62

Device            r/s     w/s     rMB/s     wMB/s   rrqm/s   wrqm/s  %rrqm  %wrqm r_await w_await aqu-sz rareq-sz wareq-sz  svctm  %util
sdb           9900.00  706.00     38.67     38.52     0.00     0.00   0.00   0.00    0.06    0.51   0.02     4.00    55.88   0.09  98.80

2021년 10월 04일 14시 53분 20초
avg-cpu:  %user   %nice %system %iowait  %steal   %idle
           0.13    0.00    1.19    0.44    0.00   98.25

Device            r/s     w/s     rMB/s     wMB/s   rrqm/s   wrqm/s  %rrqm  %wrqm r_await w_await aqu-sz rareq-sz wareq-sz  svctm  %util
sdb           9970.00  741.00     38.95     38.76     0.00     0.00   0.00   0.00    0.06    0.45   0.00     4.00    53.57   0.09 100.00

2021년 10월 04일 14시 53분 21초
avg-cpu:  %user   %nice %system %iowait  %steal   %idle
           0.06    0.00    3.06    3.31    0.00   93.56

Device            r/s     w/s     rMB/s     wMB/s   rrqm/s   wrqm/s  %rrqm  %wrqm r_await w_await aqu-sz rareq-sz wareq-sz  svctm  %util
sdb           7667.00  588.00     29.95     29.91     0.00     0.00   0.00   0.00    0.06    0.42   0.00     4.00    52.08   0.12 100.00

2021년 10월 04일 14시 53분 22초
avg-cpu:  %user   %nice %system %iowait  %steal   %idle
           0.06    0.00    2.26    3.01    0.00   94.66

Device            r/s     w/s     rMB/s     wMB/s   rrqm/s   wrqm/s  %rrqm  %wrqm r_await w_await aqu-sz rareq-sz wareq-sz  svctm  %util
sdb           7914.00  601.00     30.91     32.22     0.00   367.00   0.00  37.91    0.06    0.44   0.00     4.00    54.90   0.12 100.00

2021년 10월 04일 14시 53분 23초
avg-cpu:  %user   %nice %system %iowait  %steal   %idle
           0.13    0.00    0.88    0.25    0.00   98.75

Device            r/s     w/s     rMB/s     wMB/s   rrqm/s   wrqm/s  %rrqm  %wrqm r_await w_await aqu-sz rareq-sz wareq-sz  svctm  %util
sdb           10506.00  761.00     41.04     40.94     0.00     0.00   0.00   0.00    0.05    0.46   0.00     4.00    55.09   0.09 100.00

2021년 10월 04일 14시 53분 24초
avg-cpu:  %user   %nice %system %iowait  %steal   %idle
           0.06    0.00    0.94    0.38    0.00   98.62

Device            r/s     w/s     rMB/s     wMB/s   rrqm/s   wrqm/s  %rrqm  %wrqm r_await w_await aqu-sz rareq-sz wareq-sz  svctm  %util
sdb           9912.00  842.00     38.72     38.41     0.00     0.00   0.00   0.00    0.05    0.42   0.02     4.00    46.71   0.09  98.80

2021년 10월 04일 14시 53분 25초
avg-cpu:  %user   %nice %system %iowait  %steal   %idle
           0.13    0.00    1.00    0.25    0.00   98.62

Device            r/s     w/s     rMB/s     wMB/s   rrqm/s   wrqm/s  %rrqm  %wrqm r_await w_await aqu-sz rareq-sz wareq-sz  svctm  %util
sdb           10241.00  779.00     40.00     41.27     0.00   328.00   0.00  29.63    0.05    0.45   0.00     4.00    54.24   0.09 100.00

2021년 10월 04일 14시 53분 26초
avg-cpu:  %user   %nice %system %iowait  %steal   %idle
           0.00    0.00    0.75    0.31    0.00   98.93

Device            r/s     w/s     rMB/s     wMB/s   rrqm/s   wrqm/s  %rrqm  %wrqm r_await w_await aqu-sz rareq-sz wareq-sz  svctm  %util
sdb           9611.00  853.00     37.54     37.11     0.00     0.00   0.00   0.00    0.06    0.41   0.00     4.00    44.55   0.10 100.00

2021년 10월 04일 14시 53분 27초
avg-cpu:  %user   %nice %system %iowait  %steal   %idle
           0.06    0.00    1.00    0.31    0.00   98.62

Device            r/s     w/s     rMB/s     wMB/s   rrqm/s   wrqm/s  %rrqm  %wrqm r_await w_await aqu-sz rareq-sz wareq-sz  svctm  %util
sdb           10162.00  855.00     39.70     39.82     0.00     0.00   0.00   0.00    0.06    0.39   0.00     4.00    47.69   0.09 100.00

2021년 10월 04일 14시 53분 28초
avg-cpu:  %user   %nice %system %iowait  %steal   %idle
           0.00    0.00    0.57    0.38    0.00   99.06

Device            r/s     w/s     rMB/s     wMB/s   rrqm/s   wrqm/s  %rrqm  %wrqm r_await w_await aqu-sz rareq-sz wareq-sz  svctm  %util
sdb           10042.00  835.00     39.23     39.14     0.00     0.00   0.00   0.00    0.05    0.44   0.02     4.00    48.00   0.09  98.40

2021년 10월 04일 14시 53분 29초
avg-cpu:  %user   %nice %system %iowait  %steal   %idle
           0.13    0.00    0.75    0.25    0.00   98.87

Device            r/s     w/s     rMB/s     wMB/s   rrqm/s   wrqm/s  %rrqm  %wrqm r_await w_await aqu-sz rareq-sz wareq-sz  svctm  %util
sdb           9869.00  840.00     38.55     38.38     0.00     0.00   0.00   0.00    0.06    0.42   0.00     4.00    46.79   0.09 100.00

2021년 10월 04일 14시 53분 30초
avg-cpu:  %user   %nice %system %iowait  %steal   %idle
           0.06    0.00    2.81    2.81    0.00   94.31

Device            r/s     w/s     rMB/s     wMB/s   rrqm/s   wrqm/s  %rrqm  %wrqm r_await w_await aqu-sz rareq-sz wareq-sz  svctm  %util
sdb           7684.00  665.00     30.02     31.45     0.00   382.00   0.00  36.49    0.06    0.40   0.00     4.00    48.43   0.12 100.00

2021년 10월 04일 14시 53분 31초
avg-cpu:  %user   %nice %system %iowait  %steal   %idle
           0.13    0.00    0.82    0.44    0.00   98.62

Device            r/s     w/s     rMB/s     wMB/s   rrqm/s   wrqm/s  %rrqm  %wrqm r_await w_await aqu-sz rareq-sz wareq-sz  svctm  %util
sdb           10037.00  872.00     39.21     39.03     0.00     0.00   0.00   0.00    0.05    0.41   0.00     4.00    45.83   0.09 100.00

2021년 10월 04일 14시 53분 32초
avg-cpu:  %user   %nice %system %iowait  %steal   %idle
           0.13    0.00    1.13    1.26    0.00   97.49

Device            r/s     w/s     rMB/s     wMB/s   rrqm/s   wrqm/s  %rrqm  %wrqm r_await w_await aqu-sz rareq-sz wareq-sz  svctm  %util
sdb           9492.00  936.00     37.08     36.98     0.00     0.00   0.00   0.00    0.05    0.36   0.00     4.00    40.45   0.10 100.00

2021년 10월 04일 14시 53분 33초
avg-cpu:  %user   %nice %system %iowait  %steal   %idle
           0.06    0.00    0.94    0.38    0.00   98.62

Device            r/s     w/s     rMB/s     wMB/s   rrqm/s   wrqm/s  %rrqm  %wrqm r_await w_await aqu-sz rareq-sz wareq-sz  svctm  %util
sdb           10399.00  957.00     40.62     41.45     0.00   287.00   0.00  23.07    0.05    0.39   0.02     4.00    44.35   0.09  98.80

2021년 10월 04일 14시 53분 34초
avg-cpu:  %user   %nice %system %iowait  %steal   %idle
           0.00    0.00    1.06    0.38    0.00   98.56

Device            r/s     w/s     rMB/s     wMB/s   rrqm/s   wrqm/s  %rrqm  %wrqm r_await w_await aqu-sz rareq-sz wareq-sz  svctm  %util
sdb           9556.00  954.00     37.33     38.08     0.00   178.00   0.00  15.72    0.06    0.37   0.00     4.00    40.87   0.10 100.00

2021년 10월 04일 14시 53분 35초
avg-cpu:  %user   %nice %system %iowait  %steal   %idle
           0.13    0.00    0.82    0.44    0.00   98.62

Device            r/s     w/s     rMB/s     wMB/s   rrqm/s   wrqm/s  %rrqm  %wrqm r_await w_await aqu-sz rareq-sz wareq-sz  svctm  %util
sdb           9137.00  879.00     35.69     35.50     0.00     0.00   0.00   0.00    0.06    0.40   0.00     4.00    41.36   0.10 100.00

2021년 10월 04일 14시 53분 36초
avg-cpu:  %user   %nice %system %iowait  %steal   %idle
           0.06    0.00    1.00    0.81    0.00   98.12

Device            r/s     w/s     rMB/s     wMB/s   rrqm/s   wrqm/s  %rrqm  %wrqm r_await w_await aqu-sz rareq-sz wareq-sz  svctm  %util
sdb           9982.00  889.00     38.99     38.73     0.00     0.00   0.00   0.00    0.06    0.38   0.00     4.00    44.61   0.09 100.00

2021년 10월 04일 14시 53분 37초
avg-cpu:  %user   %nice %system %iowait  %steal   %idle
           0.06    0.00    0.57    0.31    0.00   99.06

Device            r/s     w/s     rMB/s     wMB/s   rrqm/s   wrqm/s  %rrqm  %wrqm r_await w_await aqu-sz rareq-sz wareq-sz  svctm  %util
sdb           9765.00  864.00     38.14     38.11     0.00     0.00   0.00   0.00    0.06    0.41   0.02     4.00    45.17   0.09  98.40

2021년 10월 04일 14시 53분 38초
avg-cpu:  %user   %nice %system %iowait  %steal   %idle
           0.13    0.00    1.00    0.31    0.00   98.56

Device            r/s     w/s     rMB/s     wMB/s   rrqm/s   wrqm/s  %rrqm  %wrqm r_await w_await aqu-sz rareq-sz wareq-sz  svctm  %util
sdb           9134.00  888.00     35.68     35.53     0.00     0.00   0.00   0.00    0.06    0.39   0.00     4.00    40.97   0.10 100.00

2021년 10월 04일 14시 53분 39초
avg-cpu:  %user   %nice %system %iowait  %steal   %idle
           0.00    0.00    0.63    0.38    0.00   98.99

Device            r/s     w/s     rMB/s     wMB/s   rrqm/s   wrqm/s  %rrqm  %wrqm r_await w_await aqu-sz rareq-sz wareq-sz  svctm  %util
sdb           9557.00  903.00     37.33     38.94     0.00   449.00   0.00  33.21    0.06    0.39   0.00     4.00    44.16   0.10 100.00

2021년 10월 04일 14시 53분 40초
avg-cpu:  %user   %nice %system %iowait  %steal   %idle
           0.13    0.00    0.75    0.25    0.00   98.87

Device            r/s     w/s     rMB/s     wMB/s   rrqm/s   wrqm/s  %rrqm  %wrqm r_await w_await aqu-sz rareq-sz wareq-sz  svctm  %util
sdb           9794.00  875.00     38.26     37.75     0.00     0.00   0.00   0.00    0.06    0.40   0.00     4.00    44.17   0.09 100.00

2021년 10월 04일 14시 53분 41초
avg-cpu:  %user   %nice %system %iowait  %steal   %idle
           0.06    0.00    0.94    0.38    0.00   98.62

Device            r/s     w/s     rMB/s     wMB/s   rrqm/s   wrqm/s  %rrqm  %wrqm r_await w_await aqu-sz rareq-sz wareq-sz  svctm  %util
sdb           9820.00  865.00     38.36     38.59     0.00     0.00   0.00   0.00    0.06    0.41   0.02     4.00    45.68   0.09  98.80

2021년 10월 04일 14시 53분 42초
avg-cpu:  %user   %nice %system %iowait  %steal   %idle
           0.06    0.00    0.88    0.25    0.00   98.81

Device            r/s     w/s     rMB/s     wMB/s   rrqm/s   wrqm/s  %rrqm  %wrqm r_await w_await aqu-sz rareq-sz wareq-sz  svctm  %util
sdb           9460.00  880.00     36.95     36.77     0.00     0.00   0.00   0.00    0.06    0.38   0.00     4.00    42.79   0.10 100.00

2021년 10월 04일 14시 53분 43초
avg-cpu:  %user   %nice %system %iowait  %steal   %idle
           0.13    0.00    2.63    2.69    0.00   94.56

Device            r/s     w/s     rMB/s     wMB/s   rrqm/s   wrqm/s  %rrqm  %wrqm r_await w_await aqu-sz rareq-sz wareq-sz  svctm  %util
sdb           7857.00  744.00     30.69     30.48     0.00     0.00   0.00   0.00    0.06    0.37   0.00     4.00    41.95   0.12 100.00

2021년 10월 04일 14시 53분 44초
avg-cpu:  %user   %nice %system %iowait  %steal   %idle
           0.00    0.00    0.88    0.31    0.00   98.81

Device            r/s     w/s     rMB/s     wMB/s   rrqm/s   wrqm/s  %rrqm  %wrqm r_await w_await aqu-sz rareq-sz wareq-sz  svctm  %util
sdb           9788.00  871.00     38.23     39.98     0.00   505.00   0.00  36.70    0.06    0.40   0.00     4.00    47.01   0.09 100.00

2021년 10월 04일 14시 53분 45초
avg-cpu:  %user   %nice %system %iowait  %steal   %idle
           0.00    0.00    1.06    0.31    0.00   98.62

Device            r/s     w/s     rMB/s     wMB/s   rrqm/s   wrqm/s  %rrqm  %wrqm r_await w_await aqu-sz rareq-sz wareq-sz  svctm  %util
sdb           9873.00  889.00     38.57     38.57     0.00     0.00   0.00   0.00    0.06    0.39   0.00     4.00    44.42   0.09 100.00

2021년 10월 04일 14시 53분 46초
avg-cpu:  %user   %nice %system %iowait  %steal   %idle
           0.13    0.00    0.81    0.38    0.00   98.68

Device            r/s     w/s     rMB/s     wMB/s   rrqm/s   wrqm/s  %rrqm  %wrqm r_await w_await aqu-sz rareq-sz wareq-sz  svctm  %util
sdb           8939.00  883.00     34.92     34.62     0.00     0.00   0.00   0.00    0.06    0.40   0.02     4.00    40.14   0.10  98.40

2021년 10월 04일 14시 53분 47초
avg-cpu:  %user   %nice %system %iowait  %steal   %idle
           0.00    0.00    0.94    0.31    0.00   98.75

Device            r/s     w/s     rMB/s     wMB/s   rrqm/s   wrqm/s  %rrqm  %wrqm r_await w_await aqu-sz rareq-sz wareq-sz  svctm  %util
sdb           9323.00 1032.00     36.42     46.62     0.00  2484.00   0.00  70.65    0.06    0.61   0.12     4.00    46.26   0.10 100.00

2021년 10월 04일 14시 53분 48초
avg-cpu:  %user   %nice %system %iowait  %steal   %idle
           0.06    0.00    0.94    0.31    0.00   98.69

Device            r/s     w/s     rMB/s     wMB/s   rrqm/s   wrqm/s  %rrqm  %wrqm r_await w_await aqu-sz rareq-sz wareq-sz  svctm  %util
sdb           9979.00  915.00     38.98     38.74     0.00     0.00   0.00   0.00    0.06    0.38   0.00     4.00    43.36   0.09 100.00

2021년 10월 04일 14시 53분 49초
avg-cpu:  %user   %nice %system %iowait  %steal   %idle
           0.06    0.00    1.06    0.31    0.00   98.56

Device            r/s     w/s     rMB/s     wMB/s   rrqm/s   wrqm/s  %rrqm  %wrqm r_await w_await aqu-sz rareq-sz wareq-sz  svctm  %util
sdb           10004.00  983.00     39.08     38.98     0.00     0.00   0.00   0.00    0.05    0.36   0.00     4.00    40.61   0.09 100.00

2021년 10월 04일 14시 53분 50초
avg-cpu:  %user   %nice %system %iowait  %steal   %idle
           0.06    0.00    0.88    0.38    0.00   98.68

Device            r/s     w/s     rMB/s     wMB/s   rrqm/s   wrqm/s  %rrqm  %wrqm r_await w_await aqu-sz rareq-sz wareq-sz  svctm  %util
sdb           9650.00  856.00     37.70     37.57     0.00     0.00   0.00   0.00    0.06    0.40   0.02     4.00    44.95   0.09  98.40

2021년 10월 04일 14시 53분 51초
avg-cpu:  %user   %nice %system %iowait  %steal   %idle
           0.06    0.00    0.75    0.31    0.00   98.87

Device            r/s     w/s     rMB/s     wMB/s   rrqm/s   wrqm/s  %rrqm  %wrqm r_await w_await aqu-sz rareq-sz wareq-sz  svctm  %util
sdb           9799.00  870.00     38.28     38.09     0.00     0.00   0.00   0.00    0.06    0.39   0.00     4.00    44.83   0.09 100.00

2021년 10월 04일 14시 53분 52초
avg-cpu:  %user   %nice %system %iowait  %steal   %idle
           0.06    0.00    1.06    0.25    0.00   98.62

Device            r/s     w/s     rMB/s     wMB/s   rrqm/s   wrqm/s  %rrqm  %wrqm r_await w_await aqu-sz rareq-sz wareq-sz  svctm  %util
sdb           9636.00  927.00     37.64     39.05     0.00   437.00   0.00  32.04    0.06    0.39   0.00     4.00    43.14   0.09 100.00

2021년 10월 04일 14시 53분 53초
avg-cpu:  %user   %nice %system %iowait  %steal   %idle
           0.00    0.00    0.88    0.31    0.00   98.81

Device            r/s     w/s     rMB/s     wMB/s   rrqm/s   wrqm/s  %rrqm  %wrqm r_await w_await aqu-sz rareq-sz wareq-sz  svctm  %util
sdb           9519.00  942.00     37.18     37.77     0.00   165.00   0.00  14.91    0.06    0.36   0.00     4.00    41.06   0.10 100.00

2021년 10월 04일 14시 53분 54초
avg-cpu:  %user   %nice %system %iowait  %steal   %idle
           0.13    0.00    0.69    0.31    0.00   98.87

Device            r/s     w/s     rMB/s     wMB/s   rrqm/s   wrqm/s  %rrqm  %wrqm r_await w_await aqu-sz rareq-sz wareq-sz  svctm  %util
sdb           9928.00  914.00     38.78     38.49     0.00     0.00   0.00   0.00    0.05    0.40   0.01     4.00    43.12   0.09  98.80

2021년 10월 04일 14시 53분 55초
avg-cpu:  %user   %nice %system %iowait  %steal   %idle
           0.06    0.00    1.00    0.31    0.00   98.62

Device            r/s     w/s     rMB/s     wMB/s   rrqm/s   wrqm/s  %rrqm  %wrqm r_await w_await aqu-sz rareq-sz wareq-sz  svctm  %util
sdb           9905.00  928.00     38.69     38.40     0.00     0.00   0.00   0.00    0.06    0.37   0.00     4.00    42.37   0.09 100.00

2021년 10월 04일 14시 53분 56초
avg-cpu:  %user   %nice %system %iowait  %steal   %idle
           0.13    0.00    0.75    0.25    0.00   98.87

Device            r/s     w/s     rMB/s     wMB/s   rrqm/s   wrqm/s  %rrqm  %wrqm r_await w_await aqu-sz rareq-sz wareq-sz  svctm  %util
sdb           9772.00  826.00     38.17     38.29     0.00     0.00   0.00   0.00    0.06    0.41   0.00     4.00    47.47   0.09 100.00

2021년 10월 04일 14시 53분 57초
avg-cpu:  %user   %nice %system %iowait  %steal   %idle
           0.06    0.00    1.00    0.25    0.00   98.68

Device            r/s     w/s     rMB/s     wMB/s   rrqm/s   wrqm/s  %rrqm  %wrqm r_await w_await aqu-sz rareq-sz wareq-sz  svctm  %util
sdb           9805.00  766.00     38.30     38.11     0.00     0.00   0.00   0.00    0.06    0.46   0.00     4.00    50.95   0.09 100.00

2021년 10월 04일 14시 53분 58초
avg-cpu:  %user   %nice %system %iowait  %steal   %idle
           0.06    0.00    1.00    0.44    0.00   98.50

Device            r/s     w/s     rMB/s     wMB/s   rrqm/s   wrqm/s  %rrqm  %wrqm r_await w_await aqu-sz rareq-sz wareq-sz  svctm  %util
sdb           9774.00  716.00     38.18     40.12     0.00   587.00   0.00  45.05    0.05    0.52   0.02     4.00    57.39   0.09  98.80

2021년 10월 04일 14시 53분 59초
avg-cpu:  %user   %nice %system %iowait  %steal   %idle
           0.06    0.00    1.13    0.25    0.00   98.56

Device            r/s     w/s     rMB/s     wMB/s   rrqm/s   wrqm/s  %rrqm  %wrqm r_await w_await aqu-sz rareq-sz wareq-sz  svctm  %util
sdb           9713.00  795.00     37.94     37.96     0.00     0.00   0.00   0.00    0.06    0.44   0.00     4.00    48.89   0.10 100.00

2021년 10월 04일 14시 54분 00초
avg-cpu:  %user   %nice %system %iowait  %steal   %idle
           0.06    0.00    0.94    0.31    0.00   98.69

Device            r/s     w/s     rMB/s     wMB/s   rrqm/s   wrqm/s  %rrqm  %wrqm r_await w_await aqu-sz rareq-sz wareq-sz  svctm  %util
sdb           9900.00  743.00     38.67     38.35     0.00     0.00   0.00   0.00    0.06    0.47   0.00     4.00    52.86   0.09 100.00

2021년 10월 04일 14시 54분 01초
avg-cpu:  %user   %nice %system %iowait  %steal   %idle
           0.06    0.00    0.57    0.31    0.00   99.06

Device            r/s     w/s     rMB/s     wMB/s   rrqm/s   wrqm/s  %rrqm  %wrqm r_await w_await aqu-sz rareq-sz wareq-sz  svctm  %util
sdb           9482.00  746.00     37.04     37.04     0.00     0.00   0.00   0.00    0.06    0.45   0.00     4.00    50.85   0.10 100.00

2021년 10월 04일 14시 54분 02초
avg-cpu:  %user   %nice %system %iowait  %steal   %idle
           0.00    0.00    1.82    2.32    0.00   95.86

Device            r/s     w/s     rMB/s     wMB/s   rrqm/s   wrqm/s  %rrqm  %wrqm r_await w_await aqu-sz rareq-sz wareq-sz  svctm  %util
sdb           8572.00  621.00     33.48     35.00     0.00   445.00   0.00  41.74    0.06    0.46   0.00     4.00    57.71   0.11 100.00

2021년 10월 04일 14시 54분 03초
avg-cpu:  %user   %nice %system %iowait  %steal   %idle
           0.06    0.00    0.94    0.38    0.00   98.62

Device            r/s     w/s     rMB/s     wMB/s   rrqm/s   wrqm/s  %rrqm  %wrqm r_await w_await aqu-sz rareq-sz wareq-sz  svctm  %util
sdb           8690.00  727.00     33.95     33.77     0.00     0.00   0.00   0.00    0.06    0.45   0.02     4.00    47.57   0.10  98.80

2021년 10월 04일 14시 54분 04초
avg-cpu:  %user   %nice %system %iowait  %steal   %idle
           0.06    0.00    2.76    3.26    0.00   93.92

Device            r/s     w/s     rMB/s     wMB/s   rrqm/s   wrqm/s  %rrqm  %wrqm r_await w_await aqu-sz rareq-sz wareq-sz  svctm  %util
sdb           7174.00  593.00     28.02     27.94     0.00     0.00   0.00   0.00    0.07    0.41   0.00     4.00    48.25   0.13 100.00

2021년 10월 04일 14시 54분 05초
avg-cpu:  %user   %nice %system %iowait  %steal   %idle
           0.06    0.00    0.75    0.31    0.00   98.87

Device            r/s     w/s     rMB/s     wMB/s   rrqm/s   wrqm/s  %rrqm  %wrqm r_await w_await aqu-sz rareq-sz wareq-sz  svctm  %util
sdb           9390.00  796.00     36.68     37.75     0.00   350.00   0.00  30.54    0.06    0.43   0.00     4.00    48.56   0.10 100.00

2021년 10월 04일 14시 54분 06초
avg-cpu:  %user   %nice %system %iowait  %steal   %idle
           0.06    0.00    0.88    0.25    0.00   98.81

Device            r/s     w/s     rMB/s     wMB/s   rrqm/s   wrqm/s  %rrqm  %wrqm r_await w_await aqu-sz rareq-sz wareq-sz  svctm  %util
sdb           10174.00  740.00     39.74     39.49     0.00     0.00   0.00   0.00    0.06    0.45   0.00     4.00    54.65   0.09 100.00

2021년 10월 04일 14시 54분 07초
avg-cpu:  %user   %nice %system %iowait  %steal   %idle
           0.06    0.00    0.63    0.50    0.00   98.81

Device            r/s     w/s     rMB/s     wMB/s   rrqm/s   wrqm/s  %rrqm  %wrqm r_await w_await aqu-sz rareq-sz wareq-sz  svctm  %util
sdb           10073.00  745.00     39.35     40.12     0.00   213.00   0.00  22.23    0.05    0.49   0.02     4.00    55.14   0.09  98.80

2021년 10월 04일 14시 54분 08초
avg-cpu:  %user   %nice %system %iowait  %steal   %idle
           0.00    0.00    2.56    2.50    0.00   94.94

Device            r/s     w/s     rMB/s     wMB/s   rrqm/s   wrqm/s  %rrqm  %wrqm r_await w_await aqu-sz rareq-sz wareq-sz  svctm  %util
sdb           8795.00  616.00     34.36     34.08     0.00     0.00   0.00   0.00    0.06    0.44   0.00     4.00    56.65   0.11 100.00

2021년 10월 04일 14시 54분 09초
avg-cpu:  %user   %nice %system %iowait  %steal   %idle
           0.06    0.00    0.94    0.31    0.00   98.68

Device            r/s     w/s     rMB/s     wMB/s   rrqm/s   wrqm/s  %rrqm  %wrqm r_await w_await aqu-sz rareq-sz wareq-sz  svctm  %util
sdb           10084.00  807.00     39.39     39.41     0.00     0.00   0.00   0.00    0.05    0.44   0.00     4.00    50.01   0.09 100.00

2021년 10월 04일 14시 54분 10초
avg-cpu:  %user   %nice %system %iowait  %steal   %idle
           0.06    0.00    0.94    0.31    0.00   98.68

Device            r/s     w/s     rMB/s     wMB/s   rrqm/s   wrqm/s  %rrqm  %wrqm r_await w_await aqu-sz rareq-sz wareq-sz  svctm  %util
sdb           9554.00  800.00     37.32     36.79     0.00     0.00   0.00   0.00    0.06    0.44   0.00     4.00    47.09   0.10 100.00

2021년 10월 04일 14시 54분 11초
avg-cpu:  %user   %nice %system %iowait  %steal   %idle
           0.06    0.00    0.82    0.31    0.00   98.81

Device            r/s     w/s     rMB/s     wMB/s   rrqm/s   wrqm/s  %rrqm  %wrqm r_await w_await aqu-sz rareq-sz wareq-sz  svctm  %util
sdb           9015.00  702.00     35.21     35.42     0.00     0.00   0.00   0.00    0.06    0.46   0.00     4.00    51.67   0.10 100.00

2021년 10월 04일 14시 54분 12초
avg-cpu:  %user   %nice %system %iowait  %steal   %idle
           0.00    0.00    0.82    0.38    0.00   98.81

Device            r/s     w/s     rMB/s     wMB/s   rrqm/s   wrqm/s  %rrqm  %wrqm r_await w_await aqu-sz rareq-sz wareq-sz  svctm  %util
sdb           9331.00  683.00     36.45     38.10     0.00   478.00   0.00  41.17    0.06    0.51   0.02     4.00    57.12   0.10  98.40

2021년 10월 04일 14시 54분 13초
avg-cpu:  %user   %nice %system %iowait  %steal   %idle
           0.00    0.00    0.94    0.25    0.00   98.81

Device            r/s     w/s     rMB/s     wMB/s   rrqm/s   wrqm/s  %rrqm  %wrqm r_await w_await aqu-sz rareq-sz wareq-sz  svctm  %util
sdb           9769.00  755.00     38.16     37.81     0.00     0.00   0.00   0.00    0.06    0.44   0.00     4.00    51.28   0.10 100.00

2021년 10월 04일 14시 54분 14초
avg-cpu:  %user   %nice %system %iowait  %steal   %idle
           0.13    0.00    1.00    0.25    0.00   98.62

Device            r/s     w/s     rMB/s     wMB/s   rrqm/s   wrqm/s  %rrqm  %wrqm r_await w_await aqu-sz rareq-sz wareq-sz  svctm  %util
sdb           9665.00  828.00     37.75     37.93     0.00     0.00   0.00   0.00    0.06    0.42   0.00     4.00    46.91   0.10 100.00

2021년 10월 04일 14시 54분 15초
avg-cpu:  %user   %nice %system %iowait  %steal   %idle
           0.06    0.00    1.00    0.31    0.00   98.62

Device            r/s     w/s     rMB/s     wMB/s   rrqm/s   wrqm/s  %rrqm  %wrqm r_await w_await aqu-sz rareq-sz wareq-sz  svctm  %util
sdb           9352.00  775.00     36.53     36.31     0.00     0.00   0.00   0.00    0.06    0.43   0.00     4.00    47.98   0.10 100.00

2021년 10월 04일 14시 54분 16초
avg-cpu:  %user   %nice %system %iowait  %steal   %idle
           0.13    0.00    0.82    0.38    0.00   98.68

Device            r/s     w/s     rMB/s     wMB/s   rrqm/s   wrqm/s  %rrqm  %wrqm r_await w_await aqu-sz rareq-sz wareq-sz  svctm  %util
sdb           9965.00  728.00     38.93     38.82     0.00     0.00   0.00   0.00    0.05    0.49   0.02     4.00    54.60   0.09  98.80

2021년 10월 04일 14시 54분 17초
avg-cpu:  %user   %nice %system %iowait  %steal   %idle
           0.00    0.00    0.94    0.31    0.00   98.74

Device            r/s     w/s     rMB/s     wMB/s   rrqm/s   wrqm/s  %rrqm  %wrqm r_await w_await aqu-sz rareq-sz wareq-sz  svctm  %util
sdb           10193.00  753.00     39.82     41.61     0.00   498.00   0.00  39.81    0.05    0.47   0.00     4.00    56.58   0.09 100.00

2021년 10월 04일 14시 54분 18초
avg-cpu:  %user   %nice %system %iowait  %steal   %idle
           0.00    0.00    0.82    0.38    0.00   98.81

Device            r/s     w/s     rMB/s     wMB/s   rrqm/s   wrqm/s  %rrqm  %wrqm r_await w_await aqu-sz rareq-sz wareq-sz  svctm  %util
sdb           9982.00  926.00     38.99     48.45     0.00  2281.00   0.00  71.13    0.06    0.74   0.16     4.00    53.57   0.09 100.00

2021년 10월 04일 14시 54분 19초
avg-cpu:  %user   %nice %system %iowait  %steal   %idle
           0.06    0.00    0.88    0.31    0.00   98.75

Device            r/s     w/s     rMB/s     wMB/s   rrqm/s   wrqm/s  %rrqm  %wrqm r_await w_await aqu-sz rareq-sz wareq-sz  svctm  %util
sdb           9697.00  787.00     37.88     37.70     0.00     0.00   0.00   0.00    0.06    0.44   0.00     4.00    49.05   0.10 100.00

2021년 10월 04일 14시 54분 20초
avg-cpu:  %user   %nice %system %iowait  %steal   %idle
           0.12    0.00    2.69    2.87    0.00   94.32

Device            r/s     w/s     rMB/s     wMB/s   rrqm/s   wrqm/s  %rrqm  %wrqm r_await w_await aqu-sz rareq-sz wareq-sz  svctm  %util
sdb           8002.00  561.00     31.26     31.13     0.00     0.00   0.00   0.00    0.06    0.49   0.02     4.00    56.82   0.12  98.80

2021년 10월 04일 14시 54분 21초
avg-cpu:  %user   %nice %system %iowait  %steal   %idle
           0.06    0.00    2.45    3.14    0.00   94.35

Device            r/s     w/s     rMB/s     wMB/s   rrqm/s   wrqm/s  %rrqm  %wrqm r_await w_await aqu-sz rareq-sz wareq-sz  svctm  %util
sdb           7727.00  592.00     30.18     30.10     0.00     0.00   0.00   0.00    0.06    0.44   0.00     4.00    52.06   0.12 100.00

2021년 10월 04일 14시 54분 22초
avg-cpu:  %user   %nice %system %iowait  %steal   %idle
           0.13    0.00    2.94    3.25    0.00   93.68

Device            r/s     w/s     rMB/s     wMB/s   rrqm/s   wrqm/s  %rrqm  %wrqm r_await w_await aqu-sz rareq-sz wareq-sz  svctm  %util
sdb           7662.00  548.00     29.93     31.14     0.00   346.00   0.00  38.70    0.06    0.44   0.00     4.00    58.19   0.12 100.00

2021년 10월 04일 14시 54분 23초
avg-cpu:  %user   %nice %system %iowait  %steal   %idle
           0.00    0.00    1.50    0.88    0.00   97.62

Device            r/s     w/s     rMB/s     wMB/s   rrqm/s   wrqm/s  %rrqm  %wrqm r_await w_await aqu-sz rareq-sz wareq-sz  svctm  %util
sdb           9562.00  729.00     37.35     37.41     0.00     0.00   0.00   0.00    0.06    0.45   0.00     4.00    52.55   0.10 100.00

2021년 10월 04일 14시 54분 24초
avg-cpu:  %user   %nice %system %iowait  %steal   %idle
           0.06    0.00    1.31    1.38    0.00   97.24

Device            r/s     w/s     rMB/s     wMB/s   rrqm/s   wrqm/s  %rrqm  %wrqm r_await w_await aqu-sz rareq-sz wareq-sz  svctm  %util
sdb           9886.00  720.00     38.62     38.23     0.00     0.00   0.00   0.00    0.06    0.45   0.00     4.00    54.37   0.09 100.00

2021년 10월 04일 14시 54분 25초
avg-cpu:  %user   %nice %system %iowait  %steal   %idle
           0.06    0.00    2.94    3.38    0.00   93.62

Device            r/s     w/s     rMB/s     wMB/s   rrqm/s   wrqm/s  %rrqm  %wrqm r_await w_await aqu-sz rareq-sz wareq-sz  svctm  %util
sdb           7580.00  561.00     29.61     29.71     0.00     0.00   0.00   0.00    0.06    0.46   0.02     4.00    54.22   0.12  98.40

2021년 10월 04일 14시 54분 26초
avg-cpu:  %user   %nice %system %iowait  %steal   %idle
           0.00    0.00    2.99    3.49    0.00   93.51

Device            r/s     w/s     rMB/s     wMB/s   rrqm/s   wrqm/s  %rrqm  %wrqm r_await w_await aqu-sz rareq-sz wareq-sz  svctm  %util
sdb           8241.00  601.00     32.19     31.98     0.00     0.00   0.00   0.00    0.06    0.44   0.00     4.00    54.50   0.11 100.00

2021년 10월 04일 14시 54분 27초
avg-cpu:  %user   %nice %system %iowait  %steal   %idle
           0.06    0.00    2.45    2.89    0.00   94.60

Device            r/s     w/s     rMB/s     wMB/s   rrqm/s   wrqm/s  %rrqm  %wrqm r_await w_await aqu-sz rareq-sz wareq-sz  svctm  %util
sdb           8518.00  590.00     33.27     34.52     0.00   364.00   0.00  38.16    0.06    0.46   0.00     4.00    59.91   0.11 100.00

2021년 10월 04일 14시 54분 28초
avg-cpu:  %user   %nice %system %iowait  %steal   %idle
           0.13    0.00    1.07    1.38    0.00   97.42

Device            r/s     w/s     rMB/s     wMB/s   rrqm/s   wrqm/s  %rrqm  %wrqm r_await w_await aqu-sz rareq-sz wareq-sz  svctm  %util
sdb           9767.00  779.00     38.15     38.30     0.00     0.00   0.00   0.00    0.05    0.43   0.00     4.00    50.35   0.09 100.00

2021년 10월 04일 14시 54분 29초
avg-cpu:  %user   %nice %system %iowait  %steal   %idle
           0.06    0.00    2.27    2.08    0.00   95.59

Device            r/s     w/s     rMB/s     wMB/s   rrqm/s   wrqm/s  %rrqm  %wrqm r_await w_await aqu-sz rareq-sz wareq-sz  svctm  %util
sdb           7479.00  604.00     29.21     29.00     0.00     0.00   0.00   0.00    0.07    0.41   0.00     4.00    49.17   0.12 100.00

2021년 10월 04일 14시 54분 30초
avg-cpu:  %user   %nice %system %iowait  %steal   %idle
           0.06    0.00    1.95    3.33    0.00   94.66

Device            r/s     w/s     rMB/s     wMB/s   rrqm/s   wrqm/s  %rrqm  %wrqm r_await w_await aqu-sz rareq-sz wareq-sz  svctm  %util
sdb           8745.00  675.00     34.16     33.98     0.00     0.00   0.00   0.00    0.06    0.44   0.02     4.00    51.55   0.10  98.80

2021년 10월 04일 14시 54분 31초
avg-cpu:  %user   %nice %system %iowait  %steal   %idle
           0.06    0.00    1.00    0.31    0.00   98.62

Device            r/s     w/s     rMB/s     wMB/s   rrqm/s   wrqm/s  %rrqm  %wrqm r_await w_await aqu-sz rareq-sz wareq-sz  svctm  %util
sdb           9934.00  805.00     38.80     38.73     0.00     0.00   0.00   0.00    0.06    0.42   0.00     4.00    49.26   0.09 100.00

2021년 10월 04일 14시 54분 32초
avg-cpu:  %user   %nice %system %iowait  %steal   %idle
           0.00    0.00    0.82    0.31    0.00   98.87

Device            r/s     w/s     rMB/s     wMB/s   rrqm/s   wrqm/s  %rrqm  %wrqm r_await w_await aqu-sz rareq-sz wareq-sz  svctm  %util
sdb           10068.00  817.00     39.33     41.19     0.00   497.00   0.00  37.82    0.06    0.43   0.00     4.00    51.63   0.09 100.00

2021년 10월 04일 14시 54분 33초
avg-cpu:  %user   %nice %system %iowait  %steal   %idle
           0.13    0.00    0.82    0.31    0.00   98.75

Device            r/s     w/s     rMB/s     wMB/s   rrqm/s   wrqm/s  %rrqm  %wrqm r_await w_await aqu-sz rareq-sz wareq-sz  svctm  %util
sdb           10020.00  765.00     39.14     38.86     0.00     0.00   0.00   0.00    0.06    0.45   0.00     4.00    52.02   0.09 100.00

2021년 10월 04일 14시 54분 34초
avg-cpu:  %user   %nice %system %iowait  %steal   %idle
           0.06    0.00    0.82    0.31    0.00   98.81

Device            r/s     w/s     rMB/s     wMB/s   rrqm/s   wrqm/s  %rrqm  %wrqm r_await w_await aqu-sz rareq-sz wareq-sz  svctm  %util
sdb           11006.00  769.00     42.99     43.08     0.00     0.00   0.00   0.00    0.05    0.48   0.02     4.00    57.36   0.08  98.80

2021년 10월 04일 14시 54분 35초
avg-cpu:  %user   %nice %system %iowait  %steal   %idle
           0.00    0.00    0.75    0.25    0.00   98.99

Device            r/s     w/s     rMB/s     wMB/s   rrqm/s   wrqm/s  %rrqm  %wrqm r_await w_await aqu-sz rareq-sz wareq-sz  svctm  %util
sdb           10258.00  771.00     40.07     39.77     0.00     0.00   0.00   0.00    0.05    0.45   0.00     4.00    52.81   0.09 100.00

2021년 10월 04일 14시 54분 36초
avg-cpu:  %user   %nice %system %iowait  %steal   %idle
           0.06    0.00    0.94    0.25    0.00   98.75

Device            r/s     w/s     rMB/s     wMB/s   rrqm/s   wrqm/s  %rrqm  %wrqm r_await w_await aqu-sz rareq-sz wareq-sz  svctm  %util
sdb           10334.00  738.00     40.37     40.38     0.00     0.00   0.00   0.00    0.05    0.46   0.00     4.00    56.03   0.09 100.00

2021년 10월 04일 14시 54분 37초
avg-cpu:  %user   %nice %system %iowait  %steal   %idle
           0.06    0.00    0.88    0.31    0.00   98.75

Device            r/s     w/s     rMB/s     wMB/s   rrqm/s   wrqm/s  %rrqm  %wrqm r_await w_await aqu-sz rareq-sz wareq-sz  svctm  %util
sdb           9967.00  750.00     38.93     40.89     0.00   575.00   0.00  43.40    0.06    0.46   0.00     4.00    55.82   0.09 100.00

2021년 10월 04일 14시 54분 38초
avg-cpu:  %user   %nice %system %iowait  %steal   %idle
           0.00    0.00    0.88    0.31    0.00   98.81

Device            r/s     w/s     rMB/s     wMB/s   rrqm/s   wrqm/s  %rrqm  %wrqm r_await w_await aqu-sz rareq-sz wareq-sz  svctm  %util
sdb           10321.00  734.00     40.32     40.11     0.00     0.00   0.00   0.00    0.05    0.48   0.02     4.00    55.95   0.09  98.40

2021년 10월 04일 14시 54분 39초
avg-cpu:  %user   %nice %system %iowait  %steal   %idle
           0.00    0.00    0.75    0.25    0.00   98.99

Device            r/s     w/s     rMB/s     wMB/s   rrqm/s   wrqm/s  %rrqm  %wrqm r_await w_await aqu-sz rareq-sz wareq-sz  svctm  %util
sdb           9859.00  760.00     38.51     38.50     0.00     0.00   0.00   0.00    0.06    0.46   0.00     4.00    51.87   0.09 100.00

2021년 10월 04일 14시 54분 40초
avg-cpu:  %user   %nice %system %iowait  %steal   %idle
           0.06    0.00    0.88    0.31    0.00   98.75

Device            r/s     w/s     rMB/s     wMB/s   rrqm/s   wrqm/s  %rrqm  %wrqm r_await w_await aqu-sz rareq-sz wareq-sz  svctm  %util
sdb           10294.00  760.00     40.21     40.11     0.00     0.00   0.00   0.00    0.05    0.45   0.00     4.00    54.04   0.09 100.00

2021년 10월 04일 14시 54분 41초
avg-cpu:  %user   %nice %system %iowait  %steal   %idle
           0.00    0.00    0.88    0.31    0.00   98.81

Device            r/s     w/s     rMB/s     wMB/s   rrqm/s   wrqm/s  %rrqm  %wrqm r_await w_await aqu-sz rareq-sz wareq-sz  svctm  %util
sdb           9414.00  756.00     36.77     36.53     0.00     0.00   0.00   0.00    0.06    0.45   0.00     4.00    49.48   0.10 100.00

2021년 10월 04일 14시 54분 42초
avg-cpu:  %user   %nice %system %iowait  %steal   %idle
           0.06    0.00    1.06    0.38    0.00   98.50

Device            r/s     w/s     rMB/s     wMB/s   rrqm/s   wrqm/s  %rrqm  %wrqm r_await w_await aqu-sz rareq-sz wareq-sz  svctm  %util
sdb           9178.00  702.00     35.85     37.62     0.00   488.00   0.00  41.01    0.06    0.51   0.02     4.00    54.87   0.10  98.80

2021년 10월 04일 14시 54분 43초
avg-cpu:  %user   %nice %system %iowait  %steal   %idle
           0.00    0.00    1.07    0.56    0.00   98.37

Device            r/s     w/s     rMB/s     wMB/s   rrqm/s   wrqm/s  %rrqm  %wrqm r_await w_await aqu-sz rareq-sz wareq-sz  svctm  %util
sdb           9475.00  761.00     37.01     36.83     0.00     0.00   0.00   0.00    0.06    0.44   0.00     4.00    49.56   0.10 100.00

2021년 10월 04일 14시 54분 44초
avg-cpu:  %user   %nice %system %iowait  %steal   %idle
           0.06    0.00    3.12    3.19    0.00   93.62

Device            r/s     w/s     rMB/s     wMB/s   rrqm/s   wrqm/s  %rrqm  %wrqm r_await w_await aqu-sz rareq-sz wareq-sz  svctm  %util
sdb           7157.00  577.00     27.96     27.91     0.00     0.00   0.00   0.00    0.07    0.40   0.00     4.00    49.54   0.13 100.00

2021년 10월 04일 14시 54분 45초
avg-cpu:  %user   %nice %system %iowait  %steal   %idle
           0.06    0.00    0.75    0.25    0.00   98.93

Device            r/s     w/s     rMB/s     wMB/s   rrqm/s   wrqm/s  %rrqm  %wrqm r_await w_await aqu-sz rareq-sz wareq-sz  svctm  %util
sdb           10837.00  761.00     42.33     41.71     0.00     0.00   0.00   0.00    0.05    0.46   0.00     4.00    56.13   0.09 100.00

2021년 10월 04일 14시 54분 46초
avg-cpu:  %user   %nice %system %iowait  %steal   %idle
           0.06    0.00    1.07    1.25    0.00   97.62

Device            r/s     w/s     rMB/s     wMB/s   rrqm/s   wrqm/s  %rrqm  %wrqm r_await w_await aqu-sz rareq-sz wareq-sz  svctm  %util
sdb           10171.00  806.00     39.73     39.97     0.00     0.00   0.00   0.00    0.05    0.42   0.00     4.00    50.78   0.09 100.00

2021년 10월 04일 14시 54분 47초
avg-cpu:  %user   %nice %system %iowait  %steal   %idle
           0.13    0.00    0.75    0.44    0.00   98.68

Device            r/s     w/s     rMB/s     wMB/s   rrqm/s   wrqm/s  %rrqm  %wrqm r_await w_await aqu-sz rareq-sz wareq-sz  svctm  %util
sdb           9806.00  787.00     38.30     40.02     0.00   463.00   0.00  37.04    0.06    0.46   0.02     4.00    52.07   0.09  98.40

2021년 10월 04일 14시 54분 48초
avg-cpu:  %user   %nice %system %iowait  %steal   %idle
           0.06    0.00    0.69    0.25    0.00   98.99

Device            r/s     w/s     rMB/s     wMB/s   rrqm/s   wrqm/s  %rrqm  %wrqm r_await w_await aqu-sz rareq-sz wareq-sz  svctm  %util
sdb           9608.00  845.00     37.53     37.35     0.00     0.00   0.00   0.00    0.06    0.40   0.00     4.00    45.26   0.10 100.00

2021년 10월 04일 14시 54분 49초
avg-cpu:  %user   %nice %system %iowait  %steal   %idle
           0.06    0.00    0.69    0.31    0.00   98.93

Device            r/s     w/s     rMB/s     wMB/s   rrqm/s   wrqm/s  %rrqm  %wrqm r_await w_await aqu-sz rareq-sz wareq-sz  svctm  %util
sdb           10249.00  785.00     40.04     39.71     0.00     0.00   0.00   0.00    0.05    0.44   0.00     4.00    51.81   0.09 100.00

2021년 10월 04일 14시 54분 50초
avg-cpu:  %user   %nice %system %iowait  %steal   %idle
           0.00    0.00    1.00    0.25    0.00   98.75

Device            r/s     w/s     rMB/s     wMB/s   rrqm/s   wrqm/s  %rrqm  %wrqm r_await w_await aqu-sz rareq-sz wareq-sz  svctm  %util
sdb           10360.00  746.00     40.47     40.51     0.00     0.00   0.00   0.00    0.05    0.48   0.00     4.00    55.61   0.09 100.00

2021년 10월 04일 14시 54분 51초
avg-cpu:  %user   %nice %system %iowait  %steal   %idle
           0.00    0.00    0.75    0.38    0.00   98.87

Device            r/s     w/s     rMB/s     wMB/s   rrqm/s   wrqm/s  %rrqm  %wrqm r_await w_await aqu-sz rareq-sz wareq-sz  svctm  %util
sdb           10388.00  695.00     40.58     40.47     0.00     0.00   0.00   0.00    0.05    0.51   0.02     4.00    59.63   0.09  98.80

2021년 10월 04일 14시 54분 52초
avg-cpu:  %user   %nice %system %iowait  %steal   %idle
           0.00    0.00    0.82    0.31    0.00   98.87

Device            r/s     w/s     rMB/s     wMB/s   rrqm/s   wrqm/s  %rrqm  %wrqm r_await w_await aqu-sz rareq-sz wareq-sz  svctm  %util
sdb           10183.00  750.00     39.78     41.75     0.00   548.00   0.00  42.22    0.05    0.47   0.01     4.00    57.00   0.09 100.00

2021년 10월 04일 14시 54분 53초
avg-cpu:  %user   %nice %system %iowait  %steal   %idle
           0.00    0.00    0.88    0.63    0.00   98.49

Device            r/s     w/s     rMB/s     wMB/s   rrqm/s   wrqm/s  %rrqm  %wrqm r_await w_await aqu-sz rareq-sz wareq-sz  svctm  %util
sdb           9317.00  998.00     36.39     46.10     0.00  2304.00   0.00  69.78    0.06    0.74   0.07     4.00    47.30   0.10 100.00

2021년 10월 04일 14시 54분 54초
avg-cpu:  %user   %nice %system %iowait  %steal   %idle
           0.06    0.00    1.94    2.76    0.00   95.24

Device            r/s     w/s     rMB/s     wMB/s   rrqm/s   wrqm/s  %rrqm  %wrqm r_await w_await aqu-sz rareq-sz wareq-sz  svctm  %util
sdb           9075.00  682.00     35.45     35.41     0.00     0.00   0.00   0.00    0.06    0.44   0.00     4.00    53.16   0.10 100.00

2021년 10월 04일 14시 54분 55초
avg-cpu:  %user   %nice %system %iowait  %steal   %idle
           0.12    0.00    2.37    2.19    0.00   95.32

Device            r/s     w/s     rMB/s     wMB/s   rrqm/s   wrqm/s  %rrqm  %wrqm r_await w_await aqu-sz rareq-sz wareq-sz  svctm  %util
sdb           8212.00  613.00     32.08     31.85     0.00     0.00   0.00   0.00    0.06    0.47   0.02     4.00    53.21   0.11  98.40

2021년 10월 04일 14시 54분 56초
avg-cpu:  %user   %nice %system %iowait  %steal   %idle
           0.13    0.00    1.64    0.50    0.00   97.73

Device            r/s     w/s     rMB/s     wMB/s   rrqm/s   wrqm/s  %rrqm  %wrqm r_await w_await aqu-sz rareq-sz wareq-sz  svctm  %util
sdb           8238.00  611.00     32.18     32.17     0.00     0.00   0.00   0.00    0.06    0.44   0.00     4.00    53.92   0.11 100.00

2021년 10월 04일 14시 54분 57초
avg-cpu:  %user   %nice %system %iowait  %steal   %idle
           0.06    0.00    0.88    0.31    0.00   98.75

Device            r/s     w/s     rMB/s     wMB/s   rrqm/s   wrqm/s  %rrqm  %wrqm r_await w_await aqu-sz rareq-sz wareq-sz  svctm  %util
sdb           10019.00  763.00     39.14     40.54     0.00   422.00   0.00  35.61    0.06    0.47   0.00     4.00    54.41   0.09 100.00

2021년 10월 04일 14시 54분 58초
avg-cpu:  %user   %nice %system %iowait  %steal   %idle
           0.13    0.00    2.83    0.38    0.00   96.67

Device            r/s     w/s     rMB/s     wMB/s   rrqm/s   wrqm/s  %rrqm  %wrqm r_await w_await aqu-sz rareq-sz wareq-sz  svctm  %util
sdb           7121.00  568.00     27.82     27.79     0.00     0.00   0.00   0.00    0.07    0.42   0.00     4.00    50.10   0.13 100.00

2021년 10월 04일 14시 54분 59초
avg-cpu:  %user   %nice %system %iowait  %steal   %idle
           0.19    0.00    2.94    3.31    0.00   93.56

Device            r/s     w/s     rMB/s     wMB/s   rrqm/s   wrqm/s  %rrqm  %wrqm r_await w_await aqu-sz rareq-sz wareq-sz  svctm  %util
sdb           7939.00  633.00     31.01     30.89     0.00     0.00   0.00   0.00    0.06    0.40   0.00     4.00    49.98   0.12 100.00

2021년 10월 04일 14시 55분 00초
avg-cpu:  %user   %nice %system %iowait  %steal   %idle
           0.13    0.00    2.57    3.01    0.00   94.29

Device            r/s     w/s     rMB/s     wMB/s   rrqm/s   wrqm/s  %rrqm  %wrqm r_await w_await aqu-sz rareq-sz wareq-sz  svctm  %util
sdb           7842.00  590.00     30.63     30.47     0.00     0.00   0.00   0.00    0.06    0.44   0.02     4.00    52.88   0.12  98.40

2021년 10월 04일 14시 55분 01초
avg-cpu:  %user   %nice %system %iowait  %steal   %idle
           0.06    0.00    0.75    0.31    0.00   98.87

Device            r/s     w/s     rMB/s     wMB/s   rrqm/s   wrqm/s  %rrqm  %wrqm r_await w_await aqu-sz rareq-sz wareq-sz  svctm  %util
sdb           10151.00  817.00     39.65     39.52     0.00     0.00   0.00   0.00    0.06    0.41   0.00     4.00    49.53   0.09 100.00

2021년 10월 04일 14시 55분 02초
avg-cpu:  %user   %nice %system %iowait  %steal   %idle
           0.06    0.00    0.94    0.25    0.00   98.75

Device            r/s     w/s     rMB/s     wMB/s   rrqm/s   wrqm/s  %rrqm  %wrqm r_await w_await aqu-sz rareq-sz wareq-sz  svctm  %util
sdb           9680.00  768.00     37.81     39.53     0.00   501.00   0.00  39.48    0.06    0.44   0.00     4.00    52.71   0.10 100.00

2021년 10월 04일 14시 55분 03초
avg-cpu:  %user   %nice %system %iowait  %steal   %idle
           0.06    0.00    0.82    0.56    0.00   98.56

Device            r/s     w/s     rMB/s     wMB/s   rrqm/s   wrqm/s  %rrqm  %wrqm r_await w_await aqu-sz rareq-sz wareq-sz  svctm  %util
sdb           9968.00  845.00     38.94     38.82     0.00     0.00   0.00   0.00    0.06    0.40   0.00     4.00    47.04   0.09 100.00

2021년 10월 04일 14시 55분 04초
avg-cpu:  %user   %nice %system %iowait  %steal   %idle
           0.13    0.00    2.45    3.39    0.00   94.04

Device            r/s     w/s     rMB/s     wMB/s   rrqm/s   wrqm/s  %rrqm  %wrqm r_await w_await aqu-sz rareq-sz wareq-sz  svctm  %util
sdb           8200.00  759.00     32.03     31.89     0.00     0.00   0.00   0.00    0.06    0.35   0.00     4.00    43.03   0.11 100.00

2021년 10월 04일 14시 55분 05초
avg-cpu:  %user   %nice %system %iowait  %steal   %idle
           0.00    0.00    0.88    0.38    0.00   98.74

Device            r/s     w/s     rMB/s     wMB/s   rrqm/s   wrqm/s  %rrqm  %wrqm r_await w_await aqu-sz rareq-sz wareq-sz  svctm  %util
sdb           10237.00  819.00     39.99     39.73     0.00     0.00   0.00   0.00    0.05    0.43   0.02     4.00    49.67   0.09  98.40

2021년 10월 04일 14시 55분 06초
avg-cpu:  %user   %nice %system %iowait  %steal   %idle
           0.00    0.00    0.88    0.38    0.00   98.75

Device            r/s     w/s     rMB/s     wMB/s   rrqm/s   wrqm/s  %rrqm  %wrqm r_await w_await aqu-sz rareq-sz wareq-sz  svctm  %util
sdb           9887.00  815.00     38.62     38.55     0.00     0.00   0.00   0.00    0.06    0.44   0.00     4.00    48.44   0.09 100.00

2021년 10월 04일 14시 55분 07초
avg-cpu:  %user   %nice %system %iowait  %steal   %idle
           0.00    0.00    0.94    0.31    0.00   98.75

Device            r/s     w/s     rMB/s     wMB/s   rrqm/s   wrqm/s  %rrqm  %wrqm r_await w_await aqu-sz rareq-sz wareq-sz  svctm  %util
sdb           9849.00  782.00     38.48     40.26     0.00   497.00   0.00  38.86    0.06    0.47   0.00     4.00    52.72   0.09 100.00

2021년 10월 04일 14시 55분 08초
avg-cpu:  %user   %nice %system %iowait  %steal   %idle
           0.06    0.00    0.63    0.31    0.00   98.99

Device            r/s     w/s     rMB/s     wMB/s   rrqm/s   wrqm/s  %rrqm  %wrqm r_await w_await aqu-sz rareq-sz wareq-sz  svctm  %util
sdb           9610.00  766.00     37.54     37.48     0.00     0.00   0.00   0.00    0.06    0.46   0.00     4.00    50.10   0.10 100.00

2021년 10월 04일 14시 55분 09초
avg-cpu:  %user   %nice %system %iowait  %steal   %idle
           0.06    0.00    2.26    2.51    0.00   95.18

Device            r/s     w/s     rMB/s     wMB/s   rrqm/s   wrqm/s  %rrqm  %wrqm r_await w_await aqu-sz rareq-sz wareq-sz  svctm  %util
sdb           8797.00  645.00     34.36     34.16     0.00     0.00   0.00   0.00    0.06    0.45   0.02     4.00    54.23   0.10  98.40

2021년 10월 04일 14시 55분 10초
avg-cpu:  %user   %nice %system %iowait  %steal   %idle
           0.19    0.00    1.44    1.13    0.00   97.24

Device            r/s     w/s     rMB/s     wMB/s   rrqm/s   wrqm/s  %rrqm  %wrqm r_await w_await aqu-sz rareq-sz wareq-sz  svctm  %util
sdb           8975.00  790.00     35.06     34.99     0.00     0.00   0.00   0.00    0.06    0.41   0.00     4.00    45.36   0.10 100.40

2021년 10월 04일 14시 55분 11초
avg-cpu:  %user   %nice %system %iowait  %steal   %idle
           0.06    0.00    1.76    1.57    0.00   96.61

Device            r/s     w/s     rMB/s     wMB/s   rrqm/s   wrqm/s  %rrqm  %wrqm r_await w_await aqu-sz rareq-sz wareq-sz  svctm  %util
sdb           8637.00  773.00     33.74     33.60     0.00     1.00   0.00   0.13    0.06    0.39   0.00     4.00    44.51   0.11  99.60

2021년 10월 04일 14시 55분 12초
avg-cpu:  %user   %nice %system %iowait  %steal   %idle
           0.06    0.00    0.88    0.31    0.00   98.74

Device            r/s     w/s     rMB/s     wMB/s   rrqm/s   wrqm/s  %rrqm  %wrqm r_await w_await aqu-sz rareq-sz wareq-sz  svctm  %util
sdb           10154.00  864.00     39.66     41.59     0.00   528.00   0.00  37.93    0.05    0.42   0.00     4.00    49.30   0.09 100.00

2021년 10월 04일 14시 55분 13초
avg-cpu:  %user   %nice %system %iowait  %steal   %idle
           0.00    0.00    1.25    0.37    0.00   98.38

Device            r/s     w/s     rMB/s     wMB/s   rrqm/s   wrqm/s  %rrqm  %wrqm r_await w_await aqu-sz rareq-sz wareq-sz  svctm  %util
sdb           9420.00  739.00     36.80     36.62     0.00     0.00   0.00   0.00    0.06    0.49   0.02     4.00    50.74   0.10  98.40

2021년 10월 04일 14시 55분 14초
avg-cpu:  %user   %nice %system %iowait  %steal   %idle
           0.00    0.00    0.82    0.25    0.00   98.93

Device            r/s     w/s     rMB/s     wMB/s   rrqm/s   wrqm/s  %rrqm  %wrqm r_await w_await aqu-sz rareq-sz wareq-sz  svctm  %util
sdb           9665.00  699.00     37.75     37.59     0.00     0.00   0.00   0.00    0.06    0.48   0.00     4.00    55.07   0.10 100.00

2021년 10월 04일 14시 55분 15초
avg-cpu:  %user   %nice %system %iowait  %steal   %idle
           0.06    0.00    0.57    0.31    0.00   99.06

Device            r/s     w/s     rMB/s     wMB/s   rrqm/s   wrqm/s  %rrqm  %wrqm r_await w_await aqu-sz rareq-sz wareq-sz  svctm  %util
sdb           10174.00  763.00     39.74     39.73     0.00     0.00   0.00   0.00    0.05    0.47   0.00     4.00    53.32   0.09 100.00

2021년 10월 04일 14시 55분 16초
avg-cpu:  %user   %nice %system %iowait  %steal   %idle
           0.06    0.00    0.94    0.31    0.00   98.68

Device            r/s     w/s     rMB/s     wMB/s   rrqm/s   wrqm/s  %rrqm  %wrqm r_await w_await aqu-sz rareq-sz wareq-sz  svctm  %util
sdb           9898.00  732.00     38.66     38.54     0.00     0.00   0.00   0.00    0.06    0.49   0.00     4.00    53.92   0.09 100.00

2021년 10월 04일 14시 55분 17초
avg-cpu:  %user   %nice %system %iowait  %steal   %idle
           0.06    0.00    0.82    0.38    0.00   98.75

Device            r/s     w/s     rMB/s     wMB/s   rrqm/s   wrqm/s  %rrqm  %wrqm r_await w_await aqu-sz rareq-sz wareq-sz  svctm  %util
sdb           9977.00  734.00     38.97     40.37     0.00   417.00   0.00  36.23    0.05    0.50   0.02     4.00    56.32   0.09  98.40

2021년 10월 04일 14시 55분 18초
avg-cpu:  %user   %nice %system %iowait  %steal   %idle
           0.00    0.00    0.82    0.25    0.00   98.93

Device            r/s     w/s     rMB/s     wMB/s   rrqm/s   wrqm/s  %rrqm  %wrqm r_await w_await aqu-sz rareq-sz wareq-sz  svctm  %util
sdb           9447.00  730.00     36.90     36.75     0.00     0.00   0.00   0.00    0.06    0.45   0.00     4.00    51.55   0.10 100.00

2021년 10월 04일 14시 55분 19초
avg-cpu:  %user   %nice %system %iowait  %steal   %idle
           0.00    0.00    0.94    0.44    0.00   98.62

Device            r/s     w/s     rMB/s     wMB/s   rrqm/s   wrqm/s  %rrqm  %wrqm r_await w_await aqu-sz rareq-sz wareq-sz  svctm  %util
sdb           9645.00  726.00     37.68     37.54     0.00     0.00   0.00   0.00    0.06    0.46   0.00     4.00    52.95   0.10 100.00

2021년 10월 04일 14시 55분 20초
avg-cpu:  %user   %nice %system %iowait  %steal   %idle
           0.13    0.00    2.38    3.63    0.00   93.86

Device            r/s     w/s     rMB/s     wMB/s   rrqm/s   wrqm/s  %rrqm  %wrqm r_await w_await aqu-sz rareq-sz wareq-sz  svctm  %util
sdb           7608.00  608.00     29.72     29.58     0.00     0.00   0.00   0.00    0.07    0.41   0.00     4.00    49.82   0.12 100.00

2021년 10월 04일 14시 55분 21초
avg-cpu:  %user   %nice %system %iowait  %steal   %idle
           0.13    0.00    2.94    3.19    0.00   93.74

Device            r/s     w/s     rMB/s     wMB/s   rrqm/s   wrqm/s  %rrqm  %wrqm r_await w_await aqu-sz rareq-sz wareq-sz  svctm  %util
sdb           7323.00  566.00     28.61     28.40     0.00     0.00   0.00   0.00    0.07    0.40   0.00     4.00    51.39   0.13 100.40

2021년 10월 04일 14시 55분 22초
avg-cpu:  %user   %nice %system %iowait  %steal   %idle
           0.00    0.00    0.69    0.44    0.00   98.87

Device            r/s     w/s     rMB/s     wMB/s   rrqm/s   wrqm/s  %rrqm  %wrqm r_await w_await aqu-sz rareq-sz wareq-sz  svctm  %util
sdb           9031.00  745.00     35.28     36.52     0.00   416.00   0.00  35.83    0.06    0.48   0.02     4.00    50.20   0.10  98.40

2021년 10월 04일 14시 55분 23초
avg-cpu:  %user   %nice %system %iowait  %steal   %idle
           0.13    0.00    0.94    0.31    0.00   98.62

Device            r/s     w/s     rMB/s     wMB/s   rrqm/s   wrqm/s  %rrqm  %wrqm r_await w_await aqu-sz rareq-sz wareq-sz  svctm  %util
sdb           10167.00  786.00     39.71     39.75     0.00     0.00   0.00   0.00    0.05    0.45   0.00     4.00    51.79   0.09 100.00

2021년 10월 04일 14시 55분 24초
avg-cpu:  %user   %nice %system %iowait  %steal   %idle
           0.06    0.00    0.82    0.31    0.00   98.81

Device            r/s     w/s     rMB/s     wMB/s   rrqm/s   wrqm/s  %rrqm  %wrqm r_await w_await aqu-sz rareq-sz wareq-sz  svctm  %util
sdb           9336.00  742.00     36.47     36.27     0.00     0.00   0.00   0.00    0.06    0.45   0.00     4.00    50.06   0.10 100.00

2021년 10월 04일 14시 55분 25초
avg-cpu:  %user   %nice %system %iowait  %steal   %idle
           0.06    0.00    1.38    1.25    0.00   97.31

Device            r/s     w/s     rMB/s     wMB/s   rrqm/s   wrqm/s  %rrqm  %wrqm r_await w_await aqu-sz rareq-sz wareq-sz  svctm  %util
sdb           9089.00  782.00     35.50     35.21     0.00     0.00   0.00   0.00    0.06    0.42   0.00     4.00    46.10   0.10 100.40

2021년 10월 04일 14시 55분 26초
avg-cpu:  %user   %nice %system %iowait  %steal   %idle
           0.13    0.00    2.52    0.13    0.00   97.22

Device            r/s     w/s     rMB/s     wMB/s   rrqm/s   wrqm/s  %rrqm  %wrqm r_await w_await aqu-sz rareq-sz wareq-sz  svctm  %util
sdb           6841.00  582.00     26.72     26.79     0.00     0.00   0.00   0.00    0.07    0.41   0.00     4.00    47.13   0.13 100.00

2021년 10월 04일 14시 55분 27초
avg-cpu:  %user   %nice %system %iowait  %steal   %idle
           0.13    0.00    2.39    0.31    0.00   97.17

Device            r/s     w/s     rMB/s     wMB/s   rrqm/s   wrqm/s  %rrqm  %wrqm r_await w_await aqu-sz rareq-sz wareq-sz  svctm  %util
sdb           7122.00  643.00     27.82     29.27     0.00   444.00   0.00  40.85    0.07    0.43   0.02     4.00    46.62   0.13  98.40

2021년 10월 04일 14시 55분 28초
avg-cpu:  %user   %nice %system %iowait  %steal   %idle
           0.19    0.00    2.64    0.94    0.00   96.23

Device            r/s     w/s     rMB/s     wMB/s   rrqm/s   wrqm/s  %rrqm  %wrqm r_await w_await aqu-sz rareq-sz wareq-sz  svctm  %util
sdb           7501.00  565.00     29.30     29.25     0.00     0.00   0.00   0.00    0.06    0.44   0.00     4.00    53.02   0.12 100.00

2021년 10월 04일 14시 55분 29초
avg-cpu:  %user   %nice %system %iowait  %steal   %idle
           0.06    0.00    0.63    0.38    0.00   98.93

Device            r/s     w/s     rMB/s     wMB/s   rrqm/s   wrqm/s  %rrqm  %wrqm r_await w_await aqu-sz rareq-sz wareq-sz  svctm  %util
sdb           9411.00  939.00     36.76     46.36     0.00  2284.00   0.00  70.87    0.06    0.75   0.07     4.00    50.56   0.10  99.60

2021년 10월 04일 14시 55분 30초
avg-cpu:  %user   %nice %system %iowait  %steal   %idle
           0.06    0.00    1.13    1.19    0.00   97.61

Device            r/s     w/s     rMB/s     wMB/s   rrqm/s   wrqm/s  %rrqm  %wrqm r_await w_await aqu-sz rareq-sz wareq-sz  svctm  %util
sdb           9667.00  718.00     37.76     37.54     0.00     0.00   0.00   0.00    0.06    0.47   0.00     4.00    53.54   0.10 100.40

2021년 10월 04일 14시 55분 31초
avg-cpu:  %user   %nice %system %iowait  %steal   %idle
           0.06    0.00    3.00    3.31    0.00   93.62

Device            r/s     w/s     rMB/s     wMB/s   rrqm/s   wrqm/s  %rrqm  %wrqm r_await w_await aqu-sz rareq-sz wareq-sz  svctm  %util
sdb           7522.00  598.00     29.38     29.21     0.00     0.00   0.00   0.00    0.06    0.41   0.00     4.00    50.03   0.12  99.60

2021년 10월 04일 14시 55분 32초
avg-cpu:  %user   %nice %system %iowait  %steal   %idle
           0.12    0.00    3.31    3.31    0.00   93.26

Device            r/s     w/s     rMB/s     wMB/s   rrqm/s   wrqm/s  %rrqm  %wrqm r_await w_await aqu-sz rareq-sz wareq-sz  svctm  %util
sdb           7434.00  582.00     29.04     31.14     0.00   527.00   0.00  47.52    0.06    0.46   0.02     4.00    54.78   0.12  99.20

2021년 10월 04일 14시 55분 33초
avg-cpu:  %user   %nice %system %iowait  %steal   %idle
           0.06    0.00    1.19    0.31    0.00   98.44

Device            r/s     w/s     rMB/s     wMB/s   rrqm/s   wrqm/s  %rrqm  %wrqm r_await w_await aqu-sz rareq-sz wareq-sz  svctm  %util
sdb           9712.00  766.00     37.94     37.98     0.00    51.00   0.00   6.24    0.06    0.44   0.00     4.00    50.78   0.10 100.00

2021년 10월 04일 14시 55분 34초
avg-cpu:  %user   %nice %system %iowait  %steal   %idle
           0.06    0.00    0.75    0.25    0.00   98.93

Device            r/s     w/s     rMB/s     wMB/s   rrqm/s   wrqm/s  %rrqm  %wrqm r_await w_await aqu-sz rareq-sz wareq-sz  svctm  %util
sdb           10335.00  708.00     40.37     40.09     0.00     0.00   0.00   0.00    0.05    0.47   0.00     4.00    57.99   0.09 100.00

2021년 10월 04일 14시 55분 35초
avg-cpu:  %user   %nice %system %iowait  %steal   %idle
           0.00    0.00    1.00    0.31    0.00   98.68

Device            r/s     w/s     rMB/s     wMB/s   rrqm/s   wrqm/s  %rrqm  %wrqm r_await w_await aqu-sz rareq-sz wareq-sz  svctm  %util
sdb           9953.00  741.00     38.88     38.66     0.00     0.00   0.00   0.00    0.06    0.45   0.00     4.00    53.42   0.09 100.00

2021년 10월 04일 14시 55분 36초
avg-cpu:  %user   %nice %system %iowait  %steal   %idle
           0.00    0.00    0.63    0.38    0.00   98.99

Device            r/s     w/s     rMB/s     wMB/s   rrqm/s   wrqm/s  %rrqm  %wrqm r_await w_await aqu-sz rareq-sz wareq-sz  svctm  %util
sdb           10413.00  789.00     40.68     40.46     0.00     0.00   0.00   0.00    0.05    0.46   0.02     4.00    52.51   0.09  98.40

2021년 10월 04일 14시 55분 37초
avg-cpu:  %user   %nice %system %iowait  %steal   %idle
           0.06    0.00    1.00    0.25    0.00   98.68

Device            r/s     w/s     rMB/s     wMB/s   rrqm/s   wrqm/s  %rrqm  %wrqm r_await w_await aqu-sz rareq-sz wareq-sz  svctm  %util
sdb           10807.00  814.00     42.21     42.25     0.00     0.00   0.00   0.00    0.05    0.43   0.00     4.00    53.15   0.09 100.00

2021년 10월 04일 14시 55분 38초
avg-cpu:  %user   %nice %system %iowait  %steal   %idle
           0.06    0.00    1.00    0.31    0.00   98.62

Device            r/s     w/s     rMB/s     wMB/s   rrqm/s   wrqm/s  %rrqm  %wrqm r_await w_await aqu-sz rareq-sz wareq-sz  svctm  %util
sdb           10658.00  821.00     41.63     43.43     0.00   464.00   0.00  36.11    0.05    0.43   0.00     4.00    54.17   0.09 100.00

2021년 10월 04일 14시 55분 39초
avg-cpu:  %user   %nice %system %iowait  %steal   %idle
           0.06    0.00    1.12    0.31    0.00   98.50

Device            r/s     w/s     rMB/s     wMB/s   rrqm/s   wrqm/s  %rrqm  %wrqm r_await w_await aqu-sz rareq-sz wareq-sz  svctm  %util
sdb           10146.00  767.00     39.63     39.50     0.00     0.00   0.00   0.00    0.05    0.45   0.00     4.00    52.73   0.09 100.00

2021년 10월 04일 14시 55분 40초
avg-cpu:  %user   %nice %system %iowait  %steal   %idle
           0.00    0.00    0.88    0.38    0.00   98.75

Device            r/s     w/s     rMB/s     wMB/s   rrqm/s   wrqm/s  %rrqm  %wrqm r_await w_await aqu-sz rareq-sz wareq-sz  svctm  %util
sdb           10034.00  786.00     39.20     39.09     0.00     0.00   0.00   0.00    0.05    0.46   0.02     4.00    50.93   0.09  98.00

2021년 10월 04일 14시 55분 41초
avg-cpu:  %user   %nice %system %iowait  %steal   %idle
           0.06    0.00    1.00    0.25    0.00   98.68

Device            r/s     w/s     rMB/s     wMB/s   rrqm/s   wrqm/s  %rrqm  %wrqm r_await w_await aqu-sz rareq-sz wareq-sz  svctm  %util
sdb           10216.00  754.00     39.91     39.73     0.00     0.00   0.00   0.00    0.05    0.46   0.00     4.00    53.96   0.09 100.40

2021년 10월 04일 14시 55분 42초
avg-cpu:  %user   %nice %system %iowait  %steal   %idle
           0.00    0.00    1.19    0.25    0.00   98.56

Device            r/s     w/s     rMB/s     wMB/s   rrqm/s   wrqm/s  %rrqm  %wrqm r_await w_await aqu-sz rareq-sz wareq-sz  svctm  %util
sdb           9541.00  744.00     37.27     37.07     0.00     0.00   0.00   0.00    0.06    0.45   0.00     4.00    51.02   0.10 100.00

2021년 10월 04일 14시 55분 43초
avg-cpu:  %user   %nice %system %iowait  %steal   %idle
           0.06    0.00    1.31    1.13    0.00   97.50

Device            r/s     w/s     rMB/s     wMB/s   rrqm/s   wrqm/s  %rrqm  %wrqm r_await w_await aqu-sz rareq-sz wareq-sz  svctm  %util
sdb           9552.00  791.00     37.31     39.24     0.00   496.00   0.00  38.54    0.06    0.45   0.00     4.00    50.80   0.10 100.00

2021년 10월 04일 14시 55분 44초
avg-cpu:  %user   %nice %system %iowait  %steal   %idle
           0.19    0.00    1.69    1.88    0.00   96.24

Device            r/s     w/s     rMB/s     wMB/s   rrqm/s   wrqm/s  %rrqm  %wrqm r_await w_await aqu-sz rareq-sz wareq-sz  svctm  %util
sdb           8875.00  671.00     34.67     34.51     0.00     0.00   0.00   0.00    0.06    0.47   0.02     4.00    52.67   0.10  98.40

2021년 10월 04일 14시 55분 45초
avg-cpu:  %user   %nice %system %iowait  %steal   %idle
           0.06    0.00    2.76    3.14    0.00   94.04

Device            r/s     w/s     rMB/s     wMB/s   rrqm/s   wrqm/s  %rrqm  %wrqm r_await w_await aqu-sz rareq-sz wareq-sz  svctm  %util
sdb           7316.00  573.00     28.58     28.34     0.00     0.00   0.00   0.00    0.06    0.43   0.00     4.00    50.65   0.13 100.00

2021년 10월 04일 14시 55분 46초
avg-cpu:  %user   %nice %system %iowait  %steal   %idle
           0.13    0.00    1.95    2.51    0.00   95.42

Device            r/s     w/s     rMB/s     wMB/s   rrqm/s   wrqm/s  %rrqm  %wrqm r_await w_await aqu-sz rareq-sz wareq-sz  svctm  %util
sdb           8248.00  602.00     32.22     32.12     0.00     0.00   0.00   0.00    0.06    0.46   0.00     4.00    54.64   0.11 100.00

2021년 10월 04일 14시 55분 47초
avg-cpu:  %user   %nice %system %iowait  %steal   %idle
           0.13    0.00    0.82    0.31    0.00   98.75

Device            r/s     w/s     rMB/s     wMB/s   rrqm/s   wrqm/s  %rrqm  %wrqm r_await w_await aqu-sz rareq-sz wareq-sz  svctm  %util
sdb           9569.00  751.00     37.38     38.89     0.00   492.00   0.00  39.58    0.06    0.45   0.00     4.00    53.03   0.10 100.00

2021년 10월 04일 14시 55분 48초
avg-cpu:  %user   %nice %system %iowait  %steal   %idle
           0.06    0.00    1.07    0.25    0.00   98.62

Device            r/s     w/s     rMB/s     wMB/s   rrqm/s   wrqm/s  %rrqm  %wrqm r_await w_await aqu-sz rareq-sz wareq-sz  svctm  %util
sdb           10222.00  775.00     39.93     40.00     0.00     0.00   0.00   0.00    0.06    0.42   0.00     4.00    52.85   0.09 100.00

2021년 10월 04일 14시 55분 49초
avg-cpu:  %user   %nice %system %iowait  %steal   %idle
           0.06    0.00    0.88    1.44    0.00   97.62

Device            r/s     w/s     rMB/s     wMB/s   rrqm/s   wrqm/s  %rrqm  %wrqm r_await w_await aqu-sz rareq-sz wareq-sz  svctm  %util
sdb           9660.00  702.00     37.73     37.59     0.00     0.00   0.00   0.00    0.06    0.49   0.02     4.00    54.83   0.09  98.00

2021년 10월 04일 14시 55분 50초
avg-cpu:  %user   %nice %system %iowait  %steal   %idle
           0.06    0.00    0.69    0.31    0.00   98.93

Device            r/s     w/s     rMB/s     wMB/s   rrqm/s   wrqm/s  %rrqm  %wrqm r_await w_await aqu-sz rareq-sz wareq-sz  svctm  %util
sdb           10072.00  727.00     39.34     39.05     0.00     0.00   0.00   0.00    0.06    0.47   0.00     4.00    55.00   0.09 100.00

2021년 10월 04일 14시 55분 51초
avg-cpu:  %user   %nice %system %iowait  %steal   %idle
           0.06    0.00    0.88    0.31    0.00   98.75

Device            r/s     w/s     rMB/s     wMB/s   rrqm/s   wrqm/s  %rrqm  %wrqm r_await w_await aqu-sz rareq-sz wareq-sz  svctm  %util
sdb           9346.00  741.00     36.51     36.27     0.00     0.00   0.00   0.00    0.06    0.46   0.00     4.00    50.12   0.10 100.00

2021년 10월 04일 14시 55분 52초
avg-cpu:  %user   %nice %system %iowait  %steal   %idle
           0.06    0.00    1.07    0.25    0.00   98.62

Device            r/s     w/s     rMB/s     wMB/s   rrqm/s   wrqm/s  %rrqm  %wrqm r_await w_await aqu-sz rareq-sz wareq-sz  svctm  %util
sdb           9576.00  775.00     37.41     39.18     0.00   411.00   0.00  34.65    0.06    0.46   0.00     4.00    51.77   0.10 100.00

2021년 10월 04일 14시 55분 53초
avg-cpu:  %user   %nice %system %iowait  %steal   %idle
           0.12    0.00    1.50    1.19    0.00   97.19

Device            r/s     w/s     rMB/s     wMB/s   rrqm/s   wrqm/s  %rrqm  %wrqm r_await w_await aqu-sz rareq-sz wareq-sz  svctm  %util
sdb           9351.00  759.00     36.53     36.18     0.00     0.00   0.00   0.00    0.05    0.49   0.06     4.00    48.81   0.09  94.40

2021년 10월 04일 14시 55분 54초
avg-cpu:  %user   %nice %system %iowait  %steal   %idle
           0.13    0.00    1.07    0.38    0.00   98.43

Device            r/s     w/s     rMB/s     wMB/s   rrqm/s   wrqm/s  %rrqm  %wrqm r_await w_await aqu-sz rareq-sz wareq-sz  svctm  %util
sdb           10032.00  781.00     39.19     39.23     0.00     0.00   0.00   0.00    0.06    0.42   0.00     4.00    51.44   0.09 100.00

2021년 10월 04일 14시 55분 55초
avg-cpu:  %user   %nice %system %iowait  %steal   %idle
           0.00    0.00    3.13    3.19    0.00   93.68

Device            r/s     w/s     rMB/s     wMB/s   rrqm/s   wrqm/s  %rrqm  %wrqm r_await w_await aqu-sz rareq-sz wareq-sz  svctm  %util
sdb           7806.00  618.00     30.49     30.45     0.00     0.00   0.00   0.00    0.06    0.40   0.00     4.00    50.46   0.12 100.00

2021년 10월 04일 14시 55분 56초
avg-cpu:  %user   %nice %system %iowait  %steal   %idle
           0.06    0.00    1.25    0.25    0.00   98.43

Device            r/s     w/s     rMB/s     wMB/s   rrqm/s   wrqm/s  %rrqm  %wrqm r_await w_await aqu-sz rareq-sz wareq-sz  svctm  %util
sdb           9930.00  810.00     38.79     38.66     0.00     0.00   0.00   0.00    0.05    0.43   0.00     4.00    48.88   0.09 100.00

2021년 10월 04일 14시 55분 57초
avg-cpu:  %user   %nice %system %iowait  %steal   %idle
           0.00    0.00    0.75    0.38    0.00   98.87

Device            r/s     w/s     rMB/s     wMB/s   rrqm/s   wrqm/s  %rrqm  %wrqm r_await w_await aqu-sz rareq-sz wareq-sz  svctm  %util
sdb           10876.00  839.00     42.48     45.03     0.00   687.00   0.00  45.02    0.05    0.45   0.01     4.00    54.96   0.09 100.00

2021년 10월 04일 14시 55분 58초
avg-cpu:  %user   %nice %system %iowait  %steal   %idle
           0.00    0.00    1.69    1.82    0.00   96.48

Device            r/s     w/s     rMB/s     wMB/s   rrqm/s   wrqm/s  %rrqm  %wrqm r_await w_await aqu-sz rareq-sz wareq-sz  svctm  %util
sdb           8620.00  639.00     33.67     33.33     0.00     0.00   0.00   0.00    0.06    0.47   0.02     4.00    53.41   0.11  98.80

2021년 10월 04일 14시 55분 59초
avg-cpu:  %user   %nice %system %iowait  %steal   %idle
           0.06    0.00    2.51    3.33    0.00   94.10

Device            r/s     w/s     rMB/s     wMB/s   rrqm/s   wrqm/s  %rrqm  %wrqm r_await w_await aqu-sz rareq-sz wareq-sz  svctm  %util
sdb           7848.00  586.00     30.66     30.77     0.00     0.00   0.00   0.00    0.06    0.42   0.00     4.00    53.76   0.12 100.00

2021년 10월 04일 14시 56분 00초
avg-cpu:  %user   %nice %system %iowait  %steal   %idle
           0.25    0.00    2.64    1.19    0.00   95.92

Device            r/s     w/s     rMB/s     wMB/s   rrqm/s   wrqm/s  %rrqm  %wrqm r_await w_await aqu-sz rareq-sz wareq-sz  svctm  %util
sdb           7256.00  553.00     28.34     28.19     0.00     0.00   0.00   0.00    0.07    0.43   0.00     4.00    52.20   0.13 100.00

2021년 10월 04일 14시 56분 01초
avg-cpu:  %user   %nice %system %iowait  %steal   %idle
           0.06    0.00    3.06    3.43    0.00   93.45

Device            r/s     w/s     rMB/s     wMB/s   rrqm/s   wrqm/s  %rrqm  %wrqm r_await w_await aqu-sz rareq-sz wareq-sz  svctm  %util
sdb           7449.00  608.00     29.10     28.91     0.00     0.00   0.00   0.00    0.06    0.42   0.00     4.00    48.68   0.12 100.00

2021년 10월 04일 14시 56분 02초
avg-cpu:  %user   %nice %system %iowait  %steal   %idle
           0.06    0.00    0.44    0.44    0.00   99.06

Device            r/s     w/s     rMB/s     wMB/s   rrqm/s   wrqm/s  %rrqm  %wrqm r_await w_await aqu-sz rareq-sz wareq-sz  svctm  %util
sdb            700.00   66.00      2.73      2.81     0.00     0.00   0.00   0.00    0.07    0.41   0.00     4.00    43.58   0.12   9.20

2021년 10월 04일 14시 56분 03초
avg-cpu:  %user   %nice %system %iowait  %steal   %idle
           0.06    0.00    0.13    0.00    0.00   99.81

Device            r/s     w/s     rMB/s     wMB/s   rrqm/s   wrqm/s  %rrqm  %wrqm r_await w_await aqu-sz rareq-sz wareq-sz  svctm  %util
sdb              0.00    0.00      0.00      0.00     0.00     0.00   0.00   0.00    0.00    0.00   0.00     0.00     0.00   0.00   0.00

2021년 10월 04일 14시 56분 04초
avg-cpu:  %user   %nice %system %iowait  %steal   %idle
           0.06    0.00    0.13    0.06    0.00   99.75

Device            r/s     w/s     rMB/s     wMB/s   rrqm/s   wrqm/s  %rrqm  %wrqm r_await w_await aqu-sz rareq-sz wareq-sz  svctm  %util
sdb              0.00    4.00      0.00      1.35     0.00   341.00   0.00  98.84    0.00    5.00   0.01     0.00   345.00   3.00   1.20

2021년 10월 04일 14시 56분 05초
avg-cpu:  %user   %nice %system %iowait  %steal   %idle
           0.00    0.00    0.19    0.00    0.00   99.81

Device            r/s     w/s     rMB/s     wMB/s   rrqm/s   wrqm/s  %rrqm  %wrqm r_await w_await aqu-sz rareq-sz wareq-sz  svctm  %util
sdb              0.00  146.00      0.00     10.01     0.00  2416.00   0.00  94.30    0.00    1.86   0.06     0.00    70.19   0.19   2.80

