Linux 5.5.8test (syslab-desk) 	2021년 10월 04일 	_x86_64_	(16 CPU)

2021년 10월 04일 19시 54분 26초
avg-cpu:  %user   %nice %system %iowait  %steal   %idle
           2.67    0.00    1.60    4.69    0.00   91.04

Device            r/s     w/s     rMB/s     wMB/s   rrqm/s   wrqm/s  %rrqm  %wrqm r_await w_await aqu-sz rareq-sz wareq-sz  svctm  %util
sdb            108.13  288.29      0.53     11.74    25.68   260.48  19.19  47.47    0.35    1.98   0.17     5.01    41.70   0.11   4.24

2021년 10월 04일 19시 54분 27초
avg-cpu:  %user   %nice %system %iowait  %steal   %idle
           0.00    0.00    0.12    0.00    0.00   99.88

Device            r/s     w/s     rMB/s     wMB/s   rrqm/s   wrqm/s  %rrqm  %wrqm r_await w_await aqu-sz rareq-sz wareq-sz  svctm  %util
sdb              0.00    0.00      0.00      0.00     0.00     0.00   0.00   0.00    0.00    0.00   0.00     0.00     0.00   0.00   0.00

2021년 10월 04일 19시 54분 28초
avg-cpu:  %user   %nice %system %iowait  %steal   %idle
           0.12    0.00    1.81    0.12    0.00   97.94

Device            r/s     w/s     rMB/s     wMB/s   rrqm/s   wrqm/s  %rrqm  %wrqm r_await w_await aqu-sz rareq-sz wareq-sz  svctm  %util
sdb           1188.00    1.00     11.69      0.00  1755.00     0.00  59.63   0.00    0.18    1.00   0.00    10.07     0.00   0.33  39.60

2021년 10월 04일 19시 54분 29초
avg-cpu:  %user   %nice %system %iowait  %steal   %idle
           0.13    0.00    3.52    0.06    0.00   96.30

Device            r/s     w/s     rMB/s     wMB/s   rrqm/s   wrqm/s  %rrqm  %wrqm r_await w_await aqu-sz rareq-sz wareq-sz  svctm  %util
sdb           3039.00    0.00     26.22      0.00  3570.00     0.00  54.02   0.00    0.17    0.00   0.00     8.83     0.00   0.33 100.00

2021년 10월 04일 19시 54분 30초
avg-cpu:  %user   %nice %system %iowait  %steal   %idle
           0.38    0.00    3.84    7.11    0.00   88.67

Device            r/s     w/s     rMB/s     wMB/s   rrqm/s   wrqm/s  %rrqm  %wrqm r_await w_await aqu-sz rareq-sz wareq-sz  svctm  %util
sdb           2258.00 6073.00     30.83     23.82  5609.00   325.00  71.30   5.08    0.69    1.58   1.13    13.98     4.02   0.11  91.20

2021년 10월 04일 19시 54분 31초
avg-cpu:  %user   %nice %system %iowait  %steal   %idle
           0.13    0.00    4.96   13.51    0.00   81.41

Device            r/s     w/s     rMB/s     wMB/s   rrqm/s   wrqm/s  %rrqm  %wrqm r_await w_await aqu-sz rareq-sz wareq-sz  svctm  %util
sdb           2644.00 11656.00     44.07     43.57  8663.00     0.00  76.62   0.00    0.99    1.64   2.29    17.07     3.83   0.07  98.40

2021년 10월 04일 19시 54분 32초
avg-cpu:  %user   %nice %system %iowait  %steal   %idle
           0.37    0.00    8.49    5.37    0.00   85.77

Device            r/s     w/s     rMB/s     wMB/s   rrqm/s   wrqm/s  %rrqm  %wrqm r_await w_await aqu-sz rareq-sz wareq-sz  svctm  %util
sdb           4937.00 19480.00     72.88     72.83 13693.00     0.00  73.50   0.00    0.71    0.67   0.00    15.12     3.83   0.04 100.00

2021년 10월 04일 19시 54분 33초
avg-cpu:  %user   %nice %system %iowait  %steal   %idle
           0.19    0.00    7.93    5.23    0.00   86.65

Device            r/s     w/s     rMB/s     wMB/s   rrqm/s   wrqm/s  %rrqm  %wrqm r_await w_await aqu-sz rareq-sz wareq-sz  svctm  %util
sdb           4899.00 19570.00     73.88     73.22 14015.00     0.00  74.10   0.00    0.72    0.70   0.00    15.44     3.83   0.04 100.00

2021년 10월 04일 19시 54분 34초
avg-cpu:  %user   %nice %system %iowait  %steal   %idle
           0.19    0.00    7.91    6.03    0.00   85.87

Device            r/s     w/s     rMB/s     wMB/s   rrqm/s   wrqm/s  %rrqm  %wrqm r_await w_await aqu-sz rareq-sz wareq-sz  svctm  %util
sdb           4791.00 18948.00     71.17     70.57 13428.00     0.00  73.70   0.00    0.73    0.75   0.37    15.21     3.81   0.04  99.60

2021년 10월 04일 19시 54분 35초
avg-cpu:  %user   %nice %system %iowait  %steal   %idle
           0.13    0.00    6.41    6.22    0.00   87.24

Device            r/s     w/s     rMB/s     wMB/s   rrqm/s   wrqm/s  %rrqm  %wrqm r_await w_await aqu-sz rareq-sz wareq-sz  svctm  %util
sdb           4746.00 19615.00     73.27     76.41 14009.00   772.00  74.69   3.79    0.75    0.71   0.19    15.81     3.99   0.04 100.00

2021년 10월 04일 19시 54분 36초
avg-cpu:  %user   %nice %system %iowait  %steal   %idle
           0.25    0.00    6.56    6.24    0.00   86.95

Device            r/s     w/s     rMB/s     wMB/s   rrqm/s   wrqm/s  %rrqm  %wrqm r_await w_await aqu-sz rareq-sz wareq-sz  svctm  %util
sdb           4554.00 19063.00     71.48     71.36 13814.00     0.00  75.21   0.00    0.78    0.73   0.18    16.07     3.83   0.04  98.40

2021년 10월 04일 19시 54분 37초
avg-cpu:  %user   %nice %system %iowait  %steal   %idle
           0.06    0.00    7.06    6.10    0.00   86.78

Device            r/s     w/s     rMB/s     wMB/s   rrqm/s   wrqm/s  %rrqm  %wrqm r_await w_await aqu-sz rareq-sz wareq-sz  svctm  %util
sdb           4641.00 19510.00     73.69     72.86 14151.00     0.00  75.30   0.00    0.76    0.68   0.00    16.26     3.82   0.04 100.00

2021년 10월 04일 19시 54분 38초
avg-cpu:  %user   %nice %system %iowait  %steal   %idle
           0.38    0.00    8.15    6.58    0.00   84.90

Device            r/s     w/s     rMB/s     wMB/s   rrqm/s   wrqm/s  %rrqm  %wrqm r_await w_await aqu-sz rareq-sz wareq-sz  svctm  %util
sdb           4642.00 19173.00     71.60     71.81 13686.00     0.00  74.67   0.00    0.76    0.74   0.18    15.79     3.84   0.04  98.80

2021년 10월 04일 19시 54분 39초
avg-cpu:  %user   %nice %system %iowait  %steal   %idle
           0.19    0.00    7.81    5.54    0.00   86.46

Device            r/s     w/s     rMB/s     wMB/s   rrqm/s   wrqm/s  %rrqm  %wrqm r_await w_await aqu-sz rareq-sz wareq-sz  svctm  %util
sdb           4730.00 19296.00     72.82     72.12 13911.00     0.00  74.63   0.00    0.72    0.76   0.00    15.76     3.83   0.04 100.00

2021년 10월 04일 19시 54분 40초
avg-cpu:  %user   %nice %system %iowait  %steal   %idle
           0.19    0.00    6.79    6.47    0.00   86.56

Device            r/s     w/s     rMB/s     wMB/s   rrqm/s   wrqm/s  %rrqm  %wrqm r_await w_await aqu-sz rareq-sz wareq-sz  svctm  %util
sdb           4726.00 18576.00     69.39     72.61 13037.00   817.00  73.39   4.21    0.77    0.78   0.67    15.04     4.00   0.04  98.40

2021년 10월 04일 19시 54분 41초
avg-cpu:  %user   %nice %system %iowait  %steal   %idle
           0.19    0.00    7.03    5.64    0.00   87.14

Device            r/s     w/s     rMB/s     wMB/s   rrqm/s   wrqm/s  %rrqm  %wrqm r_await w_await aqu-sz rareq-sz wareq-sz  svctm  %util
sdb           4273.00 19206.00     71.95     71.63 14144.00     0.00  76.80   0.00    0.80    0.74   0.20    17.24     3.82   0.04 100.00

2021년 10월 04일 19시 54분 42초
avg-cpu:  %user   %nice %system %iowait  %steal   %idle
           0.32    0.00    7.03    5.76    0.00   86.89

Device            r/s     w/s     rMB/s     wMB/s   rrqm/s   wrqm/s  %rrqm  %wrqm r_await w_await aqu-sz rareq-sz wareq-sz  svctm  %util
sdb           4518.00 19035.00     71.23     70.67 13722.00     0.00  75.23   0.00    0.79    0.77   0.00    16.15     3.80   0.04 100.00

2021년 10월 04일 19시 54분 43초
avg-cpu:  %user   %nice %system %iowait  %steal   %idle
           0.19    0.00    7.26    6.19    0.00   86.36

Device            r/s     w/s     rMB/s     wMB/s   rrqm/s   wrqm/s  %rrqm  %wrqm r_await w_await aqu-sz rareq-sz wareq-sz  svctm  %util
sdb           4728.00 18675.00     70.24     69.71 13341.00     0.00  73.83   0.00    0.72    0.77   0.18    15.21     3.82   0.04  98.40

2021년 10월 04일 19시 54분 44초
avg-cpu:  %user   %nice %system %iowait  %steal   %idle
           0.25    0.00    7.17    5.01    0.00   87.57

Device            r/s     w/s     rMB/s     wMB/s   rrqm/s   wrqm/s  %rrqm  %wrqm r_await w_await aqu-sz rareq-sz wareq-sz  svctm  %util
sdb           4891.00 19754.00     73.83     73.92 13915.00     0.00  73.99   0.00    0.73    0.67   0.00    15.46     3.83   0.04 100.00

2021년 10월 04일 19시 54분 45초
avg-cpu:  %user   %nice %system %iowait  %steal   %idle
           0.13    0.00    7.66    6.53    0.00   85.69

Device            r/s     w/s     rMB/s     wMB/s   rrqm/s   wrqm/s  %rrqm  %wrqm r_await w_await aqu-sz rareq-sz wareq-sz  svctm  %util
sdb           4673.00 18860.00     70.50     73.24 13441.00   763.00  74.20   3.89    0.77    0.73   0.52    15.45     3.98   0.04  98.40

2021년 10월 04일 19시 54분 46초
avg-cpu:  %user   %nice %system %iowait  %steal   %idle
           0.19    0.00    8.78    5.54    0.00   85.49

Device            r/s     w/s     rMB/s     wMB/s   rrqm/s   wrqm/s  %rrqm  %wrqm r_await w_await aqu-sz rareq-sz wareq-sz  svctm  %util
sdb           4654.00 19192.00     71.76     71.53 13728.00     0.00  74.68   0.00    0.74    0.72   0.02    15.79     3.82   0.04 100.00

2021년 10월 04일 19시 54분 47초
avg-cpu:  %user   %nice %system %iowait  %steal   %idle
           0.13    0.00    6.55    6.62    0.00   86.70

Device            r/s     w/s     rMB/s     wMB/s   rrqm/s   wrqm/s  %rrqm  %wrqm r_await w_await aqu-sz rareq-sz wareq-sz  svctm  %util
sdb           4525.00 18661.00     69.88     69.62 13285.00     0.00  74.59   0.00    0.74    0.77   0.28    15.81     3.82   0.04  98.00

2021년 10월 04일 19시 54분 48초
avg-cpu:  %user   %nice %system %iowait  %steal   %idle
           0.25    0.00    7.75    5.36    0.00   86.64

Device            r/s     w/s     rMB/s     wMB/s   rrqm/s   wrqm/s  %rrqm  %wrqm r_await w_await aqu-sz rareq-sz wareq-sz  svctm  %util
sdb           4847.00 19597.00     73.60     73.24 13995.00     0.00  74.28   0.00    0.75    0.74   0.00    15.55     3.83   0.04 100.00

2021년 10월 04일 19시 54분 49초
avg-cpu:  %user   %nice %system %iowait  %steal   %idle
           0.25    0.00    7.74    5.73    0.00   86.28

Device            r/s     w/s     rMB/s     wMB/s   rrqm/s   wrqm/s  %rrqm  %wrqm r_await w_await aqu-sz rareq-sz wareq-sz  svctm  %util
sdb           4677.00 19274.00     72.32     72.02 13837.00     0.00  74.74   0.00    0.76    0.77   0.02    15.83     3.83   0.04 100.00

2021년 10월 04일 19시 54분 50초
avg-cpu:  %user   %nice %system %iowait  %steal   %idle
           0.19    0.00    7.18    7.12    0.00   85.51

Device            r/s     w/s     rMB/s     wMB/s   rrqm/s   wrqm/s  %rrqm  %wrqm r_await w_await aqu-sz rareq-sz wareq-sz  svctm  %util
sdb           5006.00 19189.00     71.91     74.76 13444.00   758.00  72.87   3.80    0.72    0.74   0.11    14.71     3.99   0.04  98.40

2021년 10월 04일 19시 54분 51초
avg-cpu:  %user   %nice %system %iowait  %steal   %idle
           0.06    0.00    2.00    6.39    0.00   91.55

Device            r/s     w/s     rMB/s     wMB/s   rrqm/s   wrqm/s  %rrqm  %wrqm r_await w_await aqu-sz rareq-sz wareq-sz  svctm  %util
sdb           9476.00 21014.00     78.95     78.58 10693.00     0.00  53.02   0.00    0.60    0.60   0.00     8.53     3.83   0.03 100.00

2021년 10월 04일 19시 54분 52초
avg-cpu:  %user   %nice %system %iowait  %steal   %idle
           0.19    0.00    5.88    6.19    0.00   87.74

Device            r/s     w/s     rMB/s     wMB/s   rrqm/s   wrqm/s  %rrqm  %wrqm r_await w_await aqu-sz rareq-sz wareq-sz  svctm  %util
sdb           5253.00 18730.00     70.18     69.50 12748.00     0.00  70.82   0.00    0.69    0.70   0.18    13.68     3.80   0.04  98.40

2021년 10월 04일 19시 54분 53초
avg-cpu:  %user   %nice %system %iowait  %steal   %idle
           0.25    0.00    7.21    5.63    0.00   86.91

Device            r/s     w/s     rMB/s     wMB/s   rrqm/s   wrqm/s  %rrqm  %wrqm r_await w_await aqu-sz rareq-sz wareq-sz  svctm  %util
sdb           4517.00 19238.00     71.50     71.41 13747.00     0.00  75.27   0.00    0.75    0.68   0.00    16.21     3.80   0.04 100.00

2021년 10월 04일 19시 54분 54초
avg-cpu:  %user   %nice %system %iowait  %steal   %idle
           0.37    0.00    9.10    5.69    0.00   84.84

Device            r/s     w/s     rMB/s     wMB/s   rrqm/s   wrqm/s  %rrqm  %wrqm r_await w_await aqu-sz rareq-sz wareq-sz  svctm  %util
sdb           4590.00 19085.00     71.29     70.98 13681.00     0.00  74.88   0.00    0.74    0.72   0.13    15.91     3.81   0.04  98.80

2021년 10월 04일 19시 54분 55초
avg-cpu:  %user   %nice %system %iowait  %steal   %idle
           0.25    0.00    8.10    5.72    0.00   85.93

Device            r/s     w/s     rMB/s     wMB/s   rrqm/s   wrqm/s  %rrqm  %wrqm r_await w_await aqu-sz rareq-sz wareq-sz  svctm  %util
sdb           4821.00 19418.00     72.59     76.37 13739.00   969.00  74.02   4.75    0.77    0.68   0.10    15.42     4.03   0.04 100.00

2021년 10월 04일 19시 54분 56초
avg-cpu:  %user   %nice %system %iowait  %steal   %idle
           0.25    0.00    7.02    6.26    0.00   86.47

Device            r/s     w/s     rMB/s     wMB/s   rrqm/s   wrqm/s  %rrqm  %wrqm r_await w_await aqu-sz rareq-sz wareq-sz  svctm  %util
sdb           4655.00 18761.00     70.23     69.63 13323.00     0.00  74.11   0.00    0.74    0.77   0.44    15.45     3.80   0.04  98.40

2021년 10월 04일 19시 54분 57초
avg-cpu:  %user   %nice %system %iowait  %steal   %idle
           0.13    0.00    7.63    4.98    0.00   87.26

Device            r/s     w/s     rMB/s     wMB/s   rrqm/s   wrqm/s  %rrqm  %wrqm r_await w_await aqu-sz rareq-sz wareq-sz  svctm  %util
sdb           4183.00 19658.00     73.14     73.07 14542.00     0.00  77.66   0.00    0.77    0.72   0.00    17.91     3.81   0.04 100.00

2021년 10월 04일 19시 54분 58초
avg-cpu:  %user   %nice %system %iowait  %steal   %idle
           0.26    0.00    6.38    6.25    0.00   87.12

Device            r/s     w/s     rMB/s     wMB/s   rrqm/s   wrqm/s  %rrqm  %wrqm r_await w_await aqu-sz rareq-sz wareq-sz  svctm  %util
sdb           4418.00 18933.00     70.60     70.26 13769.00     0.00  75.71   0.00    0.79    0.76   0.13    16.36     3.80   0.04  98.80

2021년 10월 04일 19시 54분 59초
avg-cpu:  %user   %nice %system %iowait  %steal   %idle
           0.25    0.00    7.56    5.80    0.00   86.39

Device            r/s     w/s     rMB/s     wMB/s   rrqm/s   wrqm/s  %rrqm  %wrqm r_await w_await aqu-sz rareq-sz wareq-sz  svctm  %util
sdb           4667.00 19218.00     71.87     71.60 13616.00     0.00  74.47   0.00    0.76    0.76   0.10    15.77     3.81   0.04 100.00

2021년 10월 04일 19시 55분 00초
avg-cpu:  %user   %nice %system %iowait  %steal   %idle
           0.19    0.00    6.84    6.40    0.00   86.57

Device            r/s     w/s     rMB/s     wMB/s   rrqm/s   wrqm/s  %rrqm  %wrqm r_await w_await aqu-sz rareq-sz wareq-sz  svctm  %util
sdb           5148.00 19134.00     71.45     74.50 13142.00   844.00  71.85   4.22    0.75    0.70   0.10    14.21     3.99   0.04 100.00

2021년 10월 04일 19시 55분 01초
avg-cpu:  %user   %nice %system %iowait  %steal   %idle
           0.31    0.00    7.58    6.27    0.00   85.84

Device            r/s     w/s     rMB/s     wMB/s   rrqm/s   wrqm/s  %rrqm  %wrqm r_await w_await aqu-sz rareq-sz wareq-sz  svctm  %util
sdb           5727.00 18997.00     71.14     70.86 12484.00     0.00  68.55   0.00    0.70    0.75   0.14    12.72     3.82   0.04  98.00

2021년 10월 04일 19시 55분 02초
avg-cpu:  %user   %nice %system %iowait  %steal   %idle
           0.38    0.00    8.21    5.64    0.00   85.78

Device            r/s     w/s     rMB/s     wMB/s   rrqm/s   wrqm/s  %rrqm  %wrqm r_await w_await aqu-sz rareq-sz wareq-sz  svctm  %util
sdb           4818.00 19167.00     72.09     71.39 13637.00     0.00  73.89   0.00    0.75    0.73   0.00    15.32     3.81   0.04 100.00

2021년 10월 04일 19시 55분 03초
avg-cpu:  %user   %nice %system %iowait  %steal   %idle
           0.19    0.00    7.28    6.14    0.00   86.38

Device            r/s     w/s     rMB/s     wMB/s   rrqm/s   wrqm/s  %rrqm  %wrqm r_await w_await aqu-sz rareq-sz wareq-sz  svctm  %util
sdb           4774.00 19073.00     71.32     71.15 13481.00     0.00  73.85   0.00    0.75    0.71   0.14    15.30     3.82   0.04  98.40

2021년 10월 04일 19시 55분 04초
avg-cpu:  %user   %nice %system %iowait  %steal   %idle
           0.13    0.00    7.58    6.12    0.00   86.17

Device            r/s     w/s     rMB/s     wMB/s   rrqm/s   wrqm/s  %rrqm  %wrqm r_await w_await aqu-sz rareq-sz wareq-sz  svctm  %util
sdb           4824.00 18499.00     68.77     84.74 12779.00  4032.00  72.60  17.90    0.80    0.71   0.26    14.60     4.69   0.04 100.00

2021년 10월 04일 19시 55분 05초
avg-cpu:  %user   %nice %system %iowait  %steal   %idle
           0.19    0.00    5.71    6.87    0.00   87.23

Device            r/s     w/s     rMB/s     wMB/s   rrqm/s   wrqm/s  %rrqm  %wrqm r_await w_await aqu-sz rareq-sz wareq-sz  svctm  %util
sdb           4375.00 18676.00     69.41     72.83 13411.00   839.00  75.40   4.30    0.78    0.75   0.22    16.25     3.99   0.04  98.40

2021년 10월 04일 19시 55분 06초
avg-cpu:  %user   %nice %system %iowait  %steal   %idle
           0.31    0.00    7.73    5.34    0.00   86.61

Device            r/s     w/s     rMB/s     wMB/s   rrqm/s   wrqm/s  %rrqm  %wrqm r_await w_await aqu-sz rareq-sz wareq-sz  svctm  %util
sdb           4419.00 19144.00     72.16     71.14 14034.00     0.00  76.05   0.00    0.76    0.71   0.09    16.72     3.81   0.04 100.00

2021년 10월 04일 19시 55분 07초
avg-cpu:  %user   %nice %system %iowait  %steal   %idle
           0.25    0.00    7.94    6.38    0.00   85.43

Device            r/s     w/s     rMB/s     wMB/s   rrqm/s   wrqm/s  %rrqm  %wrqm r_await w_await aqu-sz rareq-sz wareq-sz  svctm  %util
sdb           4374.00 18771.00     69.37     69.75 13410.00     0.00  75.40   0.00    0.75    0.72   0.12    16.24     3.81   0.04  98.40

2021년 10월 04일 19시 55분 08초
avg-cpu:  %user   %nice %system %iowait  %steal   %idle
           0.19    0.00    8.73    5.30    0.00   85.79

Device            r/s     w/s     rMB/s     wMB/s   rrqm/s   wrqm/s  %rrqm  %wrqm r_await w_await aqu-sz rareq-sz wareq-sz  svctm  %util
sdb           4447.00 19745.00     73.89     73.81 14457.00     0.00  76.48   0.00    0.77    0.71   0.00    17.02     3.83   0.04 100.00

2021년 10월 04일 19시 55분 09초
avg-cpu:  %user   %nice %system %iowait  %steal   %idle
           0.19    0.00    7.28    6.14    0.00   86.39

Device            r/s     w/s     rMB/s     wMB/s   rrqm/s   wrqm/s  %rrqm  %wrqm r_await w_await aqu-sz rareq-sz wareq-sz  svctm  %util
sdb           4748.00 19573.00     74.17     73.15 14225.00     0.00  74.97   0.00    0.76    0.71   0.09    16.00     3.83   0.04 100.00

2021년 10월 04일 19시 55분 10초
avg-cpu:  %user   %nice %system %iowait  %steal   %idle
           0.32    0.00    5.63    7.36    0.00   86.69

Device            r/s     w/s     rMB/s     wMB/s   rrqm/s   wrqm/s  %rrqm  %wrqm r_await w_await aqu-sz rareq-sz wareq-sz  svctm  %util
sdb           3586.00 17789.00     65.61     68.78 13213.00   848.00  78.65   4.55    0.80    0.87   0.24    18.73     3.96   0.05  98.40

2021년 10월 04일 19시 55분 11초
avg-cpu:  %user   %nice %system %iowait  %steal   %idle
           0.38    0.00    6.42    5.78    0.00   87.42

Device            r/s     w/s     rMB/s     wMB/s   rrqm/s   wrqm/s  %rrqm  %wrqm r_await w_await aqu-sz rareq-sz wareq-sz  svctm  %util
sdb           4085.00 18114.00     66.33     66.31 12887.00     0.00  75.93   0.00    0.77    0.84   0.00    16.63     3.75   0.05 100.00

2021년 10월 04일 19시 55분 12초
avg-cpu:  %user   %nice %system %iowait  %steal   %idle
           0.13    0.00    6.43    6.11    0.00   87.33

Device            r/s     w/s     rMB/s     wMB/s   rrqm/s   wrqm/s  %rrqm  %wrqm r_await w_await aqu-sz rareq-sz wareq-sz  svctm  %util
sdb           3944.00 18348.00     68.16     67.55 13504.00     0.00  77.40   0.00    0.78    0.79   0.18    17.70     3.77   0.04  98.00

2021년 10월 04일 19시 55분 13초
avg-cpu:  %user   %nice %system %iowait  %steal   %idle
           0.19    0.00    6.61    5.85    0.00   87.35

Device            r/s     w/s     rMB/s     wMB/s   rrqm/s   wrqm/s  %rrqm  %wrqm r_await w_await aqu-sz rareq-sz wareq-sz  svctm  %util
sdb           4236.00 18666.00     68.10     68.80 13195.00     0.00  75.70   0.00    0.75    0.74   0.00    16.46     3.77   0.04 100.00

2021년 10월 04일 19시 55분 14초
avg-cpu:  %user   %nice %system %iowait  %steal   %idle
           0.25    0.00    6.95    6.06    0.00   86.73

Device            r/s     w/s     rMB/s     wMB/s   rrqm/s   wrqm/s  %rrqm  %wrqm r_await w_await aqu-sz rareq-sz wareq-sz  svctm  %util
sdb           4016.00 18280.00     67.27     67.24 13243.00     0.00  76.73   0.00    0.74    0.77   0.16    17.15     3.77   0.04  98.80

2021년 10월 04일 19시 55분 15초
avg-cpu:  %user   %nice %system %iowait  %steal   %idle
           0.13    0.00    6.68    6.17    0.00   87.01

Device            r/s     w/s     rMB/s     wMB/s   rrqm/s   wrqm/s  %rrqm  %wrqm r_await w_await aqu-sz rareq-sz wareq-sz  svctm  %util
sdb           4179.00 18752.00     70.02     72.03 13705.00   726.00  76.63   3.73    0.80    0.74   0.10    17.16     3.93   0.04 100.00

2021년 10월 04일 19시 55분 16초
avg-cpu:  %user   %nice %system %iowait  %steal   %idle
           0.19    0.00    8.55    5.24    0.00   86.03

Device            r/s     w/s     rMB/s     wMB/s   rrqm/s   wrqm/s  %rrqm  %wrqm r_await w_await aqu-sz rareq-sz wareq-sz  svctm  %util
sdb           4201.00 18547.00     68.50     68.17 13419.00     0.00  76.16   0.00    0.75    0.76   0.00    16.70     3.76   0.04 100.00

2021년 10월 04일 19시 55분 17초
avg-cpu:  %user   %nice %system %iowait  %steal   %idle
           0.31    0.00    7.65    6.71    0.00   85.33

Device            r/s     w/s     rMB/s     wMB/s   rrqm/s   wrqm/s  %rrqm  %wrqm r_await w_await aqu-sz rareq-sz wareq-sz  svctm  %util
sdb           4296.00 18158.00     67.18     66.84 12816.00     0.00  74.89   0.00    0.77    0.79   0.13    16.01     3.77   0.04  98.80

2021년 10월 04일 19시 55분 18초
avg-cpu:  %user   %nice %system %iowait  %steal   %idle
           0.32    0.00    7.38    5.67    0.00   86.63

Device            r/s     w/s     rMB/s     wMB/s   rrqm/s   wrqm/s  %rrqm  %wrqm r_await w_await aqu-sz rareq-sz wareq-sz  svctm  %util
sdb           4679.00 18888.00     69.39     69.61 13150.00     0.00  73.76   0.00    0.72    0.71   0.00    15.19     3.77   0.04 100.00

2021년 10월 04일 19시 55분 19초
avg-cpu:  %user   %nice %system %iowait  %steal   %idle
           0.25    0.00    6.55    5.98    0.00   87.22

Device            r/s     w/s     rMB/s     wMB/s   rrqm/s   wrqm/s  %rrqm  %wrqm r_await w_await aqu-sz rareq-sz wareq-sz  svctm  %util
sdb           4337.00 18458.00     68.13     68.00 13072.00     0.00  75.09   0.00    0.74    0.75   0.38    16.09     3.77   0.04  98.80

2021년 10월 04일 19시 55분 20초
avg-cpu:  %user   %nice %system %iowait  %steal   %idle
           0.25    0.00    7.37    5.86    0.00   86.52

Device            r/s     w/s     rMB/s     wMB/s   rrqm/s   wrqm/s  %rrqm  %wrqm r_await w_await aqu-sz rareq-sz wareq-sz  svctm  %util
sdb           3969.00 18375.00     68.31     70.84 13481.00   790.00  77.26   4.12    0.78    0.81   0.09    17.62     3.95   0.04 100.00

2021년 10월 04일 19시 55분 21초
avg-cpu:  %user   %nice %system %iowait  %steal   %idle
           0.25    0.00    7.47    6.47    0.00   85.80

Device            r/s     w/s     rMB/s     wMB/s   rrqm/s   wrqm/s  %rrqm  %wrqm r_await w_await aqu-sz rareq-sz wareq-sz  svctm  %util
sdb           4077.00 17991.00     65.93     65.98 12802.00     0.00  75.85   0.00    0.79    0.86   0.16    16.56     3.76   0.04  98.40

2021년 10월 04일 19시 55분 22초
avg-cpu:  %user   %nice %system %iowait  %steal   %idle
           0.19    0.00    7.10    5.70    0.00   87.01

Device            r/s     w/s     rMB/s     wMB/s   rrqm/s   wrqm/s  %rrqm  %wrqm r_await w_await aqu-sz rareq-sz wareq-sz  svctm  %util
sdb           4315.00 18679.00     70.00     69.00 13605.00     0.00  75.92   0.00    0.79    0.75   0.00    16.61     3.78   0.04 100.00

2021년 10월 04일 19시 55분 23초
avg-cpu:  %user   %nice %system %iowait  %steal   %idle
           0.19    0.00    8.95    5.72    0.00   85.15

Device            r/s     w/s     rMB/s     wMB/s   rrqm/s   wrqm/s  %rrqm  %wrqm r_await w_await aqu-sz rareq-sz wareq-sz  svctm  %util
sdb           4385.00 19269.00     72.35     71.62 14133.00     0.00  76.32   0.00    0.77    0.77   0.01    16.89     3.81   0.04 100.00

2021년 10월 04일 19시 55분 24초
avg-cpu:  %user   %nice %system %iowait  %steal   %idle
           0.06    0.00    8.27    5.76    0.00   85.90

Device            r/s     w/s     rMB/s     wMB/s   rrqm/s   wrqm/s  %rrqm  %wrqm r_await w_await aqu-sz rareq-sz wareq-sz  svctm  %util
sdb           4829.00 19168.00     71.09     71.25 13452.00     0.00  73.58   0.00    0.72    0.65   0.19    15.08     3.81   0.04  98.40

2021년 10월 04일 19시 55분 25초
avg-cpu:  %user   %nice %system %iowait  %steal   %idle
           0.25    0.00    7.33    5.94    0.00   86.47

Device            r/s     w/s     rMB/s     wMB/s   rrqm/s   wrqm/s  %rrqm  %wrqm r_await w_await aqu-sz rareq-sz wareq-sz  svctm  %util
sdb           4617.00 18641.00     69.23     72.04 13023.00   750.00  73.83   3.87    0.74    0.75   0.10    15.35     3.96   0.04 100.00

2021년 10월 04일 19시 55분 26초
avg-cpu:  %user   %nice %system %iowait  %steal   %idle
           0.32    0.00    7.19    5.68    0.00   86.81

Device            r/s     w/s     rMB/s     wMB/s   rrqm/s   wrqm/s  %rrqm  %wrqm r_await w_await aqu-sz rareq-sz wareq-sz  svctm  %util
sdb           4339.00 18478.00     68.40     68.29 13188.00     0.00  75.24   0.00    0.75    0.82   0.48    16.14     3.78   0.04  98.80

2021년 10월 04일 19시 55분 27초
avg-cpu:  %user   %nice %system %iowait  %steal   %idle
           0.25    0.00    7.27    5.12    0.00   87.36

Device            r/s     w/s     rMB/s     wMB/s   rrqm/s   wrqm/s  %rrqm  %wrqm r_await w_await aqu-sz rareq-sz wareq-sz  svctm  %util
sdb           4470.00 19138.00     71.90     71.15 13918.00     0.00  75.69   0.00    0.78    0.70   0.01    16.47     3.81   0.04 100.00

2021년 10월 04일 19시 55분 28초
avg-cpu:  %user   %nice %system %iowait  %steal   %idle
           0.19    0.00    6.73    6.29    0.00   86.79

Device            r/s     w/s     rMB/s     wMB/s   rrqm/s   wrqm/s  %rrqm  %wrqm r_await w_await aqu-sz rareq-sz wareq-sz  svctm  %util
sdb           4434.00 18643.00     69.03     69.06 13262.00     0.00  74.94   0.00    0.74    0.73   0.29    15.94     3.79   0.04  98.80

2021년 10월 04일 19시 55분 29초
avg-cpu:  %user   %nice %system %iowait  %steal   %idle
           0.19    0.00    7.36    5.79    0.00   86.66

Device            r/s     w/s     rMB/s     wMB/s   rrqm/s   wrqm/s  %rrqm  %wrqm r_await w_await aqu-sz rareq-sz wareq-sz  svctm  %util
sdb           4160.00 18685.00     69.03     68.92 13484.00     0.00  76.42   0.00    0.79    0.81   0.00    16.99     3.78   0.04 100.00

2021년 10월 04일 19시 55분 30초
avg-cpu:  %user   %nice %system %iowait  %steal   %idle
           0.25    0.00    3.86    7.09    0.00   88.80

Device            r/s     w/s     rMB/s     wMB/s   rrqm/s   wrqm/s  %rrqm  %wrqm r_await w_await aqu-sz rareq-sz wareq-sz  svctm  %util
sdb           6379.00 19419.00     73.05     75.41 12321.00   795.00  65.89   3.93    0.66    0.71   0.45    11.73     3.98   0.04  98.80

2021년 10월 04일 19시 55분 31초
avg-cpu:  %user   %nice %system %iowait  %steal   %idle
           0.00    0.00    1.82    5.79    0.00   92.39

Device            r/s     w/s     rMB/s     wMB/s   rrqm/s   wrqm/s  %rrqm  %wrqm r_await w_await aqu-sz rareq-sz wareq-sz  svctm  %util
sdb           9477.00 20505.00     77.25     76.67 10304.00     0.00  52.09   0.00    0.60    0.57   0.00     8.35     3.83   0.03 100.00

2021년 10월 04일 19시 55분 32초
avg-cpu:  %user   %nice %system %iowait  %steal   %idle
           0.00    0.00    1.76    6.34    0.00   91.90

Device            r/s     w/s     rMB/s     wMB/s   rrqm/s   wrqm/s  %rrqm  %wrqm r_await w_await aqu-sz rareq-sz wareq-sz  svctm  %util
sdb           10160.00 19963.00     73.94     74.23  8760.00     0.00  46.30   0.00    0.56    0.55   0.00     7.45     3.81   0.03  98.80

2021년 10월 04일 19시 55분 33초
avg-cpu:  %user   %nice %system %iowait  %steal   %idle
           0.25    0.00    8.08    6.01    0.00   85.66

Device            r/s     w/s     rMB/s     wMB/s   rrqm/s   wrqm/s  %rrqm  %wrqm r_await w_await aqu-sz rareq-sz wareq-sz  svctm  %util
sdb           4708.00 19137.00     71.39     71.36 13614.00     0.00  74.30   0.00    0.77    0.74   0.12    15.53     3.82   0.04  99.20

2021년 10월 04일 19시 55분 34초
avg-cpu:  %user   %nice %system %iowait  %steal   %idle
           0.25    0.00    8.07    5.38    0.00   86.30

Device            r/s     w/s     rMB/s     wMB/s   rrqm/s   wrqm/s  %rrqm  %wrqm r_await w_await aqu-sz rareq-sz wareq-sz  svctm  %util
sdb           5112.00 19401.00     72.95     72.54 13592.00     0.00  72.67   0.00    0.72    0.69   0.00    14.61     3.83   0.04 100.00

2021년 10월 04일 19시 55분 35초
avg-cpu:  %user   %nice %system %iowait  %steal   %idle
           0.25    0.00    8.55    6.55    0.00   84.64

Device            r/s     w/s     rMB/s     wMB/s   rrqm/s   wrqm/s  %rrqm  %wrqm r_await w_await aqu-sz rareq-sz wareq-sz  svctm  %util
sdb           5093.00 17633.00     65.17     86.76 11514.00  5343.00  69.33  23.25    0.78    0.74   0.50    13.10     5.04   0.04  98.80

2021년 10월 04일 19시 55분 36초
avg-cpu:  %user   %nice %system %iowait  %steal   %idle
           0.19    0.00    7.37    5.72    0.00   86.71

Device            r/s     w/s     rMB/s     wMB/s   rrqm/s   wrqm/s  %rrqm  %wrqm r_await w_await aqu-sz rareq-sz wareq-sz  svctm  %util
sdb           4682.00 19494.00     72.91     72.81 13984.00     0.00  74.92   0.00    0.74    0.74   0.00    15.95     3.82   0.04 100.00

2021년 10월 04일 19시 55분 37초
avg-cpu:  %user   %nice %system %iowait  %steal   %idle
           0.13    0.00    6.79    6.92    0.00   86.16

Device            r/s     w/s     rMB/s     wMB/s   rrqm/s   wrqm/s  %rrqm  %wrqm r_await w_await aqu-sz rareq-sz wareq-sz  svctm  %util
sdb           4448.00 18872.00     71.01     70.44 13730.00     0.00  75.53   0.00    0.76    0.73   0.08    16.35     3.82   0.04  98.40

2021년 10월 04일 19시 55분 38초
avg-cpu:  %user   %nice %system %iowait  %steal   %idle
           0.38    0.00    7.84    6.08    0.00   85.71

Device            r/s     w/s     rMB/s     wMB/s   rrqm/s   wrqm/s  %rrqm  %wrqm r_await w_await aqu-sz rareq-sz wareq-sz  svctm  %util
sdb           4673.00 19018.00     71.06     70.93 13517.00     0.00  74.31   0.00    0.74    0.79   0.01    15.57     3.82   0.04  99.60

2021년 10월 04일 19시 55분 39초
avg-cpu:  %user   %nice %system %iowait  %steal   %idle
           0.19    0.00    7.83    6.08    0.00   85.90

Device            r/s     w/s     rMB/s     wMB/s   rrqm/s   wrqm/s  %rrqm  %wrqm r_await w_await aqu-sz rareq-sz wareq-sz  svctm  %util
sdb           4275.00 18554.00     69.11     68.99 13416.00     0.00  75.84   0.00    0.78    0.79   0.14    16.55     3.81   0.04  98.40

2021년 10월 04일 19시 55분 40초
avg-cpu:  %user   %nice %system %iowait  %steal   %idle
           0.19    0.00    7.36    5.83    0.00   86.62

Device            r/s     w/s     rMB/s     wMB/s   rrqm/s   wrqm/s  %rrqm  %wrqm r_await w_await aqu-sz rareq-sz wareq-sz  svctm  %util
sdb           4585.00 19445.00     72.94     75.45 14127.00   779.00  75.50   3.85    0.80    0.73   0.10    16.29     3.97   0.04 100.00

2021년 10월 04일 19시 55분 41초
avg-cpu:  %user   %nice %system %iowait  %steal   %idle
           0.32    0.00    6.64    6.06    0.00   86.98

Device            r/s     w/s     rMB/s     wMB/s   rrqm/s   wrqm/s  %rrqm  %wrqm r_await w_await aqu-sz rareq-sz wareq-sz  svctm  %util
sdb           4921.00 19280.00     72.38     71.84 13569.00     0.00  73.39   0.00    0.76    0.69   0.14    15.06     3.82   0.04  99.20

2021년 10월 04일 19시 55분 42초
avg-cpu:  %user   %nice %system %iowait  %steal   %idle
           0.25    0.00    8.28    5.14    0.00   86.32

Device            r/s     w/s     rMB/s     wMB/s   rrqm/s   wrqm/s  %rrqm  %wrqm r_await w_await aqu-sz rareq-sz wareq-sz  svctm  %util
sdb           4733.00 19595.00     73.12     73.14 14063.00     0.00  74.82   0.00    0.76    0.69   0.03    15.82     3.82   0.04 100.40

2021년 10월 04일 19시 55분 43초
avg-cpu:  %user   %nice %system %iowait  %steal   %idle
           0.38    0.00    7.09    5.00    0.00   87.53

Device            r/s     w/s     rMB/s     wMB/s   rrqm/s   wrqm/s  %rrqm  %wrqm r_await w_await aqu-sz rareq-sz wareq-sz  svctm  %util
sdb           4470.00 19328.00     72.61     72.12 14039.00     0.00  75.85   0.00    0.75    0.71   0.00    16.63     3.82   0.04 100.00

2021년 10월 04일 19시 55분 44초
avg-cpu:  %user   %nice %system %iowait  %steal   %idle
           0.25    0.00    7.37    6.30    0.00   86.07

Device            r/s     w/s     rMB/s     wMB/s   rrqm/s   wrqm/s  %rrqm  %wrqm r_await w_await aqu-sz rareq-sz wareq-sz  svctm  %util
sdb           4586.00 18867.00     71.11     70.31 13617.00     0.00  74.81   0.00    0.77    0.76   0.38    15.88     3.82   0.04  98.80

2021년 10월 04일 19시 55분 45초
avg-cpu:  %user   %nice %system %iowait  %steal   %idle
           0.13    0.00    7.28    6.46    0.00   86.13

Device            r/s     w/s     rMB/s     wMB/s   rrqm/s   wrqm/s  %rrqm  %wrqm r_await w_await aqu-sz rareq-sz wareq-sz  svctm  %util
sdb           4769.00 19053.00     71.25     74.17 13498.00   798.00  73.89   4.02    0.78    0.72   0.16    15.30     3.99   0.04 100.00

2021년 10월 04일 19시 55분 46초
avg-cpu:  %user   %nice %system %iowait  %steal   %idle
           0.19    0.00    6.85    5.96    0.00   86.99

Device            r/s     w/s     rMB/s     wMB/s   rrqm/s   wrqm/s  %rrqm  %wrqm r_await w_await aqu-sz rareq-sz wareq-sz  svctm  %util
sdb           4245.00 19228.00     71.57     71.75 14046.00     0.00  76.79   0.00    0.75    0.71   0.12    17.26     3.82   0.04  98.00

2021년 10월 04일 19시 55분 47초
avg-cpu:  %user   %nice %system %iowait  %steal   %idle
           0.19    0.00    6.98    5.96    0.00   86.87

Device            r/s     w/s     rMB/s     wMB/s   rrqm/s   wrqm/s  %rrqm  %wrqm r_await w_await aqu-sz rareq-sz wareq-sz  svctm  %util
sdb           4604.00 19056.00     71.45     71.08 13686.00     0.00  74.83   0.00    0.76    0.74   0.00    15.89     3.82   0.04 100.40

2021년 10월 04일 19시 55분 48초
avg-cpu:  %user   %nice %system %iowait  %steal   %idle
           0.13    0.00    7.50    6.05    0.00   86.32

Device            r/s     w/s     rMB/s     wMB/s   rrqm/s   wrqm/s  %rrqm  %wrqm r_await w_await aqu-sz rareq-sz wareq-sz  svctm  %util
sdb           4766.00 18943.00     71.76     70.67 13604.00     0.00  74.06   0.00    0.73    0.74   0.14    15.42     3.82   0.04  98.40

2021년 10월 04일 19시 55분 49초
avg-cpu:  %user   %nice %system %iowait  %steal   %idle
           0.06    0.00    7.43    5.60    0.00   86.90

Device            r/s     w/s     rMB/s     wMB/s   rrqm/s   wrqm/s  %rrqm  %wrqm r_await w_await aqu-sz rareq-sz wareq-sz  svctm  %util
sdb           5433.00 19386.00     72.17     72.34 13073.00     0.00  70.64   0.00    0.67    0.67   0.00    13.60     3.82   0.04 100.00

2021년 10월 04일 19시 55분 50초
avg-cpu:  %user   %nice %system %iowait  %steal   %idle
           0.13    0.00    7.33    6.89    0.00   85.65

Device            r/s     w/s     rMB/s     wMB/s   rrqm/s   wrqm/s  %rrqm  %wrqm r_await w_await aqu-sz rareq-sz wareq-sz  svctm  %util
sdb           4517.00 18931.00     70.89     74.26 13607.00   850.00  75.08   4.30    0.77    0.75   0.33    16.07     4.02   0.04  98.80

2021년 10월 04일 19시 55분 51초
avg-cpu:  %user   %nice %system %iowait  %steal   %idle
           0.32    0.00    7.44    5.43    0.00   86.81

Device            r/s     w/s     rMB/s     wMB/s   rrqm/s   wrqm/s  %rrqm  %wrqm r_await w_await aqu-sz rareq-sz wareq-sz  svctm  %util
sdb           4574.00 19085.00     71.33     70.69 13680.00     0.00  74.94   0.00    0.77    0.75   0.00    15.97     3.79   0.04 100.00

2021년 10월 04일 19시 55분 52초
avg-cpu:  %user   %nice %system %iowait  %steal   %idle
           0.13    0.00    7.14    5.56    0.00   87.17

Device            r/s     w/s     rMB/s     wMB/s   rrqm/s   wrqm/s  %rrqm  %wrqm r_await w_await aqu-sz rareq-sz wareq-sz  svctm  %util
sdb           4448.00 18905.00     70.75     69.84 13665.00     0.00  75.44   0.00    0.76    0.71   0.01    16.29     3.78   0.04 100.00

2021년 10월 04일 19시 55분 53초
avg-cpu:  %user   %nice %system %iowait  %steal   %idle
           0.13    0.00    5.21    6.99    0.00   87.67

Device            r/s     w/s     rMB/s     wMB/s   rrqm/s   wrqm/s  %rrqm  %wrqm r_await w_await aqu-sz rareq-sz wareq-sz  svctm  %util
sdb           4928.00 18515.00     68.23     68.36 12537.00     0.00  71.78   0.00    0.72    0.75   0.08    14.18     3.78   0.04  98.40

2021년 10월 04일 19시 55분 54초
avg-cpu:  %user   %nice %system %iowait  %steal   %idle
           0.25    0.00    6.96    5.31    0.00   87.48

Device            r/s     w/s     rMB/s     wMB/s   rrqm/s   wrqm/s  %rrqm  %wrqm r_await w_await aqu-sz rareq-sz wareq-sz  svctm  %util
sdb           4966.00 19404.00     72.01     71.96 13468.00     0.00  73.06   0.00    0.71    0.74   0.00    14.85     3.80   0.04 100.00

2021년 10월 04일 19시 55분 55초
avg-cpu:  %user   %nice %system %iowait  %steal   %idle
           0.25    0.00    7.30    6.42    0.00   86.03

Device            r/s     w/s     rMB/s     wMB/s   rrqm/s   wrqm/s  %rrqm  %wrqm r_await w_await aqu-sz rareq-sz wareq-sz  svctm  %util
sdb           5172.00 19053.00     71.95     74.04 13246.00   763.00  71.92   3.85    0.73    0.72   0.51    14.24     3.98   0.04  98.40

2021년 10월 04일 19시 55분 56초
avg-cpu:  %user   %nice %system %iowait  %steal   %idle
           0.13    0.00    6.33    4.68    0.00   88.87

Device            r/s     w/s     rMB/s     wMB/s   rrqm/s   wrqm/s  %rrqm  %wrqm r_await w_await aqu-sz rareq-sz wareq-sz  svctm  %util
sdb           4017.00 17275.00     63.57     64.45 12256.00     0.00  75.31   0.00    0.78    0.67   0.01    16.20     3.82   0.04  86.40

2021년 10월 04일 19시 55분 57초
avg-cpu:  %user   %nice %system %iowait  %steal   %idle
           0.00    0.00    0.13    0.00    0.00   99.87

Device            r/s     w/s     rMB/s     wMB/s   rrqm/s   wrqm/s  %rrqm  %wrqm r_await w_await aqu-sz rareq-sz wareq-sz  svctm  %util
sdb              0.00    0.00      0.00      0.00     0.00     0.00   0.00   0.00    0.00    0.00   0.00     0.00     0.00   0.00   0.00

2021년 10월 04일 19시 55분 58초
avg-cpu:  %user   %nice %system %iowait  %steal   %idle
           0.06    0.00    0.06    0.00    0.00   99.88

Device            r/s     w/s     rMB/s     wMB/s   rrqm/s   wrqm/s  %rrqm  %wrqm r_await w_await aqu-sz rareq-sz wareq-sz  svctm  %util
sdb              0.00    0.00      0.00      0.00     0.00     0.00   0.00   0.00    0.00    0.00   0.00     0.00     0.00   0.00   0.00

2021년 10월 04일 19시 55분 59초
avg-cpu:  %user   %nice %system %iowait  %steal   %idle
           0.00    0.00    0.06    0.00    0.00   99.94

Device            r/s     w/s     rMB/s     wMB/s   rrqm/s   wrqm/s  %rrqm  %wrqm r_await w_await aqu-sz rareq-sz wareq-sz  svctm  %util
sdb              0.00    0.00      0.00      0.00     0.00     0.00   0.00   0.00    0.00    0.00   0.00     0.00     0.00   0.00   0.00

2021년 10월 04일 19시 56분 00초
avg-cpu:  %user   %nice %system %iowait  %steal   %idle
           0.06    0.00    0.12    0.00    0.00   99.81

Device            r/s     w/s     rMB/s     wMB/s   rrqm/s   wrqm/s  %rrqm  %wrqm r_await w_await aqu-sz rareq-sz wareq-sz  svctm  %util
sdb              0.00    0.00      0.00      0.00     0.00     0.00   0.00   0.00    0.00    0.00   0.00     0.00     0.00   0.00   0.00

