Linux 5.5.8test (syslab-desk) 	2021년 10월 04일 	_x86_64_	(16 CPU)

2021년 10월 04일 16시 57분 48초
avg-cpu:  %user   %nice %system %iowait  %steal   %idle
           2.99    0.00    1.63    3.48    0.00   91.90

Device            r/s     w/s     rMB/s     wMB/s   rrqm/s   wrqm/s  %rrqm  %wrqm r_await w_await aqu-sz rareq-sz wareq-sz  svctm  %util
sdb             38.13   84.43      0.16      4.32     0.15    79.62   0.39  48.53    0.11    2.39   0.06     4.21    52.39   0.13   1.55

2021년 10월 04일 16시 57분 49초
avg-cpu:  %user   %nice %system %iowait  %steal   %idle
           0.06    0.00    0.12    0.00    0.00   99.81

Device            r/s     w/s     rMB/s     wMB/s   rrqm/s   wrqm/s  %rrqm  %wrqm r_await w_await aqu-sz rareq-sz wareq-sz  svctm  %util
sdb              0.00    0.00      0.00      0.00     0.00     0.00   0.00   0.00    0.00    0.00   0.00     0.00     0.00   0.00   0.00

2021년 10월 04일 16시 57분 50초
avg-cpu:  %user   %nice %system %iowait  %steal   %idle
           0.00    0.00    0.00    0.00    0.00  100.00

Device            r/s     w/s     rMB/s     wMB/s   rrqm/s   wrqm/s  %rrqm  %wrqm r_await w_await aqu-sz rareq-sz wareq-sz  svctm  %util
sdb              0.00    0.00      0.00      0.00     0.00     0.00   0.00   0.00    0.00    0.00   0.00     0.00     0.00   0.00   0.00

2021년 10월 04일 16시 57분 51초
avg-cpu:  %user   %nice %system %iowait  %steal   %idle
           0.25    0.00    1.75    1.12    0.00   96.88

Device            r/s     w/s     rMB/s     wMB/s   rrqm/s   wrqm/s  %rrqm  %wrqm r_await w_await aqu-sz rareq-sz wareq-sz  svctm  %util
sdb           1869.00    1.00     16.93      0.00  2398.00     0.00  56.20   0.00    0.12    0.00   0.00     9.28     0.00   0.22  41.60

2021년 10월 04일 16시 57분 52초
avg-cpu:  %user   %nice %system %iowait  %steal   %idle
           0.25    0.00    3.00    1.38    0.00   95.37

Device            r/s     w/s     rMB/s     wMB/s   rrqm/s   wrqm/s  %rrqm  %wrqm r_await w_await aqu-sz rareq-sz wareq-sz  svctm  %util
sdb           7594.00  505.00     44.50     19.77  3695.00  1822.00  32.73  78.30    0.17    0.48   0.00     6.00    40.10   0.12  93.20

2021년 10월 04일 16시 57분 53초
avg-cpu:  %user   %nice %system %iowait  %steal   %idle
           0.19    0.00    1.88    1.88    0.00   96.05

Device            r/s     w/s     rMB/s     wMB/s   rrqm/s   wrqm/s  %rrqm  %wrqm r_await w_await aqu-sz rareq-sz wareq-sz  svctm  %util
sdb           13578.00 1626.00     53.04     58.42     0.00  3535.00   0.00  68.49    0.22    0.48   0.00     4.00    36.79   0.07 100.00

2021년 10월 04일 16시 57분 54초
avg-cpu:  %user   %nice %system %iowait  %steal   %idle
           0.00    0.00    2.58    2.07    0.00   95.35

Device            r/s     w/s     rMB/s     wMB/s   rrqm/s   wrqm/s  %rrqm  %wrqm r_await w_await aqu-sz rareq-sz wareq-sz  svctm  %util
sdb           11796.00 1663.00     46.08     55.29     0.00  5575.00   0.00  77.02    0.24    0.50   0.06     4.00    34.04   0.07  98.80

2021년 10월 04일 16시 57분 55초
avg-cpu:  %user   %nice %system %iowait  %steal   %idle
           0.06    0.00    4.00    2.13    0.00   93.81

Device            r/s     w/s     rMB/s     wMB/s   rrqm/s   wrqm/s  %rrqm  %wrqm r_await w_await aqu-sz rareq-sz wareq-sz  svctm  %util
sdb           10669.00 1868.00     41.68     52.65     0.00  6081.00   0.00  76.50    0.25    0.44   0.00     4.00    28.86   0.08 100.00

2021년 10월 04일 16시 57분 56초
avg-cpu:  %user   %nice %system %iowait  %steal   %idle
           0.13    0.00    5.46    2.26    0.00   92.15

Device            r/s     w/s     rMB/s     wMB/s   rrqm/s   wrqm/s  %rrqm  %wrqm r_await w_await aqu-sz rareq-sz wareq-sz  svctm  %util
sdb           7084.00 2371.00     27.67     45.60     0.00  8804.00   0.00  78.78    0.31    0.42   0.00     4.00    19.69   0.11 100.00

2021년 10월 04일 16시 57분 57초
avg-cpu:  %user   %nice %system %iowait  %steal   %idle
           0.13    0.00    4.15    2.83    0.00   92.90

Device            r/s     w/s     rMB/s     wMB/s   rrqm/s   wrqm/s  %rrqm  %wrqm r_await w_await aqu-sz rareq-sz wareq-sz  svctm  %util
sdb           8766.00 2085.00     34.24     48.62     0.00  7171.00   0.00  77.47    0.28    0.44   0.06     4.00    23.88   0.09  98.80

2021년 10월 04일 16시 57분 58초
avg-cpu:  %user   %nice %system %iowait  %steal   %idle
           0.06    0.00    1.94    2.44    0.00   95.56

Device            r/s     w/s     rMB/s     wMB/s   rrqm/s   wrqm/s  %rrqm  %wrqm r_await w_await aqu-sz rareq-sz wareq-sz  svctm  %util
sdb           14308.00 1390.00     55.89     60.10     0.00  3261.00   0.00  70.11    0.22    0.50   0.00     4.00    44.27   0.06 100.00

2021년 10월 04일 16시 57분 59초
avg-cpu:  %user   %nice %system %iowait  %steal   %idle
           0.13    0.00    3.75    2.44    0.00   93.68

Device            r/s     w/s     rMB/s     wMB/s   rrqm/s   wrqm/s  %rrqm  %wrqm r_await w_await aqu-sz rareq-sz wareq-sz  svctm  %util
sdb           10641.00 1903.00     41.57     52.52     0.00  5359.00   0.00  73.80    0.25    0.42   0.00     4.00    28.26   0.08 100.00

2021년 10월 04일 16시 58분 00초
avg-cpu:  %user   %nice %system %iowait  %steal   %idle
           0.19    0.00    5.09    3.46    0.00   91.26

Device            r/s     w/s     rMB/s     wMB/s   rrqm/s   wrqm/s  %rrqm  %wrqm r_await w_await aqu-sz rareq-sz wareq-sz  svctm  %util
sdb           6419.00 2351.00     25.07     43.14     0.00  8341.00   0.00  78.01    0.34    0.41   0.04     4.00    18.79   0.11  98.80

2021년 10월 04일 16시 58분 01초
avg-cpu:  %user   %nice %system %iowait  %steal   %idle
           0.06    0.00    5.16    2.96    0.00   91.81

Device            r/s     w/s     rMB/s     wMB/s   rrqm/s   wrqm/s  %rrqm  %wrqm r_await w_await aqu-sz rareq-sz wareq-sz  svctm  %util
sdb           6904.00 2468.00     26.97     45.98     0.00  8837.00   0.00  78.17    0.32    0.41   0.00     4.00    19.08   0.11 100.00

2021년 10월 04일 16시 58분 02초
avg-cpu:  %user   %nice %system %iowait  %steal   %idle
           0.13    0.00    4.48    2.77    0.00   92.62

Device            r/s     w/s     rMB/s     wMB/s   rrqm/s   wrqm/s  %rrqm  %wrqm r_await w_await aqu-sz rareq-sz wareq-sz  svctm  %util
sdb           7775.00 2308.00     30.37     46.89     0.00  7505.00   0.00  76.48    0.30    0.41   0.00     4.00    20.81   0.10 100.00

2021년 10월 04일 16시 58분 03초
avg-cpu:  %user   %nice %system %iowait  %steal   %idle
           0.19    0.00    4.36    2.30    0.00   93.15

Device            r/s     w/s     rMB/s     wMB/s   rrqm/s   wrqm/s  %rrqm  %wrqm r_await w_await aqu-sz rareq-sz wareq-sz  svctm  %util
sdb           9035.00 1975.00     35.29     47.61     0.00  6018.00   0.00  75.29    0.28    0.48   0.19     4.00    24.68   0.09  95.60

2021년 10월 04일 16시 58분 04초
avg-cpu:  %user   %nice %system %iowait  %steal   %idle
           0.06    0.00    3.13    2.19    0.00   94.62

Device            r/s     w/s     rMB/s     wMB/s   rrqm/s   wrqm/s  %rrqm  %wrqm r_await w_await aqu-sz rareq-sz wareq-sz  svctm  %util
sdb           11222.00 1768.00     43.84     53.63     0.00  5201.00   0.00  74.63    0.25    0.45   0.00     4.00    31.06   0.08 100.00

2021년 10월 04일 16시 58분 05초
avg-cpu:  %user   %nice %system %iowait  %steal   %idle
           0.12    0.00    4.18    2.37    0.00   93.32

Device            r/s     w/s     rMB/s     wMB/s   rrqm/s   wrqm/s  %rrqm  %wrqm r_await w_await aqu-sz rareq-sz wareq-sz  svctm  %util
sdb           9963.00 1970.00     38.92     51.14     0.00  6289.00   0.00  76.15    0.26    0.43   0.00     4.00    26.58   0.08 100.00

2021년 10월 04일 16시 58분 06초
avg-cpu:  %user   %nice %system %iowait  %steal   %idle
           0.13    0.00    5.70    2.63    0.00   91.55

Device            r/s     w/s     rMB/s     wMB/s   rrqm/s   wrqm/s  %rrqm  %wrqm r_await w_await aqu-sz rareq-sz wareq-sz  svctm  %util
sdb           6665.00 2370.00     26.04     43.84     0.00  8476.00   0.00  78.15    0.34    0.41   0.06     4.00    18.94   0.11  98.80

2021년 10월 04일 16시 58분 07초
avg-cpu:  %user   %nice %system %iowait  %steal   %idle
           0.13    0.00    4.85    2.33    0.00   92.70

Device            r/s     w/s     rMB/s     wMB/s   rrqm/s   wrqm/s  %rrqm  %wrqm r_await w_await aqu-sz rareq-sz wareq-sz  svctm  %util
sdb           6680.00 2411.00     26.09     44.47     0.00  8555.00   0.00  78.01    0.33    0.40   0.00     4.00    18.89   0.11 100.00

2021년 10월 04일 16시 58분 08초
avg-cpu:  %user   %nice %system %iowait  %steal   %idle
           0.13    0.00    4.27    2.32    0.00   93.28

Device            r/s     w/s     rMB/s     wMB/s   rrqm/s   wrqm/s  %rrqm  %wrqm r_await w_await aqu-sz rareq-sz wareq-sz  svctm  %util
sdb           8115.00 2277.00     31.70     47.01     0.00  7108.00   0.00  75.74    0.30    0.40   0.00     4.00    21.14   0.10 100.00

2021년 10월 04일 16시 58분 09초
avg-cpu:  %user   %nice %system %iowait  %steal   %idle
           0.06    0.00    1.88    2.51    0.00   95.54

Device            r/s     w/s     rMB/s     wMB/s   rrqm/s   wrqm/s  %rrqm  %wrqm r_await w_await aqu-sz rareq-sz wareq-sz  svctm  %util
sdb           12975.00 1563.00     50.68     57.00     0.00  3946.00   0.00  71.63    0.23    0.50   0.06     4.00    37.34   0.07  98.40

2021년 10월 04일 16시 58분 10초
avg-cpu:  %user   %nice %system %iowait  %steal   %idle
           0.19    0.00    2.07    1.69    0.00   96.05

Device            r/s     w/s     rMB/s     wMB/s   rrqm/s   wrqm/s  %rrqm  %wrqm r_await w_await aqu-sz rareq-sz wareq-sz  svctm  %util
sdb           13359.00 1642.00     52.18     58.21     0.00  4169.00   0.00  71.74    0.22    0.49   0.00     4.00    36.30   0.07 100.00

2021년 10월 04일 16시 58분 11초
avg-cpu:  %user   %nice %system %iowait  %steal   %idle
           0.06    0.00    5.56    2.62    0.00   91.76

Device            r/s     w/s     rMB/s     wMB/s   rrqm/s   wrqm/s  %rrqm  %wrqm r_await w_await aqu-sz rareq-sz wareq-sz  svctm  %util
sdb           7715.00 2299.00     30.14     46.78     0.00  8175.00   0.00  78.05    0.30    0.42   0.00     4.00    20.84   0.10 100.00

2021년 10월 04일 16시 58분 12초
avg-cpu:  %user   %nice %system %iowait  %steal   %idle
           0.06    0.00    4.55    2.47    0.00   92.92

Device            r/s     w/s     rMB/s     wMB/s   rrqm/s   wrqm/s  %rrqm  %wrqm r_await w_await aqu-sz rareq-sz wareq-sz  svctm  %util
sdb           6634.00 2402.00     25.91     43.73     0.00  8531.00   0.00  78.03    0.34    0.42   0.06     4.00    18.64   0.11  98.80

2021년 10월 04일 16시 58분 13초
avg-cpu:  %user   %nice %system %iowait  %steal   %idle
           0.06    0.00    1.94    1.81    0.00   96.19

Device            r/s     w/s     rMB/s     wMB/s   rrqm/s   wrqm/s  %rrqm  %wrqm r_await w_await aqu-sz rareq-sz wareq-sz  svctm  %util
sdb           13910.00 1517.00     54.34     58.76     0.00  3302.00   0.00  68.52    0.22    0.48   0.00     4.00    39.67   0.06 100.00

2021년 10월 04일 16시 58분 14초
avg-cpu:  %user   %nice %system %iowait  %steal   %idle
           0.06    0.00    1.62    1.56    0.00   96.75

Device            r/s     w/s     rMB/s     wMB/s   rrqm/s   wrqm/s  %rrqm  %wrqm r_await w_await aqu-sz rareq-sz wareq-sz  svctm  %util
sdb           14592.00 1456.00     57.00     58.40     0.00  1788.00   0.00  55.12    0.22    0.48   0.00     4.00    41.07   0.06 100.00

2021년 10월 04일 16시 58분 15초
avg-cpu:  %user   %nice %system %iowait  %steal   %idle
           0.06    0.00    5.27    2.88    0.00   91.79

Device            r/s     w/s     rMB/s     wMB/s   rrqm/s   wrqm/s  %rrqm  %wrqm r_await w_await aqu-sz rareq-sz wareq-sz  svctm  %util
sdb           7431.00 2342.00     29.03     46.60     0.00  8130.00   0.00  77.64    0.31    0.40   0.06     4.00    20.37   0.10  98.80

2021년 10월 04일 16시 58분 16초
avg-cpu:  %user   %nice %system %iowait  %steal   %idle
           0.06    0.00    4.05    1.81    0.00   94.08

Device            r/s     w/s     rMB/s     wMB/s   rrqm/s   wrqm/s  %rrqm  %wrqm r_await w_await aqu-sz rareq-sz wareq-sz  svctm  %util
sdb           10459.00 1980.00     40.86     52.17     0.00  5703.00   0.00  74.23    0.26    0.43   0.00     4.00    26.98   0.08 100.00

2021년 10월 04일 16시 58분 17초
avg-cpu:  %user   %nice %system %iowait  %steal   %idle
           0.00    0.00    1.45    1.51    0.00   97.04

Device            r/s     w/s     rMB/s     wMB/s   rrqm/s   wrqm/s  %rrqm  %wrqm r_await w_await aqu-sz rareq-sz wareq-sz  svctm  %util
sdb           13576.00 1610.00     53.03     56.66     0.00  2165.00   0.00  57.35    0.22    0.46   0.00     4.00    36.03   0.07 100.00

2021년 10월 04일 16시 58분 18초
avg-cpu:  %user   %nice %system %iowait  %steal   %idle
           0.12    0.00    5.42    2.62    0.00   91.84

Device            r/s     w/s     rMB/s     wMB/s   rrqm/s   wrqm/s  %rrqm  %wrqm r_await w_await aqu-sz rareq-sz wareq-sz  svctm  %util
sdb           8012.00 2246.00     31.30     46.91     0.00  7679.00   0.00  77.37    0.30    0.42   0.06     4.00    21.39   0.10  98.80

2021년 10월 04일 16시 58분 19초
avg-cpu:  %user   %nice %system %iowait  %steal   %idle
           0.06    0.00    3.50    2.12    0.00   94.32

Device            r/s     w/s     rMB/s     wMB/s   rrqm/s   wrqm/s  %rrqm  %wrqm r_await w_await aqu-sz rareq-sz wareq-sz  svctm  %util
sdb           11190.00 1895.00     43.71     52.92     0.00  5008.00   0.00  72.55    0.25    0.43   0.00     4.00    28.60   0.08 100.00

2021년 10월 04일 16시 58분 20초
avg-cpu:  %user   %nice %system %iowait  %steal   %idle
           0.06    0.00    3.91    2.40    0.00   93.62

Device            r/s     w/s     rMB/s     wMB/s   rrqm/s   wrqm/s  %rrqm  %wrqm r_await w_await aqu-sz rareq-sz wareq-sz  svctm  %util
sdb           8446.00 2228.00     32.99     47.48     0.00  7322.00   0.00  76.67    0.29    0.42   0.08     4.00    21.82   0.09  98.00

2021년 10월 04일 16시 58분 21초
avg-cpu:  %user   %nice %system %iowait  %steal   %idle
           0.06    0.00    2.87    1.87    0.00   95.19

Device            r/s     w/s     rMB/s     wMB/s   rrqm/s   wrqm/s  %rrqm  %wrqm r_await w_await aqu-sz rareq-sz wareq-sz  svctm  %util
sdb           12240.00 1747.00     47.81     54.59     0.00  4036.00   0.00  69.79    0.24    0.45   0.00     4.00    32.00   0.07 100.00

2021년 10월 04일 16시 58분 22초
avg-cpu:  %user   %nice %system %iowait  %steal   %idle
           0.06    0.00    5.19    2.94    0.00   91.80

Device            r/s     w/s     rMB/s     wMB/s   rrqm/s   wrqm/s  %rrqm  %wrqm r_await w_await aqu-sz rareq-sz wareq-sz  svctm  %util
sdb           7565.00 2389.00     29.55     46.21     0.00  8032.00   0.00  77.08    0.30    0.41   0.00     4.00    19.81   0.10 100.00

2021년 10월 04일 16시 58분 23초
avg-cpu:  %user   %nice %system %iowait  %steal   %idle
           0.19    0.00    2.70    2.13    0.00   94.98

Device            r/s     w/s     rMB/s     wMB/s   rrqm/s   wrqm/s  %rrqm  %wrqm r_await w_await aqu-sz rareq-sz wareq-sz  svctm  %util
sdb           11285.00 1813.00     44.08     52.39     0.00  4424.00   0.00  70.93    0.25    0.44   0.06     4.00    29.59   0.08  98.80

2021년 10월 04일 16시 58분 24초
avg-cpu:  %user   %nice %system %iowait  %steal   %idle
           0.06    0.00    2.94    1.75    0.00   95.25

Device            r/s     w/s     rMB/s     wMB/s   rrqm/s   wrqm/s  %rrqm  %wrqm r_await w_await aqu-sz rareq-sz wareq-sz  svctm  %util
sdb           12223.00 1731.00     47.75     55.29     0.00  4427.00   0.00  71.89    0.23    0.46   0.00     4.00    32.71   0.07 100.00

2021년 10월 04일 16시 58분 25초
avg-cpu:  %user   %nice %system %iowait  %steal   %idle
           0.00    0.00    3.82    2.82    0.00   93.36

Device            r/s     w/s     rMB/s     wMB/s   rrqm/s   wrqm/s  %rrqm  %wrqm r_await w_await aqu-sz rareq-sz wareq-sz  svctm  %util
sdb           9785.00 2063.00     38.22     50.64     0.00  6164.00   0.00  74.92    0.27    0.42   0.00     4.00    25.13   0.08 100.00

2021년 10월 04일 16시 58분 26초
avg-cpu:  %user   %nice %system %iowait  %steal   %idle
           0.13    0.00    3.02    2.70    0.00   94.15

Device            r/s     w/s     rMB/s     wMB/s   rrqm/s   wrqm/s  %rrqm  %wrqm r_await w_await aqu-sz rareq-sz wareq-sz  svctm  %util
sdb           10580.00 1955.00     41.33     51.99     0.00  5475.00   0.00  73.69    0.25    0.45   0.06     4.00    27.23   0.08  98.80

2021년 10월 04일 16시 58분 27초
avg-cpu:  %user   %nice %system %iowait  %steal   %idle
           0.13    0.00    4.74    2.59    0.00   92.54

Device            r/s     w/s     rMB/s     wMB/s   rrqm/s   wrqm/s  %rrqm  %wrqm r_await w_await aqu-sz rareq-sz wareq-sz  svctm  %util
sdb           6765.00 2533.00     26.43     55.19     0.00 11231.00   0.00  81.60    0.33    0.53   0.10     4.00    22.31   0.11 100.00

2021년 10월 04일 16시 58분 28초
avg-cpu:  %user   %nice %system %iowait  %steal   %idle
           0.06    0.00    4.16    3.15    0.00   92.62

Device            r/s     w/s     rMB/s     wMB/s   rrqm/s   wrqm/s  %rrqm  %wrqm r_await w_await aqu-sz rareq-sz wareq-sz  svctm  %util
sdb           8290.00 2320.00     32.38     48.34     0.00  7441.00   0.00  76.23    0.28    0.41   0.00     4.00    21.34   0.09 100.00

2021년 10월 04일 16시 58분 29초
avg-cpu:  %user   %nice %system %iowait  %steal   %idle
           0.13    0.00    4.95    2.76    0.00   92.16

Device            r/s     w/s     rMB/s     wMB/s   rrqm/s   wrqm/s  %rrqm  %wrqm r_await w_await aqu-sz rareq-sz wareq-sz  svctm  %util
sdb           7176.00 2392.00     28.03     46.04     0.00  8403.00   0.00  77.84    0.31    0.42   0.05     4.00    19.71   0.10  98.80

2021년 10월 04일 16시 58분 30초
avg-cpu:  %user   %nice %system %iowait  %steal   %idle
           0.13    0.00    5.04    2.96    0.00   91.88

Device            r/s     w/s     rMB/s     wMB/s   rrqm/s   wrqm/s  %rrqm  %wrqm r_await w_await aqu-sz rareq-sz wareq-sz  svctm  %util
sdb           7775.00 2316.00     30.37     48.09     0.00  8862.00   0.00  79.28    0.30    0.41   0.00     4.00    21.26   0.10 100.00

2021년 10월 04일 16시 58분 31초
avg-cpu:  %user   %nice %system %iowait  %steal   %idle
           0.13    0.00    5.02    2.95    0.00   91.91

Device            r/s     w/s     rMB/s     wMB/s   rrqm/s   wrqm/s  %rrqm  %wrqm r_await w_await aqu-sz rareq-sz wareq-sz  svctm  %util
sdb           7024.00 2427.00     27.44     45.77     0.00  8548.00   0.00  77.89    0.32    0.41   0.00     4.00    19.31   0.11 100.00

2021년 10월 04일 16시 58분 32초
avg-cpu:  %user   %nice %system %iowait  %steal   %idle
           0.06    0.00    3.84    2.90    0.00   93.19

Device            r/s     w/s     rMB/s     wMB/s   rrqm/s   wrqm/s  %rrqm  %wrqm r_await w_await aqu-sz rareq-sz wareq-sz  svctm  %util
sdb           7815.00 2315.00     30.53     46.79     0.00  7515.00   0.00  76.45    0.31    0.42   0.06     4.00    20.70   0.10  98.80

2021년 10월 04일 16시 58분 33초
avg-cpu:  %user   %nice %system %iowait  %steal   %idle
           0.06    0.00    3.65    2.08    0.00   94.21

Device            r/s     w/s     rMB/s     wMB/s   rrqm/s   wrqm/s  %rrqm  %wrqm r_await w_await aqu-sz rareq-sz wareq-sz  svctm  %util
sdb           9770.00 2063.00     38.16     50.82     0.00  5661.00   0.00  73.29    0.26    0.42   0.00     4.00    25.23   0.08 100.00

2021년 10월 04일 16시 58분 34초
avg-cpu:  %user   %nice %system %iowait  %steal   %idle
           0.12    0.00    5.06    2.68    0.00   92.13

Device            r/s     w/s     rMB/s     wMB/s   rrqm/s   wrqm/s  %rrqm  %wrqm r_await w_await aqu-sz rareq-sz wareq-sz  svctm  %util
sdb           8524.00 2192.00     33.30     49.48     0.00  8074.00   0.00  78.65    0.28    0.42   0.02     4.00    23.11   0.09  99.60

2021년 10월 04일 16시 58분 35초
avg-cpu:  %user   %nice %system %iowait  %steal   %idle
           0.12    0.00    3.80    2.80    0.00   93.28

Device            r/s     w/s     rMB/s     wMB/s   rrqm/s   wrqm/s  %rrqm  %wrqm r_await w_await aqu-sz rareq-sz wareq-sz  svctm  %util
sdb           11226.00 1764.00     43.85     53.57     0.00  5759.00   0.00  76.55    0.25    0.45   0.08     4.00    31.10   0.08  98.40

2021년 10월 04일 16시 58분 36초
avg-cpu:  %user   %nice %system %iowait  %steal   %idle
           0.19    0.00    4.50    2.62    0.00   92.69

Device            r/s     w/s     rMB/s     wMB/s   rrqm/s   wrqm/s  %rrqm  %wrqm r_await w_await aqu-sz rareq-sz wareq-sz  svctm  %util
sdb           9236.00 2082.00     36.08     49.88     0.00  6917.00   0.00  76.86    0.27    0.43   0.00     4.00    24.53   0.09 100.00

2021년 10월 04일 16시 58분 37초
avg-cpu:  %user   %nice %system %iowait  %steal   %idle
           0.13    0.00    2.38    2.32    0.00   95.18

Device            r/s     w/s     rMB/s     wMB/s   rrqm/s   wrqm/s  %rrqm  %wrqm r_await w_await aqu-sz rareq-sz wareq-sz  svctm  %util
sdb           13256.00 1613.00     51.78     58.32     0.00  4199.00   0.00  72.25    0.22    0.47   0.00     4.00    37.02   0.07 100.00

2021년 10월 04일 16시 58분 38초
avg-cpu:  %user   %nice %system %iowait  %steal   %idle
           0.19    0.00    3.96    2.58    0.00   93.27

Device            r/s     w/s     rMB/s     wMB/s   rrqm/s   wrqm/s  %rrqm  %wrqm r_await w_await aqu-sz rareq-sz wareq-sz  svctm  %util
sdb           8833.00 2121.00     34.50     48.45     0.00  7380.00   0.00  77.68    0.28    0.45   0.08     4.00    23.39   0.09  98.40

2021년 10월 04일 16시 58분 39초
avg-cpu:  %user   %nice %system %iowait  %steal   %idle
           0.06    0.00    2.33    1.89    0.00   95.72

Device            r/s     w/s     rMB/s     wMB/s   rrqm/s   wrqm/s  %rrqm  %wrqm r_await w_await aqu-sz rareq-sz wareq-sz  svctm  %util
sdb           12613.00 1711.00     49.27     57.75     0.00  4758.00   0.00  73.55    0.23    0.46   0.00     4.00    34.56   0.07 100.00

2021년 10월 04일 16시 58분 40초
avg-cpu:  %user   %nice %system %iowait  %steal   %idle
           0.06    0.00    3.84    2.39    0.00   93.70

Device            r/s     w/s     rMB/s     wMB/s   rrqm/s   wrqm/s  %rrqm  %wrqm r_await w_await aqu-sz rareq-sz wareq-sz  svctm  %util
sdb           9421.00 1998.00     36.80     48.82     0.00  6302.00   0.00  75.93    0.27    0.44   0.08     4.00    25.02   0.09  98.40

2021년 10월 04일 16시 58분 41초
avg-cpu:  %user   %nice %system %iowait  %steal   %idle
           0.12    0.00    3.06    1.94    0.00   94.88

Device            r/s     w/s     rMB/s     wMB/s   rrqm/s   wrqm/s  %rrqm  %wrqm r_await w_await aqu-sz rareq-sz wareq-sz  svctm  %util
sdb           12326.00 1702.00     48.15     57.18     0.00  5095.00   0.00  74.96    0.23    0.47   0.00     4.00    34.40   0.07 100.00

2021년 10월 04일 16시 58분 42초
avg-cpu:  %user   %nice %system %iowait  %steal   %idle
           0.19    0.00    3.95    2.38    0.00   93.48

Device            r/s     w/s     rMB/s     wMB/s   rrqm/s   wrqm/s  %rrqm  %wrqm r_await w_await aqu-sz rareq-sz wareq-sz  svctm  %util
sdb           9677.00 2143.00     37.80     51.30     0.00  6365.00   0.00  74.81    0.26    0.43   0.00     4.00    24.51   0.08 100.00

2021년 10월 04일 16시 58분 43초
avg-cpu:  %user   %nice %system %iowait  %steal   %idle
           0.00    0.00    2.71    2.21    0.00   95.09

Device            r/s     w/s     rMB/s     wMB/s   rrqm/s   wrqm/s  %rrqm  %wrqm r_await w_await aqu-sz rareq-sz wareq-sz  svctm  %util
sdb           11510.00 1670.00     44.96     54.27     0.00  5158.00   0.00  75.54    0.24    0.47   0.03     4.00    33.27   0.07  98.40

2021년 10월 04일 16시 58분 44초
avg-cpu:  %user   %nice %system %iowait  %steal   %idle
           0.19    0.00    5.50    2.38    0.00   91.93

Device            r/s     w/s     rMB/s     wMB/s   rrqm/s   wrqm/s  %rrqm  %wrqm r_await w_await aqu-sz rareq-sz wareq-sz  svctm  %util
sdb           6934.00 2428.00     27.09     45.20     0.00  8575.00   0.00  77.93    0.32    0.40   0.00     4.00    19.06   0.11 100.00

2021년 10월 04일 16시 58분 45초
avg-cpu:  %user   %nice %system %iowait  %steal   %idle
           0.06    0.00    4.72    3.04    0.00   92.17

Device            r/s     w/s     rMB/s     wMB/s   rrqm/s   wrqm/s  %rrqm  %wrqm r_await w_await aqu-sz rareq-sz wareq-sz  svctm  %util
sdb           9866.00 1990.00     38.54     50.84     0.00  6494.00   0.00  76.54    0.26    0.43   0.00     4.00    26.16   0.08 100.00

2021년 10월 04일 16시 58분 46초
avg-cpu:  %user   %nice %system %iowait  %steal   %idle
           0.13    0.00    5.03    2.70    0.00   92.15

Device            r/s     w/s     rMB/s     wMB/s   rrqm/s   wrqm/s  %rrqm  %wrqm r_await w_await aqu-sz rareq-sz wareq-sz  svctm  %util
sdb           6861.00 2397.00     26.80     44.72     0.00  8243.00   0.00  77.47    0.33    0.40   0.06     4.00    19.11   0.11  98.80

2021년 10월 04일 16시 58분 47초
avg-cpu:  %user   %nice %system %iowait  %steal   %idle
           0.06    0.00    4.25    2.44    0.00   93.25

Device            r/s     w/s     rMB/s     wMB/s   rrqm/s   wrqm/s  %rrqm  %wrqm r_await w_await aqu-sz rareq-sz wareq-sz  svctm  %util
sdb           9524.00 2151.00     37.20     50.00     0.00  6030.00   0.00  73.71    0.27    0.40   0.00     4.00    23.80   0.09 100.00

2021년 10월 04일 16시 58분 48초
avg-cpu:  %user   %nice %system %iowait  %steal   %idle
           0.06    0.00    4.33    3.20    0.00   92.41

Device            r/s     w/s     rMB/s     wMB/s   rrqm/s   wrqm/s  %rrqm  %wrqm r_await w_await aqu-sz rareq-sz wareq-sz  svctm  %util
sdb           8746.00 2215.00     34.16     50.40     0.00  7698.00   0.00  77.66    0.28    0.42   0.00     4.00    23.30   0.09 100.00

2021년 10월 04일 16시 58분 49초
avg-cpu:  %user   %nice %system %iowait  %steal   %idle
           0.00    0.00    2.77    2.46    0.00   94.77

Device            r/s     w/s     rMB/s     wMB/s   rrqm/s   wrqm/s  %rrqm  %wrqm r_await w_await aqu-sz rareq-sz wareq-sz  svctm  %util
sdb           10822.00 1994.00     42.27     52.45     0.00  5275.00   0.00  72.57    0.25    0.45   0.06     4.00    26.94   0.08  98.80

2021년 10월 04일 16시 58분 50초
avg-cpu:  %user   %nice %system %iowait  %steal   %idle
           0.00    0.00    1.44    2.07    0.00   96.49

Device            r/s     w/s     rMB/s     wMB/s   rrqm/s   wrqm/s  %rrqm  %wrqm r_await w_await aqu-sz rareq-sz wareq-sz  svctm  %util
sdb           14932.00 1362.00     58.33     60.64     0.00  1624.00   0.00  54.39    0.21    0.48   0.00     4.00    45.59   0.06 100.00

2021년 10월 04일 16시 58분 51초
avg-cpu:  %user   %nice %system %iowait  %steal   %idle
           0.12    0.00    2.56    1.69    0.00   95.62

Device            r/s     w/s     rMB/s     wMB/s   rrqm/s   wrqm/s  %rrqm  %wrqm r_await w_await aqu-sz rareq-sz wareq-sz  svctm  %util
sdb           13004.00 1704.00     50.80     57.64     0.00  4152.00   0.00  70.90    0.22    0.45   0.00     4.00    34.64   0.07 100.00

2021년 10월 04일 16시 58분 52초
avg-cpu:  %user   %nice %system %iowait  %steal   %idle
           0.12    0.00    4.18    1.62    0.00   94.07

Device            r/s     w/s     rMB/s     wMB/s   rrqm/s   wrqm/s  %rrqm  %wrqm r_await w_await aqu-sz rareq-sz wareq-sz  svctm  %util
sdb           10092.00 1981.00     39.42     51.42     0.00  6401.00   0.00  76.37    0.26    0.45   0.08     4.00    26.58   0.08  98.00

2021년 10월 04일 16시 58분 53초
avg-cpu:  %user   %nice %system %iowait  %steal   %idle
           0.00    0.00    4.12    2.25    0.00   93.63

Device            r/s     w/s     rMB/s     wMB/s   rrqm/s   wrqm/s  %rrqm  %wrqm r_await w_await aqu-sz rareq-sz wareq-sz  svctm  %util
sdb           9626.00 2057.00     37.60     50.18     0.00  6292.00   0.00  75.36    0.27    0.44   0.00     4.00    24.98   0.09 100.00

2021년 10월 04일 16시 58분 54초
avg-cpu:  %user   %nice %system %iowait  %steal   %idle
           0.00    0.00    5.20    2.69    0.00   92.11

Device            r/s     w/s     rMB/s     wMB/s   rrqm/s   wrqm/s  %rrqm  %wrqm r_await w_await aqu-sz rareq-sz wareq-sz  svctm  %util
sdb           7794.00 2265.00     30.45     47.27     0.00  8538.00   0.00  79.03    0.30    0.41   0.00     4.00    21.37   0.10 100.00

2021년 10월 04일 16시 58분 55초
avg-cpu:  %user   %nice %system %iowait  %steal   %idle
           0.13    0.00    4.49    2.91    0.00   92.47

Device            r/s     w/s     rMB/s     wMB/s   rrqm/s   wrqm/s  %rrqm  %wrqm r_await w_await aqu-sz rareq-sz wareq-sz  svctm  %util
sdb           6674.00 2392.00     26.07     43.85     0.00  8317.00   0.00  77.66    0.33    0.41   0.06     4.00    18.77   0.11  98.80

2021년 10월 04일 16시 58분 56초
avg-cpu:  %user   %nice %system %iowait  %steal   %idle
           0.06    0.00    3.08    2.01    0.00   94.85

Device            r/s     w/s     rMB/s     wMB/s   rrqm/s   wrqm/s  %rrqm  %wrqm r_await w_await aqu-sz rareq-sz wareq-sz  svctm  %util
sdb           11507.00 1885.00     44.95     54.96     0.00  5339.00   0.00  73.91    0.24    0.44   0.00     4.00    29.85   0.07 100.40

2021년 10월 04일 16시 58분 57초
avg-cpu:  %user   %nice %system %iowait  %steal   %idle
           0.06    0.00    4.04    2.46    0.00   93.43

Device            r/s     w/s     rMB/s     wMB/s   rrqm/s   wrqm/s  %rrqm  %wrqm r_await w_await aqu-sz rareq-sz wareq-sz  svctm  %util
sdb           8644.00 2301.00     33.77     48.93     0.00  7765.00   0.00  77.14    0.28    0.41   0.00     4.00    21.78   0.09  99.60

2021년 10월 04일 16시 58분 58초
avg-cpu:  %user   %nice %system %iowait  %steal   %idle
           0.06    0.00    3.39    2.45    0.00   94.11

Device            r/s     w/s     rMB/s     wMB/s   rrqm/s   wrqm/s  %rrqm  %wrqm r_await w_await aqu-sz rareq-sz wareq-sz  svctm  %util
sdb           9891.00 2109.00     38.64     59.01     0.00  7728.00   0.00  78.56    0.27    0.70   0.46     4.00    28.65   0.08  99.20

2021년 10월 04일 16시 58분 59초
avg-cpu:  %user   %nice %system %iowait  %steal   %idle
           0.19    0.00    5.80    3.18    0.00   90.84

Device            r/s     w/s     rMB/s     wMB/s   rrqm/s   wrqm/s  %rrqm  %wrqm r_await w_await aqu-sz rareq-sz wareq-sz  svctm  %util
sdb           8012.00 2208.00     31.30     48.42     0.00  8973.00   0.00  80.25    0.29    0.41   0.00     4.00    22.46   0.10 100.40

2021년 10월 04일 16시 59분 00초
avg-cpu:  %user   %nice %system %iowait  %steal   %idle
           0.00    0.00    2.19    1.88    0.00   95.93

Device            r/s     w/s     rMB/s     wMB/s   rrqm/s   wrqm/s  %rrqm  %wrqm r_await w_await aqu-sz rareq-sz wareq-sz  svctm  %util
sdb           13486.00 1499.00     52.68     57.74     0.00  3089.00   0.00  67.33    0.22    0.49   0.06     4.00    39.44   0.07  98.80

2021년 10월 04일 16시 59분 01초
avg-cpu:  %user   %nice %system %iowait  %steal   %idle
           0.13    0.00    4.96    2.45    0.00   92.46

Device            r/s     w/s     rMB/s     wMB/s   rrqm/s   wrqm/s  %rrqm  %wrqm r_await w_await aqu-sz rareq-sz wareq-sz  svctm  %util
sdb           7011.00 2469.00     27.39     45.96     0.00  8747.00   0.00  77.99    0.32    0.40   0.00     4.00    19.06   0.11 100.00

2021년 10월 04일 16시 59분 02초
avg-cpu:  %user   %nice %system %iowait  %steal   %idle
           0.13    0.00    2.45    1.76    0.00   95.67

Device            r/s     w/s     rMB/s     wMB/s   rrqm/s   wrqm/s  %rrqm  %wrqm r_await w_await aqu-sz rareq-sz wareq-sz  svctm  %util
sdb           12966.00 1663.00     50.65     57.48     0.00  4289.00   0.00  72.06    0.22    0.46   0.00     4.00    35.39   0.07 100.00

2021년 10월 04일 16시 59분 03초
avg-cpu:  %user   %nice %system %iowait  %steal   %idle
           0.06    0.00    3.53    2.33    0.00   94.07

Device            r/s     w/s     rMB/s     wMB/s   rrqm/s   wrqm/s  %rrqm  %wrqm r_await w_await aqu-sz rareq-sz wareq-sz  svctm  %util
sdb           9312.00 2062.00     36.38     50.76     0.00  6877.00   0.00  76.93    0.26    0.45   0.03     4.00    25.21   0.09  98.80

2021년 10월 04일 16시 59분 04초
avg-cpu:  %user   %nice %system %iowait  %steal   %idle
           0.06    0.00    5.11    2.52    0.00   92.30

Device            r/s     w/s     rMB/s     wMB/s   rrqm/s   wrqm/s  %rrqm  %wrqm r_await w_await aqu-sz rareq-sz wareq-sz  svctm  %util
sdb           6955.00 2425.00     27.17     45.25     0.00  8701.00   0.00  78.20    0.32    0.40   0.00     4.00    19.11   0.11 100.00

2021년 10월 04일 16시 59분 05초
avg-cpu:  %user   %nice %system %iowait  %steal   %idle
           0.13    0.00    3.48    2.40    0.00   93.99

Device            r/s     w/s     rMB/s     wMB/s   rrqm/s   wrqm/s  %rrqm  %wrqm r_await w_await aqu-sz rareq-sz wareq-sz  svctm  %util
sdb           8148.00 2298.00     31.83     47.06     0.00  7253.00   0.00  75.94    0.29    0.42   0.00     4.00    20.97   0.10 100.00

2021년 10월 04일 16시 59분 06초
avg-cpu:  %user   %nice %system %iowait  %steal   %idle
           0.00    0.00    2.69    2.76    0.00   94.55

Device            r/s     w/s     rMB/s     wMB/s   rrqm/s   wrqm/s  %rrqm  %wrqm r_await w_await aqu-sz rareq-sz wareq-sz  svctm  %util
sdb           12274.00 1599.00     47.95     55.13     0.00  4382.00   0.00  73.27    0.24    0.48   0.06     4.00    35.30   0.07  98.80

2021년 10월 04일 16시 59분 07초
avg-cpu:  %user   %nice %system %iowait  %steal   %idle
           0.06    0.00    4.08    2.32    0.00   93.54

Device            r/s     w/s     rMB/s     wMB/s   rrqm/s   wrqm/s  %rrqm  %wrqm r_await w_await aqu-sz rareq-sz wareq-sz  svctm  %util
sdb           10104.00 2030.00     39.47     51.14     0.00  6334.00   0.00  75.73    0.26    0.41   0.00     4.00    25.80   0.08 100.00

2021년 10월 04일 16시 59분 08초
avg-cpu:  %user   %nice %system %iowait  %steal   %idle
           0.06    0.00    2.57    1.82    0.00   95.55

Device            r/s     w/s     rMB/s     wMB/s   rrqm/s   wrqm/s  %rrqm  %wrqm r_await w_await aqu-sz rareq-sz wareq-sz  svctm  %util
sdb           12638.00 1682.00     49.37     56.73     0.00  4510.00   0.00  72.84    0.23    0.45   0.00     4.00    34.54   0.07 100.00

2021년 10월 04일 16시 59분 09초
avg-cpu:  %user   %nice %system %iowait  %steal   %idle
           0.13    0.00    3.19    2.25    0.00   94.43

Device            r/s     w/s     rMB/s     wMB/s   rrqm/s   wrqm/s  %rrqm  %wrqm r_await w_await aqu-sz rareq-sz wareq-sz  svctm  %util
sdb           10926.00 1758.00     42.68     52.74     0.00  4881.00   0.00  73.52    0.25    0.46   0.06     4.00    30.72   0.08  98.80

2021년 10월 04일 16시 59분 10초
avg-cpu:  %user   %nice %system %iowait  %steal   %idle
           0.13    0.00    2.19    2.26    0.00   95.43

Device            r/s     w/s     rMB/s     wMB/s   rrqm/s   wrqm/s  %rrqm  %wrqm r_await w_await aqu-sz rareq-sz wareq-sz  svctm  %util
sdb           13777.00 1475.00     53.82     58.80     0.00  3331.00   0.00  69.31    0.22    0.49   0.00     4.00    40.82   0.07 100.00

2021년 10월 04일 16시 59분 11초
avg-cpu:  %user   %nice %system %iowait  %steal   %idle
           0.06    0.00    1.95    1.70    0.00   96.29

Device            r/s     w/s     rMB/s     wMB/s   rrqm/s   wrqm/s  %rrqm  %wrqm r_await w_await aqu-sz rareq-sz wareq-sz  svctm  %util
sdb           12973.00 1650.00     50.68     57.12     0.00  3852.00   0.00  70.01    0.22    0.46   0.00     4.00    35.45   0.07 100.00

2021년 10월 04일 16시 59분 12초
avg-cpu:  %user   %nice %system %iowait  %steal   %idle
           0.06    0.00    1.88    2.38    0.00   95.68

Device            r/s     w/s     rMB/s     wMB/s   rrqm/s   wrqm/s  %rrqm  %wrqm r_await w_await aqu-sz rareq-sz wareq-sz  svctm  %util
sdb           14284.00 1372.00     55.80     59.72     0.00  2995.00   0.00  68.58    0.22    0.51   0.06     4.00    44.57   0.06  98.80

2021년 10월 04일 16시 59분 13초
avg-cpu:  %user   %nice %system %iowait  %steal   %idle
           0.06    0.00    3.64    1.63    0.00   94.67

Device            r/s     w/s     rMB/s     wMB/s   rrqm/s   wrqm/s  %rrqm  %wrqm r_await w_await aqu-sz rareq-sz wareq-sz  svctm  %util
sdb           10422.00 1878.00     40.71     51.04     0.00  5949.00   0.00  76.01    0.26    0.44   0.00     4.00    27.83   0.08 100.00

2021년 10월 04일 16시 59분 14초
avg-cpu:  %user   %nice %system %iowait  %steal   %idle
           0.12    0.00    3.50    2.00    0.00   94.38

Device            r/s     w/s     rMB/s     wMB/s   rrqm/s   wrqm/s  %rrqm  %wrqm r_await w_await aqu-sz rareq-sz wareq-sz  svctm  %util
sdb           11934.00 1672.00     46.62     55.34     0.00  4404.00   0.00  72.48    0.24    0.46   0.00     4.00    33.89   0.07 100.00

2021년 10월 04일 16시 59분 15초
avg-cpu:  %user   %nice %system %iowait  %steal   %idle
           0.13    0.00    3.57    2.01    0.00   94.29

Device            r/s     w/s     rMB/s     wMB/s   rrqm/s   wrqm/s  %rrqm  %wrqm r_await w_await aqu-sz rareq-sz wareq-sz  svctm  %util
sdb           10667.00 1842.00     41.67     52.10     0.00  5226.00   0.00  73.94    0.25    0.45   0.06     4.00    28.96   0.08  98.80

2021년 10월 04일 16시 59분 16초
avg-cpu:  %user   %nice %system %iowait  %steal   %idle
           0.12    0.00    3.69    2.00    0.00   94.19

Device            r/s     w/s     rMB/s     wMB/s   rrqm/s   wrqm/s  %rrqm  %wrqm r_await w_await aqu-sz rareq-sz wareq-sz  svctm  %util
sdb           11310.00 1902.00     44.18     52.29     0.00  4849.00   0.00  71.83    0.24    0.43   0.00     4.00    28.15   0.08 100.00

2021년 10월 04일 16시 59분 17초
avg-cpu:  %user   %nice %system %iowait  %steal   %idle
           0.06    0.00    2.50    3.12    0.00   94.31

Device            r/s     w/s     rMB/s     wMB/s   rrqm/s   wrqm/s  %rrqm  %wrqm r_await w_await aqu-sz rareq-sz wareq-sz  svctm  %util
sdb           13371.00 1463.00     52.23     56.63     0.00  3249.00   0.00  68.95    0.23    0.49   0.05     4.00    39.64   0.07  98.80

2021년 10월 04일 16시 59분 18초
avg-cpu:  %user   %nice %system %iowait  %steal   %idle
           0.00    0.00    3.08    1.95    0.00   94.97

Device            r/s     w/s     rMB/s     wMB/s   rrqm/s   wrqm/s  %rrqm  %wrqm r_await w_await aqu-sz rareq-sz wareq-sz  svctm  %util
sdb           11635.00 1765.00     45.45     53.65     0.00  4959.00   0.00  73.75    0.24    0.46   0.00     4.00    31.13   0.07 100.00

2021년 10월 04일 16시 59분 19초
avg-cpu:  %user   %nice %system %iowait  %steal   %idle
           0.00    0.00    3.08    2.14    0.00   94.79

Device            r/s     w/s     rMB/s     wMB/s   rrqm/s   wrqm/s  %rrqm  %wrqm r_await w_await aqu-sz rareq-sz wareq-sz  svctm  %util
sdb           11451.00 1741.00     44.73     53.43     0.00  5233.00   0.00  75.04    0.25    0.45   0.00     4.00    31.43   0.08 100.00

2021년 10월 04일 16시 59분 20초
avg-cpu:  %user   %nice %system %iowait  %steal   %idle
           0.13    0.00    2.58    2.64    0.00   94.65

Device            r/s     w/s     rMB/s     wMB/s   rrqm/s   wrqm/s  %rrqm  %wrqm r_await w_await aqu-sz rareq-sz wareq-sz  svctm  %util
sdb           11488.00 1724.00     44.88     52.69     0.00  4923.00   0.00  74.06    0.24    0.46   0.06     4.00    31.29   0.08  99.20

2021년 10월 04일 16시 59분 21초
avg-cpu:  %user   %nice %system %iowait  %steal   %idle
           0.12    0.00    2.55    2.12    0.00   95.21

Device            r/s     w/s     rMB/s     wMB/s   rrqm/s   wrqm/s  %rrqm  %wrqm r_await w_await aqu-sz rareq-sz wareq-sz  svctm  %util
sdb           13712.00 1515.00     53.56     58.91     0.00  3300.00   0.00  68.54    0.22    0.47   0.00     4.00    39.82   0.07 100.00

2021년 10월 04일 16시 59분 22초
avg-cpu:  %user   %nice %system %iowait  %steal   %idle
           0.06    0.00    3.57    2.76    0.00   93.61

Device            r/s     w/s     rMB/s     wMB/s   rrqm/s   wrqm/s  %rrqm  %wrqm r_await w_await aqu-sz rareq-sz wareq-sz  svctm  %util
sdb           10745.00 1821.00     41.97     52.57     0.00  5897.00   0.00  76.41    0.25    0.45   0.00     4.00    29.56   0.08 100.00

2021년 10월 04일 16시 59분 23초
avg-cpu:  %user   %nice %system %iowait  %steal   %idle
           0.06    0.00    3.33    2.70    0.00   93.90

Device            r/s     w/s     rMB/s     wMB/s   rrqm/s   wrqm/s  %rrqm  %wrqm r_await w_await aqu-sz rareq-sz wareq-sz  svctm  %util
sdb           10327.00 1884.00     40.34     50.66     0.00  5362.00   0.00  74.00    0.26    0.44   0.08     4.00    27.54   0.08  98.40

2021년 10월 04일 16시 59분 24초
avg-cpu:  %user   %nice %system %iowait  %steal   %idle
           0.13    0.00    2.89    1.57    0.00   95.41

Device            r/s     w/s     rMB/s     wMB/s   rrqm/s   wrqm/s  %rrqm  %wrqm r_await w_await aqu-sz rareq-sz wareq-sz  svctm  %util
sdb           11490.00 1732.00     44.88     52.99     0.00  4840.00   0.00  73.65    0.24    0.45   0.00     4.00    31.33   0.08 100.00

2021년 10월 04일 16시 59분 25초
avg-cpu:  %user   %nice %system %iowait  %steal   %idle
           0.00    0.00    4.59    2.01    0.00   93.40

Device            r/s     w/s     rMB/s     wMB/s   rrqm/s   wrqm/s  %rrqm  %wrqm r_await w_await aqu-sz rareq-sz wareq-sz  svctm  %util
sdb           8591.00 2131.00     33.56     48.51     0.00  7235.00   0.00  77.25    0.29    0.42   0.00     4.00    23.31   0.09 100.00

2021년 10월 04일 16시 59분 26초
avg-cpu:  %user   %nice %system %iowait  %steal   %idle
           0.06    0.00    3.44    2.07    0.00   94.43

Device            r/s     w/s     rMB/s     wMB/s   rrqm/s   wrqm/s  %rrqm  %wrqm r_await w_await aqu-sz rareq-sz wareq-sz  svctm  %util
sdb           10687.00 1791.00     41.74     51.43     0.00  5404.00   0.00  75.11    0.25    0.45   0.06     4.00    29.41   0.08  98.40

2021년 10월 04일 16시 59분 27초
avg-cpu:  %user   %nice %system %iowait  %steal   %idle
           0.00    0.00    2.77    2.45    0.00   94.78

Device            r/s     w/s     rMB/s     wMB/s   rrqm/s   wrqm/s  %rrqm  %wrqm r_await w_await aqu-sz rareq-sz wareq-sz  svctm  %util
sdb           11574.00 1761.00     45.21     53.15     0.00  4657.00   0.00  72.56    0.24    0.45   0.00     4.00    30.91   0.07 100.00

2021년 10월 04일 16시 59분 28초
avg-cpu:  %user   %nice %system %iowait  %steal   %idle
           0.06    0.00    3.90    2.27    0.00   93.77

Device            r/s     w/s     rMB/s     wMB/s   rrqm/s   wrqm/s  %rrqm  %wrqm r_await w_await aqu-sz rareq-sz wareq-sz  svctm  %util
sdb           9082.00 2141.00     35.48     58.70     0.00  9416.00   0.00  81.47    0.28    0.62   0.12     4.00    28.07   0.09 100.00

2021년 10월 04일 16시 59분 29초
avg-cpu:  %user   %nice %system %iowait  %steal   %idle
           0.06    0.00    5.03    3.14    0.00   91.76

Device            r/s     w/s     rMB/s     wMB/s   rrqm/s   wrqm/s  %rrqm  %wrqm r_await w_await aqu-sz rareq-sz wareq-sz  svctm  %util
sdb           6513.00 2350.00     25.44     42.79     0.00  8224.00   0.00  77.78    0.34    0.41   0.05     4.00    18.65   0.11  98.40

2021년 10월 04일 16시 59분 30초
avg-cpu:  %user   %nice %system %iowait  %steal   %idle
           0.00    0.00    2.12    1.81    0.00   96.06

Device            r/s     w/s     rMB/s     wMB/s   rrqm/s   wrqm/s  %rrqm  %wrqm r_await w_await aqu-sz rareq-sz wareq-sz  svctm  %util
sdb           13969.00 1485.00     54.57     59.23     0.00  2534.00   0.00  63.05    0.22    0.48   0.00     4.00    40.84   0.06 100.00

2021년 10월 04일 16시 59분 31초
avg-cpu:  %user   %nice %system %iowait  %steal   %idle
           0.13    0.00    2.38    1.81    0.00   95.68

Device            r/s     w/s     rMB/s     wMB/s   rrqm/s   wrqm/s  %rrqm  %wrqm r_await w_await aqu-sz rareq-sz wareq-sz  svctm  %util
sdb           13188.00 1527.00     51.52     57.48     0.00  3659.00   0.00  70.56    0.23    0.48   0.00     4.00    38.54   0.07 100.00

2021년 10월 04일 16시 59분 32초
avg-cpu:  %user   %nice %system %iowait  %steal   %idle
           0.19    0.00    2.58    1.89    0.00   95.35

Device            r/s     w/s     rMB/s     wMB/s   rrqm/s   wrqm/s  %rrqm  %wrqm r_await w_await aqu-sz rareq-sz wareq-sz  svctm  %util
sdb           11944.00 1676.00     46.66     54.79     0.00  4364.00   0.00  72.25    0.24    0.46   0.06     4.00    33.47   0.07  98.40

2021년 10월 04일 16시 59분 33초
avg-cpu:  %user   %nice %system %iowait  %steal   %idle
           0.06    0.00    2.89    1.82    0.00   95.22

Device            r/s     w/s     rMB/s     wMB/s   rrqm/s   wrqm/s  %rrqm  %wrqm r_await w_await aqu-sz rareq-sz wareq-sz  svctm  %util
sdb           11183.00 1828.00     43.68     54.82     0.00  5884.00   0.00  76.30    0.24    0.46   0.00     4.00    30.71   0.08 100.00

2021년 10월 04일 16시 59분 34초
avg-cpu:  %user   %nice %system %iowait  %steal   %idle
           0.13    0.00    5.08    3.01    0.00   91.78

Device            r/s     w/s     rMB/s     wMB/s   rrqm/s   wrqm/s  %rrqm  %wrqm r_await w_await aqu-sz rareq-sz wareq-sz  svctm  %util
sdb           6896.00 2366.00     26.94     44.22     0.00  8228.00   0.00  77.67    0.33    0.40   0.06     4.00    19.14   0.11  98.40

2021년 10월 04일 16시 59분 35초
avg-cpu:  %user   %nice %system %iowait  %steal   %idle
           0.06    0.00    3.90    2.58    0.00   93.46

Device            r/s     w/s     rMB/s     wMB/s   rrqm/s   wrqm/s  %rrqm  %wrqm r_await w_await aqu-sz rareq-sz wareq-sz  svctm  %util
sdb           8802.00 2197.00     34.39     49.08     0.00  6926.00   0.00  75.92    0.29    0.40   0.00     4.00    22.88   0.09 100.00

2021년 10월 04일 16시 59분 36초
avg-cpu:  %user   %nice %system %iowait  %steal   %idle
           0.00    0.00    2.37    2.31    0.00   95.32

Device            r/s     w/s     rMB/s     wMB/s   rrqm/s   wrqm/s  %rrqm  %wrqm r_await w_await aqu-sz rareq-sz wareq-sz  svctm  %util
sdb           13810.00 1461.00     53.94     58.10     0.00  2785.00   0.00  65.59    0.22    0.48   0.00     4.00    40.72   0.07 100.00

2021년 10월 04일 16시 59분 37초
avg-cpu:  %user   %nice %system %iowait  %steal   %idle
           0.13    0.00    1.76    1.94    0.00   96.18

Device            r/s     w/s     rMB/s     wMB/s   rrqm/s   wrqm/s  %rrqm  %wrqm r_await w_await aqu-sz rareq-sz wareq-sz  svctm  %util
sdb           14033.00 1346.00     54.82     59.75     0.00  3076.00   0.00  69.56    0.22    0.54   0.08     4.00    45.46   0.06  98.40

2021년 10월 04일 16시 59분 38초
avg-cpu:  %user   %nice %system %iowait  %steal   %idle
           0.06    0.00    3.56    1.94    0.00   94.44

Device            r/s     w/s     rMB/s     wMB/s   rrqm/s   wrqm/s  %rrqm  %wrqm r_await w_await aqu-sz rareq-sz wareq-sz  svctm  %util
sdb           11411.00 1850.00     44.57     55.18     0.00  5848.00   0.00  75.97    0.24    0.43   0.01     4.00    30.54   0.08 100.00

2021년 10월 04일 16시 59분 39초
avg-cpu:  %user   %nice %system %iowait  %steal   %idle
           0.06    0.00    3.21    2.14    0.00   94.59

Device            r/s     w/s     rMB/s     wMB/s   rrqm/s   wrqm/s  %rrqm  %wrqm r_await w_await aqu-sz rareq-sz wareq-sz  svctm  %util
sdb           10381.00 1907.00     40.55     52.48     0.00  6178.00   0.00  76.41    0.25    0.45   0.00     4.00    28.18   0.08 100.00

2021년 10월 04일 16시 59분 40초
avg-cpu:  %user   %nice %system %iowait  %steal   %idle
           0.00    0.00    5.21    3.20    0.00   91.58

Device            r/s     w/s     rMB/s     wMB/s   rrqm/s   wrqm/s  %rrqm  %wrqm r_await w_await aqu-sz rareq-sz wareq-sz  svctm  %util
sdb           7221.00 2319.00     28.21     44.27     0.00  7971.00   0.00  77.46    0.32    0.41   0.06     4.00    19.55   0.10  98.80

2021년 10월 04일 16시 59분 41초
avg-cpu:  %user   %nice %system %iowait  %steal   %idle
           0.13    0.00    5.27    2.32    0.00   92.29

Device            r/s     w/s     rMB/s     wMB/s   rrqm/s   wrqm/s  %rrqm  %wrqm r_await w_await aqu-sz rareq-sz wareq-sz  svctm  %util
sdb           6967.00 2407.00     27.21     43.92     0.00  8132.00   0.00  77.16    0.32    0.40   0.00     4.00    18.69   0.11 100.00

2021년 10월 04일 16시 59분 42초
avg-cpu:  %user   %nice %system %iowait  %steal   %idle
           0.06    0.00    2.07    2.01    0.00   95.85

Device            r/s     w/s     rMB/s     wMB/s   rrqm/s   wrqm/s  %rrqm  %wrqm r_await w_await aqu-sz rareq-sz wareq-sz  svctm  %util
sdb           12869.00 1482.00     50.27     56.45     0.00  3844.00   0.00  72.17    0.23    0.50   0.00     4.00    39.01   0.07 100.00

2021년 10월 04일 16시 59분 43초
avg-cpu:  %user   %nice %system %iowait  %steal   %idle
           0.00    0.00    4.55    2.49    0.00   92.96

Device            r/s     w/s     rMB/s     wMB/s   rrqm/s   wrqm/s  %rrqm  %wrqm r_await w_await aqu-sz rareq-sz wareq-sz  svctm  %util
sdb           9977.00 1897.00     38.97     51.00     0.00  6423.00   0.00  77.20    0.26    0.45   0.06     4.00    27.53   0.08  98.80

2021년 10월 04일 16시 59분 44초
avg-cpu:  %user   %nice %system %iowait  %steal   %idle
           0.13    0.00    4.88    2.50    0.00   92.49

Device            r/s     w/s     rMB/s     wMB/s   rrqm/s   wrqm/s  %rrqm  %wrqm r_await w_await aqu-sz rareq-sz wareq-sz  svctm  %util
sdb           8071.00 2334.00     31.53     47.52     0.00  7192.00   0.00  75.50    0.29    0.39   0.00     4.00    20.85   0.10 100.00

2021년 10월 04일 16시 59분 45초
avg-cpu:  %user   %nice %system %iowait  %steal   %idle
           0.13    0.00    3.96    2.51    0.00   93.40

Device            r/s     w/s     rMB/s     wMB/s   rrqm/s   wrqm/s  %rrqm  %wrqm r_await w_await aqu-sz rareq-sz wareq-sz  svctm  %util
sdb           8858.00 2176.00     34.60     49.30     0.00  7083.00   0.00  76.50    0.28    0.43   0.00     4.00    23.20   0.09 100.00

2021년 10월 04일 16시 59분 46초
avg-cpu:  %user   %nice %system %iowait  %steal   %idle
           0.13    0.00    4.88    2.50    0.00   92.49

Device            r/s     w/s     rMB/s     wMB/s   rrqm/s   wrqm/s  %rrqm  %wrqm r_await w_await aqu-sz rareq-sz wareq-sz  svctm  %util
sdb           7694.00 2272.00     30.05     45.68     0.00  7579.00   0.00  76.94    0.31    0.42   0.08     4.00    20.59   0.10  98.40

2021년 10월 04일 16시 59분 47초
avg-cpu:  %user   %nice %system %iowait  %steal   %idle
           0.00    0.00    2.06    1.56    0.00   96.38

Device            r/s     w/s     rMB/s     wMB/s   rrqm/s   wrqm/s  %rrqm  %wrqm r_await w_await aqu-sz rareq-sz wareq-sz  svctm  %util
sdb           14223.00 1416.00     55.56     60.85     0.00  3661.00   0.00  72.11    0.22    0.52   0.00     4.00    44.00   0.06 100.00

2021년 10월 04일 16시 59분 48초
avg-cpu:  %user   %nice %system %iowait  %steal   %idle
           0.19    0.00    4.55    2.43    0.00   92.83

Device            r/s     w/s     rMB/s     wMB/s   rrqm/s   wrqm/s  %rrqm  %wrqm r_await w_await aqu-sz rareq-sz wareq-sz  svctm  %util
sdb           9182.00 2170.00     35.87     49.72     0.00  6721.00   0.00  75.59    0.27    0.42   0.00     4.00    23.46   0.09 100.00

2021년 10월 04일 16시 59분 49초
avg-cpu:  %user   %nice %system %iowait  %steal   %idle
           0.12    0.00    5.24    2.93    0.00   91.71

Device            r/s     w/s     rMB/s     wMB/s   rrqm/s   wrqm/s  %rrqm  %wrqm r_await w_await aqu-sz rareq-sz wareq-sz  svctm  %util
sdb           7812.00 2322.00     30.52     46.09     0.00  7417.00   0.00  76.16    0.31    0.40   0.08     4.00    20.33   0.10  98.40

2021년 10월 04일 16시 59분 50초
avg-cpu:  %user   %nice %system %iowait  %steal   %idle
           0.00    0.00    2.01    1.82    0.00   96.17

Device            r/s     w/s     rMB/s     wMB/s   rrqm/s   wrqm/s  %rrqm  %wrqm r_await w_await aqu-sz rareq-sz wareq-sz  svctm  %util
sdb           14439.00 1397.00     56.40     60.57     0.00  3356.00   0.00  70.61    0.21    0.51   0.00     4.00    44.40   0.06 100.00

2021년 10월 04일 16시 59분 51초
avg-cpu:  %user   %nice %system %iowait  %steal   %idle
           0.06    0.00    2.32    3.38    0.00   94.24

Device            r/s     w/s     rMB/s     wMB/s   rrqm/s   wrqm/s  %rrqm  %wrqm r_await w_await aqu-sz rareq-sz wareq-sz  svctm  %util
sdb           13046.00 1483.00     50.96     56.75     0.00  3603.00   0.00  70.84    0.23    0.50   0.08     4.00    39.19   0.07  98.40

2021년 10월 04일 16시 59분 52초
avg-cpu:  %user   %nice %system %iowait  %steal   %idle
           0.13    0.00    3.57    2.13    0.00   94.18

Device            r/s     w/s     rMB/s     wMB/s   rrqm/s   wrqm/s  %rrqm  %wrqm r_await w_await aqu-sz rareq-sz wareq-sz  svctm  %util
sdb           10838.00 1953.00     42.34     53.04     0.00  5897.00   0.00  75.12    0.25    0.43   0.00     4.00    27.81   0.08 100.00

2021년 10월 04일 16시 59분 53초
avg-cpu:  %user   %nice %system %iowait  %steal   %idle
           0.06    0.00    5.28    2.58    0.00   92.09

Device            r/s     w/s     rMB/s     wMB/s   rrqm/s   wrqm/s  %rrqm  %wrqm r_await w_await aqu-sz rareq-sz wareq-sz  svctm  %util
sdb           6515.00 2525.00     25.45     44.91     0.00  8636.00   0.00  77.38    0.34    0.40   0.00     4.00    18.21   0.11 100.00

2021년 10월 04일 16시 59분 54초
avg-cpu:  %user   %nice %system %iowait  %steal   %idle
           0.25    0.00    4.93    2.81    0.00   92.01

Device            r/s     w/s     rMB/s     wMB/s   rrqm/s   wrqm/s  %rrqm  %wrqm r_await w_await aqu-sz rareq-sz wareq-sz  svctm  %util
sdb           8222.00 2119.00     32.12     47.01     0.00  7644.00   0.00  78.30    0.29    0.43   0.06     4.00    22.72   0.10  98.80

2021년 10월 04일 16시 59분 55초
avg-cpu:  %user   %nice %system %iowait  %steal   %idle
           0.13    0.00    5.26    2.57    0.00   92.04

Device            r/s     w/s     rMB/s     wMB/s   rrqm/s   wrqm/s  %rrqm  %wrqm r_await w_await aqu-sz rareq-sz wareq-sz  svctm  %util
sdb           7037.00 2429.00     27.49     45.26     0.00  7999.00   0.00  76.71    0.32    0.40   0.00     4.00    19.08   0.11 100.00

2021년 10월 04일 16시 59분 56초
avg-cpu:  %user   %nice %system %iowait  %steal   %idle
           0.06    0.00    3.83    2.14    0.00   93.97

Device            r/s     w/s     rMB/s     wMB/s   rrqm/s   wrqm/s  %rrqm  %wrqm r_await w_await aqu-sz rareq-sz wareq-sz  svctm  %util
sdb           10379.00 1938.00     40.54     51.83     0.00  6416.00   0.00  76.80    0.25    0.44   0.00     4.00    27.39   0.08 100.00

2021년 10월 04일 16시 59분 57초
avg-cpu:  %user   %nice %system %iowait  %steal   %idle
           0.00    0.00    1.57    2.76    0.00   95.68

Device            r/s     w/s     rMB/s     wMB/s   rrqm/s   wrqm/s  %rrqm  %wrqm r_await w_await aqu-sz rareq-sz wareq-sz  svctm  %util
sdb           15117.00 1262.00     59.05     61.50     0.00  2576.00   0.00  67.12    0.21    0.53   0.08     4.00    49.90   0.06  98.40

2021년 10월 04일 16시 59분 58초
avg-cpu:  %user   %nice %system %iowait  %steal   %idle
           0.00    0.00    2.32    1.51    0.00   96.17

Device            r/s     w/s     rMB/s     wMB/s   rrqm/s   wrqm/s  %rrqm  %wrqm r_await w_await aqu-sz rareq-sz wareq-sz  svctm  %util
sdb           13017.00 1584.00     50.85     57.71     0.00  3538.00   0.00  69.07    0.23    0.46   0.00     4.00    37.31   0.07 100.00

2021년 10월 04일 16시 59분 59초
avg-cpu:  %user   %nice %system %iowait  %steal   %idle
           0.06    0.00    2.81    2.50    0.00   94.62

Device            r/s     w/s     rMB/s     wMB/s   rrqm/s   wrqm/s  %rrqm  %wrqm r_await w_await aqu-sz rareq-sz wareq-sz  svctm  %util
sdb           11546.00 1928.00     45.10     64.02     0.00  7058.00   0.00  78.54    0.24    0.66   0.09     4.00    34.00   0.07 100.00

2021년 10월 04일 17시 00분 00초
avg-cpu:  %user   %nice %system %iowait  %steal   %idle
           0.13    0.00    3.08    2.39    0.00   94.40

Device            r/s     w/s     rMB/s     wMB/s   rrqm/s   wrqm/s  %rrqm  %wrqm r_await w_await aqu-sz rareq-sz wareq-sz  svctm  %util
sdb           10695.00 1963.00     41.78     53.82     0.00  6923.00   0.00  77.91    0.25    0.46   0.06     4.00    28.08   0.08  98.80

2021년 10월 04일 17시 00분 01초
avg-cpu:  %user   %nice %system %iowait  %steal   %idle
           0.00    0.00    1.50    1.50    0.00   96.99

Device            r/s     w/s     rMB/s     wMB/s   rrqm/s   wrqm/s  %rrqm  %wrqm r_await w_await aqu-sz rareq-sz wareq-sz  svctm  %util
sdb           14610.00 1404.00     57.07     59.87     0.00  2985.00   0.00  68.01    0.22    0.48   0.00     4.00    43.66   0.06 100.00

2021년 10월 04일 17시 00분 02초
avg-cpu:  %user   %nice %system %iowait  %steal   %idle
           0.06    0.00    3.28    1.89    0.00   94.77

Device            r/s     w/s     rMB/s     wMB/s   rrqm/s   wrqm/s  %rrqm  %wrqm r_await w_await aqu-sz rareq-sz wareq-sz  svctm  %util
sdb           9950.00 1926.00     38.87     52.12     0.00  6676.00   0.00  77.61    0.26    0.45   0.00     4.00    27.71   0.08 100.00

2021년 10월 04일 17시 00분 03초
avg-cpu:  %user   %nice %system %iowait  %steal   %idle
           0.13    0.00    4.95    3.01    0.00   91.92

Device            r/s     w/s     rMB/s     wMB/s   rrqm/s   wrqm/s  %rrqm  %wrqm r_await w_await aqu-sz rareq-sz wareq-sz  svctm  %util
sdb           7035.00 2295.00     27.48     45.05     0.00  8094.00   0.00  77.91    0.32    0.42   0.08     4.00    20.10   0.11  98.40

2021년 10월 04일 17시 00분 04초
avg-cpu:  %user   %nice %system %iowait  %steal   %idle
           0.06    0.00    5.19    2.88    0.00   91.86

Device            r/s     w/s     rMB/s     wMB/s   rrqm/s   wrqm/s  %rrqm  %wrqm r_await w_await aqu-sz rareq-sz wareq-sz  svctm  %util
sdb           7554.00 2324.00     29.51     47.07     0.00  8443.00   0.00  78.42    0.31    0.41   0.00     4.00    20.74   0.10 100.00

2021년 10월 04일 17시 00분 05초
avg-cpu:  %user   %nice %system %iowait  %steal   %idle
           0.00    0.00    2.70    3.83    0.00   93.46

Device            r/s     w/s     rMB/s     wMB/s   rrqm/s   wrqm/s  %rrqm  %wrqm r_await w_await aqu-sz rareq-sz wareq-sz  svctm  %util
sdb           11759.41 1627.72     45.94     54.63     0.00  4606.93   0.00  73.89    0.23    0.46   0.00     4.00    34.37   0.07  97.43

2021년 10월 04일 17시 00분 06초
avg-cpu:  %user   %nice %system %iowait  %steal   %idle
           0.12    0.00    2.00    1.43    0.00   96.44

Device            r/s     w/s     rMB/s     wMB/s   rrqm/s   wrqm/s  %rrqm  %wrqm r_await w_await aqu-sz rareq-sz wareq-sz  svctm  %util
sdb           14387.00 1308.00     56.20     59.53     0.00  2851.00   0.00  68.55    0.22    0.54   0.08     4.00    46.61   0.06 100.00

2021년 10월 04일 17시 00분 07초
avg-cpu:  %user   %nice %system %iowait  %steal   %idle
           0.06    0.00    1.87    1.37    0.00   96.69

Device            r/s     w/s     rMB/s     wMB/s   rrqm/s   wrqm/s  %rrqm  %wrqm r_await w_await aqu-sz rareq-sz wareq-sz  svctm  %util
sdb           15025.00 1240.00     58.69     61.72     0.00  2741.00   0.00  68.85    0.21    0.54   0.00     4.00    50.97   0.06 100.00

2021년 10월 04일 17시 00분 08초
avg-cpu:  %user   %nice %system %iowait  %steal   %idle
           0.06    0.00    2.94    2.19    0.00   94.82

Device            r/s     w/s     rMB/s     wMB/s   rrqm/s   wrqm/s  %rrqm  %wrqm r_await w_await aqu-sz rareq-sz wareq-sz  svctm  %util
sdb           11949.00 1669.00     46.68     53.81     0.00  3864.00   0.00  69.84    0.24    0.48   0.08     4.00    33.01   0.07  98.00

2021년 10월 04일 17시 00분 09초
avg-cpu:  %user   %nice %system %iowait  %steal   %idle
           0.00    0.00    4.61    1.68    0.00   93.71

Device            r/s     w/s     rMB/s     wMB/s   rrqm/s   wrqm/s  %rrqm  %wrqm r_await w_await aqu-sz rareq-sz wareq-sz  svctm  %util
sdb           10302.00 1924.00     40.24     52.52     0.00  6201.00   0.00  76.32    0.26    0.43   0.00     4.00    27.95   0.08 100.40

2021년 10월 04일 17시 00분 10초
avg-cpu:  %user   %nice %system %iowait  %steal   %idle
           0.25    0.00    4.03    2.39    0.00   93.33

Device            r/s     w/s     rMB/s     wMB/s   rrqm/s   wrqm/s  %rrqm  %wrqm r_await w_await aqu-sz rareq-sz wareq-sz  svctm  %util
sdb           9197.00 2096.00     35.93     49.78     0.00  7272.00   0.00  77.63    0.27    0.43   0.00     4.00    24.32   0.09 100.00

2021년 10월 04일 17시 00분 11초
avg-cpu:  %user   %nice %system %iowait  %steal   %idle
           0.06    0.00    4.16    3.03    0.00   92.75

Device            r/s     w/s     rMB/s     wMB/s   rrqm/s   wrqm/s  %rrqm  %wrqm r_await w_await aqu-sz rareq-sz wareq-sz  svctm  %util
sdb           7692.00 2218.00     30.05     45.75     0.00  7757.00   0.00  77.76    0.31    0.42   0.07     4.00    21.12   0.10  98.80

2021년 10월 04일 17시 00분 12초
avg-cpu:  %user   %nice %system %iowait  %steal   %idle
           0.13    0.00    5.03    2.45    0.00   92.40

Device            r/s     w/s     rMB/s     wMB/s   rrqm/s   wrqm/s  %rrqm  %wrqm r_await w_await aqu-sz rareq-sz wareq-sz  svctm  %util
sdb           6480.00 2496.00     25.31     43.62     0.00  8359.00   0.00  77.01    0.34    0.40   0.00     4.00    17.89   0.11  99.60

2021년 10월 04일 17시 00분 13초
avg-cpu:  %user   %nice %system %iowait  %steal   %idle
           0.06    0.00    3.51    2.13    0.00   94.30

Device            r/s     w/s     rMB/s     wMB/s   rrqm/s   wrqm/s  %rrqm  %wrqm r_await w_await aqu-sz rareq-sz wareq-sz  svctm  %util
sdb           10782.00 1931.00     42.12     52.27     0.00  5168.00   0.00  72.80    0.25    0.43   0.00     4.00    27.72   0.08 100.40

2021년 10월 04일 17시 00분 14초
avg-cpu:  %user   %nice %system %iowait  %steal   %idle
           0.06    0.00    4.83    2.76    0.00   92.34

Device            r/s     w/s     rMB/s     wMB/s   rrqm/s   wrqm/s  %rrqm  %wrqm r_await w_await aqu-sz rareq-sz wareq-sz  svctm  %util
sdb           7512.00 2326.00     29.35     46.08     0.00  7816.00   0.00  77.07    0.31    0.41   0.06     4.00    20.29   0.10  98.80

2021년 10월 04일 17시 00분 15초
avg-cpu:  %user   %nice %system %iowait  %steal   %idle
           0.06    0.00    4.80    2.97    0.00   92.16

Device            r/s     w/s     rMB/s     wMB/s   rrqm/s   wrqm/s  %rrqm  %wrqm r_await w_await aqu-sz rareq-sz wareq-sz  svctm  %util
sdb           6774.00 2390.00     26.46     43.71     0.00  8381.00   0.00  77.81    0.33    0.41   0.00     4.00    18.73   0.11 100.00

2021년 10월 04일 17시 00분 16초
avg-cpu:  %user   %nice %system %iowait  %steal   %idle
           0.00    0.00    3.96    2.32    0.00   93.72

Device            r/s     w/s     rMB/s     wMB/s   rrqm/s   wrqm/s  %rrqm  %wrqm r_await w_await aqu-sz rareq-sz wareq-sz  svctm  %util
sdb           9761.00 2028.00     38.13     50.94     0.00  6559.00   0.00  76.38    0.26    0.43   0.00     4.00    25.72   0.08 100.00

2021년 10월 04일 17시 00분 17초
avg-cpu:  %user   %nice %system %iowait  %steal   %idle
           0.13    0.00    4.55    2.65    0.00   92.67

Device            r/s     w/s     rMB/s     wMB/s   rrqm/s   wrqm/s  %rrqm  %wrqm r_await w_await aqu-sz rareq-sz wareq-sz  svctm  %util
sdb           6463.00 2458.00     25.25     43.61     0.00  8390.00   0.00  77.34    0.33    0.41   0.03     4.00    18.17   0.11  98.40

2021년 10월 04일 17시 00분 18초
avg-cpu:  %user   %nice %system %iowait  %steal   %idle
           0.06    0.00    1.95    3.45    0.00   94.54

Device            r/s     w/s     rMB/s     wMB/s   rrqm/s   wrqm/s  %rrqm  %wrqm r_await w_await aqu-sz rareq-sz wareq-sz  svctm  %util
sdb           13695.00 1519.00     53.50     58.43     0.00  3120.00   0.00  67.26    0.22    0.47   0.00     4.00    39.39   0.07 100.00

2021년 10월 04일 17시 00분 19초
avg-cpu:  %user   %nice %system %iowait  %steal   %idle
           0.13    0.00    3.82    2.13    0.00   93.93

Device            r/s     w/s     rMB/s     wMB/s   rrqm/s   wrqm/s  %rrqm  %wrqm r_await w_await aqu-sz rareq-sz wareq-sz  svctm  %util
sdb           10127.00 1985.00     39.56     50.78     0.00  5981.00   0.00  75.08    0.26    0.43   0.00     4.00    26.20   0.08 100.00

2021년 10월 04일 17시 00분 20초
avg-cpu:  %user   %nice %system %iowait  %steal   %idle
           0.06    0.00    3.84    2.39    0.00   93.71

Device            r/s     w/s     rMB/s     wMB/s   rrqm/s   wrqm/s  %rrqm  %wrqm r_await w_await aqu-sz rareq-sz wareq-sz  svctm  %util
sdb           9666.00 1955.00     37.76     50.32     0.00  6216.00   0.00  76.07    0.27    0.43   0.08     4.00    26.36   0.08  98.40

2021년 10월 04일 17시 00분 21초
avg-cpu:  %user   %nice %system %iowait  %steal   %idle
           0.06    0.00    5.14    2.45    0.00   92.35

Device            r/s     w/s     rMB/s     wMB/s   rrqm/s   wrqm/s  %rrqm  %wrqm r_await w_await aqu-sz rareq-sz wareq-sz  svctm  %util
sdb           7339.00 2361.00     28.67     44.79     0.00  7872.00   0.00  76.93    0.31    0.40   0.00     4.00    19.43   0.10 100.00

2021년 10월 04일 17시 00분 22초
avg-cpu:  %user   %nice %system %iowait  %steal   %idle
           0.19    0.00    3.32    2.32    0.00   94.17

Device            r/s     w/s     rMB/s     wMB/s   rrqm/s   wrqm/s  %rrqm  %wrqm r_await w_await aqu-sz rareq-sz wareq-sz  svctm  %util
sdb           9328.00 1872.00     36.44     48.06     0.00  5949.00   0.00  76.06    0.25    0.43   0.00     4.00    26.29   0.08  92.40

2021년 10월 04일 17시 00분 23초
avg-cpu:  %user   %nice %system %iowait  %steal   %idle
           0.06    0.00    0.12    0.00    0.00   99.81

Device            r/s     w/s     rMB/s     wMB/s   rrqm/s   wrqm/s  %rrqm  %wrqm r_await w_await aqu-sz rareq-sz wareq-sz  svctm  %util
sdb              0.00    0.00      0.00      0.00     0.00     0.00   0.00   0.00    0.00    0.00   0.00     0.00     0.00   0.00   0.00

2021년 10월 04일 17시 00분 24초
avg-cpu:  %user   %nice %system %iowait  %steal   %idle
           0.12    0.00    0.25    0.00    0.00   99.63

Device            r/s     w/s     rMB/s     wMB/s   rrqm/s   wrqm/s  %rrqm  %wrqm r_await w_await aqu-sz rareq-sz wareq-sz  svctm  %util
sdb              0.00    0.00      0.00      0.00     0.00     0.00   0.00   0.00    0.00    0.00   0.00     0.00     0.00   0.00   0.00

2021년 10월 04일 17시 00분 25초
avg-cpu:  %user   %nice %system %iowait  %steal   %idle
           0.00    0.00    0.00    0.00    0.00  100.00

Device            r/s     w/s     rMB/s     wMB/s   rrqm/s   wrqm/s  %rrqm  %wrqm r_await w_await aqu-sz rareq-sz wareq-sz  svctm  %util
sdb              0.00    0.00      0.00      0.00     0.00     0.00   0.00   0.00    0.00    0.00   0.00     0.00     0.00   0.00   0.00

2021년 10월 04일 17시 00분 26초
avg-cpu:  %user   %nice %system %iowait  %steal   %idle
           0.00    0.00    0.06    0.00    0.00   99.94

Device            r/s     w/s     rMB/s     wMB/s   rrqm/s   wrqm/s  %rrqm  %wrqm r_await w_await aqu-sz rareq-sz wareq-sz  svctm  %util
sdb              0.00    0.00      0.00      0.00     0.00     0.00   0.00   0.00    0.00    0.00   0.00     0.00     0.00   0.00   0.00

2021년 10월 04일 17시 00분 27초
avg-cpu:  %user   %nice %system %iowait  %steal   %idle
           0.06    0.00    0.12    0.00    0.00   99.81

Device            r/s     w/s     rMB/s     wMB/s   rrqm/s   wrqm/s  %rrqm  %wrqm r_await w_await aqu-sz rareq-sz wareq-sz  svctm  %util
sdb              0.00    0.00      0.00      0.00     0.00     0.00   0.00   0.00    0.00    0.00   0.00     0.00     0.00   0.00   0.00

2021년 10월 04일 17시 00분 28초
avg-cpu:  %user   %nice %system %iowait  %steal   %idle
           0.12    0.00    0.12    0.06    0.00   99.69

Device            r/s     w/s     rMB/s     wMB/s   rrqm/s   wrqm/s  %rrqm  %wrqm r_await w_await aqu-sz rareq-sz wareq-sz  svctm  %util
sdb              0.00    2.00      0.00      0.18     0.00    45.00   0.00  95.74    0.00    4.50   0.00     0.00    94.00   4.00   0.80

