Linux 5.5.8test (syslab-desk) 	2021년 10월 04일 	_x86_64_	(16 CPU)

2021년 10월 04일 17시 29분 08초
avg-cpu:  %user   %nice %system %iowait  %steal   %idle
           2.93    0.00    1.66    4.00    0.00   91.42

Device            r/s     w/s     rMB/s     wMB/s   rrqm/s   wrqm/s  %rrqm  %wrqm r_await w_await aqu-sz rareq-sz wareq-sz  svctm  %util
sdb             73.46  146.41      0.30      7.16     0.29   162.45   0.39  52.60    0.24    2.28   0.10     4.12    50.08   0.12   2.65

2021년 10월 04일 17시 29분 09초
avg-cpu:  %user   %nice %system %iowait  %steal   %idle
           0.00    0.00    0.13    0.00    0.00   99.87

Device            r/s     w/s     rMB/s     wMB/s   rrqm/s   wrqm/s  %rrqm  %wrqm r_await w_await aqu-sz rareq-sz wareq-sz  svctm  %util
sdb              0.00    0.00      0.00      0.00     0.00     0.00   0.00   0.00    0.00    0.00   0.00     0.00     0.00   0.00   0.00

2021년 10월 04일 17시 29분 10초
avg-cpu:  %user   %nice %system %iowait  %steal   %idle
           0.06    0.00    0.00    0.00    0.00   99.94

Device            r/s     w/s     rMB/s     wMB/s   rrqm/s   wrqm/s  %rrqm  %wrqm r_await w_await aqu-sz rareq-sz wareq-sz  svctm  %util
sdb              0.00    0.00      0.00      0.00     0.00     0.00   0.00   0.00    0.00    0.00   0.00     0.00     0.00   0.00   0.00

2021년 10월 04일 17시 29분 11초
avg-cpu:  %user   %nice %system %iowait  %steal   %idle
           0.06    0.00    0.19    0.00    0.00   99.75

Device            r/s     w/s     rMB/s     wMB/s   rrqm/s   wrqm/s  %rrqm  %wrqm r_await w_await aqu-sz rareq-sz wareq-sz  svctm  %util
sdb              0.00    0.00      0.00      0.00     0.00     0.00   0.00   0.00    0.00    0.00   0.00     0.00     0.00   0.00   0.00

2021년 10월 04일 17시 29분 12초
avg-cpu:  %user   %nice %system %iowait  %steal   %idle
           0.06    0.00    0.19    0.00    0.00   99.75

Device            r/s     w/s     rMB/s     wMB/s   rrqm/s   wrqm/s  %rrqm  %wrqm r_await w_await aqu-sz rareq-sz wareq-sz  svctm  %util
sdb              0.00    0.00      0.00      0.00     0.00     0.00   0.00   0.00    0.00    0.00   0.00     0.00     0.00   0.00   0.00

2021년 10월 04일 17시 29분 13초
avg-cpu:  %user   %nice %system %iowait  %steal   %idle
           0.00    0.00    0.13    0.00    0.00   99.87

Device            r/s     w/s     rMB/s     wMB/s   rrqm/s   wrqm/s  %rrqm  %wrqm r_await w_await aqu-sz rareq-sz wareq-sz  svctm  %util
sdb              0.00    0.00      0.00      0.00     0.00     0.00   0.00   0.00    0.00    0.00   0.00     0.00     0.00   0.00   0.00

2021년 10월 04일 17시 29분 14초
avg-cpu:  %user   %nice %system %iowait  %steal   %idle
           0.13    0.00    1.32    0.06    0.00   98.50

Device            r/s     w/s     rMB/s     wMB/s   rrqm/s   wrqm/s  %rrqm  %wrqm r_await w_await aqu-sz rareq-sz wareq-sz  svctm  %util
sdb           1015.00    1.00      9.96      0.00  1496.00     0.00  59.58   0.00    0.18    0.00   0.00    10.05     0.00   0.34  34.80

2021년 10월 04일 17시 29분 15초
avg-cpu:  %user   %nice %system %iowait  %steal   %idle
           0.25    0.00    3.07    2.50    0.00   94.18

Device            r/s     w/s     rMB/s     wMB/s   rrqm/s   wrqm/s  %rrqm  %wrqm r_await w_await aqu-sz rareq-sz wareq-sz  svctm  %util
sdb           4308.00    0.00     35.30      0.00  4592.00     0.00  51.60   0.00    0.13    0.00   0.00     8.39     0.00   0.23  97.20

2021년 10월 04일 17시 29분 16초
avg-cpu:  %user   %nice %system %iowait  %steal   %idle
           0.13    0.00    7.20    4.51    0.00   88.17

Device            r/s     w/s     rMB/s     wMB/s   rrqm/s   wrqm/s  %rrqm  %wrqm r_await w_await aqu-sz rareq-sz wareq-sz  svctm  %util
sdb           9533.00 3059.00     37.24     59.24     0.00 11135.00   0.00  78.45    0.45    0.45   0.00     4.00    19.83   0.07  94.40

2021년 10월 04일 17시 29분 17초
avg-cpu:  %user   %nice %system %iowait  %steal   %idle
           0.13    0.00    7.39    4.73    0.00   87.75

Device            r/s     w/s     rMB/s     wMB/s   rrqm/s   wrqm/s  %rrqm  %wrqm r_await w_await aqu-sz rareq-sz wareq-sz  svctm  %util
sdb           8401.00 3349.00     32.82     58.68     0.00 11641.00   0.00  77.66    0.50    0.42   0.10     4.00    17.94   0.08  98.40

2021년 10월 04일 17시 29분 18초
avg-cpu:  %user   %nice %system %iowait  %steal   %idle
           0.25    0.00    6.80    4.96    0.00   87.99

Device            r/s     w/s     rMB/s     wMB/s   rrqm/s   wrqm/s  %rrqm  %wrqm r_await w_await aqu-sz rareq-sz wareq-sz  svctm  %util
sdb           8256.00 3426.00     32.25     59.03     0.00 11703.00   0.00  77.35    0.50    0.42   0.00     4.00    17.64   0.09 100.00

2021년 10월 04일 17시 29분 19초
avg-cpu:  %user   %nice %system %iowait  %steal   %idle
           0.06    0.00    7.87    4.66    0.00   87.41

Device            r/s     w/s     rMB/s     wMB/s   rrqm/s   wrqm/s  %rrqm  %wrqm r_await w_await aqu-sz rareq-sz wareq-sz  svctm  %util
sdb           8445.00 3306.00     32.99     58.66     0.00 11698.00   0.00  77.97    0.50    0.44   0.11     4.00    18.17   0.08  98.80

2021년 10월 04일 17시 29분 20초
avg-cpu:  %user   %nice %system %iowait  %steal   %idle
           0.25    0.00    7.42    4.40    0.00   87.92

Device            r/s     w/s     rMB/s     wMB/s   rrqm/s   wrqm/s  %rrqm  %wrqm r_await w_await aqu-sz rareq-sz wareq-sz  svctm  %util
sdb           8550.00 3388.00     33.40     59.59     0.00 11663.00   0.00  77.49    0.48    0.42   0.00     4.00    18.01   0.08 100.00

2021년 10월 04일 17시 29분 21초
avg-cpu:  %user   %nice %system %iowait  %steal   %idle
           0.00    0.00    4.75    5.57    0.00   89.68

Device            r/s     w/s     rMB/s     wMB/s   rrqm/s   wrqm/s  %rrqm  %wrqm r_await w_await aqu-sz rareq-sz wareq-sz  svctm  %util
sdb           11511.00 2774.00     44.96     62.71     0.00  9193.00   0.00  76.82    0.43    0.48   0.09     4.00    23.15   0.07  98.80

2021년 10월 04일 17시 29분 22초
avg-cpu:  %user   %nice %system %iowait  %steal   %idle
           0.25    0.00    8.49    3.94    0.00   87.32

Device            r/s     w/s     rMB/s     wMB/s   rrqm/s   wrqm/s  %rrqm  %wrqm r_await w_await aqu-sz rareq-sz wareq-sz  svctm  %util
sdb           8355.00 3369.00     32.64     57.48     0.00 11353.00   0.00  77.12    0.50    0.44   0.00     4.00    17.47   0.09 100.00

2021년 10월 04일 17시 29분 23초
avg-cpu:  %user   %nice %system %iowait  %steal   %idle
           0.13    0.00    7.31    4.66    0.00   87.90

Device            r/s     w/s     rMB/s     wMB/s   rrqm/s   wrqm/s  %rrqm  %wrqm r_await w_await aqu-sz rareq-sz wareq-sz  svctm  %util
sdb           8925.00 3336.00     34.86     60.57     0.00 11651.00   0.00  77.74    0.48    0.43   0.00     4.00    18.59   0.08 100.00

2021년 10월 04일 17시 29분 24초
avg-cpu:  %user   %nice %system %iowait  %steal   %idle
           0.32    0.00    6.37    5.16    0.00   88.16

Device            r/s     w/s     rMB/s     wMB/s   rrqm/s   wrqm/s  %rrqm  %wrqm r_await w_await aqu-sz rareq-sz wareq-sz  svctm  %util
sdb           8177.00 3365.00     31.94     58.80     0.00 11723.00   0.00  77.70    0.51    0.44   0.06     4.00    17.89   0.09  98.80

2021년 10월 04일 17시 29분 25초
avg-cpu:  %user   %nice %system %iowait  %steal   %idle
           0.19    0.00    6.80    4.58    0.00   88.43

Device            r/s     w/s     rMB/s     wMB/s   rrqm/s   wrqm/s  %rrqm  %wrqm r_await w_await aqu-sz rareq-sz wareq-sz  svctm  %util
sdb           8337.00 3401.00     32.57     59.27     0.00 11747.00   0.00  77.55    0.50    0.43   0.00     4.00    17.84   0.09 100.00

2021년 10월 04일 17시 29분 26초
avg-cpu:  %user   %nice %system %iowait  %steal   %idle
           0.19    0.00    7.39    4.86    0.00   87.56

Device            r/s     w/s     rMB/s     wMB/s   rrqm/s   wrqm/s  %rrqm  %wrqm r_await w_await aqu-sz rareq-sz wareq-sz  svctm  %util
sdb           8382.00 3329.00     32.74     59.09     0.00 11744.00   0.00  77.91    0.51    0.44   0.14     4.00    18.17   0.08  98.40

2021년 10월 04일 17시 29분 27초
avg-cpu:  %user   %nice %system %iowait  %steal   %idle
           0.19    0.00    7.92    4.34    0.00   87.55

Device            r/s     w/s     rMB/s     wMB/s   rrqm/s   wrqm/s  %rrqm  %wrqm r_await w_await aqu-sz rareq-sz wareq-sz  svctm  %util
sdb           8433.00 3503.00     32.94     60.40     0.00 11934.00   0.00  77.31    0.49    0.42   0.00     4.00    17.66   0.08 100.00

2021년 10월 04일 17시 29분 28초
avg-cpu:  %user   %nice %system %iowait  %steal   %idle
           0.13    0.00    7.58    4.48    0.00   87.82

Device            r/s     w/s     rMB/s     wMB/s   rrqm/s   wrqm/s  %rrqm  %wrqm r_await w_await aqu-sz rareq-sz wareq-sz  svctm  %util
sdb           8309.00 3439.00     32.46     59.47     0.00 11790.00   0.00  77.42    0.49    0.43   0.00     4.00    17.71   0.09 100.00

2021년 10월 04일 17시 29분 29초
avg-cpu:  %user   %nice %system %iowait  %steal   %idle
           0.19    0.00    7.96    5.02    0.00   86.83

Device            r/s     w/s     rMB/s     wMB/s   rrqm/s   wrqm/s  %rrqm  %wrqm r_await w_await aqu-sz rareq-sz wareq-sz  svctm  %util
sdb           8384.00 3316.00     32.75     58.37     0.00 11616.00   0.00  77.79    0.51    0.44   0.14     4.00    18.02   0.08  98.40

2021년 10월 04일 17시 29분 30초
avg-cpu:  %user   %nice %system %iowait  %steal   %idle
           0.13    0.00    7.63    4.92    0.00   87.32

Device            r/s     w/s     rMB/s     wMB/s   rrqm/s   wrqm/s  %rrqm  %wrqm r_await w_await aqu-sz rareq-sz wareq-sz  svctm  %util
sdb           8623.00 3397.00     33.68     60.44     0.00 12019.00   0.00  77.96    0.49    0.42   0.00     4.00    18.22   0.08 100.00

2021년 10월 04일 17시 29분 31초
avg-cpu:  %user   %nice %system %iowait  %steal   %idle
           0.06    0.00    7.71    4.55    0.00   87.68

Device            r/s     w/s     rMB/s     wMB/s   rrqm/s   wrqm/s  %rrqm  %wrqm r_await w_await aqu-sz rareq-sz wareq-sz  svctm  %util
sdb           8490.00 3334.00     33.16     59.45     0.00 11821.00   0.00  78.00    0.50    0.43   0.11     4.00    18.26   0.08  98.80

2021년 10월 04일 17시 29분 32초
avg-cpu:  %user   %nice %system %iowait  %steal   %idle
           0.19    0.00    6.27    4.93    0.00   88.61

Device            r/s     w/s     rMB/s     wMB/s   rrqm/s   wrqm/s  %rrqm  %wrqm r_await w_await aqu-sz rareq-sz wareq-sz  svctm  %util
sdb           8656.00 3429.00     33.81     60.16     0.00 11924.00   0.00  77.67    0.49    0.41   0.00     4.00    17.96   0.08 100.00

2021년 10월 04일 17시 29분 33초
avg-cpu:  %user   %nice %system %iowait  %steal   %idle
           0.32    0.00    7.27    4.74    0.00   87.67

Device            r/s     w/s     rMB/s     wMB/s   rrqm/s   wrqm/s  %rrqm  %wrqm r_await w_await aqu-sz rareq-sz wareq-sz  svctm  %util
sdb           8647.00 3513.00     33.78     58.25     0.00 11358.00   0.00  76.38    0.49    0.42   0.00     4.00    16.98   0.08 100.00

2021년 10월 04일 17시 29분 34초
avg-cpu:  %user   %nice %system %iowait  %steal   %idle
           0.19    0.00    8.34    5.02    0.00   86.46

Device            r/s     w/s     rMB/s     wMB/s   rrqm/s   wrqm/s  %rrqm  %wrqm r_await w_await aqu-sz rareq-sz wareq-sz  svctm  %util
sdb           8745.00 3504.00     34.16     57.65     0.00 11078.00   0.00  75.97    0.48    0.42   0.13     4.00    16.85   0.08  98.40

2021년 10월 04일 17시 29분 35초
avg-cpu:  %user   %nice %system %iowait  %steal   %idle
           0.13    0.00    6.94    4.71    0.00   88.22

Device            r/s     w/s     rMB/s     wMB/s   rrqm/s   wrqm/s  %rrqm  %wrqm r_await w_await aqu-sz rareq-sz wareq-sz  svctm  %util
sdb           8757.00 3528.00     34.21     57.88     0.00 11215.00   0.00  76.07    0.48    0.41   0.00     4.00    16.80   0.08 100.00

2021년 10월 04일 17시 29분 36초
avg-cpu:  %user   %nice %system %iowait  %steal   %idle
           0.25    0.00    7.75    4.72    0.00   87.28

Device            r/s     w/s     rMB/s     wMB/s   rrqm/s   wrqm/s  %rrqm  %wrqm r_await w_await aqu-sz rareq-sz wareq-sz  svctm  %util
sdb           8530.00 3475.00     33.32     55.89     0.00 10855.00   0.00  75.75    0.50    0.41   0.13     4.00    16.47   0.08  98.80

2021년 10월 04일 17시 29분 37초
avg-cpu:  %user   %nice %system %iowait  %steal   %idle
           0.19    0.00    7.16    4.37    0.00   88.28

Device            r/s     w/s     rMB/s     wMB/s   rrqm/s   wrqm/s  %rrqm  %wrqm r_await w_await aqu-sz rareq-sz wareq-sz  svctm  %util
sdb           8552.00 3634.00     33.41     56.69     0.00 10907.00   0.00  75.01    0.48    0.41   0.00     4.00    15.97   0.08 100.00

2021년 10월 04일 17시 29분 38초
avg-cpu:  %user   %nice %system %iowait  %steal   %idle
           0.19    0.00    7.39    4.23    0.00   88.19

Device            r/s     w/s     rMB/s     wMB/s   rrqm/s   wrqm/s  %rrqm  %wrqm r_await w_await aqu-sz rareq-sz wareq-sz  svctm  %util
sdb           8461.00 3601.00     33.05     56.18     0.00 10775.00   0.00  74.95    0.49    0.43   0.00     4.00    15.98   0.08 100.00

2021년 10월 04일 17시 29분 39초
avg-cpu:  %user   %nice %system %iowait  %steal   %idle
           0.25    0.00    7.56    4.73    0.00   87.46

Device            r/s     w/s     rMB/s     wMB/s   rrqm/s   wrqm/s  %rrqm  %wrqm r_await w_await aqu-sz rareq-sz wareq-sz  svctm  %util
sdb           8571.00 3647.00     33.48     56.58     0.00 10899.00   0.00  74.93    0.48    0.42   0.13     4.00    15.89   0.08  98.80

2021년 10월 04일 17시 29분 40초
avg-cpu:  %user   %nice %system %iowait  %steal   %idle
           0.19    0.00    8.28    3.89    0.00   87.64

Device            r/s     w/s     rMB/s     wMB/s   rrqm/s   wrqm/s  %rrqm  %wrqm r_await w_await aqu-sz rareq-sz wareq-sz  svctm  %util
sdb           8816.00 3612.00     34.44     56.82     0.00 10978.00   0.00  75.24    0.48    0.40   0.00     4.00    16.11   0.08 100.00

2021년 10월 04일 17시 29분 41초
avg-cpu:  %user   %nice %system %iowait  %steal   %idle
           0.13    0.00    7.14    4.80    0.00   87.93

Device            r/s     w/s     rMB/s     wMB/s   rrqm/s   wrqm/s  %rrqm  %wrqm r_await w_await aqu-sz rareq-sz wareq-sz  svctm  %util
sdb           9050.00 3479.00     35.35     56.77     0.00 10527.00   0.00  75.16    0.47    0.43   0.11     4.00    16.71   0.08  98.40

2021년 10월 04일 17시 29분 42초
avg-cpu:  %user   %nice %system %iowait  %steal   %idle
           0.13    0.00    7.42    4.50    0.00   87.95

Device            r/s     w/s     rMB/s     wMB/s   rrqm/s   wrqm/s  %rrqm  %wrqm r_await w_await aqu-sz rareq-sz wareq-sz  svctm  %util
sdb           8693.00 3589.00     33.96     57.01     0.00 11018.00   0.00  75.43    0.49    0.42   0.00     4.00    16.27   0.08 100.00

2021년 10월 04일 17시 29분 43초
avg-cpu:  %user   %nice %system %iowait  %steal   %idle
           0.13    0.00    8.51    3.69    0.00   87.68

Device            r/s     w/s     rMB/s     wMB/s   rrqm/s   wrqm/s  %rrqm  %wrqm r_await w_await aqu-sz rareq-sz wareq-sz  svctm  %util
sdb           8533.00 3553.00     33.33     56.54     0.00 10883.00   0.00  75.39    0.49    0.42   0.00     4.00    16.29   0.08 100.00

2021년 10월 04일 17시 29분 44초
avg-cpu:  %user   %nice %system %iowait  %steal   %idle
           0.25    0.00    6.98    4.38    0.00   88.40

Device            r/s     w/s     rMB/s     wMB/s   rrqm/s   wrqm/s  %rrqm  %wrqm r_await w_await aqu-sz rareq-sz wareq-sz  svctm  %util
sdb           8430.00 3596.00     32.93     56.12     0.00 10798.00   0.00  75.02    0.49    0.41   0.06     4.00    15.98   0.08  98.80

2021년 10월 04일 17시 29분 45초
avg-cpu:  %user   %nice %system %iowait  %steal   %idle
           0.25    0.00    8.43    4.31    0.00   87.01

Device            r/s     w/s     rMB/s     wMB/s   rrqm/s   wrqm/s  %rrqm  %wrqm r_await w_await aqu-sz rareq-sz wareq-sz  svctm  %util
sdb           8402.00 3576.00     32.82     55.62     0.00 10831.00   0.00  75.18    0.50    0.43   0.00     4.00    15.93   0.08 100.00

2021년 10월 04일 17시 29분 46초
avg-cpu:  %user   %nice %system %iowait  %steal   %idle
           0.13    0.00    6.09    4.74    0.00   89.04

Device            r/s     w/s     rMB/s     wMB/s   rrqm/s   wrqm/s  %rrqm  %wrqm r_await w_await aqu-sz rareq-sz wareq-sz  svctm  %util
sdb           8392.00 3556.00     32.78     55.32     0.00 10702.00   0.00  75.06    0.51    0.42   0.09     4.00    15.93   0.08  99.20

2021년 10월 04일 17시 29분 47초
avg-cpu:  %user   %nice %system %iowait  %steal   %idle
           0.06    0.00    7.03    4.69    0.00   88.21

Device            r/s     w/s     rMB/s     wMB/s   rrqm/s   wrqm/s  %rrqm  %wrqm r_await w_await aqu-sz rareq-sz wareq-sz  svctm  %util
sdb           8559.00 3753.00     33.44     57.12     0.00 10852.00   0.00  74.30    0.47    0.43   0.00     4.00    15.59   0.08 100.40

2021년 10월 04일 17시 29분 48초
avg-cpu:  %user   %nice %system %iowait  %steal   %idle
           0.13    0.00    7.81    4.91    0.00   87.15

Device            r/s     w/s     rMB/s     wMB/s   rrqm/s   wrqm/s  %rrqm  %wrqm r_await w_await aqu-sz rareq-sz wareq-sz  svctm  %util
sdb           8336.00 3628.00     32.56     57.48     0.00 11090.00   0.00  75.35    0.47    0.42   0.00     4.00    16.22   0.08 100.00

2021년 10월 04일 17시 29분 49초
avg-cpu:  %user   %nice %system %iowait  %steal   %idle
           0.19    0.00    7.55    5.22    0.00   87.04

Device            r/s     w/s     rMB/s     wMB/s   rrqm/s   wrqm/s  %rrqm  %wrqm r_await w_await aqu-sz rareq-sz wareq-sz  svctm  %util
sdb           8004.00 3547.00     31.27     55.64     0.00 10722.00   0.00  75.14    0.50    0.42   0.10     4.00    16.06   0.09  98.40

2021년 10월 04일 17시 29분 50초
avg-cpu:  %user   %nice %system %iowait  %steal   %idle
           0.13    0.00    6.86    4.44    0.00   88.57

Device            r/s     w/s     rMB/s     wMB/s   rrqm/s   wrqm/s  %rrqm  %wrqm r_await w_await aqu-sz rareq-sz wareq-sz  svctm  %util
sdb           8049.00 3594.00     31.44     63.64     0.00 12731.00   0.00  77.98    0.51    0.52   0.14     4.00    18.13   0.09 100.00

2021년 10월 04일 17시 29분 51초
avg-cpu:  %user   %nice %system %iowait  %steal   %idle
           0.19    0.00    7.78    4.65    0.00   87.38

Device            r/s     w/s     rMB/s     wMB/s   rrqm/s   wrqm/s  %rrqm  %wrqm r_await w_await aqu-sz rareq-sz wareq-sz  svctm  %util
sdb           8453.00 3410.00     33.02     55.75     0.00 10813.00   0.00  76.02    0.51    0.42   0.11     4.00    16.74   0.08  98.80

2021년 10월 04일 17시 29분 52초
avg-cpu:  %user   %nice %system %iowait  %steal   %idle
           0.06    0.00    7.05    4.51    0.00   88.37

Device            r/s     w/s     rMB/s     wMB/s   rrqm/s   wrqm/s  %rrqm  %wrqm r_await w_await aqu-sz rareq-sz wareq-sz  svctm  %util
sdb           8761.00 3479.00     34.22     59.99     0.00 11825.00   0.00  77.27    0.48    0.42   0.00     4.00    17.66   0.08 100.00

2021년 10월 04일 17시 29분 53초
avg-cpu:  %user   %nice %system %iowait  %steal   %idle
           0.13    0.00    7.04    4.57    0.00   88.26

Device            r/s     w/s     rMB/s     wMB/s   rrqm/s   wrqm/s  %rrqm  %wrqm r_await w_await aqu-sz rareq-sz wareq-sz  svctm  %util
sdb           8432.00 3518.00     32.94     57.49     0.00 11196.00   0.00  76.09    0.49    0.42   0.00     4.00    16.73   0.08 100.00

2021년 10월 04일 17시 29분 54초
avg-cpu:  %user   %nice %system %iowait  %steal   %idle
           0.19    0.00    7.38    4.79    0.00   87.63

Device            r/s     w/s     rMB/s     wMB/s   rrqm/s   wrqm/s  %rrqm  %wrqm r_await w_await aqu-sz rareq-sz wareq-sz  svctm  %util
sdb           8196.00 3434.00     32.02     56.39     0.00 10974.00   0.00  76.17    0.51    0.42   0.12     4.00    16.81   0.08  98.80

2021년 10월 04일 17시 29분 55초
avg-cpu:  %user   %nice %system %iowait  %steal   %idle
           0.13    0.00    6.93    4.76    0.00   88.18

Device            r/s     w/s     rMB/s     wMB/s   rrqm/s   wrqm/s  %rrqm  %wrqm r_await w_await aqu-sz rareq-sz wareq-sz  svctm  %util
sdb           8536.00 3497.00     33.34     58.49     0.00 11411.00   0.00  76.54    0.50    0.43   0.00     4.00    17.13   0.08 100.00

2021년 10월 04일 17시 29분 56초
avg-cpu:  %user   %nice %system %iowait  %steal   %idle
           0.19    0.00    8.26    5.01    0.00   86.55

Device            r/s     w/s     rMB/s     wMB/s   rrqm/s   wrqm/s  %rrqm  %wrqm r_await w_await aqu-sz rareq-sz wareq-sz  svctm  %util
sdb           8473.00 3401.00     33.10     55.68     0.00 10810.00   0.00  76.07    0.50    0.42   0.13     4.00    16.76   0.08  98.80

2021년 10월 04일 17시 29분 57초
avg-cpu:  %user   %nice %system %iowait  %steal   %idle
           0.19    0.00    7.69    4.35    0.00   87.77

Device            r/s     w/s     rMB/s     wMB/s   rrqm/s   wrqm/s  %rrqm  %wrqm r_await w_await aqu-sz rareq-sz wareq-sz  svctm  %util
sdb           8467.00 3536.00     33.07     59.42     0.00 11683.00   0.00  76.77    0.49    0.43   0.00     4.00    17.21   0.08 100.00

2021년 10월 04일 17시 29분 58초
avg-cpu:  %user   %nice %system %iowait  %steal   %idle
           0.13    0.00    7.64    4.48    0.00   87.75

Device            r/s     w/s     rMB/s     wMB/s   rrqm/s   wrqm/s  %rrqm  %wrqm r_await w_await aqu-sz rareq-sz wareq-sz  svctm  %util
sdb           8714.00 3512.00     34.04     59.29     0.00 11666.00   0.00  76.86    0.48    0.42   0.00     4.00    17.29   0.08 100.00

2021년 10월 04일 17시 29분 59초
avg-cpu:  %user   %nice %system %iowait  %steal   %idle
           0.25    0.00    6.43    4.65    0.00   88.67

Device            r/s     w/s     rMB/s     wMB/s   rrqm/s   wrqm/s  %rrqm  %wrqm r_await w_await aqu-sz rareq-sz wareq-sz  svctm  %util
sdb           8260.00 3440.00     32.27     57.36     0.00 11242.00   0.00  76.57    0.50    0.43   0.10     4.00    17.08   0.08  98.40

2021년 10월 04일 17시 30분 00초
avg-cpu:  %user   %nice %system %iowait  %steal   %idle
           0.19    0.00    7.57    4.86    0.00   87.38

Device            r/s     w/s     rMB/s     wMB/s   rrqm/s   wrqm/s  %rrqm  %wrqm r_await w_await aqu-sz rareq-sz wareq-sz  svctm  %util
sdb           8550.00 3620.00     33.39     58.18     0.00 11266.00   0.00  75.68    0.48    0.41   0.00     4.00    16.46   0.08 100.00

2021년 10월 04일 17시 30분 01초
avg-cpu:  %user   %nice %system %iowait  %steal   %idle
           0.06    0.00    7.43    4.59    0.00   87.92

Device            r/s     w/s     rMB/s     wMB/s   rrqm/s   wrqm/s  %rrqm  %wrqm r_await w_await aqu-sz rareq-sz wareq-sz  svctm  %util
sdb           8930.00 3504.00     34.88     58.51     0.00 11094.00   0.00  76.00    0.48    0.43   0.10     4.00    17.10   0.08  98.40

2021년 10월 04일 17시 30분 02초
avg-cpu:  %user   %nice %system %iowait  %steal   %idle
           0.13    0.00    6.93    4.51    0.00   88.44

Device            r/s     w/s     rMB/s     wMB/s   rrqm/s   wrqm/s  %rrqm  %wrqm r_await w_await aqu-sz rareq-sz wareq-sz  svctm  %util
sdb           8399.00 3511.00     32.81     58.32     0.00 11487.00   0.00  76.59    0.50    0.41   0.00     4.00    17.01   0.08 100.00

2021년 10월 04일 17시 30분 03초
avg-cpu:  %user   %nice %system %iowait  %steal   %idle
           0.19    0.00    7.57    4.35    0.00   87.89

Device            r/s     w/s     rMB/s     wMB/s   rrqm/s   wrqm/s  %rrqm  %wrqm r_await w_await aqu-sz rareq-sz wareq-sz  svctm  %util
sdb           8265.00 3570.00     32.29     57.59     0.00 11373.00   0.00  76.11    0.51    0.43   0.00     4.00    16.52   0.08 100.00

2021년 10월 04일 17시 30분 04초
avg-cpu:  %user   %nice %system %iowait  %steal   %idle
           0.13    0.00    6.80    4.70    0.00   88.37

Device            r/s     w/s     rMB/s     wMB/s   rrqm/s   wrqm/s  %rrqm  %wrqm r_await w_await aqu-sz rareq-sz wareq-sz  svctm  %util
sdb           8324.00 3524.00     32.52     54.89     0.00 10679.00   0.00  75.19    0.51    0.41   0.11     4.00    15.95   0.08  98.40

2021년 10월 04일 17시 30분 05초
avg-cpu:  %user   %nice %system %iowait  %steal   %idle
           0.13    0.00    8.11    4.02    0.00   87.74

Device            r/s     w/s     rMB/s     wMB/s   rrqm/s   wrqm/s  %rrqm  %wrqm r_await w_await aqu-sz rareq-sz wareq-sz  svctm  %util
sdb           8655.00 3611.00     33.81     56.84     0.00 11112.00   0.00  75.47    0.49    0.42   0.00     4.00    16.12   0.08 100.00

2021년 10월 04일 17시 30분 06초
avg-cpu:  %user   %nice %system %iowait  %steal   %idle
           0.06    0.00    7.28    4.75    0.00   87.90

Device            r/s     w/s     rMB/s     wMB/s   rrqm/s   wrqm/s  %rrqm  %wrqm r_await w_await aqu-sz rareq-sz wareq-sz  svctm  %util
sdb           8581.00 3566.00     33.52     54.98     0.00 10512.00   0.00  74.67    0.51    0.42   0.14     4.00    15.79   0.08  98.00

2021년 10월 04일 17시 30분 07초
avg-cpu:  %user   %nice %system %iowait  %steal   %idle
           0.13    0.00    6.75    4.39    0.00   88.73

Device            r/s     w/s     rMB/s     wMB/s   rrqm/s   wrqm/s  %rrqm  %wrqm r_await w_await aqu-sz rareq-sz wareq-sz  svctm  %util
sdb           8682.00 3603.00     33.91     55.68     0.00 10709.00   0.00  74.83    0.48    0.42   0.00     4.00    15.82   0.08 100.00

2021년 10월 04일 17시 30분 08초
avg-cpu:  %user   %nice %system %iowait  %steal   %idle
           0.25    0.00    8.15    4.07    0.00   87.53

Device            r/s     w/s     rMB/s     wMB/s   rrqm/s   wrqm/s  %rrqm  %wrqm r_await w_await aqu-sz rareq-sz wareq-sz  svctm  %util
sdb           8605.00 3563.00     33.61     55.88     0.00 10768.00   0.00  75.14    0.49    0.42   0.00     4.00    16.06   0.08 100.00

2021년 10월 04일 17시 30분 09초
avg-cpu:  %user   %nice %system %iowait  %steal   %idle
           0.19    0.00    7.09    5.07    0.00   87.65

Device            r/s     w/s     rMB/s     wMB/s   rrqm/s   wrqm/s  %rrqm  %wrqm r_await w_await aqu-sz rareq-sz wareq-sz  svctm  %util
sdb           8502.00 3619.00     33.21     55.82     0.00 10774.00   0.00  74.86    0.50    0.42   0.11     4.00    15.79   0.08  98.40

2021년 10월 04일 17시 30분 10초
avg-cpu:  %user   %nice %system %iowait  %steal   %idle
           0.06    0.00    3.81    4.75    0.00   91.37

Device            r/s     w/s     rMB/s     wMB/s   rrqm/s   wrqm/s  %rrqm  %wrqm r_await w_await aqu-sz rareq-sz wareq-sz  svctm  %util
sdb           15777.00 2505.00     61.63     71.37     0.00  8851.00   0.00  77.94    0.38    0.52   0.01     4.00    29.17   0.05 100.00

2021년 10월 04일 17시 30분 11초
avg-cpu:  %user   %nice %system %iowait  %steal   %idle
           0.13    0.00    6.69    5.07    0.00   88.12

Device            r/s     w/s     rMB/s     wMB/s   rrqm/s   wrqm/s  %rrqm  %wrqm r_await w_await aqu-sz rareq-sz wareq-sz  svctm  %util
sdb           10741.00 3167.00     41.96     60.19     0.00 10473.00   0.00  76.78    0.43    0.46   0.08     4.00    19.46   0.07  98.40

2021년 10월 04일 17시 30분 12초
avg-cpu:  %user   %nice %system %iowait  %steal   %idle
           0.31    0.00    7.67    4.40    0.00   87.62

Device            r/s     w/s     rMB/s     wMB/s   rrqm/s   wrqm/s  %rrqm  %wrqm r_await w_await aqu-sz rareq-sz wareq-sz  svctm  %util
sdb           8437.00 3549.00     32.96     54.89     0.00 10542.00   0.00  74.81    0.50    0.42   0.00     4.00    15.84   0.08 100.00

2021년 10월 04일 17시 30분 13초
avg-cpu:  %user   %nice %system %iowait  %steal   %idle
           0.19    0.00    7.99    3.96    0.00   87.86

Device            r/s     w/s     rMB/s     wMB/s   rrqm/s   wrqm/s  %rrqm  %wrqm r_await w_await aqu-sz rareq-sz wareq-sz  svctm  %util
sdb           8546.00 3649.00     33.38     55.96     0.00 10737.00   0.00  74.64    0.48    0.41   0.00     4.00    15.71   0.08 100.00

2021년 10월 04일 17시 30분 14초
avg-cpu:  %user   %nice %system %iowait  %steal   %idle
           0.19    0.00    6.97    4.18    0.00   88.66

Device            r/s     w/s     rMB/s     wMB/s   rrqm/s   wrqm/s  %rrqm  %wrqm r_await w_await aqu-sz rareq-sz wareq-sz  svctm  %util
sdb           8489.00 3548.00     33.16     55.17     0.00 10623.00   0.00  74.96    0.48    0.41   0.12     4.00    15.92   0.08  98.40

2021년 10월 04일 17시 30분 15초
avg-cpu:  %user   %nice %system %iowait  %steal   %idle
           0.13    0.00    7.21    4.81    0.00   87.86

Device            r/s     w/s     rMB/s     wMB/s   rrqm/s   wrqm/s  %rrqm  %wrqm r_await w_await aqu-sz rareq-sz wareq-sz  svctm  %util
sdb           8938.00 3584.00     34.91     56.82     0.00 10892.00   0.00  75.24    0.47    0.43   0.00     4.00    16.23   0.08 100.00

2021년 10월 04일 17시 30분 16초
avg-cpu:  %user   %nice %system %iowait  %steal   %idle
           0.25    0.00    7.54    4.78    0.00   87.43

Device            r/s     w/s     rMB/s     wMB/s   rrqm/s   wrqm/s  %rrqm  %wrqm r_await w_await aqu-sz rareq-sz wareq-sz  svctm  %util
sdb           8145.00 3497.00     31.82     54.34     0.00 10506.00   0.00  75.03    0.52    0.43   0.16     4.00    15.91   0.08  98.40

2021년 10월 04일 17시 30분 17초
avg-cpu:  %user   %nice %system %iowait  %steal   %idle
           0.13    0.00    6.76    4.36    0.00   88.76

Device            r/s     w/s     rMB/s     wMB/s   rrqm/s   wrqm/s  %rrqm  %wrqm r_await w_await aqu-sz rareq-sz wareq-sz  svctm  %util
sdb           8593.00 3411.00     33.57     58.62     0.00 11197.00   0.00  76.65    0.49    0.42   0.00     4.00    17.60   0.08 100.00

2021년 10월 04일 17시 30분 18초
avg-cpu:  %user   %nice %system %iowait  %steal   %idle
           0.13    0.00    7.64    4.55    0.00   87.68

Device            r/s     w/s     rMB/s     wMB/s   rrqm/s   wrqm/s  %rrqm  %wrqm r_await w_await aqu-sz rareq-sz wareq-sz  svctm  %util
sdb           8467.00 3404.00     33.07     59.41     0.00 11812.00   0.00  77.63    0.50    0.42   0.00     4.00    17.87   0.08 100.00

2021년 10월 04일 17시 30분 19초
avg-cpu:  %user   %nice %system %iowait  %steal   %idle
           0.19    0.00    7.97    5.21    0.00   86.64

Device            r/s     w/s     rMB/s     wMB/s   rrqm/s   wrqm/s  %rrqm  %wrqm r_await w_await aqu-sz rareq-sz wareq-sz  svctm  %util
sdb           8477.00 3402.00     33.11     58.77     0.00 11573.00   0.00  77.28    0.50    0.43   0.15     4.00    17.69   0.08  98.40

2021년 10월 04일 17시 30분 20초
avg-cpu:  %user   %nice %system %iowait  %steal   %idle
           0.13    0.00    7.76    4.54    0.00   87.57

Device            r/s     w/s     rMB/s     wMB/s   rrqm/s   wrqm/s  %rrqm  %wrqm r_await w_await aqu-sz rareq-sz wareq-sz  svctm  %util
sdb           8425.00 3453.00     32.91     58.86     0.00 11609.00   0.00  77.07    0.49    0.43   0.00     4.00    17.45   0.08 100.00

2021년 10월 04일 17시 30분 21초
avg-cpu:  %user   %nice %system %iowait  %steal   %idle
           0.19    0.00    8.32    5.44    0.00   86.05

Device            r/s     w/s     rMB/s     wMB/s   rrqm/s   wrqm/s  %rrqm  %wrqm r_await w_await aqu-sz rareq-sz wareq-sz  svctm  %util
sdb           8223.00 3434.00     32.12     65.27     0.00 13229.00   0.00  79.39    0.51    0.56   0.29     4.00    19.46   0.08  98.40

2021년 10월 04일 17시 30분 22초
avg-cpu:  %user   %nice %system %iowait  %steal   %idle
           0.13    0.00    7.40    4.61    0.00   87.86

Device            r/s     w/s     rMB/s     wMB/s   rrqm/s   wrqm/s  %rrqm  %wrqm r_await w_await aqu-sz rareq-sz wareq-sz  svctm  %util
sdb           8398.00 3425.00     32.80     58.58     0.00 11577.00   0.00  77.17    0.50    0.42   0.00     4.00    17.51   0.09 100.80

2021년 10월 04일 17시 30분 23초
avg-cpu:  %user   %nice %system %iowait  %steal   %idle
           0.06    0.00    8.44    4.31    0.00   87.19

Device            r/s     w/s     rMB/s     wMB/s   rrqm/s   wrqm/s  %rrqm  %wrqm r_await w_await aqu-sz rareq-sz wareq-sz  svctm  %util
sdb           8381.00 3490.00     32.74     57.11     0.00 11096.00   0.00  76.07    0.50    0.42   0.00     4.00    16.76   0.08 100.00

2021년 10월 04일 17시 30분 24초
avg-cpu:  %user   %nice %system %iowait  %steal   %idle
           0.13    0.00    8.15    4.14    0.00   87.59

Device            r/s     w/s     rMB/s     wMB/s   rrqm/s   wrqm/s  %rrqm  %wrqm r_await w_await aqu-sz rareq-sz wareq-sz  svctm  %util
sdb           8597.00 3543.00     33.58     55.08     0.00 10594.00   0.00  74.94    0.49    0.42   0.13     4.00    15.92   0.08  98.80

2021년 10월 04일 17시 30분 25초
avg-cpu:  %user   %nice %system %iowait  %steal   %idle
           0.13    0.00    7.93    4.15    0.00   87.79

Device            r/s     w/s     rMB/s     wMB/s   rrqm/s   wrqm/s  %rrqm  %wrqm r_await w_await aqu-sz rareq-sz wareq-sz  svctm  %util
sdb           8589.00 3589.00     33.55     56.01     0.00 10720.00   0.00  74.92    0.49    0.42   0.00     4.00    15.98   0.08 100.00

2021년 10월 04일 17시 30분 26초
avg-cpu:  %user   %nice %system %iowait  %steal   %idle
           0.19    0.00    7.10    5.01    0.00   87.70

Device            r/s     w/s     rMB/s     wMB/s   rrqm/s   wrqm/s  %rrqm  %wrqm r_await w_await aqu-sz rareq-sz wareq-sz  svctm  %util
sdb           8714.00 3448.00     34.04     59.38     0.00 11746.00   0.00  77.31    0.49    0.42   0.13     4.00    17.63   0.08  98.80

2021년 10월 04일 17시 30분 27초
avg-cpu:  %user   %nice %system %iowait  %steal   %idle
           0.06    0.00    7.24    4.57    0.00   88.13

Device            r/s     w/s     rMB/s     wMB/s   rrqm/s   wrqm/s  %rrqm  %wrqm r_await w_await aqu-sz rareq-sz wareq-sz  svctm  %util
sdb           8495.00 3375.00     33.18     58.35     0.00 11554.00   0.00  77.39    0.50    0.42   0.00     4.00    17.70   0.08 100.00

2021년 10월 04일 17시 30분 28초
avg-cpu:  %user   %nice %system %iowait  %steal   %idle
           0.32    0.00    6.25    5.04    0.00   88.39

Device            r/s     w/s     rMB/s     wMB/s   rrqm/s   wrqm/s  %rrqm  %wrqm r_await w_await aqu-sz rareq-sz wareq-sz  svctm  %util
sdb           8370.00 3386.00     32.70     58.73     0.00 11613.00   0.00  77.43    0.51    0.42   0.00     4.00    17.76   0.08  98.80

2021년 10월 04일 17시 30분 29초
avg-cpu:  %user   %nice %system %iowait  %steal   %idle
           0.06    0.00    6.99    4.57    0.00   88.37

Device            r/s     w/s     rMB/s     wMB/s   rrqm/s   wrqm/s  %rrqm  %wrqm r_await w_await aqu-sz rareq-sz wareq-sz  svctm  %util
sdb           8357.00 3361.00     32.64     58.75     0.00 11643.00   0.00  77.60    0.51    0.43   0.12     4.00    17.90   0.08  99.60

2021년 10월 04일 17시 30분 30초
avg-cpu:  %user   %nice %system %iowait  %steal   %idle
           0.19    0.00    7.74    4.47    0.00   87.60

Device            r/s     w/s     rMB/s     wMB/s   rrqm/s   wrqm/s  %rrqm  %wrqm r_await w_await aqu-sz rareq-sz wareq-sz  svctm  %util
sdb           8319.00 3393.00     32.50     58.76     0.00 11688.00   0.00  77.50    0.50    0.42   0.00     4.00    17.73   0.09 100.00

2021년 10월 04일 17시 30분 31초
avg-cpu:  %user   %nice %system %iowait  %steal   %idle
           0.19    0.00    7.45    5.37    0.00   86.99

Device            r/s     w/s     rMB/s     wMB/s   rrqm/s   wrqm/s  %rrqm  %wrqm r_await w_await aqu-sz rareq-sz wareq-sz  svctm  %util
sdb           8430.00 3392.00     32.93     59.05     0.00 11736.00   0.00  77.58    0.50    0.42   0.10     4.00    17.83   0.08  98.40

2021년 10월 04일 17시 30분 32초
avg-cpu:  %user   %nice %system %iowait  %steal   %idle
           0.25    0.00    7.63    4.22    0.00   87.89

Device            r/s     w/s     rMB/s     wMB/s   rrqm/s   wrqm/s  %rrqm  %wrqm r_await w_await aqu-sz rareq-sz wareq-sz  svctm  %util
sdb           8226.00 3438.00     32.13     59.02     0.00 11637.00   0.00  77.19    0.50    0.42   0.00     4.00    17.58   0.09 100.00

2021년 10월 04일 17시 30분 33초
avg-cpu:  %user   %nice %system %iowait  %steal   %idle
           0.19    0.00    7.15    4.68    0.00   87.97

Device            r/s     w/s     rMB/s     wMB/s   rrqm/s   wrqm/s  %rrqm  %wrqm r_await w_await aqu-sz rareq-sz wareq-sz  svctm  %util
sdb           8346.00 3482.00     32.60     59.86     0.00 11815.00   0.00  77.24    0.49    0.43   0.10     4.00    17.60   0.08  98.80

2021년 10월 04일 17시 30분 34초
avg-cpu:  %user   %nice %system %iowait  %steal   %idle
           0.13    0.00    7.53    4.43    0.00   87.92

Device            r/s     w/s     rMB/s     wMB/s   rrqm/s   wrqm/s  %rrqm  %wrqm r_await w_await aqu-sz rareq-sz wareq-sz  svctm  %util
sdb           8593.00 3508.00     33.57     58.38     0.00 11452.00   0.00  76.55    0.49    0.42   0.00     4.00    17.04   0.08 100.00

2021년 10월 04일 17시 30분 35초
avg-cpu:  %user   %nice %system %iowait  %steal   %idle
           0.19    0.00    7.01    4.65    0.00   88.15

Device            r/s     w/s     rMB/s     wMB/s   rrqm/s   wrqm/s  %rrqm  %wrqm r_await w_await aqu-sz rareq-sz wareq-sz  svctm  %util
sdb           8962.00 3634.00     35.01     57.22     0.00 11045.00   0.00  75.24    0.47    0.40   0.00     4.00    16.12   0.08 100.00

2021년 10월 04일 17시 30분 36초
avg-cpu:  %user   %nice %system %iowait  %steal   %idle
           0.19    0.00    7.91    4.71    0.00   87.19

Device            r/s     w/s     rMB/s     wMB/s   rrqm/s   wrqm/s  %rrqm  %wrqm r_await w_await aqu-sz rareq-sz wareq-sz  svctm  %util
sdb           8645.00 3400.00     33.77     57.36     0.00 11207.00   0.00  76.72    0.50    0.43   0.10     4.00    17.28   0.08  98.80

2021년 10월 04일 17시 30분 37초
avg-cpu:  %user   %nice %system %iowait  %steal   %idle
           0.13    0.00    7.11    4.76    0.00   88.01

Device            r/s     w/s     rMB/s     wMB/s   rrqm/s   wrqm/s  %rrqm  %wrqm r_await w_await aqu-sz rareq-sz wareq-sz  svctm  %util
sdb           8788.00 3425.00     34.32     59.89     0.00 11835.00   0.00  77.56    0.48    0.42   0.00     4.00    17.90   0.08 100.00

2021년 10월 04일 17시 30분 38초
avg-cpu:  %user   %nice %system %iowait  %steal   %idle
           0.19    0.00    7.52    4.80    0.00   87.48

Device            r/s     w/s     rMB/s     wMB/s   rrqm/s   wrqm/s  %rrqm  %wrqm r_await w_await aqu-sz rareq-sz wareq-sz  svctm  %util
sdb           8539.00 3392.00     33.36     57.82     0.00 11303.00   0.00  76.92    0.51    0.43   0.13     4.00    17.46   0.08  98.80

2021년 10월 04일 17시 30분 39초
avg-cpu:  %user   %nice %system %iowait  %steal   %idle
           0.19    0.00    6.80    4.57    0.00   88.44

Device            r/s     w/s     rMB/s     wMB/s   rrqm/s   wrqm/s  %rrqm  %wrqm r_await w_await aqu-sz rareq-sz wareq-sz  svctm  %util
sdb           8361.00 3419.00     32.66     57.82     0.00 11336.00   0.00  76.83    0.49    0.42   0.00     4.00    17.32   0.08 100.00

2021년 10월 04일 17시 30분 40초
avg-cpu:  %user   %nice %system %iowait  %steal   %idle
           0.19    0.00    6.27    4.55    0.00   88.99

Device            r/s     w/s     rMB/s     wMB/s   rrqm/s   wrqm/s  %rrqm  %wrqm r_await w_await aqu-sz rareq-sz wareq-sz  svctm  %util
sdb           8364.00 3342.00     32.67     57.63     0.00 11354.00   0.00  77.26    0.51    0.43   0.00     4.00    17.66   0.09 100.00

2021년 10월 04일 17시 30분 41초
avg-cpu:  %user   %nice %system %iowait  %steal   %idle
           0.25    0.00    6.96    5.13    0.00   87.66

Device            r/s     w/s     rMB/s     wMB/s   rrqm/s   wrqm/s  %rrqm  %wrqm r_await w_await aqu-sz rareq-sz wareq-sz  svctm  %util
sdb           8314.00 3297.00     32.48     56.95     0.00 11235.00   0.00  77.31    0.51    0.44   0.16     4.00    17.69   0.08  98.40

2021년 10월 04일 17시 30분 42초
avg-cpu:  %user   %nice %system %iowait  %steal   %idle
           0.06    0.00    7.58    4.80    0.00   87.56

Device            r/s     w/s     rMB/s     wMB/s   rrqm/s   wrqm/s  %rrqm  %wrqm r_await w_await aqu-sz rareq-sz wareq-sz  svctm  %util
sdb           8642.00 3390.00     33.76     58.39     0.00 11482.00   0.00  77.21    0.49    0.43   0.00     4.00    17.64   0.08 100.00

2021년 10월 04일 17시 30분 43초
avg-cpu:  %user   %nice %system %iowait  %steal   %idle
           0.13    0.00    7.44    4.67    0.00   87.76

Device            r/s     w/s     rMB/s     wMB/s   rrqm/s   wrqm/s  %rrqm  %wrqm r_await w_await aqu-sz rareq-sz wareq-sz  svctm  %util
sdb           8567.00 3306.00     33.46     57.98     0.00 11428.00   0.00  77.56    0.50    0.42   0.10     4.00    17.96   0.08  98.40

2021년 10월 04일 17시 30분 44초
avg-cpu:  %user   %nice %system %iowait  %steal   %idle
           0.19    0.00    7.57    4.54    0.00   87.70

Device            r/s     w/s     rMB/s     wMB/s   rrqm/s   wrqm/s  %rrqm  %wrqm r_await w_await aqu-sz rareq-sz wareq-sz  svctm  %util
sdb           8476.00 3432.00     33.11     58.47     0.00 11487.00   0.00  77.00    0.49    0.42   0.00     4.00    17.45   0.08 100.00

2021년 10월 04일 17시 30분 45초
avg-cpu:  %user   %nice %system %iowait  %steal   %idle
           0.06    0.00    7.76    4.41    0.00   87.77

Device            r/s     w/s     rMB/s     wMB/s   rrqm/s   wrqm/s  %rrqm  %wrqm r_await w_await aqu-sz rareq-sz wareq-sz  svctm  %util
sdb           8622.00 3424.00     33.68     58.56     0.00 11434.00   0.00  76.96    0.50    0.42   0.00     4.00    17.51   0.08 100.00

2021년 10월 04일 17시 30분 46초
avg-cpu:  %user   %nice %system %iowait  %steal   %idle
           0.06    0.00    6.69    5.35    0.00   87.90

Device            r/s     w/s     rMB/s     wMB/s   rrqm/s   wrqm/s  %rrqm  %wrqm r_await w_await aqu-sz rareq-sz wareq-sz  svctm  %util
sdb           8750.00 3363.00     34.18     58.62     0.00 11633.00   0.00  77.57    0.48    0.43   0.07     4.00    17.85   0.08  98.40

2021년 10월 04일 17시 30분 47초
avg-cpu:  %user   %nice %system %iowait  %steal   %idle
           0.25    0.00    8.20    4.38    0.00   87.17

Device            r/s     w/s     rMB/s     wMB/s   rrqm/s   wrqm/s  %rrqm  %wrqm r_await w_await aqu-sz rareq-sz wareq-sz  svctm  %util
sdb           8447.00 3483.00     33.00     58.50     0.00 11432.00   0.00  76.65    0.49    0.42   0.00     4.00    17.20   0.08 100.00

2021년 10월 04일 17시 30분 48초
avg-cpu:  %user   %nice %system %iowait  %steal   %idle
           0.19    0.00    7.85    4.84    0.00   87.12

Device            r/s     w/s     rMB/s     wMB/s   rrqm/s   wrqm/s  %rrqm  %wrqm r_await w_await aqu-sz rareq-sz wareq-sz  svctm  %util
sdb           8329.00 3395.00     32.54     57.25     0.00 11131.00   0.00  76.63    0.50    0.43   0.14     4.00    17.27   0.08  98.00

2021년 10월 04일 17시 30분 49초
avg-cpu:  %user   %nice %system %iowait  %steal   %idle
           0.13    0.00    8.32    4.07    0.00   87.48

Device            r/s     w/s     rMB/s     wMB/s   rrqm/s   wrqm/s  %rrqm  %wrqm r_await w_await aqu-sz rareq-sz wareq-sz  svctm  %util
sdb           8316.00 3515.00     32.48     58.01     0.00 11291.00   0.00  76.26    0.50    0.42   0.00     4.00    16.90   0.08 100.00

2021년 10월 04일 17시 30분 50초
avg-cpu:  %user   %nice %system %iowait  %steal   %idle
           0.13    0.00    7.71    4.55    0.00   87.62

Device            r/s     w/s     rMB/s     wMB/s   rrqm/s   wrqm/s  %rrqm  %wrqm r_await w_await aqu-sz rareq-sz wareq-sz  svctm  %util
sdb           8737.00 3407.00     34.13     59.42     0.00 11719.00   0.00  77.48    0.49    0.43   0.00     4.00    17.86   0.08 100.00

2021년 10월 04일 17시 30분 51초
avg-cpu:  %user   %nice %system %iowait  %steal   %idle
           0.19    0.00    7.38    4.54    0.00   87.89

Device            r/s     w/s     rMB/s     wMB/s   rrqm/s   wrqm/s  %rrqm  %wrqm r_await w_await aqu-sz rareq-sz wareq-sz  svctm  %util
sdb           8311.00 3423.00     32.46     55.84     0.00 10916.00   0.00  76.13    0.51    0.43   0.12     4.00    16.71   0.08  98.40

2021년 10월 04일 17시 30분 52초
avg-cpu:  %user   %nice %system %iowait  %steal   %idle
           0.19    0.00    6.75    4.65    0.00   88.41

Device            r/s     w/s     rMB/s     wMB/s   rrqm/s   wrqm/s  %rrqm  %wrqm r_await w_await aqu-sz rareq-sz wareq-sz  svctm  %util
sdb           8649.00 3562.00     33.78     64.68     0.00 12962.00   0.00  78.44    0.50    0.50   0.19     4.00    18.60   0.08 100.00

2021년 10월 04일 17시 30분 53초
avg-cpu:  %user   %nice %system %iowait  %steal   %idle
           0.06    0.00    6.25    5.04    0.00   88.64

Device            r/s     w/s     rMB/s     wMB/s   rrqm/s   wrqm/s  %rrqm  %wrqm r_await w_await aqu-sz rareq-sz wareq-sz  svctm  %util
sdb           8609.00 3451.00     33.63     56.01     0.00 10933.00   0.00  76.01    0.50    0.43   0.14     4.00    16.62   0.08  98.40

2021년 10월 04일 17시 30분 54초
avg-cpu:  %user   %nice %system %iowait  %steal   %idle
           0.13    0.00    7.12    4.51    0.00   88.25

Device            r/s     w/s     rMB/s     wMB/s   rrqm/s   wrqm/s  %rrqm  %wrqm r_await w_await aqu-sz rareq-sz wareq-sz  svctm  %util
sdb           8376.00 3518.00     32.72     56.99     0.00 11092.00   0.00  75.92    0.51    0.43   0.00     4.00    16.59   0.08 100.00

2021년 10월 04일 17시 30분 55초
avg-cpu:  %user   %nice %system %iowait  %steal   %idle
           0.19    0.00    8.62    4.31    0.00   86.88

Device            r/s     w/s     rMB/s     wMB/s   rrqm/s   wrqm/s  %rrqm  %wrqm r_await w_await aqu-sz rareq-sz wareq-sz  svctm  %util
sdb           8818.00 3451.00     34.45     57.46     0.00 11244.00   0.00  76.52    0.48    0.42   0.00     4.00    17.05   0.08 100.00

2021년 10월 04일 17시 30분 56초
avg-cpu:  %user   %nice %system %iowait  %steal   %idle
           0.25    0.00    6.43    4.97    0.00   88.34

Device            r/s     w/s     rMB/s     wMB/s   rrqm/s   wrqm/s  %rrqm  %wrqm r_await w_await aqu-sz rareq-sz wareq-sz  svctm  %util
sdb           8510.00 3333.00     33.24     55.46     0.00 10740.00   0.00  76.32    0.49    0.41   0.12     4.00    17.04   0.08  98.40

2021년 10월 04일 17시 30분 57초
avg-cpu:  %user   %nice %system %iowait  %steal   %idle
           0.19    0.00    7.21    4.87    0.00   87.73

Device            r/s     w/s     rMB/s     wMB/s   rrqm/s   wrqm/s  %rrqm  %wrqm r_await w_await aqu-sz rareq-sz wareq-sz  svctm  %util
sdb           8625.00 3401.00     33.69     56.54     0.00 11046.00   0.00  76.46    0.50    0.41   0.00     4.00    17.02   0.08 100.00

2021년 10월 04일 17시 30분 58초
avg-cpu:  %user   %nice %system %iowait  %steal   %idle
           0.19    0.00    9.38    4.26    0.00   86.17

Device            r/s     w/s     rMB/s     wMB/s   rrqm/s   wrqm/s  %rrqm  %wrqm r_await w_await aqu-sz rareq-sz wareq-sz  svctm  %util
sdb           8270.00 3400.00     32.31     54.86     1.00 10651.00   0.01  75.80    0.51    0.42   0.16     4.00    16.52   0.08  98.40

2021년 10월 04일 17시 30분 59초
avg-cpu:  %user   %nice %system %iowait  %steal   %idle
           0.13    0.00    8.04    4.21    0.00   87.63

Device            r/s     w/s     rMB/s     wMB/s   rrqm/s   wrqm/s  %rrqm  %wrqm r_await w_await aqu-sz rareq-sz wareq-sz  svctm  %util
sdb           8416.00 3457.00     32.88     56.50     0.00 11013.00   0.00  76.11    0.51    0.43   0.00     4.00    16.74   0.08 100.00

2021년 10월 04일 17시 31분 00초
avg-cpu:  %user   %nice %system %iowait  %steal   %idle
           0.06    0.00    7.27    4.36    0.00   88.30

Device            r/s     w/s     rMB/s     wMB/s   rrqm/s   wrqm/s  %rrqm  %wrqm r_await w_await aqu-sz rareq-sz wareq-sz  svctm  %util
sdb           8401.00 3479.00     32.82     56.29     0.00 10914.00   0.00  75.83    0.51    0.42   0.00     4.00    16.57   0.08 100.00

2021년 10월 04일 17시 31분 01초
avg-cpu:  %user   %nice %system %iowait  %steal   %idle
           0.31    0.00    7.95    5.45    0.00   86.29

Device            r/s     w/s     rMB/s     wMB/s   rrqm/s   wrqm/s  %rrqm  %wrqm r_await w_await aqu-sz rareq-sz wareq-sz  svctm  %util
sdb           8405.00 3407.00     32.83     56.34     0.00 10986.00   0.00  76.33    0.51    0.43   0.16     4.00    16.93   0.08  98.40

2021년 10월 04일 17시 31분 02초
avg-cpu:  %user   %nice %system %iowait  %steal   %idle
           0.06    0.00    6.87    4.77    0.00   88.30

Device            r/s     w/s     rMB/s     wMB/s   rrqm/s   wrqm/s  %rrqm  %wrqm r_await w_await aqu-sz rareq-sz wareq-sz  svctm  %util
sdb           8539.00 3425.00     33.36     58.13     0.00 11349.00   0.00  76.82    0.49    0.42   0.00     4.00    17.38   0.08 100.00

2021년 10월 04일 17시 31분 03초
avg-cpu:  %user   %nice %system %iowait  %steal   %idle
           0.00    0.00    8.34    4.76    0.00   86.90

Device            r/s     w/s     rMB/s     wMB/s   rrqm/s   wrqm/s  %rrqm  %wrqm r_await w_await aqu-sz rareq-sz wareq-sz  svctm  %util
sdb           8586.00 3415.00     33.54     57.24     0.00 11166.00   0.00  76.58    0.51    0.43   0.10     4.00    17.16   0.08  98.40

2021년 10월 04일 17시 31분 04초
avg-cpu:  %user   %nice %system %iowait  %steal   %idle
           0.13    0.00    6.69    4.84    0.00   88.34

Device            r/s     w/s     rMB/s     wMB/s   rrqm/s   wrqm/s  %rrqm  %wrqm r_await w_await aqu-sz rareq-sz wareq-sz  svctm  %util
sdb           8646.00 3423.00     33.77     57.20     0.00 11160.00   0.00  76.53    0.49    0.42   0.00     4.00    17.11   0.08 100.00

2021년 10월 04일 17시 31분 05초
avg-cpu:  %user   %nice %system %iowait  %steal   %idle
           0.06    0.00    7.06    4.33    0.00   88.55

Device            r/s     w/s     rMB/s     wMB/s   rrqm/s   wrqm/s  %rrqm  %wrqm r_await w_await aqu-sz rareq-sz wareq-sz  svctm  %util
sdb           8560.00 3458.00     33.44     57.99     0.00 11341.00   0.00  76.63    0.50    0.41   0.00     4.00    17.17   0.08 100.40

2021년 10월 04일 17시 31분 06초
avg-cpu:  %user   %nice %system %iowait  %steal   %idle
           0.51    0.00    7.08    5.25    0.00   87.17

Device            r/s     w/s     rMB/s     wMB/s   rrqm/s   wrqm/s  %rrqm  %wrqm r_await w_await aqu-sz rareq-sz wareq-sz  svctm  %util
sdb           8595.00 3369.00     33.57     56.26     0.00 10976.00   0.00  76.51    0.50    0.42   0.16     4.00    17.10   0.08  98.40

2021년 10월 04일 17시 31분 07초
avg-cpu:  %user   %nice %system %iowait  %steal   %idle
           0.13    0.00    8.10    4.58    0.00   87.19

Device            r/s     w/s     rMB/s     wMB/s   rrqm/s   wrqm/s  %rrqm  %wrqm r_await w_await aqu-sz rareq-sz wareq-sz  svctm  %util
sdb           8375.00 3453.00     32.71     56.97     0.00 11120.00   0.00  76.31    0.50    0.42   0.00     4.00    16.89   0.08 100.00

2021년 10월 04일 17시 31분 08초
avg-cpu:  %user   %nice %system %iowait  %steal   %idle
           0.25    0.00    7.58    4.99    0.00   87.18

Device            r/s     w/s     rMB/s     wMB/s   rrqm/s   wrqm/s  %rrqm  %wrqm r_await w_await aqu-sz rareq-sz wareq-sz  svctm  %util
sdb           8338.00 3427.00     32.57     55.81     0.00 10832.00   0.00  75.97    0.51    0.42   0.14     4.00    16.68   0.08  98.40

2021년 10월 04일 17시 31분 09초
avg-cpu:  %user   %nice %system %iowait  %steal   %idle
           0.13    0.00    8.54    4.46    0.00   86.87

Device            r/s     w/s     rMB/s     wMB/s   rrqm/s   wrqm/s  %rrqm  %wrqm r_await w_await aqu-sz rareq-sz wareq-sz  svctm  %util
sdb           8647.00 3512.00     33.78     57.69     0.00 11237.00   0.00  76.19    0.50    0.41   0.00     4.00    16.82   0.08 100.00

2021년 10월 04일 17시 31분 10초
avg-cpu:  %user   %nice %system %iowait  %steal   %idle
           0.19    0.00    7.58    4.29    0.00   87.94

Device            r/s     w/s     rMB/s     wMB/s   rrqm/s   wrqm/s  %rrqm  %wrqm r_await w_await aqu-sz rareq-sz wareq-sz  svctm  %util
sdb           8571.00 3476.00     33.48     57.27     0.00 11197.00   0.00  76.31    0.50    0.42   0.00     4.00    16.87   0.08 100.00

2021년 10월 04일 17시 31분 11초
avg-cpu:  %user   %nice %system %iowait  %steal   %idle
           0.94    0.00    7.29    5.15    0.00   86.61

Device            r/s     w/s     rMB/s     wMB/s   rrqm/s   wrqm/s  %rrqm  %wrqm r_await w_await aqu-sz rareq-sz wareq-sz  svctm  %util
sdb           9284.00 3278.00     36.24     57.84     0.00 11044.00   0.00  77.11    0.49    0.45   0.14     4.00    18.07   0.08  98.40

2021년 10월 04일 17시 31분 12초
avg-cpu:  %user   %nice %system %iowait  %steal   %idle
           0.19    0.00    6.76    4.65    0.00   88.40

Device            r/s     w/s     rMB/s     wMB/s   rrqm/s   wrqm/s  %rrqm  %wrqm r_await w_await aqu-sz rareq-sz wareq-sz  svctm  %util
sdb           8902.00 3457.00     34.77     57.85     0.00 11382.00   0.00  76.70    0.48    0.41   0.00     4.00    17.14   0.08 100.00

2021년 10월 04일 17시 31분 13초
avg-cpu:  %user   %nice %system %iowait  %steal   %idle
           0.13    0.00    7.40    4.74    0.00   87.73

Device            r/s     w/s     rMB/s     wMB/s   rrqm/s   wrqm/s  %rrqm  %wrqm r_await w_await aqu-sz rareq-sz wareq-sz  svctm  %util
sdb           8412.00 3321.00     32.86     57.73     0.00 11412.00   0.00  77.46    0.51    0.43   0.14     4.00    17.80   0.08  98.00

2021년 10월 04일 17시 31분 14초
avg-cpu:  %user   %nice %system %iowait  %steal   %idle
           0.06    0.00    7.86    4.53    0.00   87.55

Device            r/s     w/s     rMB/s     wMB/s   rrqm/s   wrqm/s  %rrqm  %wrqm r_await w_await aqu-sz rareq-sz wareq-sz  svctm  %util
sdb           8566.00 3485.00     33.46     58.63     0.00 11507.00   0.00  76.75    0.50    0.40   0.00     4.00    17.23   0.08 100.00

2021년 10월 04일 17시 31분 15초
avg-cpu:  %user   %nice %system %iowait  %steal   %idle
           0.19    0.00    8.50    4.50    0.00   86.81

Device            r/s     w/s     rMB/s     wMB/s   rrqm/s   wrqm/s  %rrqm  %wrqm r_await w_await aqu-sz rareq-sz wareq-sz  svctm  %util
sdb           8523.00 3435.00     33.29     58.46     0.00 11526.00   0.00  77.04    0.50    0.42   0.00     4.00    17.43   0.08 100.00

2021년 10월 04일 17시 31분 16초
avg-cpu:  %user   %nice %system %iowait  %steal   %idle
           0.13    0.00    8.16    4.96    0.00   86.76

Device            r/s     w/s     rMB/s     wMB/s   rrqm/s   wrqm/s  %rrqm  %wrqm r_await w_await aqu-sz rareq-sz wareq-sz  svctm  %util
sdb           8348.00 3354.00     32.61     56.29     0.00 11006.00   0.00  76.64    0.51    0.42   0.16     4.00    17.19   0.08  98.00

2021년 10월 04일 17시 31분 17초
avg-cpu:  %user   %nice %system %iowait  %steal   %idle
           0.19    0.00    7.63    4.29    0.00   87.89

Device            r/s     w/s     rMB/s     wMB/s   rrqm/s   wrqm/s  %rrqm  %wrqm r_await w_await aqu-sz rareq-sz wareq-sz  svctm  %util
sdb           8360.00 3511.00     32.66     56.32     0.00 10906.00   0.00  75.65    0.50    0.41   0.00     4.00    16.42   0.08 100.00

2021년 10월 04일 17시 31분 18초
avg-cpu:  %user   %nice %system %iowait  %steal   %idle
           0.19    0.00    7.74    4.59    0.00   87.48

Device            r/s     w/s     rMB/s     wMB/s   rrqm/s   wrqm/s  %rrqm  %wrqm r_await w_await aqu-sz rareq-sz wareq-sz  svctm  %util
sdb           8329.00 3485.00     32.54     56.26     0.00 10884.00   0.00  75.75    0.50    0.41   0.12     4.00    16.53   0.08  98.40

2021년 10월 04일 17시 31분 19초
avg-cpu:  %user   %nice %system %iowait  %steal   %idle
           0.19    0.00    8.27    4.76    0.00   86.78

Device            r/s     w/s     rMB/s     wMB/s   rrqm/s   wrqm/s  %rrqm  %wrqm r_await w_await aqu-sz rareq-sz wareq-sz  svctm  %util
sdb           8376.00 3465.00     32.72     56.25     0.00 10833.00   0.00  75.77    0.50    0.42   0.00     4.00    16.62   0.08 100.00

2021년 10월 04일 17시 31분 20초
avg-cpu:  %user   %nice %system %iowait  %steal   %idle
           0.06    0.00    8.35    4.71    0.00   86.88

Device            r/s     w/s     rMB/s     wMB/s   rrqm/s   wrqm/s  %rrqm  %wrqm r_await w_await aqu-sz rareq-sz wareq-sz  svctm  %util
sdb           8908.00 3483.00     34.80     58.59     0.00 11392.00   0.00  76.58    0.48    0.41   0.01     4.00    17.23   0.08 100.00

2021년 10월 04일 17시 31분 21초
avg-cpu:  %user   %nice %system %iowait  %steal   %idle
           0.19    0.00    7.97    5.21    0.00   86.63

Device            r/s     w/s     rMB/s     wMB/s   rrqm/s   wrqm/s  %rrqm  %wrqm r_await w_await aqu-sz rareq-sz wareq-sz  svctm  %util
sdb           8309.00 3324.00     32.46     55.40     0.00 10853.00   0.00  76.55    0.51    0.43   0.16     4.00    17.07   0.08  98.40

2021년 10월 04일 17시 31분 22초
avg-cpu:  %user   %nice %system %iowait  %steal   %idle
           0.13    0.00    7.53    4.68    0.00   87.66

Device            r/s     w/s     rMB/s     wMB/s   rrqm/s   wrqm/s  %rrqm  %wrqm r_await w_await aqu-sz rareq-sz wareq-sz  svctm  %util
sdb           8378.00 3537.00     32.73     64.46     0.00 12864.00   0.00  78.43    0.51    0.51   0.21     4.00    18.66   0.08 100.00

2021년 10월 04일 17시 31분 23초
avg-cpu:  %user   %nice %system %iowait  %steal   %idle
           0.25    0.00    7.74    4.91    0.00   87.11

Device            r/s     w/s     rMB/s     wMB/s   rrqm/s   wrqm/s  %rrqm  %wrqm r_await w_await aqu-sz rareq-sz wareq-sz  svctm  %util
sdb           8499.00 3395.00     33.20     56.15     0.00 10959.00   0.00  76.35    0.51    0.42   0.10     4.00    16.94   0.08  98.40

2021년 10월 04일 17시 31분 24초
avg-cpu:  %user   %nice %system %iowait  %steal   %idle
           0.19    0.00    8.29    4.65    0.00   86.88

Device            r/s     w/s     rMB/s     wMB/s   rrqm/s   wrqm/s  %rrqm  %wrqm r_await w_await aqu-sz rareq-sz wareq-sz  svctm  %util
sdb           8645.00 3479.00     33.77     57.18     0.00 11108.00   0.00  76.15    0.49    0.41   0.00     4.00    16.83   0.08 100.00

2021년 10월 04일 17시 31분 25초
avg-cpu:  %user   %nice %system %iowait  %steal   %idle
           0.19    0.00    7.15    4.30    0.00   88.36

Device            r/s     w/s     rMB/s     wMB/s   rrqm/s   wrqm/s  %rrqm  %wrqm r_await w_await aqu-sz rareq-sz wareq-sz  svctm  %util
sdb           8300.00 3407.00     32.42     56.55     0.00 11093.00   0.00  76.50    0.50    0.42   0.00     4.00    17.00   0.09 100.00

2021년 10월 04일 17시 31분 26초
avg-cpu:  %user   %nice %system %iowait  %steal   %idle
           0.06    0.00    7.58    4.73    0.00   87.63

Device            r/s     w/s     rMB/s     wMB/s   rrqm/s   wrqm/s  %rrqm  %wrqm r_await w_await aqu-sz rareq-sz wareq-sz  svctm  %util
sdb           8446.00 3385.00     32.99     57.16     0.00 11266.00   0.00  76.90    0.51    0.44   0.12     4.00    17.29   0.08  98.00

2021년 10월 04일 17시 31분 27초
avg-cpu:  %user   %nice %system %iowait  %steal   %idle
           0.06    0.00    7.52    4.61    0.00   87.80

Device            r/s     w/s     rMB/s     wMB/s   rrqm/s   wrqm/s  %rrqm  %wrqm r_await w_await aqu-sz rareq-sz wareq-sz  svctm  %util
sdb           8771.00 3528.00     34.27     58.66     0.00 11552.00   0.00  76.60    0.49    0.41   0.00     4.00    17.03   0.08 100.00

2021년 10월 04일 17시 31분 28초
avg-cpu:  %user   %nice %system %iowait  %steal   %idle
           0.25    0.00    8.49    5.37    0.00   85.89

Device            r/s     w/s     rMB/s     wMB/s   rrqm/s   wrqm/s  %rrqm  %wrqm r_await w_await aqu-sz rareq-sz wareq-sz  svctm  %util
sdb           8634.00 3413.00     33.72     57.57     0.00 11316.00   0.00  76.83    0.49    0.43   0.14     4.00    17.27   0.08  98.40

2021년 10월 04일 17시 31분 29초
avg-cpu:  %user   %nice %system %iowait  %steal   %idle
           0.19    0.00    7.87    4.60    0.00   87.34

Device            r/s     w/s     rMB/s     wMB/s   rrqm/s   wrqm/s  %rrqm  %wrqm r_await w_await aqu-sz rareq-sz wareq-sz  svctm  %util
sdb           8626.00 3480.00     33.70     57.90     0.00 11343.00   0.00  76.52    0.49    0.42   0.00     4.00    17.04   0.08 100.00

2021년 10월 04일 17시 31분 30초
avg-cpu:  %user   %nice %system %iowait  %steal   %idle
           0.13    0.00    7.87    4.28    0.00   87.73

Device            r/s     w/s     rMB/s     wMB/s   rrqm/s   wrqm/s  %rrqm  %wrqm r_await w_await aqu-sz rareq-sz wareq-sz  svctm  %util
sdb           8555.00 3404.00     33.42     57.93     0.00 11406.00   0.00  77.02    0.50    0.43   0.00     4.00    17.43   0.08 100.00

2021년 10월 04일 17시 31분 31초
avg-cpu:  %user   %nice %system %iowait  %steal   %idle
           0.19    0.00    7.03    4.75    0.00   88.02

Device            r/s     w/s     rMB/s     wMB/s   rrqm/s   wrqm/s  %rrqm  %wrqm r_await w_await aqu-sz rareq-sz wareq-sz  svctm  %util
sdb           8246.00 3359.00     32.21     56.58     0.00 11100.00   0.00  76.77    0.52    0.43   0.12     4.00    17.25   0.08  98.40

2021년 10월 04일 17시 31분 32초
avg-cpu:  %user   %nice %system %iowait  %steal   %idle
           0.25    0.00    7.04    4.95    0.00   87.75

Device            r/s     w/s     rMB/s     wMB/s   rrqm/s   wrqm/s  %rrqm  %wrqm r_await w_await aqu-sz rareq-sz wareq-sz  svctm  %util
sdb           8781.00 3494.00     34.30     58.62     0.00 11424.00   0.00  76.58    0.48    0.41   0.00     4.00    17.18   0.08 100.00

2021년 10월 04일 17시 31분 33초
avg-cpu:  %user   %nice %system %iowait  %steal   %idle
           0.13    0.00    7.63    4.67    0.00   87.58

Device            r/s     w/s     rMB/s     wMB/s   rrqm/s   wrqm/s  %rrqm  %wrqm r_await w_await aqu-sz rareq-sz wareq-sz  svctm  %util
sdb           8537.00 3354.00     33.35     56.68     0.00 11163.00   0.00  76.90    0.51    0.42   0.16     4.00    17.30   0.08  98.00

2021년 10월 04일 17시 31분 34초
avg-cpu:  %user   %nice %system %iowait  %steal   %idle
           0.13    0.00    6.48    4.45    0.00   88.95

Device            r/s     w/s     rMB/s     wMB/s   rrqm/s   wrqm/s  %rrqm  %wrqm r_await w_await aqu-sz rareq-sz wareq-sz  svctm  %util
sdb           9136.00 3335.00     35.69     58.99     0.00 11168.00   0.00  77.00    0.48    0.44   0.00     4.00    18.11   0.08 100.00

2021년 10월 04일 17시 31분 35초
avg-cpu:  %user   %nice %system %iowait  %steal   %idle
           0.13    0.00    7.57    4.54    0.00   87.76

Device            r/s     w/s     rMB/s     wMB/s   rrqm/s   wrqm/s  %rrqm  %wrqm r_await w_await aqu-sz rareq-sz wareq-sz  svctm  %util
sdb           8540.00 3474.00     33.36     58.12     0.00 11343.00   0.00  76.55    0.49    0.42   0.00     4.00    17.13   0.08 100.00

2021년 10월 04일 17시 31분 36초
avg-cpu:  %user   %nice %system %iowait  %steal   %idle
           0.13    0.00    7.43    5.03    0.00   87.41

Device            r/s     w/s     rMB/s     wMB/s   rrqm/s   wrqm/s  %rrqm  %wrqm r_await w_await aqu-sz rareq-sz wareq-sz  svctm  %util
sdb           8826.00 3345.00     34.48     57.50     0.00 11166.00   0.00  76.95    0.50    0.44   0.16     4.00    17.60   0.08  98.40

2021년 10월 04일 17시 31분 37초
avg-cpu:  %user   %nice %system %iowait  %steal   %idle
           0.13    0.00    7.63    4.60    0.00   87.64

Device            r/s     w/s     rMB/s     wMB/s   rrqm/s   wrqm/s  %rrqm  %wrqm r_await w_await aqu-sz rareq-sz wareq-sz  svctm  %util
sdb           8545.00 3430.00     33.38     57.82     0.00 11302.00   0.00  76.72    0.50    0.42   0.00     4.00    17.26   0.08 100.00

2021년 10월 04일 17시 31분 38초
avg-cpu:  %user   %nice %system %iowait  %steal   %idle
           0.06    0.00    7.59    4.87    0.00   87.48

Device            r/s     w/s     rMB/s     wMB/s   rrqm/s   wrqm/s  %rrqm  %wrqm r_await w_await aqu-sz rareq-sz wareq-sz  svctm  %util
sdb           8524.00 3430.00     33.30     57.93     0.00 11335.00   0.00  76.77    0.48    0.43   0.06     4.00    17.30   0.08  98.40

2021년 10월 04일 17시 31분 39초
avg-cpu:  %user   %nice %system %iowait  %steal   %idle
           0.19    0.00    7.57    4.98    0.00   87.26

Device            r/s     w/s     rMB/s     wMB/s   rrqm/s   wrqm/s  %rrqm  %wrqm r_await w_await aqu-sz rareq-sz wareq-sz  svctm  %util
sdb           8409.00 3415.00     32.85     56.74     0.00 11132.00   0.00  76.52    0.51    0.43   0.00     4.00    17.01   0.08 100.00

2021년 10월 04일 17시 31분 40초
avg-cpu:  %user   %nice %system %iowait  %steal   %idle
           0.19    0.00    7.51    4.92    0.00   87.37

Device            r/s     w/s     rMB/s     wMB/s   rrqm/s   wrqm/s  %rrqm  %wrqm r_await w_await aqu-sz rareq-sz wareq-sz  svctm  %util
sdb           8713.00 3472.00     34.04     58.80     0.00 11530.00   0.00  76.86    0.49    0.41   0.00     4.00    17.34   0.08 100.00

2021년 10월 04일 17시 31분 41초
avg-cpu:  %user   %nice %system %iowait  %steal   %idle
           0.25    0.00    7.68    5.04    0.00   87.03

Device            r/s     w/s     rMB/s     wMB/s   rrqm/s   wrqm/s  %rrqm  %wrqm r_await w_await aqu-sz rareq-sz wareq-sz  svctm  %util
sdb           8437.00 3410.00     32.96     56.93     0.00 11200.00   0.00  76.66    0.50    0.42   0.12     4.00    17.10   0.08  98.00

2021년 10월 04일 17시 31분 42초
avg-cpu:  %user   %nice %system %iowait  %steal   %idle
           0.25    0.00    7.06    4.39    0.00   88.30

Device            r/s     w/s     rMB/s     wMB/s   rrqm/s   wrqm/s  %rrqm  %wrqm r_await w_await aqu-sz rareq-sz wareq-sz  svctm  %util
sdb           8864.00 3470.00     34.62     58.87     0.00 11609.00   0.00  76.99    0.48    0.41   0.00     4.00    17.37   0.08 100.00

2021년 10월 04일 17시 31분 43초
avg-cpu:  %user   %nice %system %iowait  %steal   %idle
           0.13    0.00    7.63    4.92    0.00   87.32

Device            r/s     w/s     rMB/s     wMB/s   rrqm/s   wrqm/s  %rrqm  %wrqm r_await w_await aqu-sz rareq-sz wareq-sz  svctm  %util
sdb           8391.00 3373.00     32.78     56.73     0.00 11181.00   0.00  76.82    0.52    0.42   0.16     4.00    17.22   0.08  98.40

2021년 10월 04일 17시 31분 44초
avg-cpu:  %user   %nice %system %iowait  %steal   %idle
           0.19    0.00    7.46    4.87    0.00   87.48

Device            r/s     w/s     rMB/s     wMB/s   rrqm/s   wrqm/s  %rrqm  %wrqm r_await w_await aqu-sz rareq-sz wareq-sz  svctm  %util
sdb           8492.00 3371.00     33.17     57.65     0.00 11321.00   0.00  77.06    0.50    0.43   0.00     4.00    17.51   0.08 100.00

2021년 10월 04일 17시 31분 45초
avg-cpu:  %user   %nice %system %iowait  %steal   %idle
           0.13    0.00    7.91    4.58    0.00   87.38

Device            r/s     w/s     rMB/s     wMB/s   rrqm/s   wrqm/s  %rrqm  %wrqm r_await w_await aqu-sz rareq-sz wareq-sz  svctm  %util
sdb           8327.00 3364.00     32.53     57.11     0.00 11295.00   0.00  77.05    0.50    0.41   0.00     4.00    17.38   0.09 100.00

2021년 10월 04일 17시 31분 46초
avg-cpu:  %user   %nice %system %iowait  %steal   %idle
           0.19    0.00    7.74    5.35    0.00   86.73

Device            r/s     w/s     rMB/s     wMB/s   rrqm/s   wrqm/s  %rrqm  %wrqm r_await w_await aqu-sz rareq-sz wareq-sz  svctm  %util
sdb           8400.00 3387.00     32.81     57.14     0.00 11205.00   0.00  76.79    0.51    0.43   0.12     4.00    17.28   0.08  98.40

2021년 10월 04일 17시 31분 47초
avg-cpu:  %user   %nice %system %iowait  %steal   %idle
           0.13    0.00    6.55    4.51    0.00   88.81

Device            r/s     w/s     rMB/s     wMB/s   rrqm/s   wrqm/s  %rrqm  %wrqm r_await w_await aqu-sz rareq-sz wareq-sz  svctm  %util
sdb           8202.00 3377.00     32.04     57.12     0.00 11215.00   0.00  76.86    0.52    0.42   0.00     4.00    17.32   0.09 100.00

2021년 10월 04일 17시 31분 48초
avg-cpu:  %user   %nice %system %iowait  %steal   %idle
           0.25    0.00    6.52    6.21    0.00   87.01

Device            r/s     w/s     rMB/s     wMB/s   rrqm/s   wrqm/s  %rrqm  %wrqm r_await w_await aqu-sz rareq-sz wareq-sz  svctm  %util
sdb           11207.00 2896.00     43.78     63.87     0.00 11145.00   0.00  79.37    0.44    0.46   0.16     4.00    22.58   0.07  98.40

2021년 10월 04일 17시 31분 49초
avg-cpu:  %user   %nice %system %iowait  %steal   %idle
           0.13    0.00    7.11    4.57    0.00   88.19

Device            r/s     w/s     rMB/s     wMB/s   rrqm/s   wrqm/s  %rrqm  %wrqm r_await w_await aqu-sz rareq-sz wareq-sz  svctm  %util
sdb           8700.00 3466.00     33.98     58.69     0.00 11498.00   0.00  76.84    0.49    0.42   0.00     4.00    17.34   0.08 100.00

2021년 10월 04일 17시 31분 50초
avg-cpu:  %user   %nice %system %iowait  %steal   %idle
           0.19    0.00    8.78    4.36    0.00   86.67

Device            r/s     w/s     rMB/s     wMB/s   rrqm/s   wrqm/s  %rrqm  %wrqm r_await w_await aqu-sz rareq-sz wareq-sz  svctm  %util
sdb           8470.00 3420.00     33.09     58.70     0.00 11562.00   0.00  77.17    0.51    0.42   0.00     4.00    17.58   0.08 100.00

2021년 10월 04일 17시 31분 51초
avg-cpu:  %user   %nice %system %iowait  %steal   %idle
           0.19    0.00    7.80    4.66    0.00   87.35

Device            r/s     w/s     rMB/s     wMB/s   rrqm/s   wrqm/s  %rrqm  %wrqm r_await w_await aqu-sz rareq-sz wareq-sz  svctm  %util
sdb           8480.00 3403.00     33.12     57.75     0.00 11345.00   0.00  76.93    0.50    0.43   0.12     4.00    17.38   0.08  98.40

2021년 10월 04일 17시 31분 52초
avg-cpu:  %user   %nice %system %iowait  %steal   %idle
           0.19    0.00    7.18    4.64    0.00   87.99

Device            r/s     w/s     rMB/s     wMB/s   rrqm/s   wrqm/s  %rrqm  %wrqm r_await w_await aqu-sz rareq-sz wareq-sz  svctm  %util
sdb           8858.00 3440.00     34.60     59.42     0.00 11685.00   0.00  77.26    0.49    0.42   0.00     4.00    17.69   0.08 100.00

2021년 10월 04일 17시 31분 53초
avg-cpu:  %user   %nice %system %iowait  %steal   %idle
           0.19    0.00    8.19    5.32    0.00   86.30

Device            r/s     w/s     rMB/s     wMB/s   rrqm/s   wrqm/s  %rrqm  %wrqm r_await w_await aqu-sz rareq-sz wareq-sz  svctm  %util
sdb           8218.00 3507.00     32.11     63.66     2.00 12758.00   0.02  78.44    0.52    0.51   0.32     4.00    18.59   0.08  98.40

2021년 10월 04일 17시 31분 54초
avg-cpu:  %user   %nice %system %iowait  %steal   %idle
           0.06    0.00    7.76    4.42    0.00   87.76

Device            r/s     w/s     rMB/s     wMB/s   rrqm/s   wrqm/s  %rrqm  %wrqm r_await w_await aqu-sz rareq-sz wareq-sz  svctm  %util
sdb           8721.00 3485.00     34.07     58.06     0.00 11290.00   0.00  76.41    0.49    0.42   0.00     4.00    17.06   0.08 100.00

2021년 10월 04일 17시 31분 55초
avg-cpu:  %user   %nice %system %iowait  %steal   %idle
           0.13    0.00    7.74    4.21    0.00   87.92

Device            r/s     w/s     rMB/s     wMB/s   rrqm/s   wrqm/s  %rrqm  %wrqm r_await w_await aqu-sz rareq-sz wareq-sz  svctm  %util
sdb           8428.00 3458.00     32.92     56.73     0.00 10988.00   0.00  76.06    0.50    0.41   0.00     4.00    16.80   0.08 100.00

2021년 10월 04일 17시 31분 56초
avg-cpu:  %user   %nice %system %iowait  %steal   %idle
           0.19    0.00    7.34    5.25    0.00   87.22

Device            r/s     w/s     rMB/s     wMB/s   rrqm/s   wrqm/s  %rrqm  %wrqm r_await w_await aqu-sz rareq-sz wareq-sz  svctm  %util
sdb           8470.00 3412.00     33.09     56.96     0.00 11097.00   0.00  76.48    0.51    0.42   0.14     4.00    17.09   0.08  98.40

2021년 10월 04일 17시 31분 57초
avg-cpu:  %user   %nice %system %iowait  %steal   %idle
           0.06    0.00    7.52    4.68    0.00   87.74

Device            r/s     w/s     rMB/s     wMB/s   rrqm/s   wrqm/s  %rrqm  %wrqm r_await w_await aqu-sz rareq-sz wareq-sz  svctm  %util
sdb           8475.00 3467.00     33.11     57.07     0.00 11102.00   0.00  76.20    0.51    0.41   0.00     4.00    16.86   0.08 100.00

2021년 10월 04일 17시 31분 58초
avg-cpu:  %user   %nice %system %iowait  %steal   %idle
           0.13    0.00    7.92    5.15    0.00   86.80

Device            r/s     w/s     rMB/s     wMB/s   rrqm/s   wrqm/s  %rrqm  %wrqm r_await w_await aqu-sz rareq-sz wareq-sz  svctm  %util
sdb           8172.00 3365.00     31.92     55.72     0.00 10848.00   0.00  76.32    0.52    0.42   0.12     4.00    16.96   0.09  98.40

2021년 10월 04일 17시 31분 59초
avg-cpu:  %user   %nice %system %iowait  %steal   %idle
           0.13    0.00    5.17    5.10    0.00   89.60

Device            r/s     w/s     rMB/s     wMB/s   rrqm/s   wrqm/s  %rrqm  %wrqm r_await w_await aqu-sz rareq-sz wareq-sz  svctm  %util
sdb           12811.00 2773.00     50.04     66.78     0.00 10144.00   0.00  78.53    0.40    0.50   0.01     4.00    24.66   0.06 100.00

2021년 10월 04일 17시 32분 00초
avg-cpu:  %user   %nice %system %iowait  %steal   %idle
           0.19    0.00    7.23    4.44    0.00   88.14

Device            r/s     w/s     rMB/s     wMB/s   rrqm/s   wrqm/s  %rrqm  %wrqm r_await w_await aqu-sz rareq-sz wareq-sz  svctm  %util
sdb           8843.00 3414.00     34.54     59.12     0.00 11636.00   0.00  77.32    0.48    0.42   0.00     4.00    17.73   0.08 100.00

2021년 10월 04일 17시 32분 01초
avg-cpu:  %user   %nice %system %iowait  %steal   %idle
           0.19    0.00    7.57    4.98    0.00   87.26

Device            r/s     w/s     rMB/s     wMB/s   rrqm/s   wrqm/s  %rrqm  %wrqm r_await w_await aqu-sz rareq-sz wareq-sz  svctm  %util
sdb           8415.00 3455.00     32.87     57.75     0.00 11341.00   0.00  76.65    0.49    0.41   0.10     4.00    17.12   0.08  98.40

2021년 10월 04일 17시 32분 02초
avg-cpu:  %user   %nice %system %iowait  %steal   %idle
           0.19    0.00    8.39    4.01    0.00   87.42

Device            r/s     w/s     rMB/s     wMB/s   rrqm/s   wrqm/s  %rrqm  %wrqm r_await w_await aqu-sz rareq-sz wareq-sz  svctm  %util
sdb           8468.00 3424.00     33.08     57.23     0.00 11203.00   0.00  76.59    0.50    0.42   0.00     4.00    17.11   0.08 100.00

2021년 10월 04일 17시 32분 03초
avg-cpu:  %user   %nice %system %iowait  %steal   %idle
           0.19    0.00    7.05    5.04    0.00   87.72

Device            r/s     w/s     rMB/s     wMB/s   rrqm/s   wrqm/s  %rrqm  %wrqm r_await w_await aqu-sz rareq-sz wareq-sz  svctm  %util
sdb           8925.00 3285.00     34.86     58.94     0.00 11346.00   0.00  77.55    0.48    0.45   0.15     4.00    18.37   0.08  98.40

2021년 10월 04일 17시 32분 04초
avg-cpu:  %user   %nice %system %iowait  %steal   %idle
           0.25    0.00    7.67    4.09    0.00   87.99

Device            r/s     w/s     rMB/s     wMB/s   rrqm/s   wrqm/s  %rrqm  %wrqm r_await w_await aqu-sz rareq-sz wareq-sz  svctm  %util
sdb           8266.00 3462.00     32.29     57.64     0.00 11277.00   0.00  76.51    0.51    0.42   0.00     4.00    17.05   0.09 100.00

2021년 10월 04일 17시 32분 05초
avg-cpu:  %user   %nice %system %iowait  %steal   %idle
           0.25    0.00    8.32    4.38    0.00   87.05

Device            r/s     w/s     rMB/s     wMB/s   rrqm/s   wrqm/s  %rrqm  %wrqm r_await w_await aqu-sz rareq-sz wareq-sz  svctm  %util
sdb           8562.00 3460.00     33.45     58.55     0.00 11504.00   0.00  76.88    0.49    0.41   0.00     4.00    17.33   0.08  99.20

2021년 10월 04일 17시 32분 06초
avg-cpu:  %user   %nice %system %iowait  %steal   %idle
           0.19    0.00    7.44    4.86    0.00   87.51

Device            r/s     w/s     rMB/s     wMB/s   rrqm/s   wrqm/s  %rrqm  %wrqm r_await w_await aqu-sz rareq-sz wareq-sz  svctm  %util
sdb           8500.00 3409.00     33.20     58.02     0.00 11409.00   0.00  76.99    0.49    0.43   0.08     4.00    17.43   0.08  99.20

2021년 10월 04일 17시 32분 07초
avg-cpu:  %user   %nice %system %iowait  %steal   %idle
           0.13    0.00    6.70    4.53    0.00   88.63

Device            r/s     w/s     rMB/s     wMB/s   rrqm/s   wrqm/s  %rrqm  %wrqm r_await w_await aqu-sz rareq-sz wareq-sz  svctm  %util
sdb           8527.00 3475.00     33.31     59.73     0.00 11804.00   0.00  77.26    0.50    0.41   0.00     4.00    17.60   0.08 100.00

2021년 10월 04일 17시 32분 08초
avg-cpu:  %user   %nice %system %iowait  %steal   %idle
           0.13    0.00    6.12    5.93    0.00   87.82

Device            r/s     w/s     rMB/s     wMB/s   rrqm/s   wrqm/s  %rrqm  %wrqm r_await w_await aqu-sz rareq-sz wareq-sz  svctm  %util
sdb           10263.00 3026.00     40.09     61.18     0.00 10638.00   0.00  77.85    0.46    0.46   0.17     4.00    20.70   0.07  98.40

2021년 10월 04일 17시 32분 09초
avg-cpu:  %user   %nice %system %iowait  %steal   %idle
           0.19    0.00    7.76    4.67    0.00   87.38

Device            r/s     w/s     rMB/s     wMB/s   rrqm/s   wrqm/s  %rrqm  %wrqm r_await w_await aqu-sz rareq-sz wareq-sz  svctm  %util
sdb           8673.00 3408.00     33.88     58.32     0.00 11496.00   0.00  77.13    0.50    0.42   0.00     4.00    17.52   0.08 100.00

2021년 10월 04일 17시 32분 10초
avg-cpu:  %user   %nice %system %iowait  %steal   %idle
           0.13    0.00    7.16    5.26    0.00   87.45

Device            r/s     w/s     rMB/s     wMB/s   rrqm/s   wrqm/s  %rrqm  %wrqm r_await w_await aqu-sz rareq-sz wareq-sz  svctm  %util
sdb           8165.00 3390.00     31.90     56.79     0.00 11149.00   0.00  76.68    0.51    0.45   0.08     4.00    17.15   0.09  98.40

2021년 10월 04일 17시 32분 11초
avg-cpu:  %user   %nice %system %iowait  %steal   %idle
           0.19    0.00    6.89    4.34    0.00   88.58

Device            r/s     w/s     rMB/s     wMB/s   rrqm/s   wrqm/s  %rrqm  %wrqm r_await w_await aqu-sz rareq-sz wareq-sz  svctm  %util
sdb           8730.00 3441.00     34.10     59.16     0.00 11712.00   0.00  77.29    0.49    0.42   0.00     4.00    17.61   0.08 100.00

2021년 10월 04일 17시 32분 12초
avg-cpu:  %user   %nice %system %iowait  %steal   %idle
           0.00    0.00    4.31    2.06    0.00   93.62

Device            r/s     w/s     rMB/s     wMB/s   rrqm/s   wrqm/s  %rrqm  %wrqm r_await w_await aqu-sz rareq-sz wareq-sz  svctm  %util
sdb           4141.00 1665.00     16.18     28.99     0.00  5689.00   0.00  77.36    0.48    0.43   0.00     4.00    17.83   0.08  49.20

2021년 10월 04일 17시 32분 13초
avg-cpu:  %user   %nice %system %iowait  %steal   %idle
           0.00    0.00    0.13    0.00    0.00   99.87

Device            r/s     w/s     rMB/s     wMB/s   rrqm/s   wrqm/s  %rrqm  %wrqm r_await w_await aqu-sz rareq-sz wareq-sz  svctm  %util
sdb              0.00    0.00      0.00      0.00     0.00     0.00   0.00   0.00    0.00    0.00   0.00     0.00     0.00   0.00   0.00

2021년 10월 04일 17시 32분 14초
avg-cpu:  %user   %nice %system %iowait  %steal   %idle
           0.06    0.00    0.06    0.00    0.00   99.88

Device            r/s     w/s     rMB/s     wMB/s   rrqm/s   wrqm/s  %rrqm  %wrqm r_await w_await aqu-sz rareq-sz wareq-sz  svctm  %util
sdb              0.00    0.00      0.00      0.00     0.00     0.00   0.00   0.00    0.00    0.00   0.00     0.00     0.00   0.00   0.00

