Linux 5.5.8test (syslab-desk) 	2021년 10월 04일 	_x86_64_	(16 CPU)

2021년 10월 04일 18시 06분 53초
avg-cpu:  %user   %nice %system %iowait  %steal   %idle
           2.86    0.00    1.67    4.47    0.00   91.00

Device            r/s     w/s     rMB/s     wMB/s   rrqm/s   wrqm/s  %rrqm  %wrqm r_await w_await aqu-sz rareq-sz wareq-sz  svctm  %util
sdb            102.88  220.59      0.43      9.82     5.08   230.34   4.70  51.08    0.31    2.08   0.14     4.27    45.57   0.11   3.63

2021년 10월 04일 18시 06분 54초
avg-cpu:  %user   %nice %system %iowait  %steal   %idle
           0.06    0.00    0.06    0.00    0.00   99.88

Device            r/s     w/s     rMB/s     wMB/s   rrqm/s   wrqm/s  %rrqm  %wrqm r_await w_await aqu-sz rareq-sz wareq-sz  svctm  %util
sdb              0.00    0.00      0.00      0.00     0.00     0.00   0.00   0.00    0.00    0.00   0.00     0.00     0.00   0.00   0.00

2021년 10월 04일 18시 06분 55초
avg-cpu:  %user   %nice %system %iowait  %steal   %idle
           0.00    0.00    0.38    0.00    0.00   99.62

Device            r/s     w/s     rMB/s     wMB/s   rrqm/s   wrqm/s  %rrqm  %wrqm r_await w_await aqu-sz rareq-sz wareq-sz  svctm  %util
sdb              0.00    0.00      0.00      0.00     0.00     0.00   0.00   0.00    0.00    0.00   0.00     0.00     0.00   0.00   0.00

2021년 10월 04일 18시 06분 56초
avg-cpu:  %user   %nice %system %iowait  %steal   %idle
           0.12    0.00    2.06    1.06    0.00   96.75

Device            r/s     w/s     rMB/s     wMB/s   rrqm/s   wrqm/s  %rrqm  %wrqm r_await w_await aqu-sz rareq-sz wareq-sz  svctm  %util
sdb           2192.00    3.00     19.85      0.00  2812.00     0.00  56.20   0.00    0.11    0.33   0.00     9.27     1.33   0.20  44.80

2021년 10월 04일 18시 06분 57초
avg-cpu:  %user   %nice %system %iowait  %steal   %idle
           0.13    0.00    1.88    0.69    0.00   97.31

Device            r/s     w/s     rMB/s     wMB/s   rrqm/s   wrqm/s  %rrqm  %wrqm r_await w_await aqu-sz rareq-sz wareq-sz  svctm  %util
sdb           8103.00 9440.00     60.78     36.36  7365.00   325.00  47.61   3.33    0.38    0.47   0.00     7.68     3.94   0.05  92.80

2021년 10월 04일 18시 06분 58초
avg-cpu:  %user   %nice %system %iowait  %steal   %idle
           0.00    0.00    1.63    1.19    0.00   97.18

Device            r/s     w/s     rMB/s     wMB/s   rrqm/s   wrqm/s  %rrqm  %wrqm r_await w_await aqu-sz rareq-sz wareq-sz  svctm  %util
sdb           10270.00 18869.00     70.77     70.37  7848.00     0.00  43.32   0.00    0.55    0.51   0.38     7.06     3.82   0.03  99.20

2021년 10월 04일 18시 06분 59초
avg-cpu:  %user   %nice %system %iowait  %steal   %idle
           0.06    0.00    3.20    0.94    0.00   95.80

Device            r/s     w/s     rMB/s     wMB/s   rrqm/s   wrqm/s  %rrqm  %wrqm r_await w_await aqu-sz rareq-sz wareq-sz  svctm  %util
sdb           8942.00 19026.00     71.45     71.11  9350.00     0.00  51.12   0.00    0.59    0.47   0.00     8.18     3.83   0.04  99.60

2021년 10월 04일 18시 07분 00초
avg-cpu:  %user   %nice %system %iowait  %steal   %idle
           0.00    0.00    1.50    1.06    0.00   97.44

Device            r/s     w/s     rMB/s     wMB/s   rrqm/s   wrqm/s  %rrqm  %wrqm r_await w_await aqu-sz rareq-sz wareq-sz  svctm  %util
sdb           9696.00 20289.00     75.25     75.12  9566.00     0.00  49.66   0.00    0.56    0.44   0.00     7.95     3.79   0.03 100.00

2021년 10월 04일 18시 07분 01초
avg-cpu:  %user   %nice %system %iowait  %steal   %idle
           0.00    0.00    1.32    1.19    0.00   97.49

Device            r/s     w/s     rMB/s     wMB/s   rrqm/s   wrqm/s  %rrqm  %wrqm r_await w_await aqu-sz rareq-sz wareq-sz  svctm  %util
sdb           9534.00 19585.00     73.23     72.62  9256.00     0.00  49.26   0.00    0.56    0.47   0.02     7.86     3.80   0.03  98.80

2021년 10월 04일 18시 07분 02초
avg-cpu:  %user   %nice %system %iowait  %steal   %idle
           0.00    0.00    1.44    1.13    0.00   97.43

Device            r/s     w/s     rMB/s     wMB/s   rrqm/s   wrqm/s  %rrqm  %wrqm r_await w_await aqu-sz rareq-sz wareq-sz  svctm  %util
sdb           9964.00 19541.00     72.93     75.97  8659.00   871.00  46.50   4.27    0.56    0.48   0.18     7.49     3.98   0.03 100.00

2021년 10월 04일 18시 07분 03초
avg-cpu:  %user   %nice %system %iowait  %steal   %idle
           0.13    0.00    3.70    1.13    0.00   95.05

Device            r/s     w/s     rMB/s     wMB/s   rrqm/s   wrqm/s  %rrqm  %wrqm r_await w_await aqu-sz rareq-sz wareq-sz  svctm  %util
sdb           8373.00 17107.00     64.20     63.96  8061.00     0.00  49.05   0.00    0.62    0.52   0.38     7.85     3.83   0.04  98.00

2021년 10월 04일 18시 07분 04초
avg-cpu:  %user   %nice %system %iowait  %steal   %idle
           0.13    0.00    4.47    0.82    0.00   94.58

Device            r/s     w/s     rMB/s     wMB/s   rrqm/s   wrqm/s  %rrqm  %wrqm r_await w_await aqu-sz rareq-sz wareq-sz  svctm  %util
sdb           7529.00 16660.00     62.54     62.14  8480.00     0.00  52.97   0.00    0.70    0.49   0.00     8.51     3.82   0.04 100.40

2021년 10월 04일 18시 07분 05초
avg-cpu:  %user   %nice %system %iowait  %steal   %idle
           0.00    0.00    1.44    1.26    0.00   97.30

Device            r/s     w/s     rMB/s     wMB/s   rrqm/s   wrqm/s  %rrqm  %wrqm r_await w_await aqu-sz rareq-sz wareq-sz  svctm  %util
sdb           9997.00 18517.00     69.34     68.99  7752.00     0.00  43.68   0.00    0.54    0.45   0.03     7.10     3.82   0.03  98.80

2021년 10월 04일 18시 07분 06초
avg-cpu:  %user   %nice %system %iowait  %steal   %idle
           0.12    0.00    5.93    0.75    0.00   93.19

Device            r/s     w/s     rMB/s     wMB/s   rrqm/s   wrqm/s  %rrqm  %wrqm r_await w_await aqu-sz rareq-sz wareq-sz  svctm  %util
sdb           6902.00 16610.00     62.11     61.93  8998.00     0.00  56.59   0.00    0.67    0.50   0.00     9.21     3.82   0.04  99.60

2021년 10월 04일 18시 07분 07초
avg-cpu:  %user   %nice %system %iowait  %steal   %idle
           0.13    0.00    3.69    0.88    0.00   95.31

Device            r/s     w/s     rMB/s     wMB/s   rrqm/s   wrqm/s  %rrqm  %wrqm r_await w_await aqu-sz rareq-sz wareq-sz  svctm  %util
sdb           8685.00 17793.00     66.91     69.32  8444.00   725.00  49.30   3.92    0.61    0.48   0.07     7.89     3.99   0.04 100.40

2021년 10월 04일 18시 07분 08초
avg-cpu:  %user   %nice %system %iowait  %steal   %idle
           0.00    0.00    1.50    1.25    0.00   97.25

Device            r/s     w/s     rMB/s     wMB/s   rrqm/s   wrqm/s  %rrqm  %wrqm r_await w_await aqu-sz rareq-sz wareq-sz  svctm  %util
sdb           10127.00 19063.00     71.43     71.05  8155.00     0.00  44.61   0.00    0.55    0.47   0.04     7.22     3.82   0.03  98.40

2021년 10월 04일 18시 07분 09초
avg-cpu:  %user   %nice %system %iowait  %steal   %idle
           0.06    0.00    1.69    0.87    0.00   97.38

Device            r/s     w/s     rMB/s     wMB/s   rrqm/s   wrqm/s  %rrqm  %wrqm r_await w_await aqu-sz rareq-sz wareq-sz  svctm  %util
sdb           9939.00 20463.00     76.93     76.62  9754.00     0.00  49.53   0.00    0.56    0.48   0.00     7.93     3.83   0.03  99.60

2021년 10월 04일 18시 07분 10초
avg-cpu:  %user   %nice %system %iowait  %steal   %idle
           0.06    0.00    2.51    1.19    0.00   96.23

Device            r/s     w/s     rMB/s     wMB/s   rrqm/s   wrqm/s  %rrqm  %wrqm r_await w_await aqu-sz rareq-sz wareq-sz  svctm  %util
sdb           8502.00 17783.00     66.62     66.25  8596.00     0.00  50.27   0.00    0.60    0.50   0.25     8.02     3.81   0.04  98.80

2021년 10월 04일 18시 07분 11초
avg-cpu:  %user   %nice %system %iowait  %steal   %idle
           0.31    0.00    7.08    0.92    0.00   91.69

Device            r/s     w/s     rMB/s     wMB/s   rrqm/s   wrqm/s  %rrqm  %wrqm r_await w_await aqu-sz rareq-sz wareq-sz  svctm  %util
sdb           6891.00 15714.00     58.63     58.48  8073.00     0.00  53.95   0.00    0.69    0.53   0.41     8.71     3.81   0.04  99.20

2021년 10월 04일 18시 07분 12초
avg-cpu:  %user   %nice %system %iowait  %steal   %idle
           0.12    0.00    4.53    0.99    0.00   94.35

Device            r/s     w/s     rMB/s     wMB/s   rrqm/s   wrqm/s  %rrqm  %wrqm r_await w_await aqu-sz rareq-sz wareq-sz  svctm  %util
sdb           8201.00 17293.00     64.83     67.53  8394.00   807.00  50.58   4.46    0.61    0.50   0.13     8.10     4.00   0.04 100.00

2021년 10월 04일 18시 07분 13초
avg-cpu:  %user   %nice %system %iowait  %steal   %idle
           0.25    0.00    5.16    1.00    0.00   93.59

Device            r/s     w/s     rMB/s     wMB/s   rrqm/s   wrqm/s  %rrqm  %wrqm r_await w_await aqu-sz rareq-sz wareq-sz  svctm  %util
sdb           7195.00 17071.00     63.83     63.48  9230.00     0.00  56.19   0.00    0.68    0.51   0.16     9.08     3.81   0.04  98.40

2021년 10월 04일 18시 07분 14초
avg-cpu:  %user   %nice %system %iowait  %steal   %idle
           0.19    0.00    5.21    0.69    0.00   93.91

Device            r/s     w/s     rMB/s     wMB/s   rrqm/s   wrqm/s  %rrqm  %wrqm r_await w_await aqu-sz rareq-sz wareq-sz  svctm  %util
sdb           6879.00 16424.00     61.48     61.22  8774.00     0.00  56.05   0.00    0.67    0.50   0.00     9.15     3.82   0.04 100.00

2021년 10월 04일 18시 07분 15초
avg-cpu:  %user   %nice %system %iowait  %steal   %idle
           0.13    0.00    4.91    1.01    0.00   93.96

Device            r/s     w/s     rMB/s     wMB/s   rrqm/s   wrqm/s  %rrqm  %wrqm r_await w_await aqu-sz rareq-sz wareq-sz  svctm  %util
sdb           6677.00 16880.00     63.01     62.94  9454.00     0.00  58.61   0.00    0.69    0.53   0.38     9.66     3.82   0.04  98.80

2021년 10월 04일 18시 07분 16초
avg-cpu:  %user   %nice %system %iowait  %steal   %idle
           0.25    0.00    5.27    0.69    0.00   93.79

Device            r/s     w/s     rMB/s     wMB/s   rrqm/s   wrqm/s  %rrqm  %wrqm r_await w_await aqu-sz rareq-sz wareq-sz  svctm  %util
sdb           7371.00 16424.00     61.60     61.24  8397.00     0.00  53.25   0.00    0.69    0.49   0.00     8.56     3.82   0.04 100.00

2021년 10월 04일 18시 07분 17초
avg-cpu:  %user   %nice %system %iowait  %steal   %idle
           0.25    0.00    3.02    1.01    0.00   95.72

Device            r/s     w/s     rMB/s     wMB/s   rrqm/s   wrqm/s  %rrqm  %wrqm r_await w_await aqu-sz rareq-sz wareq-sz  svctm  %util
sdb           8395.00 17591.00     65.56     68.69  8387.00   808.00  49.98   4.39    0.59    0.50   0.06     8.00     4.00   0.04 100.00

2021년 10월 04일 18시 07분 18초
avg-cpu:  %user   %nice %system %iowait  %steal   %idle
           0.13    0.00    3.77    1.01    0.00   95.10

Device            r/s     w/s     rMB/s     wMB/s   rrqm/s   wrqm/s  %rrqm  %wrqm r_await w_await aqu-sz rareq-sz wareq-sz  svctm  %util
sdb           7920.00 17126.00     64.54     63.96  8600.00     0.00  52.06   0.00    0.61    0.52   0.34     8.34     3.82   0.04  98.40

2021년 10월 04일 18시 07분 19초
avg-cpu:  %user   %nice %system %iowait  %steal   %idle
           0.13    0.00    5.14    0.69    0.00   94.05

Device            r/s     w/s     rMB/s     wMB/s   rrqm/s   wrqm/s  %rrqm  %wrqm r_await w_await aqu-sz rareq-sz wareq-sz  svctm  %util
sdb           7443.00 16529.00     61.55     61.54  8436.00     0.00  53.13   0.00    0.67    0.46   0.00     8.47     3.81   0.04 100.00

2021년 10월 04일 18시 07분 20초
avg-cpu:  %user   %nice %system %iowait  %steal   %idle
           0.19    0.00    3.44    1.06    0.00   95.31

Device            r/s     w/s     rMB/s     wMB/s   rrqm/s   wrqm/s  %rrqm  %wrqm r_await w_await aqu-sz rareq-sz wareq-sz  svctm  %util
sdb           8678.00 18016.00     68.06     67.11  8621.00     0.00  49.84   0.00    0.58    0.47   0.24     8.03     3.81   0.04  98.80

2021년 10월 04일 18시 07분 21초
avg-cpu:  %user   %nice %system %iowait  %steal   %idle
           0.25    0.00    4.79    0.76    0.00   94.20

Device            r/s     w/s     rMB/s     wMB/s   rrqm/s   wrqm/s  %rrqm  %wrqm r_await w_await aqu-sz rareq-sz wareq-sz  svctm  %util
sdb           7007.00 16266.00     60.54     60.67  8494.00     0.00  54.80   0.00    0.67    0.49   0.00     8.85     3.82   0.04 100.00

2021년 10월 04일 18시 07분 22초
avg-cpu:  %user   %nice %system %iowait  %steal   %idle
           0.13    0.00    3.27    1.01    0.00   95.60

Device            r/s     w/s     rMB/s     wMB/s   rrqm/s   wrqm/s  %rrqm  %wrqm r_await w_await aqu-sz rareq-sz wareq-sz  svctm  %util
sdb           8487.00 17567.00     65.73     68.29  8338.00   730.00  49.56   3.99    0.62    0.48   0.10     7.93     3.98   0.04 100.00

2021년 10월 04일 18시 07분 23초
avg-cpu:  %user   %nice %system %iowait  %steal   %idle
           0.06    0.00    1.87    1.12    0.00   96.95

Device            r/s     w/s     rMB/s     wMB/s   rrqm/s   wrqm/s  %rrqm  %wrqm r_await w_await aqu-sz rareq-sz wareq-sz  svctm  %util
sdb           9765.00 19547.00     72.81     72.69  8873.00     0.00  47.61   0.00    0.55    0.50   0.48     7.64     3.81   0.03  98.40

2021년 10월 04일 18시 07분 24초
avg-cpu:  %user   %nice %system %iowait  %steal   %idle
           0.06    0.00    1.69    1.12    0.00   97.13

Device            r/s     w/s     rMB/s     wMB/s   rrqm/s   wrqm/s  %rrqm  %wrqm r_await w_await aqu-sz rareq-sz wareq-sz  svctm  %util
sdb           9985.00 19963.00     74.62     74.36  9175.00     0.00  47.89   0.00    0.55    0.47   0.00     7.65     3.81   0.03 100.00

2021년 10월 04일 18시 07분 25초
avg-cpu:  %user   %nice %system %iowait  %steal   %idle
           0.19    0.00    3.81    0.94    0.00   95.06

Device            r/s     w/s     rMB/s     wMB/s   rrqm/s   wrqm/s  %rrqm  %wrqm r_await w_await aqu-sz rareq-sz wareq-sz  svctm  %util
sdb           8575.00 17429.00     65.41     64.91  8112.00     0.00  48.61   0.00    0.59    0.47   0.18     7.81     3.81   0.04  98.80

2021년 10월 04일 18시 07분 26초
avg-cpu:  %user   %nice %system %iowait  %steal   %idle
           0.13    0.00    2.71    0.88    0.00   96.28

Device            r/s     w/s     rMB/s     wMB/s   rrqm/s   wrqm/s  %rrqm  %wrqm r_await w_await aqu-sz rareq-sz wareq-sz  svctm  %util
sdb           8757.00 18479.00     69.21     68.97  8959.00     0.00  50.57   0.00    0.59    0.47   0.00     8.09     3.82   0.04 100.00

2021년 10월 04일 18시 07분 27초
avg-cpu:  %user   %nice %system %iowait  %steal   %idle
           0.06    0.00    2.89    1.00    0.00   96.05

Device            r/s     w/s     rMB/s     wMB/s   rrqm/s   wrqm/s  %rrqm  %wrqm r_await w_await aqu-sz rareq-sz wareq-sz  svctm  %util
sdb           8282.00 17890.00     67.02     69.61  8894.00   738.00  51.78   3.96    0.61    0.49   0.13     8.29     3.98   0.04 100.00

2021년 10월 04일 18시 07분 28초
avg-cpu:  %user   %nice %system %iowait  %steal   %idle
           0.19    0.00    5.43    0.87    0.00   93.50

Device            r/s     w/s     rMB/s     wMB/s   rrqm/s   wrqm/s  %rrqm  %wrqm r_await w_await aqu-sz rareq-sz wareq-sz  svctm  %util
sdb           7412.00 16628.00     62.11     61.81  8504.00     0.00  53.43   0.00    0.67    0.53   0.38     8.58     3.81   0.04  98.40

2021년 10월 04일 18시 07분 29초
avg-cpu:  %user   %nice %system %iowait  %steal   %idle
           0.00    0.00    1.07    1.01    0.00   97.93

Device            r/s     w/s     rMB/s     wMB/s   rrqm/s   wrqm/s  %rrqm  %wrqm r_await w_await aqu-sz rareq-sz wareq-sz  svctm  %util
sdb           10120.00 20493.00     76.78     76.55  9492.00     0.00  48.40   0.00    0.55    0.47   0.00     7.77     3.83   0.03 100.00

2021년 10월 04일 18시 07분 30초
avg-cpu:  %user   %nice %system %iowait  %steal   %idle
           0.13    0.00    3.45    1.07    0.00   95.35

Device            r/s     w/s     rMB/s     wMB/s   rrqm/s   wrqm/s  %rrqm  %wrqm r_await w_await aqu-sz rareq-sz wareq-sz  svctm  %util
sdb           8119.00 17985.00     67.57     67.29  9179.00     0.00  53.06   0.00    0.62    0.48   0.26     8.52     3.83   0.04  98.80

2021년 10월 04일 18시 07분 31초
avg-cpu:  %user   %nice %system %iowait  %steal   %idle
           0.13    0.00    4.72    0.82    0.00   94.34

Device            r/s     w/s     rMB/s     wMB/s   rrqm/s   wrqm/s  %rrqm  %wrqm r_await w_await aqu-sz rareq-sz wareq-sz  svctm  %util
sdb           7383.00 16814.00     63.08     62.82  8765.00     0.00  54.28   0.00    0.64    0.52   0.00     8.75     3.83   0.04 100.00

2021년 10월 04일 18시 07분 32초
avg-cpu:  %user   %nice %system %iowait  %steal   %idle
           0.19    0.00    3.80    1.31    0.00   94.70

Device            r/s     w/s     rMB/s     wMB/s   rrqm/s   wrqm/s  %rrqm  %wrqm r_await w_await aqu-sz rareq-sz wareq-sz  svctm  %util
sdb           7615.00 17063.00     62.91     81.61  8497.00  4622.00  52.74  21.31    0.66    0.55   1.05     8.46     4.90   0.04  98.80

2021년 10월 04일 18시 07분 33초
avg-cpu:  %user   %nice %system %iowait  %steal   %idle
           0.13    0.00    3.02    0.94    0.00   95.91

Device            r/s     w/s     rMB/s     wMB/s   rrqm/s   wrqm/s  %rrqm  %wrqm r_await w_await aqu-sz rareq-sz wareq-sz  svctm  %util
sdb           8437.00 19454.00     72.49     72.29 10118.00     0.00  54.53   0.00    0.62    0.46   0.00     8.80     3.81   0.04 100.00

2021년 10월 04일 18시 07분 34초
avg-cpu:  %user   %nice %system %iowait  %steal   %idle
           0.13    0.00    4.21    0.82    0.00   94.85

Device            r/s     w/s     rMB/s     wMB/s   rrqm/s   wrqm/s  %rrqm  %wrqm r_await w_await aqu-sz rareq-sz wareq-sz  svctm  %util
sdb           8110.00 17049.00     63.58     63.25  8159.00     0.00  50.15   0.00    0.63    0.47   0.00     8.03     3.80   0.04 100.00

2021년 10월 04일 18시 07분 35초
avg-cpu:  %user   %nice %system %iowait  %steal   %idle
           0.06    0.00    1.62    1.19    0.00   97.13

Device            r/s     w/s     rMB/s     wMB/s   rrqm/s   wrqm/s  %rrqm  %wrqm r_await w_await aqu-sz rareq-sz wareq-sz  svctm  %util
sdb           10049.00 18903.00     70.86     70.43  8113.00     0.00  44.67   0.00    0.54    0.48   0.48     7.22     3.82   0.03  98.40

2021년 10월 04일 18시 07분 36초
avg-cpu:  %user   %nice %system %iowait  %steal   %idle
           0.00    0.00    1.44    1.06    0.00   97.50

Device            r/s     w/s     rMB/s     wMB/s   rrqm/s   wrqm/s  %rrqm  %wrqm r_await w_await aqu-sz rareq-sz wareq-sz  svctm  %util
sdb           10498.00 19448.00     72.65     72.46  8078.00     0.00  43.49   0.00    0.55    0.45   0.00     7.09     3.82   0.03 100.00

2021년 10월 04일 18시 07분 37초
avg-cpu:  %user   %nice %system %iowait  %steal   %idle
           0.00    0.00    3.26    1.19    0.00   95.55

Device            r/s     w/s     rMB/s     wMB/s   rrqm/s   wrqm/s  %rrqm  %wrqm r_await w_await aqu-sz rareq-sz wareq-sz  svctm  %util
sdb           8504.00 17947.00     67.32     70.04  8767.00   807.00  50.76   4.30    0.59    0.47   0.09     8.11     4.00   0.04  98.80

2021년 10월 04일 18시 07분 38초
avg-cpu:  %user   %nice %system %iowait  %steal   %idle
           0.13    0.00    2.77    1.01    0.00   96.10

Device            r/s     w/s     rMB/s     wMB/s   rrqm/s   wrqm/s  %rrqm  %wrqm r_await w_await aqu-sz rareq-sz wareq-sz  svctm  %util
sdb           8455.00 18348.00     68.47     68.19  9067.00     0.00  51.75   0.00    0.60    0.46   0.00     8.29     3.81   0.04 100.00

2021년 10월 04일 18시 07분 39초
avg-cpu:  %user   %nice %system %iowait  %steal   %idle
           0.19    0.00    2.00    1.31    0.00   96.49

Device            r/s     w/s     rMB/s     wMB/s   rrqm/s   wrqm/s  %rrqm  %wrqm r_await w_await aqu-sz rareq-sz wareq-sz  svctm  %util
sdb           9107.00 18998.00     70.79     70.55  8982.00     0.00  49.65   0.00    0.58    0.49   0.48     7.96     3.80   0.04  98.40

2021년 10월 04일 18시 07분 40초
avg-cpu:  %user   %nice %system %iowait  %steal   %idle
           0.19    0.00    5.08    0.81    0.00   93.92

Device            r/s     w/s     rMB/s     wMB/s   rrqm/s   wrqm/s  %rrqm  %wrqm r_await w_await aqu-sz rareq-sz wareq-sz  svctm  %util
sdb           7360.00 16539.00     61.75     61.52  8467.00     0.00  53.50   0.00    0.69    0.49   0.00     8.59     3.81   0.04 100.00

2021년 10월 04일 18시 07분 41초
avg-cpu:  %user   %nice %system %iowait  %steal   %idle
           0.25    0.00    4.65    0.75    0.00   94.34

Device            r/s     w/s     rMB/s     wMB/s   rrqm/s   wrqm/s  %rrqm  %wrqm r_await w_await aqu-sz rareq-sz wareq-sz  svctm  %util
sdb           7293.00 16426.00     60.94     60.80  8312.00     0.00  53.26   0.00    0.63    0.49   0.00     8.56     3.79   0.04 100.00

2021년 10월 04일 18시 07분 42초
avg-cpu:  %user   %nice %system %iowait  %steal   %idle
           0.19    0.00    4.78    1.13    0.00   93.90

Device            r/s     w/s     rMB/s     wMB/s   rrqm/s   wrqm/s  %rrqm  %wrqm r_await w_await aqu-sz rareq-sz wareq-sz  svctm  %util
sdb           7182.00 16011.00     59.96     62.91  8140.00   823.00  53.13   4.89    0.68    0.51   0.25     8.55     4.02   0.04  99.20

2021년 10월 04일 18시 07분 43초
avg-cpu:  %user   %nice %system %iowait  %steal   %idle
           0.19    0.00    4.72    0.69    0.00   94.40

Device            r/s     w/s     rMB/s     wMB/s   rrqm/s   wrqm/s  %rrqm  %wrqm r_await w_await aqu-sz rareq-sz wareq-sz  svctm  %util
sdb           7319.00 16853.00     63.21     62.98  8862.00     0.00  54.77   0.00    0.62    0.47   0.00     8.84     3.83   0.04 100.00

2021년 10월 04일 18시 07분 44초
avg-cpu:  %user   %nice %system %iowait  %steal   %idle
           0.13    0.00    3.20    1.00    0.00   95.67

Device            r/s     w/s     rMB/s     wMB/s   rrqm/s   wrqm/s  %rrqm  %wrqm r_await w_await aqu-sz rareq-sz wareq-sz  svctm  %util
sdb           8832.00 17657.00     65.91     65.56  8042.00     0.00  47.66   0.00    0.58    0.47   0.00     7.64     3.80   0.04  98.80

2021년 10월 04일 18시 07분 45초
avg-cpu:  %user   %nice %system %iowait  %steal   %idle
           0.06    0.00    3.13    0.88    0.00   95.92

Device            r/s     w/s     rMB/s     wMB/s   rrqm/s   wrqm/s  %rrqm  %wrqm r_await w_await aqu-sz rareq-sz wareq-sz  svctm  %util
sdb           9022.00 18110.00     67.94     67.62  8371.00     0.00  48.13   0.00    0.59    0.50   0.26     7.71     3.82   0.04 100.00

2021년 10월 04일 18시 07분 46초
avg-cpu:  %user   %nice %system %iowait  %steal   %idle
           0.00    0.00    1.62    1.00    0.00   97.38

Device            r/s     w/s     rMB/s     wMB/s   rrqm/s   wrqm/s  %rrqm  %wrqm r_await w_await aqu-sz rareq-sz wareq-sz  svctm  %util
sdb           10224.00 19041.00     71.27     70.99  8025.00     0.00  43.98   0.00    0.55    0.52   0.00     7.14     3.82   0.03 100.00

2021년 10월 04일 18시 07분 47초
avg-cpu:  %user   %nice %system %iowait  %steal   %idle
           0.19    0.00    3.33    1.13    0.00   95.35

Device            r/s     w/s     rMB/s     wMB/s   rrqm/s   wrqm/s  %rrqm  %wrqm r_await w_await aqu-sz rareq-sz wareq-sz  svctm  %util
sdb           7923.00 17154.00     64.41     66.76  8567.00   724.00  51.95   4.05    0.62    0.55   0.48     8.32     3.99   0.04  98.40

2021년 10월 04일 18시 07분 48초
avg-cpu:  %user   %nice %system %iowait  %steal   %idle
           0.13    0.00    3.31    0.88    0.00   95.68

Device            r/s     w/s     rMB/s     wMB/s   rrqm/s   wrqm/s  %rrqm  %wrqm r_await w_await aqu-sz rareq-sz wareq-sz  svctm  %util
sdb           8422.00 17495.00     64.53     64.32  8087.00     0.00  48.99   0.00    0.57    0.47   0.00     7.85     3.76   0.04 100.00

2021년 10월 04일 18시 07분 49초
avg-cpu:  %user   %nice %system %iowait  %steal   %idle
           0.00    0.00    1.38    1.13    0.00   97.50

Device            r/s     w/s     rMB/s     wMB/s   rrqm/s   wrqm/s  %rrqm  %wrqm r_await w_await aqu-sz rareq-sz wareq-sz  svctm  %util
sdb           9966.00 19416.00     71.80     71.54  8414.00     0.00  45.78   0.00    0.53    0.46   0.10     7.38     3.77   0.03  98.40

2021년 10월 04일 18시 07분 50초
avg-cpu:  %user   %nice %system %iowait  %steal   %idle
           0.06    0.00    1.44    0.94    0.00   97.56

Device            r/s     w/s     rMB/s     wMB/s   rrqm/s   wrqm/s  %rrqm  %wrqm r_await w_await aqu-sz rareq-sz wareq-sz  svctm  %util
sdb           9243.00 20802.00     76.98     76.50 10464.00     0.00  53.10   0.00    0.56    0.44   0.00     8.53     3.77   0.03 100.00

2021년 10월 04일 18시 07분 51초
avg-cpu:  %user   %nice %system %iowait  %steal   %idle
           0.12    0.00    1.44    1.19    0.00   97.25

Device            r/s     w/s     rMB/s     wMB/s   rrqm/s   wrqm/s  %rrqm  %wrqm r_await w_await aqu-sz rareq-sz wareq-sz  svctm  %util
sdb           9768.00 18683.00     68.52     68.43  7773.00     0.00  44.31   0.00    0.54    0.49   0.00     7.18     3.75   0.03  98.40

2021년 10월 04일 18시 07분 52초
avg-cpu:  %user   %nice %system %iowait  %steal   %idle
           0.25    0.00    4.53    0.94    0.00   94.27

Device            r/s     w/s     rMB/s     wMB/s   rrqm/s   wrqm/s  %rrqm  %wrqm r_await w_await aqu-sz rareq-sz wareq-sz  svctm  %util
sdb           7058.00 16284.00     60.12     62.92  8333.00   749.00  54.14   4.40    0.66    0.51   0.54     8.72     3.96   0.04 100.00

2021년 10월 04일 18시 07분 53초
avg-cpu:  %user   %nice %system %iowait  %steal   %idle
           0.19    0.00    5.01    0.69    0.00   94.12

Device            r/s     w/s     rMB/s     wMB/s   rrqm/s   wrqm/s  %rrqm  %wrqm r_await w_await aqu-sz rareq-sz wareq-sz  svctm  %util
sdb           6673.00 16370.00     60.53     60.27  8902.00     0.00  57.16   0.00    0.69    0.50   0.00     9.29     3.77   0.04 100.00

2021년 10월 04일 18시 07분 54초
avg-cpu:  %user   %nice %system %iowait  %steal   %idle
           0.19    0.00    4.61    1.01    0.00   94.20

Device            r/s     w/s     rMB/s     wMB/s   rrqm/s   wrqm/s  %rrqm  %wrqm r_await w_await aqu-sz rareq-sz wareq-sz  svctm  %util
sdb           6565.00 15650.00     57.99     57.58  8201.00     0.00  55.54   0.00    0.64    0.53   0.42     9.05     3.77   0.04  98.40

2021년 10월 04일 18시 07분 55초
avg-cpu:  %user   %nice %system %iowait  %steal   %idle
           0.13    0.00    4.98    0.76    0.00   94.14

Device            r/s     w/s     rMB/s     wMB/s   rrqm/s   wrqm/s  %rrqm  %wrqm r_await w_await aqu-sz rareq-sz wareq-sz  svctm  %util
sdb           6923.00 15658.00     58.12     57.76  7955.00     0.00  53.47   0.00    0.65    0.51   0.00     8.60     3.78   0.04 100.00

2021년 10월 04일 18시 07분 56초
avg-cpu:  %user   %nice %system %iowait  %steal   %idle
           0.31    0.00    5.00    0.81    0.00   93.88

Device            r/s     w/s     rMB/s     wMB/s   rrqm/s   wrqm/s  %rrqm  %wrqm r_await w_await aqu-sz rareq-sz wareq-sz  svctm  %util
sdb           7681.00 16835.00     61.82     62.00  8145.00     0.00  51.47   0.00    0.63    0.49   0.00     8.24     3.77   0.04 100.00

2021년 10월 04일 18시 07분 57초
avg-cpu:  %user   %nice %system %iowait  %steal   %idle
           0.25    0.00    5.08    1.07    0.00   93.60

Device            r/s     w/s     rMB/s     wMB/s   rrqm/s   wrqm/s  %rrqm  %wrqm r_await w_await aqu-sz rareq-sz wareq-sz  svctm  %util
sdb           7022.00 15354.00     57.18     59.20  7623.00   626.00  52.05   3.92    0.66    0.53   0.26     8.34     3.95   0.04  99.20

2021년 10월 04일 18시 07분 58초
avg-cpu:  %user   %nice %system %iowait  %steal   %idle
           0.25    0.00    4.77    0.69    0.00   94.29

Device            r/s     w/s     rMB/s     wMB/s   rrqm/s   wrqm/s  %rrqm  %wrqm r_await w_await aqu-sz rareq-sz wareq-sz  svctm  %util
sdb           7052.00 15802.00     58.53     58.20  7932.00     0.00  52.94   0.00    0.64    0.50   0.00     8.50     3.77   0.04 100.00

2021년 10월 04일 18시 07분 59초
avg-cpu:  %user   %nice %system %iowait  %steal   %idle
           0.13    0.00    3.26    0.94    0.00   95.68

Device            r/s     w/s     rMB/s     wMB/s   rrqm/s   wrqm/s  %rrqm  %wrqm r_await w_await aqu-sz rareq-sz wareq-sz  svctm  %util
sdb           7915.00 18510.00     68.11     67.79  9519.00     0.00  54.60   0.00    0.60    0.46   0.00     8.81     3.75   0.04 100.00

2021년 10월 04일 18시 08분 00초
avg-cpu:  %user   %nice %system %iowait  %steal   %idle
           0.06    0.00    1.07    1.26    0.00   97.61

Device            r/s     w/s     rMB/s     wMB/s   rrqm/s   wrqm/s  %rrqm  %wrqm r_await w_await aqu-sz rareq-sz wareq-sz  svctm  %util
sdb           9604.00 19846.00     73.65     73.34  9245.00     0.00  49.05   0.00    0.55    0.45   0.10     7.85     3.78   0.03  98.40

2021년 10월 04일 18시 08분 01초
avg-cpu:  %user   %nice %system %iowait  %steal   %idle
           0.00    0.00    1.50    1.00    0.00   97.50

Device            r/s     w/s     rMB/s     wMB/s   rrqm/s   wrqm/s  %rrqm  %wrqm r_await w_await aqu-sz rareq-sz wareq-sz  svctm  %util
sdb           9950.00 19846.00     73.41     72.93  8847.00     0.00  47.07   0.00    0.53    0.46   0.00     7.56     3.76   0.03 100.00

2021년 10월 04일 18시 08분 02초
avg-cpu:  %user   %nice %system %iowait  %steal   %idle
           0.00    0.00    1.50    1.13    0.00   97.37

Device            r/s     w/s     rMB/s     wMB/s   rrqm/s   wrqm/s  %rrqm  %wrqm r_await w_await aqu-sz rareq-sz wareq-sz  svctm  %util
sdb           9748.00 18850.00     69.99     72.86  8166.00   818.00  45.58   4.16    0.54    0.47   0.46     7.35     3.96   0.03  98.80

2021년 10월 04일 18시 08분 03초
avg-cpu:  %user   %nice %system %iowait  %steal   %idle
           0.06    0.00    3.02    1.13    0.00   95.79

Device            r/s     w/s     rMB/s     wMB/s   rrqm/s   wrqm/s  %rrqm  %wrqm r_await w_await aqu-sz rareq-sz wareq-sz  svctm  %util
sdb           8604.00 18205.00     67.20     84.68  8597.00  4288.00  49.98  19.06    0.61    0.50   0.41     8.00     4.76   0.04 100.00

2021년 10월 04일 18시 08분 04초
avg-cpu:  %user   %nice %system %iowait  %steal   %idle
           0.06    0.00    1.56    1.12    0.00   97.25

Device            r/s     w/s     rMB/s     wMB/s   rrqm/s   wrqm/s  %rrqm  %wrqm r_await w_await aqu-sz rareq-sz wareq-sz  svctm  %util
sdb           9833.00 19536.00     72.73     72.42  8786.00     0.00  47.19   0.00    0.55    0.47   0.04     7.57     3.80   0.03  98.00

2021년 10월 04일 18시 08분 05초
avg-cpu:  %user   %nice %system %iowait  %steal   %idle
           0.00    0.00    1.13    0.88    0.00   97.99

Device            r/s     w/s     rMB/s     wMB/s   rrqm/s   wrqm/s  %rrqm  %wrqm r_await w_await aqu-sz rareq-sz wareq-sz  svctm  %util
sdb           9837.00 19805.00     73.64     73.42  9013.00     0.00  47.81   0.00    0.55    0.45   0.00     7.67     3.80   0.03 100.00

2021년 10월 04일 18시 08분 06초
avg-cpu:  %user   %nice %system %iowait  %steal   %idle
           0.00    0.00    1.32    1.13    0.00   97.56

Device            r/s     w/s     rMB/s     wMB/s   rrqm/s   wrqm/s  %rrqm  %wrqm r_await w_await aqu-sz rareq-sz wareq-sz  svctm  %util
sdb           9721.00 19728.00     73.44     72.93  9118.00     0.00  48.40   0.00    0.54    0.47   0.18     7.74     3.79   0.03  98.80

2021년 10월 04일 18시 08분 07초
avg-cpu:  %user   %nice %system %iowait  %steal   %idle
           0.06    0.00    1.44    1.00    0.00   97.50

Device            r/s     w/s     rMB/s     wMB/s   rrqm/s   wrqm/s  %rrqm  %wrqm r_await w_await aqu-sz rareq-sz wareq-sz  svctm  %util
sdb           10103.00 19832.00     73.57     76.52  8692.00   800.00  46.25   3.88    0.55    0.45   0.12     7.46     3.95   0.03 100.00

2021년 10월 04일 18시 08분 08초
avg-cpu:  %user   %nice %system %iowait  %steal   %idle
           0.00    0.00    2.13    1.38    0.00   96.49

Device            r/s     w/s     rMB/s     wMB/s   rrqm/s   wrqm/s  %rrqm  %wrqm r_await w_await aqu-sz rareq-sz wareq-sz  svctm  %util
sdb           8982.00 18989.00     70.32     70.05  9020.00     0.00  50.11   0.00    0.55    0.49   0.48     8.02     3.78   0.04  98.40

2021년 10월 04일 18시 08분 09초
avg-cpu:  %user   %nice %system %iowait  %steal   %idle
           0.25    0.00    4.59    0.82    0.00   94.34

Device            r/s     w/s     rMB/s     wMB/s   rrqm/s   wrqm/s  %rrqm  %wrqm r_await w_await aqu-sz rareq-sz wareq-sz  svctm  %util
sdb           7366.00 16250.00     60.36     60.05  8086.00     0.00  52.33   0.00    0.65    0.48   0.00     8.39     3.78   0.04 100.00

2021년 10월 04일 18시 08분 10초
avg-cpu:  %user   %nice %system %iowait  %steal   %idle
           0.13    0.00    3.44    0.75    0.00   95.68

Device            r/s     w/s     rMB/s     wMB/s   rrqm/s   wrqm/s  %rrqm  %wrqm r_await w_await aqu-sz rareq-sz wareq-sz  svctm  %util
sdb           8808.00 18370.00     68.64     68.32  8767.00     0.00  49.88   0.00    0.57    0.47   0.00     7.98     3.81   0.04 100.00

2021년 10월 04일 18시 08분 11초
avg-cpu:  %user   %nice %system %iowait  %steal   %idle
           0.06    0.00    1.38    1.13    0.00   97.43

Device            r/s     w/s     rMB/s     wMB/s   rrqm/s   wrqm/s  %rrqm  %wrqm r_await w_await aqu-sz rareq-sz wareq-sz  svctm  %util
sdb           9981.00 19892.00     74.46     74.12  9079.00     0.00  47.63   0.00    0.56    0.45   0.10     7.64     3.82   0.03  98.80

2021년 10월 04일 18시 08분 12초
avg-cpu:  %user   %nice %system %iowait  %steal   %idle
           0.06    0.00    3.19    1.06    0.00   95.68

Device            r/s     w/s     rMB/s     wMB/s   rrqm/s   wrqm/s  %rrqm  %wrqm r_await w_await aqu-sz rareq-sz wareq-sz  svctm  %util
sdb           8575.00 18369.00     68.57     71.45  8979.00   786.00  51.15   4.10    0.58    0.49   0.16     8.19     3.98   0.04 100.00

2021년 10월 04일 18시 08분 13초
avg-cpu:  %user   %nice %system %iowait  %steal   %idle
           0.19    0.00    5.09    1.01    0.00   93.71

Device            r/s     w/s     rMB/s     wMB/s   rrqm/s   wrqm/s  %rrqm  %wrqm r_await w_await aqu-sz rareq-sz wareq-sz  svctm  %util
sdb           6477.00 16895.00     63.19     63.01  9697.00     0.00  59.95   0.00    0.68    0.48   0.05     9.99     3.82   0.04  98.00

2021년 10월 04일 18시 08분 14초
avg-cpu:  %user   %nice %system %iowait  %steal   %idle
           0.13    0.00    5.63    0.69    0.00   93.55

Device            r/s     w/s     rMB/s     wMB/s   rrqm/s   wrqm/s  %rrqm  %wrqm r_await w_await aqu-sz rareq-sz wareq-sz  svctm  %util
sdb           7307.00 16676.00     62.29     62.00  8639.00     0.00  54.18   0.00    0.67    0.48   0.00     8.73     3.81   0.04 100.00

2021년 10월 04일 18시 08분 15초
avg-cpu:  %user   %nice %system %iowait  %steal   %idle
           0.06    0.00    2.93    0.94    0.00   96.07

Device            r/s     w/s     rMB/s     wMB/s   rrqm/s   wrqm/s  %rrqm  %wrqm r_await w_await aqu-sz rareq-sz wareq-sz  svctm  %util
sdb           9261.00 19378.00     72.68     72.43  9356.00     0.00  50.26   0.00    0.61    0.45   0.00     8.04     3.83   0.03 100.00

2021년 10월 04일 18시 08분 16초
avg-cpu:  %user   %nice %system %iowait  %steal   %idle
           0.00    0.00    1.19    1.25    0.00   97.55

Device            r/s     w/s     rMB/s     wMB/s   rrqm/s   wrqm/s  %rrqm  %wrqm r_await w_await aqu-sz rareq-sz wareq-sz  svctm  %util
sdb           9595.00 19998.00     75.48     74.54  9716.00     0.00  50.31   0.00    0.56    0.45   0.03     8.06     3.82   0.03  98.40

2021년 10월 04일 18시 08분 17초
avg-cpu:  %user   %nice %system %iowait  %steal   %idle
           0.13    0.00    3.13    1.07    0.00   95.67

Device            r/s     w/s     rMB/s     wMB/s   rrqm/s   wrqm/s  %rrqm  %wrqm r_await w_await aqu-sz rareq-sz wareq-sz  svctm  %util
sdb           8095.00 18945.00     70.41     73.69  9929.00   732.00  55.09   3.72    0.60    0.49   0.20     8.91     3.98   0.04  99.60

2021년 10월 04일 18시 08분 18초
avg-cpu:  %user   %nice %system %iowait  %steal   %idle
           0.25    0.00    5.01    0.88    0.00   93.87

Device            r/s     w/s     rMB/s     wMB/s   rrqm/s   wrqm/s  %rrqm  %wrqm r_await w_await aqu-sz rareq-sz wareq-sz  svctm  %util
sdb           7593.00 16386.00     61.96     61.36  8275.00     0.00  52.15   0.00    0.68    0.49   0.38     8.36     3.83   0.04  98.80

2021년 10월 04일 18시 08분 19초
avg-cpu:  %user   %nice %system %iowait  %steal   %idle
           0.13    0.00    5.28    0.75    0.00   93.84

Device            r/s     w/s     rMB/s     wMB/s   rrqm/s   wrqm/s  %rrqm  %wrqm r_await w_await aqu-sz rareq-sz wareq-sz  svctm  %util
sdb           7334.00 16230.00     60.77     60.39  8276.00     0.00  53.02   0.00    0.68    0.49   0.00     8.48     3.81   0.04 100.00

2021년 10월 04일 18시 08분 20초
avg-cpu:  %user   %nice %system %iowait  %steal   %idle
           0.00    0.00    3.96    1.01    0.00   95.04

Device            r/s     w/s     rMB/s     wMB/s   rrqm/s   wrqm/s  %rrqm  %wrqm r_await w_await aqu-sz rareq-sz wareq-sz  svctm  %util
sdb           7807.00 17446.00     65.31     65.13  8850.00     0.00  53.13   0.00    0.65    0.50   0.21     8.57     3.82   0.04  98.80

2021년 10월 04일 18시 08분 21초
avg-cpu:  %user   %nice %system %iowait  %steal   %idle
           0.06    0.00    1.56    1.06    0.00   97.31

Device            r/s     w/s     rMB/s     wMB/s   rrqm/s   wrqm/s  %rrqm  %wrqm r_await w_await aqu-sz rareq-sz wareq-sz  svctm  %util
sdb           10136.00 20152.00     75.40     75.27  9166.00     0.00  47.49   0.00    0.56    0.48   0.00     7.62     3.82   0.03 100.00

2021년 10월 04일 18시 08분 22초
avg-cpu:  %user   %nice %system %iowait  %steal   %idle
           0.06    0.00    3.44    0.94    0.00   95.56

Device            r/s     w/s     rMB/s     wMB/s   rrqm/s   wrqm/s  %rrqm  %wrqm r_await w_await aqu-sz rareq-sz wareq-sz  svctm  %util
sdb           8163.00 17491.00     65.57     67.89  8634.00   729.00  51.40   4.00    0.61    0.50   0.03     8.22     3.97   0.04 100.00

2021년 10월 04일 18시 08분 23초
avg-cpu:  %user   %nice %system %iowait  %steal   %idle
           0.06    0.00    2.83    1.13    0.00   95.97

Device            r/s     w/s     rMB/s     wMB/s   rrqm/s   wrqm/s  %rrqm  %wrqm r_await w_await aqu-sz rareq-sz wareq-sz  svctm  %util
sdb           8580.00 17908.00     67.11     66.79  8587.00     0.00  50.02   0.00    0.61    0.50   0.38     8.01     3.82   0.04  98.40

2021년 10월 04일 18시 08분 24초
avg-cpu:  %user   %nice %system %iowait  %steal   %idle
           0.06    0.00    1.62    1.06    0.00   97.25

Device            r/s     w/s     rMB/s     wMB/s   rrqm/s   wrqm/s  %rrqm  %wrqm r_await w_await aqu-sz rareq-sz wareq-sz  svctm  %util
sdb           10121.00 19473.00     72.85     72.55  8528.00     0.00  45.73   0.00    0.54    0.49   0.00     7.37     3.82   0.03 100.00

2021년 10월 04일 18시 08분 25초
avg-cpu:  %user   %nice %system %iowait  %steal   %idle
           0.00    0.00    1.07    1.32    0.00   97.61

Device            r/s     w/s     rMB/s     wMB/s   rrqm/s   wrqm/s  %rrqm  %wrqm r_await w_await aqu-sz rareq-sz wareq-sz  svctm  %util
sdb           9995.00 19508.00     73.13     72.79  8729.00     0.00  46.62   0.00    0.54    0.48   0.03     7.49     3.82   0.03  98.80

2021년 10월 04일 18시 08분 26초
avg-cpu:  %user   %nice %system %iowait  %steal   %idle
           0.06    0.00    1.31    1.00    0.00   97.62

Device            r/s     w/s     rMB/s     wMB/s   rrqm/s   wrqm/s  %rrqm  %wrqm r_await w_await aqu-sz rareq-sz wareq-sz  svctm  %util
sdb           9139.00 18267.00     68.40     68.07  8370.00     0.00  47.80   0.00    0.55    0.47   0.00     7.66     3.82   0.03  92.00

2021년 10월 04일 18시 08분 27초
avg-cpu:  %user   %nice %system %iowait  %steal   %idle
           0.06    0.00    0.12    0.00    0.00   99.81

Device            r/s     w/s     rMB/s     wMB/s   rrqm/s   wrqm/s  %rrqm  %wrqm r_await w_await aqu-sz rareq-sz wareq-sz  svctm  %util
sdb              0.00    0.00      0.00      0.00     0.00     0.00   0.00   0.00    0.00    0.00   0.00     0.00     0.00   0.00   0.00

2021년 10월 04일 18시 08분 28초
avg-cpu:  %user   %nice %system %iowait  %steal   %idle
           0.19    0.00    0.25    0.00    0.00   99.56

Device            r/s     w/s     rMB/s     wMB/s   rrqm/s   wrqm/s  %rrqm  %wrqm r_await w_await aqu-sz rareq-sz wareq-sz  svctm  %util
sdb              0.00    5.00      0.00      2.51     0.00   637.00   0.00  99.22    0.00    4.60   0.01     0.00   513.60   3.20   1.60

2021년 10월 04일 18시 08분 29초
avg-cpu:  %user   %nice %system %iowait  %steal   %idle
           0.06    0.00    0.19    0.00    0.00   99.75

Device            r/s     w/s     rMB/s     wMB/s   rrqm/s   wrqm/s  %rrqm  %wrqm r_await w_await aqu-sz rareq-sz wareq-sz  svctm  %util
sdb              0.00    0.00      0.00      0.00     0.00     0.00   0.00   0.00    0.00    0.00   0.00     0.00     0.00   0.00   0.00

2021년 10월 04일 18시 08분 30초
avg-cpu:  %user   %nice %system %iowait  %steal   %idle
           0.00    0.00    0.19    0.00    0.00   99.81

Device            r/s     w/s     rMB/s     wMB/s   rrqm/s   wrqm/s  %rrqm  %wrqm r_await w_await aqu-sz rareq-sz wareq-sz  svctm  %util
sdb              0.00    0.00      0.00      0.00     0.00     0.00   0.00   0.00    0.00    0.00   0.00     0.00     0.00   0.00   0.00

2021년 10월 04일 18시 08분 31초
avg-cpu:  %user   %nice %system %iowait  %steal   %idle
           0.00    0.00    0.12    0.00    0.00   99.88

Device            r/s     w/s     rMB/s     wMB/s   rrqm/s   wrqm/s  %rrqm  %wrqm r_await w_await aqu-sz rareq-sz wareq-sz  svctm  %util
sdb              0.00    0.00      0.00      0.00     0.00     0.00   0.00   0.00    0.00    0.00   0.00     0.00     0.00   0.00   0.00

2021년 10월 04일 18시 08분 32초
avg-cpu:  %user   %nice %system %iowait  %steal   %idle
           0.00    0.00    0.13    0.00    0.00   99.87

Device            r/s     w/s     rMB/s     wMB/s   rrqm/s   wrqm/s  %rrqm  %wrqm r_await w_await aqu-sz rareq-sz wareq-sz  svctm  %util
sdb              0.00    0.00      0.00      0.00     0.00     0.00   0.00   0.00    0.00    0.00   0.00     0.00     0.00   0.00   0.00

2021년 10월 04일 18시 08분 33초
avg-cpu:  %user   %nice %system %iowait  %steal   %idle
           0.06    0.00    0.12    0.00    0.00   99.81

Device            r/s     w/s     rMB/s     wMB/s   rrqm/s   wrqm/s  %rrqm  %wrqm r_await w_await aqu-sz rareq-sz wareq-sz  svctm  %util
sdb              0.00    0.00      0.00      0.00     0.00     0.00   0.00   0.00    0.00    0.00   0.00     0.00     0.00   0.00   0.00

2021년 10월 04일 18시 08분 34초
avg-cpu:  %user   %nice %system %iowait  %steal   %idle
           0.06    0.00    0.06    0.00    0.00   99.87

Device            r/s     w/s     rMB/s     wMB/s   rrqm/s   wrqm/s  %rrqm  %wrqm r_await w_await aqu-sz rareq-sz wareq-sz  svctm  %util
sdb              0.00    0.00      0.00      0.00     0.00     0.00   0.00   0.00    0.00    0.00   0.00     0.00     0.00   0.00   0.00

2021년 10월 04일 18시 08분 35초
avg-cpu:  %user   %nice %system %iowait  %steal   %idle
           0.00    0.00    0.06    0.00    0.00   99.94

Device            r/s     w/s     rMB/s     wMB/s   rrqm/s   wrqm/s  %rrqm  %wrqm r_await w_await aqu-sz rareq-sz wareq-sz  svctm  %util
sdb              0.00    0.00      0.00      0.00     0.00     0.00   0.00   0.00    0.00    0.00   0.00     0.00     0.00   0.00   0.00

2021년 10월 04일 18시 08분 36초
avg-cpu:  %user   %nice %system %iowait  %steal   %idle
           0.00    0.00    0.13    0.00    0.00   99.87

Device            r/s     w/s     rMB/s     wMB/s   rrqm/s   wrqm/s  %rrqm  %wrqm r_await w_await aqu-sz rareq-sz wareq-sz  svctm  %util
sdb              0.00    0.00      0.00      0.00     0.00     0.00   0.00   0.00    0.00    0.00   0.00     0.00     0.00   0.00   0.00

2021년 10월 04일 18시 08분 37초
avg-cpu:  %user   %nice %system %iowait  %steal   %idle
           0.06    0.00    0.19    0.00    0.00   99.75

Device            r/s     w/s     rMB/s     wMB/s   rrqm/s   wrqm/s  %rrqm  %wrqm r_await w_await aqu-sz rareq-sz wareq-sz  svctm  %util
sdb              0.00    0.00      0.00      0.00     0.00     0.00   0.00   0.00    0.00    0.00   0.00     0.00     0.00   0.00   0.00

2021년 10월 04일 18시 08분 38초
avg-cpu:  %user   %nice %system %iowait  %steal   %idle
           0.06    0.00    0.13    0.00    0.00   99.81

Device            r/s     w/s     rMB/s     wMB/s   rrqm/s   wrqm/s  %rrqm  %wrqm r_await w_await aqu-sz rareq-sz wareq-sz  svctm  %util
sdb              0.00  155.00      0.00     12.77     0.00  3113.00   0.00  95.26    0.00    1.88   0.08     0.00    84.34   0.23   3.60

2021년 10월 04일 18시 08분 39초
avg-cpu:  %user   %nice %system %iowait  %steal   %idle
           0.12    0.00    0.06    0.00    0.00   99.81

Device            r/s     w/s     rMB/s     wMB/s   rrqm/s   wrqm/s  %rrqm  %wrqm r_await w_await aqu-sz rareq-sz wareq-sz  svctm  %util
sdb              0.00    0.00      0.00      0.00     0.00     0.00   0.00   0.00    0.00    0.00   0.00     0.00     0.00   0.00   0.00

2021년 10월 04일 18시 08분 40초
avg-cpu:  %user   %nice %system %iowait  %steal   %idle
           0.00    0.00    0.06    0.00    0.00   99.94

Device            r/s     w/s     rMB/s     wMB/s   rrqm/s   wrqm/s  %rrqm  %wrqm r_await w_await aqu-sz rareq-sz wareq-sz  svctm  %util
sdb              0.00    0.00      0.00      0.00     0.00     0.00   0.00   0.00    0.00    0.00   0.00     0.00     0.00   0.00   0.00

2021년 10월 04일 18시 08분 41초
avg-cpu:  %user   %nice %system %iowait  %steal   %idle
           0.00    0.00    0.13    0.00    0.00   99.87

Device            r/s     w/s     rMB/s     wMB/s   rrqm/s   wrqm/s  %rrqm  %wrqm r_await w_await aqu-sz rareq-sz wareq-sz  svctm  %util
sdb              0.00    0.00      0.00      0.00     0.00     0.00   0.00   0.00    0.00    0.00   0.00     0.00     0.00   0.00   0.00

2021년 10월 04일 18시 08분 42초
avg-cpu:  %user   %nice %system %iowait  %steal   %idle
           0.06    0.00    0.06    0.00    0.00   99.88

Device            r/s     w/s     rMB/s     wMB/s   rrqm/s   wrqm/s  %rrqm  %wrqm r_await w_await aqu-sz rareq-sz wareq-sz  svctm  %util
sdb              0.00    0.00      0.00      0.00     0.00     0.00   0.00   0.00    0.00    0.00   0.00     0.00     0.00   0.00   0.00

2021년 10월 04일 18시 08분 43초
avg-cpu:  %user   %nice %system %iowait  %steal   %idle
           0.00    0.00    0.13    0.00    0.00   99.87

Device            r/s     w/s     rMB/s     wMB/s   rrqm/s   wrqm/s  %rrqm  %wrqm r_await w_await aqu-sz rareq-sz wareq-sz  svctm  %util
sdb              0.00    0.00      0.00      0.00     0.00     0.00   0.00   0.00    0.00    0.00   0.00     0.00     0.00   0.00   0.00

2021년 10월 04일 18시 08분 44초
avg-cpu:  %user   %nice %system %iowait  %steal   %idle
           0.00    0.00    0.06    0.00    0.00   99.94

Device            r/s     w/s     rMB/s     wMB/s   rrqm/s   wrqm/s  %rrqm  %wrqm r_await w_await aqu-sz rareq-sz wareq-sz  svctm  %util
sdb              0.00    0.00      0.00      0.00     0.00     0.00   0.00   0.00    0.00    0.00   0.00     0.00     0.00   0.00   0.00

2021년 10월 04일 18시 08분 45초
avg-cpu:  %user   %nice %system %iowait  %steal   %idle
           0.00    0.00    0.13    0.00    0.00   99.87

Device            r/s     w/s     rMB/s     wMB/s   rrqm/s   wrqm/s  %rrqm  %wrqm r_await w_await aqu-sz rareq-sz wareq-sz  svctm  %util
sdb              0.00    0.00      0.00      0.00     0.00     0.00   0.00   0.00    0.00    0.00   0.00     0.00     0.00   0.00   0.00

2021년 10월 04일 18시 08분 46초
avg-cpu:  %user   %nice %system %iowait  %steal   %idle
           0.06    0.00    0.06    0.00    0.00   99.88

Device            r/s     w/s     rMB/s     wMB/s   rrqm/s   wrqm/s  %rrqm  %wrqm r_await w_await aqu-sz rareq-sz wareq-sz  svctm  %util
sdb              0.00    0.00      0.00      0.00     0.00     0.00   0.00   0.00    0.00    0.00   0.00     0.00     0.00   0.00   0.00

2021년 10월 04일 18시 08분 47초
avg-cpu:  %user   %nice %system %iowait  %steal   %idle
           0.00    0.00    0.13    0.00    0.00   99.87

Device            r/s     w/s     rMB/s     wMB/s   rrqm/s   wrqm/s  %rrqm  %wrqm r_await w_await aqu-sz rareq-sz wareq-sz  svctm  %util
sdb              0.00    0.00      0.00      0.00     0.00     0.00   0.00   0.00    0.00    0.00   0.00     0.00     0.00   0.00   0.00

2021년 10월 04일 18시 08분 48초
avg-cpu:  %user   %nice %system %iowait  %steal   %idle
           0.00    0.00    0.06    0.00    0.00   99.94

Device            r/s     w/s     rMB/s     wMB/s   rrqm/s   wrqm/s  %rrqm  %wrqm r_await w_await aqu-sz rareq-sz wareq-sz  svctm  %util
sdb              0.00    0.00      0.00      0.00     0.00     0.00   0.00   0.00    0.00    0.00   0.00     0.00     0.00   0.00   0.00

2021년 10월 04일 18시 08분 49초
avg-cpu:  %user   %nice %system %iowait  %steal   %idle
           0.06    0.00    0.12    0.00    0.00   99.81

Device            r/s     w/s     rMB/s     wMB/s   rrqm/s   wrqm/s  %rrqm  %wrqm r_await w_await aqu-sz rareq-sz wareq-sz  svctm  %util
sdb              0.00    0.00      0.00      0.00     0.00     0.00   0.00   0.00    0.00    0.00   0.00     0.00     0.00   0.00   0.00

2021년 10월 04일 18시 08분 50초
avg-cpu:  %user   %nice %system %iowait  %steal   %idle
           0.06    0.00    0.00    0.00    0.00   99.94

Device            r/s     w/s     rMB/s     wMB/s   rrqm/s   wrqm/s  %rrqm  %wrqm r_await w_await aqu-sz rareq-sz wareq-sz  svctm  %util
sdb              0.00    0.00      0.00      0.00     0.00     0.00   0.00   0.00    0.00    0.00   0.00     0.00     0.00   0.00   0.00

2021년 10월 04일 18시 08분 51초
avg-cpu:  %user   %nice %system %iowait  %steal   %idle
           0.06    0.00    0.12    0.00    0.00   99.81

Device            r/s     w/s     rMB/s     wMB/s   rrqm/s   wrqm/s  %rrqm  %wrqm r_await w_await aqu-sz rareq-sz wareq-sz  svctm  %util
sdb              0.00    0.00      0.00      0.00     0.00     0.00   0.00   0.00    0.00    0.00   0.00     0.00     0.00   0.00   0.00

2021년 10월 04일 18시 08분 52초
avg-cpu:  %user   %nice %system %iowait  %steal   %idle
           0.00    0.00    0.13    0.00    0.00   99.87

Device            r/s     w/s     rMB/s     wMB/s   rrqm/s   wrqm/s  %rrqm  %wrqm r_await w_await aqu-sz rareq-sz wareq-sz  svctm  %util
sdb              0.00    0.00      0.00      0.00     0.00     0.00   0.00   0.00    0.00    0.00   0.00     0.00     0.00   0.00   0.00

2021년 10월 04일 18시 08분 53초
avg-cpu:  %user   %nice %system %iowait  %steal   %idle
           0.00    0.00    0.06    0.00    0.00   99.94

Device            r/s     w/s     rMB/s     wMB/s   rrqm/s   wrqm/s  %rrqm  %wrqm r_await w_await aqu-sz rareq-sz wareq-sz  svctm  %util
sdb              0.00    0.00      0.00      0.00     0.00     0.00   0.00   0.00    0.00    0.00   0.00     0.00     0.00   0.00   0.00

2021년 10월 04일 18시 08분 54초
avg-cpu:  %user   %nice %system %iowait  %steal   %idle
           0.06    0.00    0.06    0.00    0.00   99.87

Device            r/s     w/s     rMB/s     wMB/s   rrqm/s   wrqm/s  %rrqm  %wrqm r_await w_await aqu-sz rareq-sz wareq-sz  svctm  %util
sdb              0.00    0.00      0.00      0.00     0.00     0.00   0.00   0.00    0.00    0.00   0.00     0.00     0.00   0.00   0.00

2021년 10월 04일 18시 08분 55초
avg-cpu:  %user   %nice %system %iowait  %steal   %idle
           0.00    0.00    0.06    0.00    0.00   99.94

Device            r/s     w/s     rMB/s     wMB/s   rrqm/s   wrqm/s  %rrqm  %wrqm r_await w_await aqu-sz rareq-sz wareq-sz  svctm  %util
sdb              0.00    0.00      0.00      0.00     0.00     0.00   0.00   0.00    0.00    0.00   0.00     0.00     0.00   0.00   0.00

2021년 10월 04일 18시 08분 56초
avg-cpu:  %user   %nice %system %iowait  %steal   %idle
           0.06    0.00    0.12    0.00    0.00   99.81

Device            r/s     w/s     rMB/s     wMB/s   rrqm/s   wrqm/s  %rrqm  %wrqm r_await w_await aqu-sz rareq-sz wareq-sz  svctm  %util
sdb              0.00    0.00      0.00      0.00     0.00     0.00   0.00   0.00    0.00    0.00   0.00     0.00     0.00   0.00   0.00

2021년 10월 04일 18시 08분 57초
avg-cpu:  %user   %nice %system %iowait  %steal   %idle
           0.00    0.00    0.13    0.00    0.00   99.87

Device            r/s     w/s     rMB/s     wMB/s   rrqm/s   wrqm/s  %rrqm  %wrqm r_await w_await aqu-sz rareq-sz wareq-sz  svctm  %util
sdb              0.00    0.00      0.00      0.00     0.00     0.00   0.00   0.00    0.00    0.00   0.00     0.00     0.00   0.00   0.00

2021년 10월 04일 18시 08분 58초
avg-cpu:  %user   %nice %system %iowait  %steal   %idle
           0.06    0.00    0.19    0.00    0.00   99.75

Device            r/s     w/s     rMB/s     wMB/s   rrqm/s   wrqm/s  %rrqm  %wrqm r_await w_await aqu-sz rareq-sz wareq-sz  svctm  %util
sdb              0.00    0.00      0.00      0.00     0.00     0.00   0.00   0.00    0.00    0.00   0.00     0.00     0.00   0.00   0.00

2021년 10월 04일 18시 08분 59초
avg-cpu:  %user   %nice %system %iowait  %steal   %idle
           0.00    0.00    0.12    0.00    0.00   99.88

Device            r/s     w/s     rMB/s     wMB/s   rrqm/s   wrqm/s  %rrqm  %wrqm r_await w_await aqu-sz rareq-sz wareq-sz  svctm  %util
sdb              0.00    0.00      0.00      0.00     0.00     0.00   0.00   0.00    0.00    0.00   0.00     0.00     0.00   0.00   0.00

2021년 10월 04일 18시 09분 00초
avg-cpu:  %user   %nice %system %iowait  %steal   %idle
           0.06    0.00    0.12    0.00    0.00   99.81

Device            r/s     w/s     rMB/s     wMB/s   rrqm/s   wrqm/s  %rrqm  %wrqm r_await w_await aqu-sz rareq-sz wareq-sz  svctm  %util
sdb              0.00    0.00      0.00      0.00     0.00     0.00   0.00   0.00    0.00    0.00   0.00     0.00     0.00   0.00   0.00

2021년 10월 04일 18시 09분 01초
avg-cpu:  %user   %nice %system %iowait  %steal   %idle
           0.00    0.00    0.19    0.00    0.00   99.81

Device            r/s     w/s     rMB/s     wMB/s   rrqm/s   wrqm/s  %rrqm  %wrqm r_await w_await aqu-sz rareq-sz wareq-sz  svctm  %util
sdb              0.00    0.00      0.00      0.00     0.00     0.00   0.00   0.00    0.00    0.00   0.00     0.00     0.00   0.00   0.00

2021년 10월 04일 18시 09분 02초
avg-cpu:  %user   %nice %system %iowait  %steal   %idle
           0.06    0.00    0.19    0.00    0.00   99.75

Device            r/s     w/s     rMB/s     wMB/s   rrqm/s   wrqm/s  %rrqm  %wrqm r_await w_await aqu-sz rareq-sz wareq-sz  svctm  %util
sdb              0.00    0.00      0.00      0.00     0.00     0.00   0.00   0.00    0.00    0.00   0.00     0.00     0.00   0.00   0.00

2021년 10월 04일 18시 09분 03초
avg-cpu:  %user   %nice %system %iowait  %steal   %idle
           0.12    0.00    0.12    0.00    0.00   99.75

Device            r/s     w/s     rMB/s     wMB/s   rrqm/s   wrqm/s  %rrqm  %wrqm r_await w_await aqu-sz rareq-sz wareq-sz  svctm  %util
sdb              0.00    0.00      0.00      0.00     0.00     0.00   0.00   0.00    0.00    0.00   0.00     0.00     0.00   0.00   0.00

2021년 10월 04일 18시 09분 04초
avg-cpu:  %user   %nice %system %iowait  %steal   %idle
           0.00    0.00    0.19    0.00    0.00   99.81

Device            r/s     w/s     rMB/s     wMB/s   rrqm/s   wrqm/s  %rrqm  %wrqm r_await w_await aqu-sz rareq-sz wareq-sz  svctm  %util
sdb              0.00    0.00      0.00      0.00     0.00     0.00   0.00   0.00    0.00    0.00   0.00     0.00     0.00   0.00   0.00

2021년 10월 04일 18시 09분 05초
avg-cpu:  %user   %nice %system %iowait  %steal   %idle
           0.06    0.00    0.12    0.00    0.00   99.81

Device            r/s     w/s     rMB/s     wMB/s   rrqm/s   wrqm/s  %rrqm  %wrqm r_await w_await aqu-sz rareq-sz wareq-sz  svctm  %util
sdb              0.00    0.00      0.00      0.00     0.00     0.00   0.00   0.00    0.00    0.00   0.00     0.00     0.00   0.00   0.00

2021년 10월 04일 18시 09분 06초
avg-cpu:  %user   %nice %system %iowait  %steal   %idle
           0.06    0.00    0.12    0.00    0.00   99.81

Device            r/s     w/s     rMB/s     wMB/s   rrqm/s   wrqm/s  %rrqm  %wrqm r_await w_await aqu-sz rareq-sz wareq-sz  svctm  %util
sdb              0.00    0.00      0.00      0.00     0.00     0.00   0.00   0.00    0.00    0.00   0.00     0.00     0.00   0.00   0.00

