Linux 5.5.8test (syslab-desk) 	2021년 10월 04일 	_x86_64_	(16 CPU)

2021년 10월 04일 17시 07분 47초
avg-cpu:  %user   %nice %system %iowait  %steal   %idle
           2.97    0.00    1.65    3.75    0.00   91.63

Device            r/s     w/s     rMB/s     wMB/s   rrqm/s   wrqm/s  %rrqm  %wrqm r_await w_await aqu-sz rareq-sz wareq-sz  svctm  %util
sdb             56.39  114.40      0.23      5.77     0.22   115.44   0.39  50.22    0.16    2.35   0.08     4.15    51.61   0.12   2.10

2021년 10월 04일 17시 07분 48초
avg-cpu:  %user   %nice %system %iowait  %steal   %idle
           0.06    0.00    0.00    0.00    0.00   99.94

Device            r/s     w/s     rMB/s     wMB/s   rrqm/s   wrqm/s  %rrqm  %wrqm r_await w_await aqu-sz rareq-sz wareq-sz  svctm  %util
sdb              0.00    0.00      0.00      0.00     0.00     0.00   0.00   0.00    0.00    0.00   0.00     0.00     0.00   0.00   0.00

2021년 10월 04일 17시 07분 49초
avg-cpu:  %user   %nice %system %iowait  %steal   %idle
           0.06    0.00    0.25    0.12    0.00   99.56

Device            r/s     w/s     rMB/s     wMB/s   rrqm/s   wrqm/s  %rrqm  %wrqm r_await w_await aqu-sz rareq-sz wareq-sz  svctm  %util
sdb              0.00    0.00      0.00      0.00     0.00     0.00   0.00   0.00    0.00    0.00   0.00     0.00     0.00   0.00   0.40

2021년 10월 04일 17시 07분 50초
avg-cpu:  %user   %nice %system %iowait  %steal   %idle
           0.25    0.00    2.76    1.32    0.00   95.68

Device            r/s     w/s     rMB/s     wMB/s   rrqm/s   wrqm/s  %rrqm  %wrqm r_await w_await aqu-sz rareq-sz wareq-sz  svctm  %util
sdb           5322.00    1.00     45.37      0.00  6114.00     0.00  53.46   0.00    0.11    5.00   0.00     8.73     0.00   0.18  94.40

2021년 10월 04일 17시 07분 51초
avg-cpu:  %user   %nice %system %iowait  %steal   %idle
           0.13    0.00    5.91    4.70    0.00   89.26

Device            r/s     w/s     rMB/s     wMB/s   rrqm/s   wrqm/s  %rrqm  %wrqm r_await w_await aqu-sz rareq-sz wareq-sz  svctm  %util
sdb           9944.00 3191.00     38.84     60.88     0.00 11274.00   0.00  77.94    0.45    0.44   0.13     4.00    19.54   0.07  97.20

2021년 10월 04일 17시 07분 52초
avg-cpu:  %user   %nice %system %iowait  %steal   %idle
           0.13    0.00    8.46    4.39    0.00   87.03

Device            r/s     w/s     rMB/s     wMB/s   rrqm/s   wrqm/s  %rrqm  %wrqm r_await w_await aqu-sz rareq-sz wareq-sz  svctm  %util
sdb           8614.00 3440.00     33.65     57.42     0.00 11176.00   0.00  76.46    0.49    0.41   0.00     4.00    17.09   0.08 100.00

2021년 10월 04일 17시 07분 53초
avg-cpu:  %user   %nice %system %iowait  %steal   %idle
           0.25    0.00    8.17    4.46    0.00   87.12

Device            r/s     w/s     rMB/s     wMB/s   rrqm/s   wrqm/s  %rrqm  %wrqm r_await w_await aqu-sz rareq-sz wareq-sz  svctm  %util
sdb           8760.00 3452.00     34.22     58.51     0.00 11386.00   0.00  76.74    0.48    0.41   0.00     4.00    17.36   0.08 100.00

2021년 10월 04일 17시 07분 54초
avg-cpu:  %user   %nice %system %iowait  %steal   %idle
           0.19    0.00    6.90    4.69    0.00   88.22

Device            r/s     w/s     rMB/s     wMB/s   rrqm/s   wrqm/s  %rrqm  %wrqm r_await w_await aqu-sz rareq-sz wareq-sz  svctm  %util
sdb           8544.00 3534.00     33.38     57.38     0.00 11131.00   0.00  75.90    0.50    0.43   0.12     4.00    16.63   0.08  98.80

2021년 10월 04일 17시 07분 55초
avg-cpu:  %user   %nice %system %iowait  %steal   %idle
           0.06    0.00    6.96    4.11    0.00   88.86

Device            r/s     w/s     rMB/s     wMB/s   rrqm/s   wrqm/s  %rrqm  %wrqm r_await w_await aqu-sz rareq-sz wareq-sz  svctm  %util
sdb           8690.00 3411.00     33.95     56.72     0.00 10899.00   0.00  76.16    0.48    0.42   0.00     4.00    17.03   0.08 100.00

2021년 10월 04일 17시 07분 56초
avg-cpu:  %user   %nice %system %iowait  %steal   %idle
           0.25    0.00    7.50    4.85    0.00   87.39

Device            r/s     w/s     rMB/s     wMB/s   rrqm/s   wrqm/s  %rrqm  %wrqm r_await w_await aqu-sz rareq-sz wareq-sz  svctm  %util
sdb           8770.00 3494.00     34.26     57.77     0.00 11302.00   0.00  76.39    0.48    0.42   0.10     4.00    16.93   0.08  98.80

2021년 10월 04일 17시 07분 57초
avg-cpu:  %user   %nice %system %iowait  %steal   %idle
           0.13    0.00    8.38    4.88    0.00   86.62

Device            r/s     w/s     rMB/s     wMB/s   rrqm/s   wrqm/s  %rrqm  %wrqm r_await w_await aqu-sz rareq-sz wareq-sz  svctm  %util
sdb           8593.00 3498.00     33.57     57.56     0.00 11252.00   0.00  76.28    0.50    0.42   0.00     4.00    16.85   0.08 100.00

2021년 10월 04일 17시 07분 58초
avg-cpu:  %user   %nice %system %iowait  %steal   %idle
           0.13    0.00    7.64    4.42    0.00   87.81

Device            r/s     w/s     rMB/s     wMB/s   rrqm/s   wrqm/s  %rrqm  %wrqm r_await w_await aqu-sz rareq-sz wareq-sz  svctm  %util
sdb           8782.00 3532.00     34.30     57.27     0.00 11120.00   0.00  75.89    0.48    0.42   0.00     4.00    16.60   0.08 100.00

2021년 10월 04일 17시 07분 59초
avg-cpu:  %user   %nice %system %iowait  %steal   %idle
           0.19    0.00    7.08    5.31    0.00   87.41

Device            r/s     w/s     rMB/s     wMB/s   rrqm/s   wrqm/s  %rrqm  %wrqm r_await w_await aqu-sz rareq-sz wareq-sz  svctm  %util
sdb           8259.00 3359.00     32.26     56.04     0.00 10987.00   0.00  76.59    0.52    0.42   0.13     4.00    17.08   0.09  98.80

2021년 10월 04일 17시 08분 00초
avg-cpu:  %user   %nice %system %iowait  %steal   %idle
           0.13    0.00    8.09    4.45    0.00   87.34

Device            r/s     w/s     rMB/s     wMB/s   rrqm/s   wrqm/s  %rrqm  %wrqm r_await w_await aqu-sz rareq-sz wareq-sz  svctm  %util
sdb           8766.00 3486.00     34.24     58.17     0.00 11376.00   0.00  76.54    0.48    0.41   0.00     4.00    17.09   0.08 100.00

2021년 10월 04일 17시 08분 01초
avg-cpu:  %user   %nice %system %iowait  %steal   %idle
           0.25    0.00    8.20    4.63    0.00   86.91

Device            r/s     w/s     rMB/s     wMB/s   rrqm/s   wrqm/s  %rrqm  %wrqm r_await w_await aqu-sz rareq-sz wareq-sz  svctm  %util
sdb           8742.00 3490.00     34.15     57.65     0.00 11280.00   0.00  76.37    0.49    0.41   0.06     4.00    16.91   0.08  98.80

2021년 10월 04일 17시 08분 02초
avg-cpu:  %user   %nice %system %iowait  %steal   %idle
           0.19    0.00    7.91    4.46    0.00   87.45

Device            r/s     w/s     rMB/s     wMB/s   rrqm/s   wrqm/s  %rrqm  %wrqm r_await w_await aqu-sz rareq-sz wareq-sz  svctm  %util
sdb           8202.00 3497.00     32.04     58.32     0.00 11470.00   0.00  76.64    0.51    0.43   0.00     4.00    17.08   0.09 100.00

2021년 10월 04일 17시 08분 03초
avg-cpu:  %user   %nice %system %iowait  %steal   %idle
           0.19    0.00    7.14    4.55    0.00   88.12

Device            r/s     w/s     rMB/s     wMB/s   rrqm/s   wrqm/s  %rrqm  %wrqm r_await w_await aqu-sz rareq-sz wareq-sz  svctm  %util
sdb           8388.00 3414.00     32.77     56.29     0.00 10955.00   0.00  76.24    0.50    0.42   0.00     4.00    16.88   0.08 100.00

2021년 10월 04일 17시 08분 04초
avg-cpu:  %user   %nice %system %iowait  %steal   %idle
           0.19    0.00    7.79    4.52    0.00   87.50

Device            r/s     w/s     rMB/s     wMB/s   rrqm/s   wrqm/s  %rrqm  %wrqm r_await w_await aqu-sz rareq-sz wareq-sz  svctm  %util
sdb           8171.00 3524.00     31.92     56.22     0.00 10876.00   0.00  75.53    0.52    0.43   0.09     4.00    16.34   0.08  98.80

2021년 10월 04일 17시 08분 05초
avg-cpu:  %user   %nice %system %iowait  %steal   %idle
           0.06    0.00    6.87    4.45    0.00   88.61

Device            r/s     w/s     rMB/s     wMB/s   rrqm/s   wrqm/s  %rrqm  %wrqm r_await w_await aqu-sz rareq-sz wareq-sz  svctm  %util
sdb           8498.00 3546.00     33.20     56.77     0.00 10966.00   0.00  75.57    0.49    0.41   0.00     4.00    16.39   0.08 100.00

2021년 10월 04일 17시 08분 06초
avg-cpu:  %user   %nice %system %iowait  %steal   %idle
           0.25    0.00    6.85    4.76    0.00   88.14

Device            r/s     w/s     rMB/s     wMB/s   rrqm/s   wrqm/s  %rrqm  %wrqm r_await w_await aqu-sz rareq-sz wareq-sz  svctm  %util
sdb           8556.00 3452.00     33.42     56.79     0.00 11074.00   0.00  76.24    0.51    0.41   0.11     4.00    16.85   0.08  98.80

2021년 10월 04일 17시 08분 07초
avg-cpu:  %user   %nice %system %iowait  %steal   %idle
           0.19    0.00    7.51    4.36    0.00   87.94

Device            r/s     w/s     rMB/s     wMB/s   rrqm/s   wrqm/s  %rrqm  %wrqm r_await w_await aqu-sz rareq-sz wareq-sz  svctm  %util
sdb           8613.00 3529.00     33.64     57.61     0.00 11259.00   0.00  76.14    0.48    0.43   0.00     4.00    16.72   0.08 100.00

2021년 10월 04일 17시 08분 08초
avg-cpu:  %user   %nice %system %iowait  %steal   %idle
           0.06    0.00    7.52    4.05    0.00   88.37

Device            r/s     w/s     rMB/s     wMB/s   rrqm/s   wrqm/s  %rrqm  %wrqm r_await w_await aqu-sz rareq-sz wareq-sz  svctm  %util
sdb           8922.00 3586.00     34.85     58.15     0.00 11338.00   0.00  75.97    0.47    0.40   0.00     4.00    16.61   0.08 100.00

2021년 10월 04일 17시 08분 09초
avg-cpu:  %user   %nice %system %iowait  %steal   %idle
           0.13    0.00    7.57    4.86    0.00   87.44

Device            r/s     w/s     rMB/s     wMB/s   rrqm/s   wrqm/s  %rrqm  %wrqm r_await w_await aqu-sz rareq-sz wareq-sz  svctm  %util
sdb           8549.00 3468.00     33.39     56.74     0.00 11009.00   0.00  76.04    0.49    0.41   0.13     4.00    16.75   0.08  98.80

2021년 10월 04일 17시 08분 10초
avg-cpu:  %user   %nice %system %iowait  %steal   %idle
           0.25    0.00    7.21    4.30    0.00   88.24

Device            r/s     w/s     rMB/s     wMB/s   rrqm/s   wrqm/s  %rrqm  %wrqm r_await w_await aqu-sz rareq-sz wareq-sz  svctm  %util
sdb           8608.00 3469.00     33.62     56.57     0.00 11028.00   0.00  76.07    0.50    0.41   0.00     4.00    16.70   0.08 100.00

2021년 10월 04일 17시 08분 11초
avg-cpu:  %user   %nice %system %iowait  %steal   %idle
           0.19    0.00    7.22    4.68    0.00   87.91

Device            r/s     w/s     rMB/s     wMB/s   rrqm/s   wrqm/s  %rrqm  %wrqm r_await w_await aqu-sz rareq-sz wareq-sz  svctm  %util
sdb           8890.00 3387.00     34.73     58.13     0.00 11366.00   0.00  77.04    0.48    0.44   0.08     4.00    17.57   0.08  99.20

2021년 10월 04일 17시 08분 12초
avg-cpu:  %user   %nice %system %iowait  %steal   %idle
           0.06    0.00    7.54    4.69    0.00   87.71

Device            r/s     w/s     rMB/s     wMB/s   rrqm/s   wrqm/s  %rrqm  %wrqm r_await w_await aqu-sz rareq-sz wareq-sz  svctm  %util
sdb           8824.00 3437.00     34.47     58.46     0.00 11468.00   0.00  76.94    0.48    0.42   0.00     4.00    17.42   0.08 100.00

2021년 10월 04일 17시 08분 13초
avg-cpu:  %user   %nice %system %iowait  %steal   %idle
           0.13    0.00    8.09    4.83    0.00   86.95

Device            r/s     w/s     rMB/s     wMB/s   rrqm/s   wrqm/s  %rrqm  %wrqm r_await w_await aqu-sz rareq-sz wareq-sz  svctm  %util
sdb           8428.00 3417.00     32.92     57.12     0.00 11149.00   0.00  76.54    0.50    0.42   0.00     4.00    17.12   0.08 100.00

2021년 10월 04일 17시 08분 14초
avg-cpu:  %user   %nice %system %iowait  %steal   %idle
           0.13    0.00    7.15    4.18    0.00   88.54

Device            r/s     w/s     rMB/s     wMB/s   rrqm/s   wrqm/s  %rrqm  %wrqm r_await w_await aqu-sz rareq-sz wareq-sz  svctm  %util
sdb           8392.00 3425.00     32.78     56.75     0.00 11116.00   0.00  76.45    0.50    0.42   0.08     4.00    16.97   0.08  99.20

2021년 10월 04일 17시 08분 15초
avg-cpu:  %user   %nice %system %iowait  %steal   %idle
           0.13    0.00    7.81    4.35    0.00   87.71

Device            r/s     w/s     rMB/s     wMB/s   rrqm/s   wrqm/s  %rrqm  %wrqm r_await w_await aqu-sz rareq-sz wareq-sz  svctm  %util
sdb           8571.00 3482.00     33.48     57.82     0.00 11284.00   0.00  76.42    0.49    0.41   0.00     4.00    17.01   0.08 100.40

2021년 10월 04일 17시 08분 16초
avg-cpu:  %user   %nice %system %iowait  %steal   %idle
           0.19    0.00    7.04    5.01    0.00   87.75

Device            r/s     w/s     rMB/s     wMB/s   rrqm/s   wrqm/s  %rrqm  %wrqm r_await w_await aqu-sz rareq-sz wareq-sz  svctm  %util
sdb           8466.00 3357.00     33.07     56.41     0.00 11022.00   0.00  76.65    0.51    0.42   0.11     4.00    17.21   0.08  98.80

2021년 10월 04일 17시 08분 17초
avg-cpu:  %user   %nice %system %iowait  %steal   %idle
           0.13    0.00    8.11    4.65    0.00   87.11

Device            r/s     w/s     rMB/s     wMB/s   rrqm/s   wrqm/s  %rrqm  %wrqm r_await w_await aqu-sz rareq-sz wareq-sz  svctm  %util
sdb           8603.00 3461.00     33.61     57.70     0.00 11260.00   0.00  76.49    0.50    0.42   0.00     4.00    17.07   0.08 100.00

2021년 10월 04일 17시 08분 18초
avg-cpu:  %user   %nice %system %iowait  %steal   %idle
           0.13    0.00    7.86    4.15    0.00   87.86

Device            r/s     w/s     rMB/s     wMB/s   rrqm/s   wrqm/s  %rrqm  %wrqm r_await w_await aqu-sz rareq-sz wareq-sz  svctm  %util
sdb           8366.00 3486.00     32.68     56.50     0.00 11001.00   0.00  75.94    0.49    0.42   0.00     4.00    16.60   0.08 100.00

2021년 10월 04일 17시 08분 19초
avg-cpu:  %user   %nice %system %iowait  %steal   %idle
           0.13    0.00    7.76    4.85    0.00   87.26

Device            r/s     w/s     rMB/s     wMB/s   rrqm/s   wrqm/s  %rrqm  %wrqm r_await w_await aqu-sz rareq-sz wareq-sz  svctm  %util
sdb           8586.00 3423.00     33.54     57.36     0.00 11246.00   0.00  76.67    0.49    0.43   0.06     4.00    17.16   0.08  98.40

2021년 10월 04일 17시 08분 20초
avg-cpu:  %user   %nice %system %iowait  %steal   %idle
           0.25    0.00    8.90    4.36    0.00   86.49

Device            r/s     w/s     rMB/s     wMB/s   rrqm/s   wrqm/s  %rrqm  %wrqm r_await w_await aqu-sz rareq-sz wareq-sz  svctm  %util
sdb           8730.00 3446.00     34.11     56.98     0.00 11104.00   0.00  76.32    0.49    0.41   0.00     4.00    16.93   0.08 100.40

2021년 10월 04일 17시 08분 21초
avg-cpu:  %user   %nice %system %iowait  %steal   %idle
           0.13    0.00    8.05    4.47    0.00   87.36

Device            r/s     w/s     rMB/s     wMB/s   rrqm/s   wrqm/s  %rrqm  %wrqm r_await w_await aqu-sz rareq-sz wareq-sz  svctm  %util
sdb           8482.00 3376.00     33.13     56.20     0.00 11013.00   0.00  76.54    0.49    0.42   0.11     4.00    17.05   0.08  98.40

2021년 10월 04일 17시 08분 22초
avg-cpu:  %user   %nice %system %iowait  %steal   %idle
           0.13    0.00    8.57    4.07    0.00   87.24

Device            r/s     w/s     rMB/s     wMB/s   rrqm/s   wrqm/s  %rrqm  %wrqm r_await w_await aqu-sz rareq-sz wareq-sz  svctm  %util
sdb           8444.00 3498.00     32.98     56.86     0.00 11026.00   0.00  75.92    0.49    0.41   0.00     4.00    16.64   0.08 100.40

2021년 10월 04일 17시 08분 23초
avg-cpu:  %user   %nice %system %iowait  %steal   %idle
           0.13    0.00    7.05    4.96    0.00   87.87

Device            r/s     w/s     rMB/s     wMB/s   rrqm/s   wrqm/s  %rrqm  %wrqm r_await w_await aqu-sz rareq-sz wareq-sz  svctm  %util
sdb           8113.00 3640.00     31.69     56.21     0.00 10792.00   0.00  74.78    0.49    0.41   0.00     4.00    15.81   0.09 100.00

2021년 10월 04일 17시 08분 24초
avg-cpu:  %user   %nice %system %iowait  %steal   %idle
           0.19    0.00    6.56    5.16    0.00   88.08

Device            r/s     w/s     rMB/s     wMB/s   rrqm/s   wrqm/s  %rrqm  %wrqm r_await w_await aqu-sz rareq-sz wareq-sz  svctm  %util
sdb           8318.00 3546.00     32.49     57.80     0.00 11269.00   0.00  76.06    0.48    0.42   0.11     4.00    16.69   0.08  98.80

2021년 10월 04일 17시 08분 25초
avg-cpu:  %user   %nice %system %iowait  %steal   %idle
           0.06    0.00    6.76    4.97    0.00   88.20

Device            r/s     w/s     rMB/s     wMB/s   rrqm/s   wrqm/s  %rrqm  %wrqm r_await w_await aqu-sz rareq-sz wareq-sz  svctm  %util
sdb           8222.00 3749.00     32.12     66.21     0.00 13279.00   0.00  77.98    0.46    0.50   0.14     4.00    18.08   0.08 100.00

2021년 10월 04일 17시 08분 26초
avg-cpu:  %user   %nice %system %iowait  %steal   %idle
           0.13    0.00    7.52    4.36    0.00   88.00

Device            r/s     w/s     rMB/s     wMB/s   rrqm/s   wrqm/s  %rrqm  %wrqm r_await w_await aqu-sz rareq-sz wareq-sz  svctm  %util
sdb           8675.00 3400.00     33.88     59.84     0.00 11905.00   0.00  77.79    0.49    0.42   0.10     4.00    18.02   0.08  98.40

2021년 10월 04일 17시 08분 27초
avg-cpu:  %user   %nice %system %iowait  %steal   %idle
           0.13    0.00    8.34    4.26    0.00   87.27

Device            r/s     w/s     rMB/s     wMB/s   rrqm/s   wrqm/s  %rrqm  %wrqm r_await w_await aqu-sz rareq-sz wareq-sz  svctm  %util
sdb           8791.00 3445.00     34.34     59.87     0.00 11830.00   0.00  77.45    0.49    0.42   0.00     4.00    17.80   0.08 100.40

2021년 10월 04일 17시 08분 28초
avg-cpu:  %user   %nice %system %iowait  %steal   %idle
           0.25    0.00    8.44    4.44    0.00   86.88

Device            r/s     w/s     rMB/s     wMB/s   rrqm/s   wrqm/s  %rrqm  %wrqm r_await w_await aqu-sz rareq-sz wareq-sz  svctm  %util
sdb           8439.00 3522.00     32.96     58.75     0.00 11548.00   0.00  76.63    0.49    0.43   0.00     4.00    17.08   0.08 100.00

2021년 10월 04일 17시 08분 29초
avg-cpu:  %user   %nice %system %iowait  %steal   %idle
           0.19    0.00    7.39    4.61    0.00   87.82

Device            r/s     w/s     rMB/s     wMB/s   rrqm/s   wrqm/s  %rrqm  %wrqm r_await w_await aqu-sz rareq-sz wareq-sz  svctm  %util
sdb           8486.00 3395.00     33.15     56.30     0.00 10953.00   0.00  76.34    0.51    0.42   0.11     4.00    16.98   0.08  98.40

2021년 10월 04일 17시 08분 30초
avg-cpu:  %user   %nice %system %iowait  %steal   %idle
           0.31    0.00    8.15    4.64    0.00   86.90

Device            r/s     w/s     rMB/s     wMB/s   rrqm/s   wrqm/s  %rrqm  %wrqm r_await w_await aqu-sz rareq-sz wareq-sz  svctm  %util
sdb           8989.00 3562.00     35.11     58.86     0.00 11568.00   0.00  76.46    0.48    0.43   0.00     4.00    16.92   0.08 100.40

2021년 10월 04일 17시 08분 31초
avg-cpu:  %user   %nice %system %iowait  %steal   %idle
           0.13    0.00    7.40    4.74    0.00   87.73

Device            r/s     w/s     rMB/s     wMB/s   rrqm/s   wrqm/s  %rrqm  %wrqm r_await w_await aqu-sz rareq-sz wareq-sz  svctm  %util
sdb           8578.00 3585.00     33.51     57.29     0.00 11136.00   0.00  75.65    0.50    0.42   0.10     4.00    16.36   0.08  98.40

2021년 10월 04일 17시 08분 32초
avg-cpu:  %user   %nice %system %iowait  %steal   %idle
           0.19    0.00    7.04    4.31    0.00   88.45

Device            r/s     w/s     rMB/s     wMB/s   rrqm/s   wrqm/s  %rrqm  %wrqm r_await w_await aqu-sz rareq-sz wareq-sz  svctm  %util
sdb           8628.00 3594.00     33.70     57.78     0.00 11201.00   0.00  75.71    0.48    0.42   0.00     4.00    16.46   0.08 100.00

2021년 10월 04일 17시 08분 33초
avg-cpu:  %user   %nice %system %iowait  %steal   %idle
           0.13    0.00    7.27    4.36    0.00   88.24

Device            r/s     w/s     rMB/s     wMB/s   rrqm/s   wrqm/s  %rrqm  %wrqm r_await w_await aqu-sz rareq-sz wareq-sz  svctm  %util
sdb           8402.00 3507.00     32.82     56.29     0.00 10914.00   0.00  75.68    0.50    0.42   0.00     4.00    16.44   0.08 100.00

2021년 10월 04일 17시 08분 34초
avg-cpu:  %user   %nice %system %iowait  %steal   %idle
           0.13    0.00    8.03    4.52    0.00   87.33

Device            r/s     w/s     rMB/s     wMB/s   rrqm/s   wrqm/s  %rrqm  %wrqm r_await w_await aqu-sz rareq-sz wareq-sz  svctm  %util
sdb           8578.00 3517.00     33.51     57.34     0.00 11134.00   0.00  75.99    0.49    0.42   0.11     4.00    16.70   0.08  98.40

2021년 10월 04일 17시 08분 35초
avg-cpu:  %user   %nice %system %iowait  %steal   %idle
           0.06    0.00    7.54    4.50    0.00   87.90

Device            r/s     w/s     rMB/s     wMB/s   rrqm/s   wrqm/s  %rrqm  %wrqm r_await w_await aqu-sz rareq-sz wareq-sz  svctm  %util
sdb           8571.00 3562.00     33.48     57.18     0.00 11016.00   0.00  75.57    0.49    0.40   0.00     4.00    16.44   0.08 100.00

2021년 10월 04일 17시 08분 36초
avg-cpu:  %user   %nice %system %iowait  %steal   %idle
           0.25    0.00    7.50    4.85    0.00   87.39

Device            r/s     w/s     rMB/s     wMB/s   rrqm/s   wrqm/s  %rrqm  %wrqm r_await w_await aqu-sz rareq-sz wareq-sz  svctm  %util
sdb           8375.00 3590.00     32.71     56.09     0.00 10894.00   0.00  75.21    0.50    0.43   0.08     4.00    16.00   0.08  98.80

2021년 10월 04일 17시 08분 37초
avg-cpu:  %user   %nice %system %iowait  %steal   %idle
           0.19    0.00    7.74    4.34    0.00   87.73

Device            r/s     w/s     rMB/s     wMB/s   rrqm/s   wrqm/s  %rrqm  %wrqm r_await w_await aqu-sz rareq-sz wareq-sz  svctm  %util
sdb           8215.00 3578.00     32.09     55.87     0.00 10788.00   0.00  75.09    0.50    0.43   0.00     4.00    15.99   0.08 100.00

2021년 10월 04일 17시 08분 38초
avg-cpu:  %user   %nice %system %iowait  %steal   %idle
           0.19    0.00    7.10    4.50    0.00   88.21

Device            r/s     w/s     rMB/s     wMB/s   rrqm/s   wrqm/s  %rrqm  %wrqm r_await w_await aqu-sz rareq-sz wareq-sz  svctm  %util
sdb           8457.00 3509.00     33.04     55.78     0.00 10819.00   0.00  75.51    0.50    0.42   0.00     4.00    16.28   0.08 100.00

2021년 10월 04일 17시 08분 39초
avg-cpu:  %user   %nice %system %iowait  %steal   %idle
           0.19    0.00    7.16    4.69    0.00   87.97

Device            r/s     w/s     rMB/s     wMB/s   rrqm/s   wrqm/s  %rrqm  %wrqm r_await w_await aqu-sz rareq-sz wareq-sz  svctm  %util
sdb           8493.00 3543.00     33.18     56.74     0.00 11033.00   0.00  75.69    0.50    0.42   0.13     4.00    16.40   0.08  98.40

2021년 10월 04일 17시 08분 40초
avg-cpu:  %user   %nice %system %iowait  %steal   %idle
           0.13    0.00    8.16    4.14    0.00   87.57

Device            r/s     w/s     rMB/s     wMB/s   rrqm/s   wrqm/s  %rrqm  %wrqm r_await w_await aqu-sz rareq-sz wareq-sz  svctm  %util
sdb           8710.00 3470.00     34.02     57.14     0.00 11161.00   0.00  76.28    0.49    0.42   0.00     4.00    16.86   0.08 100.00

2021년 10월 04일 17시 08분 41초
avg-cpu:  %user   %nice %system %iowait  %steal   %idle
           0.13    0.00    6.79    4.76    0.00   88.32

Device            r/s     w/s     rMB/s     wMB/s   rrqm/s   wrqm/s  %rrqm  %wrqm r_await w_await aqu-sz rareq-sz wareq-sz  svctm  %util
sdb           8317.00 3471.00     32.49     55.45     0.00 10656.00   0.00  75.43    0.50    0.41   0.07     4.00    16.36   0.08  98.80

2021년 10월 04일 17시 08분 42초
avg-cpu:  %user   %nice %system %iowait  %steal   %idle
           0.19    0.00    7.64    4.67    0.00   87.50

Device            r/s     w/s     rMB/s     wMB/s   rrqm/s   wrqm/s  %rrqm  %wrqm r_await w_await aqu-sz rareq-sz wareq-sz  svctm  %util
sdb           8647.00 3481.00     33.78     57.81     0.00 11200.00   0.00  76.29    0.49    0.41   0.00     4.00    17.01   0.08 100.00

2021년 10월 04일 17시 08분 43초
avg-cpu:  %user   %nice %system %iowait  %steal   %idle
           0.25    0.00    7.80    4.22    0.00   87.73

Device            r/s     w/s     rMB/s     wMB/s   rrqm/s   wrqm/s  %rrqm  %wrqm r_await w_await aqu-sz rareq-sz wareq-sz  svctm  %util
sdb           8628.00 3513.00     33.70     57.39     0.00 11042.00   0.00  75.86    0.50    0.41   0.00     4.00    16.73   0.08 100.00

2021년 10월 04일 17시 08분 44초
avg-cpu:  %user   %nice %system %iowait  %steal   %idle
           0.06    0.00    7.35    5.07    0.00   87.52

Device            r/s     w/s     rMB/s     wMB/s   rrqm/s   wrqm/s  %rrqm  %wrqm r_await w_await aqu-sz rareq-sz wareq-sz  svctm  %util
sdb           8610.00 3461.00     33.63     57.80     0.00 11340.00   0.00  76.62    0.50    0.43   0.13     4.00    17.10   0.08  98.40

2021년 10월 04일 17시 08분 45초
avg-cpu:  %user   %nice %system %iowait  %steal   %idle
           0.19    0.00    8.60    4.05    0.00   87.17

Device            r/s     w/s     rMB/s     wMB/s   rrqm/s   wrqm/s  %rrqm  %wrqm r_await w_await aqu-sz rareq-sz wareq-sz  svctm  %util
sdb           8523.00 3556.00     33.30     57.20     0.00 11158.00   0.00  75.83    0.49    0.42   0.00     4.00    16.47   0.08 100.00

2021년 10월 04일 17시 08분 46초
avg-cpu:  %user   %nice %system %iowait  %steal   %idle
           0.19    0.00    7.92    4.91    0.00   86.98

Device            r/s     w/s     rMB/s     wMB/s   rrqm/s   wrqm/s  %rrqm  %wrqm r_await w_await aqu-sz rareq-sz wareq-sz  svctm  %util
sdb           8505.00 3516.00     33.22     56.34     0.00 10955.00   0.00  75.70    0.51    0.43   0.11     4.00    16.41   0.08  98.80

2021년 10월 04일 17시 08분 47초
avg-cpu:  %user   %nice %system %iowait  %steal   %idle
           0.19    0.00    6.56    4.07    0.00   89.18

Device            r/s     w/s     rMB/s     wMB/s   rrqm/s   wrqm/s  %rrqm  %wrqm r_await w_await aqu-sz rareq-sz wareq-sz  svctm  %util
sdb           8419.00 3623.00     32.89     55.88     0.00 10743.00   0.00  74.78    0.50    0.42   0.00     4.00    15.79   0.08 100.00

2021년 10월 04일 17시 08분 48초
avg-cpu:  %user   %nice %system %iowait  %steal   %idle
           0.13    0.00    7.53    4.24    0.00   88.11

Device            r/s     w/s     rMB/s     wMB/s   rrqm/s   wrqm/s  %rrqm  %wrqm r_await w_await aqu-sz rareq-sz wareq-sz  svctm  %util
sdb           8784.00 3569.00     34.31     57.76     0.00 11297.00   0.00  75.99    0.49    0.40   0.00     4.00    16.57   0.08 100.00

2021년 10월 04일 17시 08분 49초
avg-cpu:  %user   %nice %system %iowait  %steal   %idle
           0.06    0.00    7.30    4.91    0.00   87.72

Device            r/s     w/s     rMB/s     wMB/s   rrqm/s   wrqm/s  %rrqm  %wrqm r_await w_await aqu-sz rareq-sz wareq-sz  svctm  %util
sdb           8912.00 3473.00     34.81     56.93     0.00 10735.00   0.00  75.56    0.49    0.43   0.10     4.00    16.79   0.08  98.80

2021년 10월 04일 17시 08분 50초
avg-cpu:  %user   %nice %system %iowait  %steal   %idle
           0.19    0.00    6.33    4.66    0.00   88.82

Device            r/s     w/s     rMB/s     wMB/s   rrqm/s   wrqm/s  %rrqm  %wrqm r_await w_await aqu-sz rareq-sz wareq-sz  svctm  %util
sdb           8561.00 3589.00     33.44     56.62     0.00 10914.00   0.00  75.25    0.48    0.42   0.00     4.00    16.15   0.08 100.00

2021년 10월 04일 17시 08분 51초
avg-cpu:  %user   %nice %system %iowait  %steal   %idle
           0.13    0.00    6.86    5.52    0.00   87.49

Device            r/s     w/s     rMB/s     wMB/s   rrqm/s   wrqm/s  %rrqm  %wrqm r_await w_await aqu-sz rareq-sz wareq-sz  svctm  %util
sdb           8276.00 3575.00     32.33     55.62     0.00 10693.00   0.00  74.94    0.49    0.45   0.11     4.00    15.93   0.08  98.80

2021년 10월 04일 17시 08분 52초
avg-cpu:  %user   %nice %system %iowait  %steal   %idle
           0.13    0.00    7.46    4.55    0.00   87.86

Device            r/s     w/s     rMB/s     wMB/s   rrqm/s   wrqm/s  %rrqm  %wrqm r_await w_await aqu-sz rareq-sz wareq-sz  svctm  %util
sdb           8735.00 3597.00     34.12     57.57     0.00 11232.00   0.00  75.74    0.48    0.42   0.00     4.00    16.39   0.08 100.00

2021년 10월 04일 17시 08분 53초
avg-cpu:  %user   %nice %system %iowait  %steal   %idle
           0.19    0.00    7.58    4.67    0.00   87.56

Device            r/s     w/s     rMB/s     wMB/s   rrqm/s   wrqm/s  %rrqm  %wrqm r_await w_await aqu-sz rareq-sz wareq-sz  svctm  %util
sdb           8869.00 3553.00     34.64     57.10     0.00 11048.00   0.00  75.67    0.47    0.42   0.00     4.00    16.46   0.08 100.00

2021년 10월 04일 17시 08분 54초
avg-cpu:  %user   %nice %system %iowait  %steal   %idle
           0.19    0.00    7.63    4.42    0.00   87.76

Device            r/s     w/s     rMB/s     wMB/s   rrqm/s   wrqm/s  %rrqm  %wrqm r_await w_await aqu-sz rareq-sz wareq-sz  svctm  %util
sdb           8523.00 3646.00     33.29     56.97     0.00 11043.00   0.00  75.18    0.49    0.41   0.08     4.00    16.00   0.08  98.80

2021년 10월 04일 17시 08분 55초
avg-cpu:  %user   %nice %system %iowait  %steal   %idle
           0.13    0.00    7.34    4.75    0.00   87.78

Device            r/s     w/s     rMB/s     wMB/s   rrqm/s   wrqm/s  %rrqm  %wrqm r_await w_await aqu-sz rareq-sz wareq-sz  svctm  %util
sdb           8598.00 3560.00     33.59     56.58     0.00 10987.00   0.00  75.53    0.50    0.42   0.00     4.00    16.28   0.08 100.00

2021년 10월 04일 17시 08분 56초
avg-cpu:  %user   %nice %system %iowait  %steal   %idle
           0.25    0.00    7.40    4.87    0.00   87.48

Device            r/s     w/s     rMB/s     wMB/s   rrqm/s   wrqm/s  %rrqm  %wrqm r_await w_await aqu-sz rareq-sz wareq-sz  svctm  %util
sdb           8249.00 3657.00     32.22     63.03     0.00 12571.00   0.00  77.46    0.51    0.51   0.19     4.00    17.65   0.08  98.80

2021년 10월 04일 17시 08분 57초
avg-cpu:  %user   %nice %system %iowait  %steal   %idle
           0.13    0.00    7.10    4.56    0.00   88.21

Device            r/s     w/s     rMB/s     wMB/s   rrqm/s   wrqm/s  %rrqm  %wrqm r_await w_await aqu-sz rareq-sz wareq-sz  svctm  %util
sdb           8497.00 3555.00     33.19     56.22     0.00 10877.00   0.00  75.37    0.50    0.43   0.00     4.00    16.19   0.08 100.00

2021년 10월 04일 17시 08분 58초
avg-cpu:  %user   %nice %system %iowait  %steal   %idle
           0.19    0.00    7.22    4.31    0.00   88.28

Device            r/s     w/s     rMB/s     wMB/s   rrqm/s   wrqm/s  %rrqm  %wrqm r_await w_await aqu-sz rareq-sz wareq-sz  svctm  %util
sdb           8562.00 3627.00     33.45     56.37     0.00 10942.00   0.00  75.10    0.49    0.42   0.00     4.00    15.91   0.08 100.00

2021년 10월 04일 17시 08분 59초
avg-cpu:  %user   %nice %system %iowait  %steal   %idle
           0.06    0.00    7.89    4.92    0.00   87.13

Device            r/s     w/s     rMB/s     wMB/s   rrqm/s   wrqm/s  %rrqm  %wrqm r_await w_await aqu-sz rareq-sz wareq-sz  svctm  %util
sdb           8517.00 3506.00     33.27     57.62     0.00 11334.00   0.00  76.37    0.50    0.44   0.11     4.00    16.83   0.08  98.80

2021년 10월 04일 17시 09분 00초
avg-cpu:  %user   %nice %system %iowait  %steal   %idle
           0.19    0.00    6.87    4.26    0.00   88.68

Device            r/s     w/s     rMB/s     wMB/s   rrqm/s   wrqm/s  %rrqm  %wrqm r_await w_await aqu-sz rareq-sz wareq-sz  svctm  %util
sdb           8644.00 3597.00     33.77     57.99     0.00 11304.00   0.00  75.86    0.49    0.42   0.00     4.00    16.51   0.08 100.00

2021년 10월 04일 17시 09분 01초
avg-cpu:  %user   %nice %system %iowait  %steal   %idle
           0.19    0.00    7.82    5.11    0.00   86.89

Device            r/s     w/s     rMB/s     wMB/s   rrqm/s   wrqm/s  %rrqm  %wrqm r_await w_await aqu-sz rareq-sz wareq-sz  svctm  %util
sdb           8621.00 3588.00     33.68     57.23     1.00 11138.00   0.01  75.63    0.50    0.42   0.13     4.00    16.33   0.08  98.40

2021년 10월 04일 17시 09분 02초
avg-cpu:  %user   %nice %system %iowait  %steal   %idle
           0.19    0.00    8.26    4.07    0.00   87.48

Device            r/s     w/s     rMB/s     wMB/s   rrqm/s   wrqm/s  %rrqm  %wrqm r_await w_await aqu-sz rareq-sz wareq-sz  svctm  %util
sdb           8439.00 3535.00     32.96     56.23     0.00 10925.00   0.00  75.55    0.50    0.42   0.00     4.00    16.29   0.08 100.00

2021년 10월 04일 17시 09분 03초
avg-cpu:  %user   %nice %system %iowait  %steal   %idle
           0.06    0.00    7.19    4.48    0.00   88.27

Device            r/s     w/s     rMB/s     wMB/s   rrqm/s   wrqm/s  %rrqm  %wrqm r_await w_await aqu-sz rareq-sz wareq-sz  svctm  %util
sdb           8715.00 3554.00     34.04     56.87     0.00 10786.00   0.00  75.22    0.48    0.42   0.00     4.00    16.38   0.08 100.00

2021년 10월 04일 17시 09분 04초
avg-cpu:  %user   %nice %system %iowait  %steal   %idle
           0.13    0.00    6.30    4.90    0.00   88.67

Device            r/s     w/s     rMB/s     wMB/s   rrqm/s   wrqm/s  %rrqm  %wrqm r_await w_await aqu-sz rareq-sz wareq-sz  svctm  %util
sdb           9050.00 3497.00     35.35     56.75     0.00 10466.00   0.00  74.96    0.48    0.42   0.11     4.00    16.62   0.08  98.80

2021년 10월 04일 17시 09분 05초
avg-cpu:  %user   %nice %system %iowait  %steal   %idle
           0.19    0.00    8.40    4.26    0.00   87.16

Device            r/s     w/s     rMB/s     wMB/s   rrqm/s   wrqm/s  %rrqm  %wrqm r_await w_await aqu-sz rareq-sz wareq-sz  svctm  %util
sdb           8844.00 3597.00     34.55     58.07     0.00 11287.00   0.00  75.83    0.49    0.42   0.00     4.00    16.53   0.08 100.80

2021년 10월 04일 17시 09분 06초
avg-cpu:  %user   %nice %system %iowait  %steal   %idle
           0.25    0.00    7.78    4.90    0.00   87.07

Device            r/s     w/s     rMB/s     wMB/s   rrqm/s   wrqm/s  %rrqm  %wrqm r_await w_await aqu-sz rareq-sz wareq-sz  svctm  %util
sdb           8370.00 3579.00     32.70     56.63     0.00 10975.00   0.00  75.41    0.51    0.42   0.11     4.00    16.20   0.08  98.40

2021년 10월 04일 17시 09분 07초
avg-cpu:  %user   %nice %system %iowait  %steal   %idle
           0.19    0.00    7.99    4.53    0.00   87.30

Device            r/s     w/s     rMB/s     wMB/s   rrqm/s   wrqm/s  %rrqm  %wrqm r_await w_await aqu-sz rareq-sz wareq-sz  svctm  %util
sdb           8479.00 3624.00     33.12     57.09     0.00 11052.00   0.00  75.31    0.49    0.41   0.00     4.00    16.13   0.08 100.00

2021년 10월 04일 17시 09분 08초
avg-cpu:  %user   %nice %system %iowait  %steal   %idle
           0.13    0.00    6.99    4.58    0.00   88.30

Device            r/s     w/s     rMB/s     wMB/s   rrqm/s   wrqm/s  %rrqm  %wrqm r_await w_await aqu-sz rareq-sz wareq-sz  svctm  %util
sdb           8513.00 3691.00     33.26     56.64     0.00 10904.00   0.00  74.71    0.49    0.42   0.00     4.00    15.71   0.08 100.00

2021년 10월 04일 17시 09분 09초
avg-cpu:  %user   %nice %system %iowait  %steal   %idle
           0.06    0.00    7.21    4.49    0.00   88.24

Device            r/s     w/s     rMB/s     wMB/s   rrqm/s   wrqm/s  %rrqm  %wrqm r_await w_await aqu-sz rareq-sz wareq-sz  svctm  %util
sdb           8659.00 3469.00     33.82     59.11     0.00 11409.00   0.00  76.68    0.50    0.44   0.13     4.00    17.45   0.08  98.40

2021년 10월 04일 17시 09분 10초
avg-cpu:  %user   %nice %system %iowait  %steal   %idle
           0.13    0.00    7.54    4.21    0.00   88.13

Device            r/s     w/s     rMB/s     wMB/s   rrqm/s   wrqm/s  %rrqm  %wrqm r_await w_await aqu-sz rareq-sz wareq-sz  svctm  %util
sdb           9136.00 3383.00     35.69     60.29     0.00 11358.00   0.00  77.05    0.48    0.43   0.00     4.00    18.25   0.08 100.00

2021년 10월 04일 17시 09분 11초
avg-cpu:  %user   %nice %system %iowait  %steal   %idle
           0.31    0.00    7.79    5.03    0.00   86.86

Device            r/s     w/s     rMB/s     wMB/s   rrqm/s   wrqm/s  %rrqm  %wrqm r_await w_await aqu-sz rareq-sz wareq-sz  svctm  %util
sdb           8413.00 3429.00     32.86     58.50     0.00 11513.00   0.00  77.05    0.51    0.43   0.13     4.00    17.47   0.08  98.80

2021년 10월 04일 17시 09분 12초
avg-cpu:  %user   %nice %system %iowait  %steal   %idle
           0.13    0.00    7.54    4.37    0.00   87.97

Device            r/s     w/s     rMB/s     wMB/s   rrqm/s   wrqm/s  %rrqm  %wrqm r_await w_await aqu-sz rareq-sz wareq-sz  svctm  %util
sdb           8657.00 3502.00     33.82     60.06     0.00 11886.00   0.00  77.24    0.50    0.42   0.00     4.00    17.56   0.08 100.00

2021년 10월 04일 17시 09분 13초
avg-cpu:  %user   %nice %system %iowait  %steal   %idle
           0.13    0.00    7.57    4.48    0.00   87.83

Device            r/s     w/s     rMB/s     wMB/s   rrqm/s   wrqm/s  %rrqm  %wrqm r_await w_await aqu-sz rareq-sz wareq-sz  svctm  %util
sdb           8379.00 3480.00     32.73     57.98     0.00 11349.00   0.00  76.53    0.49    0.42   0.00     4.00    17.06   0.08 100.00

2021년 10월 04일 17시 09분 14초
avg-cpu:  %user   %nice %system %iowait  %steal   %idle
           0.13    0.00    7.40    5.44    0.00   87.03

Device            r/s     w/s     rMB/s     wMB/s   rrqm/s   wrqm/s  %rrqm  %wrqm r_await w_await aqu-sz rareq-sz wareq-sz  svctm  %util
sdb           8637.00 3474.00     33.74     59.39     0.00 11709.00   0.00  77.12    0.49    0.43   0.09     4.00    17.50   0.08  98.80

2021년 10월 04일 17시 09분 15초
avg-cpu:  %user   %nice %system %iowait  %steal   %idle
           0.19    0.00    8.10    4.71    0.00   87.00

Device            r/s     w/s     rMB/s     wMB/s   rrqm/s   wrqm/s  %rrqm  %wrqm r_await w_await aqu-sz rareq-sz wareq-sz  svctm  %util
sdb           8599.00 3513.00     33.59     59.13     0.00 11615.00   0.00  76.78    0.50    0.43   0.00     4.00    17.23   0.08 100.00

2021년 10월 04일 17시 09분 16초
avg-cpu:  %user   %nice %system %iowait  %steal   %idle
           0.19    0.00    7.04    5.01    0.00   87.76

Device            r/s     w/s     rMB/s     wMB/s   rrqm/s   wrqm/s  %rrqm  %wrqm r_await w_await aqu-sz rareq-sz wareq-sz  svctm  %util
sdb           8610.00 3507.00     33.63     58.11     0.00 11418.00   0.00  76.50    0.49    0.43   0.11     4.00    16.97   0.08  98.80

2021년 10월 04일 17시 09분 17초
avg-cpu:  %user   %nice %system %iowait  %steal   %idle
           0.19    0.00    7.81    4.47    0.00   87.53

Device            r/s     w/s     rMB/s     wMB/s   rrqm/s   wrqm/s  %rrqm  %wrqm r_await w_await aqu-sz rareq-sz wareq-sz  svctm  %util
sdb           8721.00 3503.00     34.07     59.53     0.00 11714.00   0.00  76.98    0.48    0.40   0.00     4.00    17.40   0.08 100.00

2021년 10월 04일 17시 09분 18초
avg-cpu:  %user   %nice %system %iowait  %steal   %idle
           0.06    0.00    7.57    5.23    0.00   87.14

Device            r/s     w/s     rMB/s     wMB/s   rrqm/s   wrqm/s  %rrqm  %wrqm r_await w_await aqu-sz rareq-sz wareq-sz  svctm  %util
sdb           8370.00 3414.00     32.70     58.02     0.00 11422.00   0.00  76.99    0.50    0.42   0.14     4.00    17.40   0.08  98.00

2021년 10월 04일 17시 09분 19초
avg-cpu:  %user   %nice %system %iowait  %steal   %idle
           0.13    0.00    8.21    4.26    0.00   87.40

Device            r/s     w/s     rMB/s     wMB/s   rrqm/s   wrqm/s  %rrqm  %wrqm r_await w_await aqu-sz rareq-sz wareq-sz  svctm  %util
sdb           8472.00 3474.00     33.09     58.92     0.00 11559.00   0.00  76.89    0.48    0.42   0.00     4.00    17.37   0.08 100.00

2021년 10월 04일 17시 09분 20초
avg-cpu:  %user   %nice %system %iowait  %steal   %idle
           0.19    0.00    7.34    4.43    0.00   88.04

Device            r/s     w/s     rMB/s     wMB/s   rrqm/s   wrqm/s  %rrqm  %wrqm r_await w_await aqu-sz rareq-sz wareq-sz  svctm  %util
sdb           8488.00 3417.00     33.16     58.19     0.00 11439.00   0.00  77.00    0.49    0.42   0.00     4.00    17.44   0.08 100.00

2021년 10월 04일 17시 09분 21초
avg-cpu:  %user   %nice %system %iowait  %steal   %idle
           0.06    0.00    7.17    4.51    0.00   88.26

Device            r/s     w/s     rMB/s     wMB/s   rrqm/s   wrqm/s  %rrqm  %wrqm r_await w_await aqu-sz rareq-sz wareq-sz  svctm  %util
sdb           8430.00 3513.00     32.93     59.91     0.00 11821.00   0.00  77.09    0.48    0.43   0.11     4.00    17.46   0.08  98.80

2021년 10월 04일 17시 09분 22초
avg-cpu:  %user   %nice %system %iowait  %steal   %idle
           0.13    0.00    7.28    4.56    0.00   88.04

Device            r/s     w/s     rMB/s     wMB/s   rrqm/s   wrqm/s  %rrqm  %wrqm r_await w_await aqu-sz rareq-sz wareq-sz  svctm  %util
sdb           8280.00 3603.00     32.35     60.10     1.00 11801.00   0.01  76.61    0.48    0.42   0.00     4.00    17.08   0.08 100.00

2021년 10월 04일 17시 09분 23초
avg-cpu:  %user   %nice %system %iowait  %steal   %idle
           0.13    0.00    7.16    4.44    0.00   88.28

Device            r/s     w/s     rMB/s     wMB/s   rrqm/s   wrqm/s  %rrqm  %wrqm r_await w_await aqu-sz rareq-sz wareq-sz  svctm  %util
sdb           8224.00 3373.00     32.12     58.17     0.00 11515.00   0.00  77.34    0.51    0.43   0.10     4.00    17.66   0.09  98.80

2021년 10월 04일 17시 09분 24초
avg-cpu:  %user   %nice %system %iowait  %steal   %idle
           0.19    0.00    7.74    4.91    0.00   87.17

Device            r/s     w/s     rMB/s     wMB/s   rrqm/s   wrqm/s  %rrqm  %wrqm r_await w_await aqu-sz rareq-sz wareq-sz  svctm  %util
sdb           8664.00 3475.00     33.85     59.31     1.00 11605.00   0.01  76.96    0.49    0.42   0.00     4.00    17.48   0.08 100.00

2021년 10월 04일 17시 09분 25초
avg-cpu:  %user   %nice %system %iowait  %steal   %idle
           0.06    0.00    8.61    4.55    0.00   86.77

Device            r/s     w/s     rMB/s     wMB/s   rrqm/s   wrqm/s  %rrqm  %wrqm r_await w_await aqu-sz rareq-sz wareq-sz  svctm  %util
sdb           9049.00 3535.00     35.35     61.66     0.00 12091.00   0.00  77.38    0.47    0.42   0.00     4.00    17.86   0.08 100.00

2021년 10월 04일 17시 09분 26초
avg-cpu:  %user   %nice %system %iowait  %steal   %idle
           0.00    0.00    6.12    5.36    0.00   88.52

Device            r/s     w/s     rMB/s     wMB/s   rrqm/s   wrqm/s  %rrqm  %wrqm r_await w_await aqu-sz rareq-sz wareq-sz  svctm  %util
sdb           9351.00 3293.00     36.53     61.42     0.00 11795.00   0.00  78.17    0.47    0.45   0.08     4.00    19.10   0.08  98.40

2021년 10월 04일 17시 09분 27초
avg-cpu:  %user   %nice %system %iowait  %steal   %idle
           0.13    0.00    7.92    4.78    0.00   87.18

Device            r/s     w/s     rMB/s     wMB/s   rrqm/s   wrqm/s  %rrqm  %wrqm r_await w_await aqu-sz rareq-sz wareq-sz  svctm  %util
sdb           8245.00 3526.00     32.21     66.28     0.00 13422.00   0.00  79.20    0.51    0.53   0.11     4.00    19.25   0.08 100.00

2021년 10월 04일 17시 09분 28초
avg-cpu:  %user   %nice %system %iowait  %steal   %idle
           0.26    0.00    5.89    5.19    0.00   88.66

Device            r/s     w/s     rMB/s     wMB/s   rrqm/s   wrqm/s  %rrqm  %wrqm r_await w_await aqu-sz rareq-sz wareq-sz  svctm  %util
sdb           8502.00 3379.00     33.21     58.19     0.00 11523.00   0.00  77.33    0.50    0.43   0.11     4.00    17.63   0.08  98.40

2021년 10월 04일 17시 09분 29초
avg-cpu:  %user   %nice %system %iowait  %steal   %idle
           0.25    0.00    7.69    4.16    0.00   87.90

Device            r/s     w/s     rMB/s     wMB/s   rrqm/s   wrqm/s  %rrqm  %wrqm r_await w_await aqu-sz rareq-sz wareq-sz  svctm  %util
sdb           8401.00 3408.00     32.82     60.47     0.00 12096.00   0.00  78.02    0.50    0.42   0.00     4.00    18.17   0.08 100.00

2021년 10월 04일 17시 09분 30초
avg-cpu:  %user   %nice %system %iowait  %steal   %idle
           0.13    0.00    7.22    4.56    0.00   88.09

Device            r/s     w/s     rMB/s     wMB/s   rrqm/s   wrqm/s  %rrqm  %wrqm r_await w_await aqu-sz rareq-sz wareq-sz  svctm  %util
sdb           8654.00 3436.00     33.80     60.54     0.00 12029.00   0.00  77.78    0.48    0.42   0.00     4.00    18.04   0.08 100.40

2021년 10월 04일 17시 09분 31초
avg-cpu:  %user   %nice %system %iowait  %steal   %idle
           0.06    0.00    6.45    5.36    0.00   88.13

Device            r/s     w/s     rMB/s     wMB/s   rrqm/s   wrqm/s  %rrqm  %wrqm r_await w_await aqu-sz rareq-sz wareq-sz  svctm  %util
sdb           8436.00 3361.00     32.95     59.21     0.00 11766.00   0.00  77.78    0.51    0.43   0.11     4.00    18.04   0.08  98.40

2021년 10월 04일 17시 09분 32초
avg-cpu:  %user   %nice %system %iowait  %steal   %idle
           0.19    0.00    7.56    4.47    0.00   87.78

Device            r/s     w/s     rMB/s     wMB/s   rrqm/s   wrqm/s  %rrqm  %wrqm r_await w_await aqu-sz rareq-sz wareq-sz  svctm  %util
sdb           8193.00 3370.00     32.01     58.40     1.00 11621.00   0.01  77.52    0.51    0.43   0.00     4.00    17.75   0.09 100.00

2021년 10월 04일 17시 09분 33초
avg-cpu:  %user   %nice %system %iowait  %steal   %idle
           0.13    0.00    7.92    4.84    0.00   87.12

Device            r/s     w/s     rMB/s     wMB/s   rrqm/s   wrqm/s  %rrqm  %wrqm r_await w_await aqu-sz rareq-sz wareq-sz  svctm  %util
sdb           8457.00 3369.00     33.04     59.63     0.00 11854.00   0.00  77.87    0.49    0.43   0.10     4.00    18.13   0.08  98.80

2021년 10월 04일 17시 09분 34초
avg-cpu:  %user   %nice %system %iowait  %steal   %idle
           0.13    0.00    6.93    4.70    0.00   88.25

Device            r/s     w/s     rMB/s     wMB/s   rrqm/s   wrqm/s  %rrqm  %wrqm r_await w_await aqu-sz rareq-sz wareq-sz  svctm  %util
sdb           8539.00 3479.00     33.36     60.38     0.00 12000.00   0.00  77.52    0.48    0.42   0.00     4.00    17.77   0.08 100.00

2021년 10월 04일 17시 09분 35초
avg-cpu:  %user   %nice %system %iowait  %steal   %idle
           0.13    0.00    6.73    4.70    0.00   88.44

Device            r/s     w/s     rMB/s     wMB/s   rrqm/s   wrqm/s  %rrqm  %wrqm r_await w_await aqu-sz rareq-sz wareq-sz  svctm  %util
sdb           8323.00 3395.00     32.51     58.92     0.00 11691.00   0.00  77.50    0.50    0.43   0.10     4.00    17.77   0.08  98.00

2021년 10월 04일 17시 09분 36초
avg-cpu:  %user   %nice %system %iowait  %steal   %idle
           0.13    0.00    6.24    4.59    0.00   89.04

Device            r/s     w/s     rMB/s     wMB/s   rrqm/s   wrqm/s  %rrqm  %wrqm r_await w_await aqu-sz rareq-sz wareq-sz  svctm  %util
sdb           9039.00 3330.00     35.31     60.95     0.00 11925.00   0.00  78.17    0.48    0.42   0.00     4.00    18.74   0.08 100.40

2021년 10월 04일 17시 09분 37초
avg-cpu:  %user   %nice %system %iowait  %steal   %idle
           0.19    0.00    7.68    4.78    0.00   87.35

Device            r/s     w/s     rMB/s     wMB/s   rrqm/s   wrqm/s  %rrqm  %wrqm r_await w_await aqu-sz rareq-sz wareq-sz  svctm  %util
sdb           8425.00 3382.00     32.91     59.44     1.00 11832.00   0.01  77.77    0.50    0.43   0.00     4.00    18.00   0.08  99.60

2021년 10월 04일 17시 09분 38초
avg-cpu:  %user   %nice %system %iowait  %steal   %idle
           0.06    0.00    8.44    4.75    0.00   86.74

Device            r/s     w/s     rMB/s     wMB/s   rrqm/s   wrqm/s  %rrqm  %wrqm r_await w_await aqu-sz rareq-sz wareq-sz  svctm  %util
sdb           8423.00 3436.00     32.90     59.79     0.00 11836.00   0.00  77.50    0.50    0.43   0.10     4.00    17.82   0.08  98.80

2021년 10월 04일 17시 09분 39초
avg-cpu:  %user   %nice %system %iowait  %steal   %idle
           0.19    0.00    7.75    4.28    0.00   87.78

Device            r/s     w/s     rMB/s     wMB/s   rrqm/s   wrqm/s  %rrqm  %wrqm r_await w_await aqu-sz rareq-sz wareq-sz  svctm  %util
sdb           8479.00 3445.00     33.12     60.23     0.00 11980.00   0.00  77.67    0.49    0.41   0.00     4.00    17.90   0.08 100.40

2021년 10월 04일 17시 09분 40초
avg-cpu:  %user   %nice %system %iowait  %steal   %idle
           0.19    0.00    7.69    4.79    0.00   87.33

Device            r/s     w/s     rMB/s     wMB/s   rrqm/s   wrqm/s  %rrqm  %wrqm r_await w_await aqu-sz rareq-sz wareq-sz  svctm  %util
sdb           8610.00 3336.00     33.63     59.62     0.00 11876.00   0.00  78.07    0.49    0.42   0.10     4.00    18.30   0.08  98.40

2021년 10월 04일 17시 09분 41초
avg-cpu:  %user   %nice %system %iowait  %steal   %idle
           0.13    0.00    7.35    4.50    0.00   88.02

Device            r/s     w/s     rMB/s     wMB/s   rrqm/s   wrqm/s  %rrqm  %wrqm r_await w_await aqu-sz rareq-sz wareq-sz  svctm  %util
sdb           8628.00 3517.00     33.70     59.42     0.00 11660.00   0.00  76.83    0.49    0.41   0.00     4.00    17.30   0.08 100.40

2021년 10월 04일 17시 09분 42초
avg-cpu:  %user   %nice %system %iowait  %steal   %idle
           0.25    0.00    7.58    4.55    0.00   87.63

Device            r/s     w/s     rMB/s     wMB/s   rrqm/s   wrqm/s  %rrqm  %wrqm r_await w_await aqu-sz rareq-sz wareq-sz  svctm  %util
sdb           8685.00 3474.00     33.93     59.29     0.00 11721.00   0.00  77.14    0.49    0.42   0.00     4.00    17.47   0.08 100.00

2021년 10월 04일 17시 09분 43초
avg-cpu:  %user   %nice %system %iowait  %steal   %idle
           0.13    0.00    7.40    5.00    0.00   87.48

Device            r/s     w/s     rMB/s     wMB/s   rrqm/s   wrqm/s  %rrqm  %wrqm r_await w_await aqu-sz rareq-sz wareq-sz  svctm  %util
sdb           8620.00 3486.00     33.67     58.86     0.00 11622.00   0.00  76.93    0.50    0.41   0.10     4.00    17.29   0.08  98.80

2021년 10월 04일 17시 09분 44초
avg-cpu:  %user   %nice %system %iowait  %steal   %idle
           0.19    0.00    7.46    4.49    0.00   87.86

Device            r/s     w/s     rMB/s     wMB/s   rrqm/s   wrqm/s  %rrqm  %wrqm r_await w_await aqu-sz rareq-sz wareq-sz  svctm  %util
sdb           8897.00 3449.00     34.75     59.95     0.00 11864.00   0.00  77.48    0.48    0.41   0.00     4.00    17.80   0.08  99.60

2021년 10월 04일 17시 09분 45초
avg-cpu:  %user   %nice %system %iowait  %steal   %idle
           0.19    0.00    7.45    5.30    0.00   87.06

Device            r/s     w/s     rMB/s     wMB/s   rrqm/s   wrqm/s  %rrqm  %wrqm r_await w_await aqu-sz rareq-sz wareq-sz  svctm  %util
sdb           8382.00 3407.00     32.74     57.77     0.00 11347.00   0.00  76.91    0.51    0.42   0.11     4.00    17.36   0.08  99.20

2021년 10월 04일 17시 09분 46초
avg-cpu:  %user   %nice %system %iowait  %steal   %idle
           0.38    0.00    6.62    4.64    0.00   88.36

Device            r/s     w/s     rMB/s     wMB/s   rrqm/s   wrqm/s  %rrqm  %wrqm r_await w_await aqu-sz rareq-sz wareq-sz  svctm  %util
sdb           8392.00 3482.00     32.78     56.80     0.00 10972.00   0.00  75.91    0.51    0.42   0.00     4.00    16.71   0.08 100.00

2021년 10월 04일 17시 09분 47초
avg-cpu:  %user   %nice %system %iowait  %steal   %idle
           0.25    0.00    6.44    4.53    0.00   88.78

Device            r/s     w/s     rMB/s     wMB/s   rrqm/s   wrqm/s  %rrqm  %wrqm r_await w_await aqu-sz rareq-sz wareq-sz  svctm  %util
sdb           8544.00 3496.00     33.38     57.79     0.00 11248.00   0.00  76.29    0.48    0.42   0.00     4.00    16.93   0.08 100.00

2021년 10월 04일 17시 09분 48초
avg-cpu:  %user   %nice %system %iowait  %steal   %idle
           0.25    0.00    8.22    4.96    0.00   86.57

Device            r/s     w/s     rMB/s     wMB/s   rrqm/s   wrqm/s  %rrqm  %wrqm r_await w_await aqu-sz rareq-sz wareq-sz  svctm  %util
sdb           8441.00 3338.00     32.97     56.01     0.00 10950.00   0.00  76.64    0.51    0.42   0.11     4.00    17.18   0.08  99.60

2021년 10월 04일 17시 09분 49초
avg-cpu:  %user   %nice %system %iowait  %steal   %idle
           0.13    0.00    7.23    4.95    0.00   87.69

Device            r/s     w/s     rMB/s     wMB/s   rrqm/s   wrqm/s  %rrqm  %wrqm r_await w_await aqu-sz rareq-sz wareq-sz  svctm  %util
sdb           8463.00 3459.00     33.06     57.14     0.00 11146.00   0.00  76.32    0.50    0.41   0.00     4.00    16.91   0.08 100.00

2021년 10월 04일 17시 09분 50초
avg-cpu:  %user   %nice %system %iowait  %steal   %idle
           0.19    0.00    7.75    4.60    0.00   87.47

Device            r/s     w/s     rMB/s     wMB/s   rrqm/s   wrqm/s  %rrqm  %wrqm r_await w_await aqu-sz rareq-sz wareq-sz  svctm  %util
sdb           8583.00 3417.00     33.53     57.08     0.00 11107.00   0.00  76.47    0.48    0.42   0.06     4.00    17.11   0.08  98.80

2021년 10월 04일 17시 09분 51초
avg-cpu:  %user   %nice %system %iowait  %steal   %idle
           0.19    0.00    7.10    4.06    0.00   88.65

Device            r/s     w/s     rMB/s     wMB/s   rrqm/s   wrqm/s  %rrqm  %wrqm r_await w_await aqu-sz rareq-sz wareq-sz  svctm  %util
sdb           8541.00 3403.00     33.36     56.96     0.00 11125.00   0.00  76.58    0.50    0.42   0.00     4.00    17.14   0.08 100.00

2021년 10월 04일 17시 09분 52초
avg-cpu:  %user   %nice %system %iowait  %steal   %idle
           0.13    0.00    7.93    4.22    0.00   87.73

Device            r/s     w/s     rMB/s     wMB/s   rrqm/s   wrqm/s  %rrqm  %wrqm r_await w_await aqu-sz rareq-sz wareq-sz  svctm  %util
sdb           8609.00 3514.00     33.63     57.98     0.00 11269.00   0.00  76.23    0.49    0.41   0.00     4.00    16.90   0.08 100.00

2021년 10월 04일 17시 09분 53초
avg-cpu:  %user   %nice %system %iowait  %steal   %idle
           0.19    0.00    7.04    4.82    0.00   87.94

Device            r/s     w/s     rMB/s     wMB/s   rrqm/s   wrqm/s  %rrqm  %wrqm r_await w_await aqu-sz rareq-sz wareq-sz  svctm  %util
sdb           8328.00 3386.00     32.53     55.83     0.00 10831.00   0.00  76.18    0.51    0.43   0.14     4.00    16.88   0.08  98.00

2021년 10월 04일 17시 09분 54초
avg-cpu:  %user   %nice %system %iowait  %steal   %idle
           0.19    0.00    7.34    4.30    0.00   88.16

Device            r/s     w/s     rMB/s     wMB/s   rrqm/s   wrqm/s  %rrqm  %wrqm r_await w_await aqu-sz rareq-sz wareq-sz  svctm  %util
sdb           8415.00 3419.00     32.87     56.88     0.00 11131.00   0.00  76.50    0.50    0.42   0.00     4.00    17.04   0.08 100.00

2021년 10월 04일 17시 09분 55초
avg-cpu:  %user   %nice %system %iowait  %steal   %idle
           0.19    0.00    7.40    5.44    0.00   86.98

Device            r/s     w/s     rMB/s     wMB/s   rrqm/s   wrqm/s  %rrqm  %wrqm r_await w_await aqu-sz rareq-sz wareq-sz  svctm  %util
sdb           8639.00 3386.00     33.75     57.79     0.00 11344.00   0.00  77.01    0.49    0.41   0.12     4.00    17.48   0.08  98.40

2021년 10월 04일 17시 09분 56초
avg-cpu:  %user   %nice %system %iowait  %steal   %idle
           0.19    0.00    7.05    4.38    0.00   88.38

Device            r/s     w/s     rMB/s     wMB/s   rrqm/s   wrqm/s  %rrqm  %wrqm r_await w_await aqu-sz rareq-sz wareq-sz  svctm  %util
sdb           8660.00 3520.00     33.83     58.81     0.00 11555.00   0.00  76.65    0.48    0.42   0.00     4.00    17.11   0.08 100.00

2021년 10월 04일 17시 09분 57초
avg-cpu:  %user   %nice %system %iowait  %steal   %idle
           0.13    0.00    7.98    4.90    0.00   86.99

Device            r/s     w/s     rMB/s     wMB/s   rrqm/s   wrqm/s  %rrqm  %wrqm r_await w_await aqu-sz rareq-sz wareq-sz  svctm  %util
sdb           8501.00 3521.00     33.21     58.09     0.00 11446.00   0.00  76.47    0.49    0.41   0.00     4.00    16.89   0.08 100.00

2021년 10월 04일 17시 09분 58초
avg-cpu:  %user   %nice %system %iowait  %steal   %idle
           0.19    0.00    7.16    5.13    0.00   87.52

Device            r/s     w/s     rMB/s     wMB/s   rrqm/s   wrqm/s  %rrqm  %wrqm r_await w_await aqu-sz rareq-sz wareq-sz  svctm  %util
sdb           8553.00 3404.00     33.41     64.11     0.00 12794.00   0.00  78.99    0.51    0.55   0.35     4.00    19.29   0.08  98.80

2021년 10월 04일 17시 09분 59초
avg-cpu:  %user   %nice %system %iowait  %steal   %idle
           0.19    0.00    7.23    4.51    0.00   88.07

Device            r/s     w/s     rMB/s     wMB/s   rrqm/s   wrqm/s  %rrqm  %wrqm r_await w_await aqu-sz rareq-sz wareq-sz  svctm  %util
sdb           8704.00 3508.00     34.00     58.41     0.00 11437.00   0.00  76.53    0.50    0.41   0.00     4.00    17.05   0.08 100.00

2021년 10월 04일 17시 10분 00초
avg-cpu:  %user   %nice %system %iowait  %steal   %idle
           0.25    0.00    7.26    4.98    0.00   87.51

Device            r/s     w/s     rMB/s     wMB/s   rrqm/s   wrqm/s  %rrqm  %wrqm r_await w_await aqu-sz rareq-sz wareq-sz  svctm  %util
sdb           8289.00 3359.00     32.38     55.72     0.00 10899.00   0.00  76.44    0.52    0.42   0.14     4.00    16.99   0.08  98.00

2021년 10월 04일 17시 10분 01초
avg-cpu:  %user   %nice %system %iowait  %steal   %idle
           0.13    0.00    7.99    4.78    0.00   87.10

Device            r/s     w/s     rMB/s     wMB/s   rrqm/s   wrqm/s  %rrqm  %wrqm r_await w_await aqu-sz rareq-sz wareq-sz  svctm  %util
sdb           8855.00 3459.00     34.59     60.35     0.00 11862.00   0.00  77.42    0.48    0.40   0.00     4.00    17.87   0.08 100.00

2021년 10월 04일 17시 10분 02초
avg-cpu:  %user   %nice %system %iowait  %steal   %idle
           0.19    0.00    7.57    4.41    0.00   87.83

Device            r/s     w/s     rMB/s     wMB/s   rrqm/s   wrqm/s  %rrqm  %wrqm r_await w_await aqu-sz rareq-sz wareq-sz  svctm  %util
sdb           8736.00 3500.00     34.12     59.51     0.00 11704.00   0.00  76.98    0.48    0.41   0.00     4.00    17.41   0.08 100.00

2021년 10월 04일 17시 10분 03초
avg-cpu:  %user   %nice %system %iowait  %steal   %idle
           0.13    0.00    6.81    4.83    0.00   88.23

Device            r/s     w/s     rMB/s     wMB/s   rrqm/s   wrqm/s  %rrqm  %wrqm r_await w_await aqu-sz rareq-sz wareq-sz  svctm  %util
sdb           8405.00 3405.00     32.83     57.81     0.00 11327.00   0.00  76.89    0.51    0.43   0.14     4.00    17.39   0.08  98.40

2021년 10월 04일 17시 10분 04초
avg-cpu:  %user   %nice %system %iowait  %steal   %idle
           0.25    0.00    7.57    4.67    0.00   87.52

Device            r/s     w/s     rMB/s     wMB/s   rrqm/s   wrqm/s  %rrqm  %wrqm r_await w_await aqu-sz rareq-sz wareq-sz  svctm  %util
sdb           8668.00 3554.00     33.86     59.38     0.00 11627.00   0.00  76.59    0.48    0.41   0.00     4.00    17.11   0.08 100.00

2021년 10월 04일 17시 10분 05초
avg-cpu:  %user   %nice %system %iowait  %steal   %idle
           0.25    0.00    8.44    4.50    0.00   86.81

Device            r/s     w/s     rMB/s     wMB/s   rrqm/s   wrqm/s  %rrqm  %wrqm r_await w_await aqu-sz rareq-sz wareq-sz  svctm  %util
sdb           8550.00 3398.00     33.40     58.28     0.00 11385.00   0.00  77.01    0.50    0.42   0.06     4.00    17.56   0.08  98.80

2021년 10월 04일 17시 10분 06초
avg-cpu:  %user   %nice %system %iowait  %steal   %idle
           0.19    0.00    7.99    4.59    0.00   87.22

Device            r/s     w/s     rMB/s     wMB/s   rrqm/s   wrqm/s  %rrqm  %wrqm r_await w_await aqu-sz rareq-sz wareq-sz  svctm  %util
sdb           8763.00 3560.00     34.23     60.07     0.00 11766.00   0.00  76.77    0.48    0.40   0.00     4.00    17.28   0.08 100.00

2021년 10월 04일 17시 10분 07초
avg-cpu:  %user   %nice %system %iowait  %steal   %idle
           0.13    0.00    7.40    5.25    0.00   87.22

Device            r/s     w/s     rMB/s     wMB/s   rrqm/s   wrqm/s  %rrqm  %wrqm r_await w_await aqu-sz rareq-sz wareq-sz  svctm  %util
sdb           8314.00 3384.00     32.48     57.07     0.00 11224.00   0.00  76.83    0.52    0.43   0.13     4.00    17.27   0.08  98.80

2021년 10월 04일 17시 10분 08초
avg-cpu:  %user   %nice %system %iowait  %steal   %idle
           0.31    0.00    7.49    4.66    0.00   87.53

Device            r/s     w/s     rMB/s     wMB/s   rrqm/s   wrqm/s  %rrqm  %wrqm r_await w_await aqu-sz rareq-sz wareq-sz  svctm  %util
sdb           8471.29 3397.03     33.09     57.33     0.00 11224.75   0.00  76.77    0.49    0.42   0.00     4.00    17.28   0.08  99.01

2021년 10월 04일 17시 10분 09초
avg-cpu:  %user   %nice %system %iowait  %steal   %idle
           0.19    0.00    7.45    4.80    0.00   87.56

Device            r/s     w/s     rMB/s     wMB/s   rrqm/s   wrqm/s  %rrqm  %wrqm r_await w_await aqu-sz rareq-sz wareq-sz  svctm  %util
sdb           8387.00 3546.00     32.76     58.98     0.00 11543.00   0.00  76.50    0.50    0.41   0.00     4.00    17.03   0.08 100.00

2021년 10월 04일 17시 10분 10초
avg-cpu:  %user   %nice %system %iowait  %steal   %idle
           0.13    0.00    6.90    4.62    0.00   88.35

Device            r/s     w/s     rMB/s     wMB/s   rrqm/s   wrqm/s  %rrqm  %wrqm r_await w_await aqu-sz rareq-sz wareq-sz  svctm  %util
sdb           8250.00 3436.00     32.23     57.80     0.00 11319.00   0.00  76.71    0.50    0.42   0.11     4.00    17.23   0.08  98.80

2021년 10월 04일 17시 10분 11초
avg-cpu:  %user   %nice %system %iowait  %steal   %idle
           0.44    0.00    6.93    4.70    0.00   87.93

Device            r/s     w/s     rMB/s     wMB/s   rrqm/s   wrqm/s  %rrqm  %wrqm r_await w_await aqu-sz rareq-sz wareq-sz  svctm  %util
sdb           8617.00 3452.00     33.66     58.84     0.00 11492.00   0.00  76.90    0.49    0.41   0.00     4.00    17.45   0.08 100.00

2021년 10월 04일 17시 10분 12초
avg-cpu:  %user   %nice %system %iowait  %steal   %idle
           0.13    0.00    7.52    4.93    0.00   87.43

Device            r/s     w/s     rMB/s     wMB/s   rrqm/s   wrqm/s  %rrqm  %wrqm r_await w_await aqu-sz rareq-sz wareq-sz  svctm  %util
sdb           8537.00 3410.00     33.35     57.86     0.00 11311.00   0.00  76.84    0.49    0.43   0.09     4.00    17.37   0.08  99.20

2021년 10월 04일 17시 10분 13초
avg-cpu:  %user   %nice %system %iowait  %steal   %idle
           0.13    0.00    7.11    4.63    0.00   88.13

Device            r/s     w/s     rMB/s     wMB/s   rrqm/s   wrqm/s  %rrqm  %wrqm r_await w_await aqu-sz rareq-sz wareq-sz  svctm  %util
sdb           8713.00 3508.00     34.03     59.88     0.00 11812.00   0.00  77.10    0.48    0.42   0.00     4.00    17.48   0.08 100.00

2021년 10월 04일 17시 10분 14초
avg-cpu:  %user   %nice %system %iowait  %steal   %idle
           0.19    0.00    7.38    4.35    0.00   88.08

Device            r/s     w/s     rMB/s     wMB/s   rrqm/s   wrqm/s  %rrqm  %wrqm r_await w_await aqu-sz rareq-sz wareq-sz  svctm  %util
sdb           8145.00 3523.00     31.82     58.30     0.00 11459.00   0.00  76.49    0.51    0.42   0.00     4.00    16.95   0.09 100.00

2021년 10월 04일 17시 10분 15초
avg-cpu:  %user   %nice %system %iowait  %steal   %idle
           0.19    0.00    7.56    5.29    0.00   86.96

Device            r/s     w/s     rMB/s     wMB/s   rrqm/s   wrqm/s  %rrqm  %wrqm r_await w_await aqu-sz rareq-sz wareq-sz  svctm  %util
sdb           8436.00 3434.00     32.95     57.57     0.00 11312.00   0.00  76.71    0.50    0.43   0.10     4.00    17.17   0.08  98.80

2021년 10월 04일 17시 10분 16초
avg-cpu:  %user   %nice %system %iowait  %steal   %idle
           0.19    0.00    7.45    4.92    0.00   87.44

Device            r/s     w/s     rMB/s     wMB/s   rrqm/s   wrqm/s  %rrqm  %wrqm r_await w_await aqu-sz rareq-sz wareq-sz  svctm  %util
sdb           8499.00 3441.00     33.20     58.21     0.00 11413.00   0.00  76.83    0.50    0.42   0.00     4.00    17.32   0.08 100.00

2021년 10월 04일 17시 10분 17초
avg-cpu:  %user   %nice %system %iowait  %steal   %idle
           0.26    0.00    6.00    4.66    0.00   89.09

Device            r/s     w/s     rMB/s     wMB/s   rrqm/s   wrqm/s  %rrqm  %wrqm r_await w_await aqu-sz rareq-sz wareq-sz  svctm  %util
sdb           8172.00 3371.00     31.93     56.11     0.00 10998.00   0.00  76.54    0.53    0.43   0.13     4.00    17.05   0.09  98.80

2021년 10월 04일 17시 10분 18초
avg-cpu:  %user   %nice %system %iowait  %steal   %idle
           0.19    0.00    7.53    3.98    0.00   88.30

Device            r/s     w/s     rMB/s     wMB/s   rrqm/s   wrqm/s  %rrqm  %wrqm r_await w_await aqu-sz rareq-sz wareq-sz  svctm  %util
sdb           8750.00 3471.00     34.18     59.32     0.00 11653.00   0.00  77.05    0.49    0.42   0.00     4.00    17.50   0.08 100.00

2021년 10월 04일 17시 10분 19초
avg-cpu:  %user   %nice %system %iowait  %steal   %idle
           0.13    0.00    6.68    4.46    0.00   88.73

Device            r/s     w/s     rMB/s     wMB/s   rrqm/s   wrqm/s  %rrqm  %wrqm r_await w_await aqu-sz rareq-sz wareq-sz  svctm  %util
sdb           8347.00 3494.00     32.61     58.00     0.00 11315.00   0.00  76.41    0.50    0.42   0.00     4.00    17.00   0.08 100.00

2021년 10월 04일 17시 10분 20초
avg-cpu:  %user   %nice %system %iowait  %steal   %idle
           0.19    0.00    7.10    5.07    0.00   87.64

Device            r/s     w/s     rMB/s     wMB/s   rrqm/s   wrqm/s  %rrqm  %wrqm r_await w_await aqu-sz rareq-sz wareq-sz  svctm  %util
sdb           8633.00 3475.00     33.72     58.52     0.00 11420.00   0.00  76.67    0.49    0.42   0.13     4.00    17.25   0.08  98.40

2021년 10월 04일 17시 10분 21초
avg-cpu:  %user   %nice %system %iowait  %steal   %idle
           0.06    0.00    7.58    4.55    0.00   87.81

Device            r/s     w/s     rMB/s     wMB/s   rrqm/s   wrqm/s  %rrqm  %wrqm r_await w_await aqu-sz rareq-sz wareq-sz  svctm  %util
sdb           8662.00 3519.00     33.84     58.93     0.00 11524.00   0.00  76.61    0.49    0.41   0.00     4.00    17.15   0.08 100.00

2021년 10월 04일 17시 10분 22초
avg-cpu:  %user   %nice %system %iowait  %steal   %idle
           0.19    0.00    6.37    4.78    0.00   88.66

Device            r/s     w/s     rMB/s     wMB/s   rrqm/s   wrqm/s  %rrqm  %wrqm r_await w_await aqu-sz rareq-sz wareq-sz  svctm  %util
sdb           8256.00 3382.00     32.25     56.73     0.00 11141.00   0.00  76.71    0.51    0.44   0.13     4.00    17.18   0.08  98.80

2021년 10월 04일 17시 10분 23초
avg-cpu:  %user   %nice %system %iowait  %steal   %idle
           0.13    0.00    7.15    4.62    0.00   88.10

Device            r/s     w/s     rMB/s     wMB/s   rrqm/s   wrqm/s  %rrqm  %wrqm r_await w_await aqu-sz rareq-sz wareq-sz  svctm  %util
sdb           8472.00 3518.00     33.09     58.69     0.00 11414.00   0.00  76.44    0.48    0.40   0.00     4.00    17.08   0.08 100.00

2021년 10월 04일 17시 10분 24초
avg-cpu:  %user   %nice %system %iowait  %steal   %idle
           0.25    0.00    7.08    4.30    0.00   88.36

Device            r/s     w/s     rMB/s     wMB/s   rrqm/s   wrqm/s  %rrqm  %wrqm r_await w_await aqu-sz rareq-sz wareq-sz  svctm  %util
sdb           8450.00 3427.00     33.01     57.43     0.00 11258.00   0.00  76.66    0.50    0.42   0.00     4.00    17.16   0.08 100.00

2021년 10월 04일 17시 10분 25초
avg-cpu:  %user   %nice %system %iowait  %steal   %idle
           0.13    0.00    7.39    4.92    0.00   87.56

Device            r/s     w/s     rMB/s     wMB/s   rrqm/s   wrqm/s  %rrqm  %wrqm r_await w_await aqu-sz rareq-sz wareq-sz  svctm  %util
sdb           8448.00 3310.00     33.00     57.06     0.00 11242.00   0.00  77.25    0.51    0.43   0.10     4.00    17.65   0.08  99.60

2021년 10월 04일 17시 10분 26초
avg-cpu:  %user   %nice %system %iowait  %steal   %idle
           0.19    0.00    8.21    4.64    0.00   86.96

Device            r/s     w/s     rMB/s     wMB/s   rrqm/s   wrqm/s  %rrqm  %wrqm r_await w_await aqu-sz rareq-sz wareq-sz  svctm  %util
sdb           8648.00 3499.00     33.78     59.01     0.00 11590.00   0.00  76.81    0.48    0.41   0.00     4.00    17.27   0.08 100.00

2021년 10월 04일 17시 10분 27초
avg-cpu:  %user   %nice %system %iowait  %steal   %idle
           0.13    0.00    8.05    4.78    0.00   87.05

Device            r/s     w/s     rMB/s     wMB/s   rrqm/s   wrqm/s  %rrqm  %wrqm r_await w_await aqu-sz rareq-sz wareq-sz  svctm  %util
sdb           8571.00 3456.00     33.48     58.03     0.00 11316.00   0.00  76.60    0.49    0.41   0.08     4.00    17.19   0.08  99.20

2021년 10월 04일 17시 10분 28초
avg-cpu:  %user   %nice %system %iowait  %steal   %idle
           0.37    0.00    8.66    4.86    0.00   86.11

Device            r/s     w/s     rMB/s     wMB/s   rrqm/s   wrqm/s  %rrqm  %wrqm r_await w_await aqu-sz rareq-sz wareq-sz  svctm  %util
sdb           8634.00 3498.00     33.72     65.07     0.00 13033.00   0.00  78.84    0.50    0.55   0.20     4.00    19.05   0.08 100.00

2021년 10월 04일 17시 10분 29초
avg-cpu:  %user   %nice %system %iowait  %steal   %idle
           0.06    0.00    8.10    4.33    0.00   87.51

Device            r/s     w/s     rMB/s     wMB/s   rrqm/s   wrqm/s  %rrqm  %wrqm r_await w_await aqu-sz rareq-sz wareq-sz  svctm  %util
sdb           8725.00 3470.00     34.08     58.89     0.00 11512.00   0.00  76.84    0.50    0.42   0.00     4.00    17.38   0.08 100.80

2021년 10월 04일 17시 10분 30초
avg-cpu:  %user   %nice %system %iowait  %steal   %idle
           0.13    0.00    7.86    4.78    0.00   87.24

Device            r/s     w/s     rMB/s     wMB/s   rrqm/s   wrqm/s  %rrqm  %wrqm r_await w_await aqu-sz rareq-sz wareq-sz  svctm  %util
sdb           8847.00 3460.00     34.56     57.93     0.00 11121.00   0.00  76.27    0.49    0.42   0.11     4.00    17.14   0.08  99.20

2021년 10월 04일 17시 10분 31초
avg-cpu:  %user   %nice %system %iowait  %steal   %idle
           0.19    0.00    7.05    4.57    0.00   88.19

Device            r/s     w/s     rMB/s     wMB/s   rrqm/s   wrqm/s  %rrqm  %wrqm r_await w_await aqu-sz rareq-sz wareq-sz  svctm  %util
sdb           8576.00 3515.00     33.50     57.88     0.00 11316.00   0.00  76.30    0.49    0.41   0.00     4.00    16.86   0.08 100.00

2021년 10월 04일 17시 10분 32초
avg-cpu:  %user   %nice %system %iowait  %steal   %idle
           0.06    0.00    7.28    4.50    0.00   88.16

Device            r/s     w/s     rMB/s     wMB/s   rrqm/s   wrqm/s  %rrqm  %wrqm r_await w_await aqu-sz rareq-sz wareq-sz  svctm  %util
sdb           8284.00 3454.00     32.36     57.20     0.00 11148.00   0.00  76.35    0.51    0.41   0.10     4.00    16.96   0.08  98.80

2021년 10월 04일 17시 10분 33초
avg-cpu:  %user   %nice %system %iowait  %steal   %idle
           0.13    0.00    8.88    4.44    0.00   86.55

Device            r/s     w/s     rMB/s     wMB/s   rrqm/s   wrqm/s  %rrqm  %wrqm r_await w_await aqu-sz rareq-sz wareq-sz  svctm  %util
sdb           8822.00 3478.00     34.46     59.55     0.00 11764.00   0.00  77.18    0.49    0.42   0.00     4.00    17.53   0.08 100.00

2021년 10월 04일 17시 10분 34초
avg-cpu:  %user   %nice %system %iowait  %steal   %idle
           0.19    0.00    6.98    4.63    0.00   88.19

Device            r/s     w/s     rMB/s     wMB/s   rrqm/s   wrqm/s  %rrqm  %wrqm r_await w_await aqu-sz rareq-sz wareq-sz  svctm  %util
sdb           8343.00 3436.00     32.59     58.53     0.00 11510.00   0.00  77.01    0.51    0.42   0.00     4.00    17.44   0.08 100.00

2021년 10월 04일 17시 10분 35초
avg-cpu:  %user   %nice %system %iowait  %steal   %idle
           0.13    0.00    7.57    5.30    0.00   87.00

Device            r/s     w/s     rMB/s     wMB/s   rrqm/s   wrqm/s  %rrqm  %wrqm r_await w_await aqu-sz rareq-sz wareq-sz  svctm  %util
sdb           8464.00 3421.00     33.06     58.05     0.00 11461.00   0.00  77.01    0.51    0.44   0.11     4.00    17.38   0.08  98.40

2021년 10월 04일 17시 10분 36초
avg-cpu:  %user   %nice %system %iowait  %steal   %idle
           0.13    0.00    7.28    4.37    0.00   88.22

Device            r/s     w/s     rMB/s     wMB/s   rrqm/s   wrqm/s  %rrqm  %wrqm r_await w_await aqu-sz rareq-sz wareq-sz  svctm  %util
sdb           8641.00 3505.00     33.75     58.10     0.00 11288.00   0.00  76.31    0.49    0.41   0.00     4.00    16.97   0.08 100.00

2021년 10월 04일 17시 10분 37초
avg-cpu:  %user   %nice %system %iowait  %steal   %idle
           0.13    0.00    7.52    5.25    0.00   87.10

Device            r/s     w/s     rMB/s     wMB/s   rrqm/s   wrqm/s  %rrqm  %wrqm r_await w_await aqu-sz rareq-sz wareq-sz  svctm  %util
sdb           8578.00 3513.00     33.51     58.01     0.00 11290.00   0.00  76.27    0.49    0.42   0.14     4.00    16.91   0.08  98.40

2021년 10월 04일 17시 10분 38초
avg-cpu:  %user   %nice %system %iowait  %steal   %idle
           0.13    0.00    7.69    4.73    0.00   87.45

Device            r/s     w/s     rMB/s     wMB/s   rrqm/s   wrqm/s  %rrqm  %wrqm r_await w_await aqu-sz rareq-sz wareq-sz  svctm  %util
sdb           8516.00 3461.00     33.27     58.61     0.00 11463.00   0.00  76.81    0.49    0.42   0.00     4.00    17.34   0.08 100.00

2021년 10월 04일 17시 10분 39초
avg-cpu:  %user   %nice %system %iowait  %steal   %idle
           0.13    0.00    7.26    4.42    0.00   88.19

Device            r/s     w/s     rMB/s     wMB/s   rrqm/s   wrqm/s  %rrqm  %wrqm r_await w_await aqu-sz rareq-sz wareq-sz  svctm  %util
sdb           8511.00 3438.00     33.25     58.84     0.00 11506.00   0.00  76.99    0.50    0.42   0.00     4.00    17.53   0.08 100.00

2021년 10월 04일 17시 10분 40초
avg-cpu:  %user   %nice %system %iowait  %steal   %idle
           0.13    0.00    7.34    4.68    0.00   87.86

Device            r/s     w/s     rMB/s     wMB/s   rrqm/s   wrqm/s  %rrqm  %wrqm r_await w_await aqu-sz rareq-sz wareq-sz  svctm  %util
sdb           8389.00 3471.00     32.77     57.80     0.00 11229.00   0.00  76.39    0.49    0.43   0.12     4.00    17.05   0.08  98.40

2021년 10월 04일 17시 10분 41초
avg-cpu:  %user   %nice %system %iowait  %steal   %idle
           0.13    0.00    7.87    4.91    0.00   87.09

Device            r/s     w/s     rMB/s     wMB/s   rrqm/s   wrqm/s  %rrqm  %wrqm r_await w_await aqu-sz rareq-sz wareq-sz  svctm  %util
sdb           8443.00 3436.00     32.98     58.59     0.00 11508.00   0.00  77.01    0.49    0.42   0.00     4.00    17.46   0.08 100.00

2021년 10월 04일 17시 10분 42초
avg-cpu:  %user   %nice %system %iowait  %steal   %idle
           0.06    0.00    7.41    5.00    0.00   87.52

Device            r/s     w/s     rMB/s     wMB/s   rrqm/s   wrqm/s  %rrqm  %wrqm r_await w_await aqu-sz rareq-sz wareq-sz  svctm  %util
sdb           8518.00 3425.00     33.27     58.38     0.00 11455.00   0.00  76.98    0.49    0.43   0.08     4.00    17.45   0.08  98.80

2021년 10월 04일 17시 10분 43초
avg-cpu:  %user   %nice %system %iowait  %steal   %idle
           0.25    0.00    7.16    4.56    0.00   88.03

Device            r/s     w/s     rMB/s     wMB/s   rrqm/s   wrqm/s  %rrqm  %wrqm r_await w_await aqu-sz rareq-sz wareq-sz  svctm  %util
sdb           8633.00 3486.00     33.72     59.02     0.00 11500.00   0.00  76.74    0.49    0.40   0.00     4.00    17.34   0.08 100.00

2021년 10월 04일 17시 10분 44초
avg-cpu:  %user   %nice %system %iowait  %steal   %idle
           0.13    0.00    6.81    5.67    0.00   87.40

Device            r/s     w/s     rMB/s     wMB/s   rrqm/s   wrqm/s  %rrqm  %wrqm r_await w_await aqu-sz rareq-sz wareq-sz  svctm  %util
sdb           8480.00 3467.00     33.12     58.31     0.00 11431.00   0.00  76.73    0.50    0.42   0.09     4.00    17.22   0.08  98.80

2021년 10월 04일 17시 10분 45초
avg-cpu:  %user   %nice %system %iowait  %steal   %idle
           0.19    0.00    8.73    4.55    0.00   86.53

Device            r/s     w/s     rMB/s     wMB/s   rrqm/s   wrqm/s  %rrqm  %wrqm r_await w_await aqu-sz rareq-sz wareq-sz  svctm  %util
sdb           8611.00 3537.00     33.64     59.50     0.00 11700.00   0.00  76.79    0.49    0.43   0.00     4.00    17.23   0.08 100.00

2021년 10월 04일 17시 10분 46초
avg-cpu:  %user   %nice %system %iowait  %steal   %idle
           0.06    0.00    7.06    4.45    0.00   88.42

Device            r/s     w/s     rMB/s     wMB/s   rrqm/s   wrqm/s  %rrqm  %wrqm r_await w_await aqu-sz rareq-sz wareq-sz  svctm  %util
sdb           8820.00 3512.00     34.45     59.84     0.00 11798.00   0.00  77.06    0.48    0.42   0.00     4.00    17.45   0.08 100.00

2021년 10월 04일 17시 10분 47초
avg-cpu:  %user   %nice %system %iowait  %steal   %idle
           0.13    0.00    1.57    0.94    0.00   97.37

Device            r/s     w/s     rMB/s     wMB/s   rrqm/s   wrqm/s  %rrqm  %wrqm r_await w_await aqu-sz rareq-sz wareq-sz  svctm  %util
sdb           1964.00  772.00      7.67     13.25     0.00  2581.00   0.00  76.98    0.46    0.40   0.00     4.00    17.57   0.08  23.20

2021년 10월 04일 17시 10분 48초
avg-cpu:  %user   %nice %system %iowait  %steal   %idle
           0.00    0.00    0.13    0.00    0.00   99.87

Device            r/s     w/s     rMB/s     wMB/s   rrqm/s   wrqm/s  %rrqm  %wrqm r_await w_await aqu-sz rareq-sz wareq-sz  svctm  %util
sdb              0.00    0.00      0.00      0.00     0.00     0.00   0.00   0.00    0.00    0.00   0.00     0.00     0.00   0.00   0.00

2021년 10월 04일 17시 10분 49초
avg-cpu:  %user   %nice %system %iowait  %steal   %idle
           0.00    0.00    0.00    0.00    0.00  100.00

Device            r/s     w/s     rMB/s     wMB/s   rrqm/s   wrqm/s  %rrqm  %wrqm r_await w_await aqu-sz rareq-sz wareq-sz  svctm  %util
sdb              0.00    0.00      0.00      0.00     0.00     0.00   0.00   0.00    0.00    0.00   0.00     0.00     0.00   0.00   0.00

2021년 10월 04일 17시 10분 50초
avg-cpu:  %user   %nice %system %iowait  %steal   %idle
           0.06    0.00    0.19    0.00    0.00   99.75

Device            r/s     w/s     rMB/s     wMB/s   rrqm/s   wrqm/s  %rrqm  %wrqm r_await w_await aqu-sz rareq-sz wareq-sz  svctm  %util
sdb              0.00    0.00      0.00      0.00     0.00     0.00   0.00   0.00    0.00    0.00   0.00     0.00     0.00   0.00   0.00

2021년 10월 04일 17시 10분 51초
avg-cpu:  %user   %nice %system %iowait  %steal   %idle
           0.06    0.00    0.06    0.00    0.00   99.87

Device            r/s     w/s     rMB/s     wMB/s   rrqm/s   wrqm/s  %rrqm  %wrqm r_await w_await aqu-sz rareq-sz wareq-sz  svctm  %util
sdb              0.00    0.00      0.00      0.00     0.00     0.00   0.00   0.00    0.00    0.00   0.00     0.00     0.00   0.00   0.00

2021년 10월 04일 17시 10분 52초
avg-cpu:  %user   %nice %system %iowait  %steal   %idle
           0.06    0.00    0.12    0.00    0.00   99.81

Device            r/s     w/s     rMB/s     wMB/s   rrqm/s   wrqm/s  %rrqm  %wrqm r_await w_await aqu-sz rareq-sz wareq-sz  svctm  %util
sdb              0.00    2.00      0.00      0.05     0.00    10.00   0.00  83.33    0.00    3.00   0.00     0.00    24.00   4.00   0.80

2021년 10월 04일 17시 10분 53초
avg-cpu:  %user   %nice %system %iowait  %steal   %idle
           0.06    0.00    0.12    0.00    0.00   99.81

Device            r/s     w/s     rMB/s     wMB/s   rrqm/s   wrqm/s  %rrqm  %wrqm r_await w_await aqu-sz rareq-sz wareq-sz  svctm  %util
sdb              0.00    0.00      0.00      0.00     0.00     0.00   0.00   0.00    0.00    0.00   0.00     0.00     0.00   0.00   0.00

2021년 10월 04일 17시 10분 54초
avg-cpu:  %user   %nice %system %iowait  %steal   %idle
           0.00    0.00    0.13    0.00    0.00   99.87

Device            r/s     w/s     rMB/s     wMB/s   rrqm/s   wrqm/s  %rrqm  %wrqm r_await w_await aqu-sz rareq-sz wareq-sz  svctm  %util
sdb              0.00    0.00      0.00      0.00     0.00     0.00   0.00   0.00    0.00    0.00   0.00     0.00     0.00   0.00   0.00

