Linux 5.5.8test (syslab-desk) 	2021년 10월 04일 	_x86_64_	(16 CPU)

2021년 10월 04일 16시 32분 13초
avg-cpu:  %user   %nice %system %iowait  %steal   %idle
           3.05    0.00    1.64    3.23    0.00   92.08

Device            r/s     w/s     rMB/s     wMB/s   rrqm/s   wrqm/s  %rrqm  %wrqm r_await w_await aqu-sz rareq-sz wareq-sz  svctm  %util
sdb             19.88   56.42      0.09      2.90     0.08    51.25   0.38  47.60    0.07    2.42   0.04     4.40    52.67   0.13   0.99

2021년 10월 04일 16시 32분 14초
avg-cpu:  %user   %nice %system %iowait  %steal   %idle
           0.06    0.00    0.12    0.00    0.00   99.81

Device            r/s     w/s     rMB/s     wMB/s   rrqm/s   wrqm/s  %rrqm  %wrqm r_await w_await aqu-sz rareq-sz wareq-sz  svctm  %util
sdb              0.00    0.00      0.00      0.00     0.00     0.00   0.00   0.00    0.00    0.00   0.00     0.00     0.00   0.00   0.00

2021년 10월 04일 16시 32분 15초
avg-cpu:  %user   %nice %system %iowait  %steal   %idle
           0.00    0.00    0.06    0.00    0.00   99.94

Device            r/s     w/s     rMB/s     wMB/s   rrqm/s   wrqm/s  %rrqm  %wrqm r_await w_await aqu-sz rareq-sz wareq-sz  svctm  %util
sdb              0.00    0.00      0.00      0.00     0.00     0.00   0.00   0.00    0.00    0.00   0.00     0.00     0.00   0.00   0.00

2021년 10월 04일 16시 32분 16초
avg-cpu:  %user   %nice %system %iowait  %steal   %idle
           0.06    0.00    0.12    0.00    0.00   99.81

Device            r/s     w/s     rMB/s     wMB/s   rrqm/s   wrqm/s  %rrqm  %wrqm r_await w_await aqu-sz rareq-sz wareq-sz  svctm  %util
sdb              0.00    0.00      0.00      0.00     0.00     0.00   0.00   0.00    0.00    0.00   0.00     0.00     0.00   0.00   0.00

2021년 10월 04일 16시 32분 17초
avg-cpu:  %user   %nice %system %iowait  %steal   %idle
           0.06    0.00    2.77    0.06    0.00   97.10

Device            r/s     w/s     rMB/s     wMB/s   rrqm/s   wrqm/s  %rrqm  %wrqm r_await w_await aqu-sz rareq-sz wareq-sz  svctm  %util
sdb           2507.00    1.00     22.21      0.00  3093.00     0.00  55.23   0.00    0.17    1.00   0.00     9.07     0.00   0.32  80.40

2021년 10월 04일 16시 32분 18초
avg-cpu:  %user   %nice %system %iowait  %steal   %idle
           0.25    0.00    3.20    0.94    0.00   95.61

Device            r/s     w/s     rMB/s     wMB/s   rrqm/s   wrqm/s  %rrqm  %wrqm r_await w_await aqu-sz rareq-sz wareq-sz  svctm  %util
sdb           3872.00  112.00     27.43      4.30  3061.00   186.00  44.15  62.42    0.16    0.45   0.00     7.25    39.36   0.23  90.80

2021년 10월 04일 16시 32분 19초
avg-cpu:  %user   %nice %system %iowait  %steal   %idle
           0.06    0.00    1.56    1.87    0.00   96.50

Device            r/s     w/s     rMB/s     wMB/s   rrqm/s   wrqm/s  %rrqm  %wrqm r_await w_await aqu-sz rareq-sz wareq-sz  svctm  %util
sdb           9884.00  783.00     38.61     40.51     0.00  1258.00   0.00  61.64    0.15    0.52   0.00     4.00    52.98   0.09 100.00

2021년 10월 04일 16시 32분 20초
avg-cpu:  %user   %nice %system %iowait  %steal   %idle
           0.06    0.00    2.96    2.39    0.00   94.58

Device            r/s     w/s     rMB/s     wMB/s   rrqm/s   wrqm/s  %rrqm  %wrqm r_await w_await aqu-sz rareq-sz wareq-sz  svctm  %util
sdb           7672.00  900.00     29.97     35.11     0.00  3935.00   0.00  81.39    0.16    0.51   0.00     4.00    39.95   0.12 100.00

2021년 10월 04일 16시 32분 21초
avg-cpu:  %user   %nice %system %iowait  %steal   %idle
           0.00    0.00    1.69    0.81    0.00   97.50

Device            r/s     w/s     rMB/s     wMB/s   rrqm/s   wrqm/s  %rrqm  %wrqm r_await w_await aqu-sz rareq-sz wareq-sz  svctm  %util
sdb           9307.00  854.00     36.36     38.86     0.00  1679.00   0.00  66.29    0.15    0.52   0.03     4.00    46.59   0.10  98.80

2021년 10월 04일 16시 32분 22초
avg-cpu:  %user   %nice %system %iowait  %steal   %idle
           0.06    0.00    1.06    3.00    0.00   95.87

Device            r/s     w/s     rMB/s     wMB/s   rrqm/s   wrqm/s  %rrqm  %wrqm r_await w_await aqu-sz rareq-sz wareq-sz  svctm  %util
sdb           10270.00  876.00     40.12     41.85     0.00  1296.00   0.00  59.67    0.14    0.48   0.00     4.00    48.92   0.09 100.00

2021년 10월 04일 16시 32분 23초
avg-cpu:  %user   %nice %system %iowait  %steal   %idle
           0.00    0.00    0.94    2.01    0.00   97.05

Device            r/s     w/s     rMB/s     wMB/s   rrqm/s   wrqm/s  %rrqm  %wrqm r_await w_await aqu-sz rareq-sz wareq-sz  svctm  %util
sdb           9996.00  843.00     39.05     41.00     0.00  1396.00   0.00  62.35    0.15    0.50   0.00     4.00    49.80   0.09 100.00

2021년 10월 04일 16시 32분 24초
avg-cpu:  %user   %nice %system %iowait  %steal   %idle
           0.00    0.00    1.50    2.68    0.00   95.82

Device            r/s     w/s     rMB/s     wMB/s   rrqm/s   wrqm/s  %rrqm  %wrqm r_await w_await aqu-sz rareq-sz wareq-sz  svctm  %util
sdb           10214.00  858.00     39.90     41.83     0.00  1115.00   0.00  56.51    0.14    0.49   0.00     4.00    49.92   0.09 100.00

2021년 10월 04일 16시 32분 25초
avg-cpu:  %user   %nice %system %iowait  %steal   %idle
           0.06    0.00    1.69    1.88    0.00   96.36

Device            r/s     w/s     rMB/s     wMB/s   rrqm/s   wrqm/s  %rrqm  %wrqm r_await w_await aqu-sz rareq-sz wareq-sz  svctm  %util
sdb           9054.00  902.00     35.37     37.51     0.00  1575.00   0.00  63.58    0.15    0.50   0.04     4.00    42.59   0.10  98.80

2021년 10월 04일 16시 32분 26초
avg-cpu:  %user   %nice %system %iowait  %steal   %idle
           0.06    0.00    1.00    0.69    0.00   98.25

Device            r/s     w/s     rMB/s     wMB/s   rrqm/s   wrqm/s  %rrqm  %wrqm r_await w_await aqu-sz rareq-sz wareq-sz  svctm  %util
sdb           9897.00  954.00     38.66     40.89     0.00  1273.00   0.00  57.16    0.15    0.45   0.00     4.00    43.89   0.09 100.00

2021년 10월 04일 16시 32분 27초
avg-cpu:  %user   %nice %system %iowait  %steal   %idle
           0.00    0.00    1.44    2.94    0.00   95.62

Device            r/s     w/s     rMB/s     wMB/s   rrqm/s   wrqm/s  %rrqm  %wrqm r_await w_await aqu-sz rareq-sz wareq-sz  svctm  %util
sdb           9743.00  888.00     38.06     41.06     0.00  1467.00   0.00  62.29    0.15    0.49   0.00     4.00    47.35   0.09 100.00

2021년 10월 04일 16시 32분 28초
avg-cpu:  %user   %nice %system %iowait  %steal   %idle
           0.06    0.00    2.33    1.38    0.00   96.23

Device            r/s     w/s     rMB/s     wMB/s   rrqm/s   wrqm/s  %rrqm  %wrqm r_await w_await aqu-sz rareq-sz wareq-sz  svctm  %util
sdb           8194.00 1003.00     32.01     37.35     0.00  3314.00   0.00  76.77    0.16    0.47   0.00     4.00    38.13   0.11 100.00

2021년 10월 04일 16시 32분 29초
avg-cpu:  %user   %nice %system %iowait  %steal   %idle
           0.06    0.00    1.31    0.81    0.00   97.81

Device            r/s     w/s     rMB/s     wMB/s   rrqm/s   wrqm/s  %rrqm  %wrqm r_await w_await aqu-sz rareq-sz wareq-sz  svctm  %util
sdb           9634.00  937.00     37.63     40.40     0.00  1852.00   0.00  66.40    0.15    0.49   0.03     4.00    44.15   0.09  98.40

2021년 10월 04일 16시 32분 30초
avg-cpu:  %user   %nice %system %iowait  %steal   %idle
           0.00    0.00    1.57    1.88    0.00   96.55

Device            r/s     w/s     rMB/s     wMB/s   rrqm/s   wrqm/s  %rrqm  %wrqm r_await w_await aqu-sz rareq-sz wareq-sz  svctm  %util
sdb           9912.00  829.00     38.72     40.61     0.00  1210.00   0.00  59.34    0.14    0.49   0.00     4.00    50.16   0.09 100.00

2021년 10월 04일 16시 32분 31초
avg-cpu:  %user   %nice %system %iowait  %steal   %idle
           0.00    0.00    2.00    2.62    0.00   95.38

Device            r/s     w/s     rMB/s     wMB/s   rrqm/s   wrqm/s  %rrqm  %wrqm r_await w_await aqu-sz rareq-sz wareq-sz  svctm  %util
sdb           9337.00  888.00     36.47     39.66     0.00  2015.00   0.00  69.41    0.15    0.49   0.00     4.00    45.73   0.10 100.00

2021년 10월 04일 16시 32분 32초
avg-cpu:  %user   %nice %system %iowait  %steal   %idle
           0.00    0.00    1.56    2.63    0.00   95.81

Device            r/s     w/s     rMB/s     wMB/s   rrqm/s   wrqm/s  %rrqm  %wrqm r_await w_await aqu-sz rareq-sz wareq-sz  svctm  %util
sdb           9780.00  919.00     38.20     40.37     0.00  1711.00   0.00  65.06    0.15    0.48   0.00     4.00    44.98   0.09 100.00

2021년 10월 04일 16시 32분 33초
avg-cpu:  %user   %nice %system %iowait  %steal   %idle
           0.06    0.00    2.43    1.87    0.00   95.64

Device            r/s     w/s     rMB/s     wMB/s   rrqm/s   wrqm/s  %rrqm  %wrqm r_await w_await aqu-sz rareq-sz wareq-sz  svctm  %util
sdb           8735.00  886.00     34.12     37.16     0.00  1665.00   0.00  65.27    0.15    0.53   0.03     4.00    42.95   0.10  98.40

2021년 10월 04일 16시 32분 34초
avg-cpu:  %user   %nice %system %iowait  %steal   %idle
           0.06    0.00    1.31    1.57    0.00   97.06

Device            r/s     w/s     rMB/s     wMB/s   rrqm/s   wrqm/s  %rrqm  %wrqm r_await w_await aqu-sz rareq-sz wareq-sz  svctm  %util
sdb           9611.00  918.00     37.54     40.57     0.00  1662.00   0.00  64.42    0.15    0.48   0.00     4.00    45.25   0.09 100.00

2021년 10월 04일 16시 32분 35초
avg-cpu:  %user   %nice %system %iowait  %steal   %idle
           0.00    0.00    0.88    1.00    0.00   98.12

Device            r/s     w/s     rMB/s     wMB/s   rrqm/s   wrqm/s  %rrqm  %wrqm r_await w_await aqu-sz rareq-sz wareq-sz  svctm  %util
sdb           10030.00  884.00     39.18     40.93     0.00   837.00   0.00  48.63    0.15    0.49   0.00     4.00    47.42   0.09 100.00

2021년 10월 04일 16시 32분 36초
avg-cpu:  %user   %nice %system %iowait  %steal   %idle
           0.00    0.00    0.88    0.94    0.00   98.18

Device            r/s     w/s     rMB/s     wMB/s   rrqm/s   wrqm/s  %rrqm  %wrqm r_await w_await aqu-sz rareq-sz wareq-sz  svctm  %util
sdb           10003.00  889.00     39.07     41.18     0.00  1263.00   0.00  58.69    0.15    0.48   0.00     4.00    47.43   0.09 100.00

2021년 10월 04일 16시 32분 37초
avg-cpu:  %user   %nice %system %iowait  %steal   %idle
           0.06    0.00    1.50    1.50    0.00   96.94

Device            r/s     w/s     rMB/s     wMB/s   rrqm/s   wrqm/s  %rrqm  %wrqm r_await w_await aqu-sz rareq-sz wareq-sz  svctm  %util
sdb           9101.00  918.00     35.55     38.73     0.00  1886.00   0.00  67.26    0.16    0.50   0.03     4.00    43.20   0.10  98.80

2021년 10월 04일 16시 32분 38초
avg-cpu:  %user   %nice %system %iowait  %steal   %idle
           0.00    0.00    1.95    2.33    0.00   95.72

Device            r/s     w/s     rMB/s     wMB/s   rrqm/s   wrqm/s  %rrqm  %wrqm r_await w_await aqu-sz rareq-sz wareq-sz  svctm  %util
sdb           8711.00  910.00     34.03     38.46     0.00  2886.00   0.00  76.03    0.15    0.50   0.00     4.00    43.27   0.10 100.00

2021년 10월 04일 16시 32분 39초
avg-cpu:  %user   %nice %system %iowait  %steal   %idle
           0.00    0.00    1.07    0.75    0.00   98.18

Device            r/s     w/s     rMB/s     wMB/s   rrqm/s   wrqm/s  %rrqm  %wrqm r_await w_await aqu-sz rareq-sz wareq-sz  svctm  %util
sdb           9851.00  925.00     38.48     41.73     0.00  2108.00   0.00  69.50    0.15    0.48   0.00     4.00    46.19   0.09 100.00

2021년 10월 04일 16시 32분 40초
avg-cpu:  %user   %nice %system %iowait  %steal   %idle
           0.06    0.00    1.00    0.56    0.00   98.37

Device            r/s     w/s     rMB/s     wMB/s   rrqm/s   wrqm/s  %rrqm  %wrqm r_await w_await aqu-sz rareq-sz wareq-sz  svctm  %util
sdb           9734.00  877.00     38.02     39.79     0.00  1283.00   0.00  59.40    0.15    0.48   0.00     4.00    46.45   0.09 100.00

2021년 10월 04일 16시 32분 41초
avg-cpu:  %user   %nice %system %iowait  %steal   %idle
           0.00    0.00    1.00    0.88    0.00   98.12

Device            r/s     w/s     rMB/s     wMB/s   rrqm/s   wrqm/s  %rrqm  %wrqm r_await w_await aqu-sz rareq-sz wareq-sz  svctm  %util
sdb           9675.00  863.00     37.79     40.89     0.00  1499.00   0.00  63.46    0.15    0.51   0.03     4.00    48.52   0.09  98.40

2021년 10월 04일 16시 32분 42초
avg-cpu:  %user   %nice %system %iowait  %steal   %idle
           0.00    0.00    1.06    0.69    0.00   98.25

Device            r/s     w/s     rMB/s     wMB/s   rrqm/s   wrqm/s  %rrqm  %wrqm r_await w_await aqu-sz rareq-sz wareq-sz  svctm  %util
sdb           10463.00  785.00     40.87     41.82     0.00   799.00   0.00  50.44    0.14    0.51   0.00     4.00    54.56   0.09 100.40

2021년 10월 04일 16시 32분 43초
avg-cpu:  %user   %nice %system %iowait  %steal   %idle
           0.00    0.00    1.13    1.13    0.00   97.75

Device            r/s     w/s     rMB/s     wMB/s   rrqm/s   wrqm/s  %rrqm  %wrqm r_await w_await aqu-sz rareq-sz wareq-sz  svctm  %util
sdb           9624.00  949.00     37.59     40.78     0.00  1591.00   0.00  62.64    0.15    0.47   0.00     4.00    44.00   0.09 100.00

2021년 10월 04일 16시 32분 44초
avg-cpu:  %user   %nice %system %iowait  %steal   %idle
           0.06    0.00    1.06    0.94    0.00   97.94

Device            r/s     w/s     rMB/s     wMB/s   rrqm/s   wrqm/s  %rrqm  %wrqm r_await w_await aqu-sz rareq-sz wareq-sz  svctm  %util
sdb           10267.00  890.00     40.11     42.21     0.00  1335.00   0.00  60.00    0.14    0.47   0.00     4.00    48.57   0.09 100.00

2021년 10월 04일 16시 32분 45초
avg-cpu:  %user   %nice %system %iowait  %steal   %idle
           0.06    0.00    3.33    3.83    0.00   92.78

Device            r/s     w/s     rMB/s     wMB/s   rrqm/s   wrqm/s  %rrqm  %wrqm r_await w_await aqu-sz rareq-sz wareq-sz  svctm  %util
sdb           7414.00  937.00     28.96     34.07     0.00  3417.00   0.00  78.48    0.16    0.50   0.03     4.00    37.23   0.12  98.40

2021년 10월 04일 16시 32분 46초
avg-cpu:  %user   %nice %system %iowait  %steal   %idle
           0.00    0.00    1.75    2.13    0.00   96.12

Device            r/s     w/s     rMB/s     wMB/s   rrqm/s   wrqm/s  %rrqm  %wrqm r_await w_await aqu-sz rareq-sz wareq-sz  svctm  %util
sdb           9285.00  921.00     36.27     39.39     0.00  1984.00   0.00  68.30    0.15    0.48   0.00     4.00    43.79   0.10 100.00

2021년 10월 04일 16시 32분 47초
avg-cpu:  %user   %nice %system %iowait  %steal   %idle
           0.06    0.00    1.13    0.69    0.00   98.12

Device            r/s     w/s     rMB/s     wMB/s   rrqm/s   wrqm/s  %rrqm  %wrqm r_await w_await aqu-sz rareq-sz wareq-sz  svctm  %util
sdb           9651.00  910.00     37.70     40.59     0.00  1849.00   0.00  67.02    0.15    0.48   0.00     4.00    45.68   0.09 100.00

2021년 10월 04일 16시 32분 48초
avg-cpu:  %user   %nice %system %iowait  %steal   %idle
           0.06    0.00    0.69    0.75    0.00   98.49

Device            r/s     w/s     rMB/s     wMB/s   rrqm/s   wrqm/s  %rrqm  %wrqm r_await w_await aqu-sz rareq-sz wareq-sz  svctm  %util
sdb           9819.00  860.00     38.36     40.89     0.00  1575.00   0.00  64.68    0.15    0.50   0.00     4.00    48.68   0.09 100.00

2021년 10월 04일 16시 32분 49초
avg-cpu:  %user   %nice %system %iowait  %steal   %idle
           0.06    0.00    1.00    1.76    0.00   97.18

Device            r/s     w/s     rMB/s     wMB/s   rrqm/s   wrqm/s  %rrqm  %wrqm r_await w_await aqu-sz rareq-sz wareq-sz  svctm  %util
sdb           9574.00 1001.00     37.40     48.61     0.00  3764.00   0.00  78.99    0.15    0.78   0.13     4.00    49.73   0.09  98.40

2021년 10월 04일 16시 32분 50초
avg-cpu:  %user   %nice %system %iowait  %steal   %idle
           0.06    0.00    0.82    0.69    0.00   98.43

Device            r/s     w/s     rMB/s     wMB/s   rrqm/s   wrqm/s  %rrqm  %wrqm r_await w_await aqu-sz rareq-sz wareq-sz  svctm  %util
sdb           10333.00  877.00     40.36     42.86     0.00  1346.00   0.00  60.55    0.14    0.49   0.00     4.00    50.04   0.09 100.00

2021년 10월 04일 16시 32분 51초
avg-cpu:  %user   %nice %system %iowait  %steal   %idle
           0.06    0.00    1.44    1.38    0.00   97.12

Device            r/s     w/s     rMB/s     wMB/s   rrqm/s   wrqm/s  %rrqm  %wrqm r_await w_await aqu-sz rareq-sz wareq-sz  svctm  %util
sdb           9899.00  942.00     38.67     41.61     0.00  1599.00   0.00  62.93    0.14    0.48   0.00     4.00    45.23   0.09 100.00

2021년 10월 04일 16시 32분 52초
avg-cpu:  %user   %nice %system %iowait  %steal   %idle
           0.06    0.00    1.19    2.25    0.00   96.49

Device            r/s     w/s     rMB/s     wMB/s   rrqm/s   wrqm/s  %rrqm  %wrqm r_await w_await aqu-sz rareq-sz wareq-sz  svctm  %util
sdb           9554.00  879.00     37.32     39.66     0.00  1527.00   0.00  63.47    0.15    0.50   0.00     4.00    46.21   0.10 100.00

2021년 10월 04일 16시 32분 53초
avg-cpu:  %user   %nice %system %iowait  %steal   %idle
           0.00    0.00    1.19    0.88    0.00   97.94

Device            r/s     w/s     rMB/s     wMB/s   rrqm/s   wrqm/s  %rrqm  %wrqm r_await w_await aqu-sz rareq-sz wareq-sz  svctm  %util
sdb           9887.00  800.00     38.62     40.07     0.00   890.00   0.00  52.66    0.15    0.53   0.03     4.00    51.29   0.09  98.80

2021년 10월 04일 16시 32분 54초
avg-cpu:  %user   %nice %system %iowait  %steal   %idle
           0.00    0.00    1.56    1.38    0.00   97.06

Device            r/s     w/s     rMB/s     wMB/s   rrqm/s   wrqm/s  %rrqm  %wrqm r_await w_await aqu-sz rareq-sz wareq-sz  svctm  %util
sdb           9805.00  864.00     38.30     40.59     0.00  1601.00   0.00  64.95    0.15    0.51   0.00     4.00    48.11   0.09 100.00

2021년 10월 04일 16시 32분 55초
avg-cpu:  %user   %nice %system %iowait  %steal   %idle
           0.00    0.00    1.13    0.63    0.00   98.25

Device            r/s     w/s     rMB/s     wMB/s   rrqm/s   wrqm/s  %rrqm  %wrqm r_await w_await aqu-sz rareq-sz wareq-sz  svctm  %util
sdb           10142.00  839.00     39.62     42.35     0.00  1587.00   0.00  65.42    0.15    0.51   0.00     4.00    51.69   0.09 100.00

2021년 10월 04일 16시 32분 56초
avg-cpu:  %user   %nice %system %iowait  %steal   %idle
           0.13    0.00    1.63    2.45    0.00   95.79

Device            r/s     w/s     rMB/s     wMB/s   rrqm/s   wrqm/s  %rrqm  %wrqm r_await w_await aqu-sz rareq-sz wareq-sz  svctm  %util
sdb           9306.00  873.00     36.35     39.42     0.00  1896.00   0.00  68.47    0.15    0.51   0.00     4.00    46.24   0.10 100.00

2021년 10월 04일 16시 32분 57초
avg-cpu:  %user   %nice %system %iowait  %steal   %idle
           0.06    0.00    1.19    0.75    0.00   98.00

Device            r/s     w/s     rMB/s     wMB/s   rrqm/s   wrqm/s  %rrqm  %wrqm r_await w_await aqu-sz rareq-sz wareq-sz  svctm  %util
sdb           10036.00  846.00     39.20     41.59     0.00  1887.00   0.00  69.05    0.14    0.52   0.03     4.00    50.34   0.09  98.40

2021년 10월 04일 16시 32분 58초
avg-cpu:  %user   %nice %system %iowait  %steal   %idle
           0.00    0.00    0.94    0.63    0.00   98.43

Device            r/s     w/s     rMB/s     wMB/s   rrqm/s   wrqm/s  %rrqm  %wrqm r_await w_await aqu-sz rareq-sz wareq-sz  svctm  %util
sdb           10383.00  847.00     40.56     42.41     0.00  1062.00   0.00  55.63    0.14    0.51   0.00     4.00    51.27   0.09 100.00

2021년 10월 04일 16시 32분 59초
avg-cpu:  %user   %nice %system %iowait  %steal   %idle
           0.06    0.00    1.44    0.87    0.00   97.63

Device            r/s     w/s     rMB/s     wMB/s   rrqm/s   wrqm/s  %rrqm  %wrqm r_await w_await aqu-sz rareq-sz wareq-sz  svctm  %util
sdb           9955.00  940.00     38.89     41.52     0.00  1477.00   0.00  61.11    0.14    0.47   0.00     4.00    45.23   0.09 100.00

2021년 10월 04일 16시 33분 00초
avg-cpu:  %user   %nice %system %iowait  %steal   %idle
           0.12    0.00    3.88    2.00    0.00   94.00

Device            r/s     w/s     rMB/s     wMB/s   rrqm/s   wrqm/s  %rrqm  %wrqm r_await w_await aqu-sz rareq-sz wareq-sz  svctm  %util
sdb           7309.00  993.00     28.55     35.12     0.00  3737.00   0.00  79.01    0.16    0.48   0.00     4.00    36.22   0.12 100.00

2021년 10월 04일 16시 33분 01초
avg-cpu:  %user   %nice %system %iowait  %steal   %idle
           0.00    0.00    1.63    1.07    0.00   97.31

Device            r/s     w/s     rMB/s     wMB/s   rrqm/s   wrqm/s  %rrqm  %wrqm r_await w_await aqu-sz rareq-sz wareq-sz  svctm  %util
sdb           8773.00  953.00     34.27     38.20     0.00  2522.00   0.00  72.58    0.16    0.49   0.03     4.00    41.05   0.10  98.80

2021년 10월 04일 16시 33분 02초
avg-cpu:  %user   %nice %system %iowait  %steal   %idle
           0.06    0.00    1.37    0.87    0.00   97.69

Device            r/s     w/s     rMB/s     wMB/s   rrqm/s   wrqm/s  %rrqm  %wrqm r_await w_await aqu-sz rareq-sz wareq-sz  svctm  %util
sdb           10029.00  904.00     39.18     42.13     0.00  1813.00   0.00  66.73    0.14    0.48   0.00     4.00    47.72   0.09 100.00

2021년 10월 04일 16시 33분 03초
avg-cpu:  %user   %nice %system %iowait  %steal   %idle
           0.19    0.00    2.68    2.00    0.00   95.14

Device            r/s     w/s     rMB/s     wMB/s   rrqm/s   wrqm/s  %rrqm  %wrqm r_await w_await aqu-sz rareq-sz wareq-sz  svctm  %util
sdb           8579.00 1032.00     33.51     38.11     0.00  2878.00   0.00  73.61    0.15    0.46   0.00     4.00    37.82   0.10 100.00

2021년 10월 04일 16시 33분 04초
avg-cpu:  %user   %nice %system %iowait  %steal   %idle
           0.00    0.00    1.57    3.02    0.00   95.41

Device            r/s     w/s     rMB/s     wMB/s   rrqm/s   wrqm/s  %rrqm  %wrqm r_await w_await aqu-sz rareq-sz wareq-sz  svctm  %util
sdb           9091.00  922.00     35.51     39.45     0.00  2217.00   0.00  70.63    0.15    0.48   0.00     4.00    43.82   0.10 100.00

2021년 10월 04일 16시 33분 05초
avg-cpu:  %user   %nice %system %iowait  %steal   %idle
           0.12    0.00    1.87    1.00    0.00   97.01

Device            r/s     w/s     rMB/s     wMB/s   rrqm/s   wrqm/s  %rrqm  %wrqm r_await w_await aqu-sz rareq-sz wareq-sz  svctm  %util
sdb           9223.00  912.00     36.03     39.04     0.00  1941.00   0.00  68.03    0.15    0.50   0.04     4.00    43.84   0.10  98.40

2021년 10월 04일 16시 33분 06초
avg-cpu:  %user   %nice %system %iowait  %steal   %idle
           0.06    0.00    1.38    1.94    0.00   96.62

Device            r/s     w/s     rMB/s     wMB/s   rrqm/s   wrqm/s  %rrqm  %wrqm r_await w_await aqu-sz rareq-sz wareq-sz  svctm  %util
sdb           9518.00  893.00     37.18     39.70     0.00  1487.00   0.00  62.48    0.15    0.49   0.00     4.00    45.52   0.10 100.00

2021년 10월 04일 16시 33분 07초
avg-cpu:  %user   %nice %system %iowait  %steal   %idle
           0.06    0.00    1.00    1.50    0.00   97.44

Device            r/s     w/s     rMB/s     wMB/s   rrqm/s   wrqm/s  %rrqm  %wrqm r_await w_await aqu-sz rareq-sz wareq-sz  svctm  %util
sdb           9940.00  817.00     38.83     40.84     0.00  1206.00   0.00  59.61    0.15    0.51   0.00     4.00    51.18   0.09 100.00

2021년 10월 04일 16시 33분 08초
avg-cpu:  %user   %nice %system %iowait  %steal   %idle
           0.06    0.00    2.00    2.63    0.00   95.30

Device            r/s     w/s     rMB/s     wMB/s   rrqm/s   wrqm/s  %rrqm  %wrqm r_await w_await aqu-sz rareq-sz wareq-sz  svctm  %util
sdb           8992.00  922.00     35.12     38.57     0.00  2380.00   0.00  72.08    0.15    0.49   0.00     4.00    42.84   0.10 100.00

2021년 10월 04일 16시 33분 09초
avg-cpu:  %user   %nice %system %iowait  %steal   %idle
           0.06    0.00    1.57    0.94    0.00   97.43

Device            r/s     w/s     rMB/s     wMB/s   rrqm/s   wrqm/s  %rrqm  %wrqm r_await w_await aqu-sz rareq-sz wareq-sz  svctm  %util
sdb           9159.00  924.00     35.78     38.46     0.00  1872.00   0.00  66.95    0.15    0.49   0.03     4.00    42.63   0.10  98.80

2021년 10월 04일 16시 33분 10초
avg-cpu:  %user   %nice %system %iowait  %steal   %idle
           0.13    0.00    1.94    2.51    0.00   95.42

Device            r/s     w/s     rMB/s     wMB/s   rrqm/s   wrqm/s  %rrqm  %wrqm r_await w_await aqu-sz rareq-sz wareq-sz  svctm  %util
sdb           8943.00  876.00     34.93     38.59     0.00  2660.00   0.00  75.23    0.15    0.50   0.00     4.00    45.11   0.10 100.00

2021년 10월 04일 16시 33분 11초
avg-cpu:  %user   %nice %system %iowait  %steal   %idle
           0.12    0.00    1.50    1.50    0.00   96.88

Device            r/s     w/s     rMB/s     wMB/s   rrqm/s   wrqm/s  %rrqm  %wrqm r_await w_await aqu-sz rareq-sz wareq-sz  svctm  %util
sdb           9444.00  957.00     36.89     39.30     0.00  1476.00   0.00  60.67    0.15    0.47   0.00     4.00    42.05   0.10 100.00

2021년 10월 04일 16시 33분 12초
avg-cpu:  %user   %nice %system %iowait  %steal   %idle
           0.00    0.00    1.38    0.63    0.00   98.00

Device            r/s     w/s     rMB/s     wMB/s   rrqm/s   wrqm/s  %rrqm  %wrqm r_await w_await aqu-sz rareq-sz wareq-sz  svctm  %util
sdb           9911.00  900.00     38.71     41.20     0.00  1587.00   0.00  63.81    0.15    0.48   0.00     4.00    46.87   0.09 100.00

2021년 10월 04일 16시 33분 13초
avg-cpu:  %user   %nice %system %iowait  %steal   %idle
           0.19    0.00    2.57    2.32    0.00   94.92

Device            r/s     w/s     rMB/s     wMB/s   rrqm/s   wrqm/s  %rrqm  %wrqm r_await w_await aqu-sz rareq-sz wareq-sz  svctm  %util
sdb           8084.00 1013.00     31.58     36.64     0.00  3454.00   0.00  77.32    0.15    0.50   0.03     4.00    37.03   0.11  98.80

2021년 10월 04일 16시 33분 14초
avg-cpu:  %user   %nice %system %iowait  %steal   %idle
           0.00    0.00    2.32    2.13    0.00   95.55

Device            r/s     w/s     rMB/s     wMB/s   rrqm/s   wrqm/s  %rrqm  %wrqm r_await w_await aqu-sz rareq-sz wareq-sz  svctm  %util
sdb           8609.00  991.00     33.63     38.40     0.00  2825.00   0.00  74.03    0.15    0.47   0.00     4.00    39.68   0.10 100.00

2021년 10월 04일 16시 33분 15초
avg-cpu:  %user   %nice %system %iowait  %steal   %idle
           0.06    0.00    1.31    0.94    0.00   97.69

Device            r/s     w/s     rMB/s     wMB/s   rrqm/s   wrqm/s  %rrqm  %wrqm r_await w_await aqu-sz rareq-sz wareq-sz  svctm  %util
sdb           10267.00  926.00     40.11     41.98     0.00  1501.00   0.00  61.85    0.14    0.46   0.00     4.00    46.42   0.09 100.00

2021년 10월 04일 16시 33분 16초
avg-cpu:  %user   %nice %system %iowait  %steal   %idle
           0.13    0.00    1.00    0.81    0.00   98.06

Device            r/s     w/s     rMB/s     wMB/s   rrqm/s   wrqm/s  %rrqm  %wrqm r_await w_await aqu-sz rareq-sz wareq-sz  svctm  %util
sdb           10511.00  830.00     41.06     42.78     0.00   908.00   0.00  52.24    0.14    0.51   0.00     4.00    52.78   0.09 100.00

2021년 10월 04일 16시 33분 17초
avg-cpu:  %user   %nice %system %iowait  %steal   %idle
           0.06    0.00    1.56    2.00    0.00   96.37

Device            r/s     w/s     rMB/s     wMB/s   rrqm/s   wrqm/s  %rrqm  %wrqm r_await w_await aqu-sz rareq-sz wareq-sz  svctm  %util
sdb           9209.00  900.00     35.97     39.10     0.00  1696.00   0.00  65.33    0.15    0.50   0.03     4.00    44.49   0.10  98.80

2021년 10월 04일 16시 33분 18초
avg-cpu:  %user   %nice %system %iowait  %steal   %idle
           0.06    0.00    0.75    0.63    0.00   98.56

Device            r/s     w/s     rMB/s     wMB/s   rrqm/s   wrqm/s  %rrqm  %wrqm r_await w_await aqu-sz rareq-sz wareq-sz  svctm  %util
sdb           10046.00  843.00     39.24     41.73     0.00  1505.00   0.00  64.10    0.15    0.49   0.00     4.00    50.70   0.09 100.00

2021년 10월 04일 16시 33분 19초
avg-cpu:  %user   %nice %system %iowait  %steal   %idle
           0.06    0.00    1.31    1.38    0.00   97.24

Device            r/s     w/s     rMB/s     wMB/s   rrqm/s   wrqm/s  %rrqm  %wrqm r_await w_await aqu-sz rareq-sz wareq-sz  svctm  %util
sdb           9803.00  843.00     38.29     41.08     0.00  1504.00   0.00  64.08    0.15    0.50   0.00     4.00    49.90   0.09 100.00

2021년 10월 04일 16시 33분 20초
avg-cpu:  %user   %nice %system %iowait  %steal   %idle
           0.06    0.00    1.56    1.19    0.00   97.19

Device            r/s     w/s     rMB/s     wMB/s   rrqm/s   wrqm/s  %rrqm  %wrqm r_await w_await aqu-sz rareq-sz wareq-sz  svctm  %util
sdb           9661.00 1044.00     37.74     49.34     0.00  3638.00   0.00  77.70    0.15    0.74   0.06     4.00    48.39   0.09 100.00

2021년 10월 04일 16시 33분 21초
avg-cpu:  %user   %nice %system %iowait  %steal   %idle
           0.00    0.00    1.37    0.75    0.00   97.88

Device            r/s     w/s     rMB/s     wMB/s   rrqm/s   wrqm/s  %rrqm  %wrqm r_await w_await aqu-sz rareq-sz wareq-sz  svctm  %util
sdb           10074.00  873.00     39.35     41.31     0.00  1146.00   0.00  56.76    0.14    0.50   0.03     4.00    48.46   0.09  98.80

2021년 10월 04일 16시 33분 22초
avg-cpu:  %user   %nice %system %iowait  %steal   %idle
           0.00    0.00    1.00    0.56    0.00   98.43

Device            r/s     w/s     rMB/s     wMB/s   rrqm/s   wrqm/s  %rrqm  %wrqm r_await w_await aqu-sz rareq-sz wareq-sz  svctm  %util
sdb           10087.00  854.00     39.40     41.14     0.00   791.00   0.00  48.09    0.14    0.49   0.00     4.00    49.33   0.09 100.00

2021년 10월 04일 16시 33분 23초
avg-cpu:  %user   %nice %system %iowait  %steal   %idle
           0.06    0.00    1.19    0.81    0.00   97.94

Device            r/s     w/s     rMB/s     wMB/s   rrqm/s   wrqm/s  %rrqm  %wrqm r_await w_await aqu-sz rareq-sz wareq-sz  svctm  %util
sdb           9966.00  876.00     38.93     40.71     0.00  1023.00   0.00  53.87    0.15    0.48   0.00     4.00    47.59   0.09 100.00

2021년 10월 04일 16시 33분 24초
avg-cpu:  %user   %nice %system %iowait  %steal   %idle
           0.06    0.00    3.06    1.13    0.00   95.75

Device            r/s     w/s     rMB/s     wMB/s   rrqm/s   wrqm/s  %rrqm  %wrqm r_await w_await aqu-sz rareq-sz wareq-sz  svctm  %util
sdb           8200.00  994.00     32.03     37.46     0.00  3286.00   0.00  76.78    0.16    0.48   0.00     4.00    38.59   0.11 100.00

2021년 10월 04일 16시 33분 25초
avg-cpu:  %user   %nice %system %iowait  %steal   %idle
           0.13    0.00    2.94    2.31    0.00   94.62

Device            r/s     w/s     rMB/s     wMB/s   rrqm/s   wrqm/s  %rrqm  %wrqm r_await w_await aqu-sz rareq-sz wareq-sz  svctm  %util
sdb           8347.00  937.00     32.61     36.75     0.00  2586.00   0.00  73.40    0.16    0.48   0.03     4.00    40.16   0.11  98.80

2021년 10월 04일 16시 33분 26초
avg-cpu:  %user   %nice %system %iowait  %steal   %idle
           0.00    0.00    2.63    2.26    0.00   95.11

Device            r/s     w/s     rMB/s     wMB/s   rrqm/s   wrqm/s  %rrqm  %wrqm r_await w_await aqu-sz rareq-sz wareq-sz  svctm  %util
sdb           8717.00  933.00     34.05     37.93     0.00  2554.00   0.00  73.24    0.16    0.48   0.00     4.00    41.62   0.10 100.00

2021년 10월 04일 16시 33분 27초
avg-cpu:  %user   %nice %system %iowait  %steal   %idle
           0.00    0.00    1.13    0.94    0.00   97.93

Device            r/s     w/s     rMB/s     wMB/s   rrqm/s   wrqm/s  %rrqm  %wrqm r_await w_await aqu-sz rareq-sz wareq-sz  svctm  %util
sdb           9902.00  917.00     38.68     41.53     0.00  1481.00   0.00  61.76    0.15    0.49   0.00     4.00    46.38   0.09 100.00

2021년 10월 04일 16시 33분 28초
avg-cpu:  %user   %nice %system %iowait  %steal   %idle
           0.06    0.00    1.32    1.25    0.00   97.37

Device            r/s     w/s     rMB/s     wMB/s   rrqm/s   wrqm/s  %rrqm  %wrqm r_await w_await aqu-sz rareq-sz wareq-sz  svctm  %util
sdb           10006.00  888.00     39.09     41.54     0.00  1722.00   0.00  65.98    0.14    0.48   0.00     4.00    47.90   0.09 100.00

2021년 10월 04일 16시 33분 29초
avg-cpu:  %user   %nice %system %iowait  %steal   %idle
           0.06    0.00    1.00    0.94    0.00   97.99

Device            r/s     w/s     rMB/s     wMB/s   rrqm/s   wrqm/s  %rrqm  %wrqm r_await w_await aqu-sz rareq-sz wareq-sz  svctm  %util
sdb           9738.00  961.00     38.04     40.84     0.00  1786.00   0.00  65.02    0.15    0.48   0.04     4.00    43.52   0.09  98.40

2021년 10월 04일 16시 33분 30초
avg-cpu:  %user   %nice %system %iowait  %steal   %idle
           0.00    0.00    1.31    1.69    0.00   96.99

Device            r/s     w/s     rMB/s     wMB/s   rrqm/s   wrqm/s  %rrqm  %wrqm r_await w_await aqu-sz rareq-sz wareq-sz  svctm  %util
sdb           9658.00  922.00     37.73     40.69     0.00  1845.00   0.00  66.68    0.15    0.48   0.00     4.00    45.19   0.09 100.00

2021년 10월 04일 16시 33분 31초
avg-cpu:  %user   %nice %system %iowait  %steal   %idle
           0.06    0.00    2.19    2.19    0.00   95.55

Device            r/s     w/s     rMB/s     wMB/s   rrqm/s   wrqm/s  %rrqm  %wrqm r_await w_await aqu-sz rareq-sz wareq-sz  svctm  %util
sdb           8936.00  952.00     34.91     39.21     0.00  2731.00   0.00  74.15    0.15    0.48   0.00     4.00    42.17   0.10 100.00

2021년 10월 04일 16시 33분 32초
avg-cpu:  %user   %nice %system %iowait  %steal   %idle
           0.06    0.00    1.37    0.56    0.00   98.00

Device            r/s     w/s     rMB/s     wMB/s   rrqm/s   wrqm/s  %rrqm  %wrqm r_await w_await aqu-sz rareq-sz wareq-sz  svctm  %util
sdb           10090.00  908.00     39.41     41.43     0.00  1253.00   0.00  57.98    0.14    0.48   0.00     4.00    46.72   0.09 100.00

2021년 10월 04일 16시 33분 33초
avg-cpu:  %user   %nice %system %iowait  %steal   %idle
           0.06    0.00    2.06    1.81    0.00   96.06

Device            r/s     w/s     rMB/s     wMB/s   rrqm/s   wrqm/s  %rrqm  %wrqm r_await w_await aqu-sz rareq-sz wareq-sz  svctm  %util
sdb           9028.00  927.00     35.27     39.01     0.00  2452.00   0.00  72.57    0.15    0.51   0.03     4.00    43.09   0.10  98.80

2021년 10월 04일 16시 33분 34초
avg-cpu:  %user   %nice %system %iowait  %steal   %idle
           0.06    0.00    2.19    3.87    0.00   93.88

Device            r/s     w/s     rMB/s     wMB/s   rrqm/s   wrqm/s  %rrqm  %wrqm r_await w_await aqu-sz rareq-sz wareq-sz  svctm  %util
sdb           9393.00  927.00     36.69     40.16     0.00  2214.00   0.00  70.49    0.15    0.48   0.00     4.00    44.36   0.10 100.00

2021년 10월 04일 16시 33분 35초
avg-cpu:  %user   %nice %system %iowait  %steal   %idle
           0.06    0.00    1.81    1.31    0.00   96.81

Device            r/s     w/s     rMB/s     wMB/s   rrqm/s   wrqm/s  %rrqm  %wrqm r_await w_await aqu-sz rareq-sz wareq-sz  svctm  %util
sdb           9468.00  964.00     36.98     39.96     0.00  1991.00   0.00  67.38    0.15    0.45   0.00     4.00    42.45   0.10 100.00

2021년 10월 04일 16시 33분 36초
avg-cpu:  %user   %nice %system %iowait  %steal   %idle
           0.00    0.00    1.00    0.69    0.00   98.31

Device            r/s     w/s     rMB/s     wMB/s   rrqm/s   wrqm/s  %rrqm  %wrqm r_await w_await aqu-sz rareq-sz wareq-sz  svctm  %util
sdb           9558.00 1018.00     37.34     40.12     0.00  1905.00   0.00  65.17    0.15    0.45   0.00     4.00    40.36   0.09 100.00

2021년 10월 04일 16시 33분 37초
avg-cpu:  %user   %nice %system %iowait  %steal   %idle
           0.13    0.00    1.25    1.63    0.00   97.00

Device            r/s     w/s     rMB/s     wMB/s   rrqm/s   wrqm/s  %rrqm  %wrqm r_await w_await aqu-sz rareq-sz wareq-sz  svctm  %util
sdb           9518.00  968.00     37.18     39.93     0.00  1533.00   0.00  61.30    0.15    0.47   0.04     4.00    42.24   0.09  98.80

2021년 10월 04일 16시 33분 38초
avg-cpu:  %user   %nice %system %iowait  %steal   %idle
           0.06    0.00    2.99    1.81    0.00   95.13

Device            r/s     w/s     rMB/s     wMB/s   rrqm/s   wrqm/s  %rrqm  %wrqm r_await w_await aqu-sz rareq-sz wareq-sz  svctm  %util
sdb           8794.00 1058.00     34.35     38.53     0.00  3285.00   0.00  75.64    0.15    0.45   0.00     4.00    37.29   0.10 100.00

2021년 10월 04일 16시 33분 39초
avg-cpu:  %user   %nice %system %iowait  %steal   %idle
           0.06    0.00    0.88    0.69    0.00   98.37

Device            r/s     w/s     rMB/s     wMB/s   rrqm/s   wrqm/s  %rrqm  %wrqm r_await w_await aqu-sz rareq-sz wareq-sz  svctm  %util
sdb           9900.00 1102.00     38.67     40.95     0.00  1767.00   0.00  61.59    0.15    0.42   0.00     4.00    38.05   0.09 100.00

2021년 10월 04일 16시 33분 40초
avg-cpu:  %user   %nice %system %iowait  %steal   %idle
           0.00    0.00    1.19    0.69    0.00   98.12

Device            r/s     w/s     rMB/s     wMB/s   rrqm/s   wrqm/s  %rrqm  %wrqm r_await w_await aqu-sz rareq-sz wareq-sz  svctm  %util
sdb           9555.00 1156.00     37.32     40.20     0.00  1705.00   0.00  59.59    0.15    0.41   0.00     4.00    35.61   0.09 100.00

2021년 10월 04일 16시 33분 41초
avg-cpu:  %user   %nice %system %iowait  %steal   %idle
           0.13    0.00    0.94    0.94    0.00   98.00

Device            r/s     w/s     rMB/s     wMB/s   rrqm/s   wrqm/s  %rrqm  %wrqm r_await w_await aqu-sz rareq-sz wareq-sz  svctm  %util
sdb           9578.00 1048.00     37.41     39.89     0.00  1516.00   0.00  59.13    0.15    0.45   0.04     4.00    38.97   0.09  98.40

2021년 10월 04일 16시 33분 42초
avg-cpu:  %user   %nice %system %iowait  %steal   %idle
           0.06    0.00    2.19    2.63    0.00   95.12

Device            r/s     w/s     rMB/s     wMB/s   rrqm/s   wrqm/s  %rrqm  %wrqm r_await w_await aqu-sz rareq-sz wareq-sz  svctm  %util
sdb           8894.00 1006.00     34.74     38.21     0.00  2419.00   0.00  70.63    0.15    0.45   0.00     4.00    38.89   0.10 100.00

2021년 10월 04일 16시 33분 43초
avg-cpu:  %user   %nice %system %iowait  %steal   %idle
           0.00    0.00    1.64    2.08    0.00   96.28

Device            r/s     w/s     rMB/s     wMB/s   rrqm/s   wrqm/s  %rrqm  %wrqm r_await w_await aqu-sz rareq-sz wareq-sz  svctm  %util
sdb           8699.00 1036.00     33.98     37.46     0.00  2279.00   0.00  68.75    0.16    0.44   0.00     4.00    37.03   0.10 100.00

2021년 10월 04일 16시 33분 44초
avg-cpu:  %user   %nice %system %iowait  %steal   %idle
           0.00    0.00    1.25    0.69    0.00   98.06

Device            r/s     w/s     rMB/s     wMB/s   rrqm/s   wrqm/s  %rrqm  %wrqm r_await w_await aqu-sz rareq-sz wareq-sz  svctm  %util
sdb           9985.00  989.00     39.00     41.10     0.00  1275.00   0.00  56.32    0.15    0.44   0.00     4.00    42.56   0.09 100.00

2021년 10월 04일 16시 33분 45초
avg-cpu:  %user   %nice %system %iowait  %steal   %idle
           0.00    0.00    1.25    0.88    0.00   97.87

Device            r/s     w/s     rMB/s     wMB/s   rrqm/s   wrqm/s  %rrqm  %wrqm r_await w_await aqu-sz rareq-sz wareq-sz  svctm  %util
sdb           9270.00  999.00     36.21     39.50     0.00  1924.00   0.00  65.82    0.15    0.48   0.03     4.00    40.49   0.10  98.80

2021년 10월 04일 16시 33분 46초
avg-cpu:  %user   %nice %system %iowait  %steal   %idle
           0.06    0.00    2.38    2.13    0.00   95.43

Device            r/s     w/s     rMB/s     wMB/s   rrqm/s   wrqm/s  %rrqm  %wrqm r_await w_await aqu-sz rareq-sz wareq-sz  svctm  %util
sdb           8639.00 1069.00     33.75     37.14     0.00  2367.00   0.00  68.89    0.15    0.44   0.00     4.00    35.58   0.10 100.00

2021년 10월 04일 16시 33분 47초
avg-cpu:  %user   %nice %system %iowait  %steal   %idle
           0.00    0.00    1.56    1.56    0.00   96.88

Device            r/s     w/s     rMB/s     wMB/s   rrqm/s   wrqm/s  %rrqm  %wrqm r_await w_await aqu-sz rareq-sz wareq-sz  svctm  %util
sdb           9657.00 1042.00     37.72     41.00     0.00  1589.00   0.00  60.40    0.15    0.45   0.00     4.00    40.29   0.09 100.00

2021년 10월 04일 16시 33분 48초
avg-cpu:  %user   %nice %system %iowait  %steal   %idle
           0.00    0.00    0.82    0.94    0.00   98.24

Device            r/s     w/s     rMB/s     wMB/s   rrqm/s   wrqm/s  %rrqm  %wrqm r_await w_await aqu-sz rareq-sz wareq-sz  svctm  %util
sdb           9786.00  978.00     38.23     40.05     0.00  1214.00   0.00  55.38    0.15    0.45   0.00     4.00    41.93   0.09 100.00

2021년 10월 04일 16시 33분 49초
avg-cpu:  %user   %nice %system %iowait  %steal   %idle
           0.06    0.00    1.12    3.56    0.00   95.25

Device            r/s     w/s     rMB/s     wMB/s   rrqm/s   wrqm/s  %rrqm  %wrqm r_await w_await aqu-sz rareq-sz wareq-sz  svctm  %util
sdb           10001.00  939.00     39.07     40.52     0.00  1022.00   0.00  52.12    0.15    0.48   0.03     4.00    44.19   0.09  98.80

2021년 10월 04일 16시 33분 50초
avg-cpu:  %user   %nice %system %iowait  %steal   %idle
           0.00    0.00    1.13    2.07    0.00   96.80

Device            r/s     w/s     rMB/s     wMB/s   rrqm/s   wrqm/s  %rrqm  %wrqm r_await w_await aqu-sz rareq-sz wareq-sz  svctm  %util
sdb           9666.34  967.33     37.76     40.06     0.00  1497.03   0.00  60.75    0.15    0.45   0.00     4.00    42.41   0.09  99.01

2021년 10월 04일 16시 33분 51초
avg-cpu:  %user   %nice %system %iowait  %steal   %idle
           0.13    0.00    1.19    1.56    0.00   97.12

Device            r/s     w/s     rMB/s     wMB/s   rrqm/s   wrqm/s  %rrqm  %wrqm r_await w_await aqu-sz rareq-sz wareq-sz  svctm  %util
sdb           9619.00 1121.00     37.57     48.55     0.00  3472.00   0.00  75.59    0.15    0.78   0.08     4.00    44.35   0.09 100.00

2021년 10월 04일 16시 33분 52초
avg-cpu:  %user   %nice %system %iowait  %steal   %idle
           0.00    0.00    1.25    2.57    0.00   96.18

Device            r/s     w/s     rMB/s     wMB/s   rrqm/s   wrqm/s  %rrqm  %wrqm r_await w_await aqu-sz rareq-sz wareq-sz  svctm  %util
sdb           9817.00  917.00     38.35     40.59     0.00  1782.00   0.00  66.02    0.15    0.48   0.00     4.00    45.32   0.09 100.40

2021년 10월 04일 16시 33분 53초
avg-cpu:  %user   %nice %system %iowait  %steal   %idle
           0.00    0.00    1.95    2.51    0.00   95.54

Device            r/s     w/s     rMB/s     wMB/s   rrqm/s   wrqm/s  %rrqm  %wrqm r_await w_await aqu-sz rareq-sz wareq-sz  svctm  %util
sdb           8541.00 1070.00     33.36     37.58     0.00  2737.00   0.00  71.89    0.15    0.45   0.03     4.00    35.96   0.10  98.00

2021년 10월 04일 16시 33분 54초
avg-cpu:  %user   %nice %system %iowait  %steal   %idle
           0.00    0.00    2.32    1.57    0.00   96.11

Device            r/s     w/s     rMB/s     wMB/s   rrqm/s   wrqm/s  %rrqm  %wrqm r_await w_await aqu-sz rareq-sz wareq-sz  svctm  %util
sdb           8287.00 1047.00     32.37     36.43     0.00  2446.00   0.00  70.03    0.16    0.45   0.00     4.00    35.63   0.11 100.00

2021년 10월 04일 16시 33분 55초
avg-cpu:  %user   %nice %system %iowait  %steal   %idle
           0.13    0.00    2.39    1.00    0.00   96.48

Device            r/s     w/s     rMB/s     wMB/s   rrqm/s   wrqm/s  %rrqm  %wrqm r_await w_await aqu-sz rareq-sz wareq-sz  svctm  %util
sdb           8451.00 1099.00     33.01     37.95     0.00  3396.00   0.00  75.55    0.15    0.44   0.00     4.00    35.36   0.11 100.40

2021년 10월 04일 16시 33분 56초
avg-cpu:  %user   %nice %system %iowait  %steal   %idle
           0.06    0.00    0.81    2.38    0.00   96.74

Device            r/s     w/s     rMB/s     wMB/s   rrqm/s   wrqm/s  %rrqm  %wrqm r_await w_await aqu-sz rareq-sz wareq-sz  svctm  %util
sdb           10139.00  989.00     39.61     41.41     0.00  1253.00   0.00  55.89    0.14    0.45   0.00     4.00    42.88   0.09 100.00

2021년 10월 04일 16시 33분 57초
avg-cpu:  %user   %nice %system %iowait  %steal   %idle
           0.13    0.00    2.07    2.57    0.00   95.23

Device            r/s     w/s     rMB/s     wMB/s   rrqm/s   wrqm/s  %rrqm  %wrqm r_await w_await aqu-sz rareq-sz wareq-sz  svctm  %util
sdb           8667.00  904.00     33.86     37.16     0.00  2379.00   0.00  72.46    0.16    0.49   0.03     4.00    42.09   0.10  98.40

2021년 10월 04일 16시 33분 58초
avg-cpu:  %user   %nice %system %iowait  %steal   %idle
           0.00    0.00    1.31    0.50    0.00   98.19

Device            r/s     w/s     rMB/s     wMB/s   rrqm/s   wrqm/s  %rrqm  %wrqm r_await w_await aqu-sz rareq-sz wareq-sz  svctm  %util
sdb           9829.00  911.00     38.39     40.92     0.00  1192.00   0.00  56.68    0.15    0.47   0.00     4.00    45.99   0.09 100.00

2021년 10월 04일 16시 33분 59초
avg-cpu:  %user   %nice %system %iowait  %steal   %idle
           0.00    0.00    1.38    1.25    0.00   97.38

Device            r/s     w/s     rMB/s     wMB/s   rrqm/s   wrqm/s  %rrqm  %wrqm r_await w_await aqu-sz rareq-sz wareq-sz  svctm  %util
sdb           10106.00  864.00     39.48     41.29     0.00  1216.00   0.00  58.46    0.14    0.49   0.00     4.00    48.93   0.09 100.00

2021년 10월 04일 16시 34분 00초
avg-cpu:  %user   %nice %system %iowait  %steal   %idle
           0.13    0.00    1.75    2.94    0.00   95.18

Device            r/s     w/s     rMB/s     wMB/s   rrqm/s   wrqm/s  %rrqm  %wrqm r_await w_await aqu-sz rareq-sz wareq-sz  svctm  %util
sdb           8925.00  950.00     34.86     38.10     0.00  1903.00   0.00  66.70    0.16    0.47   0.00     4.00    41.07   0.10 100.00

2021년 10월 04일 16시 34분 01초
avg-cpu:  %user   %nice %system %iowait  %steal   %idle
           0.00    0.00    1.56    2.81    0.00   95.62

Device            r/s     w/s     rMB/s     wMB/s   rrqm/s   wrqm/s  %rrqm  %wrqm r_await w_await aqu-sz rareq-sz wareq-sz  svctm  %util
sdb           9043.00  875.00     35.32     37.93     0.00  1551.00   0.00  63.93    0.16    0.51   0.04     4.00    44.39   0.10  98.40

2021년 10월 04일 16시 34분 02초
avg-cpu:  %user   %nice %system %iowait  %steal   %idle
           0.00    0.00    1.38    1.38    0.00   97.24

Device            r/s     w/s     rMB/s     wMB/s   rrqm/s   wrqm/s  %rrqm  %wrqm r_await w_await aqu-sz rareq-sz wareq-sz  svctm  %util
sdb           9244.00  988.00     36.11     39.14     0.00  1846.00   0.00  65.14    0.15    0.47   0.00     4.00    40.56   0.10 100.00

2021년 10월 04일 16시 34분 03초
avg-cpu:  %user   %nice %system %iowait  %steal   %idle
           0.00    0.00    1.19    0.56    0.00   98.25

Device            r/s     w/s     rMB/s     wMB/s   rrqm/s   wrqm/s  %rrqm  %wrqm r_await w_await aqu-sz rareq-sz wareq-sz  svctm  %util
sdb           9903.00  928.00     38.68     40.65     0.00  1274.00   0.00  57.86    0.15    0.46   0.00     4.00    44.86   0.09 100.00

2021년 10월 04일 16시 34분 04초
avg-cpu:  %user   %nice %system %iowait  %steal   %idle
           0.06    0.00    1.50    2.06    0.00   96.37

Device            r/s     w/s     rMB/s     wMB/s   rrqm/s   wrqm/s  %rrqm  %wrqm r_await w_await aqu-sz rareq-sz wareq-sz  svctm  %util
sdb           9401.00  975.00     36.72     39.59     0.00  1682.00   0.00  63.30    0.15    0.45   0.00     4.00    41.58   0.10 100.00

2021년 10월 04일 16시 34분 05초
avg-cpu:  %user   %nice %system %iowait  %steal   %idle
           0.00    0.00    1.01    0.69    0.00   98.30

Device            r/s     w/s     rMB/s     wMB/s   rrqm/s   wrqm/s  %rrqm  %wrqm r_await w_await aqu-sz rareq-sz wareq-sz  svctm  %util
sdb           9703.00  974.00     37.90     40.00     0.00  1514.00   0.00  60.85    0.14    0.49   0.04     4.00    42.05   0.09  98.40

2021년 10월 04일 16시 34분 06초
avg-cpu:  %user   %nice %system %iowait  %steal   %idle
           0.06    0.00    1.13    0.69    0.00   98.12

Device            r/s     w/s     rMB/s     wMB/s   rrqm/s   wrqm/s  %rrqm  %wrqm r_await w_await aqu-sz rareq-sz wareq-sz  svctm  %util
sdb           10293.00  804.00     40.21     42.14     0.00  1163.00   0.00  59.13    0.15    0.51   0.00     4.00    53.67   0.09 100.00

2021년 10월 04일 16시 34분 07초
avg-cpu:  %user   %nice %system %iowait  %steal   %idle
           0.00    0.00    1.32    2.45    0.00   96.23

Device            r/s     w/s     rMB/s     wMB/s   rrqm/s   wrqm/s  %rrqm  %wrqm r_await w_await aqu-sz rareq-sz wareq-sz  svctm  %util
sdb           9075.00 1023.00     35.45     38.73     0.00  2193.00   0.00  68.19    0.15    0.46   0.00     4.00    38.77   0.10 100.00

2021년 10월 04일 16시 34분 08초
avg-cpu:  %user   %nice %system %iowait  %steal   %idle
           0.06    0.00    2.20    1.13    0.00   96.61

Device            r/s     w/s     rMB/s     wMB/s   rrqm/s   wrqm/s  %rrqm  %wrqm r_await w_await aqu-sz rareq-sz wareq-sz  svctm  %util
sdb           8174.00 1112.00     31.93     36.96     0.00  3133.00   0.00  73.80    0.16    0.43   0.00     4.00    34.04   0.11 100.00

2021년 10월 04일 16시 34분 09초
avg-cpu:  %user   %nice %system %iowait  %steal   %idle
           0.06    0.00    1.75    1.31    0.00   96.88

Device            r/s     w/s     rMB/s     wMB/s   rrqm/s   wrqm/s  %rrqm  %wrqm r_await w_await aqu-sz rareq-sz wareq-sz  svctm  %util
sdb           8717.00 1041.00     34.05     37.71     0.00  2316.00   0.00  68.99    0.16    0.47   0.04     4.00    37.10   0.10  98.40

2021년 10월 04일 16시 34분 10초
avg-cpu:  %user   %nice %system %iowait  %steal   %idle
           0.06    0.00    2.13    3.45    0.00   94.36

Device            r/s     w/s     rMB/s     wMB/s   rrqm/s   wrqm/s  %rrqm  %wrqm r_await w_await aqu-sz rareq-sz wareq-sz  svctm  %util
sdb           8748.00 1039.00     34.17     37.85     0.00  2295.00   0.00  68.84    0.15    0.44   0.00     4.00    37.30   0.10 100.00

2021년 10월 04일 16시 34분 11초
avg-cpu:  %user   %nice %system %iowait  %steal   %idle
           0.00    0.00    1.06    0.63    0.00   98.31

Device            r/s     w/s     rMB/s     wMB/s   rrqm/s   wrqm/s  %rrqm  %wrqm r_await w_await aqu-sz rareq-sz wareq-sz  svctm  %util
sdb           10149.00  936.00     39.64     41.88     0.00  1241.00   0.00  57.01    0.14    0.46   0.00     4.00    45.82   0.09 100.00

2021년 10월 04일 16시 34분 12초
avg-cpu:  %user   %nice %system %iowait  %steal   %idle
           0.12    0.00    1.19    2.31    0.00   96.38

Device            r/s     w/s     rMB/s     wMB/s   rrqm/s   wrqm/s  %rrqm  %wrqm r_await w_await aqu-sz rareq-sz wareq-sz  svctm  %util
sdb           10488.00  988.00     40.97     42.64     0.00  1116.00   0.00  53.04    0.14    0.43   0.00     4.00    44.19   0.09  99.60

2021년 10월 04일 16시 34분 13초
avg-cpu:  %user   %nice %system %iowait  %steal   %idle
           0.06    0.00    1.88    2.70    0.00   95.35

Device            r/s     w/s     rMB/s     wMB/s   rrqm/s   wrqm/s  %rrqm  %wrqm r_await w_await aqu-sz rareq-sz wareq-sz  svctm  %util
sdb           8833.00  991.00     34.50     38.66     0.00  2839.00   0.00  74.13    0.15    0.49   0.03     4.00    39.95   0.10  99.20

2021년 10월 04일 16시 34분 14초
avg-cpu:  %user   %nice %system %iowait  %steal   %idle
           0.00    0.00    1.06    0.56    0.00   98.37

Device            r/s     w/s     rMB/s     wMB/s   rrqm/s   wrqm/s  %rrqm  %wrqm r_await w_await aqu-sz rareq-sz wareq-sz  svctm  %util
sdb           10190.00  868.00     39.80     41.71     0.00  1062.00   0.00  55.03    0.14    0.50   0.00     4.00    49.21   0.09 100.00

2021년 10월 04일 16시 34분 15초
avg-cpu:  %user   %nice %system %iowait  %steal   %idle
           0.00    0.00    1.63    1.56    0.00   96.81

Device            r/s     w/s     rMB/s     wMB/s   rrqm/s   wrqm/s  %rrqm  %wrqm r_await w_await aqu-sz rareq-sz wareq-sz  svctm  %util
sdb           9910.00  894.00     38.71     41.38     0.00  1341.00   0.00  60.00    0.14    0.49   0.00     4.00    47.39   0.09  99.60

2021년 10월 04일 16시 34분 16초
avg-cpu:  %user   %nice %system %iowait  %steal   %idle
           0.12    0.00    1.87    1.62    0.00   96.39

Device            r/s     w/s     rMB/s     wMB/s   rrqm/s   wrqm/s  %rrqm  %wrqm r_await w_await aqu-sz rareq-sz wareq-sz  svctm  %util
sdb           9659.00  941.00     37.73     40.37     0.00  1574.00   0.00  62.58    0.15    0.48   0.00     4.00    43.93   0.09 100.40

2021년 10월 04일 16시 34분 17초
avg-cpu:  %user   %nice %system %iowait  %steal   %idle
           0.00    0.00    1.19    1.94    0.00   96.87

Device            r/s     w/s     rMB/s     wMB/s   rrqm/s   wrqm/s  %rrqm  %wrqm r_await w_await aqu-sz rareq-sz wareq-sz  svctm  %util
sdb           9978.00  919.00     38.98     40.88     0.00  1273.00   0.00  58.07    0.15    0.48   0.04     4.00    45.55   0.09  98.40

2021년 10월 04일 16시 34분 18초
avg-cpu:  %user   %nice %system %iowait  %steal   %idle
           0.06    0.00    0.94    0.94    0.00   98.06

Device            r/s     w/s     rMB/s     wMB/s   rrqm/s   wrqm/s  %rrqm  %wrqm r_await w_await aqu-sz rareq-sz wareq-sz  svctm  %util
sdb           10459.00  866.00     40.86     43.00     0.00  1124.00   0.00  56.48    0.14    0.48   0.00     4.00    50.85   0.09 100.00

2021년 10월 04일 16시 34분 19초
avg-cpu:  %user   %nice %system %iowait  %steal   %idle
           0.00    0.00    1.94    1.94    0.00   96.12

Device            r/s     w/s     rMB/s     wMB/s   rrqm/s   wrqm/s  %rrqm  %wrqm r_await w_await aqu-sz rareq-sz wareq-sz  svctm  %util
sdb           9346.00  907.00     36.51     39.70     0.00  2102.00   0.00  69.86    0.15    0.49   0.00     4.00    44.82   0.10 100.00

2021년 10월 04일 16시 34분 20초
avg-cpu:  %user   %nice %system %iowait  %steal   %idle
           0.06    0.00    1.07    1.07    0.00   97.81

Device            r/s     w/s     rMB/s     wMB/s   rrqm/s   wrqm/s  %rrqm  %wrqm r_await w_await aqu-sz rareq-sz wareq-sz  svctm  %util
sdb           10416.00  909.00     40.69     43.11     0.00  1505.00   0.00  62.34    0.14    0.48   0.00     4.00    48.57   0.09 100.00

2021년 10월 04일 16시 34분 21초
avg-cpu:  %user   %nice %system %iowait  %steal   %idle
           0.00    0.00    1.13    2.76    0.00   96.11

Device            r/s     w/s     rMB/s     wMB/s   rrqm/s   wrqm/s  %rrqm  %wrqm r_await w_await aqu-sz rareq-sz wareq-sz  svctm  %util
sdb           9180.00 1118.00     35.86     47.35     0.00  3445.00   0.00  75.50    0.15    0.72   0.11     4.00    43.37   0.10  98.80

2021년 10월 04일 16시 34분 22초
avg-cpu:  %user   %nice %system %iowait  %steal   %idle
           0.06    0.00    1.44    2.06    0.00   96.44

Device            r/s     w/s     rMB/s     wMB/s   rrqm/s   wrqm/s  %rrqm  %wrqm r_await w_await aqu-sz rareq-sz wareq-sz  svctm  %util
sdb           10112.00 1038.00     39.50     42.00     0.00  1397.00   0.00  57.37    0.14    0.43   0.00     4.00    41.44   0.09 100.00

2021년 10월 04일 16시 34분 23초
avg-cpu:  %user   %nice %system %iowait  %steal   %idle
           0.06    0.00    1.44    0.62    0.00   97.88

Device            r/s     w/s     rMB/s     wMB/s   rrqm/s   wrqm/s  %rrqm  %wrqm r_await w_await aqu-sz rareq-sz wareq-sz  svctm  %util
sdb           9905.00  985.00     38.69     41.82     0.00  1983.00   0.00  66.81    0.15    0.45   0.00     4.00    43.47   0.09 100.00

2021년 10월 04일 16시 34분 24초
avg-cpu:  %user   %nice %system %iowait  %steal   %idle
           0.06    0.00    1.37    3.37    0.00   95.19

Device            r/s     w/s     rMB/s     wMB/s   rrqm/s   wrqm/s  %rrqm  %wrqm r_await w_await aqu-sz rareq-sz wareq-sz  svctm  %util
sdb           10263.00  905.00     40.09     41.65     0.00   899.00   0.00  49.83    0.14    0.48   0.04     4.00    47.12   0.09  98.40

2021년 10월 04일 16시 34분 25초
avg-cpu:  %user   %nice %system %iowait  %steal   %idle
           0.06    0.00    1.00    2.76    0.00   96.18

Device            r/s     w/s     rMB/s     wMB/s   rrqm/s   wrqm/s  %rrqm  %wrqm r_await w_await aqu-sz rareq-sz wareq-sz  svctm  %util
sdb           10364.00  973.00     40.48     42.55     0.00  1252.00   0.00  56.27    0.14    0.45   0.00     4.00    44.78   0.09 100.00

2021년 10월 04일 16시 34분 26초
avg-cpu:  %user   %nice %system %iowait  %steal   %idle
           0.13    0.00    1.50    2.94    0.00   95.43

Device            r/s     w/s     rMB/s     wMB/s   rrqm/s   wrqm/s  %rrqm  %wrqm r_await w_await aqu-sz rareq-sz wareq-sz  svctm  %util
sdb           10014.00  912.00     39.12     41.53     0.00  1232.00   0.00  57.46    0.14    0.48   0.00     4.00    46.63   0.09 100.00

2021년 10월 04일 16시 34분 27초
avg-cpu:  %user   %nice %system %iowait  %steal   %idle
           0.00    0.00    1.01    4.40    0.00   94.60

Device            r/s     w/s     rMB/s     wMB/s   rrqm/s   wrqm/s  %rrqm  %wrqm r_await w_await aqu-sz rareq-sz wareq-sz  svctm  %util
sdb           9764.00 1007.00     38.14     40.49     0.00  1211.00   0.00  54.60    0.15    0.44   0.00     4.00    41.17   0.09 100.00

2021년 10월 04일 16시 34분 28초
avg-cpu:  %user   %nice %system %iowait  %steal   %idle
           0.06    0.00    1.44    3.07    0.00   95.43

Device            r/s     w/s     rMB/s     wMB/s   rrqm/s   wrqm/s  %rrqm  %wrqm r_await w_await aqu-sz rareq-sz wareq-sz  svctm  %util
sdb           9610.00  930.00     37.54     40.24     0.00  1489.00   0.00  61.55    0.14    0.48   0.04     4.00    44.31   0.09  98.40

2021년 10월 04일 16시 34분 29초
avg-cpu:  %user   %nice %system %iowait  %steal   %idle
           0.00    0.00    1.81    0.75    0.00   97.44

Device            r/s     w/s     rMB/s     wMB/s   rrqm/s   wrqm/s  %rrqm  %wrqm r_await w_await aqu-sz rareq-sz wareq-sz  svctm  %util
sdb           9666.00  923.00     37.76     40.98     0.00  2374.00   0.00  72.00    0.15    0.47   0.00     4.00    45.46   0.09 100.00

2021년 10월 04일 16시 34분 30초
avg-cpu:  %user   %nice %system %iowait  %steal   %idle
           0.06    0.00    2.07    2.00    0.00   95.87

Device            r/s     w/s     rMB/s     wMB/s   rrqm/s   wrqm/s  %rrqm  %wrqm r_await w_await aqu-sz rareq-sz wareq-sz  svctm  %util
sdb           9194.00 1049.00     35.91     40.44     0.00  2954.00   0.00  73.79    0.15    0.45   0.00     4.00    39.47   0.10 100.00

2021년 10월 04일 16시 34분 31초
avg-cpu:  %user   %nice %system %iowait  %steal   %idle
           0.00    0.00    1.13    0.56    0.00   98.31

Device            r/s     w/s     rMB/s     wMB/s   rrqm/s   wrqm/s  %rrqm  %wrqm r_await w_await aqu-sz rareq-sz wareq-sz  svctm  %util
sdb           10125.00  934.00     39.55     41.55     0.00  1103.00   0.00  54.15    0.14    0.46   0.00     4.00    45.55   0.09 100.00

2021년 10월 04일 16시 34분 32초
avg-cpu:  %user   %nice %system %iowait  %steal   %idle
           0.06    0.00    1.31    1.81    0.00   96.81

Device            r/s     w/s     rMB/s     wMB/s   rrqm/s   wrqm/s  %rrqm  %wrqm r_await w_await aqu-sz rareq-sz wareq-sz  svctm  %util
sdb           9575.00  926.00     37.40     39.72     0.00  1184.00   0.00  56.11    0.15    0.48   0.04     4.00    43.93   0.09  98.40

2021년 10월 04일 16시 34분 33초
avg-cpu:  %user   %nice %system %iowait  %steal   %idle
           0.06    0.00    0.75    1.88    0.00   97.30

Device            r/s     w/s     rMB/s     wMB/s   rrqm/s   wrqm/s  %rrqm  %wrqm r_await w_await aqu-sz rareq-sz wareq-sz  svctm  %util
sdb           9935.00 1069.00     38.81     41.27     0.00  1538.00   0.00  59.00    0.14    0.43   0.00     4.00    39.53   0.09 100.00

2021년 10월 04일 16시 34분 34초
avg-cpu:  %user   %nice %system %iowait  %steal   %idle
           0.06    0.00    1.32    3.20    0.00   95.41

Device            r/s     w/s     rMB/s     wMB/s   rrqm/s   wrqm/s  %rrqm  %wrqm r_await w_await aqu-sz rareq-sz wareq-sz  svctm  %util
sdb           9764.00 1006.00     38.14     40.07     0.00  1398.00   0.00  58.15    0.14    0.44   0.00     4.00    40.78   0.09 100.00

2021년 10월 04일 16시 34분 35초
avg-cpu:  %user   %nice %system %iowait  %steal   %idle
           0.19    0.00    2.38    2.44    0.00   94.99

Device            r/s     w/s     rMB/s     wMB/s   rrqm/s   wrqm/s  %rrqm  %wrqm r_await w_await aqu-sz rareq-sz wareq-sz  svctm  %util
sdb           9087.00  930.00     35.50     39.41     0.00  2340.00   0.00  71.56    0.15    0.48   0.00     4.00    43.39   0.10 100.00

2021년 10월 04일 16시 34분 36초
avg-cpu:  %user   %nice %system %iowait  %steal   %idle
           0.00    0.00    1.31    1.50    0.00   97.19

Device            r/s     w/s     rMB/s     wMB/s   rrqm/s   wrqm/s  %rrqm  %wrqm r_await w_await aqu-sz rareq-sz wareq-sz  svctm  %util
sdb           10341.00  889.00     40.39     42.59     0.00  1168.00   0.00  56.78    0.14    0.49   0.03     4.00    49.06   0.09  98.40

2021년 10월 04일 16시 34분 37초
avg-cpu:  %user   %nice %system %iowait  %steal   %idle
           0.06    0.00    0.69    0.63    0.00   98.62

Device            r/s     w/s     rMB/s     wMB/s   rrqm/s   wrqm/s  %rrqm  %wrqm r_await w_await aqu-sz rareq-sz wareq-sz  svctm  %util
sdb           10397.00  895.00     40.61     42.65     0.00  1266.00   0.00  58.58    0.14    0.48   0.00     4.00    48.80   0.09 100.00

2021년 10월 04일 16시 34분 38초
avg-cpu:  %user   %nice %system %iowait  %steal   %idle
           0.06    0.00    1.81    2.94    0.00   95.19

Device            r/s     w/s     rMB/s     wMB/s   rrqm/s   wrqm/s  %rrqm  %wrqm r_await w_await aqu-sz rareq-sz wareq-sz  svctm  %util
sdb           10122.00  890.00     39.54     41.98     0.00  1285.00   0.00  59.08    0.14    0.47   0.00     4.00    48.30   0.09 100.00

2021년 10월 04일 16시 34분 39초
avg-cpu:  %user   %nice %system %iowait  %steal   %idle
           0.06    0.00    1.81    0.75    0.00   97.38

Device            r/s     w/s     rMB/s     wMB/s   rrqm/s   wrqm/s  %rrqm  %wrqm r_await w_await aqu-sz rareq-sz wareq-sz  svctm  %util
sdb           9510.00  941.00     37.15     40.96     0.00  2251.00   0.00  70.52    0.15    0.48   0.00     4.00    44.58   0.10 100.00

2021년 10월 04일 16시 34분 40초
avg-cpu:  %user   %nice %system %iowait  %steal   %idle
           0.06    0.00    1.19    0.75    0.00   98.00

Device            r/s     w/s     rMB/s     wMB/s   rrqm/s   wrqm/s  %rrqm  %wrqm r_await w_await aqu-sz rareq-sz wareq-sz  svctm  %util
sdb           9989.00  812.00     39.02     41.71     0.00  1496.00   0.00  64.82    0.14    0.54   0.03     4.00    52.61   0.09  98.80

2021년 10월 04일 16시 34분 41초
avg-cpu:  %user   %nice %system %iowait  %steal   %idle
           0.06    0.00    1.00    0.69    0.00   98.25

Device            r/s     w/s     rMB/s     wMB/s   rrqm/s   wrqm/s  %rrqm  %wrqm r_await w_await aqu-sz rareq-sz wareq-sz  svctm  %util
sdb           10082.00  919.00     39.38     42.06     0.00  1620.00   0.00  63.80    0.14    0.48   0.00     4.00    46.86   0.09 100.00

2021년 10월 04일 16시 34분 42초
avg-cpu:  %user   %nice %system %iowait  %steal   %idle
           0.00    0.00    1.88    2.38    0.00   95.74

Device            r/s     w/s     rMB/s     wMB/s   rrqm/s   wrqm/s  %rrqm  %wrqm r_await w_await aqu-sz rareq-sz wareq-sz  svctm  %util
sdb           9494.00  889.00     37.09     40.14     0.00  1765.00   0.00  66.50    0.15    0.50   0.00     4.00    46.24   0.10 100.00

2021년 10월 04일 16시 34분 43초
avg-cpu:  %user   %nice %system %iowait  %steal   %idle
           0.06    0.00    1.37    0.62    0.00   97.94

Device            r/s     w/s     rMB/s     wMB/s   rrqm/s   wrqm/s  %rrqm  %wrqm r_await w_await aqu-sz rareq-sz wareq-sz  svctm  %util
sdb           10173.00  923.00     39.74     42.09     0.00  1257.00   0.00  57.66    0.14    0.47   0.00     4.00    46.70   0.09 100.00

2021년 10월 04일 16시 34분 44초
avg-cpu:  %user   %nice %system %iowait  %steal   %idle
           0.13    0.00    1.56    1.56    0.00   96.75

Device            r/s     w/s     rMB/s     wMB/s   rrqm/s   wrqm/s  %rrqm  %wrqm r_await w_await aqu-sz rareq-sz wareq-sz  svctm  %util
sdb           9224.00  973.00     36.03     39.27     0.00  1611.00   0.00  62.35    0.15    0.47   0.04     4.00    41.33   0.10  98.40

2021년 10월 04일 16시 34분 45초
avg-cpu:  %user   %nice %system %iowait  %steal   %idle
           0.00    0.00    1.19    0.62    0.00   98.19

Device            r/s     w/s     rMB/s     wMB/s   rrqm/s   wrqm/s  %rrqm  %wrqm r_await w_await aqu-sz rareq-sz wareq-sz  svctm  %util
sdb           10052.00  984.00     39.27     41.29     0.00  1268.00   0.00  56.31    0.14    0.46   0.00     4.00    42.96   0.09 100.00

2021년 10월 04일 16시 34분 46초
avg-cpu:  %user   %nice %system %iowait  %steal   %idle
           0.06    0.00    1.69    2.50    0.00   95.75

Device            r/s     w/s     rMB/s     wMB/s   rrqm/s   wrqm/s  %rrqm  %wrqm r_await w_await aqu-sz rareq-sz wareq-sz  svctm  %util
sdb           9303.00  874.00     36.34     39.38     0.00  1572.00   0.00  64.27    0.15    0.49   0.00     4.00    46.14   0.10 100.00

2021년 10월 04일 16시 34분 47초
avg-cpu:  %user   %nice %system %iowait  %steal   %idle
           0.00    0.00    2.38    2.75    0.00   94.88

Device            r/s     w/s     rMB/s     wMB/s   rrqm/s   wrqm/s  %rrqm  %wrqm r_await w_await aqu-sz rareq-sz wareq-sz  svctm  %util
sdb           8438.00  962.00     32.96     37.75     0.00  2856.00   0.00  74.80    0.16    0.48   0.00     4.00    40.19   0.11 100.00

2021년 10월 04일 16시 34분 48초
avg-cpu:  %user   %nice %system %iowait  %steal   %idle
           0.06    0.00    1.38    2.07    0.00   96.49

Device            r/s     w/s     rMB/s     wMB/s   rrqm/s   wrqm/s  %rrqm  %wrqm r_await w_await aqu-sz rareq-sz wareq-sz  svctm  %util
sdb           8998.00  918.00     35.15     38.37     0.00  1939.00   0.00  67.87    0.15    0.51   0.03     4.00    42.80   0.10  98.40

2021년 10월 04일 16시 34분 49초
avg-cpu:  %user   %nice %system %iowait  %steal   %idle
           0.00    0.00    1.75    1.25    0.00   96.99

Device            r/s     w/s     rMB/s     wMB/s   rrqm/s   wrqm/s  %rrqm  %wrqm r_await w_await aqu-sz rareq-sz wareq-sz  svctm  %util
sdb           9252.00  898.00     36.14     39.09     0.00  2200.00   0.00  71.01    0.15    0.49   0.00     4.00    44.57   0.10 100.00

2021년 10월 04일 16시 34분 50초
avg-cpu:  %user   %nice %system %iowait  %steal   %idle
           0.12    0.00    2.12    1.94    0.00   95.81

Device            r/s     w/s     rMB/s     wMB/s   rrqm/s   wrqm/s  %rrqm  %wrqm r_await w_await aqu-sz rareq-sz wareq-sz  svctm  %util
sdb           8739.00  910.00     34.14     38.21     0.00  2701.00   0.00  74.80    0.16    0.50   0.00     4.00    42.99   0.10 100.00

2021년 10월 04일 16시 34분 51초
avg-cpu:  %user   %nice %system %iowait  %steal   %idle
           0.13    0.00    2.88    0.69    0.00   96.30

Device            r/s     w/s     rMB/s     wMB/s   rrqm/s   wrqm/s  %rrqm  %wrqm r_await w_await aqu-sz rareq-sz wareq-sz  svctm  %util
sdb           7756.00  991.00     30.30     35.77     0.00  3409.00   0.00  77.48    0.16    0.49   0.00     4.00    36.96   0.11 100.00

2021년 10월 04일 16시 34분 52초
avg-cpu:  %user   %nice %system %iowait  %steal   %idle
           0.00    0.00    2.19    2.19    0.00   95.62

Device            r/s     w/s     rMB/s     wMB/s   rrqm/s   wrqm/s  %rrqm  %wrqm r_await w_await aqu-sz rareq-sz wareq-sz  svctm  %util
sdb           8256.00 1089.00     32.25     45.70     0.00  4772.00   0.00  81.42    0.17    1.06   0.38     4.00    42.97   0.11  98.80

2021년 10월 04일 16시 34분 53초
avg-cpu:  %user   %nice %system %iowait  %steal   %idle
           0.06    0.00    1.38    2.76    0.00   95.80

Device            r/s     w/s     rMB/s     wMB/s   rrqm/s   wrqm/s  %rrqm  %wrqm r_await w_await aqu-sz rareq-sz wareq-sz  svctm  %util
sdb           9410.00  875.00     36.76     39.44     0.00  1607.00   0.00  64.75    0.15    0.50   0.00     4.00    46.15   0.10 100.00

2021년 10월 04일 16시 34분 54초
avg-cpu:  %user   %nice %system %iowait  %steal   %idle
           0.00    0.00    0.69    0.63    0.00   98.68

Device            r/s     w/s     rMB/s     wMB/s   rrqm/s   wrqm/s  %rrqm  %wrqm r_await w_await aqu-sz rareq-sz wareq-sz  svctm  %util
sdb           10165.00  830.00     39.71     41.23     0.00  1107.00   0.00  57.15    0.15    0.48   0.00     4.00    50.87   0.09 100.00

2021년 10월 04일 16시 34분 55초
avg-cpu:  %user   %nice %system %iowait  %steal   %idle
           0.19    0.00    1.44    0.81    0.00   97.56

Device            r/s     w/s     rMB/s     wMB/s   rrqm/s   wrqm/s  %rrqm  %wrqm r_await w_await aqu-sz rareq-sz wareq-sz  svctm  %util
sdb           9631.00  909.00     37.62     40.47     0.00  1744.00   0.00  65.74    0.15    0.49   0.00     4.00    45.59   0.09 100.00

2021년 10월 04일 16시 34분 56초
avg-cpu:  %user   %nice %system %iowait  %steal   %idle
           0.00    0.00    1.00    0.81    0.00   98.19

Device            r/s     w/s     rMB/s     wMB/s   rrqm/s   wrqm/s  %rrqm  %wrqm r_await w_await aqu-sz rareq-sz wareq-sz  svctm  %util
sdb           9799.00  879.00     38.28     40.41     0.00  1117.00   0.00  55.96    0.15    0.50   0.04     4.00    47.08   0.09  98.40

2021년 10월 04일 16시 34분 57초
avg-cpu:  %user   %nice %system %iowait  %steal   %idle
           0.06    0.00    1.38    1.00    0.00   97.56

Device            r/s     w/s     rMB/s     wMB/s   rrqm/s   wrqm/s  %rrqm  %wrqm r_await w_await aqu-sz rareq-sz wareq-sz  svctm  %util
sdb           9904.00  840.00     38.69     40.64     0.00  1478.00   0.00  63.76    0.15    0.50   0.00     4.00    49.54   0.09 100.00

2021년 10월 04일 16시 34분 58초
avg-cpu:  %user   %nice %system %iowait  %steal   %idle
           0.00    0.00    1.00    0.69    0.00   98.31

Device            r/s     w/s     rMB/s     wMB/s   rrqm/s   wrqm/s  %rrqm  %wrqm r_await w_await aqu-sz rareq-sz wareq-sz  svctm  %util
sdb           9767.00  948.00     38.15     40.55     0.00  1211.00   0.00  56.09    0.15    0.45   0.00     4.00    43.81   0.09 100.00

2021년 10월 04일 16시 34분 59초
avg-cpu:  %user   %nice %system %iowait  %steal   %idle
           0.00    0.00    1.82    2.64    0.00   95.54

Device            r/s     w/s     rMB/s     wMB/s   rrqm/s   wrqm/s  %rrqm  %wrqm r_await w_await aqu-sz rareq-sz wareq-sz  svctm  %util
sdb           8880.00  911.00     34.69     38.55     0.00  2592.00   0.00  73.99    0.15    0.48   0.00     4.00    43.33   0.10 100.00

2021년 10월 04일 16시 35분 00초
avg-cpu:  %user   %nice %system %iowait  %steal   %idle
           0.06    0.00    0.25    0.06    0.00   99.62

Device            r/s     w/s     rMB/s     wMB/s   rrqm/s   wrqm/s  %rrqm  %wrqm r_await w_await aqu-sz rareq-sz wareq-sz  svctm  %util
sdb           1364.00  123.00      5.33      5.81     0.00   191.00   0.00  60.83    0.14    0.50   0.00     4.00    48.39   0.09  14.00

2021년 10월 04일 16시 35분 01초
avg-cpu:  %user   %nice %system %iowait  %steal   %idle
           0.06    0.00    0.13    0.00    0.00   99.81

Device            r/s     w/s     rMB/s     wMB/s   rrqm/s   wrqm/s  %rrqm  %wrqm r_await w_await aqu-sz rareq-sz wareq-sz  svctm  %util
sdb              0.00    0.00      0.00      0.00     0.00     0.00   0.00   0.00    0.00    0.00   0.00     0.00     0.00   0.00   0.00

2021년 10월 04일 16시 35분 02초
avg-cpu:  %user   %nice %system %iowait  %steal   %idle
           0.00    0.00    0.06    0.00    0.00   99.94

Device            r/s     w/s     rMB/s     wMB/s   rrqm/s   wrqm/s  %rrqm  %wrqm r_await w_await aqu-sz rareq-sz wareq-sz  svctm  %util
sdb              0.00    0.00      0.00      0.00     0.00     0.00   0.00   0.00    0.00    0.00   0.00     0.00     0.00   0.00   0.00

2021년 10월 04일 16시 35분 03초
avg-cpu:  %user   %nice %system %iowait  %steal   %idle
           0.00    0.00    0.13    0.00    0.00   99.87

Device            r/s     w/s     rMB/s     wMB/s   rrqm/s   wrqm/s  %rrqm  %wrqm r_await w_await aqu-sz rareq-sz wareq-sz  svctm  %util
sdb              0.00    0.00      0.00      0.00     0.00     0.00   0.00   0.00    0.00    0.00   0.00     0.00     0.00   0.00   0.00

2021년 10월 04일 16시 35분 04초
avg-cpu:  %user   %nice %system %iowait  %steal   %idle
           0.00    0.00    0.12    0.00    0.00   99.88

Device            r/s     w/s     rMB/s     wMB/s   rrqm/s   wrqm/s  %rrqm  %wrqm r_await w_await aqu-sz rareq-sz wareq-sz  svctm  %util
sdb              0.00    0.00      0.00      0.00     0.00     0.00   0.00   0.00    0.00    0.00   0.00     0.00     0.00   0.00   0.00

2021년 10월 04일 16시 35분 05초
avg-cpu:  %user   %nice %system %iowait  %steal   %idle
           0.06    0.00    0.06    0.00    0.00   99.87

Device            r/s     w/s     rMB/s     wMB/s   rrqm/s   wrqm/s  %rrqm  %wrqm r_await w_await aqu-sz rareq-sz wareq-sz  svctm  %util
sdb              0.00    0.00      0.00      0.00     0.00     0.00   0.00   0.00    0.00    0.00   0.00     0.00     0.00   0.00   0.00

2021년 10월 04일 16시 35분 06초
avg-cpu:  %user   %nice %system %iowait  %steal   %idle
           0.06    0.00    0.06    0.06    0.00   99.81

Device            r/s     w/s     rMB/s     wMB/s   rrqm/s   wrqm/s  %rrqm  %wrqm r_await w_await aqu-sz rareq-sz wareq-sz  svctm  %util
sdb              0.00    2.00      0.00      0.07     0.00    16.00   0.00  88.89    0.00    5.00   0.00     0.00    36.00   4.00   0.80

2021년 10월 04일 16시 35분 07초
avg-cpu:  %user   %nice %system %iowait  %steal   %idle
           0.00    0.00    0.06    0.00    0.00   99.94

Device            r/s     w/s     rMB/s     wMB/s   rrqm/s   wrqm/s  %rrqm  %wrqm r_await w_await aqu-sz rareq-sz wareq-sz  svctm  %util
sdb              0.00    0.00      0.00      0.00     0.00     0.00   0.00   0.00    0.00    0.00   0.00     0.00     0.00   0.00   0.00

2021년 10월 04일 16시 35분 08초
avg-cpu:  %user   %nice %system %iowait  %steal   %idle
           0.00    0.00    0.00    0.00    0.00  100.00

Device            r/s     w/s     rMB/s     wMB/s   rrqm/s   wrqm/s  %rrqm  %wrqm r_await w_await aqu-sz rareq-sz wareq-sz  svctm  %util
sdb              0.00    0.00      0.00      0.00     0.00     0.00   0.00   0.00    0.00    0.00   0.00     0.00     0.00   0.00   0.00

2021년 10월 04일 16시 35분 09초
avg-cpu:  %user   %nice %system %iowait  %steal   %idle
           0.06    0.00    0.19    0.00    0.00   99.75

Device            r/s     w/s     rMB/s     wMB/s   rrqm/s   wrqm/s  %rrqm  %wrqm r_await w_await aqu-sz rareq-sz wareq-sz  svctm  %util
sdb              0.00    0.00      0.00      0.00     0.00     0.00   0.00   0.00    0.00    0.00   0.00     0.00     0.00   0.00   0.00

2021년 10월 04일 16시 35분 10초
avg-cpu:  %user   %nice %system %iowait  %steal   %idle
           0.06    0.00    0.19    0.00    0.00   99.75

Device            r/s     w/s     rMB/s     wMB/s   rrqm/s   wrqm/s  %rrqm  %wrqm r_await w_await aqu-sz rareq-sz wareq-sz  svctm  %util
sdb              0.00    0.00      0.00      0.00     0.00     0.00   0.00   0.00    0.00    0.00   0.00     0.00     0.00   0.00   0.00

2021년 10월 04일 16시 35분 11초
avg-cpu:  %user   %nice %system %iowait  %steal   %idle
           0.00    0.00    0.06    0.00    0.00   99.94

Device            r/s     w/s     rMB/s     wMB/s   rrqm/s   wrqm/s  %rrqm  %wrqm r_await w_await aqu-sz rareq-sz wareq-sz  svctm  %util
sdb              0.00    0.00      0.00      0.00     0.00     0.00   0.00   0.00    0.00    0.00   0.00     0.00     0.00   0.00   0.00

2021년 10월 04일 16시 35분 12초
avg-cpu:  %user   %nice %system %iowait  %steal   %idle
           0.00    0.00    0.06    0.00    0.00   99.94

Device            r/s     w/s     rMB/s     wMB/s   rrqm/s   wrqm/s  %rrqm  %wrqm r_await w_await aqu-sz rareq-sz wareq-sz  svctm  %util
sdb              0.00    0.00      0.00      0.00     0.00     0.00   0.00   0.00    0.00    0.00   0.00     0.00     0.00   0.00   0.00

2021년 10월 04일 16시 35분 13초
avg-cpu:  %user   %nice %system %iowait  %steal   %idle
           0.06    0.00    0.12    0.00    0.00   99.81

Device            r/s     w/s     rMB/s     wMB/s   rrqm/s   wrqm/s  %rrqm  %wrqm r_await w_await aqu-sz rareq-sz wareq-sz  svctm  %util
sdb              0.00    0.00      0.00      0.00     0.00     0.00   0.00   0.00    0.00    0.00   0.00     0.00     0.00   0.00   0.00

2021년 10월 04일 16시 35분 14초
avg-cpu:  %user   %nice %system %iowait  %steal   %idle
           0.06    0.00    0.12    0.00    0.00   99.81

Device            r/s     w/s     rMB/s     wMB/s   rrqm/s   wrqm/s  %rrqm  %wrqm r_await w_await aqu-sz rareq-sz wareq-sz  svctm  %util
sdb              0.00    0.00      0.00      0.00     0.00     0.00   0.00   0.00    0.00    0.00   0.00     0.00     0.00   0.00   0.00

2021년 10월 04일 16시 35분 15초
avg-cpu:  %user   %nice %system %iowait  %steal   %idle
           0.13    0.00    0.00    0.00    0.00   99.87

Device            r/s     w/s     rMB/s     wMB/s   rrqm/s   wrqm/s  %rrqm  %wrqm r_await w_await aqu-sz rareq-sz wareq-sz  svctm  %util
sdb              0.00    0.00      0.00      0.00     0.00     0.00   0.00   0.00    0.00    0.00   0.00     0.00     0.00   0.00   0.00

2021년 10월 04일 16시 35분 16초
avg-cpu:  %user   %nice %system %iowait  %steal   %idle
           0.00    0.00    0.12    0.00    0.00   99.88

Device            r/s     w/s     rMB/s     wMB/s   rrqm/s   wrqm/s  %rrqm  %wrqm r_await w_await aqu-sz rareq-sz wareq-sz  svctm  %util
sdb              0.00    0.00      0.00      0.00     0.00     0.00   0.00   0.00    0.00    0.00   0.00     0.00     0.00   0.00   0.00

2021년 10월 04일 16시 35분 17초
avg-cpu:  %user   %nice %system %iowait  %steal   %idle
           0.12    0.00    0.06    0.00    0.00   99.81

Device            r/s     w/s     rMB/s     wMB/s   rrqm/s   wrqm/s  %rrqm  %wrqm r_await w_await aqu-sz rareq-sz wareq-sz  svctm  %util
sdb              0.00    0.00      0.00      0.00     0.00     0.00   0.00   0.00    0.00    0.00   0.00     0.00     0.00   0.00   0.00

2021년 10월 04일 16시 35분 18초
avg-cpu:  %user   %nice %system %iowait  %steal   %idle
           0.06    0.00    0.12    0.00    0.00   99.81

Device            r/s     w/s     rMB/s     wMB/s   rrqm/s   wrqm/s  %rrqm  %wrqm r_await w_await aqu-sz rareq-sz wareq-sz  svctm  %util
sdb              0.00    0.00      0.00      0.00     0.00     0.00   0.00   0.00    0.00    0.00   0.00     0.00     0.00   0.00   0.00

2021년 10월 04일 16시 35분 19초
avg-cpu:  %user   %nice %system %iowait  %steal   %idle
           0.00    0.00    0.12    0.00    0.00   99.88

Device            r/s     w/s     rMB/s     wMB/s   rrqm/s   wrqm/s  %rrqm  %wrqm r_await w_await aqu-sz rareq-sz wareq-sz  svctm  %util
sdb              0.00    0.00      0.00      0.00     0.00     0.00   0.00   0.00    0.00    0.00   0.00     0.00     0.00   0.00   0.00

2021년 10월 04일 16시 35분 20초
avg-cpu:  %user   %nice %system %iowait  %steal   %idle
           0.00    0.00    0.38    0.00    0.00   99.62

Device            r/s     w/s     rMB/s     wMB/s   rrqm/s   wrqm/s  %rrqm  %wrqm r_await w_await aqu-sz rareq-sz wareq-sz  svctm  %util
sdb              0.00    0.00      0.00      0.00     0.00     0.00   0.00   0.00    0.00    0.00   0.00     0.00     0.00   0.00   0.00

2021년 10월 04일 16시 35분 21초
avg-cpu:  %user   %nice %system %iowait  %steal   %idle
           0.06    0.00    0.37    0.00    0.00   99.56

Device            r/s     w/s     rMB/s     wMB/s   rrqm/s   wrqm/s  %rrqm  %wrqm r_await w_await aqu-sz rareq-sz wareq-sz  svctm  %util
sdb              0.00    0.00      0.00      0.00     0.00     0.00   0.00   0.00    0.00    0.00   0.00     0.00     0.00   0.00   0.00

2021년 10월 04일 16시 35분 22초
avg-cpu:  %user   %nice %system %iowait  %steal   %idle
           0.06    0.00    0.00    0.00    0.00   99.94

Device            r/s     w/s     rMB/s     wMB/s   rrqm/s   wrqm/s  %rrqm  %wrqm r_await w_await aqu-sz rareq-sz wareq-sz  svctm  %util
sdb              0.00    0.00      0.00      0.00     0.00     0.00   0.00   0.00    0.00    0.00   0.00     0.00     0.00   0.00   0.00

2021년 10월 04일 16시 35분 23초
avg-cpu:  %user   %nice %system %iowait  %steal   %idle
           0.06    0.00    0.25    0.00    0.00   99.69

Device            r/s     w/s     rMB/s     wMB/s   rrqm/s   wrqm/s  %rrqm  %wrqm r_await w_await aqu-sz rareq-sz wareq-sz  svctm  %util
sdb              0.00   48.00      0.00      2.24     0.00   525.00   0.00  91.62    0.00    1.35   0.00     0.00    47.75   0.17   0.80

2021년 10월 04일 16시 35분 24초
avg-cpu:  %user   %nice %system %iowait  %steal   %idle
           0.12    0.00    0.12    0.00    0.00   99.75

Device            r/s     w/s     rMB/s     wMB/s   rrqm/s   wrqm/s  %rrqm  %wrqm r_await w_await aqu-sz rareq-sz wareq-sz  svctm  %util
sdb              0.00    0.00      0.00      0.00     0.00     0.00   0.00   0.00    0.00    0.00   0.00     0.00     0.00   0.00   0.00

2021년 10월 04일 16시 35분 25초
avg-cpu:  %user   %nice %system %iowait  %steal   %idle
           0.06    0.00    0.19    0.00    0.00   99.75

Device            r/s     w/s     rMB/s     wMB/s   rrqm/s   wrqm/s  %rrqm  %wrqm r_await w_await aqu-sz rareq-sz wareq-sz  svctm  %util
sdb              0.00    0.00      0.00      0.00     0.00     0.00   0.00   0.00    0.00    0.00   0.00     0.00     0.00   0.00   0.00

2021년 10월 04일 16시 35분 26초
avg-cpu:  %user   %nice %system %iowait  %steal   %idle
           0.06    0.00    0.13    0.00    0.00   99.81

Device            r/s     w/s     rMB/s     wMB/s   rrqm/s   wrqm/s  %rrqm  %wrqm r_await w_await aqu-sz rareq-sz wareq-sz  svctm  %util
sdb              0.00    0.00      0.00      0.00     0.00     0.00   0.00   0.00    0.00    0.00   0.00     0.00     0.00   0.00   0.00

2021년 10월 04일 16시 35분 27초
avg-cpu:  %user   %nice %system %iowait  %steal   %idle
           0.06    0.00    0.19    0.00    0.00   99.75

Device            r/s     w/s     rMB/s     wMB/s   rrqm/s   wrqm/s  %rrqm  %wrqm r_await w_await aqu-sz rareq-sz wareq-sz  svctm  %util
sdb              0.00    0.00      0.00      0.00     0.00     0.00   0.00   0.00    0.00    0.00   0.00     0.00     0.00   0.00   0.00

2021년 10월 04일 16시 35분 28초
avg-cpu:  %user   %nice %system %iowait  %steal   %idle
           0.06    0.00    0.12    0.00    0.00   99.81

Device            r/s     w/s     rMB/s     wMB/s   rrqm/s   wrqm/s  %rrqm  %wrqm r_await w_await aqu-sz rareq-sz wareq-sz  svctm  %util
sdb              0.00    0.00      0.00      0.00     0.00     0.00   0.00   0.00    0.00    0.00   0.00     0.00     0.00   0.00   0.00

2021년 10월 04일 16시 35분 29초
avg-cpu:  %user   %nice %system %iowait  %steal   %idle
           0.13    0.00    0.06    0.00    0.00   99.81

Device            r/s     w/s     rMB/s     wMB/s   rrqm/s   wrqm/s  %rrqm  %wrqm r_await w_await aqu-sz rareq-sz wareq-sz  svctm  %util
sdb              0.00    0.00      0.00      0.00     0.00     0.00   0.00   0.00    0.00    0.00   0.00     0.00     0.00   0.00   0.00

