Linux 5.5.8test (syslab-desk) 	2021년 10월 04일 	_x86_64_	(16 CPU)

2021년 10월 04일 19시 11분 22초
avg-cpu:  %user   %nice %system %iowait  %steal   %idle
           2.74    0.00    1.62    4.55    0.00   91.09

Device            r/s     w/s     rMB/s     wMB/s   rrqm/s   wrqm/s  %rrqm  %wrqm r_await w_await aqu-sz rareq-sz wareq-sz  svctm  %util
sdb            106.98  253.78      0.48     10.73    13.50   244.22  11.21  49.04    0.33    2.01   0.15     4.57    43.32   0.11   3.92

2021년 10월 04일 19시 11분 23초
avg-cpu:  %user   %nice %system %iowait  %steal   %idle
           0.06    0.00    0.06    0.00    0.00   99.87

Device            r/s     w/s     rMB/s     wMB/s   rrqm/s   wrqm/s  %rrqm  %wrqm r_await w_await aqu-sz rareq-sz wareq-sz  svctm  %util
sdb              0.00    0.00      0.00      0.00     0.00     0.00   0.00   0.00    0.00    0.00   0.00     0.00     0.00   0.00   0.00

2021년 10월 04일 19시 11분 24초
avg-cpu:  %user   %nice %system %iowait  %steal   %idle
           0.00    0.00    0.06    0.00    0.00   99.94

Device            r/s     w/s     rMB/s     wMB/s   rrqm/s   wrqm/s  %rrqm  %wrqm r_await w_await aqu-sz rareq-sz wareq-sz  svctm  %util
sdb              0.00    0.00      0.00      0.00     0.00     0.00   0.00   0.00    0.00    0.00   0.00     0.00     0.00   0.00   0.00

2021년 10월 04일 19시 11분 25초
avg-cpu:  %user   %nice %system %iowait  %steal   %idle
           0.31    0.00    2.63    2.44    0.00   94.61

Device            r/s     w/s     rMB/s     wMB/s   rrqm/s   wrqm/s  %rrqm  %wrqm r_await w_await aqu-sz rareq-sz wareq-sz  svctm  %util
sdb           4195.00    3.00     36.71      0.00  5072.00     0.00  54.73   0.00    0.11    0.33   0.00     8.96     1.33   0.20  85.20

2021년 10월 04일 19시 11분 26초
avg-cpu:  %user   %nice %system %iowait  %steal   %idle
           0.12    0.00    2.50    2.68    0.00   94.70

Device            r/s     w/s     rMB/s     wMB/s   rrqm/s   wrqm/s  %rrqm  %wrqm r_await w_await aqu-sz rareq-sz wareq-sz  svctm  %util
sdb           7466.00 15728.00     68.09     59.80  9935.00   325.00  57.09   2.02    0.55    0.74   0.00     9.34     3.89   0.04  93.20

2021년 10월 04일 19시 11분 27초
avg-cpu:  %user   %nice %system %iowait  %steal   %idle
           0.06    0.00    1.56    3.31    0.00   95.06

Device            r/s     w/s     rMB/s     wMB/s   rrqm/s   wrqm/s  %rrqm  %wrqm r_await w_await aqu-sz rareq-sz wareq-sz  svctm  %util
sdb           8121.00 21269.00     79.42     79.19 12247.00     0.00  60.13   0.00    0.66    0.78   0.24    10.01     3.81   0.03  98.40

2021년 10월 04일 19시 11분 28초
avg-cpu:  %user   %nice %system %iowait  %steal   %idle
           0.19    0.00    5.53    2.83    0.00   91.46

Device            r/s     w/s     rMB/s     wMB/s   rrqm/s   wrqm/s  %rrqm  %wrqm r_await w_await aqu-sz rareq-sz wareq-sz  svctm  %util
sdb           4413.00 19822.00     74.31     73.76 14573.00     0.00  76.76   0.00    0.77    0.86   0.00    17.24     3.81   0.04 100.00

2021년 10월 04일 19시 11분 29초
avg-cpu:  %user   %nice %system %iowait  %steal   %idle
           0.19    0.00    6.27    3.07    0.00   90.48

Device            r/s     w/s     rMB/s     wMB/s   rrqm/s   wrqm/s  %rrqm  %wrqm r_await w_await aqu-sz rareq-sz wareq-sz  svctm  %util
sdb           4495.00 19682.00     73.86     73.64 14411.00     0.00  76.22   0.00    0.75    0.86   0.24    16.83     3.83   0.04  98.80

2021년 10월 04일 19시 11분 30초
avg-cpu:  %user   %nice %system %iowait  %steal   %idle
           0.06    0.00    5.57    2.66    0.00   91.70

Device            r/s     w/s     rMB/s     wMB/s   rrqm/s   wrqm/s  %rrqm  %wrqm r_await w_await aqu-sz rareq-sz wareq-sz  svctm  %util
sdb           4789.00 20242.00     75.97     75.75 14666.00     0.00  75.38   0.00    0.78    0.82   0.00    16.24     3.83   0.04 100.00

2021년 10월 04일 19시 11분 31초
avg-cpu:  %user   %nice %system %iowait  %steal   %idle
           0.25    0.00    6.15    3.14    0.00   90.46

Device            r/s     w/s     rMB/s     wMB/s   rrqm/s   wrqm/s  %rrqm  %wrqm r_await w_await aqu-sz rareq-sz wareq-sz  svctm  %util
sdb           4381.00 19414.00     72.84     75.70 14284.00   832.00  76.53   4.11    0.78    0.88   0.74    17.03     3.99   0.04  98.40

2021년 10월 04일 19시 11분 32초
avg-cpu:  %user   %nice %system %iowait  %steal   %idle
           0.25    0.00    6.02    2.70    0.00   91.03

Device            r/s     w/s     rMB/s     wMB/s   rrqm/s   wrqm/s  %rrqm  %wrqm r_await w_await aqu-sz rareq-sz wareq-sz  svctm  %util
sdb           4305.00 20072.00     74.91     74.89 14842.00     0.00  77.52   0.00    0.81    0.84   0.00    17.82     3.82   0.04 100.00

2021년 10월 04일 19시 11분 33초
avg-cpu:  %user   %nice %system %iowait  %steal   %idle
           0.12    0.00    6.55    2.93    0.00   90.39

Device            r/s     w/s     rMB/s     wMB/s   rrqm/s   wrqm/s  %rrqm  %wrqm r_await w_await aqu-sz rareq-sz wareq-sz  svctm  %util
sdb           4415.00 19575.00     73.81     73.08 14478.00     0.00  76.63   0.00    0.78    0.88   0.34    17.12     3.82   0.04  98.80

2021년 10월 04일 19시 11분 34초
avg-cpu:  %user   %nice %system %iowait  %steal   %idle
           0.19    0.00    5.60    2.70    0.00   91.51

Device            r/s     w/s     rMB/s     wMB/s   rrqm/s   wrqm/s  %rrqm  %wrqm r_await w_await aqu-sz rareq-sz wareq-sz  svctm  %util
sdb           4802.00 20437.00     76.44     76.46 14764.00     0.00  75.46   0.00    0.78    0.83   0.00    16.30     3.83   0.04 100.00

2021년 10월 04일 19시 11분 35초
avg-cpu:  %user   %nice %system %iowait  %steal   %idle
           0.13    0.00    3.14    3.07    0.00   93.66

Device            r/s     w/s     rMB/s     wMB/s   rrqm/s   wrqm/s  %rrqm  %wrqm r_await w_await aqu-sz rareq-sz wareq-sz  svctm  %util
sdb           6910.00 21342.00     79.96     79.80 13616.00     0.00  66.34   0.00    0.69    0.82   0.38    11.85     3.83   0.03  98.80

2021년 10월 04일 19시 11분 36초
avg-cpu:  %user   %nice %system %iowait  %steal   %idle
           0.31    0.00    5.67    2.71    0.00   91.31

Device            r/s     w/s     rMB/s     wMB/s   rrqm/s   wrqm/s  %rrqm  %wrqm r_await w_await aqu-sz rareq-sz wareq-sz  svctm  %util
sdb           4918.00 19898.00     74.92     77.48 14204.00   798.00  74.28   3.86    0.75    0.84   0.14    15.60     3.99   0.04 100.00

2021년 10월 04일 19시 11분 37초
avg-cpu:  %user   %nice %system %iowait  %steal   %idle
           0.25    0.00    5.31    3.35    0.00   91.09

Device            r/s     w/s     rMB/s     wMB/s   rrqm/s   wrqm/s  %rrqm  %wrqm r_await w_await aqu-sz rareq-sz wareq-sz  svctm  %util
sdb           4365.00 19388.00     72.53     72.55 14203.00     0.00  76.49   0.00    0.78    0.89   0.61    17.02     3.83   0.04  98.40

2021년 10월 04일 19시 11분 38초
avg-cpu:  %user   %nice %system %iowait  %steal   %idle
           0.25    0.00    6.28    2.32    0.00   91.14

Device            r/s     w/s     rMB/s     wMB/s   rrqm/s   wrqm/s  %rrqm  %wrqm r_await w_await aqu-sz rareq-sz wareq-sz  svctm  %util
sdb           4598.00 19930.00     74.95     74.55 14591.00     0.00  76.04   0.00    0.80    0.84   0.00    16.69     3.83   0.04 100.00

2021년 10월 04일 19시 11분 39초
avg-cpu:  %user   %nice %system %iowait  %steal   %idle
           0.25    0.00    5.92    2.77    0.00   91.06

Device            r/s     w/s     rMB/s     wMB/s   rrqm/s   wrqm/s  %rrqm  %wrqm r_await w_await aqu-sz rareq-sz wareq-sz  svctm  %util
sdb           4663.00 19911.00     74.96     74.34 14526.00     0.00  75.70   0.00    0.77    0.85   0.00    16.46     3.82   0.04 100.00

2021년 10월 04일 19시 11분 40초
avg-cpu:  %user   %nice %system %iowait  %steal   %idle
           0.19    0.00    5.26    3.36    0.00   91.20

Device            r/s     w/s     rMB/s     wMB/s   rrqm/s   wrqm/s  %rrqm  %wrqm r_await w_await aqu-sz rareq-sz wareq-sz  svctm  %util
sdb           4581.00 19171.00     71.76     71.54 13787.00     0.00  75.06   0.00    0.78    0.88   0.13    16.04     3.82   0.04  98.80

2021년 10월 04일 19시 11분 41초
avg-cpu:  %user   %nice %system %iowait  %steal   %idle
           0.25    0.00    6.32    2.69    0.00   90.74

Device            r/s     w/s     rMB/s     wMB/s   rrqm/s   wrqm/s  %rrqm  %wrqm r_await w_await aqu-sz rareq-sz wareq-sz  svctm  %util
sdb           4658.00 20053.00     75.34     77.78 14630.00   730.00  75.85   3.51    0.79    0.84   0.33    16.56     3.97   0.04  99.60

2021년 10월 04일 19시 11분 42초
avg-cpu:  %user   %nice %system %iowait  %steal   %idle
           0.31    0.00    5.78    3.01    0.00   90.90

Device            r/s     w/s     rMB/s     wMB/s   rrqm/s   wrqm/s  %rrqm  %wrqm r_await w_await aqu-sz rareq-sz wareq-sz  svctm  %util
sdb           4473.00 19787.00     74.12     73.93 14503.00     0.00  76.43   0.00    0.76    0.85   0.20    16.97     3.83   0.04  98.40

2021년 10월 04일 19시 11분 43초
avg-cpu:  %user   %nice %system %iowait  %steal   %idle
           0.13    0.00    5.84    2.64    0.00   91.40

Device            r/s     w/s     rMB/s     wMB/s   rrqm/s   wrqm/s  %rrqm  %wrqm r_await w_await aqu-sz rareq-sz wareq-sz  svctm  %util
sdb           5064.00 19875.00     74.58     74.05 14023.00     0.00  73.47   0.00    0.74    0.84   0.00    15.08     3.82   0.04 100.00

2021년 10월 04일 19시 11분 44초
avg-cpu:  %user   %nice %system %iowait  %steal   %idle
           0.31    0.00    6.85    3.12    0.00   89.72

Device            r/s     w/s     rMB/s     wMB/s   rrqm/s   wrqm/s  %rrqm  %wrqm r_await w_await aqu-sz rareq-sz wareq-sz  svctm  %util
sdb           4560.00 19613.00     73.28     73.25 14201.00     0.00  75.69   0.00    0.76    0.83   0.20    16.46     3.82   0.04  98.80

2021년 10월 04일 19시 11분 45초
avg-cpu:  %user   %nice %system %iowait  %steal   %idle
           0.13    0.00    5.26    2.60    0.00   92.02

Device            r/s     w/s     rMB/s     wMB/s   rrqm/s   wrqm/s  %rrqm  %wrqm r_await w_await aqu-sz rareq-sz wareq-sz  svctm  %util
sdb           4914.00 19557.00     73.27     72.95 13863.00     0.00  73.83   0.00    0.74    0.84   0.00    15.27     3.82   0.04 100.00

2021년 10월 04일 19시 11분 46초
avg-cpu:  %user   %nice %system %iowait  %steal   %idle
           0.32    0.00    4.87    3.29    0.00   91.52

Device            r/s     w/s     rMB/s     wMB/s   rrqm/s   wrqm/s  %rrqm  %wrqm r_await w_await aqu-sz rareq-sz wareq-sz  svctm  %util
sdb           4398.00 18933.00     70.93     73.46 13731.00   828.00  75.74   4.19    0.78    0.90   0.50    16.51     3.97   0.04  98.40

2021년 10월 04일 19시 11분 47초
avg-cpu:  %user   %nice %system %iowait  %steal   %idle
           0.12    0.00    6.74    2.74    0.00   90.39

Device            r/s     w/s     rMB/s     wMB/s   rrqm/s   wrqm/s  %rrqm  %wrqm r_await w_await aqu-sz rareq-sz wareq-sz  svctm  %util
sdb           4211.00 20340.00     75.56     75.65 15145.00     0.00  78.24   0.00    0.81    0.82   0.00    18.37     3.81   0.04 100.00

2021년 10월 04일 19시 11분 48초
avg-cpu:  %user   %nice %system %iowait  %steal   %idle
           0.13    0.00    5.43    3.03    0.00   91.42

Device            r/s     w/s     rMB/s     wMB/s   rrqm/s   wrqm/s  %rrqm  %wrqm r_await w_await aqu-sz rareq-sz wareq-sz  svctm  %util
sdb           4217.00 19097.00     71.30     70.92 14019.00     0.00  76.88   0.00    0.80    0.91   0.38    17.31     3.80   0.04  98.80

2021년 10월 04일 19시 11분 49초
avg-cpu:  %user   %nice %system %iowait  %steal   %idle
           0.06    0.00    5.25    2.66    0.00   92.03

Device            r/s     w/s     rMB/s     wMB/s   rrqm/s   wrqm/s  %rrqm  %wrqm r_await w_await aqu-sz rareq-sz wareq-sz  svctm  %util
sdb           4481.00 19845.00     74.27     73.97 14557.00     0.00  76.46   0.00    0.76    0.86   0.00    16.97     3.82   0.04 100.00

2021년 10월 04일 19시 11분 50초
avg-cpu:  %user   %nice %system %iowait  %steal   %idle
           0.25    0.00    6.36    2.50    0.00   90.89

Device            r/s     w/s     rMB/s     wMB/s   rrqm/s   wrqm/s  %rrqm  %wrqm r_await w_await aqu-sz rareq-sz wareq-sz  svctm  %util
sdb           4660.00 19825.00     74.30     73.77 14334.00     0.00  75.47   0.00    0.74    0.83   0.00    16.33     3.81   0.04 100.00

2021년 10월 04일 19시 11분 51초
avg-cpu:  %user   %nice %system %iowait  %steal   %idle
           0.06    0.00    6.03    3.02    0.00   90.89

Device            r/s     w/s     rMB/s     wMB/s   rrqm/s   wrqm/s  %rrqm  %wrqm r_await w_await aqu-sz rareq-sz wareq-sz  svctm  %util
sdb           4073.00 19785.00     73.93     77.36 14852.00   896.00  78.48   4.33    0.80    0.86   0.68    18.59     4.00   0.04  98.40

2021년 10월 04일 19시 11분 52초
avg-cpu:  %user   %nice %system %iowait  %steal   %idle
           0.19    0.00    5.08    2.86    0.00   91.87

Device            r/s     w/s     rMB/s     wMB/s   rrqm/s   wrqm/s  %rrqm  %wrqm r_await w_await aqu-sz rareq-sz wareq-sz  svctm  %util
sdb           4363.00 20001.00     74.85     74.54 14813.00     0.00  77.25   0.00    0.77    0.85   0.00    17.57     3.82   0.04 100.00

2021년 10월 04일 19시 11분 53초
avg-cpu:  %user   %nice %system %iowait  %steal   %idle
           0.25    0.00    5.31    3.03    0.00   91.40

Device            r/s     w/s     rMB/s     wMB/s   rrqm/s   wrqm/s  %rrqm  %wrqm r_await w_await aqu-sz rareq-sz wareq-sz  svctm  %util
sdb           4389.00 19365.00     72.41     72.23 14144.00     0.00  76.32   0.00    0.77    0.88   0.48    16.89     3.82   0.04  98.40

2021년 10월 04일 19시 11분 54초
avg-cpu:  %user   %nice %system %iowait  %steal   %idle
           0.13    0.00    5.90    2.58    0.00   91.39

Device            r/s     w/s     rMB/s     wMB/s   rrqm/s   wrqm/s  %rrqm  %wrqm r_await w_await aqu-sz rareq-sz wareq-sz  svctm  %util
sdb           5013.00 19693.00     73.97     73.37 13907.00     0.00  73.50   0.00    0.75    0.85   0.00    15.11     3.82   0.04 100.00

2021년 10월 04일 19시 11분 55초
avg-cpu:  %user   %nice %system %iowait  %steal   %idle
           0.19    0.00    4.69    3.17    0.00   91.95

Device            r/s     w/s     rMB/s     wMB/s   rrqm/s   wrqm/s  %rrqm  %wrqm r_await w_await aqu-sz rareq-sz wareq-sz  svctm  %util
sdb           4753.00 19396.00     72.61     72.28 13835.00     0.00  74.43   0.00    0.75    0.88   0.38    15.64     3.82   0.04  98.40

2021년 10월 04일 19시 11분 56초
avg-cpu:  %user   %nice %system %iowait  %steal   %idle
           0.25    0.00    5.59    2.64    0.00   91.52

Device            r/s     w/s     rMB/s     wMB/s   rrqm/s   wrqm/s  %rrqm  %wrqm r_await w_await aqu-sz rareq-sz wareq-sz  svctm  %util
sdb           4677.00 19116.00     71.29     73.82 13572.00   789.00  74.37   3.96    0.79    0.86   0.09    15.61     3.95   0.04 100.00

2021년 10월 04일 19시 11분 57초
avg-cpu:  %user   %nice %system %iowait  %steal   %idle
           0.25    0.00    5.36    2.96    0.00   91.42

Device            r/s     w/s     rMB/s     wMB/s   rrqm/s   wrqm/s  %rrqm  %wrqm r_await w_await aqu-sz rareq-sz wareq-sz  svctm  %util
sdb           4159.00 18498.00     67.89     67.92 13223.00     0.00  76.07   0.00    0.77    0.88   0.48    16.71     3.76   0.04  98.40

2021년 10월 04일 19시 11분 58초
avg-cpu:  %user   %nice %system %iowait  %steal   %idle
           0.13    0.00    5.24    2.78    0.00   91.85

Device            r/s     w/s     rMB/s     wMB/s   rrqm/s   wrqm/s  %rrqm  %wrqm r_await w_await aqu-sz rareq-sz wareq-sz  svctm  %util
sdb           3642.00 18762.00     69.27     68.66 14090.00     0.00  79.46   0.00    0.81    0.90   0.00    19.48     3.75   0.04 100.00

2021년 10월 04일 19시 11분 59초
avg-cpu:  %user   %nice %system %iowait  %steal   %idle
           0.19    0.00    6.53    2.55    0.00   90.73

Device            r/s     w/s     rMB/s     wMB/s   rrqm/s   wrqm/s  %rrqm  %wrqm r_await w_await aqu-sz rareq-sz wareq-sz  svctm  %util
sdb           4344.00 19443.00     72.07     71.80 14101.00     0.00  76.45   0.00    0.75    0.87   0.00    16.99     3.78   0.04 100.00

2021년 10월 04일 19시 12분 00초
avg-cpu:  %user   %nice %system %iowait  %steal   %idle
           0.06    0.00    5.59    3.26    0.00   91.09

Device            r/s     w/s     rMB/s     wMB/s   rrqm/s   wrqm/s  %rrqm  %wrqm r_await w_await aqu-sz rareq-sz wareq-sz  svctm  %util
sdb           4377.00 18565.00     67.68     78.36 12947.00  2746.00  74.73  12.89    0.77    0.89   0.36    15.83     4.32   0.04  99.20

2021년 10월 04일 19시 12분 01초
avg-cpu:  %user   %nice %system %iowait  %steal   %idle
           0.25    0.00    7.31    2.54    0.00   89.91

Device            r/s     w/s     rMB/s     wMB/s   rrqm/s   wrqm/s  %rrqm  %wrqm r_await w_await aqu-sz rareq-sz wareq-sz  svctm  %util
sdb           3921.00 18607.00     68.37     77.77 13583.00  2247.00  77.60  10.77    0.79    0.87   0.05    17.86     4.28   0.04 100.00

2021년 10월 04일 19시 12분 02초
avg-cpu:  %user   %nice %system %iowait  %steal   %idle
           0.25    0.00    5.66    2.89    0.00   91.19

Device            r/s     w/s     rMB/s     wMB/s   rrqm/s   wrqm/s  %rrqm  %wrqm r_await w_await aqu-sz rareq-sz wareq-sz  svctm  %util
sdb           3829.00 18661.00     68.78     68.51 13777.00     0.00  78.25   0.00    0.77    0.89   0.48    18.39     3.76   0.04  98.00

2021년 10월 04일 19시 12분 03초
avg-cpu:  %user   %nice %system %iowait  %steal   %idle
           0.25    0.00    5.95    2.63    0.00   91.17

Device            r/s     w/s     rMB/s     wMB/s   rrqm/s   wrqm/s  %rrqm  %wrqm r_await w_await aqu-sz rareq-sz wareq-sz  svctm  %util
sdb           3906.00 18945.00     69.86     69.62 13977.00     0.00  78.16   0.00    0.81    0.89   0.00    18.32     3.76   0.04 100.00

2021년 10월 04일 19시 12분 04초
avg-cpu:  %user   %nice %system %iowait  %steal   %idle
           0.31    0.00    5.54    2.77    0.00   91.37

Device            r/s     w/s     rMB/s     wMB/s   rrqm/s   wrqm/s  %rrqm  %wrqm r_await w_await aqu-sz rareq-sz wareq-sz  svctm  %util
sdb           4059.00 18916.00     69.97     69.78 13853.00     0.00  77.34   0.00    0.79    0.88   0.34    17.65     3.78   0.04  98.80

2021년 10월 04일 19시 12분 05초
avg-cpu:  %user   %nice %system %iowait  %steal   %idle
           0.44    0.00    5.31    2.40    0.00   91.85

Device            r/s     w/s     rMB/s     wMB/s   rrqm/s   wrqm/s  %rrqm  %wrqm r_await w_await aqu-sz rareq-sz wareq-sz  svctm  %util
sdb           4085.00 19813.00     73.68     73.36 14776.00     0.00  78.34   0.00    0.79    0.84   0.00    18.47     3.79   0.04 100.00

2021년 10월 04일 19시 12분 06초
avg-cpu:  %user   %nice %system %iowait  %steal   %idle
           0.19    0.00    5.79    3.21    0.00   90.82

Device            r/s     w/s     rMB/s     wMB/s   rrqm/s   wrqm/s  %rrqm  %wrqm r_await w_await aqu-sz rareq-sz wareq-sz  svctm  %util
sdb           4199.00 18822.00     70.00     72.82 13773.00   774.00  76.64   3.95    0.78    0.89   0.47    17.07     3.96   0.04  98.40

2021년 10월 04일 19시 12분 07초
avg-cpu:  %user   %nice %system %iowait  %steal   %idle
           0.19    0.00    5.43    2.46    0.00   91.92

Device            r/s     w/s     rMB/s     wMB/s   rrqm/s   wrqm/s  %rrqm  %wrqm r_await w_await aqu-sz rareq-sz wareq-sz  svctm  %util
sdb           4450.00 19750.00     73.18     72.97 14260.00     0.00  76.22   0.00    0.80    0.84   0.00    16.84     3.78   0.04 100.00

2021년 10월 04일 19시 12분 08초
avg-cpu:  %user   %nice %system %iowait  %steal   %idle
           0.25    0.00    5.50    2.65    0.00   91.60

Device            r/s     w/s     rMB/s     wMB/s   rrqm/s   wrqm/s  %rrqm  %wrqm r_await w_await aqu-sz rareq-sz wareq-sz  svctm  %util
sdb           4525.00 20307.00     76.21     75.79 14973.00     0.00  76.79   0.00    0.75    0.84   0.00    17.25     3.82   0.04 100.00

2021년 10월 04일 19시 12분 09초
avg-cpu:  %user   %nice %system %iowait  %steal   %idle
           0.25    0.00    5.19    3.17    0.00   91.39

Device            r/s     w/s     rMB/s     wMB/s   rrqm/s   wrqm/s  %rrqm  %wrqm r_await w_await aqu-sz rareq-sz wareq-sz  svctm  %util
sdb           4413.00 19533.00     72.88     72.75 14223.00     0.00  76.32   0.00    0.77    0.84   0.14    16.91     3.81   0.04  98.80

2021년 10월 04일 19시 12분 10초
avg-cpu:  %user   %nice %system %iowait  %steal   %idle
           0.19    0.00    5.42    2.58    0.00   91.81

Device            r/s     w/s     rMB/s     wMB/s   rrqm/s   wrqm/s  %rrqm  %wrqm r_await w_await aqu-sz rareq-sz wareq-sz  svctm  %util
sdb           4640.00 19909.00     74.26     73.96 14525.00     0.00  75.79   0.00    0.74    0.86   0.00    16.39     3.80   0.04 100.00

2021년 10월 04일 19시 12분 11초
avg-cpu:  %user   %nice %system %iowait  %steal   %idle
           0.13    0.00    5.35    3.08    0.00   91.44

Device            r/s     w/s     rMB/s     wMB/s   rrqm/s   wrqm/s  %rrqm  %wrqm r_await w_await aqu-sz rareq-sz wareq-sz  svctm  %util
sdb           4651.00 18832.00     69.41     72.77 12968.00   898.00  73.60   4.55    0.75    0.87   0.32    15.28     3.96   0.04  98.80

2021년 10월 04일 19시 12분 12초
avg-cpu:  %user   %nice %system %iowait  %steal   %idle
           0.13    0.00    6.45    2.69    0.00   90.73

Device            r/s     w/s     rMB/s     wMB/s   rrqm/s   wrqm/s  %rrqm  %wrqm r_await w_await aqu-sz rareq-sz wareq-sz  svctm  %util
sdb           4391.00 19033.00     71.04     70.24 13785.00     0.00  75.84   0.00    0.76    0.87   0.00    16.57     3.78   0.04 100.00

2021년 10월 04일 19시 12분 13초
avg-cpu:  %user   %nice %system %iowait  %steal   %idle
           0.25    0.00    5.78    2.95    0.00   91.01

Device            r/s     w/s     rMB/s     wMB/s   rrqm/s   wrqm/s  %rrqm  %wrqm r_await w_await aqu-sz rareq-sz wareq-sz  svctm  %util
sdb           4508.00 19102.00     70.55     70.57 13594.00     0.00  75.10   0.00    0.77    0.86   0.46    16.03     3.78   0.04  98.40

2021년 10월 04일 19시 12분 14초
avg-cpu:  %user   %nice %system %iowait  %steal   %idle
           0.12    0.00    6.50    2.38    0.00   91.00

Device            r/s     w/s     rMB/s     wMB/s   rrqm/s   wrqm/s  %rrqm  %wrqm r_await w_await aqu-sz rareq-sz wareq-sz  svctm  %util
sdb           4520.00 20453.00     76.68     76.31 15069.00     0.00  76.93   0.00    0.77    0.83   0.11    17.37     3.82   0.04 100.00

2021년 10월 04일 19시 12분 15초
avg-cpu:  %user   %nice %system %iowait  %steal   %idle
           0.25    0.00    5.44    2.84    0.00   91.47

Device            r/s     w/s     rMB/s     wMB/s   rrqm/s   wrqm/s  %rrqm  %wrqm r_await w_await aqu-sz rareq-sz wareq-sz  svctm  %util
sdb           4266.00 18980.00     70.46     70.14 13772.00     0.00  76.35   0.00    0.78    0.88   0.34    16.91     3.78   0.04  98.80

2021년 10월 04일 19시 12분 16초
avg-cpu:  %user   %nice %system %iowait  %steal   %idle
           0.19    0.00    5.85    2.89    0.00   91.07

Device            r/s     w/s     rMB/s     wMB/s   rrqm/s   wrqm/s  %rrqm  %wrqm r_await w_await aqu-sz rareq-sz wareq-sz  svctm  %util
sdb           3849.00 18663.00     68.79     71.73 13759.00   783.00  78.14   4.03    0.80    0.90   0.14    18.30     3.94   0.04 100.00

2021년 10월 04일 19시 12분 17초
avg-cpu:  %user   %nice %system %iowait  %steal   %idle
           0.19    0.00    6.38    2.50    0.00   90.94

Device            r/s     w/s     rMB/s     wMB/s   rrqm/s   wrqm/s  %rrqm  %wrqm r_await w_await aqu-sz rareq-sz wareq-sz  svctm  %util
sdb           4058.00 19010.00     70.12     69.78 13891.00     0.00  77.39   0.00    0.79    0.84   0.00    17.69     3.76   0.04 100.00

2021년 10월 04일 19시 12분 18초
avg-cpu:  %user   %nice %system %iowait  %steal   %idle
           0.19    0.00    5.43    2.97    0.00   91.41

Device            r/s     w/s     rMB/s     wMB/s   rrqm/s   wrqm/s  %rrqm  %wrqm r_await w_await aqu-sz rareq-sz wareq-sz  svctm  %util
sdb           4014.00 19163.00     70.84     70.49 14120.00     0.00  77.86   0.00    0.79    0.86   0.45    18.07     3.77   0.04  98.80

2021년 10월 04일 19시 12분 19초
avg-cpu:  %user   %nice %system %iowait  %steal   %idle
           0.12    0.00    7.87    2.66    0.00   89.34

Device            r/s     w/s     rMB/s     wMB/s   rrqm/s   wrqm/s  %rrqm  %wrqm r_await w_await aqu-sz rareq-sz wareq-sz  svctm  %util
sdb           4522.00 19636.00     72.96     72.43 14156.00     0.00  75.79   0.00    0.78    0.81   0.00    16.52     3.78   0.04 100.00

2021년 10월 04일 19시 12분 20초
avg-cpu:  %user   %nice %system %iowait  %steal   %idle
           0.06    0.00    7.24    3.09    0.00   89.60

Device            r/s     w/s     rMB/s     wMB/s   rrqm/s   wrqm/s  %rrqm  %wrqm r_await w_await aqu-sz rareq-sz wareq-sz  svctm  %util
sdb           3930.00 18673.00     69.14     68.80 13768.00     0.00  77.79   0.00    0.77    0.91   0.38    18.01     3.77   0.04  98.00

2021년 10월 04일 19시 12분 21초
avg-cpu:  %user   %nice %system %iowait  %steal   %idle
           0.19    0.00    5.31    2.78    0.00   91.72

Device            r/s     w/s     rMB/s     wMB/s   rrqm/s   wrqm/s  %rrqm  %wrqm r_await w_await aqu-sz rareq-sz wareq-sz  svctm  %util
sdb           4840.00 19804.00     73.52     76.55 13979.00   728.00  74.28   3.55    0.73    0.82   0.12    15.56     3.96   0.04  99.60

2021년 10월 04일 19시 12분 22초
avg-cpu:  %user   %nice %system %iowait  %steal   %idle
           0.25    0.00    3.89    3.14    0.00   92.71

Device            r/s     w/s     rMB/s     wMB/s   rrqm/s   wrqm/s  %rrqm  %wrqm r_await w_await aqu-sz rareq-sz wareq-sz  svctm  %util
sdb           6133.00 20385.00     76.94     76.04 13562.00     0.00  68.86   0.00    0.70    0.83   0.48    12.85     3.82   0.04  98.80

2021년 10월 04일 19시 12분 23초
avg-cpu:  %user   %nice %system %iowait  %steal   %idle
           0.13    0.00    6.19    2.50    0.00   91.18

Device            r/s     w/s     rMB/s     wMB/s   rrqm/s   wrqm/s  %rrqm  %wrqm r_await w_await aqu-sz rareq-sz wareq-sz  svctm  %util
sdb           4875.00 19957.00     73.82     74.13 14024.00     0.00  74.20   0.00    0.76    0.82   0.00    15.51     3.80   0.04  99.60

2021년 10월 04일 19시 12분 24초
avg-cpu:  %user   %nice %system %iowait  %steal   %idle
           0.06    0.00    5.35    2.96    0.00   91.62

Device            r/s     w/s     rMB/s     wMB/s   rrqm/s   wrqm/s  %rrqm  %wrqm r_await w_await aqu-sz rareq-sz wareq-sz  svctm  %util
sdb           4586.00 19070.00     71.04     70.39 13601.00     0.00  74.78   0.00    0.72    0.87   0.38    15.86     3.78   0.04  98.40

2021년 10월 04일 19시 12분 25초
avg-cpu:  %user   %nice %system %iowait  %steal   %idle
           0.25    0.00    5.23    2.59    0.00   91.93

Device            r/s     w/s     rMB/s     wMB/s   rrqm/s   wrqm/s  %rrqm  %wrqm r_await w_await aqu-sz rareq-sz wareq-sz  svctm  %util
sdb           4792.00 19762.00     73.72     73.60 14081.00     0.00  74.61   0.00    0.74    0.86   0.00    15.75     3.81   0.04 100.40

2021년 10월 04일 19시 12분 26초
avg-cpu:  %user   %nice %system %iowait  %steal   %idle
           0.19    0.00    3.13    3.13    0.00   93.55

Device            r/s     w/s     rMB/s     wMB/s   rrqm/s   wrqm/s  %rrqm  %wrqm r_await w_await aqu-sz rareq-sz wareq-sz  svctm  %util
sdb           7008.00 20232.00     75.91     78.69 12450.00   860.00  63.98   4.08    0.67    0.84   0.49    11.09     3.98   0.04  98.40

2021년 10월 04일 19시 12분 27초
avg-cpu:  %user   %nice %system %iowait  %steal   %idle
           0.12    0.00    6.66    2.62    0.00   90.60

Device            r/s     w/s     rMB/s     wMB/s   rrqm/s   wrqm/s  %rrqm  %wrqm r_await w_await aqu-sz rareq-sz wareq-sz  svctm  %util
sdb           4894.00 20032.00     75.50     74.52 14413.00     0.00  74.65   0.00    0.72    0.83   0.00    15.80     3.81   0.04 100.00

2021년 10월 04일 19시 12분 28초
avg-cpu:  %user   %nice %system %iowait  %steal   %idle
           0.06    0.00    4.76    2.79    0.00   92.39

Device            r/s     w/s     rMB/s     wMB/s   rrqm/s   wrqm/s  %rrqm  %wrqm r_await w_await aqu-sz rareq-sz wareq-sz  svctm  %util
sdb           4605.00 20432.00     75.61     76.21 14779.00     0.00  76.24   0.00    0.74    0.85   0.02    16.81     3.82   0.04 100.00

2021년 10월 04일 19시 12분 29초
avg-cpu:  %user   %nice %system %iowait  %steal   %idle
           0.19    0.00    5.13    3.11    0.00   91.57

Device            r/s     w/s     rMB/s     wMB/s   rrqm/s   wrqm/s  %rrqm  %wrqm r_await w_await aqu-sz rareq-sz wareq-sz  svctm  %util
sdb           4504.00 19687.00     74.21     73.73 14467.00     0.00  76.26   0.00    0.79    0.88   0.38    16.87     3.83   0.04  98.80

2021년 10월 04일 19시 12분 30초
avg-cpu:  %user   %nice %system %iowait  %steal   %idle
           0.25    0.00    5.72    2.83    0.00   91.21

Device            r/s     w/s     rMB/s     wMB/s   rrqm/s   wrqm/s  %rrqm  %wrqm r_await w_await aqu-sz rareq-sz wareq-sz  svctm  %util
sdb           4810.00 20069.00     74.95     74.95 14369.00     0.00  74.92   0.00    0.76    0.83   0.00    15.96     3.82   0.04 100.00

2021년 10월 04일 19시 12분 31초
avg-cpu:  %user   %nice %system %iowait  %steal   %idle
           0.13    0.00    6.27    3.13    0.00   90.47

Device            r/s     w/s     rMB/s     wMB/s   rrqm/s   wrqm/s  %rrqm  %wrqm r_await w_await aqu-sz rareq-sz wareq-sz  svctm  %util
sdb           4477.00 18716.00     69.52     84.23 13321.00  3759.00  74.85  16.73    0.81    0.88   0.66    15.90     4.61   0.04  98.80

2021년 10월 04일 19시 12분 32초
avg-cpu:  %user   %nice %system %iowait  %steal   %idle
           0.25    0.00    5.84    2.89    0.00   91.02

Device            r/s     w/s     rMB/s     wMB/s   rrqm/s   wrqm/s  %rrqm  %wrqm r_await w_await aqu-sz rareq-sz wareq-sz  svctm  %util
sdb           4042.00 19833.00     74.08     80.55 14919.00  1641.00  78.68   7.64    0.85    0.85   0.14    18.77     4.16   0.04 100.00

2021년 10월 04일 19시 12분 33초
avg-cpu:  %user   %nice %system %iowait  %steal   %idle
           0.38    0.00    5.96    2.82    0.00   90.84

Device            r/s     w/s     rMB/s     wMB/s   rrqm/s   wrqm/s  %rrqm  %wrqm r_await w_await aqu-sz rareq-sz wareq-sz  svctm  %util
sdb           4515.00 19173.00     71.70     71.41 13837.00     0.00  75.40   0.00    0.73    0.88   0.44    16.26     3.81   0.04  98.40

2021년 10월 04일 19시 12분 34초
avg-cpu:  %user   %nice %system %iowait  %steal   %idle
           0.19    0.00    6.15    2.70    0.00   90.96

Device            r/s     w/s     rMB/s     wMB/s   rrqm/s   wrqm/s  %rrqm  %wrqm r_await w_await aqu-sz rareq-sz wareq-sz  svctm  %util
sdb           4376.00 20402.00     76.82     76.45 15288.00     0.00  77.75   0.00    0.77    0.85   0.00    17.98     3.84   0.04 100.00

2021년 10월 04일 19시 12분 35초
avg-cpu:  %user   %nice %system %iowait  %steal   %idle
           0.25    0.00    6.32    3.07    0.00   90.36

Device            r/s     w/s     rMB/s     wMB/s   rrqm/s   wrqm/s  %rrqm  %wrqm r_await w_await aqu-sz rareq-sz wareq-sz  svctm  %util
sdb           4265.00 19702.00     73.70     73.54 14623.00     0.00  77.42   0.00    0.78    0.88   0.38    17.69     3.82   0.04  98.80

2021년 10월 04일 19시 12분 36초
avg-cpu:  %user   %nice %system %iowait  %steal   %idle
           0.38    0.00    5.96    2.64    0.00   91.02

Device            r/s     w/s     rMB/s     wMB/s   rrqm/s   wrqm/s  %rrqm  %wrqm r_await w_await aqu-sz rareq-sz wareq-sz  svctm  %util
sdb           4482.00 19542.00     73.17     76.22 14226.00   852.00  76.04   4.18    0.78    0.86   0.10    16.72     3.99   0.04 100.00

2021년 10월 04일 19시 12분 37초
avg-cpu:  %user   %nice %system %iowait  %steal   %idle
           0.32    0.00    5.42    2.90    0.00   91.36

Device            r/s     w/s     rMB/s     wMB/s   rrqm/s   wrqm/s  %rrqm  %wrqm r_await w_await aqu-sz rareq-sz wareq-sz  svctm  %util
sdb           4183.00 19341.00     72.22     71.95 14349.00     0.00  77.43   0.00    0.79    0.87   0.44    17.68     3.81   0.04  98.40

2021년 10월 04일 19시 12분 38초
avg-cpu:  %user   %nice %system %iowait  %steal   %idle
           0.25    0.00    5.50    2.47    0.00   91.78

Device            r/s     w/s     rMB/s     wMB/s   rrqm/s   wrqm/s  %rrqm  %wrqm r_await w_await aqu-sz rareq-sz wareq-sz  svctm  %util
sdb           4197.00 20054.00     74.80     74.56 14904.00     0.00  78.03   0.00    0.79    0.83   0.00    18.25     3.81   0.04 100.00

2021년 10월 04일 19시 12분 39초
avg-cpu:  %user   %nice %system %iowait  %steal   %idle
           0.19    0.00    5.37    2.84    0.00   91.59

Device            r/s     w/s     rMB/s     wMB/s   rrqm/s   wrqm/s  %rrqm  %wrqm r_await w_await aqu-sz rareq-sz wareq-sz  svctm  %util
sdb           4410.00 19670.00     73.85     73.15 14495.00     0.00  76.67   0.00    0.82    0.85   0.37    17.15     3.81   0.04  98.80

2021년 10월 04일 19시 12분 40초
avg-cpu:  %user   %nice %system %iowait  %steal   %idle
           0.25    0.00    4.88    2.72    0.00   92.15

Device            r/s     w/s     rMB/s     wMB/s   rrqm/s   wrqm/s  %rrqm  %wrqm r_await w_await aqu-sz rareq-sz wareq-sz  svctm  %util
sdb           4675.00 20033.00     74.74     74.71 14459.00     0.00  75.57   0.00    0.76    0.84   0.01    16.37     3.82   0.04 100.00

2021년 10월 04일 19시 12분 41초
avg-cpu:  %user   %nice %system %iowait  %steal   %idle
           0.25    0.00    6.27    2.89    0.00   90.59

Device            r/s     w/s     rMB/s     wMB/s   rrqm/s   wrqm/s  %rrqm  %wrqm r_await w_await aqu-sz rareq-sz wareq-sz  svctm  %util
sdb           4601.00 19119.00     71.81     74.77 13781.00   946.00  74.97   4.71    0.79    0.86   0.10    15.98     4.00   0.04 100.00

2021년 10월 04일 19시 12분 42초
avg-cpu:  %user   %nice %system %iowait  %steal   %idle
           0.31    0.00    6.23    2.93    0.00   90.52

Device            r/s     w/s     rMB/s     wMB/s   rrqm/s   wrqm/s  %rrqm  %wrqm r_await w_await aqu-sz rareq-sz wareq-sz  svctm  %util
sdb           4622.00 19147.00     71.15     71.32 13658.00     0.00  74.72   0.00    0.77    0.87   0.48    15.76     3.81   0.04  98.40

2021년 10월 04일 19시 12분 43초
avg-cpu:  %user   %nice %system %iowait  %steal   %idle
           0.25    0.00    6.44    2.50    0.00   90.81

Device            r/s     w/s     rMB/s     wMB/s   rrqm/s   wrqm/s  %rrqm  %wrqm r_await w_await aqu-sz rareq-sz wareq-sz  svctm  %util
sdb           4220.00 20151.00     75.29     75.04 14984.00     0.00  78.03   0.00    0.80    0.85   0.00    18.27     3.81   0.04 100.00

2021년 10월 04일 19시 12분 44초
avg-cpu:  %user   %nice %system %iowait  %steal   %idle
           0.25    0.00    5.37    2.97    0.00   91.40

Device            r/s     w/s     rMB/s     wMB/s   rrqm/s   wrqm/s  %rrqm  %wrqm r_await w_await aqu-sz rareq-sz wareq-sz  svctm  %util
sdb           4209.00 19492.00     72.86     72.57 14442.00     0.00  77.43   0.00    0.77    0.88   0.38    17.73     3.81   0.04  98.80

2021년 10월 04일 19시 12분 45초
avg-cpu:  %user   %nice %system %iowait  %steal   %idle
           0.31    0.00    6.14    2.76    0.00   90.78

Device            r/s     w/s     rMB/s     wMB/s   rrqm/s   wrqm/s  %rrqm  %wrqm r_await w_await aqu-sz rareq-sz wareq-sz  svctm  %util
sdb           4185.00 20077.00     75.35     74.63 15115.00     0.00  78.32   0.00    0.81    0.84   0.00    18.44     3.81   0.04 100.00

2021년 10월 04일 19시 12분 46초
avg-cpu:  %user   %nice %system %iowait  %steal   %idle
           0.19    0.00    5.08    3.45    0.00   91.27

Device            r/s     w/s     rMB/s     wMB/s   rrqm/s   wrqm/s  %rrqm  %wrqm r_await w_await aqu-sz rareq-sz wareq-sz  svctm  %util
sdb           5719.00 19783.00     74.45     77.88 13360.00   967.00  70.02   4.66    0.71    0.86   0.58    13.33     4.03   0.04  98.00

2021년 10월 04일 19시 12분 47초
avg-cpu:  %user   %nice %system %iowait  %steal   %idle
           0.19    0.00    5.85    2.89    0.00   91.06

Device            r/s     w/s     rMB/s     wMB/s   rrqm/s   wrqm/s  %rrqm  %wrqm r_await w_await aqu-sz rareq-sz wareq-sz  svctm  %util
sdb           3938.00 20272.00     75.26     75.50 15345.00     0.00  79.58   0.00    0.81    0.84   0.00    19.57     3.81   0.04 100.00

2021년 10월 04일 19시 12분 48초
avg-cpu:  %user   %nice %system %iowait  %steal   %idle
           0.06    0.00    2.59    1.52    0.00   95.82

Device            r/s     w/s     rMB/s     wMB/s   rrqm/s   wrqm/s  %rrqm  %wrqm r_await w_await aqu-sz rareq-sz wareq-sz  svctm  %util
sdb           2090.00 10560.00     39.09     39.05  7867.00     0.00  79.01   0.00    0.86    0.85   0.00    19.15     3.79   0.04  53.60

2021년 10월 04일 19시 12분 49초
avg-cpu:  %user   %nice %system %iowait  %steal   %idle
           0.06    0.00    0.12    0.00    0.00   99.81

Device            r/s     w/s     rMB/s     wMB/s   rrqm/s   wrqm/s  %rrqm  %wrqm r_await w_await aqu-sz rareq-sz wareq-sz  svctm  %util
sdb              0.00    0.00      0.00      0.00     0.00     0.00   0.00   0.00    0.00    0.00   0.00     0.00     0.00   0.00   0.00

2021년 10월 04일 19시 12분 50초
avg-cpu:  %user   %nice %system %iowait  %steal   %idle
           0.06    0.00    0.12    0.00    0.00   99.81

Device            r/s     w/s     rMB/s     wMB/s   rrqm/s   wrqm/s  %rrqm  %wrqm r_await w_await aqu-sz rareq-sz wareq-sz  svctm  %util
sdb              0.00    0.00      0.00      0.00     0.00     0.00   0.00   0.00    0.00    0.00   0.00     0.00     0.00   0.00   0.00

2021년 10월 04일 19시 12분 51초
avg-cpu:  %user   %nice %system %iowait  %steal   %idle
           0.00    0.00    0.19    0.00    0.00   99.81

Device            r/s     w/s     rMB/s     wMB/s   rrqm/s   wrqm/s  %rrqm  %wrqm r_await w_await aqu-sz rareq-sz wareq-sz  svctm  %util
sdb              0.00    4.00      0.00      1.59     0.00   404.00   0.00  99.02    0.00    4.25   0.01     0.00   408.00   3.00   1.20

