Linux 5.5.8test (syslab-desk) 	2021년 09월 28일 	_x86_64_	(16 CPU)

2021년 09월 28일 22시 56분 27초
avg-cpu:  %user   %nice %system %iowait  %steal   %idle
           0.14    0.00    0.11    0.31    0.00   99.44

Device            r/s     w/s     rMB/s     wMB/s   rrqm/s   wrqm/s  %rrqm  %wrqm r_await w_await aqu-sz rareq-sz wareq-sz  svctm  %util
nvme0n1          7.26   30.14      0.03      1.03     0.03     5.50   0.39  15.44    1.03    9.61   0.24     4.02    34.86   0.04   0.17

2021년 09월 28일 22시 56분 28초
avg-cpu:  %user   %nice %system %iowait  %steal   %idle
           0.00    0.00    0.06    0.00    0.00   99.94

Device            r/s     w/s     rMB/s     wMB/s   rrqm/s   wrqm/s  %rrqm  %wrqm r_await w_await aqu-sz rareq-sz wareq-sz  svctm  %util
nvme0n1          0.00    0.00      0.00      0.00     0.00     0.00   0.00   0.00    0.00    0.00   0.00     0.00     0.00   0.00   0.00

2021년 09월 28일 22시 56분 29초
avg-cpu:  %user   %nice %system %iowait  %steal   %idle
           0.06    0.00    0.06    0.00    0.00   99.87

Device            r/s     w/s     rMB/s     wMB/s   rrqm/s   wrqm/s  %rrqm  %wrqm r_await w_await aqu-sz rareq-sz wareq-sz  svctm  %util
nvme0n1          0.00    0.00      0.00      0.00     0.00     0.00   0.00   0.00    0.00    0.00   0.00     0.00     0.00   0.00   0.00

2021년 09월 28일 22시 56분 30초
avg-cpu:  %user   %nice %system %iowait  %steal   %idle
           0.19    0.00    0.62    0.31    0.00   98.88

Device            r/s     w/s     rMB/s     wMB/s   rrqm/s   wrqm/s  %rrqm  %wrqm r_await w_await aqu-sz rareq-sz wareq-sz  svctm  %util
nvme0n1        465.00    2.00      5.01      0.01   818.00     2.00  63.76  50.00    0.13    0.00   0.00    11.04     6.00   0.25  11.60

2021년 09월 28일 22시 56분 31초
avg-cpu:  %user   %nice %system %iowait  %steal   %idle
           0.13    0.00    2.76    3.08    0.00   94.04

Device            r/s     w/s     rMB/s     wMB/s   rrqm/s   wrqm/s  %rrqm  %wrqm r_await w_await aqu-sz rareq-sz wareq-sz  svctm  %util
nvme0n1       5770.00  773.00     43.12      4.15  5266.00   318.00  47.72  29.15    0.15    0.06   0.00     7.65     5.50   0.15 100.00

2021년 09월 28일 22시 56분 32초
avg-cpu:  %user   %nice %system %iowait  %steal   %idle
           0.25    0.00    2.08    3.40    0.00   94.27

Device            r/s     w/s     rMB/s     wMB/s   rrqm/s   wrqm/s  %rrqm  %wrqm r_await w_await aqu-sz rareq-sz wareq-sz  svctm  %util
nvme0n1       19807.00 20594.00     77.37     76.96     0.00     0.00   0.00   0.00    0.28    0.09   0.00     4.00     3.83   0.02 100.00

2021년 09월 28일 22시 56분 33초
avg-cpu:  %user   %nice %system %iowait  %steal   %idle
           0.13    0.00    2.26    3.46    0.00   94.15

Device            r/s     w/s     rMB/s     wMB/s   rrqm/s   wrqm/s  %rrqm  %wrqm r_await w_await aqu-sz rareq-sz wareq-sz  svctm  %util
nvme0n1       19165.00 20012.00     74.86     74.76     0.00     0.00   0.00   0.00    0.29    0.09   0.01     4.00     3.83   0.03  98.80

2021년 09월 28일 22시 56분 34초
avg-cpu:  %user   %nice %system %iowait  %steal   %idle
           0.13    0.00    2.33    3.27    0.00   94.27

Device            r/s     w/s     rMB/s     wMB/s   rrqm/s   wrqm/s  %rrqm  %wrqm r_await w_await aqu-sz rareq-sz wareq-sz  svctm  %util
nvme0n1       20057.00 20889.00     78.35     78.10     0.00     0.00   0.00   0.00    0.28    0.09   0.00     4.00     3.83   0.02 100.00

2021년 09월 28일 22시 56분 35초
avg-cpu:  %user   %nice %system %iowait  %steal   %idle
           0.19    0.00    2.20    3.34    0.00   94.27

Device            r/s     w/s     rMB/s     wMB/s   rrqm/s   wrqm/s  %rrqm  %wrqm r_await w_await aqu-sz rareq-sz wareq-sz  svctm  %util
nvme0n1       19402.00 20168.00     75.79     75.53     0.00     0.00   0.00   0.00    0.28    0.09   0.01     4.00     3.83   0.03  99.20

2021년 09월 28일 22시 56분 36초
avg-cpu:  %user   %nice %system %iowait  %steal   %idle
           0.19    0.00    2.51    3.33    0.00   93.97

Device            r/s     w/s     rMB/s     wMB/s   rrqm/s   wrqm/s  %rrqm  %wrqm r_await w_await aqu-sz rareq-sz wareq-sz  svctm  %util
nvme0n1       17443.00 18208.00     68.14     71.00     0.00   749.00   0.00   3.95    0.30    0.11   0.00     4.00     3.99   0.03 100.00

2021년 09월 28일 22시 56분 37초
avg-cpu:  %user   %nice %system %iowait  %steal   %idle
           0.31    0.00    1.89    3.59    0.00   94.21

Device            r/s     w/s     rMB/s     wMB/s   rrqm/s   wrqm/s  %rrqm  %wrqm r_await w_await aqu-sz rareq-sz wareq-sz  svctm  %util
nvme0n1       20533.00 21379.00     80.21     80.01     0.00     0.00   0.00   0.00    0.27    0.09   0.02     4.00     3.83   0.02  98.40

2021년 09월 28일 22시 56분 38초
avg-cpu:  %user   %nice %system %iowait  %steal   %idle
           0.13    0.00    2.39    3.39    0.00   94.09

Device            r/s     w/s     rMB/s     wMB/s   rrqm/s   wrqm/s  %rrqm  %wrqm r_await w_await aqu-sz rareq-sz wareq-sz  svctm  %util
nvme0n1       20729.00 21605.00     80.97     80.63     0.00     0.00   0.00   0.00    0.29    0.09   0.00     4.00     3.82   0.02 100.00

2021년 09월 28일 22시 56분 39초
avg-cpu:  %user   %nice %system %iowait  %steal   %idle
           0.13    0.00    2.69    3.32    0.00   93.86

Device            r/s     w/s     rMB/s     wMB/s   rrqm/s   wrqm/s  %rrqm  %wrqm r_await w_await aqu-sz rareq-sz wareq-sz  svctm  %util
nvme0n1       19765.00 20549.00     77.21     76.87     0.00     0.00   0.00   0.00    0.29    0.10   0.02     4.00     3.83   0.02  98.40

2021년 09월 28일 22시 56분 40초
avg-cpu:  %user   %nice %system %iowait  %steal   %idle
           0.13    0.00    2.27    3.40    0.00   94.21

Device            r/s     w/s     rMB/s     wMB/s   rrqm/s   wrqm/s  %rrqm  %wrqm r_await w_await aqu-sz rareq-sz wareq-sz  svctm  %util
nvme0n1       19345.00 20188.00     75.57     75.27     0.00     0.00   0.00   0.00    0.29    0.09   0.00     4.00     3.82   0.03 100.00

2021년 09월 28일 22시 56분 41초
avg-cpu:  %user   %nice %system %iowait  %steal   %idle
           0.19    0.00    2.33    3.40    0.00   94.09

Device            r/s     w/s     rMB/s     wMB/s   rrqm/s   wrqm/s  %rrqm  %wrqm r_await w_await aqu-sz rareq-sz wareq-sz  svctm  %util
nvme0n1       17858.00 18647.00     69.76     72.55     0.00   736.00   0.00   3.80    0.28    0.10   0.00     4.00     3.98   0.03 100.00

2021년 09월 28일 22시 56분 42초
avg-cpu:  %user   %nice %system %iowait  %steal   %idle
           0.13    0.00    2.76    3.38    0.00   93.74

Device            r/s     w/s     rMB/s     wMB/s   rrqm/s   wrqm/s  %rrqm  %wrqm r_await w_await aqu-sz rareq-sz wareq-sz  svctm  %util
nvme0n1       18933.00 19816.00     73.96     73.83     0.00     0.00   0.00   0.00    0.28    0.09   0.14     4.00     3.82   0.03  98.80

2021년 09월 28일 22시 56분 43초
avg-cpu:  %user   %nice %system %iowait  %steal   %idle
           0.13    0.00    2.01    3.71    0.00   94.15

Device            r/s     w/s     rMB/s     wMB/s   rrqm/s   wrqm/s  %rrqm  %wrqm r_await w_await aqu-sz rareq-sz wareq-sz  svctm  %util
nvme0n1       19517.00 20337.00     76.24     75.96     0.00     0.00   0.00   0.00    0.27    0.09   0.10     4.00     3.82   0.02  90.40

2021년 09월 28일 22시 56분 44초
avg-cpu:  %user   %nice %system %iowait  %steal   %idle
           0.06    0.00    2.19    3.94    0.00   93.80

Device            r/s     w/s     rMB/s     wMB/s   rrqm/s   wrqm/s  %rrqm  %wrqm r_await w_await aqu-sz rareq-sz wareq-sz  svctm  %util
nvme0n1       21869.00 22798.00     85.43     85.13     0.00     0.00   0.00   0.00    0.38    0.09   1.55     4.00     3.82   0.02  99.20

2021년 09월 28일 22시 56분 45초
avg-cpu:  %user   %nice %system %iowait  %steal   %idle
           0.31    0.00    2.20    3.52    0.00   93.97

Device            r/s     w/s     rMB/s     wMB/s   rrqm/s   wrqm/s  %rrqm  %wrqm r_await w_await aqu-sz rareq-sz wareq-sz  svctm  %util
nvme0n1       20244.00 21180.00     79.08     78.95     0.00     0.00   0.00   0.00    0.29    0.09   0.00     4.00     3.82   0.02  99.20

2021년 09월 28일 22시 56분 46초
avg-cpu:  %user   %nice %system %iowait  %steal   %idle
           0.19    0.00    2.51    3.39    0.00   93.91

Device            r/s     w/s     rMB/s     wMB/s   rrqm/s   wrqm/s  %rrqm  %wrqm r_await w_await aqu-sz rareq-sz wareq-sz  svctm  %util
nvme0n1       19680.00 20670.00     76.88     79.75     0.00   793.00   0.00   3.69    0.28    0.09   0.01     4.00     3.95   0.02  99.60

2021년 09월 28일 22시 56분 47초
avg-cpu:  %user   %nice %system %iowait  %steal   %idle
           0.06    0.00    1.88    4.14    0.00   93.92

Device            r/s     w/s     rMB/s     wMB/s   rrqm/s   wrqm/s  %rrqm  %wrqm r_await w_await aqu-sz rareq-sz wareq-sz  svctm  %util
nvme0n1       21751.00 22780.00     84.96     84.85     0.00     0.00   0.00   0.00    0.31    0.09   0.02     4.00     3.81   0.02  98.40

2021년 09월 28일 22시 56분 48초
avg-cpu:  %user   %nice %system %iowait  %steal   %idle
           0.25    0.00    2.27    3.34    0.00   94.15

Device            r/s     w/s     rMB/s     wMB/s   rrqm/s   wrqm/s  %rrqm  %wrqm r_await w_await aqu-sz rareq-sz wareq-sz  svctm  %util
nvme0n1       19341.00 20176.00     75.55     75.31     0.00     0.00   0.00   0.00    0.27    0.09   0.00     4.00     3.82   0.03 100.00

2021년 09월 28일 22시 56분 49초
avg-cpu:  %user   %nice %system %iowait  %steal   %idle
           0.19    0.00    2.57    3.45    0.00   93.79

Device            r/s     w/s     rMB/s     wMB/s   rrqm/s   wrqm/s  %rrqm  %wrqm r_await w_await aqu-sz rareq-sz wareq-sz  svctm  %util
nvme0n1       20103.00 20925.00     78.53     78.29     0.00     0.00   0.00   0.00    0.29    0.09   0.01     4.00     3.83   0.02  98.80

2021년 09월 28일 22시 56분 50초
avg-cpu:  %user   %nice %system %iowait  %steal   %idle
           0.19    0.00    2.39    3.40    0.00   94.03

Device            r/s     w/s     rMB/s     wMB/s   rrqm/s   wrqm/s  %rrqm  %wrqm r_await w_await aqu-sz rareq-sz wareq-sz  svctm  %util
nvme0n1       20165.00 21011.00     78.77     78.55     0.00     0.00   0.00   0.00    0.28    0.09   0.00     4.00     3.83   0.02 100.00

2021년 09월 28일 22시 56분 51초
avg-cpu:  %user   %nice %system %iowait  %steal   %idle
           0.13    0.00    2.08    3.65    0.00   94.15

Device            r/s     w/s     rMB/s     wMB/s   rrqm/s   wrqm/s  %rrqm  %wrqm r_await w_await aqu-sz rareq-sz wareq-sz  svctm  %util
nvme0n1       19877.00 20816.00     77.64     80.72     0.00   809.00   0.00   3.74    0.30    0.09   0.55     4.00     3.97   0.02  98.80

2021년 09월 28일 22시 56분 52초
avg-cpu:  %user   %nice %system %iowait  %steal   %idle
           0.13    0.00    2.02    3.59    0.00   94.27

Device            r/s     w/s     rMB/s     wMB/s   rrqm/s   wrqm/s  %rrqm  %wrqm r_await w_await aqu-sz rareq-sz wareq-sz  svctm  %util
nvme0n1       21523.00 22401.00     84.07     83.79     0.00     0.00   0.00   0.00    0.28    0.09   0.00     4.00     3.83   0.02 100.80

2021년 09월 28일 22시 56분 53초
avg-cpu:  %user   %nice %system %iowait  %steal   %idle
           0.13    0.00    2.07    3.71    0.00   94.09

Device            r/s     w/s     rMB/s     wMB/s   rrqm/s   wrqm/s  %rrqm  %wrqm r_await w_await aqu-sz rareq-sz wareq-sz  svctm  %util
nvme0n1       20002.00 20926.00     78.13     77.82     0.00     0.00   0.00   0.00    0.29    0.09   0.02     4.00     3.81   0.02  98.40

2021년 09월 28일 22시 56분 54초
avg-cpu:  %user   %nice %system %iowait  %steal   %idle
           0.25    0.00    2.32    3.45    0.00   93.98

Device            r/s     w/s     rMB/s     wMB/s   rrqm/s   wrqm/s  %rrqm  %wrqm r_await w_await aqu-sz rareq-sz wareq-sz  svctm  %util
nvme0n1       18184.00 18944.00     71.03     70.88     0.00     0.00   0.00   0.00    0.30    0.09   0.00     4.00     3.83   0.03 100.00

2021년 09월 28일 22시 56분 55초
avg-cpu:  %user   %nice %system %iowait  %steal   %idle
           0.13    0.00    2.08    3.59    0.00   94.21

Device            r/s     w/s     rMB/s     wMB/s   rrqm/s   wrqm/s  %rrqm  %wrqm r_await w_await aqu-sz rareq-sz wareq-sz  svctm  %util
nvme0n1       17534.00 18274.00     68.49     68.33     0.00     0.00   0.00   0.00    0.32    0.10   0.01     4.00     3.83   0.03  99.20

2021년 09월 28일 22시 56분 56초
avg-cpu:  %user   %nice %system %iowait  %steal   %idle
           0.25    0.00    2.08    3.40    0.00   94.27

Device            r/s     w/s     rMB/s     wMB/s   rrqm/s   wrqm/s  %rrqm  %wrqm r_await w_await aqu-sz rareq-sz wareq-sz  svctm  %util
nvme0n1       18117.00 18895.00     70.77     73.85     0.00   818.00   0.00   4.15    0.30    0.09   0.00     4.00     4.00   0.03 100.00

2021년 09월 28일 22시 56분 57초
avg-cpu:  %user   %nice %system %iowait  %steal   %idle
           0.13    0.00    2.70    3.26    0.00   93.91

Device            r/s     w/s     rMB/s     wMB/s   rrqm/s   wrqm/s  %rrqm  %wrqm r_await w_await aqu-sz rareq-sz wareq-sz  svctm  %util
nvme0n1       17261.00 17933.00     67.43     67.16     0.00     0.00   0.00   0.00    0.31    0.10   0.00     4.00     3.83   0.03 100.00

2021년 09월 28일 22시 56분 58초
avg-cpu:  %user   %nice %system %iowait  %steal   %idle
           0.25    0.00    2.94    3.25    0.00   93.56

Device            r/s     w/s     rMB/s     wMB/s   rrqm/s   wrqm/s  %rrqm  %wrqm r_await w_await aqu-sz rareq-sz wareq-sz  svctm  %util
nvme0n1       16867.00 17647.00     65.89     65.82     0.00     0.00   0.00   0.00    0.30    0.09   0.01     4.00     3.82   0.03  98.80

2021년 09월 28일 22시 56분 59초
avg-cpu:  %user   %nice %system %iowait  %steal   %idle
           0.25    0.00    2.50    3.51    0.00   93.74

Device            r/s     w/s     rMB/s     wMB/s   rrqm/s   wrqm/s  %rrqm  %wrqm r_await w_await aqu-sz rareq-sz wareq-sz  svctm  %util
nvme0n1       20710.00 21711.00     80.90     80.64     0.00     0.00   0.00   0.00    0.30    0.09   0.00     4.00     3.80   0.02 100.00

2021년 09월 28일 22시 57분 00초
avg-cpu:  %user   %nice %system %iowait  %steal   %idle
           0.13    0.00    2.45    3.33    0.00   94.09

Device            r/s     w/s     rMB/s     wMB/s   rrqm/s   wrqm/s  %rrqm  %wrqm r_await w_await aqu-sz rareq-sz wareq-sz  svctm  %util
nvme0n1       18796.00 19538.00     73.42     73.12     0.00     0.00   0.00   0.00    0.30    0.10   0.01     4.00     3.83   0.03  98.80

2021년 09월 28일 22시 57분 01초
avg-cpu:  %user   %nice %system %iowait  %steal   %idle
           0.06    0.00    2.33    3.58    0.00   94.03

Device            r/s     w/s     rMB/s     wMB/s   rrqm/s   wrqm/s  %rrqm  %wrqm r_await w_await aqu-sz rareq-sz wareq-sz  svctm  %util
nvme0n1       18003.00 18888.00     70.32     73.30     0.00   767.00   0.00   3.90    0.31    0.10   0.00     4.00     3.97   0.03 100.00

2021년 09월 28일 22시 57분 02초
avg-cpu:  %user   %nice %system %iowait  %steal   %idle
           0.13    0.00    2.01    3.96    0.00   93.91

Device            r/s     w/s     rMB/s     wMB/s   rrqm/s   wrqm/s  %rrqm  %wrqm r_await w_await aqu-sz rareq-sz wareq-sz  svctm  %util
nvme0n1       18748.00 19844.00     73.23     89.96     0.00  4061.00   0.00  16.99    0.38    0.17   1.69     4.00     4.64   0.03  99.20

2021년 09월 28일 22시 57분 03초
avg-cpu:  %user   %nice %system %iowait  %steal   %idle
           0.25    0.00    2.45    3.33    0.00   93.97

Device            r/s     w/s     rMB/s     wMB/s   rrqm/s   wrqm/s  %rrqm  %wrqm r_await w_await aqu-sz rareq-sz wareq-sz  svctm  %util
nvme0n1       17945.00 18736.00     70.10     69.98     0.00     0.00   0.00   0.00    0.32    0.10   0.00     4.00     3.82   0.03 100.40

2021년 09월 28일 22시 57분 04초
avg-cpu:  %user   %nice %system %iowait  %steal   %idle
           0.25    0.00    2.14    3.40    0.00   94.21

Device            r/s     w/s     rMB/s     wMB/s   rrqm/s   wrqm/s  %rrqm  %wrqm r_await w_await aqu-sz rareq-sz wareq-sz  svctm  %util
nvme0n1       18254.00 19026.00     71.30     70.98     0.00     0.00   0.00   0.00    0.31    0.10   0.15     4.00     3.82   0.03  99.20

2021년 09월 28일 22시 57분 05초
avg-cpu:  %user   %nice %system %iowait  %steal   %idle
           0.19    0.00    2.27    3.34    0.00   94.21

Device            r/s     w/s     rMB/s     wMB/s   rrqm/s   wrqm/s  %rrqm  %wrqm r_await w_await aqu-sz rareq-sz wareq-sz  svctm  %util
nvme0n1       19117.00 19934.00     74.68     74.51     0.00     0.00   0.00   0.00    0.30    0.09   0.00     4.00     3.83   0.03 100.00

2021년 09월 28일 22시 57분 06초
avg-cpu:  %user   %nice %system %iowait  %steal   %idle
           0.13    0.00    2.02    3.59    0.00   94.26

Device            r/s     w/s     rMB/s     wMB/s   rrqm/s   wrqm/s  %rrqm  %wrqm r_await w_await aqu-sz rareq-sz wareq-sz  svctm  %util
nvme0n1       17187.00 17983.00     67.14     70.10     0.00   781.00   0.00   4.16    0.31    0.10   0.01     4.00     3.99   0.03  99.20

2021년 09월 28일 22시 57분 07초
avg-cpu:  %user   %nice %system %iowait  %steal   %idle
           0.13    0.00    2.26    3.58    0.00   94.03

Device            r/s     w/s     rMB/s     wMB/s   rrqm/s   wrqm/s  %rrqm  %wrqm r_await w_await aqu-sz rareq-sz wareq-sz  svctm  %util
nvme0n1       19284.00 20076.00     75.33     75.10     0.00     0.00   0.00   0.00    0.31    0.09   0.00     4.00     3.83   0.03 100.00

2021년 09월 28일 22시 57분 08초
avg-cpu:  %user   %nice %system %iowait  %steal   %idle
           0.19    0.00    2.26    3.40    0.00   94.15

Device            r/s     w/s     rMB/s     wMB/s   rrqm/s   wrqm/s  %rrqm  %wrqm r_await w_await aqu-sz rareq-sz wareq-sz  svctm  %util
nvme0n1       18283.00 19042.00     71.41     71.14     0.00     0.00   0.00   0.00    0.34    0.09   0.49     4.00     3.83   0.03  99.60

2021년 09월 28일 22시 57분 09초
avg-cpu:  %user   %nice %system %iowait  %steal   %idle
           0.13    0.00    2.08    3.40    0.00   94.39

Device            r/s     w/s     rMB/s     wMB/s   rrqm/s   wrqm/s  %rrqm  %wrqm r_await w_await aqu-sz rareq-sz wareq-sz  svctm  %util
nvme0n1       19545.00 20488.00     76.35     76.11     0.00     0.00   0.00   0.00    0.29    0.09   0.02     4.00     3.80   0.02 100.00

2021년 09월 28일 22시 57분 10초
avg-cpu:  %user   %nice %system %iowait  %steal   %idle
           0.38    0.00    2.39    3.33    0.00   93.91

Device            r/s     w/s     rMB/s     wMB/s   rrqm/s   wrqm/s  %rrqm  %wrqm r_await w_await aqu-sz rareq-sz wareq-sz  svctm  %util
nvme0n1       17362.00 18142.00     67.82     67.59     0.00     0.00   0.00   0.00    0.31    0.09   0.01     4.00     3.82   0.03  99.20

2021년 09월 28일 22시 57분 11초
avg-cpu:  %user   %nice %system %iowait  %steal   %idle
           0.19    0.00    2.45    3.33    0.00   94.03

Device            r/s     w/s     rMB/s     wMB/s   rrqm/s   wrqm/s  %rrqm  %wrqm r_await w_await aqu-sz rareq-sz wareq-sz  svctm  %util
nvme0n1       16964.00 17735.00     66.27     69.15     0.00   758.00   0.00   4.10    0.32    0.10   0.00     4.00     3.99   0.03 100.00

2021년 09월 28일 22시 57분 12초
avg-cpu:  %user   %nice %system %iowait  %steal   %idle
           0.19    0.00    2.51    3.45    0.00   93.85

Device            r/s     w/s     rMB/s     wMB/s   rrqm/s   wrqm/s  %rrqm  %wrqm r_await w_await aqu-sz rareq-sz wareq-sz  svctm  %util
nvme0n1       18541.00 19294.00     72.43     71.99     0.00     0.00   0.00   0.00    0.30    0.09   0.00     4.00     3.82   0.03 100.00

2021년 09월 28일 22시 57분 13초
avg-cpu:  %user   %nice %system %iowait  %steal   %idle
           0.19    0.00    1.89    3.59    0.00   94.33

Device            r/s     w/s     rMB/s     wMB/s   rrqm/s   wrqm/s  %rrqm  %wrqm r_await w_await aqu-sz rareq-sz wareq-sz  svctm  %util
nvme0n1       19290.00 20212.00     75.35     75.31     0.00     0.00   0.00   0.00    0.31    0.10   0.10     4.00     3.82   0.03  98.80

2021년 09월 28일 22시 57분 14초
avg-cpu:  %user   %nice %system %iowait  %steal   %idle
           0.13    0.00    2.15    3.28    0.00   94.45

Device            r/s     w/s     rMB/s     wMB/s   rrqm/s   wrqm/s  %rrqm  %wrqm r_await w_await aqu-sz rareq-sz wareq-sz  svctm  %util
nvme0n1       20086.00 20904.00     78.46     78.27     0.00     0.00   0.00   0.00    0.28    0.09   0.00     4.00     3.83   0.02 100.00

2021년 09월 28일 22시 57분 15초
avg-cpu:  %user   %nice %system %iowait  %steal   %idle
           0.19    0.00    2.26    3.58    0.00   93.97

Device            r/s     w/s     rMB/s     wMB/s   rrqm/s   wrqm/s  %rrqm  %wrqm r_await w_await aqu-sz rareq-sz wareq-sz  svctm  %util
nvme0n1       18674.00 19510.00     72.95     72.70     0.00     0.00   0.00   0.00    0.30    0.12   0.44     4.00     3.82   0.03  99.20

2021년 09월 28일 22시 57분 16초
avg-cpu:  %user   %nice %system %iowait  %steal   %idle
           0.31    0.00    2.63    3.32    0.00   93.73

Device            r/s     w/s     rMB/s     wMB/s   rrqm/s   wrqm/s  %rrqm  %wrqm r_await w_await aqu-sz rareq-sz wareq-sz  svctm  %util
nvme0n1       18443.00 19205.00     72.04     74.96     0.00   815.00   0.00   4.07    0.28    0.10   0.00     4.00     4.00   0.03 100.00

2021년 09월 28일 22시 57분 17초
avg-cpu:  %user   %nice %system %iowait  %steal   %idle
           0.13    0.00    2.58    3.33    0.00   93.97

Device            r/s     w/s     rMB/s     wMB/s   rrqm/s   wrqm/s  %rrqm  %wrqm r_await w_await aqu-sz rareq-sz wareq-sz  svctm  %util
nvme0n1       19026.00 19863.00     74.32     74.22     0.00     0.00   0.00   0.00    0.31    0.09   0.20     4.00     3.83   0.03  99.60

2021년 09월 28일 22시 57분 18초
avg-cpu:  %user   %nice %system %iowait  %steal   %idle
           0.19    0.00    2.50    3.75    0.00   93.57

Device            r/s     w/s     rMB/s     wMB/s   rrqm/s   wrqm/s  %rrqm  %wrqm r_await w_await aqu-sz rareq-sz wareq-sz  svctm  %util
nvme0n1       19996.00 20875.00     78.11     77.78     0.00     0.00   0.00   0.00    0.32    0.09   0.00     4.00     3.82   0.02 100.00

2021년 09월 28일 22시 57분 19초
avg-cpu:  %user   %nice %system %iowait  %steal   %idle
           0.19    0.00    1.83    3.47    0.00   94.51

Device            r/s     w/s     rMB/s     wMB/s   rrqm/s   wrqm/s  %rrqm  %wrqm r_await w_await aqu-sz rareq-sz wareq-sz  svctm  %util
nvme0n1       19863.00 20793.00     77.59     77.54     0.00     0.00   0.00   0.00    0.28    0.09   0.02     4.00     3.82   0.02  99.60

2021년 09월 28일 22시 57분 20초
avg-cpu:  %user   %nice %system %iowait  %steal   %idle
           0.13    0.00    2.27    3.40    0.00   94.21

Device            r/s     w/s     rMB/s     wMB/s   rrqm/s   wrqm/s  %rrqm  %wrqm r_await w_await aqu-sz rareq-sz wareq-sz  svctm  %util
nvme0n1       18867.00 19656.00     73.70     73.32     0.00     0.00   0.00   0.00    0.30    0.09   0.00     4.00     3.82   0.03 100.00

2021년 09월 28일 22시 57분 21초
avg-cpu:  %user   %nice %system %iowait  %steal   %idle
           0.19    0.00    2.26    3.46    0.00   94.09

Device            r/s     w/s     rMB/s     wMB/s   rrqm/s   wrqm/s  %rrqm  %wrqm r_await w_await aqu-sz rareq-sz wareq-sz  svctm  %util
nvme0n1       18796.00 19707.00     73.42     76.57     0.00   786.00   0.00   3.84    0.28    0.09   0.01     4.00     3.98   0.03  99.20

2021년 09월 28일 22시 57분 22초
avg-cpu:  %user   %nice %system %iowait  %steal   %idle
           0.06    0.00    1.95    3.84    0.00   94.15

Device            r/s     w/s     rMB/s     wMB/s   rrqm/s   wrqm/s  %rrqm  %wrqm r_await w_await aqu-sz rareq-sz wareq-sz  svctm  %util
nvme0n1       21499.00 22474.00     83.98     83.77     0.00     0.00   0.00   0.00    0.29    0.09   0.00     4.00     3.82   0.02 100.00

2021년 09월 28일 22시 57분 23초
avg-cpu:  %user   %nice %system %iowait  %steal   %idle
           0.31    0.00    2.14    3.27    0.00   94.27

Device            r/s     w/s     rMB/s     wMB/s   rrqm/s   wrqm/s  %rrqm  %wrqm r_await w_await aqu-sz rareq-sz wareq-sz  svctm  %util
nvme0n1       19685.00 20550.00     76.89     76.66     0.00     0.00   0.00   0.00    0.29    0.09   0.01     4.00     3.82   0.02  99.60

2021년 09월 28일 22시 57분 24초
avg-cpu:  %user   %nice %system %iowait  %steal   %idle
           0.19    0.00    2.76    3.32    0.00   93.74

Device            r/s     w/s     rMB/s     wMB/s   rrqm/s   wrqm/s  %rrqm  %wrqm r_await w_await aqu-sz rareq-sz wareq-sz  svctm  %util
nvme0n1       18687.00 19430.00     73.00     72.63     0.00     0.00   0.00   0.00    0.28    0.09   0.00     4.00     3.83   0.03 100.00

2021년 09월 28일 22시 57분 25초
avg-cpu:  %user   %nice %system %iowait  %steal   %idle
           0.13    0.00    2.45    3.33    0.00   94.09

Device            r/s     w/s     rMB/s     wMB/s   rrqm/s   wrqm/s  %rrqm  %wrqm r_await w_await aqu-sz rareq-sz wareq-sz  svctm  %util
nvme0n1       19612.00 20499.00     76.61     76.41     0.00     0.00   0.00   0.00    0.27    0.09   0.01     4.00     3.82   0.02  99.20

2021년 09월 28일 22시 57분 26초
avg-cpu:  %user   %nice %system %iowait  %steal   %idle
           0.13    0.00    2.26    3.58    0.00   94.03

Device            r/s     w/s     rMB/s     wMB/s   rrqm/s   wrqm/s  %rrqm  %wrqm r_await w_await aqu-sz rareq-sz wareq-sz  svctm  %util
nvme0n1       19457.00 20475.00     76.00     79.04     0.00   779.00   0.00   3.67    0.28    0.09   0.00     4.00     3.95   0.03 100.00

2021년 09월 28일 22시 57분 27초
avg-cpu:  %user   %nice %system %iowait  %steal   %idle
           0.19    0.00    1.32    4.40    0.00   94.10

Device            r/s     w/s     rMB/s     wMB/s   rrqm/s   wrqm/s  %rrqm  %wrqm r_await w_await aqu-sz rareq-sz wareq-sz  svctm  %util
nvme0n1       22853.00 23771.00     89.27     88.81     0.00     0.00   0.00   0.00    0.39    0.09   1.17     4.00     3.83   0.02  99.20

2021년 09월 28일 22시 57분 28초
avg-cpu:  %user   %nice %system %iowait  %steal   %idle
           0.19    0.00    2.14    3.34    0.00   94.33

Device            r/s     w/s     rMB/s     wMB/s   rrqm/s   wrqm/s  %rrqm  %wrqm r_await w_await aqu-sz rareq-sz wareq-sz  svctm  %util
nvme0n1       18993.00 19891.00     74.19     74.11     0.00     0.00   0.00   0.00    0.29    0.09   0.00     4.00     3.81   0.03 100.00

2021년 09월 28일 22시 57분 29초
avg-cpu:  %user   %nice %system %iowait  %steal   %idle
           0.13    0.00    1.82    3.90    0.00   94.15

Device            r/s     w/s     rMB/s     wMB/s   rrqm/s   wrqm/s  %rrqm  %wrqm r_await w_await aqu-sz rareq-sz wareq-sz  svctm  %util
nvme0n1       21796.00 22707.00     85.14     84.86     0.00     0.00   0.00   0.00    0.30    0.09   0.01     4.00     3.83   0.02  99.20

2021년 09월 28일 22시 57분 30초
avg-cpu:  %user   %nice %system %iowait  %steal   %idle
           0.13    0.00    2.20    3.64    0.00   94.03

Device            r/s     w/s     rMB/s     wMB/s   rrqm/s   wrqm/s  %rrqm  %wrqm r_await w_await aqu-sz rareq-sz wareq-sz  svctm  %util
nvme0n1       22337.00 23329.00     87.25     87.04     0.00     0.00   0.00   0.00    0.26    0.08   0.00     4.00     3.82   0.02 100.00

2021년 09월 28일 22시 57분 31초
avg-cpu:  %user   %nice %system %iowait  %steal   %idle
           0.13    0.00    2.39    3.52    0.00   93.97

Device            r/s     w/s     rMB/s     wMB/s   rrqm/s   wrqm/s  %rrqm  %wrqm r_await w_await aqu-sz rareq-sz wareq-sz  svctm  %util
nvme0n1       19296.00 20209.00     75.38     78.82     0.00   924.00   0.00   4.37    0.29    0.09   0.01     4.00     3.99   0.03  99.20

2021년 09월 28일 22시 57분 32초
avg-cpu:  %user   %nice %system %iowait  %steal   %idle
           0.13    0.00    2.01    3.59    0.00   94.27

Device            r/s     w/s     rMB/s     wMB/s   rrqm/s   wrqm/s  %rrqm  %wrqm r_await w_await aqu-sz rareq-sz wareq-sz  svctm  %util
nvme0n1       21038.00 22067.00     82.18     81.90     0.00     0.00   0.00   0.00    0.35    0.09   0.94     4.00     3.80   0.02  99.60

2021년 09월 28일 22시 57분 33초
avg-cpu:  %user   %nice %system %iowait  %steal   %idle
           0.13    0.00    2.33    3.28    0.00   94.27

Device            r/s     w/s     rMB/s     wMB/s   rrqm/s   wrqm/s  %rrqm  %wrqm r_await w_await aqu-sz rareq-sz wareq-sz  svctm  %util
nvme0n1       18919.00 19805.00     73.90     73.57     0.00     0.00   0.00   0.00    0.29    0.09   0.00     4.00     3.80   0.03 100.00

2021년 09월 28일 22시 57분 34초
avg-cpu:  %user   %nice %system %iowait  %steal   %idle
           0.13    0.00    2.02    3.35    0.00   94.51

Device            r/s     w/s     rMB/s     wMB/s   rrqm/s   wrqm/s  %rrqm  %wrqm r_await w_await aqu-sz rareq-sz wareq-sz  svctm  %util
nvme0n1       20039.00 20868.00     78.28     78.06     0.00     0.00   0.00   0.00    0.29    0.09   0.00     4.00     3.83   0.02 100.00

2021년 09월 28일 22시 57분 35초
avg-cpu:  %user   %nice %system %iowait  %steal   %idle
           0.06    0.00    1.95    3.84    0.00   94.15

Device            r/s     w/s     rMB/s     wMB/s   rrqm/s   wrqm/s  %rrqm  %wrqm r_await w_await aqu-sz rareq-sz wareq-sz  svctm  %util
nvme0n1       19529.00 20373.00     76.29     76.17     0.00     0.00   0.00   0.00    0.33    0.10   0.01     4.00     3.83   0.02  99.20

2021년 09월 28일 22시 57분 36초
avg-cpu:  %user   %nice %system %iowait  %steal   %idle
           0.19    0.00    2.14    3.65    0.00   94.03

Device            r/s     w/s     rMB/s     wMB/s   rrqm/s   wrqm/s  %rrqm  %wrqm r_await w_await aqu-sz rareq-sz wareq-sz  svctm  %util
nvme0n1       17920.00 18755.00     70.00     72.77     0.00   738.00   0.00   3.79    0.34    0.10   0.00     4.00     3.97   0.03 100.00

2021년 09월 28일 22시 57분 37초
avg-cpu:  %user   %nice %system %iowait  %steal   %idle
           0.06    0.00    2.20    3.58    0.00   94.15

Device            r/s     w/s     rMB/s     wMB/s   rrqm/s   wrqm/s  %rrqm  %wrqm r_await w_await aqu-sz rareq-sz wareq-sz  svctm  %util
nvme0n1       17834.00 18588.00     69.66     69.43     0.00     0.00   0.00   0.00    0.33    0.10   0.01     4.00     3.82   0.03  98.80

2021년 09월 28일 22시 57분 38초
avg-cpu:  %user   %nice %system %iowait  %steal   %idle
           0.19    0.00    2.20    3.46    0.00   94.15

Device            r/s     w/s     rMB/s     wMB/s   rrqm/s   wrqm/s  %rrqm  %wrqm r_await w_await aqu-sz rareq-sz wareq-sz  svctm  %util
nvme0n1       18119.00 19340.00     70.78     89.73     0.00  4573.00   0.00  19.12    0.32    0.18   0.92     4.00     4.75   0.03 100.00

2021년 09월 28일 22시 57분 39초
avg-cpu:  %user   %nice %system %iowait  %steal   %idle
           0.25    0.00    2.45    3.21    0.00   94.09

Device            r/s     w/s     rMB/s     wMB/s   rrqm/s   wrqm/s  %rrqm  %wrqm r_await w_await aqu-sz rareq-sz wareq-sz  svctm  %util
nvme0n1       19588.00 20781.00     76.52     76.33     0.00     0.00   0.00   0.00    0.28    0.09   0.01     4.00     3.76   0.02  99.20

2021년 09월 28일 22시 57분 40초
avg-cpu:  %user   %nice %system %iowait  %steal   %idle
           0.19    0.00    2.33    2.77    0.00   94.72

Device            r/s     w/s     rMB/s     wMB/s   rrqm/s   wrqm/s  %rrqm  %wrqm r_await w_await aqu-sz rareq-sz wareq-sz  svctm  %util
nvme0n1       20009.00 21281.00     78.16     77.91     0.00     0.00   0.00   0.00    0.30    0.08   0.00     4.00     3.75   0.02 100.00

2021년 09월 28일 22시 57분 41초
avg-cpu:  %user   %nice %system %iowait  %steal   %idle
           0.13    0.00    2.50    3.75    0.00   93.62

Device            r/s     w/s     rMB/s     wMB/s   rrqm/s   wrqm/s  %rrqm  %wrqm r_await w_await aqu-sz rareq-sz wareq-sz  svctm  %util
nvme0n1       19417.00 20454.00     75.85     79.09     0.00   946.00   0.00   4.42    0.35    0.09   0.02     4.00     3.96   0.02  98.80

2021년 09월 28일 22시 57분 42초
avg-cpu:  %user   %nice %system %iowait  %steal   %idle
           0.25    0.00    1.83    3.47    0.00   94.45

Device            r/s     w/s     rMB/s     wMB/s   rrqm/s   wrqm/s  %rrqm  %wrqm r_await w_await aqu-sz rareq-sz wareq-sz  svctm  %util
nvme0n1       20175.00 21388.00     78.81     78.81     0.00     0.00   0.00   0.00    0.33    0.09   0.01     4.00     3.77   0.02 100.00

2021년 09월 28일 22시 57분 43초
avg-cpu:  %user   %nice %system %iowait  %steal   %idle
           0.25    0.00    1.83    3.29    0.00   94.63

Device            r/s     w/s     rMB/s     wMB/s   rrqm/s   wrqm/s  %rrqm  %wrqm r_await w_await aqu-sz rareq-sz wareq-sz  svctm  %util
nvme0n1       18281.00 19369.00     71.41     71.23     0.00     0.00   0.00   0.00    0.29    0.09   0.01     4.00     3.77   0.03  98.80

2021년 09월 28일 22시 57분 44초
avg-cpu:  %user   %nice %system %iowait  %steal   %idle
           0.13    0.00    2.08    3.53    0.00   94.27

Device            r/s     w/s     rMB/s     wMB/s   rrqm/s   wrqm/s  %rrqm  %wrqm r_await w_await aqu-sz rareq-sz wareq-sz  svctm  %util
nvme0n1       22738.00 24062.00     88.82     88.61     0.00     0.00   0.00   0.00    0.29    0.08   0.00     4.00     3.77   0.02 100.00

2021년 09월 28일 22시 57분 45초
avg-cpu:  %user   %nice %system %iowait  %steal   %idle
           0.06    0.00    2.27    3.40    0.00   94.27

Device            r/s     w/s     rMB/s     wMB/s   rrqm/s   wrqm/s  %rrqm  %wrqm r_await w_await aqu-sz rareq-sz wareq-sz  svctm  %util
nvme0n1       19771.00 20957.00     77.23     76.97     0.00     0.00   0.00   0.00    0.30    0.09   0.01     4.00     3.76   0.02  99.20

2021년 09월 28일 22시 57분 46초
avg-cpu:  %user   %nice %system %iowait  %steal   %idle
           0.13    0.00    2.01    3.65    0.00   94.21

Device            r/s     w/s     rMB/s     wMB/s   rrqm/s   wrqm/s  %rrqm  %wrqm r_await w_await aqu-sz rareq-sz wareq-sz  svctm  %util
nvme0n1       19730.00 21017.00     77.07     80.23     0.00   829.00   0.00   3.79    0.31    0.09   0.00     4.00     3.91   0.02 100.00

2021년 09월 28일 22시 57분 47초
avg-cpu:  %user   %nice %system %iowait  %steal   %idle
           0.25    0.00    1.82    3.77    0.00   94.15

Device            r/s     w/s     rMB/s     wMB/s   rrqm/s   wrqm/s  %rrqm  %wrqm r_await w_await aqu-sz rareq-sz wareq-sz  svctm  %util
nvme0n1       21038.00 22365.00     82.18     81.95     0.00     0.00   0.00   0.00    0.31    0.08   0.01     4.00     3.75   0.02  99.60

2021년 09월 28일 22시 57분 48초
avg-cpu:  %user   %nice %system %iowait  %steal   %idle
           0.13    0.00    2.51    3.27    0.00   94.09

Device            r/s     w/s     rMB/s     wMB/s   rrqm/s   wrqm/s  %rrqm  %wrqm r_await w_await aqu-sz rareq-sz wareq-sz  svctm  %util
nvme0n1       18496.00 19571.00     72.25     72.09     0.00     0.00   0.00   0.00    0.32    0.09   0.01     4.00     3.77   0.03 100.00

2021년 09월 28일 22시 57분 49초
avg-cpu:  %user   %nice %system %iowait  %steal   %idle
           0.19    0.00    2.45    3.21    0.00   94.15

Device            r/s     w/s     rMB/s     wMB/s   rrqm/s   wrqm/s  %rrqm  %wrqm r_await w_await aqu-sz rareq-sz wareq-sz  svctm  %util
nvme0n1       19267.00 20359.00     75.26     74.89     0.00     0.00   0.00   0.00    0.28    0.09   0.02     4.00     3.77   0.02  98.80

2021년 09월 28일 22시 57분 50초
avg-cpu:  %user   %nice %system %iowait  %steal   %idle
           0.19    0.00    2.20    3.46    0.00   94.15

Device            r/s     w/s     rMB/s     wMB/s   rrqm/s   wrqm/s  %rrqm  %wrqm r_await w_await aqu-sz rareq-sz wareq-sz  svctm  %util
nvme0n1       19987.00 21160.00     78.07     77.68     0.00     0.00   0.00   0.00    0.30    0.08   0.00     4.00     3.76   0.02 100.00

2021년 09월 28일 22시 57분 51초
avg-cpu:  %user   %nice %system %iowait  %steal   %idle
           0.06    0.00    2.39    3.58    0.00   93.97

Device            r/s     w/s     rMB/s     wMB/s   rrqm/s   wrqm/s  %rrqm  %wrqm r_await w_await aqu-sz rareq-sz wareq-sz  svctm  %util
nvme0n1       19901.00 21203.00     77.74     81.21     0.00   851.00   0.00   3.86    0.31    0.09   0.01     4.00     3.92   0.02  99.20

2021년 09월 28일 22시 57분 52초
avg-cpu:  %user   %nice %system %iowait  %steal   %idle
           0.13    0.00    2.27    3.40    0.00   94.20

Device            r/s     w/s     rMB/s     wMB/s   rrqm/s   wrqm/s  %rrqm  %wrqm r_await w_await aqu-sz rareq-sz wareq-sz  svctm  %util
nvme0n1       17868.00 18827.00     69.80     69.54     0.00     0.00   0.00   0.00    0.31    0.09   0.00     4.00     3.78   0.03 100.00

2021년 09월 28일 22시 57분 53초
avg-cpu:  %user   %nice %system %iowait  %steal   %idle
           0.32    0.00    1.95    3.34    0.00   94.39

Device            r/s     w/s     rMB/s     wMB/s   rrqm/s   wrqm/s  %rrqm  %wrqm r_await w_await aqu-sz rareq-sz wareq-sz  svctm  %util
nvme0n1       18138.00 19162.00     70.85     70.77     0.00     0.00   0.00   0.00    0.30    0.09   0.16     4.00     3.78   0.03  99.20

2021년 09월 28일 22시 57분 54초
avg-cpu:  %user   %nice %system %iowait  %steal   %idle
           0.06    0.00    2.33    3.52    0.00   94.09

Device            r/s     w/s     rMB/s     wMB/s   rrqm/s   wrqm/s  %rrqm  %wrqm r_await w_await aqu-sz rareq-sz wareq-sz  svctm  %util
nvme0n1       20035.00 21160.00     78.26     78.11     0.00     0.00   0.00   0.00    0.31    0.09   0.00     4.00     3.78   0.02 100.00

2021년 09월 28일 22시 57분 55초
avg-cpu:  %user   %nice %system %iowait  %steal   %idle
           0.13    0.00    0.25    0.19    0.00   99.44

Device            r/s     w/s     rMB/s     wMB/s   rrqm/s   wrqm/s  %rrqm  %wrqm r_await w_await aqu-sz rareq-sz wareq-sz  svctm  %util
nvme0n1       1174.00 1252.00      4.59      4.58     0.00     0.00   0.00   0.00    0.31    0.09   0.00     4.00     3.74   0.03   7.20

2021년 09월 28일 22시 57분 56초
avg-cpu:  %user   %nice %system %iowait  %steal   %idle
           0.06    0.00    0.12    0.00    0.00   99.81

Device            r/s     w/s     rMB/s     wMB/s   rrqm/s   wrqm/s  %rrqm  %wrqm r_await w_await aqu-sz rareq-sz wareq-sz  svctm  %util
nvme0n1          0.00    0.00      0.00      0.00     0.00     0.00   0.00   0.00    0.00    0.00   0.00     0.00     0.00   0.00   0.00

2021년 09월 28일 22시 57분 57초
avg-cpu:  %user   %nice %system %iowait  %steal   %idle
           0.06    0.00    0.12    0.06    0.00   99.75

Device            r/s     w/s     rMB/s     wMB/s   rrqm/s   wrqm/s  %rrqm  %wrqm r_await w_await aqu-sz rareq-sz wareq-sz  svctm  %util
nvme0n1          0.00   16.00      0.00      1.77     0.00   438.00   0.00  96.48    0.00    0.38   0.00     0.00   113.50   0.50   0.80

2021년 09월 28일 22시 57분 58초
avg-cpu:  %user   %nice %system %iowait  %steal   %idle
           0.56    0.00    0.50    0.00    0.00   98.94

Device            r/s     w/s     rMB/s     wMB/s   rrqm/s   wrqm/s  %rrqm  %wrqm r_await w_await aqu-sz rareq-sz wareq-sz  svctm  %util
nvme0n1          0.00    0.00      0.00      0.00     0.00     0.00   0.00   0.00    0.00    0.00   0.00     0.00     0.00   0.00   0.00

2021년 09월 28일 22시 57분 59초
avg-cpu:  %user   %nice %system %iowait  %steal   %idle
           0.06    0.00    0.06    0.00    0.00   99.87

Device            r/s     w/s     rMB/s     wMB/s   rrqm/s   wrqm/s  %rrqm  %wrqm r_await w_await aqu-sz rareq-sz wareq-sz  svctm  %util
nvme0n1          0.00    0.00      0.00      0.00     0.00     0.00   0.00   0.00    0.00    0.00   0.00     0.00     0.00   0.00   0.00

2021년 09월 28일 22시 58분 00초
avg-cpu:  %user   %nice %system %iowait  %steal   %idle
           0.06    0.00    0.12    0.00    0.00   99.81

Device            r/s     w/s     rMB/s     wMB/s   rrqm/s   wrqm/s  %rrqm  %wrqm r_await w_await aqu-sz rareq-sz wareq-sz  svctm  %util
nvme0n1          0.00    0.00      0.00      0.00     0.00     0.00   0.00   0.00    0.00    0.00   0.00     0.00     0.00   0.00   0.00

2021년 09월 28일 22시 58분 01초
avg-cpu:  %user   %nice %system %iowait  %steal   %idle
           0.06    0.00    0.19    0.00    0.00   99.75

Device            r/s     w/s     rMB/s     wMB/s   rrqm/s   wrqm/s  %rrqm  %wrqm r_await w_await aqu-sz rareq-sz wareq-sz  svctm  %util
nvme0n1          0.00    0.00      0.00      0.00     0.00     0.00   0.00   0.00    0.00    0.00   0.00     0.00     0.00   0.00   0.00

2021년 09월 28일 22시 58분 02초
avg-cpu:  %user   %nice %system %iowait  %steal   %idle
           0.06    0.00    0.12    0.00    0.00   99.81

Device            r/s     w/s     rMB/s     wMB/s   rrqm/s   wrqm/s  %rrqm  %wrqm r_await w_await aqu-sz rareq-sz wareq-sz  svctm  %util
nvme0n1          0.00    0.00      0.00      0.00     0.00     0.00   0.00   0.00    0.00    0.00   0.00     0.00     0.00   0.00   0.00

