Linux 5.5.8test (syslab-desk) 	2021년 09월 28일 	_x86_64_	(16 CPU)

2021년 09월 28일 23시 40분 35초
avg-cpu:  %user   %nice %system %iowait  %steal   %idle
           0.14    0.00    0.11    0.32    0.00   99.42

Device            r/s     w/s     rMB/s     wMB/s   rrqm/s   wrqm/s  %rrqm  %wrqm r_await w_await aqu-sz rareq-sz wareq-sz  svctm  %util
nvme0n1          8.19   33.08      0.03      1.11     0.03     5.99   0.39  15.32    0.95    9.56   0.27     4.02    34.51   0.04   0.18

2021년 09월 28일 23시 40분 36초
avg-cpu:  %user   %nice %system %iowait  %steal   %idle
           0.06    0.00    0.06    0.00    0.00   99.88

Device            r/s     w/s     rMB/s     wMB/s   rrqm/s   wrqm/s  %rrqm  %wrqm r_await w_await aqu-sz rareq-sz wareq-sz  svctm  %util
nvme0n1          0.00    0.00      0.00      0.00     0.00     0.00   0.00   0.00    0.00    0.00   0.00     0.00     0.00   0.00   0.00

2021년 09월 28일 23시 40분 37초
avg-cpu:  %user   %nice %system %iowait  %steal   %idle
           0.00    0.00    0.06    0.00    0.00   99.94

Device            r/s     w/s     rMB/s     wMB/s   rrqm/s   wrqm/s  %rrqm  %wrqm r_await w_await aqu-sz rareq-sz wareq-sz  svctm  %util
nvme0n1          0.00    0.00      0.00      0.00     0.00     0.00   0.00   0.00    0.00    0.00   0.00     0.00     0.00   0.00   0.00

2021년 09월 28일 23시 40분 38초
avg-cpu:  %user   %nice %system %iowait  %steal   %idle
           0.12    0.00    0.00    0.00    0.00   99.88

Device            r/s     w/s     rMB/s     wMB/s   rrqm/s   wrqm/s  %rrqm  %wrqm r_await w_await aqu-sz rareq-sz wareq-sz  svctm  %util
nvme0n1          0.00    0.00      0.00      0.00     0.00     0.00   0.00   0.00    0.00    0.00   0.00     0.00     0.00   0.00   0.00

2021년 09월 28일 23시 40분 39초
avg-cpu:  %user   %nice %system %iowait  %steal   %idle
           0.00    0.00    0.12    0.00    0.00   99.88

Device            r/s     w/s     rMB/s     wMB/s   rrqm/s   wrqm/s  %rrqm  %wrqm r_await w_await aqu-sz rareq-sz wareq-sz  svctm  %util
nvme0n1          0.00    0.00      0.00      0.00     0.00     0.00   0.00   0.00    0.00    0.00   0.00     0.00     0.00   0.00   0.00

2021년 09월 28일 23시 40분 40초
avg-cpu:  %user   %nice %system %iowait  %steal   %idle
           0.19    0.00    2.13    0.50    0.00   97.18

Device            r/s     w/s     rMB/s     wMB/s   rrqm/s   wrqm/s  %rrqm  %wrqm r_await w_await aqu-sz rareq-sz wareq-sz  svctm  %util
nvme0n1       3791.00    3.00     32.84      0.01  4614.00     0.00  54.90   0.00    0.11    0.33   0.00     8.87     2.67   0.18  68.00

2021년 09월 28일 23시 40분 41초
avg-cpu:  %user   %nice %system %iowait  %steal   %idle
           0.25    0.00    2.38    7.95    0.00   89.42

Device            r/s     w/s     rMB/s     wMB/s   rrqm/s   wrqm/s  %rrqm  %wrqm r_await w_await aqu-sz rareq-sz wareq-sz  svctm  %util
nvme0n1       8466.00 7110.00     38.91     27.54  1496.00   318.00  15.02   4.28    0.85    0.41   4.03     4.71     3.97   0.03  54.00

2021년 09월 28일 23시 40분 42초
avg-cpu:  %user   %nice %system %iowait  %steal   %idle
           0.00    0.00    1.25   11.10    0.00   87.64

Device            r/s     w/s     rMB/s     wMB/s   rrqm/s   wrqm/s  %rrqm  %wrqm r_await w_await aqu-sz rareq-sz wareq-sz  svctm  %util
nvme0n1       7639.00 8034.00     29.84     29.71     0.00     0.00   0.00   0.00    1.10    0.74   6.82     4.00     3.79   0.02  34.40

2021년 09월 28일 23시 40분 43초
avg-cpu:  %user   %nice %system %iowait  %steal   %idle
           0.06    0.00    1.13   10.88    0.00   87.92

Device            r/s     w/s     rMB/s     wMB/s   rrqm/s   wrqm/s  %rrqm  %wrqm r_await w_await aqu-sz rareq-sz wareq-sz  svctm  %util
nvme0n1       8310.00 8776.00     32.46     32.25     0.00     0.00   0.00   0.00    2.17    0.73  17.02     4.00     3.76   0.02  38.00

2021년 09월 28일 23시 40분 44초
avg-cpu:  %user   %nice %system %iowait  %steal   %idle
           0.19    0.00    1.13   11.04    0.00   87.64

Device            r/s     w/s     rMB/s     wMB/s   rrqm/s   wrqm/s  %rrqm  %wrqm r_await w_await aqu-sz rareq-sz wareq-sz  svctm  %util
nvme0n1       7802.00 8268.00     30.48     31.63     0.00   293.00   0.00   3.42    2.40    0.36  14.66     4.00     3.92   0.02  33.60

2021년 09월 28일 23시 40분 45초
avg-cpu:  %user   %nice %system %iowait  %steal   %idle
           0.06    0.00    1.51   10.80    0.00   87.63

Device            r/s     w/s     rMB/s     wMB/s   rrqm/s   wrqm/s  %rrqm  %wrqm r_await w_await aqu-sz rareq-sz wareq-sz  svctm  %util
nvme0n1       8680.00 9202.00     33.91     33.81     0.00     0.00   0.00   0.00    1.90    0.39  11.98     4.00     3.76   0.02  40.40

2021년 09월 28일 23시 40분 46초
avg-cpu:  %user   %nice %system %iowait  %steal   %idle
           0.13    0.00    1.44   10.85    0.00   87.59

Device            r/s     w/s     rMB/s     wMB/s   rrqm/s   wrqm/s  %rrqm  %wrqm r_await w_await aqu-sz rareq-sz wareq-sz  svctm  %util
nvme0n1       8246.00 8650.00     32.21     33.13     0.00   369.00   0.00   4.09    0.93    0.43   3.73     4.00     3.92   0.02  39.20

2021년 09월 28일 23시 40분 47초
avg-cpu:  %user   %nice %system %iowait  %steal   %idle
           0.19    0.00    1.01   11.06    0.00   87.75

Device            r/s     w/s     rMB/s     wMB/s   rrqm/s   wrqm/s  %rrqm  %wrqm r_await w_await aqu-sz rareq-sz wareq-sz  svctm  %util
nvme0n1       8256.00 8867.00     32.25     32.49     0.00     0.00   0.00   0.00    0.96    0.39   3.42     4.00     3.75   0.02  37.20

2021년 09월 28일 23시 40분 48초
avg-cpu:  %user   %nice %system %iowait  %steal   %idle
           0.06    0.00    1.32   10.98    0.00   87.64

Device            r/s     w/s     rMB/s     wMB/s   rrqm/s   wrqm/s  %rrqm  %wrqm r_await w_await aqu-sz rareq-sz wareq-sz  svctm  %util
nvme0n1       8296.00 8789.00     32.41     32.35     0.00     0.00   0.00   0.00    2.98    1.81  32.34     4.00     3.77   0.02  36.80

2021년 09월 28일 23시 40분 49초
avg-cpu:  %user   %nice %system %iowait  %steal   %idle
           0.13    0.00    0.69   11.43    0.00   87.75

Device            r/s     w/s     rMB/s     wMB/s   rrqm/s   wrqm/s  %rrqm  %wrqm r_await w_await aqu-sz rareq-sz wareq-sz  svctm  %util
nvme0n1       6374.00 6774.00     24.90     24.80     0.00     0.00   0.00   0.00    0.91    0.96   7.01     4.00     3.75   0.02  28.40

2021년 09월 28일 23시 40분 50초
avg-cpu:  %user   %nice %system %iowait  %steal   %idle
           0.19    0.00    1.13   11.21    0.00   87.48

Device            r/s     w/s     rMB/s     wMB/s   rrqm/s   wrqm/s  %rrqm  %wrqm r_await w_await aqu-sz rareq-sz wareq-sz  svctm  %util
nvme0n1       6603.00 6984.00     25.79     25.59     0.00     0.00   0.00   0.00    3.67    0.47  21.60     4.00     3.75   0.02  30.80

2021년 09월 28일 23시 40분 51초
avg-cpu:  %user   %nice %system %iowait  %steal   %idle
           0.19    0.00    1.38   10.85    0.00   87.58

Device            r/s     w/s     rMB/s     wMB/s   rrqm/s   wrqm/s  %rrqm  %wrqm r_await w_await aqu-sz rareq-sz wareq-sz  svctm  %util
nvme0n1       8451.00 8957.00     33.01     34.32     0.00   360.00   0.00   3.86    2.16    1.25  21.68     4.00     3.92   0.02  38.40

2021년 09월 28일 23시 40분 52초
avg-cpu:  %user   %nice %system %iowait  %steal   %idle
           0.19    0.00    1.44   10.94    0.00   87.43

Device            r/s     w/s     rMB/s     wMB/s   rrqm/s   wrqm/s  %rrqm  %wrqm r_await w_await aqu-sz rareq-sz wareq-sz  svctm  %util
nvme0n1       8768.00 9301.00     34.25     34.32     0.00     0.00   0.00   0.00    1.48    1.62  19.85     4.00     3.78   0.02  38.80

2021년 09월 28일 23시 40분 53초
avg-cpu:  %user   %nice %system %iowait  %steal   %idle
           0.00    0.00    1.38   10.87    0.00   87.74

Device            r/s     w/s     rMB/s     wMB/s   rrqm/s   wrqm/s  %rrqm  %wrqm r_await w_await aqu-sz rareq-sz wareq-sz  svctm  %util
nvme0n1       8853.00 9406.00     34.58     34.46     0.00     0.00   0.00   0.00    1.88    0.36  12.52     4.00     3.75   0.02  38.40

2021년 09월 28일 23시 40분 54초
avg-cpu:  %user   %nice %system %iowait  %steal   %idle
           0.13    0.00    1.07   10.94    0.00   87.86

Device            r/s     w/s     rMB/s     wMB/s   rrqm/s   wrqm/s  %rrqm  %wrqm r_await w_await aqu-sz rareq-sz wareq-sz  svctm  %util
nvme0n1       8016.00 8511.00     31.31     31.25     0.00     0.00   0.00   0.00    1.72    1.52  19.02     4.00     3.76   0.02  37.60

2021년 09월 28일 23시 40분 55초
avg-cpu:  %user   %nice %system %iowait  %steal   %idle
           0.19    0.00    1.01   10.91    0.00   87.89

Device            r/s     w/s     rMB/s     wMB/s   rrqm/s   wrqm/s  %rrqm  %wrqm r_await w_await aqu-sz rareq-sz wareq-sz  svctm  %util
nvme0n1       8232.00 8745.00     32.16     31.78     0.00     0.00   0.00   0.00    0.61    1.09   7.47     4.00     3.72   0.02  36.80

2021년 09월 28일 23시 40분 56초
avg-cpu:  %user   %nice %system %iowait  %steal   %idle
           0.25    0.00    1.63   10.83    0.00   87.29

Device            r/s     w/s     rMB/s     wMB/s   rrqm/s   wrqm/s  %rrqm  %wrqm r_await w_await aqu-sz rareq-sz wareq-sz  svctm  %util
nvme0n1       8440.00 9018.00     32.97     34.83     0.00   420.00   0.00   4.45    1.92    1.68  23.61     4.00     3.95   0.02  39.20

2021년 09월 28일 23시 40분 57초
avg-cpu:  %user   %nice %system %iowait  %steal   %idle
           0.06    0.00    1.32   11.04    0.00   87.58

Device            r/s     w/s     rMB/s     wMB/s   rrqm/s   wrqm/s  %rrqm  %wrqm r_await w_await aqu-sz rareq-sz wareq-sz  svctm  %util
nvme0n1       6765.00 7173.00     26.43     26.24     0.00     0.00   0.00   0.00    0.87    1.11   7.70     4.00     3.75   0.02  32.80

2021년 09월 28일 23시 40분 58초
avg-cpu:  %user   %nice %system %iowait  %steal   %idle
           0.19    0.00    1.39   10.52    0.00   87.90

Device            r/s     w/s     rMB/s     wMB/s   rrqm/s   wrqm/s  %rrqm  %wrqm r_await w_await aqu-sz rareq-sz wareq-sz  svctm  %util
nvme0n1       10090.00 10651.00     39.41     39.19     0.00     0.00   0.00   0.00    0.94    1.37  14.09     4.00     3.77   0.02  51.20

2021년 09월 28일 23시 40분 59초
avg-cpu:  %user   %nice %system %iowait  %steal   %idle
           0.19    0.00    1.13   11.03    0.00   87.65

Device            r/s     w/s     rMB/s     wMB/s   rrqm/s   wrqm/s  %rrqm  %wrqm r_await w_await aqu-sz rareq-sz wareq-sz  svctm  %util
nvme0n1       7222.00 7668.00     28.21     28.21     0.00     0.00   0.00   0.00    4.13    0.53  26.91     4.00     3.77   0.02  32.40

2021년 09월 28일 23시 41분 00초
avg-cpu:  %user   %nice %system %iowait  %steal   %idle
           0.19    0.00    1.44   10.95    0.00   87.42

Device            r/s     w/s     rMB/s     wMB/s   rrqm/s   wrqm/s  %rrqm  %wrqm r_await w_await aqu-sz rareq-sz wareq-sz  svctm  %util
nvme0n1       8285.00 8785.00     32.36     32.38     0.00     0.00   0.00   0.00    1.34    1.14  12.82     4.00     3.77   0.02  37.20

2021년 09월 28일 23시 41분 01초
avg-cpu:  %user   %nice %system %iowait  %steal   %idle
           0.13    0.00    1.19   10.88    0.00   87.80

Device            r/s     w/s     rMB/s     wMB/s   rrqm/s   wrqm/s  %rrqm  %wrqm r_await w_await aqu-sz rareq-sz wareq-sz  svctm  %util
nvme0n1       8526.00 9023.00     33.30     34.73     0.00   381.00   0.00   4.05    1.60    1.37  17.80     4.00     3.94   0.02  37.20

2021년 09월 28일 23시 41분 02초
avg-cpu:  %user   %nice %system %iowait  %steal   %idle
           0.13    0.00    1.26   10.86    0.00   87.76

Device            r/s     w/s     rMB/s     wMB/s   rrqm/s   wrqm/s  %rrqm  %wrqm r_await w_await aqu-sz rareq-sz wareq-sz  svctm  %util
nvme0n1       8604.00 9096.00     33.61     33.57     0.00     0.00   0.00   0.00    1.28    2.90  29.02     4.00     3.78   0.02  40.00

2021년 09월 28일 23시 41분 03초
avg-cpu:  %user   %nice %system %iowait  %steal   %idle
           0.13    0.00    0.94   10.95    0.00   87.98

Device            r/s     w/s     rMB/s     wMB/s   rrqm/s   wrqm/s  %rrqm  %wrqm r_await w_await aqu-sz rareq-sz wareq-sz  svctm  %util
nvme0n1       7479.00 7811.00     29.21     28.84     0.00     0.00   0.00   0.00    2.18    1.04  16.88     4.00     3.78   0.02  34.80

2021년 09월 28일 23시 41분 04초
avg-cpu:  %user   %nice %system %iowait  %steal   %idle
           0.13    0.00    1.32   10.91    0.00   87.65

Device            r/s     w/s     rMB/s     wMB/s   rrqm/s   wrqm/s  %rrqm  %wrqm r_await w_await aqu-sz rareq-sz wareq-sz  svctm  %util
nvme0n1       8770.00 9332.00     34.26     34.39     0.00     0.00   0.00   0.00    0.87    0.89   8.26     4.00     3.77   0.02  36.80

2021년 09월 28일 23시 41분 05초
avg-cpu:  %user   %nice %system %iowait  %steal   %idle
           0.13    0.00    1.13   10.99    0.00   87.75

Device            r/s     w/s     rMB/s     wMB/s   rrqm/s   wrqm/s  %rrqm  %wrqm r_await w_await aqu-sz rareq-sz wareq-sz  svctm  %util
nvme0n1       7821.00 8306.00     30.55     30.47     0.00     0.00   0.00   0.00    2.15    3.11  35.49     4.00     3.76   0.02  37.20

2021년 09월 28일 23시 41분 06초
avg-cpu:  %user   %nice %system %iowait  %steal   %idle
           0.06    0.00    1.13   11.29    0.00   87.52

Device            r/s     w/s     rMB/s     wMB/s   rrqm/s   wrqm/s  %rrqm  %wrqm r_await w_await aqu-sz rareq-sz wareq-sz  svctm  %util
nvme0n1       7090.00 7451.00     27.70     28.92     0.00   359.00   0.00   4.60    1.54    1.87  17.98     4.00     3.97   0.02  30.00

2021년 09월 28일 23시 41분 07초
avg-cpu:  %user   %nice %system %iowait  %steal   %idle
           0.06    0.00    1.00   11.23    0.00   87.70

Device            r/s     w/s     rMB/s     wMB/s   rrqm/s   wrqm/s  %rrqm  %wrqm r_await w_await aqu-sz rareq-sz wareq-sz  svctm  %util
nvme0n1       6517.00 6867.00     25.46     25.52     0.00     0.00   0.00   0.00    1.74    1.66  16.50     4.00     3.81   0.02  30.00

2021년 09월 28일 23시 41분 08초
avg-cpu:  %user   %nice %system %iowait  %steal   %idle
           0.13    0.00    1.13   10.99    0.00   87.75

Device            r/s     w/s     rMB/s     wMB/s   rrqm/s   wrqm/s  %rrqm  %wrqm r_await w_await aqu-sz rareq-sz wareq-sz  svctm  %util
nvme0n1       8480.00 8841.00     33.12     33.01     0.00     0.00   0.00   0.00    1.87    1.15  18.56     4.00     3.82   0.02  36.00

2021년 09월 28일 23시 41분 09초
avg-cpu:  %user   %nice %system %iowait  %steal   %idle
           0.13    0.00    1.13   10.94    0.00   87.81

Device            r/s     w/s     rMB/s     wMB/s   rrqm/s   wrqm/s  %rrqm  %wrqm r_await w_await aqu-sz rareq-sz wareq-sz  svctm  %util
nvme0n1       8943.00 9316.00     34.93     34.80     0.00     0.00   0.00   0.00    1.26    0.84  11.52     4.00     3.83   0.02  36.00

2021년 09월 28일 23시 41분 10초
avg-cpu:  %user   %nice %system %iowait  %steal   %idle
           0.19    0.00    1.26   10.87    0.00   87.69

Device            r/s     w/s     rMB/s     wMB/s   rrqm/s   wrqm/s  %rrqm  %wrqm r_await w_await aqu-sz rareq-sz wareq-sz  svctm  %util
nvme0n1       8871.00 9302.00     34.65     34.60     0.00     0.00   0.00   0.00    2.68    0.60  21.54     4.00     3.81   0.02  37.60

2021년 09월 28일 23시 41분 11초
avg-cpu:  %user   %nice %system %iowait  %steal   %idle
           0.06    0.00    1.44   10.41    0.00   88.08

Device            r/s     w/s     rMB/s     wMB/s   rrqm/s   wrqm/s  %rrqm  %wrqm r_await w_await aqu-sz rareq-sz wareq-sz  svctm  %util
nvme0n1       7609.00 7951.00     29.72     31.07     0.00   403.00   0.00   4.82    2.04    1.51  20.75     4.00     4.00   0.02  34.80

2021년 09월 28일 23시 41분 12초
avg-cpu:  %user   %nice %system %iowait  %steal   %idle
           0.13    0.00    1.25   10.92    0.00   87.70

Device            r/s     w/s     rMB/s     wMB/s   rrqm/s   wrqm/s  %rrqm  %wrqm r_await w_await aqu-sz rareq-sz wareq-sz  svctm  %util
nvme0n1       8381.00 8901.00     32.74     32.79     0.00     0.00   0.00   0.00    1.11    0.39   5.10     4.00     3.77   0.02  36.00

2021년 09월 28일 23시 41분 13초
avg-cpu:  %user   %nice %system %iowait  %steal   %idle
           0.06    0.00    1.50   10.85    0.00   87.59

Device            r/s     w/s     rMB/s     wMB/s   rrqm/s   wrqm/s  %rrqm  %wrqm r_await w_await aqu-sz rareq-sz wareq-sz  svctm  %util
nvme0n1       8662.00 9189.00     33.84     33.68     0.00     0.00   0.00   0.00    3.14    0.58  24.70     4.00     3.75   0.02  39.20

2021년 09월 28일 23시 41분 14초
avg-cpu:  %user   %nice %system %iowait  %steal   %idle
           0.06    0.00    0.63   12.69    0.00   86.62

Device            r/s     w/s     rMB/s     wMB/s   rrqm/s   wrqm/s  %rrqm  %wrqm r_await w_await aqu-sz rareq-sz wareq-sz  svctm  %util
nvme0n1       6130.00 6604.00     23.95     30.99     0.00  1642.00   0.00  19.91    1.93    5.91  44.53     4.00     4.80   0.02  26.40

2021년 09월 28일 23시 41분 15초
avg-cpu:  %user   %nice %system %iowait  %steal   %idle
           0.13    0.00    2.51    9.84    0.00   87.53

Device            r/s     w/s     rMB/s     wMB/s   rrqm/s   wrqm/s  %rrqm  %wrqm r_await w_await aqu-sz rareq-sz wareq-sz  svctm  %util
nvme0n1       14109.00 14858.00     55.11     54.80     0.00     0.00   0.00   0.00    1.06    0.47   6.40     4.00     3.78   0.02  68.00

2021년 09월 28일 23시 41분 16초
avg-cpu:  %user   %nice %system %iowait  %steal   %idle
           0.13    0.00    3.61    8.10    0.00   88.16

Device            r/s     w/s     rMB/s     wMB/s   rrqm/s   wrqm/s  %rrqm  %wrqm r_await w_await aqu-sz rareq-sz wareq-sz  svctm  %util
nvme0n1       23581.00 24918.00     92.11     94.03     0.00   517.00   0.00   2.03    0.61    0.32   0.57     4.00     3.86   0.02 100.00

2021년 09월 28일 23시 41분 17초
avg-cpu:  %user   %nice %system %iowait  %steal   %idle
           0.38    0.00    3.71    8.12    0.00   87.79

Device            r/s     w/s     rMB/s     wMB/s   rrqm/s   wrqm/s  %rrqm  %wrqm r_await w_await aqu-sz rareq-sz wareq-sz  svctm  %util
nvme0n1       23737.00 25052.00     92.72     92.25     0.00     0.00   0.00   0.00    0.60    0.28   0.16     4.00     3.77   0.02 100.00

2021년 09월 28일 23시 41분 18초
avg-cpu:  %user   %nice %system %iowait  %steal   %idle
           0.13    0.00    2.99    8.02    0.00   88.86

Device            r/s     w/s     rMB/s     wMB/s   rrqm/s   wrqm/s  %rrqm  %wrqm r_await w_await aqu-sz rareq-sz wareq-sz  svctm  %util
nvme0n1       23104.00 24407.00     90.25     89.96     0.00     0.00   0.00   0.00    0.60    0.28   0.41     4.00     3.77   0.02  98.80

2021년 09월 28일 23시 41분 19초
avg-cpu:  %user   %nice %system %iowait  %steal   %idle
           0.19    0.00    2.98    8.36    0.00   88.47

Device            r/s     w/s     rMB/s     wMB/s   rrqm/s   wrqm/s  %rrqm  %wrqm r_await w_await aqu-sz rareq-sz wareq-sz  svctm  %util
nvme0n1       24107.00 25162.00     94.17     93.88     0.00     0.00   0.00   0.00    0.78    0.31   1.71     4.00     3.82   0.02  98.80

2021년 09월 28일 23시 41분 20초
avg-cpu:  %user   %nice %system %iowait  %steal   %idle
           0.13    0.00    3.11    8.24    0.00   88.53

Device            r/s     w/s     rMB/s     wMB/s   rrqm/s   wrqm/s  %rrqm  %wrqm r_await w_await aqu-sz rareq-sz wareq-sz  svctm  %util
nvme0n1       23970.00 25021.00     93.63     93.36     0.00     0.00   0.00   0.00    0.63    0.28   0.22     4.00     3.82   0.02 100.00

2021년 09월 28일 23시 41분 21초
avg-cpu:  %user   %nice %system %iowait  %steal   %idle
           0.13    0.00    3.59    8.45    0.00   87.83

Device            r/s     w/s     rMB/s     wMB/s   rrqm/s   wrqm/s  %rrqm  %wrqm r_await w_await aqu-sz rareq-sz wareq-sz  svctm  %util
nvme0n1       23334.00 24374.00     91.15     94.97     0.00  1044.00   0.00   4.11    0.65    0.32   0.86     4.00     3.99   0.02  99.20

2021년 09월 28일 23시 41분 22초
avg-cpu:  %user   %nice %system %iowait  %steal   %idle
           0.19    0.00    3.47    8.26    0.00   88.08

Device            r/s     w/s     rMB/s     wMB/s   rrqm/s   wrqm/s  %rrqm  %wrqm r_await w_await aqu-sz rareq-sz wareq-sz  svctm  %util
nvme0n1       24429.00 25492.00     95.43     95.05     0.00     0.00   0.00   0.00    0.63    0.29   0.20     4.00     3.82   0.02 100.00

2021년 09월 28일 23시 41분 23초
avg-cpu:  %user   %nice %system %iowait  %steal   %idle
           0.25    0.00    3.42    8.04    0.00   88.29

Device            r/s     w/s     rMB/s     wMB/s   rrqm/s   wrqm/s  %rrqm  %wrqm r_await w_await aqu-sz rareq-sz wareq-sz  svctm  %util
nvme0n1       23058.00 24042.00     90.07     89.68     0.00     0.00   0.00   0.00    0.68    0.29   0.63     4.00     3.82   0.02  98.80

2021년 09월 28일 23시 41분 24초
avg-cpu:  %user   %nice %system %iowait  %steal   %idle
           0.25    0.00    2.98    8.25    0.00   88.52

Device            r/s     w/s     rMB/s     wMB/s   rrqm/s   wrqm/s  %rrqm  %wrqm r_await w_await aqu-sz rareq-sz wareq-sz  svctm  %util
nvme0n1       22994.00 24067.00     89.82     89.95     0.00     0.00   0.00   0.00    0.68    0.29   0.54     4.00     3.83   0.02  98.80

2021년 09월 28일 23시 41분 25초
avg-cpu:  %user   %nice %system %iowait  %steal   %idle
           0.19    0.00    2.86    5.28    0.00   91.66

Device            r/s     w/s     rMB/s     wMB/s   rrqm/s   wrqm/s  %rrqm  %wrqm r_await w_await aqu-sz rareq-sz wareq-sz  svctm  %util
nvme0n1       23847.00 24725.00     93.15     92.68     0.00     0.00   0.00   0.00    0.71    0.34   0.16     4.00     3.84   0.02 100.00

2021년 09월 28일 23시 41분 26초
avg-cpu:  %user   %nice %system %iowait  %steal   %idle
           0.19    0.00    3.59    8.38    0.00   87.85

Device            r/s     w/s     rMB/s     wMB/s   rrqm/s   wrqm/s  %rrqm  %wrqm r_await w_await aqu-sz rareq-sz wareq-sz  svctm  %util
nvme0n1       23662.00 24786.00     92.43     95.69     0.00   863.00   0.00   3.36    0.67    0.32   0.53     4.00     3.95   0.02  99.20

2021년 09월 28일 23시 41분 27초
avg-cpu:  %user   %nice %system %iowait  %steal   %idle
           0.32    0.00    3.23    8.10    0.00   88.36

Device            r/s     w/s     rMB/s     wMB/s   rrqm/s   wrqm/s  %rrqm  %wrqm r_await w_await aqu-sz rareq-sz wareq-sz  svctm  %util
nvme0n1       23536.00 24657.00     91.94     91.77     0.00     0.00   0.00   0.00    0.64    0.27   0.37     4.00     3.81   0.02 100.00

2021년 09월 28일 23시 41분 28초
avg-cpu:  %user   %nice %system %iowait  %steal   %idle
           0.19    0.00    3.47    8.32    0.00   88.02

Device            r/s     w/s     rMB/s     wMB/s   rrqm/s   wrqm/s  %rrqm  %wrqm r_await w_await aqu-sz rareq-sz wareq-sz  svctm  %util
nvme0n1       22630.00 23700.00     88.40     88.06     0.00     0.00   0.00   0.00    0.68    0.30   0.30     4.00     3.80   0.02  98.80

2021년 09월 28일 23시 41분 29초
avg-cpu:  %user   %nice %system %iowait  %steal   %idle
           0.25    0.00    3.72    8.12    0.00   87.91

Device            r/s     w/s     rMB/s     wMB/s   rrqm/s   wrqm/s  %rrqm  %wrqm r_await w_await aqu-sz rareq-sz wareq-sz  svctm  %util
nvme0n1       23775.00 24902.00     92.87     92.73     0.00     0.00   0.00   0.00    0.69    0.29   0.00     4.00     3.81   0.02 100.00

2021년 09월 28일 23시 41분 30초
avg-cpu:  %user   %nice %system %iowait  %steal   %idle
           0.25    0.00    3.22    8.33    0.00   88.19

Device            r/s     w/s     rMB/s     wMB/s   rrqm/s   wrqm/s  %rrqm  %wrqm r_await w_await aqu-sz rareq-sz wareq-sz  svctm  %util
nvme0n1       23027.00 23987.00     89.95     89.59     0.00     0.00   0.00   0.00    0.71    0.29   0.34     4.00     3.82   0.02  98.80

2021년 09월 28일 23시 41분 31초
avg-cpu:  %user   %nice %system %iowait  %steal   %idle
           0.19    0.00    3.60    8.21    0.00   88.01

Device            r/s     w/s     rMB/s     wMB/s   rrqm/s   wrqm/s  %rrqm  %wrqm r_await w_await aqu-sz rareq-sz wareq-sz  svctm  %util
nvme0n1       23894.00 25027.00     93.34     97.14     0.00  1003.00   0.00   3.85    0.62    0.29   0.24     4.00     3.97   0.02  98.80

2021년 09월 28일 23시 41분 32초
avg-cpu:  %user   %nice %system %iowait  %steal   %idle
           0.19    0.00    3.17    8.12    0.00   88.52

Device            r/s     w/s     rMB/s     wMB/s   rrqm/s   wrqm/s  %rrqm  %wrqm r_await w_await aqu-sz rareq-sz wareq-sz  svctm  %util
nvme0n1       23670.00 24754.00     92.46     92.29     0.00     0.00   0.00   0.00    0.66    0.27   0.16     4.00     3.82   0.02 100.00

2021년 09월 28일 23시 41분 33초
avg-cpu:  %user   %nice %system %iowait  %steal   %idle
           0.32    0.00    3.16    8.16    0.00   88.35

Device            r/s     w/s     rMB/s     wMB/s   rrqm/s   wrqm/s  %rrqm  %wrqm r_await w_await aqu-sz rareq-sz wareq-sz  svctm  %util
nvme0n1       23261.00 24346.00     90.86     90.66     0.00     0.00   0.00   0.00    0.64    0.28   0.17     4.00     3.81   0.02  98.80

2021년 09월 28일 23시 41분 34초
avg-cpu:  %user   %nice %system %iowait  %steal   %idle
           0.13    0.00    3.17    8.06    0.00   88.64

Device            r/s     w/s     rMB/s     wMB/s   rrqm/s   wrqm/s  %rrqm  %wrqm r_await w_await aqu-sz rareq-sz wareq-sz  svctm  %util
nvme0n1       24460.00 25547.00     95.55     95.23     0.00     0.00   0.00   0.00    0.65    0.26   0.02     4.00     3.82   0.02 100.00

2021년 09월 28일 23시 41분 35초
avg-cpu:  %user   %nice %system %iowait  %steal   %idle
           0.25    0.00    3.78    8.00    0.00   87.97

Device            r/s     w/s     rMB/s     wMB/s   rrqm/s   wrqm/s  %rrqm  %wrqm r_await w_await aqu-sz rareq-sz wareq-sz  svctm  %util
nvme0n1       24246.00 25159.00     94.71     93.94     0.00     0.00   0.00   0.00    0.67    0.27   0.30     4.00     3.82   0.02  98.80

2021년 09월 28일 23시 41분 36초
avg-cpu:  %user   %nice %system %iowait  %steal   %idle
           0.19    0.00    3.29    8.23    0.00   88.29

Device            r/s     w/s     rMB/s     wMB/s   rrqm/s   wrqm/s  %rrqm  %wrqm r_await w_await aqu-sz rareq-sz wareq-sz  svctm  %util
nvme0n1       24215.00 25323.00     94.59     98.67     0.00  1007.00   0.00   3.82    0.63    0.29   0.18     4.00     3.99   0.02  98.80

2021년 09월 28일 23시 41분 37초
avg-cpu:  %user   %nice %system %iowait  %steal   %idle
           0.25    0.00    3.28    8.21    0.00   88.25

Device            r/s     w/s     rMB/s     wMB/s   rrqm/s   wrqm/s  %rrqm  %wrqm r_await w_await aqu-sz rareq-sz wareq-sz  svctm  %util
nvme0n1       25231.00 26317.00     98.56     98.27     0.00     0.00   0.00   0.00    0.71    0.31   0.28     4.00     3.82   0.02 100.00

2021년 09월 28일 23시 41분 38초
avg-cpu:  %user   %nice %system %iowait  %steal   %idle
           0.06    0.00    3.24    8.06    0.00   88.63

Device            r/s     w/s     rMB/s     wMB/s   rrqm/s   wrqm/s  %rrqm  %wrqm r_await w_await aqu-sz rareq-sz wareq-sz  svctm  %util
nvme0n1       24285.00 25327.00     94.86     94.54     0.00     0.00   0.00   0.00    0.65    0.29   0.31     4.00     3.82   0.02  98.80

2021년 09월 28일 23시 41분 39초
avg-cpu:  %user   %nice %system %iowait  %steal   %idle
           0.13    0.00    3.11    8.12    0.00   88.64

Device            r/s     w/s     rMB/s     wMB/s   rrqm/s   wrqm/s  %rrqm  %wrqm r_await w_await aqu-sz rareq-sz wareq-sz  svctm  %util
nvme0n1       24576.00 25730.00     96.00     95.57     0.00     0.00   0.00   0.00    0.68    0.27   0.34     4.00     3.80   0.02 100.00

2021년 09월 28일 23시 41분 40초
avg-cpu:  %user   %nice %system %iowait  %steal   %idle
           0.19    0.00    3.11    8.12    0.00   88.59

Device            r/s     w/s     rMB/s     wMB/s   rrqm/s   wrqm/s  %rrqm  %wrqm r_await w_await aqu-sz rareq-sz wareq-sz  svctm  %util
nvme0n1       24549.00 25709.00     95.89     95.87     0.00     0.00   0.00   0.00    0.63    0.29   0.30     4.00     3.82   0.02  99.20

2021년 09월 28일 23시 41분 41초
avg-cpu:  %user   %nice %system %iowait  %steal   %idle
           0.13    0.00    3.05    8.26    0.00   88.56

Device            r/s     w/s     rMB/s     wMB/s   rrqm/s   wrqm/s  %rrqm  %wrqm r_await w_await aqu-sz rareq-sz wareq-sz  svctm  %util
nvme0n1       23672.00 24707.00     92.47     96.37     0.00  1063.00   0.00   4.12    0.64    0.31   0.38     4.00     3.99   0.02  99.20

2021년 09월 28일 23시 41분 42초
avg-cpu:  %user   %nice %system %iowait  %steal   %idle
           0.19    0.00    3.11    8.06    0.00   88.64

Device            r/s     w/s     rMB/s     wMB/s   rrqm/s   wrqm/s  %rrqm  %wrqm r_await w_await aqu-sz rareq-sz wareq-sz  svctm  %util
nvme0n1       25507.00 26602.00     99.64     99.46     0.00     0.00   0.00   0.00    0.63    0.29   0.00     4.00     3.83   0.02 100.00

2021년 09월 28일 23시 41분 43초
avg-cpu:  %user   %nice %system %iowait  %steal   %idle
           0.19    0.00    3.29    8.04    0.00   88.47

Device            r/s     w/s     rMB/s     wMB/s   rrqm/s   wrqm/s  %rrqm  %wrqm r_await w_await aqu-sz rareq-sz wareq-sz  svctm  %util
nvme0n1       25093.00 26212.00     98.02     97.67     0.00     0.00   0.00   0.00    0.62    0.28   0.53     4.00     3.82   0.02  99.20

2021년 09월 28일 23시 41분 44초
avg-cpu:  %user   %nice %system %iowait  %steal   %idle
           0.25    0.00    3.47    8.02    0.00   88.25

Device            r/s     w/s     rMB/s     wMB/s   rrqm/s   wrqm/s  %rrqm  %wrqm r_await w_await aqu-sz rareq-sz wareq-sz  svctm  %util
nvme0n1       25605.00 26781.00    100.02     99.80     0.00     0.00   0.00   0.00    0.59    0.27   0.11     4.00     3.82   0.02  99.20

2021년 09월 28일 23시 41분 45초
avg-cpu:  %user   %nice %system %iowait  %steal   %idle
           0.25    0.00    3.80    4.43    0.00   91.52

Device            r/s     w/s     rMB/s     wMB/s   rrqm/s   wrqm/s  %rrqm  %wrqm r_await w_await aqu-sz rareq-sz wareq-sz  svctm  %util
nvme0n1       25695.00 26880.00    100.37    100.15     0.00     0.00   0.00   0.00    0.59    0.29   0.05     4.00     3.82   0.02 100.00

2021년 09월 28일 23시 41분 46초
avg-cpu:  %user   %nice %system %iowait  %steal   %idle
           0.32    0.00    3.29    4.74    0.00   91.65

Device            r/s     w/s     rMB/s     wMB/s   rrqm/s   wrqm/s  %rrqm  %wrqm r_await w_await aqu-sz rareq-sz wareq-sz  svctm  %util
nvme0n1       26249.00 27452.00    102.54    106.02     0.00   989.00   0.00   3.48    0.57    0.32   0.02     4.00     3.95   0.02  99.20

2021년 09월 28일 23시 41분 47초
avg-cpu:  %user   %nice %system %iowait  %steal   %idle
           0.19    0.00    3.48    7.90    0.00   88.43

Device            r/s     w/s     rMB/s     wMB/s   rrqm/s   wrqm/s  %rrqm  %wrqm r_await w_await aqu-sz rareq-sz wareq-sz  svctm  %util
nvme0n1       25353.00 26584.00     99.04     99.01     0.00     0.00   0.00   0.00    0.63    0.27   0.22     4.00     3.81   0.02  99.60

2021년 09월 28일 23시 41분 48초
avg-cpu:  %user   %nice %system %iowait  %steal   %idle
           0.38    0.00    3.34    6.29    0.00   89.99

Device            r/s     w/s     rMB/s     wMB/s   rrqm/s   wrqm/s  %rrqm  %wrqm r_await w_await aqu-sz rareq-sz wareq-sz  svctm  %util
nvme0n1       22571.00 23548.00     88.17     87.73     0.00     0.00   0.00   0.00    0.68    0.30   0.58     4.00     3.82   0.02  99.60

2021년 09월 28일 23시 41분 49초
avg-cpu:  %user   %nice %system %iowait  %steal   %idle
           0.19    0.00    3.35    8.27    0.00   88.19

Device            r/s     w/s     rMB/s     wMB/s   rrqm/s   wrqm/s  %rrqm  %wrqm r_await w_await aqu-sz rareq-sz wareq-sz  svctm  %util
nvme0n1       22693.00 23674.00     88.64     88.48     0.00     0.00   0.00   0.00    0.70    0.29   0.30     4.00     3.83   0.02  99.20

2021년 09월 28일 23시 41분 50초
avg-cpu:  %user   %nice %system %iowait  %steal   %idle
           0.13    0.00    3.47    8.46    0.00   87.94

Device            r/s     w/s     rMB/s     wMB/s   rrqm/s   wrqm/s  %rrqm  %wrqm r_await w_await aqu-sz rareq-sz wareq-sz  svctm  %util
nvme0n1       23264.00 24607.00     90.88    112.92     0.00  5336.00   0.00  17.82    0.70    0.37   1.87     4.00     4.70   0.02 100.00

2021년 09월 28일 23시 41분 51초
avg-cpu:  %user   %nice %system %iowait  %steal   %idle
           0.19    0.00    2.91    8.54    0.00   88.36

Device            r/s     w/s     rMB/s     wMB/s   rrqm/s   wrqm/s  %rrqm  %wrqm r_await w_await aqu-sz rareq-sz wareq-sz  svctm  %util
nvme0n1       24281.00 25316.00     94.85     98.62     0.00   998.00   0.00   3.79    0.66    0.31   0.24     4.00     3.99   0.02  99.20

2021년 09월 28일 23시 41분 52초
avg-cpu:  %user   %nice %system %iowait  %steal   %idle
           0.31    0.00    4.49    8.17    0.00   87.03

Device            r/s     w/s     rMB/s     wMB/s   rrqm/s   wrqm/s  %rrqm  %wrqm r_await w_await aqu-sz rareq-sz wareq-sz  svctm  %util
nvme0n1       24762.00 25808.00     96.73     96.48     0.00     0.00   0.00   0.00    0.67    0.28   0.54     4.00     3.83   0.02  99.20

2021년 09월 28일 23시 41분 53초
avg-cpu:  %user   %nice %system %iowait  %steal   %idle
           0.38    0.00    3.39    8.42    0.00   87.81

Device            r/s     w/s     rMB/s     wMB/s   rrqm/s   wrqm/s  %rrqm  %wrqm r_await w_await aqu-sz rareq-sz wareq-sz  svctm  %util
nvme0n1       25689.00 26764.00    100.35     99.88     0.00     0.00   0.00   0.00    0.59    0.30   0.03     4.00     3.82   0.02 100.00

2021년 09월 28일 23시 41분 54초
avg-cpu:  %user   %nice %system %iowait  %steal   %idle
           0.25    0.00    3.42    7.91    0.00   88.42

Device            r/s     w/s     rMB/s     wMB/s   rrqm/s   wrqm/s  %rrqm  %wrqm r_await w_await aqu-sz rareq-sz wareq-sz  svctm  %util
nvme0n1       25480.00 26642.00     99.53     99.30     0.00     0.00   0.00   0.00    0.58    0.27   0.07     4.00     3.82   0.02  99.20

2021년 09월 28일 23시 41분 55초
avg-cpu:  %user   %nice %system %iowait  %steal   %idle
           0.31    0.00    3.65    8.12    0.00   87.92

Device            r/s     w/s     rMB/s     wMB/s   rrqm/s   wrqm/s  %rrqm  %wrqm r_await w_await aqu-sz rareq-sz wareq-sz  svctm  %util
nvme0n1       24848.00 25981.00     97.06     96.76     0.00     0.00   0.00   0.00    0.58    0.28   0.04     4.00     3.81   0.02 100.00

2021년 09월 28일 23시 41분 56초
avg-cpu:  %user   %nice %system %iowait  %steal   %idle
           0.32    0.00    3.10    8.34    0.00   88.24

Device            r/s     w/s     rMB/s     wMB/s   rrqm/s   wrqm/s  %rrqm  %wrqm r_await w_await aqu-sz rareq-sz wareq-sz  svctm  %util
nvme0n1       23903.00 25054.00     93.37     97.29     0.00  1065.00   0.00   4.08    0.66    0.30   0.64     4.00     3.98   0.02  99.60

2021년 09월 28일 23시 41분 57초
avg-cpu:  %user   %nice %system %iowait  %steal   %idle
           0.19    0.00    3.85    7.82    0.00   88.14

Device            r/s     w/s     rMB/s     wMB/s   rrqm/s   wrqm/s  %rrqm  %wrqm r_await w_await aqu-sz rareq-sz wareq-sz  svctm  %util
nvme0n1       25446.53 26483.17     99.40     99.14     0.00     0.00   0.00   0.00    0.60    0.28   0.39     4.00     3.83   0.02  98.22

2021년 09월 28일 23시 41분 58초
avg-cpu:  %user   %nice %system %iowait  %steal   %idle
           0.25    0.00    4.56    7.94    0.00   87.25

Device            r/s     w/s     rMB/s     wMB/s   rrqm/s   wrqm/s  %rrqm  %wrqm r_await w_await aqu-sz rareq-sz wareq-sz  svctm  %util
nvme0n1       25171.00 26374.00     98.32     98.06     0.00     0.00   0.00   0.00    0.60    0.30   0.00     4.00     3.81   0.02 100.00

2021년 09월 28일 23시 41분 59초
avg-cpu:  %user   %nice %system %iowait  %steal   %idle
           0.19    0.00    3.16    8.29    0.00   88.36

Device            r/s     w/s     rMB/s     wMB/s   rrqm/s   wrqm/s  %rrqm  %wrqm r_await w_await aqu-sz rareq-sz wareq-sz  svctm  %util
nvme0n1       24962.00 26091.00     97.51     97.28     0.00     0.00   0.00   0.00    0.64    0.30   0.36     4.00     3.82   0.02  98.80

2021년 09월 28일 23시 42분 00초
avg-cpu:  %user   %nice %system %iowait  %steal   %idle
           0.06    0.00    4.21    7.86    0.00   87.86

Device            r/s     w/s     rMB/s     wMB/s   rrqm/s   wrqm/s  %rrqm  %wrqm r_await w_await aqu-sz rareq-sz wareq-sz  svctm  %util
nvme0n1       26053.00 27181.00    101.77    101.45     0.00     0.00   0.00   0.00    0.62    0.28   0.27     4.00     3.82   0.02  99.60

2021년 09월 28일 23시 42분 01초
avg-cpu:  %user   %nice %system %iowait  %steal   %idle
           0.38    0.00    3.16    8.34    0.00   88.12

Device            r/s     w/s     rMB/s     wMB/s   rrqm/s   wrqm/s  %rrqm  %wrqm r_await w_await aqu-sz rareq-sz wareq-sz  svctm  %util
nvme0n1       25411.00 26524.00     99.26    102.61     0.00   975.00   0.00   3.55    0.65    0.27   0.26     4.00     3.96   0.02 100.00

2021년 09월 28일 23시 42분 02초
avg-cpu:  %user   %nice %system %iowait  %steal   %idle
           0.19    0.00    3.28    8.39    0.00   88.14

Device            r/s     w/s     rMB/s     wMB/s   rrqm/s   wrqm/s  %rrqm  %wrqm r_await w_await aqu-sz rareq-sz wareq-sz  svctm  %util
nvme0n1       24522.00 25762.00     95.79     95.78     0.00     0.00   0.00   0.00    0.64    0.29   0.17     4.00     3.81   0.02  99.20

2021년 09월 28일 23시 42분 03초
avg-cpu:  %user   %nice %system %iowait  %steal   %idle
           0.19    0.00    3.11    8.01    0.00   88.69

Device            r/s     w/s     rMB/s     wMB/s   rrqm/s   wrqm/s  %rrqm  %wrqm r_await w_await aqu-sz rareq-sz wareq-sz  svctm  %util
nvme0n1       25039.00 26030.00     97.81     97.36     0.00     0.00   0.00   0.00    0.69    0.28   0.04     4.00     3.83   0.02 100.00

2021년 09월 28일 23시 42분 04초
avg-cpu:  %user   %nice %system %iowait  %steal   %idle
           0.13    0.00    3.65    8.25    0.00   87.97

Device            r/s     w/s     rMB/s     wMB/s   rrqm/s   wrqm/s  %rrqm  %wrqm r_await w_await aqu-sz rareq-sz wareq-sz  svctm  %util
nvme0n1       24164.00 25269.00     94.39     94.04     0.00     0.00   0.00   0.00    0.71    0.28   0.99     4.00     3.81   0.02  99.60

2021년 09월 28일 23시 42분 05초
avg-cpu:  %user   %nice %system %iowait  %steal   %idle
           0.25    0.00    6.21    7.68    0.00   85.86

Device            r/s     w/s     rMB/s     wMB/s   rrqm/s   wrqm/s  %rrqm  %wrqm r_await w_await aqu-sz rareq-sz wareq-sz  svctm  %util
nvme0n1       24098.00 25091.00     94.13     93.49     0.00     0.00   0.00   0.00    0.65    0.28   0.36     4.00     3.82   0.02  99.20

2021년 09월 28일 23시 42분 06초
avg-cpu:  %user   %nice %system %iowait  %steal   %idle
           0.25    0.00    4.20    8.20    0.00   87.35

Device            r/s     w/s     rMB/s     wMB/s   rrqm/s   wrqm/s  %rrqm  %wrqm r_await w_await aqu-sz rareq-sz wareq-sz  svctm  %util
nvme0n1       24426.00 25644.00     95.41     99.59     0.00  1018.00   0.00   3.82    0.66    0.29   0.30     4.00     3.98   0.02 100.00

2021년 09월 28일 23시 42분 07초
avg-cpu:  %user   %nice %system %iowait  %steal   %idle
           0.13    0.00    3.30    4.96    0.00   91.61

Device            r/s     w/s     rMB/s     wMB/s   rrqm/s   wrqm/s  %rrqm  %wrqm r_await w_await aqu-sz rareq-sz wareq-sz  svctm  %util
nvme0n1       26643.00 27895.00    104.07    103.90     0.00     0.00   0.00   0.00    0.57    0.30   0.05     4.00     3.81   0.02  99.20

2021년 09월 28일 23시 42분 08초
avg-cpu:  %user   %nice %system %iowait  %steal   %idle
           0.13    0.00    1.00    1.75    0.00   97.12

Device            r/s     w/s     rMB/s     wMB/s   rrqm/s   wrqm/s  %rrqm  %wrqm r_await w_await aqu-sz rareq-sz wareq-sz  svctm  %util
nvme0n1       5188.00 5486.00     20.27     20.30     0.00     0.00   0.00   0.00    0.59    0.26   0.00     4.00     3.79   0.02  22.00

2021년 09월 28일 23시 42분 09초
avg-cpu:  %user   %nice %system %iowait  %steal   %idle
           0.06    0.00    0.12    0.00    0.00   99.81

Device            r/s     w/s     rMB/s     wMB/s   rrqm/s   wrqm/s  %rrqm  %wrqm r_await w_await aqu-sz rareq-sz wareq-sz  svctm  %util
nvme0n1          0.00    0.00      0.00      0.00     0.00     0.00   0.00   0.00    0.00    0.00   0.00     0.00     0.00   0.00   0.00

2021년 09월 28일 23시 42분 10초
avg-cpu:  %user   %nice %system %iowait  %steal   %idle
           0.06    0.00    0.12    0.00    0.00   99.81

Device            r/s     w/s     rMB/s     wMB/s   rrqm/s   wrqm/s  %rrqm  %wrqm r_await w_await aqu-sz rareq-sz wareq-sz  svctm  %util
nvme0n1          0.00    0.00      0.00      0.00     0.00     0.00   0.00   0.00    0.00    0.00   0.00     0.00     0.00   0.00   0.00

2021년 09월 28일 23시 42분 11초
avg-cpu:  %user   %nice %system %iowait  %steal   %idle
           0.06    0.00    0.19    0.00    0.00   99.75

Device            r/s     w/s     rMB/s     wMB/s   rrqm/s   wrqm/s  %rrqm  %wrqm r_await w_await aqu-sz rareq-sz wareq-sz  svctm  %util
nvme0n1          0.00   17.00      0.00      1.98     0.00   489.00   0.00  96.64    0.00    0.41   0.00     0.00   119.06   0.47   0.80

