Linux 5.5.8test (syslab-desk) 	2021년 09월 15일 	_x86_64_	(16 CPU)

2021년 09월 15일 22시 38분 28초
avg-cpu:  %user   %nice %system %iowait  %steal   %idle
           0.03    0.00    0.13    0.24    0.00   99.60

Device            r/s     w/s     rMB/s     wMB/s   rrqm/s   wrqm/s  %rrqm  %wrqm r_await w_await aqu-sz rareq-sz wareq-sz  svctm  %util
sdb             13.86   87.84      0.09      1.94     8.41   144.24  37.75  62.15    0.44    0.96   0.02     6.43    22.63   0.14   1.45

2021년 09월 15일 22시 38분 29초
avg-cpu:  %user   %nice %system %iowait  %steal   %idle
           0.06    0.00    0.06    0.00    0.00   99.88

Device            r/s     w/s     rMB/s     wMB/s   rrqm/s   wrqm/s  %rrqm  %wrqm r_await w_await aqu-sz rareq-sz wareq-sz  svctm  %util
sdb              0.00    0.00      0.00      0.00     0.00     0.00   0.00   0.00    0.00    0.00   0.00     0.00     0.00   0.00   0.00

2021년 09월 15일 22시 38분 30초
avg-cpu:  %user   %nice %system %iowait  %steal   %idle
           0.44    0.00    0.06    0.00    0.00   99.50

Device            r/s     w/s     rMB/s     wMB/s   rrqm/s   wrqm/s  %rrqm  %wrqm r_await w_await aqu-sz rareq-sz wareq-sz  svctm  %util
sdb              0.00    0.00      0.00      0.00     0.00     0.00   0.00   0.00    0.00    0.00   0.00     0.00     0.00   0.00   0.00

2021년 09월 15일 22시 38분 31초
avg-cpu:  %user   %nice %system %iowait  %steal   %idle
           0.00    0.00    0.13    0.00    0.00   99.87

Device            r/s     w/s     rMB/s     wMB/s   rrqm/s   wrqm/s  %rrqm  %wrqm r_await w_await aqu-sz rareq-sz wareq-sz  svctm  %util
sdb              0.00    0.00      0.00      0.00     0.00     0.00   0.00   0.00    0.00    0.00   0.00     0.00     0.00   0.00   0.00

2021년 09월 15일 22시 38분 32초
avg-cpu:  %user   %nice %system %iowait  %steal   %idle
           0.13    0.00    1.00    0.00    0.00   98.87

Device            r/s     w/s     rMB/s     wMB/s   rrqm/s   wrqm/s  %rrqm  %wrqm r_await w_await aqu-sz rareq-sz wareq-sz  svctm  %util
sdb            401.00    1.00     20.52      0.00  4699.00     0.00  92.14   0.00    0.34    1.00   0.00    52.39     0.00   0.67  26.80

2021년 09월 15일 22시 38분 33초
avg-cpu:  %user   %nice %system %iowait  %steal   %idle
           0.38    0.00    8.72    3.79    0.00   87.10

Device            r/s     w/s     rMB/s     wMB/s   rrqm/s   wrqm/s  %rrqm  %wrqm r_await w_await aqu-sz rareq-sz wareq-sz  svctm  %util
sdb           5857.00 12985.00     41.77     39.59  4838.00     0.00  45.24   0.00    0.63    0.80   0.00     7.30     3.12   0.05  94.40

2021년 09월 15일 22시 38분 34초
avg-cpu:  %user   %nice %system %iowait  %steal   %idle
           0.70    0.00   10.44    4.77    0.00   84.09

Device            r/s     w/s     rMB/s     wMB/s   rrqm/s   wrqm/s  %rrqm  %wrqm r_await w_await aqu-sz rareq-sz wareq-sz  svctm  %util
sdb           6408.00 15987.00     50.44     49.44  6503.00     0.00  50.37   0.00    0.69    0.82   0.00     8.06     3.17   0.04 100.00

2021년 09월 15일 22시 38분 35초
avg-cpu:  %user   %nice %system %iowait  %steal   %idle
           0.45    0.00    9.98    5.59    0.00   83.98

Device            r/s     w/s     rMB/s     wMB/s   rrqm/s   wrqm/s  %rrqm  %wrqm r_await w_await aqu-sz rareq-sz wareq-sz  svctm  %util
sdb           6179.00 15452.00     48.07     46.98  6138.00     0.00  49.83   0.00    0.73    0.85   0.39     7.97     3.11   0.05  98.40

2021년 09월 15일 22시 38분 36초
avg-cpu:  %user   %nice %system %iowait  %steal   %idle
           0.82    0.00   11.37    4.08    0.00   83.73

Device            r/s     w/s     rMB/s     wMB/s   rrqm/s   wrqm/s  %rrqm  %wrqm r_await w_await aqu-sz rareq-sz wareq-sz  svctm  %util
sdb           6371.00 16207.00     50.52     49.46  6563.00     0.00  50.74   0.00    0.69    0.81   0.00     8.12     3.13   0.04 100.00

2021년 09월 15일 22시 38분 37초
avg-cpu:  %user   %nice %system %iowait  %steal   %idle
           0.57    0.00   11.66    4.16    0.00   83.61

Device            r/s     w/s     rMB/s     wMB/s   rrqm/s   wrqm/s  %rrqm  %wrqm r_await w_await aqu-sz rareq-sz wareq-sz  svctm  %util
sdb           6251.00 15894.00     48.94     47.78  6270.00     0.00  50.08   0.00    0.69    0.81   0.00     8.02     3.08   0.05 100.00

2021년 09월 15일 22시 38분 38초
avg-cpu:  %user   %nice %system %iowait  %steal   %idle
           0.75    0.00   11.38    5.35    0.00   82.52

Device            r/s     w/s     rMB/s     wMB/s   rrqm/s   wrqm/s  %rrqm  %wrqm r_await w_await aqu-sz rareq-sz wareq-sz  svctm  %util
sdb           6154.00 15178.00     46.19     64.03  5667.00  4872.00  47.94  24.30    0.73    0.84   1.17     7.69     4.32   0.05  98.40

2021년 09월 15일 22시 38분 39초
avg-cpu:  %user   %nice %system %iowait  %steal   %idle
           0.76    0.00   11.97    4.54    0.00   82.73

Device            r/s     w/s     rMB/s     wMB/s   rrqm/s   wrqm/s  %rrqm  %wrqm r_await w_await aqu-sz rareq-sz wareq-sz  svctm  %util
sdb           6294.00 15781.00     47.71     46.36  5930.00     1.00  48.51   0.01    0.69    0.79   0.00     7.76     3.01   0.05 100.00

2021년 09월 15일 22시 38분 40초
avg-cpu:  %user   %nice %system %iowait  %steal   %idle
           0.88    0.00   11.01    4.75    0.00   83.36

Device            r/s     w/s     rMB/s     wMB/s   rrqm/s   wrqm/s  %rrqm  %wrqm r_await w_await aqu-sz rareq-sz wareq-sz  svctm  %util
sdb           6419.00 15839.00     47.71     46.61  5781.00     4.00  47.39   0.03    0.67    0.79   0.00     7.61     3.01   0.04  98.40

2021년 09월 15일 22시 38분 41초
avg-cpu:  %user   %nice %system %iowait  %steal   %idle
           0.50    0.00   12.09    4.43    0.00   82.98

Device            r/s     w/s     rMB/s     wMB/s   rrqm/s   wrqm/s  %rrqm  %wrqm r_await w_await aqu-sz rareq-sz wareq-sz  svctm  %util
sdb           6151.00 15546.00     47.94     46.88  6121.00     0.00  49.88   0.00    0.73    0.87   0.48     7.98     3.09   0.05 100.00

2021년 09월 15일 22시 38분 42초
avg-cpu:  %user   %nice %system %iowait  %steal   %idle
           0.70    0.00   10.41    4.47    0.00   84.42

Device            r/s     w/s     rMB/s     wMB/s   rrqm/s   wrqm/s  %rrqm  %wrqm r_await w_await aqu-sz rareq-sz wareq-sz  svctm  %util
sdb           6081.00 15416.00     45.71     44.76  5622.00     1.00  48.04   0.01    0.71    0.82   0.00     7.70     2.97   0.05 100.00

2021년 09월 15일 22시 38분 43초
avg-cpu:  %user   %nice %system %iowait  %steal   %idle
           0.44    0.00    9.79    6.82    0.00   82.94

Device            r/s     w/s     rMB/s     wMB/s   rrqm/s   wrqm/s  %rrqm  %wrqm r_await w_await aqu-sz rareq-sz wareq-sz  svctm  %util
sdb           6544.00 15585.00     48.10     65.52  5779.00  4758.00  46.90  23.39    0.72    0.86   1.08     7.53     4.30   0.04  98.40

2021년 09월 15일 22시 38분 44초
avg-cpu:  %user   %nice %system %iowait  %steal   %idle
           0.51    0.00   10.75    4.26    0.00   84.48

Device            r/s     w/s     rMB/s     wMB/s   rrqm/s   wrqm/s  %rrqm  %wrqm r_await w_await aqu-sz rareq-sz wareq-sz  svctm  %util
sdb           6255.00 15737.00     47.69     46.41  5948.00     0.00  48.74   0.00    0.71    0.80   0.00     7.81     3.02   0.05 100.00

2021년 09월 15일 22시 38분 45초
avg-cpu:  %user   %nice %system %iowait  %steal   %idle
           0.62    0.00   11.68    4.18    0.00   83.51

Device            r/s     w/s     rMB/s     wMB/s   rrqm/s   wrqm/s  %rrqm  %wrqm r_await w_await aqu-sz rareq-sz wareq-sz  svctm  %util
sdb           6099.00 16159.00     49.77     49.07  6642.00     0.00  52.13   0.00    0.72    0.82   0.00     8.36     3.11   0.04 100.00

2021년 09월 15일 22시 38분 46초
avg-cpu:  %user   %nice %system %iowait  %steal   %idle
           0.69    0.00   11.91    4.99    0.00   82.42

Device            r/s     w/s     rMB/s     wMB/s   rrqm/s   wrqm/s  %rrqm  %wrqm r_await w_await aqu-sz rareq-sz wareq-sz  svctm  %util
sdb           6295.00 15417.00     47.91     46.88  5968.00     0.00  48.67   0.00    0.72    0.87   0.52     7.79     3.11   0.05  98.40

2021년 09월 15일 22시 38분 47초
avg-cpu:  %user   %nice %system %iowait  %steal   %idle
           0.39    0.00    9.41    4.71    0.00   85.49

Device            r/s     w/s     rMB/s     wMB/s   rrqm/s   wrqm/s  %rrqm  %wrqm r_await w_await aqu-sz rareq-sz wareq-sz  svctm  %util
sdb           6279.00 15663.00     47.85     46.72  5979.00     2.00  48.78   0.01    0.70    0.83   0.01     7.80     3.05   0.05 100.00

2021년 09월 15일 22시 38분 48초
avg-cpu:  %user   %nice %system %iowait  %steal   %idle
           0.69    0.00   12.12    5.56    0.00   81.64

Device            r/s     w/s     rMB/s     wMB/s   rrqm/s   wrqm/s  %rrqm  %wrqm r_await w_await aqu-sz rareq-sz wareq-sz  svctm  %util
sdb           6044.00 14982.00     45.91     63.80  5698.00  4812.00  48.53  24.31    0.72    0.85   0.41     7.78     4.36   0.05 100.00

2021년 09월 15일 22시 38분 49초
avg-cpu:  %user   %nice %system %iowait  %steal   %idle
           0.70    0.00   10.29    5.34    0.00   83.67

Device            r/s     w/s     rMB/s     wMB/s   rrqm/s   wrqm/s  %rrqm  %wrqm r_await w_await aqu-sz rareq-sz wareq-sz  svctm  %util
sdb           6210.00 15337.00     47.52     46.52  5956.00     0.00  48.96   0.00    0.72    0.85   0.30     7.84     3.11   0.05  98.40

2021년 09월 15일 22시 38분 50초
avg-cpu:  %user   %nice %system %iowait  %steal   %idle
           0.45    0.00   10.56    4.39    0.00   84.61

Device            r/s     w/s     rMB/s     wMB/s   rrqm/s   wrqm/s  %rrqm  %wrqm r_await w_await aqu-sz rareq-sz wareq-sz  svctm  %util
sdb           6270.00 15943.00     49.33     48.19  6356.00     1.00  50.34   0.01    0.72    0.81   0.00     8.06     3.10   0.05 100.00

2021년 09월 15일 22시 38분 51초
avg-cpu:  %user   %nice %system %iowait  %steal   %idle
           0.64    0.00   10.32    4.84    0.00   84.20

Device            r/s     w/s     rMB/s     wMB/s   rrqm/s   wrqm/s  %rrqm  %wrqm r_await w_await aqu-sz rareq-sz wareq-sz  svctm  %util
sdb           6176.00 15256.00     47.44     46.42  5971.00     0.00  49.16   0.00    0.73    0.86   0.02     7.87     3.12   0.05 100.00

2021년 09월 15일 22시 38분 52초
avg-cpu:  %user   %nice %system %iowait  %steal   %idle
           0.50    0.00   12.65    5.23    0.00   81.62

Device            r/s     w/s     rMB/s     wMB/s   rrqm/s   wrqm/s  %rrqm  %wrqm r_await w_await aqu-sz rareq-sz wareq-sz  svctm  %util
sdb           6087.00 14850.00     45.64     44.52  5596.00     1.00  47.90   0.01    0.71    0.88   0.51     7.68     3.07   0.05  98.40

2021년 09월 15일 22시 38분 53초
avg-cpu:  %user   %nice %system %iowait  %steal   %idle
           0.38    0.00   10.22    5.99    0.00   83.41

Device            r/s     w/s     rMB/s     wMB/s   rrqm/s   wrqm/s  %rrqm  %wrqm r_await w_await aqu-sz rareq-sz wareq-sz  svctm  %util
sdb           6297.00 15451.00     48.34     66.14  6079.00  4803.00  49.12  23.71    0.75    0.86   0.68     7.86     4.38   0.05 100.00

2021년 09월 15일 22시 38분 54초
avg-cpu:  %user   %nice %system %iowait  %steal   %idle
           0.63    0.00   10.49    4.42    0.00   84.46

Device            r/s     w/s     rMB/s     wMB/s   rrqm/s   wrqm/s  %rrqm  %wrqm r_await w_await aqu-sz rareq-sz wareq-sz  svctm  %util
sdb           6534.00 16321.00     49.88     48.85  6237.00     0.00  48.84   0.00    0.70    0.80   0.00     7.82     3.06   0.04 100.00

2021년 09월 15일 22시 38분 55초
avg-cpu:  %user   %nice %system %iowait  %steal   %idle
           0.63    0.00    3.57    2.32    0.00   93.49

Device            r/s     w/s     rMB/s     wMB/s   rrqm/s   wrqm/s  %rrqm  %wrqm r_await w_await aqu-sz rareq-sz wareq-sz  svctm  %util
sdb           2186.00 5369.00     16.52     16.28  2042.00     0.00  48.30   0.00    0.75    0.90   0.49     7.74     3.10   0.04  33.20

2021년 09월 15일 22시 38분 56초
avg-cpu:  %user   %nice %system %iowait  %steal   %idle
           0.00    0.00    0.12    0.00    0.00   99.88

Device            r/s     w/s     rMB/s     wMB/s   rrqm/s   wrqm/s  %rrqm  %wrqm r_await w_await aqu-sz rareq-sz wareq-sz  svctm  %util
sdb              0.00    0.00      0.00      0.00     0.00     0.00   0.00   0.00    0.00    0.00   0.00     0.00     0.00   0.00   0.00

