Linux 5.5.8test (syslab-desk) 	2021년 09월 15일 	_x86_64_	(16 CPU)

2021년 09월 15일 19시 22분 21초
avg-cpu:  %user   %nice %system %iowait  %steal   %idle
           0.03    0.00    0.11    0.24    0.00   99.62

Device            r/s     w/s     rMB/s     wMB/s   rrqm/s   wrqm/s  %rrqm  %wrqm r_await w_await aqu-sz rareq-sz wareq-sz  svctm  %util
sdb             12.89   78.62      0.08      1.80     8.31   123.98  39.21  61.20    0.46    1.02   0.02     6.59    23.42   0.14   1.31

2021년 09월 15일 19시 22분 22초
avg-cpu:  %user   %nice %system %iowait  %steal   %idle
           0.13    0.00    0.00    0.00    0.00   99.87

Device            r/s     w/s     rMB/s     wMB/s   rrqm/s   wrqm/s  %rrqm  %wrqm r_await w_await aqu-sz rareq-sz wareq-sz  svctm  %util
sdb              0.00    0.00      0.00      0.00     0.00     0.00   0.00   0.00    0.00    0.00   0.00     0.00     0.00   0.00   0.00

2021년 09월 15일 19시 22분 23초
avg-cpu:  %user   %nice %system %iowait  %steal   %idle
           0.06    0.00    0.94    0.06    0.00   98.94

Device            r/s     w/s     rMB/s     wMB/s   rrqm/s   wrqm/s  %rrqm  %wrqm r_await w_await aqu-sz rareq-sz wareq-sz  svctm  %util
sdb            343.00    1.00     20.10      0.00  4654.00     0.00  93.14   0.00    0.38    1.00   0.00    60.01     0.00   0.64  22.00

2021년 09월 15일 19시 22분 24초
avg-cpu:  %user   %nice %system %iowait  %steal   %idle
           0.13    0.00    1.69    1.00    0.00   97.18

Device            r/s     w/s     rMB/s     wMB/s   rrqm/s   wrqm/s  %rrqm  %wrqm r_await w_await aqu-sz rareq-sz wareq-sz  svctm  %util
sdb           5414.00 6294.00     21.15     19.39     0.00     0.00   0.00   0.00    0.17    0.12   0.00     4.00     3.16   0.08  94.40

2021년 09월 15일 19시 22분 25초
avg-cpu:  %user   %nice %system %iowait  %steal   %idle
           0.06    0.00    1.06    0.31    0.00   98.56

Device            r/s     w/s     rMB/s     wMB/s   rrqm/s   wrqm/s  %rrqm  %wrqm r_await w_await aqu-sz rareq-sz wareq-sz  svctm  %util
sdb           6688.00 8272.00     26.14     25.73     3.00     0.00   0.04   0.00    0.18    0.12   0.00     4.00     3.19   0.07 100.00

2021년 09월 15일 19시 22분 26초
avg-cpu:  %user   %nice %system %iowait  %steal   %idle
           0.13    0.00    1.26    1.38    0.00   97.24

Device            r/s     w/s     rMB/s     wMB/s   rrqm/s   wrqm/s  %rrqm  %wrqm r_await w_await aqu-sz rareq-sz wareq-sz  svctm  %util
sdb           6064.00 7582.00     23.69     23.32     1.00     0.00   0.02   0.00    0.19    0.13   0.02     4.00     3.15   0.07  98.40

2021년 09월 15일 19시 22분 27초
avg-cpu:  %user   %nice %system %iowait  %steal   %idle
           0.13    0.00    1.19    1.19    0.00   97.50

Device            r/s     w/s     rMB/s     wMB/s   rrqm/s   wrqm/s  %rrqm  %wrqm r_await w_await aqu-sz rareq-sz wareq-sz  svctm  %util
sdb           6752.00 8522.00     26.38     25.93     0.00     0.00   0.00   0.00    0.17    0.12   0.00     4.00     3.12   0.07 100.00

2021년 09월 15일 19시 22분 28초
avg-cpu:  %user   %nice %system %iowait  %steal   %idle
           0.25    0.00    0.94    0.31    0.00   98.50

Device            r/s     w/s     rMB/s     wMB/s   rrqm/s   wrqm/s  %rrqm  %wrqm r_await w_await aqu-sz rareq-sz wareq-sz  svctm  %util
sdb           6427.00 7991.00     25.11     24.75     0.00     0.00   0.00   0.00    0.17    0.12   0.00     4.00     3.17   0.07 100.00

2021년 09월 15일 19시 22분 29초
avg-cpu:  %user   %nice %system %iowait  %steal   %idle
           0.06    0.00    1.31    0.50    0.00   98.12

Device            r/s     w/s     rMB/s     wMB/s   rrqm/s   wrqm/s  %rrqm  %wrqm r_await w_await aqu-sz rareq-sz wareq-sz  svctm  %util
sdb           6165.00 7754.00     24.08     38.11     0.00  3684.00   0.00  32.21    0.20    0.16   0.48     4.00     5.03   0.07 100.00

2021년 09월 15일 19시 22분 30초
avg-cpu:  %user   %nice %system %iowait  %steal   %idle
           0.06    0.00    1.31    0.44    0.00   98.18

Device            r/s     w/s     rMB/s     wMB/s   rrqm/s   wrqm/s  %rrqm  %wrqm r_await w_await aqu-sz rareq-sz wareq-sz  svctm  %util
sdb           6399.00 8146.00     25.00     24.55     0.00     0.00   0.00   0.00    0.18    0.12   0.02     4.00     3.09   0.07  98.80

2021년 09월 15일 19시 22분 31초
avg-cpu:  %user   %nice %system %iowait  %steal   %idle
           0.06    0.00    1.19    0.25    0.00   98.50

Device            r/s     w/s     rMB/s     wMB/s   rrqm/s   wrqm/s  %rrqm  %wrqm r_await w_await aqu-sz rareq-sz wareq-sz  svctm  %util
sdb           6376.00 8120.00     24.91     24.52     2.00     0.00   0.03   0.00    0.17    0.12   0.00     4.00     3.09   0.07 100.00

2021년 09월 15일 19시 22분 32초
avg-cpu:  %user   %nice %system %iowait  %steal   %idle
           0.19    0.00    1.31    3.69    0.00   94.81

Device            r/s     w/s     rMB/s     wMB/s   rrqm/s   wrqm/s  %rrqm  %wrqm r_await w_await aqu-sz rareq-sz wareq-sz  svctm  %util
sdb           6590.00 8458.00     25.74     25.26     0.00     0.00   0.00   0.00    0.17    0.11   0.00     4.00     3.06   0.07 100.00

2021년 09월 15일 19시 22분 33초
avg-cpu:  %user   %nice %system %iowait  %steal   %idle
           0.00    0.00    0.94    0.88    0.00   98.18

Device            r/s     w/s     rMB/s     wMB/s   rrqm/s   wrqm/s  %rrqm  %wrqm r_await w_await aqu-sz rareq-sz wareq-sz  svctm  %util
sdb           6330.00 8154.00     24.73     24.38     0.00     0.00   0.00   0.00    0.17    0.11   0.00     4.00     3.06   0.07 100.00

2021년 09월 15일 19시 22분 34초
avg-cpu:  %user   %nice %system %iowait  %steal   %idle
           0.19    0.00    1.50    1.38    0.00   96.93

Device            r/s     w/s     rMB/s     wMB/s   rrqm/s   wrqm/s  %rrqm  %wrqm r_await w_await aqu-sz rareq-sz wareq-sz  svctm  %util
sdb           6103.00 7847.00     23.84     37.39     1.00  3565.00   0.02  31.24    0.18    0.17   0.31     4.00     4.88   0.07 100.00

2021년 09월 15일 19시 22분 35초
avg-cpu:  %user   %nice %system %iowait  %steal   %idle
           0.06    0.00    1.38    0.44    0.00   98.11

Device            r/s     w/s     rMB/s     wMB/s   rrqm/s   wrqm/s  %rrqm  %wrqm r_await w_await aqu-sz rareq-sz wareq-sz  svctm  %util
sdb           5468.00 6852.00     21.38     21.05     5.00     0.00   0.09   0.00    0.20    0.14   0.02     4.00     3.15   0.08  98.40

2021년 09월 15일 19시 22분 36초
avg-cpu:  %user   %nice %system %iowait  %steal   %idle
           0.25    0.00    0.69    1.13    0.00   97.93

Device            r/s     w/s     rMB/s     wMB/s   rrqm/s   wrqm/s  %rrqm  %wrqm r_await w_await aqu-sz rareq-sz wareq-sz  svctm  %util
sdb           6668.00 8469.00     26.05     25.59     0.00     0.00   0.00   0.00    0.17    0.12   0.00     4.00     3.09   0.07 100.00

2021년 09월 15일 19시 22분 37초
avg-cpu:  %user   %nice %system %iowait  %steal   %idle
           0.13    0.00    1.25    3.00    0.00   95.62

Device            r/s     w/s     rMB/s     wMB/s   rrqm/s   wrqm/s  %rrqm  %wrqm r_await w_await aqu-sz rareq-sz wareq-sz  svctm  %util
sdb           6683.00 8430.00     26.11     25.73     0.00     0.00   0.00   0.00    0.17    0.12   0.00     4.00     3.13   0.07 100.00

2021년 09월 15일 19시 22분 38초
avg-cpu:  %user   %nice %system %iowait  %steal   %idle
           0.13    0.00    1.00    0.25    0.00   98.62

Device            r/s     w/s     rMB/s     wMB/s   rrqm/s   wrqm/s  %rrqm  %wrqm r_await w_await aqu-sz rareq-sz wareq-sz  svctm  %util
sdb           6539.00 8527.00     25.54     25.08     0.00     0.00   0.00   0.00    0.17    0.11   0.00     4.00     3.01   0.07 100.00

2021년 09월 15일 19시 22분 39초
avg-cpu:  %user   %nice %system %iowait  %steal   %idle
           0.13    0.00    1.88    1.44    0.00   96.56

Device            r/s     w/s     rMB/s     wMB/s   rrqm/s   wrqm/s  %rrqm  %wrqm r_await w_await aqu-sz rareq-sz wareq-sz  svctm  %util
sdb           5501.00 7121.00     21.49     35.21     1.00  3599.00   0.02  33.57    0.19    0.17   0.24     4.00     5.06   0.08 100.00

2021년 09월 15일 19시 22분 40초
avg-cpu:  %user   %nice %system %iowait  %steal   %idle
           0.06    0.00    1.69    1.13    0.00   97.12

Device            r/s     w/s     rMB/s     wMB/s   rrqm/s   wrqm/s  %rrqm  %wrqm r_await w_await aqu-sz rareq-sz wareq-sz  svctm  %util
sdb           5595.00 7478.00     21.86     21.40     0.00     0.00   0.00   0.00    0.19    0.12   0.02     4.00     2.93   0.07  98.00

2021년 09월 15일 19시 22분 41초
avg-cpu:  %user   %nice %system %iowait  %steal   %idle
           0.19    0.00    1.00    0.75    0.00   98.06

Device            r/s     w/s     rMB/s     wMB/s   rrqm/s   wrqm/s  %rrqm  %wrqm r_await w_await aqu-sz rareq-sz wareq-sz  svctm  %util
sdb           6349.00 8111.00     24.80     24.36     0.00     0.00   0.00   0.00    0.17    0.11   0.00     4.00     3.07   0.07 100.00

2021년 09월 15일 19시 22분 42초
avg-cpu:  %user   %nice %system %iowait  %steal   %idle
           0.13    0.00    0.82    0.31    0.00   98.74

Device            r/s     w/s     rMB/s     wMB/s   rrqm/s   wrqm/s  %rrqm  %wrqm r_await w_await aqu-sz rareq-sz wareq-sz  svctm  %util
sdb           6522.00 8242.00     25.48     25.13     0.00     0.00   0.00   0.00    0.17    0.12   0.00     4.00     3.12   0.07 100.00

2021년 09월 15일 19시 22분 43초
avg-cpu:  %user   %nice %system %iowait  %steal   %idle
           0.06    0.00    0.94    0.25    0.00   98.74

Device            r/s     w/s     rMB/s     wMB/s   rrqm/s   wrqm/s  %rrqm  %wrqm r_await w_await aqu-sz rareq-sz wareq-sz  svctm  %util
sdb           6488.00 8296.00     25.34     24.89     0.00     0.00   0.00   0.00    0.17    0.12   0.00     4.00     3.07   0.07 100.00

2021년 09월 15일 19시 22분 44초
avg-cpu:  %user   %nice %system %iowait  %steal   %idle
           0.19    0.00    1.19    1.51    0.00   97.11

Device            r/s     w/s     rMB/s     wMB/s   rrqm/s   wrqm/s  %rrqm  %wrqm r_await w_await aqu-sz rareq-sz wareq-sz  svctm  %util
sdb           5867.00 7666.00     22.94     36.23     5.00  3497.00   0.09  31.33    0.19    0.16   0.26     4.00     4.84   0.07 100.00

2021년 09월 15일 19시 22분 45초
avg-cpu:  %user   %nice %system %iowait  %steal   %idle
           0.06    0.00    1.19    0.75    0.00   97.99

Device            r/s     w/s     rMB/s     wMB/s   rrqm/s   wrqm/s  %rrqm  %wrqm r_await w_await aqu-sz rareq-sz wareq-sz  svctm  %util
sdb           6092.00 7944.00     23.80     23.37     0.00     0.00   0.00   0.00    0.18    0.13   0.02     4.00     3.01   0.07  98.40

2021년 09월 15일 19시 22분 46초
avg-cpu:  %user   %nice %system %iowait  %steal   %idle
           0.00    0.00    0.88    0.19    0.00   98.93

Device            r/s     w/s     rMB/s     wMB/s   rrqm/s   wrqm/s  %rrqm  %wrqm r_await w_await aqu-sz rareq-sz wareq-sz  svctm  %util
sdb           6511.00 8259.00     25.43     25.04     0.00     0.00   0.00   0.00    0.18    0.12   0.00     4.00     3.10   0.07 100.00

2021년 09월 15일 19시 22분 47초
avg-cpu:  %user   %nice %system %iowait  %steal   %idle
           0.00    0.00    1.50    4.75    0.00   93.75

Device            r/s     w/s     rMB/s     wMB/s   rrqm/s   wrqm/s  %rrqm  %wrqm r_await w_await aqu-sz rareq-sz wareq-sz  svctm  %util
sdb           6836.00 8550.00     26.70     26.30     0.00     0.00   0.00   0.00    0.17    0.12   0.00     4.00     3.15   0.06 100.00

2021년 09월 15일 19시 22분 48초
avg-cpu:  %user   %nice %system %iowait  %steal   %idle
           0.06    0.00    1.31    4.88    0.00   93.75

Device            r/s     w/s     rMB/s     wMB/s   rrqm/s   wrqm/s  %rrqm  %wrqm r_await w_await aqu-sz rareq-sz wareq-sz  svctm  %util
sdb           6802.00 8447.00     26.57     26.14     0.00     0.00   0.00   0.00    0.18    0.12   0.00     4.00     3.17   0.07 100.00

2021년 09월 15일 19시 22분 49초
avg-cpu:  %user   %nice %system %iowait  %steal   %idle
           0.19    0.00    0.94    1.76    0.00   97.11

Device            r/s     w/s     rMB/s     wMB/s   rrqm/s   wrqm/s  %rrqm  %wrqm r_await w_await aqu-sz rareq-sz wareq-sz  svctm  %util
sdb           6141.00 7808.00     24.01     38.13     6.00  3682.00   0.10  32.05    0.19    0.16   0.36     4.00     5.00   0.07  98.80

2021년 09월 15일 19시 22분 50초
avg-cpu:  %user   %nice %system %iowait  %steal   %idle
           0.13    0.00    1.00    0.38    0.00   98.50

Device            r/s     w/s     rMB/s     wMB/s   rrqm/s   wrqm/s  %rrqm  %wrqm r_await w_await aqu-sz rareq-sz wareq-sz  svctm  %util
sdb           6673.00 8458.00     26.07     25.64     1.00     0.00   0.01   0.00    0.18    0.12   0.00     4.00     3.10   0.07 100.00

2021년 09월 15일 19시 22분 51초
avg-cpu:  %user   %nice %system %iowait  %steal   %idle
           0.13    0.00    0.82    0.19    0.00   98.87

Device            r/s     w/s     rMB/s     wMB/s   rrqm/s   wrqm/s  %rrqm  %wrqm r_await w_await aqu-sz rareq-sz wareq-sz  svctm  %util
sdb           6758.00 8540.00     26.40     26.04     0.00     0.00   0.00   0.00    0.18    0.12   0.00     4.00     3.12   0.07 100.00

2021년 09월 15일 19시 22분 52초
avg-cpu:  %user   %nice %system %iowait  %steal   %idle
           0.06    0.00    1.06    0.38    0.00   98.50

Device            r/s     w/s     rMB/s     wMB/s   rrqm/s   wrqm/s  %rrqm  %wrqm r_await w_await aqu-sz rareq-sz wareq-sz  svctm  %util
sdb           6721.00 8456.00     26.25     25.84     0.00     0.00   0.00   0.00    0.17    0.12   0.00     4.00     3.13   0.07 100.00

2021년 09월 15일 19시 22분 53초
avg-cpu:  %user   %nice %system %iowait  %steal   %idle
           0.13    0.00    0.75    0.38    0.00   98.74

Device            r/s     w/s     rMB/s     wMB/s   rrqm/s   wrqm/s  %rrqm  %wrqm r_await w_await aqu-sz rareq-sz wareq-sz  svctm  %util
sdb           6536.00 8186.00     25.53     25.19     0.00     0.00   0.00   0.00    0.17    0.12   0.00     4.00     3.15   0.07 100.00

2021년 09월 15일 19시 22분 54초
avg-cpu:  %user   %nice %system %iowait  %steal   %idle
           0.06    0.00    0.75    0.50    0.00   98.68

Device            r/s     w/s     rMB/s     wMB/s   rrqm/s   wrqm/s  %rrqm  %wrqm r_await w_await aqu-sz rareq-sz wareq-sz  svctm  %util
sdb           6212.00 7753.00     24.27     38.37     0.00  3686.00   0.00  32.22    0.18    0.17   0.46     4.00     5.07   0.07  98.80

2021년 09월 15일 19시 22분 55초
avg-cpu:  %user   %nice %system %iowait  %steal   %idle
           0.06    0.00    1.07    0.38    0.00   98.50

Device            r/s     w/s     rMB/s     wMB/s   rrqm/s   wrqm/s  %rrqm  %wrqm r_await w_await aqu-sz rareq-sz wareq-sz  svctm  %util
sdb           6417.00 8102.00     25.07     24.75     0.00     0.00   0.00   0.00    0.17    0.12   0.00     4.00     3.13   0.07 100.00

2021년 09월 15일 19시 22분 56초
avg-cpu:  %user   %nice %system %iowait  %steal   %idle
           0.06    0.00    0.88    0.38    0.00   98.68

Device            r/s     w/s     rMB/s     wMB/s   rrqm/s   wrqm/s  %rrqm  %wrqm r_await w_await aqu-sz rareq-sz wareq-sz  svctm  %util
sdb           6556.00 8193.00     25.61     25.21     0.00     0.00   0.00   0.00    0.17    0.12   0.00     4.00     3.15   0.07 100.00

2021년 09월 15일 19시 22분 57초
avg-cpu:  %user   %nice %system %iowait  %steal   %idle
           0.06    0.00    0.88    0.25    0.00   98.81

Device            r/s     w/s     rMB/s     wMB/s   rrqm/s   wrqm/s  %rrqm  %wrqm r_await w_await aqu-sz rareq-sz wareq-sz  svctm  %util
sdb           6695.00 8332.00     26.15     25.76     0.00     0.00   0.00   0.00    0.18    0.12   0.00     4.00     3.17   0.07 100.00

2021년 09월 15일 19시 22분 58초
avg-cpu:  %user   %nice %system %iowait  %steal   %idle
           0.19    0.00    0.94    0.31    0.00   98.55

Device            r/s     w/s     rMB/s     wMB/s   rrqm/s   wrqm/s  %rrqm  %wrqm r_await w_await aqu-sz rareq-sz wareq-sz  svctm  %util
sdb           6257.00 7875.00     24.45     24.08     2.00     0.00   0.03   0.00    0.18    0.13   0.02     4.00     3.13   0.07  98.80

2021년 09월 15일 19시 22분 59초
avg-cpu:  %user   %nice %system %iowait  %steal   %idle
           0.13    0.00    1.63    3.26    0.00   94.99

Device            r/s     w/s     rMB/s     wMB/s   rrqm/s   wrqm/s  %rrqm  %wrqm r_await w_await aqu-sz rareq-sz wareq-sz  svctm  %util
sdb           6032.00 7783.00     23.58     37.69     5.00  3688.00   0.08  32.15    0.19    0.16   0.32     4.00     4.96   0.07  99.60

2021년 09월 15일 19시 23분 00초
avg-cpu:  %user   %nice %system %iowait  %steal   %idle
           0.06    0.00    0.88    0.69    0.00   98.37

Device            r/s     w/s     rMB/s     wMB/s   rrqm/s   wrqm/s  %rrqm  %wrqm r_await w_await aqu-sz rareq-sz wareq-sz  svctm  %util
sdb           6339.00 8705.00     24.78     41.59     4.00  3743.00   0.06  30.07    0.19    0.19   0.00     4.00     4.89   0.07 100.00

2021년 09월 15일 19시 23분 01초
avg-cpu:  %user   %nice %system %iowait  %steal   %idle
           0.19    0.00    0.75    0.25    0.00   98.81

Device            r/s     w/s     rMB/s     wMB/s   rrqm/s   wrqm/s  %rrqm  %wrqm r_await w_await aqu-sz rareq-sz wareq-sz  svctm  %util
sdb           6516.00 8343.00     25.45     24.98     0.00     0.00   0.00   0.00    0.17    0.11   0.00     4.00     3.07   0.07 100.40

2021년 09월 15일 19시 23분 02초
avg-cpu:  %user   %nice %system %iowait  %steal   %idle
           0.06    0.00    0.76    0.25    0.00   98.93

Device            r/s     w/s     rMB/s     wMB/s   rrqm/s   wrqm/s  %rrqm  %wrqm r_await w_await aqu-sz rareq-sz wareq-sz  svctm  %util
sdb           6660.00 8354.00     26.02     25.66     0.00     0.00   0.00   0.00    0.17    0.12   0.00     4.00     3.14   0.07 100.00

2021년 09월 15일 19시 23분 03초
avg-cpu:  %user   %nice %system %iowait  %steal   %idle
           0.06    0.00    1.07    0.31    0.00   98.55

Device            r/s     w/s     rMB/s     wMB/s   rrqm/s   wrqm/s  %rrqm  %wrqm r_await w_await aqu-sz rareq-sz wareq-sz  svctm  %util
sdb           5884.00 7346.00     22.98     22.64     0.00     0.00   0.00   0.00    0.19    0.13   0.02     4.00     3.16   0.07  98.80

2021년 09월 15일 19시 23분 04초
avg-cpu:  %user   %nice %system %iowait  %steal   %idle
           0.06    0.00    1.13    0.50    0.00   98.31

Device            r/s     w/s     rMB/s     wMB/s   rrqm/s   wrqm/s  %rrqm  %wrqm r_await w_await aqu-sz rareq-sz wareq-sz  svctm  %util
sdb           6249.00 7792.00     24.41     38.10     0.00  3585.00   0.00  31.51    0.20    0.17   0.42     4.00     5.01   0.07  99.60

2021년 09월 15일 19시 23분 05초
avg-cpu:  %user   %nice %system %iowait  %steal   %idle
           0.19    0.00    0.69    0.44    0.00   98.68

Device            r/s     w/s     rMB/s     wMB/s   rrqm/s   wrqm/s  %rrqm  %wrqm r_await w_await aqu-sz rareq-sz wareq-sz  svctm  %util
sdb           6669.00 8279.00     26.05     25.65     0.00     0.00   0.00   0.00    0.18    0.12   0.00     4.00     3.17   0.07 100.40

2021년 09월 15일 19시 23분 06초
avg-cpu:  %user   %nice %system %iowait  %steal   %idle
           0.19    0.00    0.88    0.38    0.00   98.56

Device            r/s     w/s     rMB/s     wMB/s   rrqm/s   wrqm/s  %rrqm  %wrqm r_await w_await aqu-sz rareq-sz wareq-sz  svctm  %util
sdb           6528.00 8148.00     25.50     25.09     0.00     0.00   0.00   0.00    0.17    0.12   0.00     4.00     3.15   0.07 100.00

2021년 09월 15일 19시 23분 07초
avg-cpu:  %user   %nice %system %iowait  %steal   %idle
           0.06    0.00    0.75    0.38    0.00   98.81

Device            r/s     w/s     rMB/s     wMB/s   rrqm/s   wrqm/s  %rrqm  %wrqm r_await w_await aqu-sz rareq-sz wareq-sz  svctm  %util
sdb           6759.00 8343.00     26.40     26.02     0.00     0.00   0.00   0.00    0.18    0.12   0.02     4.00     3.19   0.07  98.40

2021년 09월 15일 19시 23분 08초
avg-cpu:  %user   %nice %system %iowait  %steal   %idle
           0.06    0.00    0.63    1.32    0.00   97.99

Device            r/s     w/s     rMB/s     wMB/s   rrqm/s   wrqm/s  %rrqm  %wrqm r_await w_await aqu-sz rareq-sz wareq-sz  svctm  %util
sdb           4323.00 5372.00     16.90     16.71     4.00     0.00   0.09   0.00    0.17    0.12   0.00     4.00     3.18   0.07  63.20

2021년 09월 15일 19시 23분 09초
avg-cpu:  %user   %nice %system %iowait  %steal   %idle
           0.06    0.00    0.06    0.00    0.00   99.88

Device            r/s     w/s     rMB/s     wMB/s   rrqm/s   wrqm/s  %rrqm  %wrqm r_await w_await aqu-sz rareq-sz wareq-sz  svctm  %util
sdb              0.00    0.00      0.00      0.00     0.00     0.00   0.00   0.00    0.00    0.00   0.00     0.00     0.00   0.00   0.00

2021년 09월 15일 19시 23분 10초
avg-cpu:  %user   %nice %system %iowait  %steal   %idle
           0.00    0.00    0.13    0.13    0.00   99.75

Device            r/s     w/s     rMB/s     wMB/s   rrqm/s   wrqm/s  %rrqm  %wrqm r_await w_await aqu-sz rareq-sz wareq-sz  svctm  %util
sdb              0.00   22.00      0.00     13.56     0.00  3449.00   0.00  99.37    0.00    9.73   0.16     0.00   631.09   1.64   3.60

2021년 09월 15일 19시 23분 11초
avg-cpu:  %user   %nice %system %iowait  %steal   %idle
           0.06    0.00    0.06    0.00    0.00   99.87

Device            r/s     w/s     rMB/s     wMB/s   rrqm/s   wrqm/s  %rrqm  %wrqm r_await w_await aqu-sz rareq-sz wareq-sz  svctm  %util
sdb              0.00    0.00      0.00      0.00     0.00     0.00   0.00   0.00    0.00    0.00   0.00     0.00     0.00   0.00   0.00

