Linux 5.5.8test (syslab-desk) 	2021년 09월 15일 	_x86_64_	(16 CPU)

2021년 09월 15일 19시 32분 56초
avg-cpu:  %user   %nice %system %iowait  %steal   %idle
           0.03    0.00    0.12    0.24    0.00   99.61

Device            r/s     w/s     rMB/s     wMB/s   rrqm/s   wrqm/s  %rrqm  %wrqm r_await w_await aqu-sz rareq-sz wareq-sz  svctm  %util
sdb             13.36   82.19      0.08      1.86     8.31   131.50  38.36  61.54    0.45    1.00   0.02     6.50    23.13   0.14   1.36

2021년 09월 15일 19시 32분 57초
avg-cpu:  %user   %nice %system %iowait  %steal   %idle
           0.00    0.00    0.25    0.00    0.00   99.75

Device            r/s     w/s     rMB/s     wMB/s   rrqm/s   wrqm/s  %rrqm  %wrqm r_await w_await aqu-sz rareq-sz wareq-sz  svctm  %util
sdb              0.00    0.00      0.00      0.00     0.00     0.00   0.00   0.00    0.00    0.00   0.00     0.00     0.00   0.00   0.00

2021년 09월 15일 19시 32분 58초
avg-cpu:  %user   %nice %system %iowait  %steal   %idle
           0.12    0.00    0.37    0.00    0.00   99.50

Device            r/s     w/s     rMB/s     wMB/s   rrqm/s   wrqm/s  %rrqm  %wrqm r_await w_await aqu-sz rareq-sz wareq-sz  svctm  %util
sdb             64.00    1.00      5.38      0.00  1298.00     0.00  95.30   0.00    0.50    1.00   0.00    86.06     0.00   0.49   3.20

2021년 09월 15일 19시 32분 59초
avg-cpu:  %user   %nice %system %iowait  %steal   %idle
           0.19    0.00    5.11    0.50    0.00   94.20

Device            r/s     w/s     rMB/s     wMB/s   rrqm/s   wrqm/s  %rrqm  %wrqm r_await w_await aqu-sz rareq-sz wareq-sz  svctm  %util
sdb           4178.00 4921.00     31.46     15.25  3740.00     0.00  47.23   0.00    0.29    0.33   0.00     7.71     3.17   0.10  91.60

2021년 09월 15일 19시 33분 00초
avg-cpu:  %user   %nice %system %iowait  %steal   %idle
           0.38    0.00    4.28    0.63    0.00   94.71

Device            r/s     w/s     rMB/s     wMB/s   rrqm/s   wrqm/s  %rrqm  %wrqm r_await w_await aqu-sz rareq-sz wareq-sz  svctm  %util
sdb           5408.00 7831.00     24.22     23.68   793.00     0.00  12.79   0.00    0.33    0.37   0.04     4.59     3.10   0.08  99.60

2021년 09월 15일 19시 33분 01초
avg-cpu:  %user   %nice %system %iowait  %steal   %idle
           0.25    0.00    4.90    0.69    0.00   94.15

Device            r/s     w/s     rMB/s     wMB/s   rrqm/s   wrqm/s  %rrqm  %wrqm r_await w_await aqu-sz rareq-sz wareq-sz  svctm  %util
sdb           5370.00 7832.00     24.21     23.75   827.00     0.00  13.35   0.00    0.33    0.37   0.00     4.62     3.11   0.08 100.00

2021년 09월 15일 19시 33분 02초
avg-cpu:  %user   %nice %system %iowait  %steal   %idle
           0.06    0.00    3.89    0.75    0.00   95.30

Device            r/s     w/s     rMB/s     wMB/s   rrqm/s   wrqm/s  %rrqm  %wrqm r_await w_await aqu-sz rareq-sz wareq-sz  svctm  %util
sdb           6609.00 9082.00     28.59     27.92   717.00     0.00   9.79   0.00    0.27    0.34   0.00     4.43     3.15   0.06 100.00

2021년 09월 15일 19시 33분 03초
avg-cpu:  %user   %nice %system %iowait  %steal   %idle
           0.13    0.00    1.38    0.82    0.00   97.68

Device            r/s     w/s     rMB/s     wMB/s   rrqm/s   wrqm/s  %rrqm  %wrqm r_await w_await aqu-sz rareq-sz wareq-sz  svctm  %util
sdb           8327.00 11005.00     34.53     33.88   505.00     0.00   5.72   0.00    0.22    0.34   0.00     4.25     3.15   0.05 100.00

2021년 09월 15일 19시 33분 04초
avg-cpu:  %user   %nice %system %iowait  %steal   %idle
           0.06    0.00    2.64    1.07    0.00   96.22

Device            r/s     w/s     rMB/s     wMB/s   rrqm/s   wrqm/s  %rrqm  %wrqm r_await w_await aqu-sz rareq-sz wareq-sz  svctm  %util
sdb           6552.00 9022.00     28.06     42.65   631.00  3892.00   8.78  30.14    0.28    0.44   0.82     4.39     4.84   0.06  98.80

2021년 09월 15일 19시 33분 05초
avg-cpu:  %user   %nice %system %iowait  %steal   %idle
           0.06    0.00    1.38    0.69    0.00   97.87

Device            r/s     w/s     rMB/s     wMB/s   rrqm/s   wrqm/s  %rrqm  %wrqm r_await w_await aqu-sz rareq-sz wareq-sz  svctm  %util
sdb           8255.00 11260.00     34.62     33.99   608.00     0.00   6.86   0.00    0.23    0.31   0.00     4.29     3.09   0.05 100.00

2021년 09월 15일 19시 33분 06초
avg-cpu:  %user   %nice %system %iowait  %steal   %idle
           0.00    0.00    1.19    0.75    0.00   98.05

Device            r/s     w/s     rMB/s     wMB/s   rrqm/s   wrqm/s  %rrqm  %wrqm r_await w_await aqu-sz rareq-sz wareq-sz  svctm  %util
sdb           8434.00 11050.00     35.12     34.41   556.00     0.00   6.18   0.00    0.22    0.35   0.00     4.26     3.19   0.05 100.00

2021년 09월 15일 19시 33분 07초
avg-cpu:  %user   %nice %system %iowait  %steal   %idle
           0.12    0.00    1.62    0.69    0.00   97.56

Device            r/s     w/s     rMB/s     wMB/s   rrqm/s   wrqm/s  %rrqm  %wrqm r_await w_await aqu-sz rareq-sz wareq-sz  svctm  %util
sdb           8240.00 11197.00     34.59     33.94   615.00     0.00   6.95   0.00    0.22    0.33   0.00     4.30     3.10   0.05 100.00

2021년 09월 15일 19시 33분 08초
avg-cpu:  %user   %nice %system %iowait  %steal   %idle
           0.38    0.00    4.57    0.81    0.00   94.24

Device            r/s     w/s     rMB/s     wMB/s   rrqm/s   wrqm/s  %rrqm  %wrqm r_await w_await aqu-sz rareq-sz wareq-sz  svctm  %util
sdb           5458.00 7788.00     24.24     23.62   748.00     0.00  12.05   0.00    0.32    0.39   0.28     4.55     3.11   0.07  98.40

2021년 09월 15일 19시 33분 09초
avg-cpu:  %user   %nice %system %iowait  %steal   %idle
           0.19    0.00    5.27    0.82    0.00   93.73

Device            r/s     w/s     rMB/s     wMB/s   rrqm/s   wrqm/s  %rrqm  %wrqm r_await w_await aqu-sz rareq-sz wareq-sz  svctm  %util
sdb           4875.00 7072.00     21.81     36.79   710.00  3952.00  12.71  35.85    0.36    0.43   0.50     4.58     5.33   0.08 100.00

2021년 09월 15일 19시 33분 10초
avg-cpu:  %user   %nice %system %iowait  %steal   %idle
           0.25    0.00    4.05    0.63    0.00   95.07

Device            r/s     w/s     rMB/s     wMB/s   rrqm/s   wrqm/s  %rrqm  %wrqm r_await w_await aqu-sz rareq-sz wareq-sz  svctm  %util
sdb           5464.00 7649.00     24.15     23.61   718.00     0.00  11.61   0.00    0.33    0.37   0.00     4.53     3.16   0.08 100.00

2021년 09월 15일 19시 33분 11초
avg-cpu:  %user   %nice %system %iowait  %steal   %idle
           0.19    0.00    2.02    0.82    0.00   96.97

Device            r/s     w/s     rMB/s     wMB/s   rrqm/s   wrqm/s  %rrqm  %wrqm r_await w_await aqu-sz rareq-sz wareq-sz  svctm  %util
sdb           6807.00 9396.00     29.05     28.46   633.00     0.00   8.51   0.00    0.26    0.35   0.00     4.37     3.10   0.06 100.00

2021년 09월 15일 19시 33분 12초
avg-cpu:  %user   %nice %system %iowait  %steal   %idle
           0.06    0.00    2.82    0.94    0.00   96.17

Device            r/s     w/s     rMB/s     wMB/s   rrqm/s   wrqm/s  %rrqm  %wrqm r_await w_await aqu-sz rareq-sz wareq-sz  svctm  %util
sdb           6732.00 9235.00     28.83     28.20   645.00     0.00   8.74   0.00    0.26    0.36   0.04     4.39     3.13   0.06  98.00

2021년 09월 15일 19시 33분 13초
avg-cpu:  %user   %nice %system %iowait  %steal   %idle
           0.50    0.00    4.89    0.63    0.00   93.98

Device            r/s     w/s     rMB/s     wMB/s   rrqm/s   wrqm/s  %rrqm  %wrqm r_await w_await aqu-sz rareq-sz wareq-sz  svctm  %util
sdb           4873.00 7201.00     21.79     21.34   704.00     0.00  12.62   0.00    0.33    0.35   0.00     4.58     3.04   0.08 100.00

2021년 09월 15일 19시 33분 14초
avg-cpu:  %user   %nice %system %iowait  %steal   %idle
           0.13    0.00    3.07    0.94    0.00   95.86

Device            r/s     w/s     rMB/s     wMB/s   rrqm/s   wrqm/s  %rrqm  %wrqm r_await w_await aqu-sz rareq-sz wareq-sz  svctm  %util
sdb           6426.00 8811.00     27.54     41.26   625.00  3630.00   8.86  29.18    0.28    0.39   0.41     4.39     4.79   0.07 100.00

2021년 09월 15일 19시 33분 15초
avg-cpu:  %user   %nice %system %iowait  %steal   %idle
           0.13    0.00    2.52    0.69    0.00   96.66

Device            r/s     w/s     rMB/s     wMB/s   rrqm/s   wrqm/s  %rrqm  %wrqm r_await w_await aqu-sz rareq-sz wareq-sz  svctm  %util
sdb           6670.00 9234.00     28.62     28.04   661.00     0.00   9.02   0.00    0.27    0.35   0.00     4.39     3.11   0.06 100.00

2021년 09월 15일 19시 33분 16초
avg-cpu:  %user   %nice %system %iowait  %steal   %idle
           0.38    0.00    4.78    0.57    0.00   94.28

Device            r/s     w/s     rMB/s     wMB/s   rrqm/s   wrqm/s  %rrqm  %wrqm r_await w_await aqu-sz rareq-sz wareq-sz  svctm  %util
sdb           5162.00 7464.00     23.06     22.50   739.00     0.00  12.52   0.00    0.34    0.36   0.00     4.57     3.09   0.08 100.00

2021년 09월 15일 19시 33분 17초
avg-cpu:  %user   %nice %system %iowait  %steal   %idle
           0.06    0.00    3.38    0.81    0.00   95.74

Device            r/s     w/s     rMB/s     wMB/s   rrqm/s   wrqm/s  %rrqm  %wrqm r_await w_await aqu-sz rareq-sz wareq-sz  svctm  %util
sdb           6538.00 8919.00     28.00     27.37   630.00     0.00   8.79   0.00    0.28    0.36   0.04     4.39     3.14   0.06  98.40

2021년 09월 15일 19시 33분 18초
avg-cpu:  %user   %nice %system %iowait  %steal   %idle
           0.06    0.00    1.32    0.82    0.00   97.80

Device            r/s     w/s     rMB/s     wMB/s   rrqm/s   wrqm/s  %rrqm  %wrqm r_await w_await aqu-sz rareq-sz wareq-sz  svctm  %util
sdb           8651.00 11437.00     36.04     35.42   576.00     0.00   6.24   0.00    0.22    0.33   0.00     4.27     3.17   0.05 100.00

2021년 09월 15일 19시 33분 19초
avg-cpu:  %user   %nice %system %iowait  %steal   %idle
           0.19    0.00    3.64    0.82    0.00   95.35

Device            r/s     w/s     rMB/s     wMB/s   rrqm/s   wrqm/s  %rrqm  %wrqm r_await w_await aqu-sz rareq-sz wareq-sz  svctm  %util
sdb           6197.00 8731.00     26.71     41.58   642.00  3912.00   9.39  30.94    0.33    0.39   0.63     4.41     4.88   0.07 100.00

2021년 09월 15일 19시 33분 20초
avg-cpu:  %user   %nice %system %iowait  %steal   %idle
           0.25    0.00    4.78    0.63    0.00   94.34

Device            r/s     w/s     rMB/s     wMB/s   rrqm/s   wrqm/s  %rrqm  %wrqm r_await w_await aqu-sz rareq-sz wareq-sz  svctm  %util
sdb           4973.00 7352.00     22.59     22.01   810.00     0.00  14.01   0.00    0.34    0.37   0.00     4.65     3.07   0.08 100.00

2021년 09월 15일 19시 33분 21초
avg-cpu:  %user   %nice %system %iowait  %steal   %idle
           0.25    0.00    4.64    0.82    0.00   94.29

Device            r/s     w/s     rMB/s     wMB/s   rrqm/s   wrqm/s  %rrqm  %wrqm r_await w_await aqu-sz rareq-sz wareq-sz  svctm  %util
sdb           5273.00 7529.00     23.60     23.05   768.00     0.00  12.71   0.00    0.34    0.36   0.08     4.58     3.14   0.08  98.40

2021년 09월 15일 19시 33분 22초
avg-cpu:  %user   %nice %system %iowait  %steal   %idle
           0.31    0.00    5.12    0.56    0.00   94.01

Device            r/s     w/s     rMB/s     wMB/s   rrqm/s   wrqm/s  %rrqm  %wrqm r_await w_await aqu-sz rareq-sz wareq-sz  svctm  %util
sdb           5477.00 7874.00     24.93     24.30   906.00     0.00  14.19   0.00    0.34    0.36   0.00     4.66     3.16   0.07 100.00

2021년 09월 15일 19시 33분 23초
avg-cpu:  %user   %nice %system %iowait  %steal   %idle
           0.31    0.00    4.84    0.57    0.00   94.28

Device            r/s     w/s     rMB/s     wMB/s   rrqm/s   wrqm/s  %rrqm  %wrqm r_await w_await aqu-sz rareq-sz wareq-sz  svctm  %util
sdb           5045.00 7263.00     22.52     22.02   719.00     0.00  12.47   0.00    0.34    0.36   0.00     4.57     3.11   0.08 100.00

2021년 09월 15일 19시 33분 24초
avg-cpu:  %user   %nice %system %iowait  %steal   %idle
           0.38    0.00    3.32    0.75    0.00   95.55

Device            r/s     w/s     rMB/s     wMB/s   rrqm/s   wrqm/s  %rrqm  %wrqm r_await w_await aqu-sz rareq-sz wareq-sz  svctm  %util
sdb           6112.00 8583.00     26.31     39.39   624.00  3504.00   9.26  28.99    0.29    0.36   0.35     4.41     4.70   0.07 100.00

2021년 09월 15일 19시 33분 25초
avg-cpu:  %user   %nice %system %iowait  %steal   %idle
           0.13    0.00    1.38    0.69    0.00   97.81

Device            r/s     w/s     rMB/s     wMB/s   rrqm/s   wrqm/s  %rrqm  %wrqm r_await w_await aqu-sz rareq-sz wareq-sz  svctm  %util
sdb           8378.00 11301.00     35.17     34.53   626.00     0.00   6.95   0.00    0.22    0.32   0.00     4.30     3.13   0.05 100.00

2021년 09월 15일 19시 33분 26초
avg-cpu:  %user   %nice %system %iowait  %steal   %idle
           0.12    0.00    2.50    0.87    0.00   96.50

Device            r/s     w/s     rMB/s     wMB/s   rrqm/s   wrqm/s  %rrqm  %wrqm r_await w_await aqu-sz rareq-sz wareq-sz  svctm  %util
sdb           7282.00 9904.00     30.79     30.33   599.00     0.00   7.60   0.00    0.24    0.35   0.04     4.33     3.14   0.06  98.40

2021년 09월 15일 19시 33분 27초
avg-cpu:  %user   %nice %system %iowait  %steal   %idle
           0.13    0.00    1.19    0.82    0.00   97.87

Device            r/s     w/s     rMB/s     wMB/s   rrqm/s   wrqm/s  %rrqm  %wrqm r_await w_await aqu-sz rareq-sz wareq-sz  svctm  %util
sdb           8307.00 11156.00     34.80     34.10   602.00     0.00   6.76   0.00    0.22    0.33   0.00     4.29     3.13   0.05 100.00

2021년 09월 15일 19시 33분 28초
avg-cpu:  %user   %nice %system %iowait  %steal   %idle
           0.06    0.00    1.57    0.69    0.00   97.68

Device            r/s     w/s     rMB/s     wMB/s   rrqm/s   wrqm/s  %rrqm  %wrqm r_await w_await aqu-sz rareq-sz wareq-sz  svctm  %util
sdb           8317.00 11085.00     34.66     34.01   555.00     0.00   6.26   0.00    0.22    0.34   0.00     4.27     3.14   0.05 100.00

2021년 09월 15일 19시 33분 29초
avg-cpu:  %user   %nice %system %iowait  %steal   %idle
           0.25    0.00    2.64    1.19    0.00   95.91

Device            r/s     w/s     rMB/s     wMB/s   rrqm/s   wrqm/s  %rrqm  %wrqm r_await w_await aqu-sz rareq-sz wareq-sz  svctm  %util
sdb           6413.00 8641.00     27.40     43.03   602.00  4167.00   8.58  32.53    0.28    0.43   0.55     4.38     5.10   0.07  98.40

2021년 09월 15일 19시 33분 30초
avg-cpu:  %user   %nice %system %iowait  %steal   %idle
           0.25    0.00    5.18    0.56    0.00   94.01

Device            r/s     w/s     rMB/s     wMB/s   rrqm/s   wrqm/s  %rrqm  %wrqm r_await w_await aqu-sz rareq-sz wareq-sz  svctm  %util
sdb           5174.00 7410.00     23.36     22.84   812.00     0.00  13.56   0.00    0.35    0.38   0.00     4.62     3.16   0.08 100.00

2021년 09월 15일 19시 33분 31초
avg-cpu:  %user   %nice %system %iowait  %steal   %idle
           0.19    0.00    2.96    0.69    0.00   96.16

Device            r/s     w/s     rMB/s     wMB/s   rrqm/s   wrqm/s  %rrqm  %wrqm r_await w_await aqu-sz rareq-sz wareq-sz  svctm  %util
sdb           6307.00 8797.00     27.16     26.63   641.00     0.00   9.23   0.00    0.29    0.34   0.00     4.41     3.10   0.07 100.00

2021년 09월 15일 19시 33분 32초
avg-cpu:  %user   %nice %system %iowait  %steal   %idle
           0.19    0.00    3.22    0.69    0.00   95.90

Device            r/s     w/s     rMB/s     wMB/s   rrqm/s   wrqm/s  %rrqm  %wrqm r_await w_await aqu-sz rareq-sz wareq-sz  svctm  %util
sdb           5839.00 8205.00     25.38     24.88   659.00     0.00  10.14   0.00    0.30    0.37   0.00     4.45     3.11   0.07 100.00

2021년 09월 15일 19시 33분 33초
avg-cpu:  %user   %nice %system %iowait  %steal   %idle
           0.19    0.00    4.89    0.56    0.00   94.35

Device            r/s     w/s     rMB/s     wMB/s   rrqm/s   wrqm/s  %rrqm  %wrqm r_await w_await aqu-sz rareq-sz wareq-sz  svctm  %util
sdb           5336.00 7593.00     24.04     23.46   819.00     0.00  13.31   0.00    0.35    0.38   0.00     4.61     3.16   0.08 100.00

2021년 09월 15일 19시 33분 34초
avg-cpu:  %user   %nice %system %iowait  %steal   %idle
           0.38    0.00    4.51    1.07    0.00   94.04

Device            r/s     w/s     rMB/s     wMB/s   rrqm/s   wrqm/s  %rrqm  %wrqm r_await w_await aqu-sz rareq-sz wareq-sz  svctm  %util
sdb           5214.00 7467.00     23.59     37.42   823.00  3642.00  13.63  32.78    0.35    0.44   0.58     4.63     5.13   0.08  98.00

2021년 09월 15일 19시 33분 35초
avg-cpu:  %user   %nice %system %iowait  %steal   %idle
           0.38    0.00    4.95    0.75    0.00   93.93

Device            r/s     w/s     rMB/s     wMB/s   rrqm/s   wrqm/s  %rrqm  %wrqm r_await w_await aqu-sz rareq-sz wareq-sz  svctm  %util
sdb           4977.00 7814.00     22.48     38.93   780.00  3629.00  13.55  31.71    0.36    0.50   0.00     4.63     5.10   0.08 100.00

2021년 09월 15일 19시 33분 36초
avg-cpu:  %user   %nice %system %iowait  %steal   %idle
           0.25    0.00    4.88    0.63    0.00   94.24

Device            r/s     w/s     rMB/s     wMB/s   rrqm/s   wrqm/s  %rrqm  %wrqm r_await w_await aqu-sz rareq-sz wareq-sz  svctm  %util
sdb           5291.00 7602.00     23.95     23.38   839.00     0.00  13.69   0.00    0.34    0.38   0.00     4.63     3.15   0.08 100.00

2021년 09월 15일 19시 33분 37초
avg-cpu:  %user   %nice %system %iowait  %steal   %idle
           0.44    0.00    3.92    0.63    0.00   95.01

Device            r/s     w/s     rMB/s     wMB/s   rrqm/s   wrqm/s  %rrqm  %wrqm r_await w_await aqu-sz rareq-sz wareq-sz  svctm  %util
sdb           5488.00 7766.00     24.68     24.06   831.00     0.00  13.15   0.00    0.33    0.37   0.00     4.61     3.17   0.08 100.00

2021년 09월 15일 19시 33분 38초
avg-cpu:  %user   %nice %system %iowait  %steal   %idle
           0.19    0.00    2.38    0.81    0.00   96.62

Device            r/s     w/s     rMB/s     wMB/s   rrqm/s   wrqm/s  %rrqm  %wrqm r_await w_await aqu-sz rareq-sz wareq-sz  svctm  %util
sdb           7644.00 10296.00     32.18     31.60   594.00     0.00   7.21   0.00    0.24    0.35   0.00     4.31     3.14   0.06 100.00

2021년 09월 15일 19시 33분 39초
avg-cpu:  %user   %nice %system %iowait  %steal   %idle
           0.31    0.00    4.50    1.13    0.00   94.06

Device            r/s     w/s     rMB/s     wMB/s   rrqm/s   wrqm/s  %rrqm  %wrqm r_await w_await aqu-sz rareq-sz wareq-sz  svctm  %util
sdb           5531.00 7734.00     24.41     38.16   719.00  3651.00  11.50  32.07    0.32    0.43   0.39     4.52     5.05   0.07  98.00

2021년 09월 15일 19시 33분 40초
avg-cpu:  %user   %nice %system %iowait  %steal   %idle
           0.31    0.00    4.95    0.56    0.00   94.18

Device            r/s     w/s     rMB/s     wMB/s   rrqm/s   wrqm/s  %rrqm  %wrqm r_await w_await aqu-sz rareq-sz wareq-sz  svctm  %util
sdb           5180.20 7377.23     23.21     22.68   760.40     0.00  12.80   0.00    0.34    0.37   0.00     4.59     3.15   0.08  99.01

2021년 09월 15일 19시 33분 41초
avg-cpu:  %user   %nice %system %iowait  %steal   %idle
           0.06    0.00    1.31    0.12    0.00   98.50

Device            r/s     w/s     rMB/s     wMB/s   rrqm/s   wrqm/s  %rrqm  %wrqm r_await w_await aqu-sz rareq-sz wareq-sz  svctm  %util
sdb           1170.00 1681.00      5.36      5.29   202.00     0.00  14.72   0.00    0.39    0.44   0.00     4.69     3.22   0.08  22.40

2021년 09월 15일 19시 33분 42초
avg-cpu:  %user   %nice %system %iowait  %steal   %idle
           0.12    0.00    0.06    0.00    0.00   99.81

Device            r/s     w/s     rMB/s     wMB/s   rrqm/s   wrqm/s  %rrqm  %wrqm r_await w_await aqu-sz rareq-sz wareq-sz  svctm  %util
sdb              0.00    0.00      0.00      0.00     0.00     0.00   0.00   0.00    0.00    0.00   0.00     0.00     0.00   0.00   0.00

2021년 09월 15일 19시 33분 43초
avg-cpu:  %user   %nice %system %iowait  %steal   %idle
           0.00    0.00    0.06    0.00    0.00   99.94

Device            r/s     w/s     rMB/s     wMB/s   rrqm/s   wrqm/s  %rrqm  %wrqm r_await w_await aqu-sz rareq-sz wareq-sz  svctm  %util
sdb              0.00    0.00      0.00      0.00     0.00     0.00   0.00   0.00    0.00    0.00   0.00     0.00     0.00   0.00   0.00

