Linux 5.5.8test (syslab-desk) 	2021년 09월 10일 	_x86_64_	(16 CPU)

2021년 09월 10일 09시 21분 02초
avg-cpu:  %user   %nice %system %iowait  %steal   %idle
           0.04    0.00    0.22    0.08    0.00   99.66

Device            r/s     w/s     rMB/s     wMB/s   rrqm/s   wrqm/s  %rrqm  %wrqm r_await w_await aqu-sz rareq-sz wareq-sz  svctm  %util
sdb             26.15  151.94      0.11      2.55     1.18   374.75   4.33  71.15    0.29    0.55   0.01     4.19    17.19   0.17   3.07

2021년 09월 10일 09시 21분 03초
avg-cpu:  %user   %nice %system %iowait  %steal   %idle
           0.00    0.00    0.19    0.00    0.00   99.81

Device            r/s     w/s     rMB/s     wMB/s   rrqm/s   wrqm/s  %rrqm  %wrqm r_await w_await aqu-sz rareq-sz wareq-sz  svctm  %util
sdb              0.00    0.00      0.00      0.00     0.00     0.00   0.00   0.00    0.00    0.00   0.00     0.00     0.00   0.00   0.00

2021년 09월 10일 09시 21분 04초
avg-cpu:  %user   %nice %system %iowait  %steal   %idle
           0.00    0.00    0.19    0.00    0.00   99.81

Device            r/s     w/s     rMB/s     wMB/s   rrqm/s   wrqm/s  %rrqm  %wrqm r_await w_await aqu-sz rareq-sz wareq-sz  svctm  %util
sdb              0.00    0.00      0.00      0.00     0.00     0.00   0.00   0.00    0.00    0.00   0.00     0.00     0.00   0.00   0.00

2021년 09월 10일 09시 21분 05초
avg-cpu:  %user   %nice %system %iowait  %steal   %idle
           0.06    0.00    0.13    0.00    0.00   99.81

Device            r/s     w/s     rMB/s     wMB/s   rrqm/s   wrqm/s  %rrqm  %wrqm r_await w_await aqu-sz rareq-sz wareq-sz  svctm  %util
sdb              0.00    0.00      0.00      0.00     0.00     0.00   0.00   0.00    0.00    0.00   0.00     0.00     0.00   0.00   0.00

2021년 09월 10일 09시 21분 06초
avg-cpu:  %user   %nice %system %iowait  %steal   %idle
           0.00    0.00    0.25    0.00    0.00   99.75

Device            r/s     w/s     rMB/s     wMB/s   rrqm/s   wrqm/s  %rrqm  %wrqm r_await w_await aqu-sz rareq-sz wareq-sz  svctm  %util
sdb              0.00    0.00      0.00      0.00     0.00     0.00   0.00   0.00    0.00    0.00   0.00     0.00     0.00   0.00   0.00

2021년 09월 10일 09시 21분 07초
avg-cpu:  %user   %nice %system %iowait  %steal   %idle
           0.06    0.00    0.06    0.00    0.00   99.87

Device            r/s     w/s     rMB/s     wMB/s   rrqm/s   wrqm/s  %rrqm  %wrqm r_await w_await aqu-sz rareq-sz wareq-sz  svctm  %util
sdb              0.00    0.00      0.00      0.00     0.00     0.00   0.00   0.00    0.00    0.00   0.00     0.00     0.00   0.00   0.00

2021년 09월 10일 09시 21분 08초
avg-cpu:  %user   %nice %system %iowait  %steal   %idle
           0.19    0.00    1.50    0.00    0.00   98.31

Device            r/s     w/s     rMB/s     wMB/s   rrqm/s   wrqm/s  %rrqm  %wrqm r_await w_await aqu-sz rareq-sz wareq-sz  svctm  %util
sdb           1037.00    1.00      4.06      0.00     0.00     0.00   0.00   0.00    0.12    0.00   0.00     4.01     0.00   0.30  31.60

2021년 09월 10일 09시 21분 09초
avg-cpu:  %user   %nice %system %iowait  %steal   %idle
           0.19    0.00    4.44    0.31    0.00   95.06

Device            r/s     w/s     rMB/s     wMB/s   rrqm/s   wrqm/s  %rrqm  %wrqm r_await w_await aqu-sz rareq-sz wareq-sz  svctm  %util
sdb           2618.00  296.00     20.84      2.79  2634.00   438.00  50.15  59.67    0.18    0.52   0.00     8.15     9.64   0.24  70.40

2021년 09월 10일 09시 21분 10초
avg-cpu:  %user   %nice %system %iowait  %steal   %idle
           0.56    0.00    5.20    1.57    0.00   92.67

Device            r/s     w/s     rMB/s     wMB/s   rrqm/s   wrqm/s  %rrqm  %wrqm r_await w_await aqu-sz rareq-sz wareq-sz  svctm  %util
sdb           3254.00 3313.00     63.81     32.20 12670.00  5352.00  79.57  61.77    0.44    0.47   0.06    20.08     9.95   0.15  98.40

2021년 09월 10일 09시 21분 11초
avg-cpu:  %user   %nice %system %iowait  %steal   %idle
           0.25    0.00    5.43    1.58    0.00   92.74

Device            r/s     w/s     rMB/s     wMB/s   rrqm/s   wrqm/s  %rrqm  %wrqm r_await w_await aqu-sz rareq-sz wareq-sz  svctm  %util
sdb           3552.00 4082.00     30.87     40.46  4215.00  6923.00  54.27  62.91    0.37    0.43   0.00     8.90    10.15   0.13 100.00

2021년 09월 10일 09시 21분 12초
avg-cpu:  %user   %nice %system %iowait  %steal   %idle
           0.44    0.00    6.49    1.37    0.00   91.70

Device            r/s     w/s     rMB/s     wMB/s   rrqm/s   wrqm/s  %rrqm  %wrqm r_await w_await aqu-sz rareq-sz wareq-sz  svctm  %util
sdb           3597.00 4607.00     21.54     41.56  1860.00  6983.00  34.08  60.25    0.33    0.41   0.00     6.13     9.24   0.12 100.00

2021년 09월 10일 09시 21분 13초
avg-cpu:  %user   %nice %system %iowait  %steal   %idle
           0.32    0.00    5.56    1.71    0.00   92.41

Device            r/s     w/s     rMB/s     wMB/s   rrqm/s   wrqm/s  %rrqm  %wrqm r_await w_await aqu-sz rareq-sz wareq-sz  svctm  %util
sdb           3611.00 5111.00     16.39     41.91   566.00  6994.00  13.55  57.78    0.31    0.37   0.00     4.65     8.40   0.11  98.40

2021년 09월 10일 09시 21분 14초
avg-cpu:  %user   %nice %system %iowait  %steal   %idle
           0.25    0.00    5.31    1.45    0.00   92.98

Device            r/s     w/s     rMB/s     wMB/s   rrqm/s   wrqm/s  %rrqm  %wrqm r_await w_await aqu-sz rareq-sz wareq-sz  svctm  %util
sdb           3579.00 5140.00     15.66     42.09   417.00  7045.00  10.44  57.82    0.32    0.40   0.08     4.48     8.39   0.11  99.60

2021년 09월 10일 09시 21분 15초
avg-cpu:  %user   %nice %system %iowait  %steal   %idle
           0.44    0.00    6.65    1.19    0.00   91.72

Device            r/s     w/s     rMB/s     wMB/s   rrqm/s   wrqm/s  %rrqm  %wrqm r_await w_await aqu-sz rareq-sz wareq-sz  svctm  %util
sdb           3779.00 4927.00     15.24     44.31   118.00  7442.00   3.03  60.17    0.31    0.38   0.00     4.13     9.21   0.11 100.00

2021년 09월 10일 09시 21분 16초
avg-cpu:  %user   %nice %system %iowait  %steal   %idle
           0.44    0.00    5.66    1.76    0.00   92.14

Device            r/s     w/s     rMB/s     wMB/s   rrqm/s   wrqm/s  %rrqm  %wrqm r_await w_await aqu-sz rareq-sz wareq-sz  svctm  %util
sdb           3865.00 5042.00     15.34     43.00    60.00  7039.00   1.53  58.27    0.30    0.39   0.08     4.06     8.73   0.11  98.40

2021년 09월 10일 09시 21분 17초
avg-cpu:  %user   %nice %system %iowait  %steal   %idle
           0.31    0.00    6.47    1.32    0.00   91.89

Device            r/s     w/s     rMB/s     wMB/s   rrqm/s   wrqm/s  %rrqm  %wrqm r_await w_await aqu-sz rareq-sz wareq-sz  svctm  %util
sdb           3958.00 4913.00     16.05     45.68   146.00  7696.00   3.56  61.04    0.29    0.38   0.00     4.15     9.52   0.11 100.00

2021년 09월 10일 09시 21분 18초
avg-cpu:  %user   %nice %system %iowait  %steal   %idle
           0.32    0.00    5.99    1.39    0.00   92.30

Device            r/s     w/s     rMB/s     wMB/s   rrqm/s   wrqm/s  %rrqm  %wrqm r_await w_await aqu-sz rareq-sz wareq-sz  svctm  %util
sdb           3775.00 4932.00     14.75     44.84     0.00  7550.00   0.00  60.49    0.30    0.39   0.00     4.00     9.31   0.11 100.00

2021년 09월 10일 09시 21분 19초
avg-cpu:  %user   %nice %system %iowait  %steal   %idle
           0.31    0.00    6.08    1.63    0.00   91.98

Device            r/s     w/s     rMB/s     wMB/s   rrqm/s   wrqm/s  %rrqm  %wrqm r_await w_await aqu-sz rareq-sz wareq-sz  svctm  %util
sdb           3589.00 4701.00     14.14     40.61    30.00  6709.00   0.83  58.80    0.34    0.41   0.06     4.03     8.85   0.12  98.00

2021년 09월 10일 09시 21분 20초
avg-cpu:  %user   %nice %system %iowait  %steal   %idle
           0.31    0.00    6.87    1.44    0.00   91.39

Device            r/s     w/s     rMB/s     wMB/s   rrqm/s   wrqm/s  %rrqm  %wrqm r_await w_await aqu-sz rareq-sz wareq-sz  svctm  %util
sdb           3376.00 4714.00     13.67     42.18   119.00  7246.00   3.40  60.59    0.34    0.41   0.00     4.15     9.16   0.12 100.00

2021년 09월 10일 09시 21분 21초
avg-cpu:  %user   %nice %system %iowait  %steal   %idle
           0.50    0.00    6.86    1.31    0.00   91.33

Device            r/s     w/s     rMB/s     wMB/s   rrqm/s   wrqm/s  %rrqm  %wrqm r_await w_await aqu-sz rareq-sz wareq-sz  svctm  %util
sdb           3529.00 4721.00     14.03     42.59    60.00  7231.00   1.67  60.50    0.33    0.40   0.00     4.07     9.24   0.12 100.00

2021년 09월 10일 09시 21분 22초
avg-cpu:  %user   %nice %system %iowait  %steal   %idle
           0.37    0.00    6.91    1.74    0.00   90.98

Device            r/s     w/s     rMB/s     wMB/s   rrqm/s   wrqm/s  %rrqm  %wrqm r_await w_await aqu-sz rareq-sz wareq-sz  svctm  %util
sdb           3303.00 4682.00     13.26     42.09    88.00  7239.00   2.60  60.72    0.34    0.41   0.08     4.11     9.21   0.12  98.40

2021년 09월 10일 09시 21분 23초
avg-cpu:  %user   %nice %system %iowait  %steal   %idle
           0.38    0.00    5.98    1.45    0.00   92.19

Device            r/s     w/s     rMB/s     wMB/s   rrqm/s   wrqm/s  %rrqm  %wrqm r_await w_await aqu-sz rareq-sz wareq-sz  svctm  %util
sdb           3404.00 4714.00     13.41     41.31    29.00  7023.00   0.84  59.84    0.34    0.40   0.00     4.04     8.97   0.12 100.00

2021년 09월 10일 09시 21분 24초
avg-cpu:  %user   %nice %system %iowait  %steal   %idle
           0.50    0.00    5.54    1.38    0.00   92.57

Device            r/s     w/s     rMB/s     wMB/s   rrqm/s   wrqm/s  %rrqm  %wrqm r_await w_await aqu-sz rareq-sz wareq-sz  svctm  %util
sdb           3585.00 4799.00     14.00     42.75     0.00  7187.00   0.00  59.96    0.33    0.40   0.00     4.00     9.12   0.12 100.00

2021년 09월 10일 09시 21분 25초
avg-cpu:  %user   %nice %system %iowait  %steal   %idle
           0.38    0.00    5.78    1.63    0.00   92.22

Device            r/s     w/s     rMB/s     wMB/s   rrqm/s   wrqm/s  %rrqm  %wrqm r_await w_await aqu-sz rareq-sz wareq-sz  svctm  %util
sdb           3413.00 4951.00     13.33     40.72     0.00  6828.00   0.00  57.97    0.34    0.40   0.08     4.00     8.42   0.12  98.40

2021년 09월 10일 09시 21분 26초
avg-cpu:  %user   %nice %system %iowait  %steal   %idle
           0.44    0.00    6.10    1.45    0.00   92.01

Device            r/s     w/s     rMB/s     wMB/s   rrqm/s   wrqm/s  %rrqm  %wrqm r_await w_await aqu-sz rareq-sz wareq-sz  svctm  %util
sdb           3342.00 4837.00     13.05     42.84     0.00  7449.00   0.00  60.63    0.33    0.40   0.00     4.00     9.07   0.12 100.00

2021년 09월 10일 09시 21분 27초
avg-cpu:  %user   %nice %system %iowait  %steal   %idle
           0.44    0.00    5.24    1.58    0.00   92.74

Device            r/s     w/s     rMB/s     wMB/s   rrqm/s   wrqm/s  %rrqm  %wrqm r_await w_await aqu-sz rareq-sz wareq-sz  svctm  %util
sdb           3670.00 4859.00     14.57     42.80    58.00  7154.00   1.56  59.55    0.33    0.39   0.00     4.07     9.02   0.12 100.00

2021년 09월 10일 09시 21분 28초
avg-cpu:  %user   %nice %system %iowait  %steal   %idle
           0.31    0.00    7.27    1.49    0.00   90.93

Device            r/s     w/s     rMB/s     wMB/s   rrqm/s   wrqm/s  %rrqm  %wrqm r_await w_await aqu-sz rareq-sz wareq-sz  svctm  %util
sdb           3680.00 4820.00     14.37     42.84     0.00  7149.00   0.00  59.73    0.31    0.40   0.08     4.00     9.10   0.12  98.40

2021년 09월 10일 09시 21분 29초
avg-cpu:  %user   %nice %system %iowait  %steal   %idle
           0.50    0.00    7.26    1.30    0.00   90.94

Device            r/s     w/s     rMB/s     wMB/s   rrqm/s   wrqm/s  %rrqm  %wrqm r_await w_await aqu-sz rareq-sz wareq-sz  svctm  %util
sdb           3860.00 4959.00     15.08     44.97     0.00  7531.00   0.00  60.30    0.30    0.38   0.00     4.00     9.29   0.11 100.00

2021년 09월 10일 09시 21분 30초
avg-cpu:  %user   %nice %system %iowait  %steal   %idle
           0.44    0.00    6.62    1.31    0.00   91.62

Device            r/s     w/s     rMB/s     wMB/s   rrqm/s   wrqm/s  %rrqm  %wrqm r_await w_await aqu-sz rareq-sz wareq-sz  svctm  %util
sdb           3768.00 4816.00     14.84     46.40    30.00  7899.00   0.79  62.12    0.30    0.40   0.00     4.03     9.87   0.12 100.00

2021년 09월 10일 09시 21분 31초
avg-cpu:  %user   %nice %system %iowait  %steal   %idle
           0.57    0.00    5.66    1.63    0.00   92.14

Device            r/s     w/s     rMB/s     wMB/s   rrqm/s   wrqm/s  %rrqm  %wrqm r_await w_await aqu-sz rareq-sz wareq-sz  svctm  %util
sdb           3617.00 4630.00     14.13     44.20     0.00  7557.00   0.00  62.01    0.33    0.41   0.08     4.00     9.78   0.12  98.40

2021년 09월 10일 09시 21분 32초
avg-cpu:  %user   %nice %system %iowait  %steal   %idle
           0.19    0.00    6.17    1.57    0.00   92.07

Device            r/s     w/s     rMB/s     wMB/s   rrqm/s   wrqm/s  %rrqm  %wrqm r_await w_await aqu-sz rareq-sz wareq-sz  svctm  %util
sdb           3394.00 4773.00     13.43     42.70    43.00  7354.00   1.25  60.64    0.34    0.40   0.00     4.05     9.16   0.12 100.00

2021년 09월 10일 09시 21분 33초
avg-cpu:  %user   %nice %system %iowait  %steal   %idle
           0.44    0.00    5.92    1.45    0.00   92.19

Device            r/s     w/s     rMB/s     wMB/s   rrqm/s   wrqm/s  %rrqm  %wrqm r_await w_await aqu-sz rareq-sz wareq-sz  svctm  %util
sdb           3451.00 4671.00     13.48     43.42     0.00  7544.00   0.00  61.76    0.34    0.42   0.00     4.00     9.52   0.12 100.00

2021년 09월 10일 09시 21분 34초
avg-cpu:  %user   %nice %system %iowait  %steal   %idle
           0.31    0.00    6.03    1.70    0.00   91.96

Device            r/s     w/s     rMB/s     wMB/s   rrqm/s   wrqm/s  %rrqm  %wrqm r_await w_await aqu-sz rareq-sz wareq-sz  svctm  %util
sdb           3367.00 4498.00     13.15     42.41     0.00  7379.00   0.00  62.13    0.35    0.43   0.08     4.00     9.66   0.13  98.40

2021년 09월 10일 09시 21분 35초
avg-cpu:  %user   %nice %system %iowait  %steal   %idle
           0.31    0.00    6.41    1.38    0.00   91.90

Device            r/s     w/s     rMB/s     wMB/s   rrqm/s   wrqm/s  %rrqm  %wrqm r_await w_await aqu-sz rareq-sz wareq-sz  svctm  %util
sdb           3499.00 4800.00     13.73     42.96    14.00  7293.00   0.40  60.31    0.33    0.39   0.00     4.02     9.16   0.12 100.00

2021년 09월 10일 09시 21분 36초
avg-cpu:  %user   %nice %system %iowait  %steal   %idle
           0.44    0.00    5.92    1.38    0.00   92.26

Device            r/s     w/s     rMB/s     wMB/s   rrqm/s   wrqm/s  %rrqm  %wrqm r_await w_await aqu-sz rareq-sz wareq-sz  svctm  %util
sdb           3449.00 5229.00     13.47     43.08     0.00  7162.00   0.00  57.80    0.30    0.38   0.00     4.00     8.44   0.12 100.00

2021년 09월 10일 09시 21분 37초
avg-cpu:  %user   %nice %system %iowait  %steal   %idle
           0.13    0.00    5.18    2.15    0.00   92.54

Device            r/s     w/s     rMB/s     wMB/s   rrqm/s   wrqm/s  %rrqm  %wrqm r_await w_await aqu-sz rareq-sz wareq-sz  svctm  %util
sdb           3289.00 5099.00     12.85     40.07     0.00  6403.00   0.00  55.67    0.29    0.38   0.04     4.00     8.05   0.12  98.40

2021년 09월 10일 09시 21분 38초
avg-cpu:  %user   %nice %system %iowait  %steal   %idle
           0.50    0.00    5.59    1.69    0.00   92.22

Device            r/s     w/s     rMB/s     wMB/s   rrqm/s   wrqm/s  %rrqm  %wrqm r_await w_await aqu-sz rareq-sz wareq-sz  svctm  %util
sdb           3147.00 5149.00     12.29     40.71     0.00  6625.00   0.00  56.27    0.30    0.38   0.00     4.00     8.10   0.12 100.00

2021년 09월 10일 09시 21분 39초
avg-cpu:  %user   %nice %system %iowait  %steal   %idle
           0.43    0.00    8.06    1.53    0.00   89.98

Device            r/s     w/s     rMB/s     wMB/s   rrqm/s   wrqm/s  %rrqm  %wrqm r_await w_await aqu-sz rareq-sz wareq-sz  svctm  %util
sdb           3506.00 5184.00     13.81     43.50    29.00  6988.00   0.82  57.41    0.29    0.37   0.00     4.03     8.59   0.12 100.00

2021년 09월 10일 09시 21분 40초
avg-cpu:  %user   %nice %system %iowait  %steal   %idle
           0.38    0.00    5.52    2.70    0.00   91.41

Device            r/s     w/s     rMB/s     wMB/s   rrqm/s   wrqm/s  %rrqm  %wrqm r_await w_await aqu-sz rareq-sz wareq-sz  svctm  %util
sdb           2702.00 6758.00     10.55     83.94     0.00 15443.00   0.00  69.56    0.36    0.80   0.04     4.00    12.72   0.10  98.40

2021년 09월 10일 09시 21분 41초
avg-cpu:  %user   %nice %system %iowait  %steal   %idle
           0.38    0.00    5.92    1.51    0.00   92.19

Device            r/s     w/s     rMB/s     wMB/s   rrqm/s   wrqm/s  %rrqm  %wrqm r_await w_await aqu-sz rareq-sz wareq-sz  svctm  %util
sdb           3111.00 6702.00     12.28     56.66    31.00  9197.00   0.99  57.85    0.34    0.62   0.00     4.04     8.66   0.10 100.00

2021년 09월 10일 09시 21분 42초
avg-cpu:  %user   %nice %system %iowait  %steal   %idle
           0.38    0.00    6.44    1.63    0.00   91.56

Device            r/s     w/s     rMB/s     wMB/s   rrqm/s   wrqm/s  %rrqm  %wrqm r_await w_await aqu-sz rareq-sz wareq-sz  svctm  %util
sdb           3365.00 4559.00     13.21     40.43    15.00  6877.00   0.44  60.13    0.35    0.42   0.06     4.02     9.08   0.12  98.40

2021년 09월 10일 09시 21분 43초
avg-cpu:  %user   %nice %system %iowait  %steal   %idle
           0.19    0.00    5.82    1.45    0.00   92.54

Device            r/s     w/s     rMB/s     wMB/s   rrqm/s   wrqm/s  %rrqm  %wrqm r_await w_await aqu-sz rareq-sz wareq-sz  svctm  %util
sdb           3475.00 4701.00     13.57     42.19     0.00  7141.00   0.00  60.30    0.34    0.40   0.01     4.00     9.19   0.12 100.00

2021년 09월 10일 09시 21분 44초
avg-cpu:  %user   %nice %system %iowait  %steal   %idle
           0.44    0.00    5.74    1.58    0.00   92.24

Device            r/s     w/s     rMB/s     wMB/s   rrqm/s   wrqm/s  %rrqm  %wrqm r_await w_await aqu-sz rareq-sz wareq-sz  svctm  %util
sdb           3858.00 4820.00     15.13     46.50    14.00  7920.00   0.36  62.17    0.30    0.39   0.01     4.02     9.88   0.12 100.00

2021년 09월 10일 09시 21분 45초
avg-cpu:  %user   %nice %system %iowait  %steal   %idle
           0.38    0.00    5.62    1.64    0.00   92.36

Device            r/s     w/s     rMB/s     wMB/s   rrqm/s   wrqm/s  %rrqm  %wrqm r_await w_await aqu-sz rareq-sz wareq-sz  svctm  %util
sdb           3598.00 4745.00     14.17     43.72    29.00  7451.00   0.80  61.09    0.32    0.40   0.08     4.03     9.44   0.12  98.40

2021년 09월 10일 09시 21분 46초
avg-cpu:  %user   %nice %system %iowait  %steal   %idle
           0.38    0.00    5.32    1.52    0.00   92.78

Device            r/s     w/s     rMB/s     wMB/s   rrqm/s   wrqm/s  %rrqm  %wrqm r_await w_await aqu-sz rareq-sz wareq-sz  svctm  %util
sdb           3318.00 4775.00     12.96     43.34     0.00  7574.00   0.00  61.33    0.34    0.41   0.00     4.00     9.30   0.12 100.00

2021년 09월 10일 09시 21분 47초
avg-cpu:  %user   %nice %system %iowait  %steal   %idle
           0.38    0.00    6.17    1.76    0.00   91.69

Device            r/s     w/s     rMB/s     wMB/s   rrqm/s   wrqm/s  %rrqm  %wrqm r_await w_await aqu-sz rareq-sz wareq-sz  svctm  %util
sdb           3477.00 5169.00     13.58     42.25     0.00  7131.00   0.00  57.98    0.31    0.38   0.08     4.00     8.37   0.11  98.00

2021년 09월 10일 09시 21분 48초
avg-cpu:  %user   %nice %system %iowait  %steal   %idle
           0.50    0.00    6.04    1.26    0.00   92.20

Device            r/s     w/s     rMB/s     wMB/s   rrqm/s   wrqm/s  %rrqm  %wrqm r_await w_await aqu-sz rareq-sz wareq-sz  svctm  %util
sdb           3567.00 5166.00     13.93     42.56     0.00  7205.00   0.00  58.24    0.31    0.38   0.00     4.00     8.44   0.11 100.00

2021년 09월 10일 09시 21분 49초
avg-cpu:  %user   %nice %system %iowait  %steal   %idle
           0.31    0.00    6.28    1.44    0.00   91.96

Device            r/s     w/s     rMB/s     wMB/s   rrqm/s   wrqm/s  %rrqm  %wrqm r_await w_await aqu-sz rareq-sz wareq-sz  svctm  %util
sdb           3460.00 4716.00     13.52     43.54     0.00  7587.00   0.00  61.67    0.34    0.40   0.00     4.00     9.45   0.12 100.00

2021년 09월 10일 09시 21분 50초
avg-cpu:  %user   %nice %system %iowait  %steal   %idle
           0.44    0.00    5.80    1.70    0.00   92.06

Device            r/s     w/s     rMB/s     wMB/s   rrqm/s   wrqm/s  %rrqm  %wrqm r_await w_await aqu-sz rareq-sz wareq-sz  svctm  %util
sdb           3599.00 4857.00     14.18     44.13    31.00  7530.00   0.85  60.79    0.31    0.40   0.08     4.04     9.30   0.12  98.40

2021년 09월 10일 09시 21분 51초
avg-cpu:  %user   %nice %system %iowait  %steal   %idle
           0.62    0.00    6.43    1.25    0.00   91.69

Device            r/s     w/s     rMB/s     wMB/s   rrqm/s   wrqm/s  %rrqm  %wrqm r_await w_await aqu-sz rareq-sz wareq-sz  svctm  %util
sdb           3566.00 4824.00     14.05     43.75    29.00  7509.00   0.81  60.89    0.33    0.40   0.00     4.03     9.29   0.12 100.00

2021년 09월 10일 09시 21분 52초
avg-cpu:  %user   %nice %system %iowait  %steal   %idle
           0.31    0.00    6.03    1.44    0.00   92.22

Device            r/s     w/s     rMB/s     wMB/s   rrqm/s   wrqm/s  %rrqm  %wrqm r_await w_await aqu-sz rareq-sz wareq-sz  svctm  %util
sdb           3576.00 4622.00     14.09     44.10    30.00  7593.00   0.83  62.16    0.33    0.41   0.00     4.03     9.77   0.12 100.00

2021년 09월 10일 09시 21분 53초
avg-cpu:  %user   %nice %system %iowait  %steal   %idle
           0.56    0.00    6.84    1.49    0.00   91.11

Device            r/s     w/s     rMB/s     wMB/s   rrqm/s   wrqm/s  %rrqm  %wrqm r_await w_await aqu-sz rareq-sz wareq-sz  svctm  %util
sdb           3391.00 4892.00     13.25     42.77     0.00  7374.00   0.00  60.12    0.34    0.39   0.08     4.00     8.95   0.12  98.40

2021년 09월 10일 09시 21분 54초
avg-cpu:  %user   %nice %system %iowait  %steal   %idle
           0.31    0.00    5.85    1.32    0.00   92.52

Device            r/s     w/s     rMB/s     wMB/s   rrqm/s   wrqm/s  %rrqm  %wrqm r_await w_await aqu-sz rareq-sz wareq-sz  svctm  %util
sdb           3724.00 4758.00     14.55     42.19     0.00  6960.00   0.00  59.40    0.33    0.40   0.00     4.00     9.08   0.12 100.00

2021년 09월 10일 09시 21분 55초
avg-cpu:  %user   %nice %system %iowait  %steal   %idle
           0.44    0.00    6.27    1.44    0.00   91.84

Device            r/s     w/s     rMB/s     wMB/s   rrqm/s   wrqm/s  %rrqm  %wrqm r_await w_await aqu-sz rareq-sz wareq-sz  svctm  %util
sdb           3411.00 4831.00     13.32     41.25     0.00  7002.00   0.00  59.17    0.34    0.40   0.00     4.00     8.74   0.12 100.00

2021년 09월 10일 09시 21분 56초
avg-cpu:  %user   %nice %system %iowait  %steal   %idle
           0.50    0.00    5.84    1.69    0.00   91.96

Device            r/s     w/s     rMB/s     wMB/s   rrqm/s   wrqm/s  %rrqm  %wrqm r_await w_await aqu-sz rareq-sz wareq-sz  svctm  %util
sdb           3637.00 4754.00     14.21     41.37     0.00  6840.00   0.00  59.00    0.32    0.41   0.08     4.00     8.91   0.12  98.40

2021년 09월 10일 09시 21분 57초
avg-cpu:  %user   %nice %system %iowait  %steal   %idle
           0.44    0.00    7.04    1.56    0.00   90.96

Device            r/s     w/s     rMB/s     wMB/s   rrqm/s   wrqm/s  %rrqm  %wrqm r_await w_await aqu-sz rareq-sz wareq-sz  svctm  %util
sdb           3456.00 4778.00     13.50     42.62     0.00  7286.00   0.00  60.39    0.34    0.40   0.00     4.00     9.13   0.12 100.00

2021년 09월 10일 09시 21분 58초
avg-cpu:  %user   %nice %system %iowait  %steal   %idle
           0.57    0.00    5.97    1.38    0.00   92.08

Device            r/s     w/s     rMB/s     wMB/s   rrqm/s   wrqm/s  %rrqm  %wrqm r_await w_await aqu-sz rareq-sz wareq-sz  svctm  %util
sdb           3415.00 4948.00     13.34     41.69     0.00  7087.00   0.00  58.89    0.34    0.40   0.00     4.00     8.63   0.12 100.00

2021년 09월 10일 09시 21분 59초
avg-cpu:  %user   %nice %system %iowait  %steal   %idle
           0.38    0.00    5.80    1.76    0.00   92.06

Device            r/s     w/s     rMB/s     wMB/s   rrqm/s   wrqm/s  %rrqm  %wrqm r_await w_await aqu-sz rareq-sz wareq-sz  svctm  %util
sdb           3377.00 4712.00     13.31     42.35    29.00  7295.00   0.85  60.76    0.34    0.41   0.07     4.04     9.20   0.12  98.40

2021년 09월 10일 09시 22분 00초
avg-cpu:  %user   %nice %system %iowait  %steal   %idle
           0.31    0.00    6.57    1.13    0.00   91.99

Device            r/s     w/s     rMB/s     wMB/s   rrqm/s   wrqm/s  %rrqm  %wrqm r_await w_await aqu-sz rareq-sz wareq-sz  svctm  %util
sdb           3556.00 4911.00     13.89     43.19     0.00  7340.00   0.00  59.91    0.32    0.40   0.00     4.00     9.01   0.12 100.00

2021년 09월 10일 09시 22분 01초
avg-cpu:  %user   %nice %system %iowait  %steal   %idle
           0.31    0.00    7.21    1.31    0.00   91.17

Device            r/s     w/s     rMB/s     wMB/s   rrqm/s   wrqm/s  %rrqm  %wrqm r_await w_await aqu-sz rareq-sz wareq-sz  svctm  %util
sdb           3350.00 5040.00     13.09     42.27     0.00  7304.00   0.00  59.17    0.34    0.39   0.00     4.00     8.59   0.12 100.00

2021년 09월 10일 09시 22분 02초
avg-cpu:  %user   %nice %system %iowait  %steal   %idle
           0.25    0.00    6.80    1.87    0.00   91.07

Device            r/s     w/s     rMB/s     wMB/s   rrqm/s   wrqm/s  %rrqm  %wrqm r_await w_await aqu-sz rareq-sz wareq-sz  svctm  %util
sdb           3328.00 4690.00     13.00     41.09     0.00  6993.00   0.00  59.86    0.35    0.41   0.06     4.00     8.97   0.12  98.40

2021년 09월 10일 09시 22분 03초
avg-cpu:  %user   %nice %system %iowait  %steal   %idle
           0.31    0.00    7.68    1.30    0.00   90.71

Device            r/s     w/s     rMB/s     wMB/s   rrqm/s   wrqm/s  %rrqm  %wrqm r_await w_await aqu-sz rareq-sz wareq-sz  svctm  %util
sdb           3846.00 5168.00     15.02     44.20     0.00  7340.00   0.00  58.68    0.30    0.37   0.00     4.00     8.76   0.11 100.00

2021년 09월 10일 09시 22분 04초
avg-cpu:  %user   %nice %system %iowait  %steal   %idle
           0.31    0.00    5.72    1.45    0.00   92.52

Device            r/s     w/s     rMB/s     wMB/s   rrqm/s   wrqm/s  %rrqm  %wrqm r_await w_await aqu-sz rareq-sz wareq-sz  svctm  %util
sdb           3608.00 4805.00     14.09     44.35     0.00  7577.00   0.00  61.19    0.33    0.41   0.00     4.00     9.45   0.12 100.00

2021년 09월 10일 09시 22분 05초
avg-cpu:  %user   %nice %system %iowait  %steal   %idle
           0.37    0.00    6.66    1.80    0.00   91.16

Device            r/s     w/s     rMB/s     wMB/s   rrqm/s   wrqm/s  %rrqm  %wrqm r_await w_await aqu-sz rareq-sz wareq-sz  svctm  %util
sdb           3569.00 4544.00     13.95     42.77     0.00  7256.00   0.00  61.49    0.34    0.41   0.08     4.00     9.64   0.12  98.40

2021년 09월 10일 09시 22분 06초
avg-cpu:  %user   %nice %system %iowait  %steal   %idle
           0.31    0.00    6.40    1.44    0.00   91.84

Device            r/s     w/s     rMB/s     wMB/s   rrqm/s   wrqm/s  %rrqm  %wrqm r_await w_await aqu-sz rareq-sz wareq-sz  svctm  %util
sdb           3650.00 4778.00     14.25     44.77     0.00  7667.00   0.00  61.61    0.31    0.40   0.00     4.00     9.60   0.12 100.40

2021년 09월 10일 09시 22분 07초
avg-cpu:  %user   %nice %system %iowait  %steal   %idle
           0.31    0.00    6.00    1.81    0.00   91.87

Device            r/s     w/s     rMB/s     wMB/s   rrqm/s   wrqm/s  %rrqm  %wrqm r_await w_await aqu-sz rareq-sz wareq-sz  svctm  %util
sdb           3192.00 4992.00     12.59     42.46    29.00  7063.00   0.90  58.59    0.31    0.40   0.00     4.04     8.71   0.12 100.00

2021년 09월 10일 09시 22분 08초
avg-cpu:  %user   %nice %system %iowait  %steal   %idle
           0.31    0.00    5.60    2.08    0.00   92.01

Device            r/s     w/s     rMB/s     wMB/s   rrqm/s   wrqm/s  %rrqm  %wrqm r_await w_await aqu-sz rareq-sz wareq-sz  svctm  %util
sdb           3018.00 4967.00     11.79     40.82     0.00  6719.00   0.00  57.50    0.30    0.39   0.04     4.00     8.41   0.12  98.40

2021년 09월 10일 09시 22분 09초
avg-cpu:  %user   %nice %system %iowait  %steal   %idle
           0.31    0.00    5.78    1.63    0.00   92.27

Device            r/s     w/s     rMB/s     wMB/s   rrqm/s   wrqm/s  %rrqm  %wrqm r_await w_await aqu-sz rareq-sz wareq-sz  svctm  %util
sdb           3152.00 5199.00     12.31     41.05     0.00  6704.00   0.00  56.32    0.30    0.38   0.00     4.00     8.09   0.12 100.00

2021년 09월 10일 09시 22분 10초
avg-cpu:  %user   %nice %system %iowait  %steal   %idle
           0.57    0.00    5.41    1.89    0.00   92.14

Device            r/s     w/s     rMB/s     wMB/s   rrqm/s   wrqm/s  %rrqm  %wrqm r_await w_await aqu-sz rareq-sz wareq-sz  svctm  %util
sdb           3144.00 5070.00     12.28     41.45     0.00  6804.00   0.00  57.30    0.30    0.39   0.00     4.00     8.37   0.12 100.00

2021년 09월 10일 09시 22분 11초
avg-cpu:  %user   %nice %system %iowait  %steal   %idle
           0.37    0.00    6.47    2.05    0.00   91.11

Device            r/s     w/s     rMB/s     wMB/s   rrqm/s   wrqm/s  %rrqm  %wrqm r_await w_await aqu-sz rareq-sz wareq-sz  svctm  %util
sdb           3370.00 5153.00     13.16     44.29     0.00  7251.00   0.00  58.46    0.32    0.44   0.06     4.00     8.80   0.11  98.00

2021년 09월 10일 09시 22분 12초
avg-cpu:  %user   %nice %system %iowait  %steal   %idle
           0.38    0.00    6.13    2.38    0.00   91.12

Device            r/s     w/s     rMB/s     wMB/s   rrqm/s   wrqm/s  %rrqm  %wrqm r_await w_await aqu-sz rareq-sz wareq-sz  svctm  %util
sdb           2575.00 8505.00     10.06     95.49     0.00 16751.00   0.00  66.32    0.41    0.87   0.00     4.00    11.50   0.09 100.00

2021년 09월 10일 09시 22분 13초
avg-cpu:  %user   %nice %system %iowait  %steal   %idle
           0.50    0.00    6.44    1.69    0.00   91.37

Device            r/s     w/s     rMB/s     wMB/s   rrqm/s   wrqm/s  %rrqm  %wrqm r_await w_await aqu-sz rareq-sz wareq-sz  svctm  %util
sdb           3390.00 4969.00     13.24     42.10     0.00  7218.00   0.00  59.23    0.33    0.40   0.06     4.00     8.68   0.12  98.80

2021년 09월 10일 09시 22분 14초
avg-cpu:  %user   %nice %system %iowait  %steal   %idle
           0.44    0.00    5.59    1.45    0.00   92.52

Device            r/s     w/s     rMB/s     wMB/s   rrqm/s   wrqm/s  %rrqm  %wrqm r_await w_await aqu-sz rareq-sz wareq-sz  svctm  %util
sdb           3472.00 5070.00     13.56     41.96     0.00  7107.00   0.00  58.36    0.34    0.39   0.00     4.00     8.48   0.12 100.00

2021년 09월 10일 09시 22분 15초
avg-cpu:  %user   %nice %system %iowait  %steal   %idle
           0.38    0.00    5.98    1.51    0.00   92.13

Device            r/s     w/s     rMB/s     wMB/s   rrqm/s   wrqm/s  %rrqm  %wrqm r_await w_await aqu-sz rareq-sz wareq-sz  svctm  %util
sdb           3429.00 4753.00     13.39     42.23     0.00  7209.00   0.00  60.27    0.34    0.41   0.00     4.00     9.10   0.12 100.00

2021년 09월 10일 09시 22분 16초
avg-cpu:  %user   %nice %system %iowait  %steal   %idle
           0.44    0.00    6.48    1.81    0.00   91.28

Device            r/s     w/s     rMB/s     wMB/s   rrqm/s   wrqm/s  %rrqm  %wrqm r_await w_await aqu-sz rareq-sz wareq-sz  svctm  %util
sdb           3569.00 4823.00     13.94     42.52     0.00  7153.00   0.00  59.73    0.34    0.40   0.06     4.00     9.03   0.12  98.00

2021년 09월 10일 09시 22분 17초
avg-cpu:  %user   %nice %system %iowait  %steal   %idle
           0.44    0.00    6.39    1.38    0.00   91.79

Device            r/s     w/s     rMB/s     wMB/s   rrqm/s   wrqm/s  %rrqm  %wrqm r_await w_await aqu-sz rareq-sz wareq-sz  svctm  %util
sdb           3482.00 4835.00     13.60     43.21     0.00  7424.00   0.00  60.56    0.33    0.40   0.00     4.00     9.15   0.12 100.40

2021년 09월 10일 09시 22분 18초
avg-cpu:  %user   %nice %system %iowait  %steal   %idle
           0.38    0.00    6.03    1.26    0.00   92.34

Device            r/s     w/s     rMB/s     wMB/s   rrqm/s   wrqm/s  %rrqm  %wrqm r_await w_await aqu-sz rareq-sz wareq-sz  svctm  %util
sdb           3654.00 4909.00     14.27     45.43     0.00  7897.00   0.00  61.67    0.31    0.39   0.00     4.00     9.48   0.12 100.00

2021년 09월 10일 09시 22분 19초
avg-cpu:  %user   %nice %system %iowait  %steal   %idle
           0.51    0.00    5.24    1.89    0.00   92.36

Device            r/s     w/s     rMB/s     wMB/s   rrqm/s   wrqm/s  %rrqm  %wrqm r_await w_await aqu-sz rareq-sz wareq-sz  svctm  %util
sdb           3892.00 5149.00     15.20     43.33     0.00  7248.00   0.00  58.47    0.30    0.38   0.06     4.00     8.62   0.11  98.40

2021년 09월 10일 09시 22분 20초
avg-cpu:  %user   %nice %system %iowait  %steal   %idle
           0.31    0.00    6.23    1.51    0.00   91.95

Device            r/s     w/s     rMB/s     wMB/s   rrqm/s   wrqm/s  %rrqm  %wrqm r_await w_await aqu-sz rareq-sz wareq-sz  svctm  %util
sdb           3688.00 5151.00     14.41     44.62     0.00  7458.00   0.00  59.15    0.30    0.38   0.00     4.00     8.87   0.11 100.00

2021년 09월 10일 09시 22분 21초
avg-cpu:  %user   %nice %system %iowait  %steal   %idle
           0.38    0.00    6.57    1.75    0.00   91.30

Device            r/s     w/s     rMB/s     wMB/s   rrqm/s   wrqm/s  %rrqm  %wrqm r_await w_await aqu-sz rareq-sz wareq-sz  svctm  %util
sdb           3294.00 4684.00     12.98     41.84    29.00  7209.00   0.87  60.62    0.34    0.42   0.08     4.04     9.15   0.12  98.40

2021년 09월 10일 09시 22분 22초
avg-cpu:  %user   %nice %system %iowait  %steal   %idle
           0.25    0.00    6.16    1.38    0.00   92.20

Device            r/s     w/s     rMB/s     wMB/s   rrqm/s   wrqm/s  %rrqm  %wrqm r_await w_await aqu-sz rareq-sz wareq-sz  svctm  %util
sdb           3530.00 4929.00     13.79     41.32     0.00  6934.00   0.00  58.45    0.33    0.40   0.00     4.00     8.58   0.12 100.80

2021년 09월 10일 09시 22분 23초
avg-cpu:  %user   %nice %system %iowait  %steal   %idle
           0.25    0.00    6.14    1.44    0.00   92.16

Device            r/s     w/s     rMB/s     wMB/s   rrqm/s   wrqm/s  %rrqm  %wrqm r_await w_await aqu-sz rareq-sz wareq-sz  svctm  %util
sdb           3375.00 4917.00     13.18     41.24     0.00  7055.00   0.00  58.93    0.35    0.40   0.00     4.00     8.59   0.12 100.00

2021년 09월 10일 09시 22분 24초
avg-cpu:  %user   %nice %system %iowait  %steal   %idle
           0.62    0.00    6.55    1.62    0.00   91.20

Device            r/s     w/s     rMB/s     wMB/s   rrqm/s   wrqm/s  %rrqm  %wrqm r_await w_await aqu-sz rareq-sz wareq-sz  svctm  %util
sdb           3249.00 4972.00     12.69     41.19     0.00  7134.00   0.00  58.93    0.35    0.39   0.08     4.00     8.48   0.12  98.40

2021년 09월 10일 09시 22분 25초
avg-cpu:  %user   %nice %system %iowait  %steal   %idle
           0.31    0.00    6.46    1.44    0.00   91.79

Device            r/s     w/s     rMB/s     wMB/s   rrqm/s   wrqm/s  %rrqm  %wrqm r_await w_await aqu-sz rareq-sz wareq-sz  svctm  %util
sdb           3208.00 5044.00     12.53     40.54     0.00  7023.00   0.00  58.20    0.35    0.40   0.00     4.00     8.23   0.12 100.00

2021년 09월 10일 09시 22분 26초
avg-cpu:  %user   %nice %system %iowait  %steal   %idle
           0.38    0.00    6.52    1.38    0.00   91.73

Device            r/s     w/s     rMB/s     wMB/s   rrqm/s   wrqm/s  %rrqm  %wrqm r_await w_await aqu-sz rareq-sz wareq-sz  svctm  %util
sdb           3304.00 4836.00     12.91     42.45     0.00  7396.00   0.00  60.46    0.34    0.40   0.00     4.00     8.99   0.12 100.00

2021년 09월 10일 09시 22분 27초
avg-cpu:  %user   %nice %system %iowait  %steal   %idle
           0.44    0.00    5.56    1.89    0.00   92.11

Device            r/s     w/s     rMB/s     wMB/s   rrqm/s   wrqm/s  %rrqm  %wrqm r_await w_await aqu-sz rareq-sz wareq-sz  svctm  %util
sdb           3187.00 4724.00     12.45     41.79     0.00  7324.00   0.00  60.79    0.35    0.41   0.08     4.00     9.06   0.12  98.40

2021년 09월 10일 09시 22분 28초
avg-cpu:  %user   %nice %system %iowait  %steal   %idle
           0.50    0.00    6.27    1.32    0.00   91.91

Device            r/s     w/s     rMB/s     wMB/s   rrqm/s   wrqm/s  %rrqm  %wrqm r_await w_await aqu-sz rareq-sz wareq-sz  svctm  %util
sdb           3320.00 5027.00     12.97     41.34     0.00  7089.00   0.00  58.51    0.33    0.39   0.00     4.00     8.42   0.12 100.00

2021년 09월 10일 09시 22분 29초
avg-cpu:  %user   %nice %system %iowait  %steal   %idle
           0.51    0.00    5.83    1.33    0.00   92.34

Device            r/s     w/s     rMB/s     wMB/s   rrqm/s   wrqm/s  %rrqm  %wrqm r_await w_await aqu-sz rareq-sz wareq-sz  svctm  %util
sdb           3583.00 5170.00     14.11     42.34    29.00  7146.00   0.80  58.02    0.30    0.37   0.00     4.03     8.39   0.11 100.00

2021년 09월 10일 09시 22분 30초
avg-cpu:  %user   %nice %system %iowait  %steal   %idle
           0.38    0.00    6.00    1.64    0.00   91.98

Device            r/s     w/s     rMB/s     wMB/s   rrqm/s   wrqm/s  %rrqm  %wrqm r_await w_await aqu-sz rareq-sz wareq-sz  svctm  %util
sdb           3465.00 5142.00     13.54     42.39     0.00  7255.00   0.00  58.52    0.31    0.39   0.08     4.00     8.44   0.11  98.40

2021년 09월 10일 09시 22분 31초
avg-cpu:  %user   %nice %system %iowait  %steal   %idle
           0.63    0.00    6.15    1.51    0.00   91.72

Device            r/s     w/s     rMB/s     wMB/s   rrqm/s   wrqm/s  %rrqm  %wrqm r_await w_await aqu-sz rareq-sz wareq-sz  svctm  %util
sdb           3318.00 4920.00     12.96     41.88     0.00  7237.00   0.00  59.53    0.34    0.40   0.00     4.00     8.72   0.12 100.00

2021년 09월 10일 09시 22분 32초
avg-cpu:  %user   %nice %system %iowait  %steal   %idle
           0.25    0.00    5.55    1.58    0.00   92.62

Device            r/s     w/s     rMB/s     wMB/s   rrqm/s   wrqm/s  %rrqm  %wrqm r_await w_await aqu-sz rareq-sz wareq-sz  svctm  %util
sdb           3520.00 4735.00     13.75     43.76     0.00  7561.00   0.00  61.49    0.33    0.40   0.00     4.00     9.46   0.12 100.00

2021년 09월 10일 09시 22분 33초
avg-cpu:  %user   %nice %system %iowait  %steal   %idle
           0.44    0.00    5.78    1.63    0.00   92.15

Device            r/s     w/s     rMB/s     wMB/s   rrqm/s   wrqm/s  %rrqm  %wrqm r_await w_await aqu-sz rareq-sz wareq-sz  svctm  %util
sdb           3388.00 4726.00     13.23     41.89     0.00  7208.00   0.00  60.40    0.34    0.41   0.08     4.00     9.08   0.12  98.00

2021년 09월 10일 09시 22분 34초
avg-cpu:  %user   %nice %system %iowait  %steal   %idle
           0.50    0.00    6.50    1.37    0.00   91.63

Device            r/s     w/s     rMB/s     wMB/s   rrqm/s   wrqm/s  %rrqm  %wrqm r_await w_await aqu-sz rareq-sz wareq-sz  svctm  %util
sdb           3304.00 5065.00     12.91     41.85     0.00  7218.00   0.00  58.76    0.33    0.39   0.00     4.00     8.46   0.12 100.00

2021년 09월 10일 09시 22분 35초
avg-cpu:  %user   %nice %system %iowait  %steal   %idle
           0.31    0.00    6.04    1.51    0.00   92.14

Device            r/s     w/s     rMB/s     wMB/s   rrqm/s   wrqm/s  %rrqm  %wrqm r_await w_await aqu-sz rareq-sz wareq-sz  svctm  %util
sdb           3368.00 5164.00     13.16     41.75     0.00  7138.00   0.00  58.02    0.33    0.38   0.00     4.00     8.28   0.12 100.00

2021년 09월 10일 09시 22분 36초
avg-cpu:  %user   %nice %system %iowait  %steal   %idle
           0.44    0.00    6.24    1.62    0.00   91.70

Device            r/s     w/s     rMB/s     wMB/s   rrqm/s   wrqm/s  %rrqm  %wrqm r_await w_await aqu-sz rareq-sz wareq-sz  svctm  %util
sdb           3505.00 4883.00     13.69     42.20     0.00  7176.00   0.00  59.51    0.34    0.40   0.08     4.00     8.85   0.12  98.40

2021년 09월 10일 09시 22분 37초
avg-cpu:  %user   %nice %system %iowait  %steal   %idle
           0.31    0.00    6.14    1.44    0.00   92.10

Device            r/s     w/s     rMB/s     wMB/s   rrqm/s   wrqm/s  %rrqm  %wrqm r_await w_await aqu-sz rareq-sz wareq-sz  svctm  %util
sdb           3414.00 5138.00     13.34     41.37     0.00  6985.00   0.00  57.62    0.33    0.39   0.00     4.00     8.25   0.12 100.00

2021년 09월 10일 09시 22분 38초
avg-cpu:  %user   %nice %system %iowait  %steal   %idle
           0.50    0.00    5.97    1.57    0.00   91.95

Device            r/s     w/s     rMB/s     wMB/s   rrqm/s   wrqm/s  %rrqm  %wrqm r_await w_await aqu-sz rareq-sz wareq-sz  svctm  %util
sdb           3193.00 5098.00     12.47     40.80     0.00  7002.00   0.00  57.87    0.33    0.39   0.00     4.00     8.19   0.12 100.00

2021년 09월 10일 09시 22분 39초
avg-cpu:  %user   %nice %system %iowait  %steal   %idle
           0.50    0.00    5.34    2.14    0.00   92.02

Device            r/s     w/s     rMB/s     wMB/s   rrqm/s   wrqm/s  %rrqm  %wrqm r_await w_await aqu-sz rareq-sz wareq-sz  svctm  %util
sdb           3258.00 5036.00     12.73     39.20     0.00  6294.00   0.00  55.55    0.32    0.38   0.08     4.00     7.97   0.12  98.40

2021년 09월 10일 09시 22분 40초
avg-cpu:  %user   %nice %system %iowait  %steal   %idle
           0.38    0.00    6.39    1.82    0.00   91.42

Device            r/s     w/s     rMB/s     wMB/s   rrqm/s   wrqm/s  %rrqm  %wrqm r_await w_await aqu-sz rareq-sz wareq-sz  svctm  %util
sdb           3091.00 5137.00     12.07     40.99     0.00  6819.00   0.00  57.03    0.30    0.38   0.00     4.00     8.17   0.12 100.00

2021년 09월 10일 09시 22분 41초
avg-cpu:  %user   %nice %system %iowait  %steal   %idle
           0.38    0.00    6.02    1.76    0.00   91.84

Device            r/s     w/s     rMB/s     wMB/s   rrqm/s   wrqm/s  %rrqm  %wrqm r_await w_await aqu-sz rareq-sz wareq-sz  svctm  %util
sdb           2966.00 5143.00     11.59     40.52     0.00  6730.00   0.00  56.68    0.32    0.39   0.00     4.00     8.07   0.12 100.00

2021년 09월 10일 09시 22분 42초
avg-cpu:  %user   %nice %system %iowait  %steal   %idle
           0.13    0.00    5.48    2.21    0.00   92.19

Device            r/s     w/s     rMB/s     wMB/s   rrqm/s   wrqm/s  %rrqm  %wrqm r_await w_await aqu-sz rareq-sz wareq-sz  svctm  %util
sdb           3139.00 5156.00     12.26     39.47     0.00  6405.00   0.00  55.40    0.31    0.38   0.08     4.00     7.84   0.12  98.00

2021년 09월 10일 09시 22분 43초
avg-cpu:  %user   %nice %system %iowait  %steal   %idle
           0.38    0.00    5.82    2.25    0.00   91.55

Device            r/s     w/s     rMB/s     wMB/s   rrqm/s   wrqm/s  %rrqm  %wrqm r_await w_await aqu-sz rareq-sz wareq-sz  svctm  %util
sdb           2402.00 8698.00      9.38     98.30     0.00 17404.00   0.00  66.68    0.41    0.90   0.00     4.00    11.57   0.09 100.00

2021년 09월 10일 09시 22분 44초
avg-cpu:  %user   %nice %system %iowait  %steal   %idle
           0.50    0.00    5.91    1.64    0.00   91.95

Device            r/s     w/s     rMB/s     wMB/s   rrqm/s   wrqm/s  %rrqm  %wrqm r_await w_await aqu-sz rareq-sz wareq-sz  svctm  %util
sdb           3216.00 4801.00     12.56     40.89     0.00  7116.00   0.00  59.71    0.33    0.41   0.08     4.00     8.72   0.12  98.00

2021년 09월 10일 09시 22분 45초
avg-cpu:  %user   %nice %system %iowait  %steal   %idle
           0.44    0.00    6.11    1.32    0.00   92.12

Device            r/s     w/s     rMB/s     wMB/s   rrqm/s   wrqm/s  %rrqm  %wrqm r_await w_await aqu-sz rareq-sz wareq-sz  svctm  %util
sdb           3612.00 5271.00     14.11     45.23     0.00  7767.00   0.00  59.57    0.29    0.37   0.00     4.00     8.79   0.11 100.00

2021년 09월 10일 09시 22분 46초
avg-cpu:  %user   %nice %system %iowait  %steal   %idle
           0.38    0.00    6.02    1.44    0.00   92.17

Device            r/s     w/s     rMB/s     wMB/s   rrqm/s   wrqm/s  %rrqm  %wrqm r_await w_await aqu-sz rareq-sz wareq-sz  svctm  %util
sdb           3529.00 5066.00     13.79     42.73     0.00  7263.00   0.00  58.91    0.33    0.39   0.00     4.00     8.64   0.12 100.00

2021년 09월 10일 09시 22분 47초
avg-cpu:  %user   %nice %system %iowait  %steal   %idle
           0.31    0.00    6.20    1.69    0.00   91.80

Device            r/s     w/s     rMB/s     wMB/s   rrqm/s   wrqm/s  %rrqm  %wrqm r_await w_await aqu-sz rareq-sz wareq-sz  svctm  %util
sdb           3489.00 4619.00     13.63     43.07     0.00  7443.00   0.00  61.71    0.34    0.42   0.08     4.00     9.55   0.12  98.40

2021년 09월 10일 09시 22분 48초
avg-cpu:  %user   %nice %system %iowait  %steal   %idle
           0.32    0.00    5.49    1.58    0.00   92.62

Device            r/s     w/s     rMB/s     wMB/s   rrqm/s   wrqm/s  %rrqm  %wrqm r_await w_await aqu-sz rareq-sz wareq-sz  svctm  %util
sdb           3588.00 4826.00     14.02     42.29     0.00  7136.00   0.00  59.66    0.34    0.40   0.00     4.00     8.97   0.12 100.00

2021년 09월 10일 09시 22분 49초
avg-cpu:  %user   %nice %system %iowait  %steal   %idle
           0.44    0.00    5.98    1.45    0.00   92.13

Device            r/s     w/s     rMB/s     wMB/s   rrqm/s   wrqm/s  %rrqm  %wrqm r_await w_await aqu-sz rareq-sz wareq-sz  svctm  %util
sdb           3577.00 5327.00     13.97     42.71     0.00  7166.00   0.00  57.36    0.30    0.37   0.00     4.00     8.21   0.11 100.00

2021년 09월 10일 09시 22분 50초
avg-cpu:  %user   %nice %system %iowait  %steal   %idle
           0.38    0.00    5.74    1.64    0.00   92.24

Device            r/s     w/s     rMB/s     wMB/s   rrqm/s   wrqm/s  %rrqm  %wrqm r_await w_await aqu-sz rareq-sz wareq-sz  svctm  %util
sdb           3547.00 4988.00     13.86     43.17     0.00  7325.00   0.00  59.49    0.31    0.39   0.06     4.00     8.86   0.11  98.00

2021년 09월 10일 09시 22분 51초
avg-cpu:  %user   %nice %system %iowait  %steal   %idle
           0.25    0.00    5.74    1.45    0.00   92.56

Device            r/s     w/s     rMB/s     wMB/s   rrqm/s   wrqm/s  %rrqm  %wrqm r_await w_await aqu-sz rareq-sz wareq-sz  svctm  %util
sdb           3483.00 4810.00     13.61     42.90     0.00  7346.00   0.00  60.43    0.33    0.40   0.00     4.00     9.13   0.12 100.00

2021년 09월 10일 09시 22분 52초
avg-cpu:  %user   %nice %system %iowait  %steal   %idle
           0.31    0.00    6.84    1.43    0.00   91.42

Device            r/s     w/s     rMB/s     wMB/s   rrqm/s   wrqm/s  %rrqm  %wrqm r_await w_await aqu-sz rareq-sz wareq-sz  svctm  %util
sdb           3619.00 4913.00     14.14     43.23     0.00  7300.00   0.00  59.77    0.32    0.40   0.00     4.00     9.01   0.12 100.00

2021년 09월 10일 09시 22분 53초
avg-cpu:  %user   %nice %system %iowait  %steal   %idle
           0.56    0.00    5.90    1.76    0.00   91.78

Device            r/s     w/s     rMB/s     wMB/s   rrqm/s   wrqm/s  %rrqm  %wrqm r_await w_await aqu-sz rareq-sz wareq-sz  svctm  %util
sdb           3341.00 4776.00     13.05     40.82     0.00  6931.00   0.00  59.20    0.34    0.41   0.08     4.00     8.75   0.12  98.00

2021년 09월 10일 09시 22분 54초
avg-cpu:  %user   %nice %system %iowait  %steal   %idle
           0.50    0.00    6.51    1.31    0.00   91.68

Device            r/s     w/s     rMB/s     wMB/s   rrqm/s   wrqm/s  %rrqm  %wrqm r_await w_await aqu-sz rareq-sz wareq-sz  svctm  %util
sdb           3464.00 4829.00     13.53     41.93     0.00  7113.00   0.00  59.56    0.34    0.39   0.00     4.00     8.89   0.12 100.00

2021년 09월 10일 09시 22분 55초
avg-cpu:  %user   %nice %system %iowait  %steal   %idle
           0.44    0.00    5.86    1.45    0.00   92.25

Device            r/s     w/s     rMB/s     wMB/s   rrqm/s   wrqm/s  %rrqm  %wrqm r_await w_await aqu-sz rareq-sz wareq-sz  svctm  %util
sdb           3349.00 4700.00     13.08     42.69     0.00  7392.00   0.00  61.13    0.34    0.41   0.00     4.00     9.30   0.12 100.00

2021년 09월 10일 09시 22분 56초
avg-cpu:  %user   %nice %system %iowait  %steal   %idle
           0.44    0.00    6.61    1.56    0.00   91.39

Device            r/s     w/s     rMB/s     wMB/s   rrqm/s   wrqm/s  %rrqm  %wrqm r_await w_await aqu-sz rareq-sz wareq-sz  svctm  %util
sdb           3258.00 4775.00     12.73     42.11     0.00  7330.00   0.00  60.55    0.33    0.41   0.08     4.00     9.03   0.12  98.40

2021년 09월 10일 09시 22분 57초
avg-cpu:  %user   %nice %system %iowait  %steal   %idle
           0.38    0.00    6.34    1.32    0.00   91.97

Device            r/s     w/s     rMB/s     wMB/s   rrqm/s   wrqm/s  %rrqm  %wrqm r_await w_await aqu-sz rareq-sz wareq-sz  svctm  %util
sdb           3500.00 4792.00     13.67     42.39     0.00  7228.00   0.00  60.13    0.33    0.40   0.00     4.00     9.06   0.12 100.00

2021년 09월 10일 09시 22분 58초
avg-cpu:  %user   %nice %system %iowait  %steal   %idle
           0.37    0.00    7.29    1.25    0.00   91.09

Device            r/s     w/s     rMB/s     wMB/s   rrqm/s   wrqm/s  %rrqm  %wrqm r_await w_await aqu-sz rareq-sz wareq-sz  svctm  %util
sdb           3340.00 4803.00     13.05     42.76     0.00  7406.00   0.00  60.66    0.33    0.41   0.00     4.00     9.12   0.12 100.00

2021년 09월 10일 09시 22분 59초
avg-cpu:  %user   %nice %system %iowait  %steal   %idle
           0.32    0.00    5.74    1.64    0.00   92.30

Device            r/s     w/s     rMB/s     wMB/s   rrqm/s   wrqm/s  %rrqm  %wrqm r_await w_await aqu-sz rareq-sz wareq-sz  svctm  %util
sdb           3276.00 4895.00     12.80     39.93     0.00  6767.00   0.00  58.03    0.33    0.41   0.10     4.00     8.35   0.12  98.40

2021년 09월 10일 09시 23분 00초
avg-cpu:  %user   %nice %system %iowait  %steal   %idle
           0.38    0.00    6.62    1.38    0.00   91.62

Device            r/s     w/s     rMB/s     wMB/s   rrqm/s   wrqm/s  %rrqm  %wrqm r_await w_await aqu-sz rareq-sz wareq-sz  svctm  %util
sdb           3633.00 4939.00     14.19     42.05     0.00  7064.00   0.00  58.85    0.32    0.39   0.00     4.00     8.72   0.12 100.00

2021년 09월 10일 09시 23분 01초
avg-cpu:  %user   %nice %system %iowait  %steal   %idle
           0.31    0.00    6.11    1.39    0.00   92.19

Device            r/s     w/s     rMB/s     wMB/s   rrqm/s   wrqm/s  %rrqm  %wrqm r_await w_await aqu-sz rareq-sz wareq-sz  svctm  %util
sdb           3399.00 4824.00     13.28     43.37     0.00  7530.00   0.00  60.95    0.33    0.39   0.00     4.00     9.21   0.12 100.00

2021년 09월 10일 09시 23분 02초
avg-cpu:  %user   %nice %system %iowait  %steal   %idle
           0.25    0.00    6.51    1.63    0.00   91.61

Device            r/s     w/s     rMB/s     wMB/s   rrqm/s   wrqm/s  %rrqm  %wrqm r_await w_await aqu-sz rareq-sz wareq-sz  svctm  %util
sdb           3274.00 4714.00     12.79     41.23     0.00  7118.00   0.00  60.16    0.34    0.43   0.10     4.00     8.96   0.12  98.40

2021년 09월 10일 09시 23분 03초
avg-cpu:  %user   %nice %system %iowait  %steal   %idle
           0.56    0.00    6.84    1.31    0.00   91.29

Device            r/s     w/s     rMB/s     wMB/s   rrqm/s   wrqm/s  %rrqm  %wrqm r_await w_await aqu-sz rareq-sz wareq-sz  svctm  %util
sdb           3237.00 4911.00     12.64     41.52     0.00  7207.00   0.00  59.47    0.34    0.40   0.00     4.00     8.66   0.12 100.00

2021년 09월 10일 09시 23분 04초
avg-cpu:  %user   %nice %system %iowait  %steal   %idle
           0.31    0.00    6.39    1.32    0.00   91.97

Device            r/s     w/s     rMB/s     wMB/s   rrqm/s   wrqm/s  %rrqm  %wrqm r_await w_await aqu-sz rareq-sz wareq-sz  svctm  %util
sdb           3443.00 4952.00     13.45     42.78     0.00  7342.00   0.00  59.72    0.33    0.39   0.00     4.00     8.85   0.12 100.00

2021년 09월 10일 09시 23분 05초
avg-cpu:  %user   %nice %system %iowait  %steal   %idle
           0.56    0.00    6.01    1.69    0.00   91.74

Device            r/s     w/s     rMB/s     wMB/s   rrqm/s   wrqm/s  %rrqm  %wrqm r_await w_await aqu-sz rareq-sz wareq-sz  svctm  %util
sdb           3399.00 4784.00     13.28     42.18     0.00  7222.00   0.00  60.15    0.33    0.41   0.08     4.00     9.03   0.12  98.40

2021년 09월 10일 09시 23분 06초
avg-cpu:  %user   %nice %system %iowait  %steal   %idle
           0.44    0.00    6.20    1.57    0.00   91.80

Device            r/s     w/s     rMB/s     wMB/s   rrqm/s   wrqm/s  %rrqm  %wrqm r_await w_await aqu-sz rareq-sz wareq-sz  svctm  %util
sdb           3563.00 4844.00     13.92     45.25     0.00  7930.00   0.00  62.08    0.32    0.40   0.00     4.00     9.57   0.12 100.00

2021년 09월 10일 09시 23분 07초
avg-cpu:  %user   %nice %system %iowait  %steal   %idle
           0.57    0.00    5.49    1.39    0.00   92.56

Device            r/s     w/s     rMB/s     wMB/s   rrqm/s   wrqm/s  %rrqm  %wrqm r_await w_await aqu-sz rareq-sz wareq-sz  svctm  %util
sdb           3902.00 5159.00     15.24     45.24     0.00  7572.00   0.00  59.48    0.29    0.37   0.00     4.00     8.98   0.11 100.00

2021년 09월 10일 09시 23분 08초
avg-cpu:  %user   %nice %system %iowait  %steal   %idle
           0.44    0.00    5.62    1.70    0.00   92.24

Device            r/s     w/s     rMB/s     wMB/s   rrqm/s   wrqm/s  %rrqm  %wrqm r_await w_await aqu-sz rareq-sz wareq-sz  svctm  %util
sdb           3358.00 4825.00     13.12     40.93     0.00  6993.00   0.00  59.17    0.33    0.41   0.07     4.00     8.69   0.12  98.80

2021년 09월 10일 09시 23분 09초
avg-cpu:  %user   %nice %system %iowait  %steal   %idle
           0.50    0.00    5.55    1.51    0.00   92.44

Device            r/s     w/s     rMB/s     wMB/s   rrqm/s   wrqm/s  %rrqm  %wrqm r_await w_await aqu-sz rareq-sz wareq-sz  svctm  %util
sdb           3528.00 5148.00     13.78     41.09     0.00  6773.00   0.00  56.82    0.32    0.38   0.00     4.00     8.17   0.12 100.00

2021년 09월 10일 09시 23분 10초
avg-cpu:  %user   %nice %system %iowait  %steal   %idle
           0.75    0.00    5.51    1.57    0.00   92.17

Device            r/s     w/s     rMB/s     wMB/s   rrqm/s   wrqm/s  %rrqm  %wrqm r_await w_await aqu-sz rareq-sz wareq-sz  svctm  %util
sdb           3124.00 5327.00     12.20     40.63     0.00  6697.00   0.00  55.70    0.30    0.37   0.00     4.00     7.81   0.12 100.00

2021년 09월 10일 09시 23분 11초
avg-cpu:  %user   %nice %system %iowait  %steal   %idle
           0.31    0.00    5.67    2.02    0.00   92.00

Device            r/s     w/s     rMB/s     wMB/s   rrqm/s   wrqm/s  %rrqm  %wrqm r_await w_await aqu-sz rareq-sz wareq-sz  svctm  %util
sdb           2967.00 5149.00     11.59     40.24     0.00  6718.00   0.00  56.61    0.31    0.41   0.13     4.00     8.00   0.12  98.40

2021년 09월 10일 09시 23분 12초
avg-cpu:  %user   %nice %system %iowait  %steal   %idle
           0.44    0.00    5.49    1.77    0.00   92.31

Device            r/s     w/s     rMB/s     wMB/s   rrqm/s   wrqm/s  %rrqm  %wrqm r_await w_await aqu-sz rareq-sz wareq-sz  svctm  %util
sdb           3003.00 5120.00     11.73     39.47     0.00  6567.00   0.00  56.19    0.32    0.39   0.00     4.00     7.89   0.12 100.00

2021년 09월 10일 09시 23분 13초
avg-cpu:  %user   %nice %system %iowait  %steal   %idle
           0.25    0.00    6.01    1.69    0.00   92.05

Device            r/s     w/s     rMB/s     wMB/s   rrqm/s   wrqm/s  %rrqm  %wrqm r_await w_await aqu-sz rareq-sz wareq-sz  svctm  %util
sdb           3026.00 5228.00     11.82     40.94     0.00  6857.00   0.00  56.74    0.31    0.38   0.00     4.00     8.02   0.12 100.00

2021년 09월 10일 09시 23분 14초
avg-cpu:  %user   %nice %system %iowait  %steal   %idle
           0.06    0.00    3.58    2.01    0.00   94.35

Device            r/s     w/s     rMB/s     wMB/s   rrqm/s   wrqm/s  %rrqm  %wrqm r_await w_await aqu-sz rareq-sz wareq-sz  svctm  %util
sdb           1634.00 5396.00      6.38     61.50     0.00 11131.00   0.00  67.35    0.39    0.88   0.10     4.00    11.67   0.10  68.80

2021년 09월 10일 09시 23분 15초
avg-cpu:  %user   %nice %system %iowait  %steal   %idle
           0.06    0.00    0.06    0.00    0.00   99.88

Device            r/s     w/s     rMB/s     wMB/s   rrqm/s   wrqm/s  %rrqm  %wrqm r_await w_await aqu-sz rareq-sz wareq-sz  svctm  %util
sdb              0.00    0.00      0.00      0.00     0.00     0.00   0.00   0.00    0.00    0.00   0.00     0.00     0.00   0.00   0.00

2021년 09월 10일 09시 23분 16초
avg-cpu:  %user   %nice %system %iowait  %steal   %idle
           0.00    0.00    0.13    0.00    0.00   99.87

Device            r/s     w/s     rMB/s     wMB/s   rrqm/s   wrqm/s  %rrqm  %wrqm r_await w_await aqu-sz rareq-sz wareq-sz  svctm  %util
sdb              0.00    0.00      0.00      0.00     0.00     0.00   0.00   0.00    0.00    0.00   0.00     0.00     0.00   0.00   0.00

