Linux 5.5.8test (syslab-desk) 	2021년 09월 09일 	_x86_64_	(16 CPU)

2021년 09월 09일 11시 55분 16초
avg-cpu:  %user   %nice %system %iowait  %steal   %idle
           0.02    0.00    0.09    0.02    0.00   99.87

Device            r/s     w/s     rMB/s     wMB/s   rrqm/s   wrqm/s  %rrqm  %wrqm r_await w_await aqu-sz rareq-sz wareq-sz  svctm  %util
sdb              2.03   43.81      0.01      0.90     0.07   123.54   3.14  73.82    0.14    0.59   0.00     4.22    21.12   0.21   0.98

2021년 09월 09일 11시 55분 17초
avg-cpu:  %user   %nice %system %iowait  %steal   %idle
           0.13    0.00    0.19    0.00    0.00   99.69

Device            r/s     w/s     rMB/s     wMB/s   rrqm/s   wrqm/s  %rrqm  %wrqm r_await w_await aqu-sz rareq-sz wareq-sz  svctm  %util
sdb              0.00    0.00      0.00      0.00     0.00     0.00   0.00   0.00    0.00    0.00   0.00     0.00     0.00   0.00   0.00

2021년 09월 09일 11시 55분 18초
avg-cpu:  %user   %nice %system %iowait  %steal   %idle
           0.25    0.00    2.25    0.06    0.00   97.44

Device            r/s     w/s     rMB/s     wMB/s   rrqm/s   wrqm/s  %rrqm  %wrqm r_await w_await aqu-sz rareq-sz wareq-sz  svctm  %util
sdb           3444.00  346.00     26.77      1.65  3340.00     0.00  49.23   0.00    0.11    0.18   0.00     7.96     4.88   0.20  74.80

2021년 09월 09일 11시 55분 19초
avg-cpu:  %user   %nice %system %iowait  %steal   %idle
           0.31    0.00    0.88    0.25    0.00   98.55

Device            r/s     w/s     rMB/s     wMB/s   rrqm/s   wrqm/s  %rrqm  %wrqm r_await w_await aqu-sz rareq-sz wareq-sz  svctm  %util
sdb           2981.00 2392.00     50.66     10.21  9638.00     0.00  76.38   0.00    0.18    0.16   0.00    17.40     4.37   0.19 100.00

2021년 09월 09일 11시 55분 20초
avg-cpu:  %user   %nice %system %iowait  %steal   %idle
           0.25    0.00    1.07    0.25    0.00   98.43

Device            r/s     w/s     rMB/s     wMB/s   rrqm/s   wrqm/s  %rrqm  %wrqm r_await w_await aqu-sz rareq-sz wareq-sz  svctm  %util
sdb           3175.00 2669.00     25.80     11.76  3321.00     0.00  51.12   0.00    0.15    0.16   0.00     8.32     4.51   0.17 100.00

2021년 09월 09일 11시 55분 21초
avg-cpu:  %user   %nice %system %iowait  %steal   %idle
           0.31    0.00    0.88    0.50    0.00   98.30

Device            r/s     w/s     rMB/s     wMB/s   rrqm/s   wrqm/s  %rrqm  %wrqm r_await w_await aqu-sz rareq-sz wareq-sz  svctm  %util
sdb           3269.00 2853.00     18.68     12.43  1468.00     0.00  30.99   0.00    0.13    0.16   0.00     5.85     4.46   0.16 100.00

2021년 09월 09일 11시 55분 22초
avg-cpu:  %user   %nice %system %iowait  %steal   %idle
           0.25    0.00    1.07    0.69    0.00   97.98

Device            r/s     w/s     rMB/s     wMB/s   rrqm/s   wrqm/s  %rrqm  %wrqm r_await w_await aqu-sz rareq-sz wareq-sz  svctm  %util
sdb           3074.00 3167.00     13.68     11.78   415.00     0.00  11.89   0.00    0.13    0.15   0.02     4.56     3.81   0.16  98.40

2021년 09월 09일 11시 55분 23초
avg-cpu:  %user   %nice %system %iowait  %steal   %idle
           0.19    0.00    1.07    0.82    0.00   97.92

Device            r/s     w/s     rMB/s     wMB/s   rrqm/s   wrqm/s  %rrqm  %wrqm r_await w_await aqu-sz rareq-sz wareq-sz  svctm  %util
sdb           3078.00 2817.00     12.87     27.23   210.00  3909.00   6.39  58.12    0.13    0.30   0.32     4.28     9.90   0.17 100.00

2021년 09월 09일 11시 55분 24초
avg-cpu:  %user   %nice %system %iowait  %steal   %idle
           0.19    0.00    1.07    0.50    0.00   98.24

Device            r/s     w/s     rMB/s     wMB/s   rrqm/s   wrqm/s  %rrqm  %wrqm r_await w_await aqu-sz rareq-sz wareq-sz  svctm  %util
sdb           3236.00 2666.00     13.72     12.46   268.00     0.00   7.65   0.00    0.13    0.18   0.00     4.34     4.79   0.17 100.00

2021년 09월 09일 11시 55분 25초
avg-cpu:  %user   %nice %system %iowait  %steal   %idle
           0.25    0.00    0.63    0.44    0.00   98.68

Device            r/s     w/s     rMB/s     wMB/s   rrqm/s   wrqm/s  %rrqm  %wrqm r_await w_await aqu-sz rareq-sz wareq-sz  svctm  %util
sdb           3259.00 2612.00     13.57     12.50   207.00     0.00   5.97   0.00    0.13    0.18   0.00     4.26     4.90   0.17 100.00

2021년 09월 09일 11시 55분 26초
avg-cpu:  %user   %nice %system %iowait  %steal   %idle
           0.44    0.00    1.32    0.56    0.00   97.68

Device            r/s     w/s     rMB/s     wMB/s   rrqm/s   wrqm/s  %rrqm  %wrqm r_await w_await aqu-sz rareq-sz wareq-sz  svctm  %util
sdb           3207.00 3335.00     13.23     12.34   173.00     0.00   5.12   0.00    0.13    0.14   0.00     4.22     3.79   0.15 100.00

2021년 09월 09일 11시 55분 27초
avg-cpu:  %user   %nice %system %iowait  %steal   %idle
           0.31    0.00    0.88    0.63    0.00   98.17

Device            r/s     w/s     rMB/s     wMB/s   rrqm/s   wrqm/s  %rrqm  %wrqm r_await w_await aqu-sz rareq-sz wareq-sz  svctm  %util
sdb           3257.00 2773.00     13.29     12.57   140.00     0.00   4.12   0.00    0.13    0.17   0.00     4.18     4.64   0.17 100.00

2021년 09월 09일 11시 55분 28초
avg-cpu:  %user   %nice %system %iowait  %steal   %idle
           0.38    0.00    1.07    1.19    0.00   97.36

Device            r/s     w/s     rMB/s     wMB/s   rrqm/s   wrqm/s  %rrqm  %wrqm r_await w_await aqu-sz rareq-sz wareq-sz  svctm  %util
sdb           2980.00 2764.00     12.00     27.17    90.00  3980.00   2.93  59.02    0.13    0.31   0.36     4.12    10.07   0.17  98.40

2021년 09월 09일 11시 55분 29초
avg-cpu:  %user   %nice %system %iowait  %steal   %idle
           0.25    0.00    0.94    0.88    0.00   97.92

Device            r/s     w/s     rMB/s     wMB/s   rrqm/s   wrqm/s  %rrqm  %wrqm r_await w_await aqu-sz rareq-sz wareq-sz  svctm  %util
sdb           3271.00 2907.00     13.02     12.60    59.00     0.00   1.77   0.00    0.13    0.16   0.00     4.07     4.44   0.16 100.00

2021년 09월 09일 11시 55분 30초
avg-cpu:  %user   %nice %system %iowait  %steal   %idle
           0.13    0.00    0.82    0.82    0.00   98.24

Device            r/s     w/s     rMB/s     wMB/s   rrqm/s   wrqm/s  %rrqm  %wrqm r_await w_await aqu-sz rareq-sz wareq-sz  svctm  %util
sdb           3183.00 3019.00     12.55     12.25    30.00     0.00   0.93   0.00    0.13    0.16   0.00     4.04     4.16   0.16 100.00

2021년 09월 09일 11시 55분 31초
avg-cpu:  %user   %nice %system %iowait  %steal   %idle
           0.25    0.00    1.44    0.88    0.00   97.43

Device            r/s     w/s     rMB/s     wMB/s   rrqm/s   wrqm/s  %rrqm  %wrqm r_await w_await aqu-sz rareq-sz wareq-sz  svctm  %util
sdb           3091.00 3063.00     12.20     11.93    30.00     0.00   0.96   0.00    0.13    0.15   0.00     4.04     3.99   0.16 100.00

2021년 09월 09일 11시 55분 32초
avg-cpu:  %user   %nice %system %iowait  %steal   %idle
           0.31    0.00    0.82    0.88    0.00   97.99

Device            r/s     w/s     rMB/s     wMB/s   rrqm/s   wrqm/s  %rrqm  %wrqm r_await w_await aqu-sz rareq-sz wareq-sz  svctm  %util
sdb           3124.00 3129.00     12.20     12.08     0.00     0.00   0.00   0.00    0.13    0.15   0.00     4.00     3.95   0.16 100.00

2021년 09월 09일 11시 55분 33초
avg-cpu:  %user   %nice %system %iowait  %steal   %idle
           0.56    0.00    1.88    1.25    0.00   96.31

Device            r/s     w/s     rMB/s     wMB/s   rrqm/s   wrqm/s  %rrqm  %wrqm r_await w_await aqu-sz rareq-sz wareq-sz  svctm  %util
sdb           2939.00 2957.00     11.60     26.56    29.00  3884.00   0.98  56.78    0.13    0.28   0.34     4.04     9.20   0.17 100.00

2021년 09월 09일 11시 55분 34초
avg-cpu:  %user   %nice %system %iowait  %steal   %idle
           0.63    0.00    2.59    3.86    0.00   92.92

Device            r/s     w/s     rMB/s     wMB/s   rrqm/s   wrqm/s  %rrqm  %wrqm r_await w_await aqu-sz rareq-sz wareq-sz  svctm  %util
sdb           2637.00 2775.00     10.30     10.16     0.00     0.00   0.00   0.00    0.13    0.15   0.02     4.00     3.75   0.18  98.40

2021년 09월 09일 11시 55분 35초
avg-cpu:  %user   %nice %system %iowait  %steal   %idle
           1.63    0.00    4.14    3.33    0.00   90.90

Device            r/s     w/s     rMB/s     wMB/s   rrqm/s   wrqm/s  %rrqm  %wrqm r_await w_await aqu-sz rareq-sz wareq-sz  svctm  %util
sdb           2214.00 2764.00      8.65      8.52     0.00     0.00   0.00   0.00    0.13    0.13   0.00     4.00     3.16   0.20 100.00

2021년 09월 09일 11시 55분 36초
avg-cpu:  %user   %nice %system %iowait  %steal   %idle
           1.00    0.00    4.63    3.07    0.00   91.30

Device            r/s     w/s     rMB/s     wMB/s   rrqm/s   wrqm/s  %rrqm  %wrqm r_await w_await aqu-sz rareq-sz wareq-sz  svctm  %util
sdb           2458.00 2324.00      9.72      9.50    29.00     0.00   1.17   0.00    0.14    0.16   0.00     4.05     4.19   0.21 100.00

2021년 09월 09일 11시 55분 37초
avg-cpu:  %user   %nice %system %iowait  %steal   %idle
           1.57    0.00    4.33    3.45    0.00   90.64

Device            r/s     w/s     rMB/s     wMB/s   rrqm/s   wrqm/s  %rrqm  %wrqm r_await w_await aqu-sz rareq-sz wareq-sz  svctm  %util
sdb           2428.00 2178.00      9.48      9.39     0.00     0.00   0.00   0.00    0.14    0.16   0.00     4.00     4.41   0.22 100.00

2021년 09월 09일 11시 55분 38초
avg-cpu:  %user   %nice %system %iowait  %steal   %idle
           1.13    0.00    3.72    3.72    0.00   91.44

Device            r/s     w/s     rMB/s     wMB/s   rrqm/s   wrqm/s  %rrqm  %wrqm r_await w_await aqu-sz rareq-sz wareq-sz  svctm  %util
sdb           2485.00 2434.00      9.71     22.11     0.00  3187.00   0.00  56.70    0.14    0.26   0.24     4.00     9.30   0.20 100.00

2021년 09월 09일 11시 55분 39초
avg-cpu:  %user   %nice %system %iowait  %steal   %idle
           0.57    0.00    1.57    1.13    0.00   96.73

Device            r/s     w/s     rMB/s     wMB/s   rrqm/s   wrqm/s  %rrqm  %wrqm r_await w_await aqu-sz rareq-sz wareq-sz  svctm  %util
sdb           3035.00 2838.00     11.97     11.65    29.00     0.00   0.95   0.00    0.14    0.16   0.00     4.04     4.20   0.17 100.00

2021년 09월 09일 11시 55분 40초
avg-cpu:  %user   %nice %system %iowait  %steal   %idle
           0.25    0.00    1.01    0.94    0.00   97.80

Device            r/s     w/s     rMB/s     wMB/s   rrqm/s   wrqm/s  %rrqm  %wrqm r_await w_await aqu-sz rareq-sz wareq-sz  svctm  %util
sdb           3225.00 2820.00     12.60     12.44     0.00     0.00   0.00   0.00    0.13    0.17   0.00     4.00     4.52   0.17 100.00

2021년 09월 09일 11시 55분 41초
avg-cpu:  %user   %nice %system %iowait  %steal   %idle
           0.31    0.00    1.25    0.25    0.00   98.18

Device            r/s     w/s     rMB/s     wMB/s   rrqm/s   wrqm/s  %rrqm  %wrqm r_await w_await aqu-sz rareq-sz wareq-sz  svctm  %util
sdb           3193.00 2884.00     12.70     12.26    55.00     0.00   1.69   0.00    0.13    0.17   0.00     4.07     4.35   0.16 100.00

2021년 09월 09일 11시 55분 42초
avg-cpu:  %user   %nice %system %iowait  %steal   %idle
           1.32    0.00    3.96    3.52    0.00   91.19

Device            r/s     w/s     rMB/s     wMB/s   rrqm/s   wrqm/s  %rrqm  %wrqm r_await w_await aqu-sz rareq-sz wareq-sz  svctm  %util
sdb           2400.99 2100.00      9.49      9.28    28.71     0.00   1.18   0.00    0.14    0.18   0.02     4.05     4.53   0.22  98.22

2021년 09월 09일 11시 55분 43초
avg-cpu:  %user   %nice %system %iowait  %steal   %idle
           0.44    0.00    1.58    0.69    0.00   97.29

Device            r/s     w/s     rMB/s     wMB/s   rrqm/s   wrqm/s  %rrqm  %wrqm r_await w_await aqu-sz rareq-sz wareq-sz  svctm  %util
sdb           2932.00 2800.00     11.45     25.62     0.00  3629.00   0.00  56.45    0.14    0.28   0.30     4.00     9.37   0.17 100.00

2021년 09월 09일 11시 55분 44초
avg-cpu:  %user   %nice %system %iowait  %steal   %idle
           0.31    0.00    1.13    4.96    0.00   93.60

Device            r/s     w/s     rMB/s     wMB/s   rrqm/s   wrqm/s  %rrqm  %wrqm r_await w_await aqu-sz rareq-sz wareq-sz  svctm  %util
sdb           3294.00 2946.00     12.87     12.74     0.00     0.00   0.00   0.00    0.13    0.16   0.00     4.00     4.43   0.16 100.00

2021년 09월 09일 11시 55분 45초
avg-cpu:  %user   %nice %system %iowait  %steal   %idle
           0.25    0.00    1.13    5.15    0.00   93.47

Device            r/s     w/s     rMB/s     wMB/s   rrqm/s   wrqm/s  %rrqm  %wrqm r_await w_await aqu-sz rareq-sz wareq-sz  svctm  %util
sdb           3380.00 3265.00     13.20     13.02     0.00     0.00   0.00   0.00    0.13    0.14   0.00     4.00     4.08   0.15 100.00

2021년 09월 09일 11시 55분 46초
avg-cpu:  %user   %nice %system %iowait  %steal   %idle
           0.25    0.00    0.82    0.88    0.00   98.05

Device            r/s     w/s     rMB/s     wMB/s   rrqm/s   wrqm/s  %rrqm  %wrqm r_await w_await aqu-sz rareq-sz wareq-sz  svctm  %util
sdb           3218.00 2677.00     12.57     12.41     0.00     0.00   0.00   0.00    0.13    0.17   0.00     4.00     4.75   0.17  99.60

2021년 09월 09일 11시 55분 47초
avg-cpu:  %user   %nice %system %iowait  %steal   %idle
           0.25    0.00    0.88    0.19    0.00   98.68

Device            r/s     w/s     rMB/s     wMB/s   rrqm/s   wrqm/s  %rrqm  %wrqm r_await w_await aqu-sz rareq-sz wareq-sz  svctm  %util
sdb           3085.00 2770.00     12.05     11.88     0.00     0.00   0.00   0.00    0.14    0.17   0.00     4.00     4.39   0.17 100.40

2021년 09월 09일 11시 55분 48초
avg-cpu:  %user   %nice %system %iowait  %steal   %idle
           0.19    0.00    1.01    0.51    0.00   98.29

Device            r/s     w/s     rMB/s     wMB/s   rrqm/s   wrqm/s  %rrqm  %wrqm r_await w_await aqu-sz rareq-sz wareq-sz  svctm  %util
sdb           2984.00 2595.00     11.89     27.37    58.00  4034.00   1.91  60.85    0.15    0.32   0.37     4.08    10.80   0.18  98.80

2021년 09월 09일 11시 55분 49초
avg-cpu:  %user   %nice %system %iowait  %steal   %idle
           0.31    0.00    1.13    1.26    0.00   97.30

Device            r/s     w/s     rMB/s     wMB/s   rrqm/s   wrqm/s  %rrqm  %wrqm r_await w_await aqu-sz rareq-sz wareq-sz  svctm  %util
sdb           3129.00 2836.00     12.22     12.07     0.00     0.00   0.00   0.00    0.13    0.16   0.00     4.00     4.36   0.17 100.00

2021년 09월 09일 11시 55분 50초
avg-cpu:  %user   %nice %system %iowait  %steal   %idle
           0.38    0.00    1.44    5.19    0.00   93.00

Device            r/s     w/s     rMB/s     wMB/s   rrqm/s   wrqm/s  %rrqm  %wrqm r_await w_await aqu-sz rareq-sz wareq-sz  svctm  %util
sdb           3262.00 3096.00     12.74     12.61     0.00     0.00   0.00   0.00    0.13    0.15   0.00     4.00     4.17   0.16 100.00

2021년 09월 09일 11시 55분 51초
avg-cpu:  %user   %nice %system %iowait  %steal   %idle
           0.32    0.00    0.88    0.50    0.00   98.30

Device            r/s     w/s     rMB/s     wMB/s   rrqm/s   wrqm/s  %rrqm  %wrqm r_await w_await aqu-sz rareq-sz wareq-sz  svctm  %util
sdb           3293.00 2588.00     12.86     12.72     0.00   506.00   0.00  16.35    0.13    0.18   0.00     4.00     5.03   0.17 100.00

2021년 09월 09일 11시 55분 52초
avg-cpu:  %user   %nice %system %iowait  %steal   %idle
           0.31    0.00    0.94    0.25    0.00   98.49

Device            r/s     w/s     rMB/s     wMB/s   rrqm/s   wrqm/s  %rrqm  %wrqm r_await w_await aqu-sz rareq-sz wareq-sz  svctm  %util
sdb           3227.00 2647.00     12.61     22.89     0.00  2146.00   0.00  44.77    0.13    0.23   0.13     4.00     8.86   0.17 100.00

2021년 09월 09일 11시 55분 53초
avg-cpu:  %user   %nice %system %iowait  %steal   %idle
           0.44    0.00    1.62    4.87    0.00   93.07

Device            r/s     w/s     rMB/s     wMB/s   rrqm/s   wrqm/s  %rrqm  %wrqm r_await w_await aqu-sz rareq-sz wareq-sz  svctm  %util
sdb           3263.00 3022.00     12.75     12.55     0.00     0.00   0.00   0.00    0.13    0.16   0.00     4.00     4.25   0.16 100.00

2021년 09월 09일 11시 55분 54초
avg-cpu:  %user   %nice %system %iowait  %steal   %idle
           0.44    0.00    1.44    1.69    0.00   96.43

Device            r/s     w/s     rMB/s     wMB/s   rrqm/s   wrqm/s  %rrqm  %wrqm r_await w_await aqu-sz rareq-sz wareq-sz  svctm  %util
sdb           2471.00 6424.00      9.65     77.52     0.00 13347.00   0.00  67.51    0.15    0.69   0.40     4.00    12.36   0.11  99.20

2021년 09월 09일 11시 55분 55초
avg-cpu:  %user   %nice %system %iowait  %steal   %idle
           0.25    0.00    0.63    0.38    0.00   98.73

Device            r/s     w/s     rMB/s     wMB/s   rrqm/s   wrqm/s  %rrqm  %wrqm r_await w_await aqu-sz rareq-sz wareq-sz  svctm  %util
sdb           3269.00 2999.00     12.77     12.63     0.00     0.00   0.00   0.00    0.13    0.16   0.00     4.00     4.31   0.16 100.00

2021년 09월 09일 11시 55분 56초
avg-cpu:  %user   %nice %system %iowait  %steal   %idle
           0.13    0.00    1.19    0.19    0.00   98.49

Device            r/s     w/s     rMB/s     wMB/s   rrqm/s   wrqm/s  %rrqm  %wrqm r_await w_await aqu-sz rareq-sz wareq-sz  svctm  %util
sdb           3315.00 3135.00     12.95     12.76     0.00     0.00   0.00   0.00    0.12    0.15   0.00     4.00     4.17   0.15  99.60

2021년 09월 09일 11시 55분 57초
avg-cpu:  %user   %nice %system %iowait  %steal   %idle
           0.44    0.00    1.44    0.25    0.00   97.87

Device            r/s     w/s     rMB/s     wMB/s   rrqm/s   wrqm/s  %rrqm  %wrqm r_await w_await aqu-sz rareq-sz wareq-sz  svctm  %util
sdb           3121.00 3880.00     12.31     12.02    30.00     0.00   0.95   0.00    0.12    0.12   0.00     4.04     3.17   0.14 100.40

2021년 09월 09일 11시 55분 58초
avg-cpu:  %user   %nice %system %iowait  %steal   %idle
           0.25    0.00    1.19    1.32    0.00   97.24

Device            r/s     w/s     rMB/s     wMB/s   rrqm/s   wrqm/s  %rrqm  %wrqm r_await w_await aqu-sz rareq-sz wareq-sz  svctm  %util
sdb           3295.00 2555.00     12.87     12.71     0.00     0.00   0.00   0.00    0.13    0.18   0.02     4.00     5.10   0.17  98.40

2021년 09월 09일 11시 55분 59초
avg-cpu:  %user   %nice %system %iowait  %steal   %idle
           0.44    0.00    2.25    4.81    0.00   92.51

Device            r/s     w/s     rMB/s     wMB/s   rrqm/s   wrqm/s  %rrqm  %wrqm r_await w_await aqu-sz rareq-sz wareq-sz  svctm  %util
sdb           3011.00 2981.00     11.76     27.24     0.00  3972.00   0.00  57.13    0.13    0.28   0.34     4.00     9.36   0.17 100.00

2021년 09월 09일 11시 56분 00초
avg-cpu:  %user   %nice %system %iowait  %steal   %idle
           0.25    0.00    1.07    3.02    0.00   95.66

Device            r/s     w/s     rMB/s     wMB/s   rrqm/s   wrqm/s  %rrqm  %wrqm r_await w_await aqu-sz rareq-sz wareq-sz  svctm  %util
sdb           3292.00 2847.00     12.86     12.71     0.00     0.00   0.00   0.00    0.13    0.16   0.00     4.00     4.57   0.16 100.00

2021년 09월 09일 11시 56분 01초
avg-cpu:  %user   %nice %system %iowait  %steal   %idle
           0.19    0.00    1.13    1.32    0.00   97.37

Device            r/s     w/s     rMB/s     wMB/s   rrqm/s   wrqm/s  %rrqm  %wrqm r_await w_await aqu-sz rareq-sz wareq-sz  svctm  %util
sdb           3299.00 2852.00     12.89     12.74     0.00     0.00   0.00   0.00    0.13    0.16   0.00     4.00     4.57   0.16 100.00

2021년 09월 09일 11시 56분 02초
avg-cpu:  %user   %nice %system %iowait  %steal   %idle
           0.31    0.00    1.13    0.94    0.00   97.62

Device            r/s     w/s     rMB/s     wMB/s   rrqm/s   wrqm/s  %rrqm  %wrqm r_await w_await aqu-sz rareq-sz wareq-sz  svctm  %util
sdb           3244.00 2933.00     12.67     12.52     0.00     0.00   0.00   0.00    0.13    0.16   0.00     4.00     4.37   0.16 100.00

2021년 09월 09일 11시 56분 03초
avg-cpu:  %user   %nice %system %iowait  %steal   %idle
           0.19    0.00    0.82    0.63    0.00   98.36

Device            r/s     w/s     rMB/s     wMB/s   rrqm/s   wrqm/s  %rrqm  %wrqm r_await w_await aqu-sz rareq-sz wareq-sz  svctm  %util
sdb           3306.00 3290.00     12.91     12.71     0.00     0.00   0.00   0.00    0.13    0.14   0.00     4.00     3.96   0.15 100.00

2021년 09월 09일 11시 56분 04초
avg-cpu:  %user   %nice %system %iowait  %steal   %idle
           0.31    0.00    1.00    0.69    0.00   97.99

Device            r/s     w/s     rMB/s     wMB/s   rrqm/s   wrqm/s  %rrqm  %wrqm r_await w_await aqu-sz rareq-sz wareq-sz  svctm  %util
sdb           2989.00 2689.00     11.68     26.63     0.00  3846.00   0.00  58.85    0.14    0.34   0.41     4.00    10.14   0.17  98.40

2021년 09월 09일 11시 56분 05초
avg-cpu:  %user   %nice %system %iowait  %steal   %idle
           0.38    0.00    1.31    4.07    0.00   94.24

Device            r/s     w/s     rMB/s     wMB/s   rrqm/s   wrqm/s  %rrqm  %wrqm r_await w_await aqu-sz rareq-sz wareq-sz  svctm  %util
sdb           3138.00 2806.00     12.26     12.16     0.00     0.00   0.00   0.00    0.13    0.17   0.00     4.00     4.44   0.17 100.00

2021년 09월 09일 11시 56분 06초
avg-cpu:  %user   %nice %system %iowait  %steal   %idle
           0.19    0.00    0.82    1.83    0.00   97.16

Device            r/s     w/s     rMB/s     wMB/s   rrqm/s   wrqm/s  %rrqm  %wrqm r_await w_await aqu-sz rareq-sz wareq-sz  svctm  %util
sdb           3172.00 2723.00     12.39     12.25     0.00     0.00   0.00   0.00    0.13    0.18   0.00     4.00     4.61   0.17 100.00

2021년 09월 09일 11시 56분 07초
avg-cpu:  %user   %nice %system %iowait  %steal   %idle
           0.38    0.00    1.31    1.63    0.00   96.68

Device            r/s     w/s     rMB/s     wMB/s   rrqm/s   wrqm/s  %rrqm  %wrqm r_await w_await aqu-sz rareq-sz wareq-sz  svctm  %util
sdb           3241.00 2838.00     12.66     12.46     0.00     0.00   0.00   0.00    0.13    0.17   0.00     4.00     4.50   0.16 100.00

2021년 09월 09일 11시 56분 08초
avg-cpu:  %user   %nice %system %iowait  %steal   %idle
           0.50    0.00    1.25    0.19    0.00   98.06

Device            r/s     w/s     rMB/s     wMB/s   rrqm/s   wrqm/s  %rrqm  %wrqm r_await w_await aqu-sz rareq-sz wareq-sz  svctm  %util
sdb           3264.00 2996.00     12.75     12.59     0.00     0.00   0.00   0.00    0.13    0.16   0.00     4.00     4.30   0.16 100.00

2021년 09월 09일 11시 56분 09초
avg-cpu:  %user   %nice %system %iowait  %steal   %idle
           0.44    0.00    1.76    1.82    0.00   95.99

Device            r/s     w/s     rMB/s     wMB/s   rrqm/s   wrqm/s  %rrqm  %wrqm r_await w_await aqu-sz rareq-sz wareq-sz  svctm  %util
sdb           2901.00 2984.00     11.33     26.96     0.00  4003.00   0.00  57.29    0.13    0.28   0.35     4.00     9.25   0.17 100.00

2021년 09월 09일 11시 56분 10초
avg-cpu:  %user   %nice %system %iowait  %steal   %idle
           0.38    0.00    1.13    1.38    0.00   97.11

Device            r/s     w/s     rMB/s     wMB/s   rrqm/s   wrqm/s  %rrqm  %wrqm r_await w_await aqu-sz rareq-sz wareq-sz  svctm  %util
sdb           3285.00 2992.00     12.83     14.98     0.00   587.00   0.00  16.40    0.13    0.16   0.00     4.00     5.13   0.16 100.00

2021년 09월 09일 11시 56분 11초
avg-cpu:  %user   %nice %system %iowait  %steal   %idle
           0.25    0.00    1.26    0.31    0.00   98.18

Device            r/s     w/s     rMB/s     wMB/s   rrqm/s   wrqm/s  %rrqm  %wrqm r_await w_await aqu-sz rareq-sz wareq-sz  svctm  %util
sdb           3190.00 2826.00     12.46     12.30     0.00     0.00   0.00   0.00    0.13    0.16   0.01     4.00     4.46   0.16  98.80

2021년 09월 09일 11시 56분 12초
avg-cpu:  %user   %nice %system %iowait  %steal   %idle
           0.38    0.00    0.88    0.19    0.00   98.55

Device            r/s     w/s     rMB/s     wMB/s   rrqm/s   wrqm/s  %rrqm  %wrqm r_await w_await aqu-sz rareq-sz wareq-sz  svctm  %util
sdb           3229.00 2915.00     12.61     12.50     0.00     0.00   0.00   0.00    0.13    0.16   0.00     4.00     4.39   0.16 100.00

2021년 09월 09일 11시 56분 13초
avg-cpu:  %user   %nice %system %iowait  %steal   %idle
           0.32    0.00    0.82    0.38    0.00   98.49

Device            r/s     w/s     rMB/s     wMB/s   rrqm/s   wrqm/s  %rrqm  %wrqm r_await w_await aqu-sz rareq-sz wareq-sz  svctm  %util
sdb           3095.00 2791.00     12.09     22.09     0.00  2585.00   0.00  48.08    0.13    0.22   0.13     4.00     8.11   0.17  99.60

2021년 09월 09일 11시 56분 14초
avg-cpu:  %user   %nice %system %iowait  %steal   %idle
           0.31    0.00    1.32    0.38    0.00   97.99

Device            r/s     w/s     rMB/s     wMB/s   rrqm/s   wrqm/s  %rrqm  %wrqm r_await w_await aqu-sz rareq-sz wareq-sz  svctm  %util
sdb           3194.00 3168.00     12.60     12.32    31.00     0.00   0.96   0.00    0.13    0.14   0.00     4.04     3.98   0.16 100.00

2021년 09월 09일 11시 56분 15초
avg-cpu:  %user   %nice %system %iowait  %steal   %idle
           0.38    0.00    1.69    5.00    0.00   92.94

Device            r/s     w/s     rMB/s     wMB/s   rrqm/s   wrqm/s  %rrqm  %wrqm r_await w_await aqu-sz rareq-sz wareq-sz  svctm  %util
sdb           3082.00 3806.00     12.16     11.82    29.00     0.00   0.93   0.00    0.13    0.12   0.00     4.04     3.18   0.15 100.00

2021년 09월 09일 11시 56분 16초
avg-cpu:  %user   %nice %system %iowait  %steal   %idle
           0.38    0.00    1.13    0.50    0.00   97.99

Device            r/s     w/s     rMB/s     wMB/s   rrqm/s   wrqm/s  %rrqm  %wrqm r_await w_await aqu-sz rareq-sz wareq-sz  svctm  %util
sdb           3092.00 3123.00     12.08     11.91     0.00     0.00   0.00   0.00    0.13    0.15   0.00     4.00     3.91   0.16 100.00

2021년 09월 09일 11시 56분 17초
avg-cpu:  %user   %nice %system %iowait  %steal   %idle
           0.56    0.00    2.69    4.38    0.00   92.36

Device            r/s     w/s     rMB/s     wMB/s   rrqm/s   wrqm/s  %rrqm  %wrqm r_await w_await aqu-sz rareq-sz wareq-sz  svctm  %util
sdb           2842.00 2645.00     11.10     11.01     0.00     0.00   0.00   0.00    0.14    0.17   0.02     4.00     4.26   0.18  98.80

2021년 09월 09일 11시 56분 18초
avg-cpu:  %user   %nice %system %iowait  %steal   %idle
           0.50    0.00    1.88    1.13    0.00   96.49

Device            r/s     w/s     rMB/s     wMB/s   rrqm/s   wrqm/s  %rrqm  %wrqm r_await w_await aqu-sz rareq-sz wareq-sz  svctm  %util
sdb           3060.00 2647.00     11.95     26.81     0.00  3813.00   0.00  59.02    0.14    0.29   0.31     4.00    10.37   0.18 100.00

2021년 09월 09일 11시 56분 19초
avg-cpu:  %user   %nice %system %iowait  %steal   %idle
           0.19    0.00    1.01    5.04    0.00   93.77

Device            r/s     w/s     rMB/s     wMB/s   rrqm/s   wrqm/s  %rrqm  %wrqm r_await w_await aqu-sz rareq-sz wareq-sz  svctm  %util
sdb           3220.00 2658.00     12.58     12.41     0.00     0.00   0.00   0.00    0.14    0.17   0.00     4.00     4.78   0.17 100.00

2021년 09월 09일 11시 56분 20초
avg-cpu:  %user   %nice %system %iowait  %steal   %idle
           0.44    0.00    1.19    0.44    0.00   97.93

Device            r/s     w/s     rMB/s     wMB/s   rrqm/s   wrqm/s  %rrqm  %wrqm r_await w_await aqu-sz rareq-sz wareq-sz  svctm  %util
sdb           3112.00 3200.00     12.16     11.99     0.00     0.00   0.00   0.00    0.13    0.14   0.00     4.00     3.84   0.16 100.00

2021년 09월 09일 11시 56분 21초
avg-cpu:  %user   %nice %system %iowait  %steal   %idle
           0.25    0.00    1.44    0.25    0.00   98.06

Device            r/s     w/s     rMB/s     wMB/s   rrqm/s   wrqm/s  %rrqm  %wrqm r_await w_await aqu-sz rareq-sz wareq-sz  svctm  %util
sdb           3137.00 2725.00     12.25     12.10     0.00     0.00   0.00   0.00    0.13    0.17   0.00     4.00     4.55   0.17 100.00

2021년 09월 09일 11시 56분 22초
avg-cpu:  %user   %nice %system %iowait  %steal   %idle
           0.56    0.00    1.13    1.50    0.00   96.80

Device            r/s     w/s     rMB/s     wMB/s   rrqm/s   wrqm/s  %rrqm  %wrqm r_await w_await aqu-sz rareq-sz wareq-sz  svctm  %util
sdb           3207.00 2644.00     12.53     12.36     0.00     0.00   0.00   0.00    0.13    0.18   0.00     4.00     4.79   0.17 100.00

2021년 09월 09일 11시 56분 23초
avg-cpu:  %user   %nice %system %iowait  %steal   %idle
           0.50    0.00    2.06    5.05    0.00   92.39

Device            r/s     w/s     rMB/s     wMB/s   rrqm/s   wrqm/s  %rrqm  %wrqm r_await w_await aqu-sz rareq-sz wareq-sz  svctm  %util
sdb           3033.00 2746.00     11.85     27.47     0.00  4011.00   0.00  59.36    0.13    0.31   0.36     4.00    10.24   0.17  98.80

2021년 09월 09일 11시 56분 24초
avg-cpu:  %user   %nice %system %iowait  %steal   %idle
           0.13    0.00    1.13    2.76    0.00   95.98

Device            r/s     w/s     rMB/s     wMB/s   rrqm/s   wrqm/s  %rrqm  %wrqm r_await w_await aqu-sz rareq-sz wareq-sz  svctm  %util
sdb           3171.00 2523.00     12.39     12.25     0.00     0.00   0.00   0.00    0.14    0.18   0.00     4.00     4.97   0.18 100.00

2021년 09월 09일 11시 56분 25초
avg-cpu:  %user   %nice %system %iowait  %steal   %idle
           0.19    0.00    0.94    0.50    0.00   98.36

Device            r/s     w/s     rMB/s     wMB/s   rrqm/s   wrqm/s  %rrqm  %wrqm r_await w_await aqu-sz rareq-sz wareq-sz  svctm  %util
sdb           2675.00 6969.00     10.45     61.29     0.00  8327.00   0.00  54.44    0.16    0.55   0.00     4.00     9.01   0.10 100.00

2021년 09월 09일 11시 56분 26초
avg-cpu:  %user   %nice %system %iowait  %steal   %idle
           0.50    0.00    1.51    3.15    0.00   94.84

Device            r/s     w/s     rMB/s     wMB/s   rrqm/s   wrqm/s  %rrqm  %wrqm r_await w_await aqu-sz rareq-sz wareq-sz  svctm  %util
sdb           3188.00 2621.00     12.45     12.30     0.00     0.00   0.00   0.00    0.13    0.17   0.00     4.00     4.80   0.17 100.00

2021년 09월 09일 11시 56분 27초
avg-cpu:  %user   %nice %system %iowait  %steal   %idle
           0.94    0.00    3.58    4.08    0.00   91.41

Device            r/s     w/s     rMB/s     wMB/s   rrqm/s   wrqm/s  %rrqm  %wrqm r_await w_await aqu-sz rareq-sz wareq-sz  svctm  %util
sdb           2639.00 2276.00     10.31     10.19     0.00     0.00   0.00   0.00    0.14    0.17   0.00     4.00     4.59   0.20 100.00

2021년 09월 09일 11시 56분 28초
avg-cpu:  %user   %nice %system %iowait  %steal   %idle
           1.39    0.00    4.09    3.53    0.00   90.99

Device            r/s     w/s     rMB/s     wMB/s   rrqm/s   wrqm/s  %rrqm  %wrqm r_await w_await aqu-sz rareq-sz wareq-sz  svctm  %util
sdb           2289.00 1950.00      8.94     22.68     0.00  3529.00   0.00  64.41    0.14    0.35   0.31     4.00    11.91   0.23  98.80

2021년 09월 09일 11시 56분 29초
avg-cpu:  %user   %nice %system %iowait  %steal   %idle
           0.38    0.00    1.69    5.02    0.00   92.92

Device            r/s     w/s     rMB/s     wMB/s   rrqm/s   wrqm/s  %rrqm  %wrqm r_await w_await aqu-sz rareq-sz wareq-sz  svctm  %util
sdb           3084.00 2971.00     12.05     11.92     0.00     0.00   0.00   0.00    0.13    0.16   0.00     4.00     4.11   0.17 100.00

2021년 09월 09일 11시 56분 30초
avg-cpu:  %user   %nice %system %iowait  %steal   %idle
           0.25    0.00    0.88    1.45    0.00   97.41

Device            r/s     w/s     rMB/s     wMB/s   rrqm/s   wrqm/s  %rrqm  %wrqm r_await w_await aqu-sz rareq-sz wareq-sz  svctm  %util
sdb           3158.00 3351.00     12.34     12.24     0.00     0.00   0.00   0.00    0.13    0.14   0.00     4.00     3.74   0.15 100.00

2021년 09월 09일 11시 56분 31초
avg-cpu:  %user   %nice %system %iowait  %steal   %idle
           0.25    0.00    0.94    1.13    0.00   97.67

Device            r/s     w/s     rMB/s     wMB/s   rrqm/s   wrqm/s  %rrqm  %wrqm r_await w_await aqu-sz rareq-sz wareq-sz  svctm  %util
sdb           3138.00 3014.00     12.26     12.11     0.00     0.00   0.00   0.00    0.13    0.16   0.00     4.00     4.11   0.16 100.00

2021년 09월 09일 11시 56분 32초
avg-cpu:  %user   %nice %system %iowait  %steal   %idle
           0.25    0.00    0.63    0.88    0.00   98.23

Device            r/s     w/s     rMB/s     wMB/s   rrqm/s   wrqm/s  %rrqm  %wrqm r_await w_await aqu-sz rareq-sz wareq-sz  svctm  %util
sdb           3200.00 2994.00     12.62     12.38    30.00     0.00   0.93   0.00    0.13    0.16   0.00     4.04     4.23   0.16 100.00

2021년 09월 09일 11시 56분 33초
avg-cpu:  %user   %nice %system %iowait  %steal   %idle
           0.70    0.00    1.90    4.30    0.00   93.11

Device            r/s     w/s     rMB/s     wMB/s   rrqm/s   wrqm/s  %rrqm  %wrqm r_await w_await aqu-sz rareq-sz wareq-sz  svctm  %util
sdb           2823.00 2554.00     11.03     26.74     0.00  4015.00   0.00  61.12    0.15    0.31   0.37     4.00    10.72   0.19 100.00

2021년 09월 09일 11시 56분 34초
avg-cpu:  %user   %nice %system %iowait  %steal   %idle
           1.07    0.00    3.40    2.90    0.00   92.63

Device            r/s     w/s     rMB/s     wMB/s   rrqm/s   wrqm/s  %rrqm  %wrqm r_await w_await aqu-sz rareq-sz wareq-sz  svctm  %util
sdb           2362.00 3317.00      9.23      9.08     0.00     0.00   0.00   0.00    0.13    0.12   0.00     4.00     2.80   0.18 100.00

2021년 09월 09일 11시 56분 35초
avg-cpu:  %user   %nice %system %iowait  %steal   %idle
           0.25    0.00    1.07    0.32    0.00   98.36

Device            r/s     w/s     rMB/s     wMB/s   rrqm/s   wrqm/s  %rrqm  %wrqm r_await w_await aqu-sz rareq-sz wareq-sz  svctm  %util
sdb           2887.00 3810.00     11.28     11.13     0.00     0.00   0.00   0.00    0.13    0.12   0.02     4.00     2.99   0.15  98.80

2021년 09월 09일 11시 56분 36초
avg-cpu:  %user   %nice %system %iowait  %steal   %idle
           0.38    0.00    1.13    4.89    0.00   93.61

Device            r/s     w/s     rMB/s     wMB/s   rrqm/s   wrqm/s  %rrqm  %wrqm r_await w_await aqu-sz rareq-sz wareq-sz  svctm  %util
sdb           3229.00 3284.00     12.61     12.41     0.00     0.00   0.00   0.00    0.13    0.14   0.00     4.00     3.87   0.15 100.00

2021년 09월 09일 11시 56분 37초
avg-cpu:  %user   %nice %system %iowait  %steal   %idle
           0.31    0.00    1.19    5.21    0.00   93.29

Device            r/s     w/s     rMB/s     wMB/s   rrqm/s   wrqm/s  %rrqm  %wrqm r_await w_await aqu-sz rareq-sz wareq-sz  svctm  %util
sdb           3237.00 3092.00     12.64     12.48     0.00     0.00   0.00   0.00    0.13    0.16   0.00     4.00     4.13   0.16 100.00

2021년 09월 09일 11시 56분 38초
avg-cpu:  %user   %nice %system %iowait  %steal   %idle
           0.44    0.00    1.32    0.69    0.00   97.55

Device            r/s     w/s     rMB/s     wMB/s   rrqm/s   wrqm/s  %rrqm  %wrqm r_await w_await aqu-sz rareq-sz wareq-sz  svctm  %util
sdb           3043.00 3271.00     11.89     26.37     0.00  3716.00   0.00  53.18    0.13    0.24   0.30     4.00     8.26   0.16 100.00

2021년 09월 09일 11시 56분 39초
avg-cpu:  %user   %nice %system %iowait  %steal   %idle
           0.25    0.00    1.19    4.89    0.00   93.67

Device            r/s     w/s     rMB/s     wMB/s   rrqm/s   wrqm/s  %rrqm  %wrqm r_await w_await aqu-sz rareq-sz wareq-sz  svctm  %util
sdb           3329.00 2864.00     13.00     12.88     0.00     0.00   0.00   0.00    0.13    0.16   0.00     4.00     4.61   0.16 100.00

2021년 09월 09일 11시 56분 40초
avg-cpu:  %user   %nice %system %iowait  %steal   %idle
           0.31    0.00    1.19    5.21    0.00   93.29

Device            r/s     w/s     rMB/s     wMB/s   rrqm/s   wrqm/s  %rrqm  %wrqm r_await w_await aqu-sz rareq-sz wareq-sz  svctm  %util
sdb           3312.00 2739.00     12.94     12.79     0.00     0.00   0.00   0.00    0.13    0.17   0.00     4.00     4.78   0.17 100.00

2021년 09월 09일 11시 56분 41초
avg-cpu:  %user   %nice %system %iowait  %steal   %idle
           0.32    0.00    0.76    0.63    0.00   98.30

Device            r/s     w/s     rMB/s     wMB/s   rrqm/s   wrqm/s  %rrqm  %wrqm r_await w_await aqu-sz rareq-sz wareq-sz  svctm  %util
sdb           3184.00 2685.00     12.44     12.28     0.00     0.00   0.00   0.00    0.13    0.17   0.02     4.00     4.68   0.17  98.80

2021년 09월 09일 11시 56분 42초
avg-cpu:  %user   %nice %system %iowait  %steal   %idle
           0.50    0.00    1.19    0.63    0.00   97.68

Device            r/s     w/s     rMB/s     wMB/s   rrqm/s   wrqm/s  %rrqm  %wrqm r_await w_await aqu-sz rareq-sz wareq-sz  svctm  %util
sdb           3125.00 3123.00     12.21     12.02     0.00     0.00   0.00   0.00    0.13    0.15   0.00     4.00     3.94   0.16 100.00

2021년 09월 09일 11시 56분 43초
avg-cpu:  %user   %nice %system %iowait  %steal   %idle
           0.25    0.00    1.20    0.31    0.00   98.24

Device            r/s     w/s     rMB/s     wMB/s   rrqm/s   wrqm/s  %rrqm  %wrqm r_await w_await aqu-sz rareq-sz wareq-sz  svctm  %util
sdb           2987.00 3261.00     11.67     27.26     0.00  4008.00   0.00  55.14    0.13    0.26   0.34     4.00     8.56   0.16 100.00

2021년 09월 09일 11시 56분 44초
avg-cpu:  %user   %nice %system %iowait  %steal   %idle
           0.31    0.00    1.07    0.25    0.00   98.37

Device            r/s     w/s     rMB/s     wMB/s   rrqm/s   wrqm/s  %rrqm  %wrqm r_await w_await aqu-sz rareq-sz wareq-sz  svctm  %util
sdb           3226.00 2889.00     12.60     12.48     0.00     0.00   0.00   0.00    0.13    0.16   0.00     4.00     4.42   0.16 100.00

2021년 09월 09일 11시 56분 45초
avg-cpu:  %user   %nice %system %iowait  %steal   %idle
           0.32    0.00    0.95    0.19    0.00   98.55

Device            r/s     w/s     rMB/s     wMB/s   rrqm/s   wrqm/s  %rrqm  %wrqm r_await w_await aqu-sz rareq-sz wareq-sz  svctm  %util
sdb           3223.00 2622.00     12.59     12.47     0.00     0.00   0.00   0.00    0.13    0.18   0.00     4.00     4.87   0.17 100.00

2021년 09월 09일 11시 56분 46초
avg-cpu:  %user   %nice %system %iowait  %steal   %idle
           0.25    0.00    1.13    0.25    0.00   98.36

Device            r/s     w/s     rMB/s     wMB/s   rrqm/s   wrqm/s  %rrqm  %wrqm r_await w_await aqu-sz rareq-sz wareq-sz  svctm  %util
sdb           3217.00 2596.00     12.57     12.41     0.00     0.00   0.00   0.00    0.13    0.18   0.00     4.00     4.90   0.17 100.00

2021년 09월 09일 11시 56분 47초
avg-cpu:  %user   %nice %system %iowait  %steal   %idle
           0.38    0.00    1.01    0.25    0.00   98.36

Device            r/s     w/s     rMB/s     wMB/s   rrqm/s   wrqm/s  %rrqm  %wrqm r_await w_await aqu-sz rareq-sz wareq-sz  svctm  %util
sdb           3249.00 2857.00     12.69     12.54     0.00     0.00   0.00   0.00    0.13    0.16   0.00     4.00     4.50   0.16 100.00

2021년 09월 09일 11시 56분 48초
avg-cpu:  %user   %nice %system %iowait  %steal   %idle
           0.50    0.00    1.83    1.07    0.00   96.60

Device            r/s     w/s     rMB/s     wMB/s   rrqm/s   wrqm/s  %rrqm  %wrqm r_await w_await aqu-sz rareq-sz wareq-sz  svctm  %util
sdb           2950.00 2878.00     11.52     27.12     0.00  4009.00   0.00  58.21    0.13    0.29   0.35     4.00     9.65   0.17  99.20

2021년 09월 09일 11시 56분 49초
avg-cpu:  %user   %nice %system %iowait  %steal   %idle
           0.25    0.00    1.38    3.89    0.00   94.48

Device            r/s     w/s     rMB/s     wMB/s   rrqm/s   wrqm/s  %rrqm  %wrqm r_await w_await aqu-sz rareq-sz wareq-sz  svctm  %util
sdb           3287.00 2823.00     12.84     12.65     0.00     0.00   0.00   0.00    0.13    0.16   0.00     4.00     4.59   0.16 100.00

2021년 09월 09일 11시 56분 50초
avg-cpu:  %user   %nice %system %iowait  %steal   %idle
           0.25    0.00    1.19    4.96    0.00   93.60

Device            r/s     w/s     rMB/s     wMB/s   rrqm/s   wrqm/s  %rrqm  %wrqm r_await w_await aqu-sz rareq-sz wareq-sz  svctm  %util
sdb           3294.00 2901.00     12.87     12.69     0.00     0.00   0.00   0.00    0.13    0.16   0.00     4.00     4.48   0.16 100.00

2021년 09월 09일 11시 56분 51초
avg-cpu:  %user   %nice %system %iowait  %steal   %idle
           0.25    0.00    0.88    1.20    0.00   97.67

Device            r/s     w/s     rMB/s     wMB/s   rrqm/s   wrqm/s  %rrqm  %wrqm r_await w_await aqu-sz rareq-sz wareq-sz  svctm  %util
sdb           3343.00 2934.00     13.06     12.91     0.00     0.00   0.00   0.00    0.13    0.16   0.00     4.00     4.50   0.16 100.00

2021년 09월 09일 11시 56분 52초
avg-cpu:  %user   %nice %system %iowait  %steal   %idle
           0.69    0.00    1.76    4.53    0.00   93.02

Device            r/s     w/s     rMB/s     wMB/s   rrqm/s   wrqm/s  %rrqm  %wrqm r_await w_await aqu-sz rareq-sz wareq-sz  svctm  %util
sdb           2986.00 2842.00     11.66     11.50     0.00     0.00   0.00   0.00    0.13    0.15   0.00     4.00     4.14   0.17 100.00

2021년 09월 09일 11시 56분 53초
avg-cpu:  %user   %nice %system %iowait  %steal   %idle
           0.88    0.00    2.50    1.44    0.00   95.18

Device            r/s     w/s     rMB/s     wMB/s   rrqm/s   wrqm/s  %rrqm  %wrqm r_await w_await aqu-sz rareq-sz wareq-sz  svctm  %util
sdb           2777.00 3344.00     10.85     27.43     0.00  4250.00   0.00  55.97    0.13    0.25   0.35     4.00     8.40   0.16  98.80

2021년 09월 09일 11시 56분 54초
avg-cpu:  %user   %nice %system %iowait  %steal   %idle
           0.31    0.00    1.13    0.25    0.00   98.30

Device            r/s     w/s     rMB/s     wMB/s   rrqm/s   wrqm/s  %rrqm  %wrqm r_await w_await aqu-sz rareq-sz wareq-sz  svctm  %util
sdb           3203.00 3128.00     12.51     12.37     0.00     0.00   0.00   0.00    0.13    0.15   0.00     4.00     4.05   0.16 100.00

2021년 09월 09일 11시 56분 55초
avg-cpu:  %user   %nice %system %iowait  %steal   %idle
           0.81    0.00    2.38    4.38    0.00   92.44

Device            r/s     w/s     rMB/s     wMB/s   rrqm/s   wrqm/s  %rrqm  %wrqm r_await w_await aqu-sz rareq-sz wareq-sz  svctm  %util
sdb           2943.00 2660.00     11.50     15.89     0.00  1144.00   0.00  30.07    0.13    0.18   0.02     4.00     6.12   0.18 100.00

2021년 09월 09일 11시 56분 56초
avg-cpu:  %user   %nice %system %iowait  %steal   %idle
           0.44    0.00    0.94    0.25    0.00   98.36

Device            r/s     w/s     rMB/s     wMB/s   rrqm/s   wrqm/s  %rrqm  %wrqm r_await w_await aqu-sz rareq-sz wareq-sz  svctm  %util
sdb           3131.00 2973.00     12.23     12.05     0.00     0.00   0.00   0.00    0.13    0.16   0.00     4.00     4.15   0.16 100.00

2021년 09월 09일 11시 56분 57초
avg-cpu:  %user   %nice %system %iowait  %steal   %idle
           0.31    0.00    0.94    0.25    0.00   98.49

Device            r/s     w/s     rMB/s     wMB/s   rrqm/s   wrqm/s  %rrqm  %wrqm r_await w_await aqu-sz rareq-sz wareq-sz  svctm  %util
sdb           3113.00 3058.00     12.16     18.64     0.00  1689.00   0.00  35.58    0.13    0.18   0.06     4.00     6.24   0.16 100.00

2021년 09월 09일 11시 56분 58초
avg-cpu:  %user   %nice %system %iowait  %steal   %idle
           0.38    0.00    1.44    0.25    0.00   97.93

Device            r/s     w/s     rMB/s     wMB/s   rrqm/s   wrqm/s  %rrqm  %wrqm r_await w_await aqu-sz rareq-sz wareq-sz  svctm  %util
sdb           3261.00 3216.00     12.74     12.58     0.00     0.00   0.00   0.00    0.12    0.15   0.00     4.00     4.00   0.15 100.00

2021년 09월 09일 11시 56분 59초
avg-cpu:  %user   %nice %system %iowait  %steal   %idle
           0.44    0.00    1.32    0.19    0.00   98.05

Device            r/s     w/s     rMB/s     wMB/s   rrqm/s   wrqm/s  %rrqm  %wrqm r_await w_await aqu-sz rareq-sz wareq-sz  svctm  %util
sdb           3110.00 3445.00     12.15     11.97     0.00     0.00   0.00   0.00    0.13    0.14   0.00     4.00     3.56   0.15 100.00

2021년 09월 09일 11시 57분 00초
avg-cpu:  %user   %nice %system %iowait  %steal   %idle
           0.88    0.00    3.13    2.44    0.00   93.55

Device            r/s     w/s     rMB/s     wMB/s   rrqm/s   wrqm/s  %rrqm  %wrqm r_await w_await aqu-sz rareq-sz wareq-sz  svctm  %util
sdb           2701.00 2320.00     10.55     10.43     0.00     0.00   0.00   0.00    0.14    0.18   0.02     4.00     4.60   0.20  98.80

2021년 09월 09일 11시 57분 01초
avg-cpu:  %user   %nice %system %iowait  %steal   %idle
           0.94    0.00    3.53    2.52    0.00   93.01

Device            r/s     w/s     rMB/s     wMB/s   rrqm/s   wrqm/s  %rrqm  %wrqm r_await w_await aqu-sz rareq-sz wareq-sz  svctm  %util
sdb           1984.00 6475.00      7.75     77.75     0.00 13238.00   0.00  67.15    0.16    0.60   0.00     4.00    12.30   0.12 100.00

2021년 09월 09일 11시 57분 02초
avg-cpu:  %user   %nice %system %iowait  %steal   %idle
           0.19    0.00    1.01    0.50    0.00   98.30

Device            r/s     w/s     rMB/s     wMB/s   rrqm/s   wrqm/s  %rrqm  %wrqm r_await w_await aqu-sz rareq-sz wareq-sz  svctm  %util
sdb           3112.00 2674.00     12.16     12.04     0.00     0.00   0.00   0.00    0.14    0.17   0.00     4.00     4.61   0.17 100.00

2021년 09월 09일 11시 57분 03초
avg-cpu:  %user   %nice %system %iowait  %steal   %idle
           0.31    0.00    0.82    5.28    0.00   93.59

Device            r/s     w/s     rMB/s     wMB/s   rrqm/s   wrqm/s  %rrqm  %wrqm r_await w_await aqu-sz rareq-sz wareq-sz  svctm  %util
sdb           3229.00 3024.00     12.61     12.51     0.00     0.00   0.00   0.00    0.13    0.15   0.00     4.00     4.24   0.16 100.00

2021년 09월 09일 11시 57분 04초
avg-cpu:  %user   %nice %system %iowait  %steal   %idle
           0.31    0.00    1.31    5.19    0.00   93.18

Device            r/s     w/s     rMB/s     wMB/s   rrqm/s   wrqm/s  %rrqm  %wrqm r_await w_await aqu-sz rareq-sz wareq-sz  svctm  %util
sdb           3343.00 3167.00     13.06     12.95     0.00     0.00   0.00   0.00    0.13    0.15   0.00     4.00     4.19   0.15 100.00

2021년 09월 09일 11시 57분 05초
avg-cpu:  %user   %nice %system %iowait  %steal   %idle
           0.94    0.00    3.21    3.90    0.00   91.94

Device            r/s     w/s     rMB/s     wMB/s   rrqm/s   wrqm/s  %rrqm  %wrqm r_await w_await aqu-sz rareq-sz wareq-sz  svctm  %util
sdb           2543.00 2373.00      9.93      9.85     0.00     0.00   0.00   0.00    0.13    0.17   0.01     4.00     4.25   0.20  98.80

2021년 09월 09일 11시 57분 06초
avg-cpu:  %user   %nice %system %iowait  %steal   %idle
           0.56    0.00    1.69    0.75    0.00   96.99

Device            r/s     w/s     rMB/s     wMB/s   rrqm/s   wrqm/s  %rrqm  %wrqm r_await w_await aqu-sz rareq-sz wareq-sz  svctm  %util
sdb           3052.00 2589.00     11.92     26.38     0.00  3727.00   0.00  59.01    0.14    0.31   0.32     4.00    10.43   0.18 100.00

2021년 09월 09일 11시 57분 07초
avg-cpu:  %user   %nice %system %iowait  %steal   %idle
           0.32    0.00    0.76    1.26    0.00   97.67

Device            r/s     w/s     rMB/s     wMB/s   rrqm/s   wrqm/s  %rrqm  %wrqm r_await w_await aqu-sz rareq-sz wareq-sz  svctm  %util
sdb           3127.00 2899.00     12.21     12.03     0.00     0.00   0.00   0.00    0.14    0.16   0.00     4.00     4.25   0.17 100.00

2021년 09월 09일 11시 57분 08초
avg-cpu:  %user   %nice %system %iowait  %steal   %idle
           0.44    0.00    1.07    1.95    0.00   96.55

Device            r/s     w/s     rMB/s     wMB/s   rrqm/s   wrqm/s  %rrqm  %wrqm r_await w_await aqu-sz rareq-sz wareq-sz  svctm  %util
sdb           3108.00 2507.00     12.14     12.01     0.00     0.00   0.00   0.00    0.14    0.18   0.00     4.00     4.91   0.18 100.00

2021년 09월 09일 11시 57분 09초
avg-cpu:  %user   %nice %system %iowait  %steal   %idle
           0.25    0.00    1.01    1.45    0.00   97.30

Device            r/s     w/s     rMB/s     wMB/s   rrqm/s   wrqm/s  %rrqm  %wrqm r_await w_await aqu-sz rareq-sz wareq-sz  svctm  %util
sdb           3152.00 2802.00     12.31     12.18     0.00     0.00   0.00   0.00    0.14    0.16   0.00     4.00     4.45   0.17 100.00

2021년 09월 09일 11시 57분 10초
avg-cpu:  %user   %nice %system %iowait  %steal   %idle
           0.31    0.00    1.01    1.13    0.00   97.54

Device            r/s     w/s     rMB/s     wMB/s   rrqm/s   wrqm/s  %rrqm  %wrqm r_await w_await aqu-sz rareq-sz wareq-sz  svctm  %util
sdb           3067.00 3307.00     11.98     11.85     0.00     0.00   0.00   0.00    0.13    0.14   0.00     4.00     3.67   0.16 100.00

2021년 09월 09일 11시 57분 11초
avg-cpu:  %user   %nice %system %iowait  %steal   %idle
           0.44    0.00    1.26    2.26    0.00   96.05

Device            r/s     w/s     rMB/s     wMB/s   rrqm/s   wrqm/s  %rrqm  %wrqm r_await w_await aqu-sz rareq-sz wareq-sz  svctm  %util
sdb           2941.00 2619.00     11.49     26.79     0.00  3924.00   0.00  59.97    0.14    0.33   0.37     4.00    10.48   0.18  98.80

2021년 09월 09일 11시 57분 12초
avg-cpu:  %user   %nice %system %iowait  %steal   %idle
           0.44    0.00    1.26    0.19    0.00   98.11

Device            r/s     w/s     rMB/s     wMB/s   rrqm/s   wrqm/s  %rrqm  %wrqm r_await w_await aqu-sz rareq-sz wareq-sz  svctm  %util
sdb           3164.00 3172.00     12.36     12.17     0.00     0.00   0.00   0.00    0.13    0.15   0.00     4.00     3.93   0.16 100.00

2021년 09월 09일 11시 57분 13초
avg-cpu:  %user   %nice %system %iowait  %steal   %idle
           0.44    0.00    1.07    4.82    0.00   93.67

Device            r/s     w/s     rMB/s     wMB/s   rrqm/s   wrqm/s  %rrqm  %wrqm r_await w_await aqu-sz rareq-sz wareq-sz  svctm  %util
sdb           3303.00 2635.00     12.90     12.74     0.00     0.00   0.00   0.00    0.13    0.18   0.00     4.00     4.95   0.17 100.00

2021년 09월 09일 11시 57분 14초
avg-cpu:  %user   %nice %system %iowait  %steal   %idle
           0.44    0.00    1.07    0.50    0.00   97.99

Device            r/s     w/s     rMB/s     wMB/s   rrqm/s   wrqm/s  %rrqm  %wrqm r_await w_await aqu-sz rareq-sz wareq-sz  svctm  %util
sdb           3286.00 2645.00     12.84     12.67     0.00     0.00   0.00   0.00    0.13    0.17   0.00     4.00     4.91   0.17 100.00

2021년 09월 09일 11시 57분 15초
avg-cpu:  %user   %nice %system %iowait  %steal   %idle
           0.19    0.00    1.07    0.25    0.00   98.49

Device            r/s     w/s     rMB/s     wMB/s   rrqm/s   wrqm/s  %rrqm  %wrqm r_await w_await aqu-sz rareq-sz wareq-sz  svctm  %util
sdb           3203.00 3066.00     12.51     12.30     0.00     0.00   0.00   0.00    0.13    0.15   0.00     4.00     4.11   0.16 100.00

2021년 09월 09일 11시 57분 16초
avg-cpu:  %user   %nice %system %iowait  %steal   %idle
           0.31    0.00    1.81    4.82    0.00   93.06

Device            r/s     w/s     rMB/s     wMB/s   rrqm/s   wrqm/s  %rrqm  %wrqm r_await w_await aqu-sz rareq-sz wareq-sz  svctm  %util
sdb           3048.00 3188.00     11.91     27.52     0.00  4009.00   0.00  55.70    0.13    0.28   0.36     4.00     8.84   0.16 100.40

2021년 09월 09일 11시 57분 17초
avg-cpu:  %user   %nice %system %iowait  %steal   %idle
           1.06    0.00    2.49    4.42    0.00   92.02

Device            r/s     w/s     rMB/s     wMB/s   rrqm/s   wrqm/s  %rrqm  %wrqm r_await w_await aqu-sz rareq-sz wareq-sz  svctm  %util
sdb           2739.00 2566.00     10.70     10.59     0.00     0.00   0.00   0.00    0.14    0.17   0.02     4.00     4.22   0.19  98.80

2021년 09월 09일 11시 57분 18초
avg-cpu:  %user   %nice %system %iowait  %steal   %idle
           0.44    0.00    1.88    0.44    0.00   97.24

Device            r/s     w/s     rMB/s     wMB/s   rrqm/s   wrqm/s  %rrqm  %wrqm r_await w_await aqu-sz rareq-sz wareq-sz  svctm  %util
sdb           2979.00 2824.00     11.64     11.48     0.00     0.00   0.00   0.00    0.14    0.16   0.00     4.00     4.16   0.17  99.60

2021년 09월 09일 11시 57분 19초
avg-cpu:  %user   %nice %system %iowait  %steal   %idle
           0.38    0.00    1.32    0.19    0.00   98.12

Device            r/s     w/s     rMB/s     wMB/s   rrqm/s   wrqm/s  %rrqm  %wrqm r_await w_await aqu-sz rareq-sz wareq-sz  svctm  %util
sdb           3166.00 3052.00     12.37     12.25     0.00     0.00   0.00   0.00    0.12    0.16   0.00     4.00     4.11   0.16 100.40

2021년 09월 09일 11시 57분 20초
avg-cpu:  %user   %nice %system %iowait  %steal   %idle
           0.37    0.00    1.56    4.93    0.00   93.14

Device            r/s     w/s     rMB/s     wMB/s   rrqm/s   wrqm/s  %rrqm  %wrqm r_await w_await aqu-sz rareq-sz wareq-sz  svctm  %util
sdb           3293.00 3114.00     12.86     12.68     0.00     0.00   0.00   0.00    0.13    0.15   0.00     4.00     4.17   0.16 100.00

2021년 09월 09일 11시 57분 21초
avg-cpu:  %user   %nice %system %iowait  %steal   %idle
           0.25    0.00    1.32    0.82    0.00   97.61

Device            r/s     w/s     rMB/s     wMB/s   rrqm/s   wrqm/s  %rrqm  %wrqm r_await w_await aqu-sz rareq-sz wareq-sz  svctm  %util
sdb           3011.00 3016.00     11.76     27.05     0.00  3923.00   0.00  56.54    0.14    0.27   0.34     4.00     9.18   0.17 100.00

2021년 09월 09일 11시 57분 22초
avg-cpu:  %user   %nice %system %iowait  %steal   %idle
           0.31    0.00    1.44    0.19    0.00   98.05

Device            r/s     w/s     rMB/s     wMB/s   rrqm/s   wrqm/s  %rrqm  %wrqm r_await w_await aqu-sz rareq-sz wareq-sz  svctm  %util
sdb           3119.00 3740.00     12.18     11.96     0.00     0.00   0.00   0.00    0.13    0.12   0.00     4.00     3.27   0.15 100.00

2021년 09월 09일 11시 57분 23초
avg-cpu:  %user   %nice %system %iowait  %steal   %idle
           0.37    0.00    1.87    4.68    0.00   93.07

Device            r/s     w/s     rMB/s     wMB/s   rrqm/s   wrqm/s  %rrqm  %wrqm r_await w_await aqu-sz rareq-sz wareq-sz  svctm  %util
sdb           3080.00 4281.00     12.03     11.86     0.00     0.00   0.00   0.00    0.12    0.11   0.00     4.00     2.84   0.14 100.00

2021년 09월 09일 11시 57분 24초
avg-cpu:  %user   %nice %system %iowait  %steal   %idle
           0.94    0.00    3.13    4.14    0.00   91.79

Device            r/s     w/s     rMB/s     wMB/s   rrqm/s   wrqm/s  %rrqm  %wrqm r_await w_await aqu-sz rareq-sz wareq-sz  svctm  %util
sdb           2657.00 2580.00     10.38     10.24     0.00     0.00   0.00   0.00    0.13    0.16   0.02     4.00     4.06   0.19  98.80

2021년 09월 09일 11시 57분 25초
avg-cpu:  %user   %nice %system %iowait  %steal   %idle
           0.69    0.00    1.69    0.56    0.00   97.06

Device            r/s     w/s     rMB/s     wMB/s   rrqm/s   wrqm/s  %rrqm  %wrqm r_await w_await aqu-sz rareq-sz wareq-sz  svctm  %util
sdb           3134.00 2465.00     12.24     23.77     0.00  2967.00   0.00  54.62    0.13    0.26   0.17     4.00     9.87   0.18  99.60

2021년 09월 09일 11시 57분 26초
avg-cpu:  %user   %nice %system %iowait  %steal   %idle
           0.31    0.00    1.19    5.01    0.00   93.49

Device            r/s     w/s     rMB/s     wMB/s   rrqm/s   wrqm/s  %rrqm  %wrqm r_await w_await aqu-sz rareq-sz wareq-sz  svctm  %util
sdb           3356.00 2702.00     13.11     12.94     0.00     0.00   0.00   0.00    0.13    0.17   0.00     4.00     4.90   0.17 100.00

2021년 09월 09일 11시 57분 27초
avg-cpu:  %user   %nice %system %iowait  %steal   %idle
           0.38    0.00    1.13    0.56    0.00   97.93

Device            r/s     w/s     rMB/s     wMB/s   rrqm/s   wrqm/s  %rrqm  %wrqm r_await w_await aqu-sz rareq-sz wareq-sz  svctm  %util
sdb           3243.00 2517.00     12.67     12.50     0.00     0.00   0.00   0.00    0.13    0.18   0.00     4.00     5.09   0.17 100.00

2021년 09월 09일 11시 57분 28초
avg-cpu:  %user   %nice %system %iowait  %steal   %idle
           0.31    0.00    1.07    1.38    0.00   97.24

Device            r/s     w/s     rMB/s     wMB/s   rrqm/s   wrqm/s  %rrqm  %wrqm r_await w_await aqu-sz rareq-sz wareq-sz  svctm  %util
sdb           3256.00 2807.00     12.72     12.59     0.00     0.00   0.00   0.00    0.13    0.16   0.00     4.00     4.59   0.16 100.00

2021년 09월 09일 11시 57분 29초
avg-cpu:  %user   %nice %system %iowait  %steal   %idle
           0.31    0.00    1.00    3.83    0.00   94.85

Device            r/s     w/s     rMB/s     wMB/s   rrqm/s   wrqm/s  %rrqm  %wrqm r_await w_await aqu-sz rareq-sz wareq-sz  svctm  %util
sdb           3262.00 2676.00     12.74     12.57     0.00     0.00   0.00   0.00    0.13    0.17   0.00     4.00     4.81   0.17 100.00

2021년 09월 09일 11시 57분 30초
avg-cpu:  %user   %nice %system %iowait  %steal   %idle
           0.31    0.00    0.88    0.38    0.00   98.43

Device            r/s     w/s     rMB/s     wMB/s   rrqm/s   wrqm/s  %rrqm  %wrqm r_await w_await aqu-sz rareq-sz wareq-sz  svctm  %util
sdb           3022.00 2637.00     11.80     27.11     0.00  3938.00   0.00  59.89    0.15    0.40   0.62     4.00    10.53   0.17  98.80

2021년 09월 09일 11시 57분 31초
avg-cpu:  %user   %nice %system %iowait  %steal   %idle
           0.25    0.00    0.75    0.25    0.00   98.74

Device            r/s     w/s     rMB/s     wMB/s   rrqm/s   wrqm/s  %rrqm  %wrqm r_await w_await aqu-sz rareq-sz wareq-sz  svctm  %util
sdb           3166.00 2988.00     12.37     13.76     0.00   393.00   0.00  11.62    0.13    0.15   0.00     4.00     4.71   0.16 100.00

2021년 09월 09일 11시 57분 32초
avg-cpu:  %user   %nice %system %iowait  %steal   %idle
           0.19    0.00    1.00    1.69    0.00   97.12

Device            r/s     w/s     rMB/s     wMB/s   rrqm/s   wrqm/s  %rrqm  %wrqm r_await w_await aqu-sz rareq-sz wareq-sz  svctm  %util
sdb           2663.00 6777.00     10.40     64.11     0.00  9330.00   0.00  57.93    0.16    0.55   0.00     4.00     9.69   0.11 100.00

2021년 09월 09일 11시 57분 33초
avg-cpu:  %user   %nice %system %iowait  %steal   %idle
           0.19    0.00    0.94    4.96    0.00   93.91

Device            r/s     w/s     rMB/s     wMB/s   rrqm/s   wrqm/s  %rrqm  %wrqm r_await w_await aqu-sz rareq-sz wareq-sz  svctm  %util
sdb           3261.00 2807.00     12.74     12.62     0.00     0.00   0.00   0.00    0.13    0.16   0.00     4.00     4.60   0.16 100.00

2021년 09월 09일 11시 57분 34초
avg-cpu:  %user   %nice %system %iowait  %steal   %idle
           0.38    0.00    1.94    4.45    0.00   93.23

Device            r/s     w/s     rMB/s     wMB/s   rrqm/s   wrqm/s  %rrqm  %wrqm r_await w_await aqu-sz rareq-sz wareq-sz  svctm  %util
sdb           2952.00 3295.00     11.53     11.34     0.00     0.00   0.00   0.00    0.12    0.13   0.00     4.00     3.53   0.16 100.00

2021년 09월 09일 11시 57분 35초
avg-cpu:  %user   %nice %system %iowait  %steal   %idle
           0.31    0.00    1.45    0.57    0.00   97.67

Device            r/s     w/s     rMB/s     wMB/s   rrqm/s   wrqm/s  %rrqm  %wrqm r_await w_await aqu-sz rareq-sz wareq-sz  svctm  %util
sdb           2833.00 3659.00     11.07     10.86     0.00     0.00   0.00   0.00    0.12    0.13   0.02     4.00     3.04   0.15  98.00

2021년 09월 09일 11시 57분 36초
avg-cpu:  %user   %nice %system %iowait  %steal   %idle
           0.38    0.00    1.00    1.19    0.00   97.43

Device            r/s     w/s     rMB/s     wMB/s   rrqm/s   wrqm/s  %rrqm  %wrqm r_await w_await aqu-sz rareq-sz wareq-sz  svctm  %util
sdb           3034.00 3011.00     11.85     26.65     0.00  3803.00   0.00  55.81    0.14    0.26   0.31     4.00     9.06   0.17 100.00

2021년 09월 09일 11시 57분 37초
avg-cpu:  %user   %nice %system %iowait  %steal   %idle
           0.19    0.00    1.01    0.31    0.00   98.49

Device            r/s     w/s     rMB/s     wMB/s   rrqm/s   wrqm/s  %rrqm  %wrqm r_await w_await aqu-sz rareq-sz wareq-sz  svctm  %util
sdb           3120.00 2956.00     12.30     12.04    29.00     0.00   0.92   0.00    0.13    0.16   0.00     4.04     4.17   0.16 100.00

2021년 09월 09일 11시 57분 38초
avg-cpu:  %user   %nice %system %iowait  %steal   %idle
           0.50    0.00    1.19    0.88    0.00   97.43

Device            r/s     w/s     rMB/s     wMB/s   rrqm/s   wrqm/s  %rrqm  %wrqm r_await w_await aqu-sz rareq-sz wareq-sz  svctm  %util
sdb           3081.00 2804.00     12.04     11.92     0.00     0.00   0.00   0.00    0.14    0.16   0.00     4.00     4.35   0.17 100.00

2021년 09월 09일 11시 57분 39초
avg-cpu:  %user   %nice %system %iowait  %steal   %idle
           0.32    0.00    0.95    0.19    0.00   98.55

Device            r/s     w/s     rMB/s     wMB/s   rrqm/s   wrqm/s  %rrqm  %wrqm r_await w_await aqu-sz rareq-sz wareq-sz  svctm  %util
sdb           3000.00 4070.00     11.72     11.52     0.00     0.00   0.00   0.00    0.13    0.11   0.00     4.00     2.90   0.14 100.00

2021년 09월 09일 11시 57분 40초
avg-cpu:  %user   %nice %system %iowait  %steal   %idle
           0.25    0.00    0.88    1.44    0.00   97.42

Device            r/s     w/s     rMB/s     wMB/s   rrqm/s   wrqm/s  %rrqm  %wrqm r_await w_await aqu-sz rareq-sz wareq-sz  svctm  %util
sdb           3273.00 3289.00     12.79     12.64     0.00     0.00   0.00   0.00    0.12    0.14   0.00     4.00     3.93   0.15 100.00

2021년 09월 09일 11시 57분 41초
avg-cpu:  %user   %nice %system %iowait  %steal   %idle
           0.31    0.00    1.01    0.75    0.00   97.92

Device            r/s     w/s     rMB/s     wMB/s   rrqm/s   wrqm/s  %rrqm  %wrqm r_await w_await aqu-sz rareq-sz wareq-sz  svctm  %util
sdb           2967.00 3043.00     11.59     26.82     0.00  3918.00   0.00  56.29    0.13    0.28   0.35     4.00     9.02   0.16  98.00

2021년 09월 09일 11시 57분 42초
avg-cpu:  %user   %nice %system %iowait  %steal   %idle
           0.38    0.00    1.20    0.38    0.00   98.04

Device            r/s     w/s     rMB/s     wMB/s   rrqm/s   wrqm/s  %rrqm  %wrqm r_await w_await aqu-sz rareq-sz wareq-sz  svctm  %util
sdb           3137.00 2895.00     12.25     12.09     0.00     0.00   0.00   0.00    0.13    0.16   0.00     4.00     4.27   0.17 100.00

2021년 09월 09일 11시 57분 43초
avg-cpu:  %user   %nice %system %iowait  %steal   %idle
           0.38    0.00    1.32    0.94    0.00   97.36

Device            r/s     w/s     rMB/s     wMB/s   rrqm/s   wrqm/s  %rrqm  %wrqm r_await w_await aqu-sz rareq-sz wareq-sz  svctm  %util
sdb           3138.00 4145.00     12.26     12.07     0.00     0.00   0.00   0.00    0.12    0.12   0.00     4.00     2.98   0.14 100.00

2021년 09월 09일 11시 57분 44초
avg-cpu:  %user   %nice %system %iowait  %steal   %idle
           0.31    0.00    1.44    5.19    0.00   93.06

Device            r/s     w/s     rMB/s     wMB/s   rrqm/s   wrqm/s  %rrqm  %wrqm r_await w_await aqu-sz rareq-sz wareq-sz  svctm  %util
sdb           3359.00 3158.00     13.24     12.89    30.00     0.00   0.89   0.00    0.12    0.15   0.00     4.04     4.18   0.15 100.00

2021년 09월 09일 11시 57분 45초
avg-cpu:  %user   %nice %system %iowait  %steal   %idle
           0.50    0.00    1.07    4.20    0.00   94.24

Device            r/s     w/s     rMB/s     wMB/s   rrqm/s   wrqm/s  %rrqm  %wrqm r_await w_await aqu-sz rareq-sz wareq-sz  svctm  %util
sdb           3409.00 2809.00     13.32     13.14     0.00     0.00   0.00   0.00    0.13    0.17   0.00     4.00     4.79   0.16 100.00

2021년 09월 09일 11시 57분 46초
avg-cpu:  %user   %nice %system %iowait  %steal   %idle
           1.07    0.00    3.21    3.71    0.00   92.01

Device            r/s     w/s     rMB/s     wMB/s   rrqm/s   wrqm/s  %rrqm  %wrqm r_await w_await aqu-sz rareq-sz wareq-sz  svctm  %util
sdb           2674.00 2122.00     10.45     26.00     0.00  3986.00   0.00  65.26    0.13    0.36   0.34     4.00    12.55   0.21 100.00

2021년 09월 09일 11시 57분 47초
avg-cpu:  %user   %nice %system %iowait  %steal   %idle
           1.51    0.00    4.21    3.58    0.00   90.70

Device            r/s     w/s     rMB/s     wMB/s   rrqm/s   wrqm/s  %rrqm  %wrqm r_await w_await aqu-sz rareq-sz wareq-sz  svctm  %util
sdb           2423.00 2009.00      9.46      9.37     0.00     0.00   0.00   0.00    0.14    0.19   0.02     4.00     4.78   0.22  98.40

2021년 09월 09일 11시 57분 48초
avg-cpu:  %user   %nice %system %iowait  %steal   %idle
           0.44    0.00    1.76    3.58    0.00   94.23

Device            r/s     w/s     rMB/s     wMB/s   rrqm/s   wrqm/s  %rrqm  %wrqm r_await w_await aqu-sz rareq-sz wareq-sz  svctm  %util
sdb           3176.00 2631.00     12.41     12.25     0.00     0.00   0.00   0.00    0.13    0.17   0.00     4.00     4.77   0.17 100.00

2021년 09월 09일 11시 57분 49초
avg-cpu:  %user   %nice %system %iowait  %steal   %idle
           0.19    0.00    1.13    1.19    0.00   97.48

Device            r/s     w/s     rMB/s     wMB/s   rrqm/s   wrqm/s  %rrqm  %wrqm r_await w_await aqu-sz rareq-sz wareq-sz  svctm  %util
sdb           3252.00 2729.00     12.70     12.61     0.00     0.00   0.00   0.00    0.13    0.17   0.00     4.00     4.73   0.17 100.00

2021년 09월 09일 11시 57분 50초
avg-cpu:  %user   %nice %system %iowait  %steal   %idle
           0.25    0.00    1.01    0.76    0.00   97.99

Device            r/s     w/s     rMB/s     wMB/s   rrqm/s   wrqm/s  %rrqm  %wrqm r_await w_await aqu-sz rareq-sz wareq-sz  svctm  %util
sdb           3245.00 2574.00     12.68     12.55     0.00     0.00   0.00   0.00    0.13    0.18   0.00     4.00     4.99   0.17 100.00

2021년 09월 09일 11시 57분 51초
avg-cpu:  %user   %nice %system %iowait  %steal   %idle
           0.50    0.00    0.94    0.76    0.00   97.80

Device            r/s     w/s     rMB/s     wMB/s   rrqm/s   wrqm/s  %rrqm  %wrqm r_await w_await aqu-sz rareq-sz wareq-sz  svctm  %util
sdb           3171.00 2965.00     12.39     26.60     0.00  3646.00   0.00  55.15    0.14    0.25   0.28     4.00     9.19   0.16 100.00

2021년 09월 09일 11시 57분 52초
avg-cpu:  %user   %nice %system %iowait  %steal   %idle
           0.32    0.00    0.88    0.57    0.00   98.23

Device            r/s     w/s     rMB/s     wMB/s   rrqm/s   wrqm/s  %rrqm  %wrqm r_await w_await aqu-sz rareq-sz wareq-sz  svctm  %util
sdb           3051.00 2663.00     11.92     17.12     0.00  1354.00   0.00  33.71    0.14    0.19   0.04     4.00     6.58   0.18 100.00

2021년 09월 09일 11시 57분 53초
avg-cpu:  %user   %nice %system %iowait  %steal   %idle
           0.31    0.00    1.56    4.94    0.00   93.18

Device            r/s     w/s     rMB/s     wMB/s   rrqm/s   wrqm/s  %rrqm  %wrqm r_await w_await aqu-sz rareq-sz wareq-sz  svctm  %util
sdb           3221.00 3000.00     12.58     12.43     0.00     0.00   0.00   0.00    0.13    0.16   0.00     4.00     4.24   0.16 100.00

2021년 09월 09일 11시 57분 54초
avg-cpu:  %user   %nice %system %iowait  %steal   %idle
           0.19    0.00    1.44    0.63    0.00   97.75

Device            r/s     w/s     rMB/s     wMB/s   rrqm/s   wrqm/s  %rrqm  %wrqm r_await w_await aqu-sz rareq-sz wareq-sz  svctm  %util
sdb           3144.00 2810.00     12.28     12.15     0.00     0.00   0.00   0.00    0.13    0.17   0.02     4.00     4.43   0.16  98.00

2021년 09월 09일 11시 57분 55초
avg-cpu:  %user   %nice %system %iowait  %steal   %idle
           0.19    0.00    1.13    0.31    0.00   98.37

Device            r/s     w/s     rMB/s     wMB/s   rrqm/s   wrqm/s  %rrqm  %wrqm r_await w_await aqu-sz rareq-sz wareq-sz  svctm  %util
sdb           3239.00 2879.00     12.65     12.49     0.00     0.00   0.00   0.00    0.13    0.16   0.00     4.00     4.44   0.16 100.00

2021년 09월 09일 11시 57분 56초
avg-cpu:  %user   %nice %system %iowait  %steal   %idle
           0.56    0.00    2.51    1.94    0.00   94.98

Device            r/s     w/s     rMB/s     wMB/s   rrqm/s   wrqm/s  %rrqm  %wrqm r_await w_await aqu-sz rareq-sz wareq-sz  svctm  %util
sdb           2942.00 2569.00     11.49     11.32     0.00     0.00   0.00   0.00    0.13    0.17   0.00     4.00     4.51   0.18 100.00

2021년 09월 09일 11시 57분 57초
avg-cpu:  %user   %nice %system %iowait  %steal   %idle
           1.13    0.00    4.45    3.64    0.00   90.78

Device            r/s     w/s     rMB/s     wMB/s   rrqm/s   wrqm/s  %rrqm  %wrqm r_await w_await aqu-sz rareq-sz wareq-sz  svctm  %util
sdb           2371.00 2129.00      9.26     24.00     0.00  3780.00   0.00  63.97    0.14    0.34   0.32     4.00    11.54   0.22 100.00

2021년 09월 09일 11시 57분 58초
avg-cpu:  %user   %nice %system %iowait  %steal   %idle
           1.25    0.00    5.49    3.25    0.00   90.01

Device            r/s     w/s     rMB/s     wMB/s   rrqm/s   wrqm/s  %rrqm  %wrqm r_await w_await aqu-sz rareq-sz wareq-sz  svctm  %util
sdb           2263.00 2095.00      8.84      8.74     0.00     0.00   0.00   0.00    0.14    0.17   0.00     4.00     4.27   0.23 100.00

2021년 09월 09일 11시 57분 59초
avg-cpu:  %user   %nice %system %iowait  %steal   %idle
           0.88    0.00    3.01    3.38    0.00   92.74

Device            r/s     w/s     rMB/s     wMB/s   rrqm/s   wrqm/s  %rrqm  %wrqm r_await w_await aqu-sz rareq-sz wareq-sz  svctm  %util
sdb           2865.00 2757.00     11.19     11.07     0.00     0.00   0.00   0.00    0.13    0.15   0.00     4.00     4.11   0.18 100.00

2021년 09월 09일 11시 58분 00초
avg-cpu:  %user   %nice %system %iowait  %steal   %idle
           0.93    0.00    2.98    2.30    0.00   93.79

Device            r/s     w/s     rMB/s     wMB/s   rrqm/s   wrqm/s  %rrqm  %wrqm r_await w_await aqu-sz rareq-sz wareq-sz  svctm  %util
sdb           3029.00 2882.00     11.83     11.68     0.00     0.00   0.00   0.00    0.13    0.15   0.00     4.00     4.15   0.17 100.00

2021년 09월 09일 11시 58분 01초
avg-cpu:  %user   %nice %system %iowait  %steal   %idle
           0.25    0.00    1.32    0.31    0.00   98.12

Device            r/s     w/s     rMB/s     wMB/s   rrqm/s   wrqm/s  %rrqm  %wrqm r_await w_await aqu-sz rareq-sz wareq-sz  svctm  %util
sdb           3295.00 3037.00     12.99     12.70    30.00     0.00   0.90   0.00    0.13    0.15   0.02     4.04     4.28   0.15  98.00

2021년 09월 09일 11시 58분 02초
avg-cpu:  %user   %nice %system %iowait  %steal   %idle
           0.38    0.00    1.25    0.38    0.00   97.99

Device            r/s     w/s     rMB/s     wMB/s   rrqm/s   wrqm/s  %rrqm  %wrqm r_await w_await aqu-sz rareq-sz wareq-sz  svctm  %util
sdb           3223.00 2648.00     12.59     26.48     0.00  3573.00   0.00  57.43    0.14    0.28   0.28     4.00    10.24   0.17 100.00

2021년 09월 09일 11시 58분 03초
avg-cpu:  %user   %nice %system %iowait  %steal   %idle
           1.26    0.00    4.08    3.20    0.00   91.46

Device            r/s     w/s     rMB/s     wMB/s   rrqm/s   wrqm/s  %rrqm  %wrqm r_await w_await aqu-sz rareq-sz wareq-sz  svctm  %util
sdb           2474.00 2036.00      9.66      9.56     0.00     0.00   0.00   0.00    0.14    0.17   0.00     4.00     4.81   0.22 100.00

2021년 09월 09일 11시 58분 04초
avg-cpu:  %user   %nice %system %iowait  %steal   %idle
           1.63    0.00    4.34    3.27    0.00   90.76

Device            r/s     w/s     rMB/s     wMB/s   rrqm/s   wrqm/s  %rrqm  %wrqm r_await w_await aqu-sz rareq-sz wareq-sz  svctm  %util
sdb           2264.00 2191.00      8.84      8.74     0.00     0.00   0.00   0.00    0.14    0.16   0.00     4.00     4.09   0.22 100.00

2021년 09월 09일 11시 58분 05초
avg-cpu:  %user   %nice %system %iowait  %steal   %idle
           0.63    0.00    2.45    1.00    0.00   95.92

Device            r/s     w/s     rMB/s     wMB/s   rrqm/s   wrqm/s  %rrqm  %wrqm r_await w_await aqu-sz rareq-sz wareq-sz  svctm  %util
sdb           2903.00 2900.00     11.34     11.20     0.00     0.00   0.00   0.00    0.13    0.15   0.00     4.00     3.96   0.17 100.00

2021년 09월 09일 11시 58분 06초
avg-cpu:  %user   %nice %system %iowait  %steal   %idle
           0.25    0.00    1.62    4.88    0.00   93.25

Device            r/s     w/s     rMB/s     wMB/s   rrqm/s   wrqm/s  %rrqm  %wrqm r_await w_await aqu-sz rareq-sz wareq-sz  svctm  %util
sdb           3175.00 2957.00     12.40     12.21     0.00     0.00   0.00   0.00    0.13    0.16   0.00     4.00     4.23   0.16 100.00

2021년 09월 09일 11시 58분 07초
avg-cpu:  %user   %nice %system %iowait  %steal   %idle
           0.56    0.00    1.75    0.75    0.00   96.94

Device            r/s     w/s     rMB/s     wMB/s   rrqm/s   wrqm/s  %rrqm  %wrqm r_await w_await aqu-sz rareq-sz wareq-sz  svctm  %util
sdb           2901.00 2925.00     11.33     25.02     0.00  3524.00   0.00  54.64    0.14    0.26   0.30     4.00     8.76   0.17  98.40

2021년 09월 09일 11시 58분 08초
avg-cpu:  %user   %nice %system %iowait  %steal   %idle
           0.82    0.00    2.38    1.25    0.00   95.55

Device            r/s     w/s     rMB/s     wMB/s   rrqm/s   wrqm/s  %rrqm  %wrqm r_await w_await aqu-sz rareq-sz wareq-sz  svctm  %util
sdb           2115.00 6318.00      8.26     67.08     0.00 10994.00   0.00  63.51    0.17    0.61   0.00     4.00    10.87   0.12 100.00

2021년 09월 09일 11시 58분 09초
avg-cpu:  %user   %nice %system %iowait  %steal   %idle
           0.38    0.00    0.76    1.39    0.00   97.47

Device            r/s     w/s     rMB/s     wMB/s   rrqm/s   wrqm/s  %rrqm  %wrqm r_await w_await aqu-sz rareq-sz wareq-sz  svctm  %util
sdb           3237.00 3007.00     12.64     12.54     0.00     0.00   0.00   0.00    0.13    0.16   0.00     4.00     4.27   0.16 100.00

2021년 09월 09일 11시 58분 10초
avg-cpu:  %user   %nice %system %iowait  %steal   %idle
           0.25    0.00    0.38    1.82    0.00   97.56

Device            r/s     w/s     rMB/s     wMB/s   rrqm/s   wrqm/s  %rrqm  %wrqm r_await w_await aqu-sz rareq-sz wareq-sz  svctm  %util
sdb           1459.00 1354.00      5.70      5.67     0.00     0.00   0.00   0.00    0.13    0.15   0.00     4.00     4.29   0.16  44.00

