Linux 5.5.8test (syslab-desk) 	2021년 09월 09일 	_x86_64_	(16 CPU)

2021년 09월 09일 12시 08분 08초
avg-cpu:  %user   %nice %system %iowait  %steal   %idle
           0.03    0.00    0.13    0.04    0.00   99.79

Device            r/s     w/s     rMB/s     wMB/s   rrqm/s   wrqm/s  %rrqm  %wrqm r_await w_await aqu-sz rareq-sz wareq-sz  svctm  %util
sdb             13.15   87.13      0.05      1.60     0.48   219.66   3.54  71.60    0.13    0.55   0.00     4.17    18.76   0.20   1.98

2021년 09월 09일 12시 08분 09초
avg-cpu:  %user   %nice %system %iowait  %steal   %idle
           0.06    0.00    0.06    0.00    0.00   99.87

Device            r/s     w/s     rMB/s     wMB/s   rrqm/s   wrqm/s  %rrqm  %wrqm r_await w_await aqu-sz rareq-sz wareq-sz  svctm  %util
sdb              0.00    0.00      0.00      0.00     0.00     0.00   0.00   0.00    0.00    0.00   0.00     0.00     0.00   0.00   0.00

2021년 09월 09일 12시 08분 10초
avg-cpu:  %user   %nice %system %iowait  %steal   %idle
           0.12    0.00    0.12    0.00    0.00   99.75

Device            r/s     w/s     rMB/s     wMB/s   rrqm/s   wrqm/s  %rrqm  %wrqm r_await w_await aqu-sz rareq-sz wareq-sz  svctm  %util
sdb              0.00    0.00      0.00      0.00     0.00     0.00   0.00   0.00    0.00    0.00   0.00     0.00     0.00   0.00   0.00

2021년 09월 09일 12시 08분 11초
avg-cpu:  %user   %nice %system %iowait  %steal   %idle
           0.06    0.00    0.50    0.06    0.00   99.37

Device            r/s     w/s     rMB/s     wMB/s   rrqm/s   wrqm/s  %rrqm  %wrqm r_await w_await aqu-sz rareq-sz wareq-sz  svctm  %util
sdb            189.00    1.00      0.75      0.00     0.00     0.00   0.00   0.00    0.15    1.00   0.00     4.06     0.00   0.46   8.80

2021년 09월 09일 12시 08분 12초
avg-cpu:  %user   %nice %system %iowait  %steal   %idle
           0.31    0.00    4.13    0.00    0.00   95.55

Device            r/s     w/s     rMB/s     wMB/s   rrqm/s   wrqm/s  %rrqm  %wrqm r_await w_await aqu-sz rareq-sz wareq-sz  svctm  %util
sdb           2631.00    0.00     10.28      0.00     0.00     0.00   0.00   0.00    0.12    0.00   0.00     4.00     0.00   0.30  78.40

2021년 09월 09일 12시 08분 13초
avg-cpu:  %user   %nice %system %iowait  %steal   %idle
           0.25    0.00    3.45    2.07    0.00   94.23

Device            r/s     w/s     rMB/s     wMB/s   rrqm/s   wrqm/s  %rrqm  %wrqm r_await w_await aqu-sz rareq-sz wareq-sz  svctm  %util
sdb           2839.00 2233.00     56.72     18.45 11326.00  2341.00  79.96  51.18    0.29    0.32   0.03    20.46     8.46   0.19  94.00

2021년 09월 09일 12시 08분 14초
avg-cpu:  %user   %nice %system %iowait  %steal   %idle
           0.19    0.00    3.76    1.13    0.00   94.92

Device            r/s     w/s     rMB/s     wMB/s   rrqm/s   wrqm/s  %rrqm  %wrqm r_await w_await aqu-sz rareq-sz wareq-sz  svctm  %util
sdb           3113.00 2930.00     30.09     26.07  4442.00  3741.00  58.80  56.08    0.23    0.29   0.00     9.90     9.11   0.17 100.00

2021년 09월 09일 12시 08분 15초
avg-cpu:  %user   %nice %system %iowait  %steal   %idle
           0.06    0.00    1.75    0.63    0.00   97.56

Device            r/s     w/s     rMB/s     wMB/s   rrqm/s   wrqm/s  %rrqm  %wrqm r_await w_await aqu-sz rareq-sz wareq-sz  svctm  %util
sdb           5150.00 4770.00     27.78     27.11  1897.00  1912.00  26.92  28.61    0.15    0.22   0.04     5.52     5.82   0.10 100.00

2021년 09월 09일 12시 08분 16초
avg-cpu:  %user   %nice %system %iowait  %steal   %idle
           0.31    0.00    4.69    0.44    0.00   94.56

Device            r/s     w/s     rMB/s     wMB/s   rrqm/s   wrqm/s  %rrqm  %wrqm r_await w_await aqu-sz rareq-sz wareq-sz  svctm  %util
sdb           3486.00 3650.00     14.57     24.54   237.00  2796.00   6.37  43.38    0.18    0.24   0.00     4.28     6.88   0.14 100.00

2021년 09월 09일 12시 08분 17초
avg-cpu:  %user   %nice %system %iowait  %steal   %idle
           0.19    0.00    5.40    1.61    0.00   92.80

Device            r/s     w/s     rMB/s     wMB/s   rrqm/s   wrqm/s  %rrqm  %wrqm r_await w_await aqu-sz rareq-sz wareq-sz  svctm  %util
sdb           3596.00 3672.00     15.24     25.17   295.00  2860.00   7.58  43.78    0.18    0.23   0.00     4.34     7.02   0.14 100.00

2021년 09월 09일 12시 08분 18초
avg-cpu:  %user   %nice %system %iowait  %steal   %idle
           0.37    0.00    4.12    1.31    0.00   94.19

Device            r/s     w/s     rMB/s     wMB/s   rrqm/s   wrqm/s  %rrqm  %wrqm r_await w_await aqu-sz rareq-sz wareq-sz  svctm  %util
sdb           3166.00 3410.00     12.96     26.53   147.00  3637.00   4.44  51.61    0.19    0.27   0.03     4.19     7.97   0.15  99.20

2021년 09월 09일 12시 08분 19초
avg-cpu:  %user   %nice %system %iowait  %steal   %idle
           0.38    0.00    4.31    2.06    0.00   93.25

Device            r/s     w/s     rMB/s     wMB/s   rrqm/s   wrqm/s  %rrqm  %wrqm r_await w_await aqu-sz rareq-sz wareq-sz  svctm  %util
sdb           3412.00 3416.00     13.80     24.55   118.00  2929.00   3.34  46.16    0.19    0.25   0.00     4.14     7.36   0.15 100.00

2021년 09월 09일 12시 08분 20초
avg-cpu:  %user   %nice %system %iowait  %steal   %idle
           0.25    0.00    4.08    1.76    0.00   93.91

Device            r/s     w/s     rMB/s     wMB/s   rrqm/s   wrqm/s  %rrqm  %wrqm r_await w_await aqu-sz rareq-sz wareq-sz  svctm  %util
sdb           3379.00 3485.00     13.32     24.23    31.00  2873.00   0.91  45.19    0.19    0.25   0.00     4.04     7.12   0.15 100.00

2021년 09월 09일 12시 08분 21초
avg-cpu:  %user   %nice %system %iowait  %steal   %idle
           0.25    0.00    4.21    1.13    0.00   94.41

Device            r/s     w/s     rMB/s     wMB/s   rrqm/s   wrqm/s  %rrqm  %wrqm r_await w_await aqu-sz rareq-sz wareq-sz  svctm  %util
sdb           3542.00 3519.00     14.08     23.18    60.00  2427.00   1.67  40.82    0.19    0.24   0.00     4.07     6.75   0.14 100.00

2021년 09월 09일 12시 08분 22초
avg-cpu:  %user   %nice %system %iowait  %steal   %idle
           0.38    0.00    4.19    2.00    0.00   93.43

Device            r/s     w/s     rMB/s     wMB/s   rrqm/s   wrqm/s  %rrqm  %wrqm r_await w_await aqu-sz rareq-sz wareq-sz  svctm  %util
sdb           3559.00 3394.00     14.26     24.63    88.00  2810.00   2.41  45.29    0.18    0.25   0.03     4.10     7.43   0.14  98.80

2021년 09월 09일 12시 08분 23초
avg-cpu:  %user   %nice %system %iowait  %steal   %idle
           0.37    0.00    4.90    0.43    0.00   94.29

Device            r/s     w/s     rMB/s     wMB/s   rrqm/s   wrqm/s  %rrqm  %wrqm r_await w_await aqu-sz rareq-sz wareq-sz  svctm  %util
sdb           3202.00 3065.00     12.63     27.58    30.00  3880.00   0.93  55.87    0.20    0.29   0.00     4.04     9.22   0.16 100.00

2021년 09월 09일 12시 08분 24초
avg-cpu:  %user   %nice %system %iowait  %steal   %idle
           0.25    0.00    3.71    1.38    0.00   94.65

Device            r/s     w/s     rMB/s     wMB/s   rrqm/s   wrqm/s  %rrqm  %wrqm r_await w_await aqu-sz rareq-sz wareq-sz  svctm  %util
sdb           3388.00 3532.00     13.47     26.66    58.00  3502.00   1.68  49.79    0.18    0.26   0.00     4.07     7.73   0.14 100.00

2021년 09월 09일 12시 08분 25초
avg-cpu:  %user   %nice %system %iowait  %steal   %idle
           0.25    0.00    4.38    1.19    0.00   94.18

Device            r/s     w/s     rMB/s     wMB/s   rrqm/s   wrqm/s  %rrqm  %wrqm r_await w_await aqu-sz rareq-sz wareq-sz  svctm  %util
sdb           3492.00 3828.00     13.64     25.37     0.00  3012.00   0.00  44.04    0.17    0.23   0.00     4.00     6.79   0.14 100.00

2021년 09월 09일 12시 08분 26초
avg-cpu:  %user   %nice %system %iowait  %steal   %idle
           0.12    0.00    4.41    0.68    0.00   94.78

Device            r/s     w/s     rMB/s     wMB/s   rrqm/s   wrqm/s  %rrqm  %wrqm r_await w_await aqu-sz rareq-sz wareq-sz  svctm  %util
sdb           3827.00 3609.00     15.30     27.62    87.00  3293.00   2.22  47.71    0.18    0.25   0.00     4.09     7.84   0.13 100.00

2021년 09월 09일 12시 08분 27초
avg-cpu:  %user   %nice %system %iowait  %steal   %idle
           0.25    0.00    3.75    1.00    0.00   95.01

Device            r/s     w/s     rMB/s     wMB/s   rrqm/s   wrqm/s  %rrqm  %wrqm r_await w_await aqu-sz rareq-sz wareq-sz  svctm  %util
sdb           3773.00 3632.00     14.82     26.15    19.00  2953.00   0.50  44.84    0.18    0.26   0.04     4.02     7.37   0.13  98.80

2021년 09월 09일 12시 08분 28초
avg-cpu:  %user   %nice %system %iowait  %steal   %idle
           0.50    0.00    3.44    2.75    0.00   93.31

Device            r/s     w/s     rMB/s     wMB/s   rrqm/s   wrqm/s  %rrqm  %wrqm r_await w_await aqu-sz rareq-sz wareq-sz  svctm  %util
sdb           4051.00 4149.00     16.05     23.93    56.00  2132.00   1.36  33.94    0.16    0.22   0.00     4.06     5.91   0.12 100.00

2021년 09월 09일 12시 08분 29초
avg-cpu:  %user   %nice %system %iowait  %steal   %idle
           0.13    0.00    1.13    2.88    0.00   95.87

Device            r/s     w/s     rMB/s     wMB/s   rrqm/s   wrqm/s  %rrqm  %wrqm r_await w_await aqu-sz rareq-sz wareq-sz  svctm  %util
sdb           5685.00 5182.00     22.33     21.95    30.00     0.00   0.52   0.00    0.14    0.20   0.00     4.02     4.34   0.09 100.00

2021년 09월 09일 12시 08분 30초
avg-cpu:  %user   %nice %system %iowait  %steal   %idle
           0.19    0.00    1.62    4.11    0.00   94.08

Device            r/s     w/s     rMB/s     wMB/s   rrqm/s   wrqm/s  %rrqm  %wrqm r_await w_await aqu-sz rareq-sz wareq-sz  svctm  %util
sdb           5648.00 5393.00     22.18     21.74    30.00     0.00   0.53   0.00    0.14    0.20   0.00     4.02     4.13   0.09 100.00

2021년 09월 09일 12시 08분 31초
avg-cpu:  %user   %nice %system %iowait  %steal   %idle
           0.06    0.00    1.94    1.38    0.00   96.62

Device            r/s     w/s     rMB/s     wMB/s   rrqm/s   wrqm/s  %rrqm  %wrqm r_await w_await aqu-sz rareq-sz wareq-sz  svctm  %util
sdb           4862.00 4667.00     18.99     36.68     0.00  4549.00   0.00  49.36    0.16    0.30   0.42     4.00     8.05   0.10  98.80

2021년 09월 09일 12시 08분 32초
avg-cpu:  %user   %nice %system %iowait  %steal   %idle
           0.06    0.00    1.62    2.81    0.00   95.51

Device            r/s     w/s     rMB/s     wMB/s   rrqm/s   wrqm/s  %rrqm  %wrqm r_await w_await aqu-sz rareq-sz wareq-sz  svctm  %util
sdb           5539.00 5379.00     21.64     21.38     0.00     0.00   0.00   0.00    0.14    0.20   0.00     4.00     4.07   0.09 100.00

2021년 09월 09일 12시 08분 33초
avg-cpu:  %user   %nice %system %iowait  %steal   %idle
           0.13    0.00    1.25    2.38    0.00   96.25

Device            r/s     w/s     rMB/s     wMB/s   rrqm/s   wrqm/s  %rrqm  %wrqm r_await w_await aqu-sz rareq-sz wareq-sz  svctm  %util
sdb           5662.00 5272.00     22.12     21.87     0.00     0.00   0.00   0.00    0.14    0.20   0.00     4.00     4.25   0.09 100.00

2021년 09월 09일 12시 08분 34초
avg-cpu:  %user   %nice %system %iowait  %steal   %idle
           0.06    0.00    0.94    2.89    0.00   96.11

Device            r/s     w/s     rMB/s     wMB/s   rrqm/s   wrqm/s  %rrqm  %wrqm r_await w_await aqu-sz rareq-sz wareq-sz  svctm  %util
sdb           5803.00 4999.00     22.79     22.32    30.00     0.00   0.51   0.00    0.14    0.21   0.00     4.02     4.57   0.09 100.00

2021년 09월 09일 12시 08분 35초
avg-cpu:  %user   %nice %system %iowait  %steal   %idle
           0.06    0.00    2.07    4.70    0.00   93.17

Device            r/s     w/s     rMB/s     wMB/s   rrqm/s   wrqm/s  %rrqm  %wrqm r_await w_await aqu-sz rareq-sz wareq-sz  svctm  %util
sdb           4835.00 4274.00     19.00     41.67    29.00  5857.00   0.60  57.81    0.15    0.33   0.44     4.02     9.98   0.11  98.80

2021년 09월 09일 12시 08분 36초
avg-cpu:  %user   %nice %system %iowait  %steal   %idle
           0.37    0.00    4.11    0.81    0.00   94.71

Device            r/s     w/s     rMB/s     wMB/s   rrqm/s   wrqm/s  %rrqm  %wrqm r_await w_await aqu-sz rareq-sz wareq-sz  svctm  %util
sdb           3867.00 3952.00     15.11     25.00     0.00  2622.00   0.00  39.88    0.18    0.24   0.00     4.00     6.48   0.13 100.00

2021년 09월 09일 12시 08분 37초
avg-cpu:  %user   %nice %system %iowait  %steal   %idle
           0.19    0.00    2.44    0.63    0.00   96.75

Device            r/s     w/s     rMB/s     wMB/s   rrqm/s   wrqm/s  %rrqm  %wrqm r_await w_await aqu-sz rareq-sz wareq-sz  svctm  %util
sdb           4379.00 4064.00     17.11     30.19     0.00  3396.00   0.00  45.52    0.16    0.25   0.03     4.00     7.61   0.12 100.00

2021년 09월 09일 12시 08분 38초
avg-cpu:  %user   %nice %system %iowait  %steal   %idle
           0.37    0.00    4.31    1.81    0.00   93.50

Device            r/s     w/s     rMB/s     wMB/s   rrqm/s   wrqm/s  %rrqm  %wrqm r_await w_await aqu-sz rareq-sz wareq-sz  svctm  %util
sdb           3421.00 3201.00     13.36     26.19     0.00  3344.00   0.00  51.09    0.19    0.27   0.00     4.00     8.38   0.15 100.00

2021년 09월 09일 12시 08분 39초
avg-cpu:  %user   %nice %system %iowait  %steal   %idle
           0.38    0.00    3.77    1.07    0.00   94.79

Device            r/s     w/s     rMB/s     wMB/s   rrqm/s   wrqm/s  %rrqm  %wrqm r_await w_await aqu-sz rareq-sz wareq-sz  svctm  %util
sdb           3124.00 3254.00     12.20     26.70     0.00  3716.00   0.00  53.31    0.20    0.28   0.03     4.00     8.40   0.15  98.40

2021년 09월 09일 12시 08분 40초
avg-cpu:  %user   %nice %system %iowait  %steal   %idle
           0.37    0.00    4.62    2.62    0.00   92.38

Device            r/s     w/s     rMB/s     wMB/s   rrqm/s   wrqm/s  %rrqm  %wrqm r_await w_await aqu-sz rareq-sz wareq-sz  svctm  %util
sdb           3446.00 3889.00     13.46     24.10     0.00  2793.00   0.00  41.80    0.17    0.22   0.00     4.00     6.35   0.14 100.00

2021년 09월 09일 12시 08분 41초
avg-cpu:  %user   %nice %system %iowait  %steal   %idle
           0.19    0.00    1.25    0.56    0.00   98.00

Device            r/s     w/s     rMB/s     wMB/s   rrqm/s   wrqm/s  %rrqm  %wrqm r_await w_await aqu-sz rareq-sz wareq-sz  svctm  %util
sdb           5727.00 5299.00     22.70     22.07    80.00     0.00   1.38   0.00    0.14    0.20   0.00     4.06     4.26   0.09 100.00

2021년 09월 09일 12시 08분 42초
avg-cpu:  %user   %nice %system %iowait  %steal   %idle
           0.06    0.00    1.69    0.62    0.00   97.62

Device            r/s     w/s     rMB/s     wMB/s   rrqm/s   wrqm/s  %rrqm  %wrqm r_await w_await aqu-sz rareq-sz wareq-sz  svctm  %util
sdb           5294.00 4934.00     20.80     32.91    29.00  3172.00   0.54  39.13    0.15    0.24   0.16     4.02     6.83   0.10 100.00

2021년 09월 09일 12시 08분 43초
avg-cpu:  %user   %nice %system %iowait  %steal   %idle
           0.13    0.00    2.64    1.07    0.00   96.16

Device            r/s     w/s     rMB/s     wMB/s   rrqm/s   wrqm/s  %rrqm  %wrqm r_await w_await aqu-sz rareq-sz wareq-sz  svctm  %util
sdb           3672.00 5033.00     14.34     55.84     0.00  9467.00   0.00  65.29    0.18    0.50   0.05     4.00    11.36   0.11  98.80

2021년 09월 09일 12시 08분 44초
avg-cpu:  %user   %nice %system %iowait  %steal   %idle
           0.19    0.00    1.94    1.63    0.00   96.24

Device            r/s     w/s     rMB/s     wMB/s   rrqm/s   wrqm/s  %rrqm  %wrqm r_await w_await aqu-sz rareq-sz wareq-sz  svctm  %util
sdb           4258.00 6392.00     16.75     56.68    31.00  8111.00   0.72  55.93    0.16    0.50   0.01     4.03     9.08   0.09 100.00

2021년 09월 09일 12시 08분 45초
avg-cpu:  %user   %nice %system %iowait  %steal   %idle
           0.44    0.00    4.00    0.44    0.00   95.12

Device            r/s     w/s     rMB/s     wMB/s   rrqm/s   wrqm/s  %rrqm  %wrqm r_await w_await aqu-sz rareq-sz wareq-sz  svctm  %util
sdb           3194.00 3470.00     12.48     28.16     0.00  4027.00   0.00  53.71    0.19    0.27   0.00     4.00     8.31   0.15 100.00

2021년 09월 09일 12시 08분 46초
avg-cpu:  %user   %nice %system %iowait  %steal   %idle
           0.25    0.00    4.13    2.13    0.00   93.49

Device            r/s     w/s     rMB/s     wMB/s   rrqm/s   wrqm/s  %rrqm  %wrqm r_await w_await aqu-sz rareq-sz wareq-sz  svctm  %util
sdb           3350.00 3579.00     13.09     25.43     0.00  3168.00   0.00  46.95    0.18    0.25   0.03     4.00     7.27   0.14  98.40

2021년 09월 09일 12시 08분 47초
avg-cpu:  %user   %nice %system %iowait  %steal   %idle
           0.31    0.00    4.08    2.32    0.00   93.28

Device            r/s     w/s     rMB/s     wMB/s   rrqm/s   wrqm/s  %rrqm  %wrqm r_await w_await aqu-sz rareq-sz wareq-sz  svctm  %util
sdb           3323.00 3546.00     12.98     24.68     0.00  3036.00   0.00  46.13    0.19    0.24   0.00     4.00     7.13   0.15 100.00

2021년 09월 09일 12시 08분 48초
avg-cpu:  %user   %nice %system %iowait  %steal   %idle
           0.25    0.00    4.62    1.06    0.00   94.07

Device            r/s     w/s     rMB/s     wMB/s   rrqm/s   wrqm/s  %rrqm  %wrqm r_await w_await aqu-sz rareq-sz wareq-sz  svctm  %util
sdb           3502.00 3584.00     13.68     24.04     0.00  2674.00   0.00  42.73    0.19    0.24   0.00     4.00     6.87   0.14 100.00

2021년 09월 09일 12시 08분 49초
avg-cpu:  %user   %nice %system %iowait  %steal   %idle
           0.44    0.00    4.32    1.00    0.00   94.25

Device            r/s     w/s     rMB/s     wMB/s   rrqm/s   wrqm/s  %rrqm  %wrqm r_await w_await aqu-sz rareq-sz wareq-sz  svctm  %util
sdb           3392.00 3592.00     13.25     24.88     0.00  2988.00   0.00  45.41    0.18    0.25   0.00     4.00     7.09   0.14 100.00

2021년 09월 09일 12시 08분 50초
avg-cpu:  %user   %nice %system %iowait  %steal   %idle
           0.25    0.00    2.49    2.80    0.00   94.45

Device            r/s     w/s     rMB/s     wMB/s   rrqm/s   wrqm/s  %rrqm  %wrqm r_await w_await aqu-sz rareq-sz wareq-sz  svctm  %util
sdb           4903.00 4643.00     19.15     26.00     0.00  1811.00   0.00  28.06    0.15    0.22   0.06     4.00     5.74   0.10  98.40

2021년 09월 09일 12시 08분 51초
avg-cpu:  %user   %nice %system %iowait  %steal   %idle
           0.38    0.00    4.07    1.50    0.00   94.06

Device            r/s     w/s     rMB/s     wMB/s   rrqm/s   wrqm/s  %rrqm  %wrqm r_await w_await aqu-sz rareq-sz wareq-sz  svctm  %util
sdb           3322.00 3510.00     12.98     26.95     0.00  3582.00   0.00  50.51    0.18    0.26   0.00     4.00     7.86   0.15 100.00

2021년 09월 09일 12시 08분 52초
avg-cpu:  %user   %nice %system %iowait  %steal   %idle
           0.31    0.00    3.94    1.38    0.00   94.36

Device            r/s     w/s     rMB/s     wMB/s   rrqm/s   wrqm/s  %rrqm  %wrqm r_await w_await aqu-sz rareq-sz wareq-sz  svctm  %util
sdb           3436.00 3487.00     13.42     27.50     0.00  3625.00   0.00  50.97    0.18    0.26   0.00     4.00     8.08   0.14 100.00

2021년 09월 09일 12시 08분 53초
avg-cpu:  %user   %nice %system %iowait  %steal   %idle
           0.13    0.00    2.81    1.81    0.00   95.25

Device            r/s     w/s     rMB/s     wMB/s   rrqm/s   wrqm/s  %rrqm  %wrqm r_await w_await aqu-sz rareq-sz wareq-sz  svctm  %util
sdb           4584.00 4945.00     17.91     22.48     0.00  1193.00   0.00  19.44    0.15    0.20   0.00     4.00     4.66   0.10 100.00

2021년 09월 09일 12시 08분 54초
avg-cpu:  %user   %nice %system %iowait  %steal   %idle
           0.56    0.00    2.44    3.88    0.00   93.12

Device            r/s     w/s     rMB/s     wMB/s   rrqm/s   wrqm/s  %rrqm  %wrqm r_await w_await aqu-sz rareq-sz wareq-sz  svctm  %util
sdb           4641.00 4612.00     18.11     29.38     0.00  2943.00   0.00  38.95    0.15    0.24   0.07     4.00     6.52   0.11 100.00

2021년 09월 09일 12시 08분 55초
avg-cpu:  %user   %nice %system %iowait  %steal   %idle
           0.25    0.00    4.01    1.00    0.00   94.74

Device            r/s     w/s     rMB/s     wMB/s   rrqm/s   wrqm/s  %rrqm  %wrqm r_await w_await aqu-sz rareq-sz wareq-sz  svctm  %util
sdb           3264.00 3562.00     12.75     26.87     0.00  3631.00   0.00  50.48    0.19    0.26   0.03     4.00     7.72   0.14  98.40

2021년 09월 09일 12시 08분 56초
avg-cpu:  %user   %nice %system %iowait  %steal   %idle
           0.19    0.00    3.77    1.70    0.00   94.34

Device            r/s     w/s     rMB/s     wMB/s   rrqm/s   wrqm/s  %rrqm  %wrqm r_await w_await aqu-sz rareq-sz wareq-sz  svctm  %util
sdb           3346.00 3597.00     13.07     25.76     0.00  3262.00   0.00  47.56    0.18    0.25   0.00     4.00     7.33   0.14 100.00

2021년 09월 09일 12시 08분 57초
avg-cpu:  %user   %nice %system %iowait  %steal   %idle
           0.44    0.00    4.32    3.75    0.00   91.49

Device            r/s     w/s     rMB/s     wMB/s   rrqm/s   wrqm/s  %rrqm  %wrqm r_await w_await aqu-sz rareq-sz wareq-sz  svctm  %util
sdb           3568.00 3752.00     14.05     23.65    29.00  2532.00   0.81  40.29    0.18    0.22   0.00     4.03     6.46   0.14 100.00

2021년 09월 09일 12시 08분 58초
avg-cpu:  %user   %nice %system %iowait  %steal   %idle
           0.25    0.00    2.76    1.38    0.00   95.62

Device            r/s     w/s     rMB/s     wMB/s   rrqm/s   wrqm/s  %rrqm  %wrqm r_await w_await aqu-sz rareq-sz wareq-sz  svctm  %util
sdb           4659.00 4077.00     18.20     28.45     0.00  2690.00   0.00  39.75    0.16    0.24   0.01     4.00     7.14   0.11 100.00

2021년 09월 09일 12시 08분 59초
avg-cpu:  %user   %nice %system %iowait  %steal   %idle
           0.12    0.00    3.00    1.25    0.00   95.63

Device            r/s     w/s     rMB/s     wMB/s   rrqm/s   wrqm/s  %rrqm  %wrqm r_await w_await aqu-sz rareq-sz wareq-sz  svctm  %util
sdb           4355.00 4109.00     17.01     27.74     0.00  2783.00   0.00  40.38    0.16    0.24   0.04     4.00     6.91   0.12  98.40

2021년 09월 09일 12시 09분 00초
avg-cpu:  %user   %nice %system %iowait  %steal   %idle
           0.38    0.00    3.52    1.13    0.00   94.97

Device            r/s     w/s     rMB/s     wMB/s   rrqm/s   wrqm/s  %rrqm  %wrqm r_await w_await aqu-sz rareq-sz wareq-sz  svctm  %util
sdb           3397.00 3372.00     13.27     27.72     0.00  3722.00   0.00  52.47    0.18    0.27   0.00     4.00     8.42   0.15 100.00

2021년 09월 09일 12시 09분 01초
avg-cpu:  %user   %nice %system %iowait  %steal   %idle
           0.06    0.00    1.19    0.94    0.00   97.80

Device            r/s     w/s     rMB/s     wMB/s   rrqm/s   wrqm/s  %rrqm  %wrqm r_await w_await aqu-sz rareq-sz wareq-sz  svctm  %util
sdb           5510.00 5725.00     21.52     22.26     0.00   253.00   0.00   4.23    0.14    0.19   0.00     4.00     3.98   0.09 100.00

2021년 09월 09일 12시 09분 02초
avg-cpu:  %user   %nice %system %iowait  %steal   %idle
           0.19    0.00    2.19    2.00    0.00   95.63

Device            r/s     w/s     rMB/s     wMB/s   rrqm/s   wrqm/s  %rrqm  %wrqm r_await w_await aqu-sz rareq-sz wareq-sz  svctm  %util
sdb           4838.00 5250.00     18.90     31.39     0.00  3241.00   0.00  38.17    0.15    0.22   0.13     4.00     6.12   0.10 100.00

2021년 09월 09일 12시 09분 03초
avg-cpu:  %user   %nice %system %iowait  %steal   %idle
           0.25    0.00    3.89    1.94    0.00   93.92

Device            r/s     w/s     rMB/s     wMB/s   rrqm/s   wrqm/s  %rrqm  %wrqm r_await w_await aqu-sz rareq-sz wareq-sz  svctm  %util
sdb           3358.00 3396.00     13.12     25.78     0.00  3249.00   0.00  48.89    0.19    0.26   0.03     4.00     7.77   0.15  98.80

2021년 09월 09일 12시 09분 04초
avg-cpu:  %user   %nice %system %iowait  %steal   %idle
           0.25    0.00    4.26    1.81    0.00   93.68

Device            r/s     w/s     rMB/s     wMB/s   rrqm/s   wrqm/s  %rrqm  %wrqm r_await w_await aqu-sz rareq-sz wareq-sz  svctm  %util
sdb           3540.00 3488.00     13.83     27.36     0.00  3513.00   0.00  50.18    0.18    0.26   0.00     4.00     8.03   0.14 100.00

2021년 09월 09일 12시 09분 05초
avg-cpu:  %user   %nice %system %iowait  %steal   %idle
           0.31    0.00    4.01    1.25    0.00   94.42

Device            r/s     w/s     rMB/s     wMB/s   rrqm/s   wrqm/s  %rrqm  %wrqm r_await w_await aqu-sz rareq-sz wareq-sz  svctm  %util
sdb           3188.00 3528.00     12.57     26.46    29.00  3634.00   0.90  50.74    0.19    0.26   0.00     4.04     7.68   0.15 100.00

2021년 09월 09일 12시 09분 06초
avg-cpu:  %user   %nice %system %iowait  %steal   %idle
           0.25    0.00    3.95    2.01    0.00   93.79

Device            r/s     w/s     rMB/s     wMB/s   rrqm/s   wrqm/s  %rrqm  %wrqm r_await w_await aqu-sz rareq-sz wareq-sz  svctm  %util
sdb           3423.00 3388.00     13.37     25.87     0.00  3236.00   0.00  48.85    0.19    0.26   0.00     4.00     7.82   0.15 100.00

2021년 09월 09일 12시 09분 07초
avg-cpu:  %user   %nice %system %iowait  %steal   %idle
           0.13    0.00    2.19    0.44    0.00   97.25

Device            r/s     w/s     rMB/s     wMB/s   rrqm/s   wrqm/s  %rrqm  %wrqm r_await w_await aqu-sz rareq-sz wareq-sz  svctm  %util
sdb           4949.00 4956.00     19.33     23.71     0.00  1185.00   0.00  19.30    0.15    0.21   0.00     4.00     4.90   0.10 100.00

2021년 09월 09일 12시 09분 08초
avg-cpu:  %user   %nice %system %iowait  %steal   %idle
           0.25    0.00    3.58    1.26    0.00   94.91

Device            r/s     w/s     rMB/s     wMB/s   rrqm/s   wrqm/s  %rrqm  %wrqm r_await w_await aqu-sz rareq-sz wareq-sz  svctm  %util
sdb           3496.00 3479.00     13.78     28.31    30.00  3766.00   0.85  51.98    0.19    0.26   0.06     4.04     8.33   0.14  98.40

2021년 09월 09일 12시 09분 09초
avg-cpu:  %user   %nice %system %iowait  %steal   %idle
           0.25    0.00    3.89    3.52    0.00   92.34

Device            r/s     w/s     rMB/s     wMB/s   rrqm/s   wrqm/s  %rrqm  %wrqm r_await w_await aqu-sz rareq-sz wareq-sz  svctm  %util
sdb           3648.00 3807.00     14.25     24.80     0.00  2756.00   0.00  41.99    0.17    0.23   0.00     4.00     6.67   0.13 100.00

2021년 09월 09일 12시 09분 10초
avg-cpu:  %user   %nice %system %iowait  %steal   %idle
           0.44    0.00    3.59    1.26    0.00   94.70

Device            r/s     w/s     rMB/s     wMB/s   rrqm/s   wrqm/s  %rrqm  %wrqm r_await w_await aqu-sz rareq-sz wareq-sz  svctm  %util
sdb           3265.00 3472.00     12.75     26.97     0.00  3658.00   0.00  51.30    0.18    0.26   0.00     4.00     7.95   0.15 100.00

2021년 09월 09일 12시 09분 11초
avg-cpu:  %user   %nice %system %iowait  %steal   %idle
           0.25    0.00    4.16    0.57    0.00   95.03

Device            r/s     w/s     rMB/s     wMB/s   rrqm/s   wrqm/s  %rrqm  %wrqm r_await w_await aqu-sz rareq-sz wareq-sz  svctm  %util
sdb           3567.00 3797.00     13.93     24.76     0.00  2808.00   0.00  42.51    0.18    0.22   0.00     4.00     6.68   0.14 100.00

2021년 09월 09일 12시 09분 12초
avg-cpu:  %user   %nice %system %iowait  %steal   %idle
           0.19    0.00    3.84    1.82    0.00   94.15

Device            r/s     w/s     rMB/s     wMB/s   rrqm/s   wrqm/s  %rrqm  %wrqm r_await w_await aqu-sz rareq-sz wareq-sz  svctm  %util
sdb           3378.00 3831.00     13.20     23.52     0.00  2675.00   0.00  41.12    0.18    0.24   0.03     4.00     6.29   0.14  98.40

2021년 09월 09일 12시 09분 13초
avg-cpu:  %user   %nice %system %iowait  %steal   %idle
           0.31    0.00    3.96    2.33    0.00   93.40

Device            r/s     w/s     rMB/s     wMB/s   rrqm/s   wrqm/s  %rrqm  %wrqm r_await w_await aqu-sz rareq-sz wareq-sz  svctm  %util
sdb           3369.00 3577.00     13.16     25.41     0.00  3168.00   0.00  46.97    0.18    0.25   0.00     4.00     7.27   0.14 100.00

2021년 09월 09일 12시 09분 14초
avg-cpu:  %user   %nice %system %iowait  %steal   %idle
           0.38    0.00    3.26    1.88    0.00   94.48

Device            r/s     w/s     rMB/s     wMB/s   rrqm/s   wrqm/s  %rrqm  %wrqm r_await w_await aqu-sz rareq-sz wareq-sz  svctm  %util
sdb           3263.00 5411.00     12.75     55.02     0.00  9274.00   0.00  63.15    0.20    0.54   0.00     4.00    10.41   0.12 100.00

2021년 09월 09일 12시 09분 15초
avg-cpu:  %user   %nice %system %iowait  %steal   %idle
           0.13    0.00    1.75    3.25    0.00   94.87

Device            r/s     w/s     rMB/s     wMB/s   rrqm/s   wrqm/s  %rrqm  %wrqm r_await w_await aqu-sz rareq-sz wareq-sz  svctm  %util
sdb           4431.00 6679.00     17.31     49.80     0.00  6223.00   0.00  48.23    0.16    0.47   0.07     4.00     7.63   0.09  98.40

2021년 09월 09일 12시 09분 16초
avg-cpu:  %user   %nice %system %iowait  %steal   %idle
           0.25    0.00    3.88    0.88    0.00   94.99

Device            r/s     w/s     rMB/s     wMB/s   rrqm/s   wrqm/s  %rrqm  %wrqm r_await w_await aqu-sz rareq-sz wareq-sz  svctm  %util
sdb           3640.00 3730.00     14.22     25.23     0.00  2826.00   0.00  43.11    0.18    0.24   0.00     4.00     6.93   0.14 100.00

2021년 09월 09일 12시 09분 17초
avg-cpu:  %user   %nice %system %iowait  %steal   %idle
           0.06    0.00    1.69    0.63    0.00   97.62

Device            r/s     w/s     rMB/s     wMB/s   rrqm/s   wrqm/s  %rrqm  %wrqm r_await w_await aqu-sz rareq-sz wareq-sz  svctm  %util
sdb           5265.00 5275.00     20.57     23.90     0.00   926.00   0.00  14.93    0.14    0.20   0.00     4.00     4.64   0.09 100.00

2021년 09월 09일 12시 09분 18초
avg-cpu:  %user   %nice %system %iowait  %steal   %idle
           0.13    0.00    1.25    0.50    0.00   98.12

Device            r/s     w/s     rMB/s     wMB/s   rrqm/s   wrqm/s  %rrqm  %wrqm r_await w_await aqu-sz rareq-sz wareq-sz  svctm  %util
sdb           5514.00 5691.00     21.54     21.30     0.00     0.00   0.00   0.00    0.14    0.19   0.00     4.00     3.83   0.09 100.00

2021년 09월 09일 12시 09분 19초
avg-cpu:  %user   %nice %system %iowait  %steal   %idle
           0.19    0.00    3.07    2.82    0.00   93.92

Device            r/s     w/s     rMB/s     wMB/s   rrqm/s   wrqm/s  %rrqm  %wrqm r_await w_await aqu-sz rareq-sz wareq-sz  svctm  %util
sdb           3993.00 4177.00     15.60     34.59     0.00  4930.00   0.00  54.13    0.17    0.27   0.21     4.00     8.48   0.12  98.80

2021년 09월 09일 12시 09분 20초
avg-cpu:  %user   %nice %system %iowait  %steal   %idle
           0.13    0.00    2.32    0.50    0.00   97.06

Device            r/s     w/s     rMB/s     wMB/s   rrqm/s   wrqm/s  %rrqm  %wrqm r_await w_await aqu-sz rareq-sz wareq-sz  svctm  %util
sdb           4787.00 4571.00     18.70     28.32     0.00  2530.00   0.00  35.63    0.15    0.23   0.02     4.00     6.35   0.11 100.40

2021년 09월 09일 12시 09분 21초
avg-cpu:  %user   %nice %system %iowait  %steal   %idle
           0.25    0.00    3.70    4.08    0.00   91.96

Device            r/s     w/s     rMB/s     wMB/s   rrqm/s   wrqm/s  %rrqm  %wrqm r_await w_await aqu-sz rareq-sz wareq-sz  svctm  %util
sdb           3645.00 3573.00     14.24     24.56     0.00  2683.00   0.00  42.89    0.18    0.23   0.00     4.00     7.04   0.14  99.60

2021년 09월 09일 12시 09분 22초
avg-cpu:  %user   %nice %system %iowait  %steal   %idle
           0.38    0.00    4.32    2.69    0.00   92.61

Device            r/s     w/s     rMB/s     wMB/s   rrqm/s   wrqm/s  %rrqm  %wrqm r_await w_await aqu-sz rareq-sz wareq-sz  svctm  %util
sdb           3471.00 3643.00     13.56     24.06     0.00  2738.00   0.00  42.91    0.18    0.23   0.00     4.00     6.76   0.14 100.40

2021년 09월 09일 12시 09분 23초
avg-cpu:  %user   %nice %system %iowait  %steal   %idle
           0.25    0.00    2.57    0.63    0.00   96.55

Device            r/s     w/s     rMB/s     wMB/s   rrqm/s   wrqm/s  %rrqm  %wrqm r_await w_await aqu-sz rareq-sz wareq-sz  svctm  %util
sdb           4131.00 4185.00     16.14     28.06     0.00  3092.00   0.00  42.49    0.16    0.24   0.01     4.00     6.87   0.12 100.00

2021년 09월 09일 12시 09분 24초
avg-cpu:  %user   %nice %system %iowait  %steal   %idle
           0.00    0.00    2.07    1.00    0.00   96.93

Device            r/s     w/s     rMB/s     wMB/s   rrqm/s   wrqm/s  %rrqm  %wrqm r_await w_await aqu-sz rareq-sz wareq-sz  svctm  %util
sdb           4972.00 4723.00     19.42     26.79     0.00  1938.00   0.00  29.09    0.15    0.22   0.05     4.00     5.81   0.10  98.80

2021년 09월 09일 12시 09분 25초
avg-cpu:  %user   %nice %system %iowait  %steal   %idle
           0.31    0.00    3.96    1.26    0.00   94.47

Device            r/s     w/s     rMB/s     wMB/s   rrqm/s   wrqm/s  %rrqm  %wrqm r_await w_await aqu-sz rareq-sz wareq-sz  svctm  %util
sdb           3431.00 3570.00     13.40     24.91     0.00  2928.00   0.00  45.06    0.18    0.25   0.00     4.00     7.15   0.14 100.00

2021년 09월 09일 12시 09분 26초
avg-cpu:  %user   %nice %system %iowait  %steal   %idle
           0.25    0.00    4.19    2.06    0.00   93.50

Device            r/s     w/s     rMB/s     wMB/s   rrqm/s   wrqm/s  %rrqm  %wrqm r_await w_await aqu-sz rareq-sz wareq-sz  svctm  %util
sdb           3582.00 3524.00     13.99     26.62     0.00  3294.00   0.00  48.31    0.18    0.25   0.00     4.00     7.74   0.14 100.00

2021년 09월 09일 12시 09분 27초
avg-cpu:  %user   %nice %system %iowait  %steal   %idle
           0.06    0.00    1.50    2.75    0.00   95.69

Device            r/s     w/s     rMB/s     wMB/s   rrqm/s   wrqm/s  %rrqm  %wrqm r_await w_await aqu-sz rareq-sz wareq-sz  svctm  %util
sdb           5833.00 5019.00     22.79     22.45     0.00     0.00   0.00   0.00    0.14    0.21   0.00     4.00     4.58   0.09 100.00

2021년 09월 09일 12시 09분 28초
avg-cpu:  %user   %nice %system %iowait  %steal   %idle
           0.19    0.00    2.56    3.56    0.00   93.69

Device            r/s     w/s     rMB/s     wMB/s   rrqm/s   wrqm/s  %rrqm  %wrqm r_await w_await aqu-sz rareq-sz wareq-sz  svctm  %util
sdb           4584.00 3847.00     17.91     32.75     0.00  3839.00   0.00  49.95    0.16    0.28   0.11     4.00     8.72   0.12  98.40

2021년 09월 09일 12시 09분 29초
avg-cpu:  %user   %nice %system %iowait  %steal   %idle
           0.06    0.00    1.87    0.56    0.00   97.50

Device            r/s     w/s     rMB/s     wMB/s   rrqm/s   wrqm/s  %rrqm  %wrqm r_await w_await aqu-sz rareq-sz wareq-sz  svctm  %util
sdb           5481.00 4848.00     21.41     22.90     0.00   438.00   0.00   8.29    0.14    0.22   0.00     4.00     4.84   0.10 100.00

2021년 09월 09일 12시 09분 30초
avg-cpu:  %user   %nice %system %iowait  %steal   %idle
           0.06    0.00    2.07    2.69    0.00   95.18

Device            r/s     w/s     rMB/s     wMB/s   rrqm/s   wrqm/s  %rrqm  %wrqm r_await w_await aqu-sz rareq-sz wareq-sz  svctm  %util
sdb           4786.00 4647.00     18.70     31.05     0.00  3186.00   0.00  40.67    0.15    0.24   0.12     4.00     6.84   0.11 100.00

2021년 09월 09일 12시 09분 31초
avg-cpu:  %user   %nice %system %iowait  %steal   %idle
           0.19    0.00    2.44    1.94    0.00   95.43

Device            r/s     w/s     rMB/s     wMB/s   rrqm/s   wrqm/s  %rrqm  %wrqm r_await w_await aqu-sz rareq-sz wareq-sz  svctm  %util
sdb           4746.00 5066.00     18.54     22.23     0.00  1001.00   0.00  16.50    0.15    0.20   0.00     4.00     4.49   0.10 100.00

2021년 09월 09일 12시 09분 32초
avg-cpu:  %user   %nice %system %iowait  %steal   %idle
           0.25    0.00    3.02    1.45    0.00   95.28

Device            r/s     w/s     rMB/s     wMB/s   rrqm/s   wrqm/s  %rrqm  %wrqm r_await w_await aqu-sz rareq-sz wareq-sz  svctm  %util
sdb           3767.00 4029.00     14.71     30.15     0.00  4010.00   0.00  49.88    0.16    0.24   0.06     4.00     7.66   0.13  98.40

2021년 09월 09일 12시 09분 33초
avg-cpu:  %user   %nice %system %iowait  %steal   %idle
           0.50    0.00    4.20    1.32    0.00   93.98

Device            r/s     w/s     rMB/s     wMB/s   rrqm/s   wrqm/s  %rrqm  %wrqm r_await w_await aqu-sz rareq-sz wareq-sz  svctm  %util
sdb           3254.00 3927.00     12.71     26.32     0.00  3510.00   0.00  47.20    0.17    0.23   0.00     4.00     6.86   0.14 100.00

2021년 09월 09일 12시 09분 34초
avg-cpu:  %user   %nice %system %iowait  %steal   %idle
           0.19    0.00    2.26    1.25    0.00   96.30

Device            r/s     w/s     rMB/s     wMB/s   rrqm/s   wrqm/s  %rrqm  %wrqm r_await w_await aqu-sz rareq-sz wareq-sz  svctm  %util
sdb           4508.00 4908.00     17.61     23.72     0.00  1641.00   0.00  25.06    0.15    0.21   0.00     4.00     4.95   0.11 100.00

2021년 09월 09일 12시 09분 35초
avg-cpu:  %user   %nice %system %iowait  %steal   %idle
           0.13    0.00    1.19    1.13    0.00   97.55

Device            r/s     w/s     rMB/s     wMB/s   rrqm/s   wrqm/s  %rrqm  %wrqm r_await w_await aqu-sz rareq-sz wareq-sz  svctm  %util
sdb           5535.00 5871.00     21.62     21.40     0.00     0.00   0.00   0.00    0.14    0.18   0.00     4.00     3.73   0.09 100.00

2021년 09월 09일 12시 09분 36초
avg-cpu:  %user   %nice %system %iowait  %steal   %idle
           0.19    0.00    2.13    1.51    0.00   96.17

Device            r/s     w/s     rMB/s     wMB/s   rrqm/s   wrqm/s  %rrqm  %wrqm r_await w_await aqu-sz rareq-sz wareq-sz  svctm  %util
sdb           4385.00 4950.00     17.13     35.27     0.00  4696.00   0.00  48.68    0.15    0.24   0.18     4.00     7.30   0.11  98.80

2021년 09월 09일 12시 09분 37초
avg-cpu:  %user   %nice %system %iowait  %steal   %idle
           0.44    0.00    3.76    1.51    0.00   94.29

Device            r/s     w/s     rMB/s     wMB/s   rrqm/s   wrqm/s  %rrqm  %wrqm r_await w_await aqu-sz rareq-sz wareq-sz  svctm  %util
sdb           3352.00 3740.00     13.09     25.88     0.00  3273.00   0.00  46.67    0.18    0.25   0.00     4.00     7.09   0.14 100.00

2021년 09월 09일 12시 09분 38초
avg-cpu:  %user   %nice %system %iowait  %steal   %idle
           0.19    0.00    4.20    1.44    0.00   94.17

Device            r/s     w/s     rMB/s     wMB/s   rrqm/s   wrqm/s  %rrqm  %wrqm r_await w_await aqu-sz rareq-sz wareq-sz  svctm  %util
sdb           3290.00 3400.00     12.85     27.02     0.00  3650.00   0.00  51.77    0.19    0.26   0.00     4.00     8.14   0.15 100.00

2021년 09월 09일 12시 09분 39초
avg-cpu:  %user   %nice %system %iowait  %steal   %idle
           0.25    0.00    4.20    0.56    0.00   94.98

Device            r/s     w/s     rMB/s     wMB/s   rrqm/s   wrqm/s  %rrqm  %wrqm r_await w_await aqu-sz rareq-sz wareq-sz  svctm  %util
sdb           3198.00 3561.00     12.49     27.98     0.00  4008.00   0.00  52.95    0.18    0.26   0.00     4.00     8.04   0.15 100.00

2021년 09월 09일 12시 09분 40초
avg-cpu:  %user   %nice %system %iowait  %steal   %idle
           0.25    0.00    3.07    2.00    0.00   94.68

Device            r/s     w/s     rMB/s     wMB/s   rrqm/s   wrqm/s  %rrqm  %wrqm r_await w_await aqu-sz rareq-sz wareq-sz  svctm  %util
sdb           3988.00 4247.00     15.58     25.45     0.00  2559.00   0.00  37.60    0.17    0.23   0.03     4.00     6.14   0.12  98.80

2021년 09월 09일 12시 09분 41초
avg-cpu:  %user   %nice %system %iowait  %steal   %idle
           0.19    0.00    4.62    0.75    0.00   94.44

Device            r/s     w/s     rMB/s     wMB/s   rrqm/s   wrqm/s  %rrqm  %wrqm r_await w_await aqu-sz rareq-sz wareq-sz  svctm  %util
sdb           3213.00 3537.00     12.55     26.76     0.00  3619.00   0.00  50.57    0.19    0.26   0.00     4.00     7.75   0.15 100.00

2021년 09월 09일 12시 09분 42초
avg-cpu:  %user   %nice %system %iowait  %steal   %idle
           0.19    0.00    1.94    0.56    0.00   97.31

Device            r/s     w/s     rMB/s     wMB/s   rrqm/s   wrqm/s  %rrqm  %wrqm r_await w_await aqu-sz rareq-sz wareq-sz  svctm  %util
sdb           4861.00 4962.00     18.99     23.80     0.00  1297.00   0.00  20.72    0.15    0.21   0.00     4.00     4.91   0.10 100.00

2021년 09월 09일 12시 09분 43초
avg-cpu:  %user   %nice %system %iowait  %steal   %idle
           0.12    0.00    1.44    3.19    0.00   95.25

Device            r/s     w/s     rMB/s     wMB/s   rrqm/s   wrqm/s  %rrqm  %wrqm r_await w_await aqu-sz rareq-sz wareq-sz  svctm  %util
sdb           5589.00 5425.00     21.83     21.58     0.00     0.00   0.00   0.00    0.14    0.20   0.00     4.00     4.07   0.09 100.00

2021년 09월 09일 12시 09분 44초
avg-cpu:  %user   %nice %system %iowait  %steal   %idle
           0.12    0.00    1.62    3.37    0.00   94.88

Device            r/s     w/s     rMB/s     wMB/s   rrqm/s   wrqm/s  %rrqm  %wrqm r_await w_await aqu-sz rareq-sz wareq-sz  svctm  %util
sdb           5276.00 4814.00     20.61     35.63     0.00  3891.00   0.00  44.70    0.15    0.28   0.35     4.00     7.58   0.10  98.80

2021년 09월 09일 12시 09분 45초
avg-cpu:  %user   %nice %system %iowait  %steal   %idle
           0.19    0.00    3.51    1.32    0.00   94.98

Device            r/s     w/s     rMB/s     wMB/s   rrqm/s   wrqm/s  %rrqm  %wrqm r_await w_await aqu-sz rareq-sz wareq-sz  svctm  %util
sdb           3762.00 3425.00     14.70     27.86     0.00  3365.00   0.00  49.56    0.18    0.26   0.00     4.00     8.33   0.14 100.00

2021년 09월 09일 12시 09분 46초
avg-cpu:  %user   %nice %system %iowait  %steal   %idle
           0.13    0.00    1.88    2.94    0.00   95.06

Device            r/s     w/s     rMB/s     wMB/s   rrqm/s   wrqm/s  %rrqm  %wrqm r_await w_await aqu-sz rareq-sz wareq-sz  svctm  %util
sdb           5307.00 4618.00     20.73     27.76     0.00  1863.00   0.00  28.75    0.15    0.22   0.02     4.00     6.16   0.10 100.00

2021년 09월 09일 12시 09분 47초
avg-cpu:  %user   %nice %system %iowait  %steal   %idle
           0.31    0.00    3.61    1.43    0.00   94.65

Device            r/s     w/s     rMB/s     wMB/s   rrqm/s   wrqm/s  %rrqm  %wrqm r_await w_await aqu-sz rareq-sz wareq-sz  svctm  %util
sdb           4348.00 4932.00     16.98     22.25     0.00  1402.00   0.00  22.13    0.15    0.20   0.00     4.00     4.62   0.11 100.00

2021년 09월 09일 12시 09분 48초
avg-cpu:  %user   %nice %system %iowait  %steal   %idle
           0.25    0.00    3.63    1.00    0.00   95.12

Device            r/s     w/s     rMB/s     wMB/s   rrqm/s   wrqm/s  %rrqm  %wrqm r_await w_await aqu-sz rareq-sz wareq-sz  svctm  %util
sdb           3413.00 4189.00     13.33     28.04     0.00  3766.00   0.00  47.34    0.17    0.25   0.06     4.00     6.85   0.13  98.80

2021년 09월 09일 12시 09분 49초
avg-cpu:  %user   %nice %system %iowait  %steal   %idle
           0.31    0.00    3.32    1.38    0.00   94.99

Device            r/s     w/s     rMB/s     wMB/s   rrqm/s   wrqm/s  %rrqm  %wrqm r_await w_await aqu-sz rareq-sz wareq-sz  svctm  %util
sdb           3872.00 4562.00     15.12     24.46     0.00  2448.00   0.00  34.92    0.16    0.21   0.00     4.00     5.49   0.12 100.00

2021년 09월 09일 12시 09분 50초
avg-cpu:  %user   %nice %system %iowait  %steal   %idle
           0.38    0.00    3.38    0.69    0.00   95.56

Device            r/s     w/s     rMB/s     wMB/s   rrqm/s   wrqm/s  %rrqm  %wrqm r_await w_await aqu-sz rareq-sz wareq-sz  svctm  %util
sdb           4054.00 4661.00     15.84     39.62     0.00  6140.00   0.00  56.85    0.16    0.31   0.04     4.00     8.71   0.11 100.00

2021년 09월 09일 12시 09분 51초
avg-cpu:  %user   %nice %system %iowait  %steal   %idle
           0.19    0.00    3.19    2.94    0.00   93.69

Device            r/s     w/s     rMB/s     wMB/s   rrqm/s   wrqm/s  %rrqm  %wrqm r_await w_await aqu-sz rareq-sz wareq-sz  svctm  %util
sdb           3205.00 6436.00     12.52     74.78     0.00 13064.00   0.00  66.99    0.20    0.65   0.16     4.00    11.90   0.10  98.80

2021년 09월 09일 12시 09분 52초
avg-cpu:  %user   %nice %system %iowait  %steal   %idle
           0.38    0.00    4.21    3.33    0.00   92.09

Device            r/s     w/s     rMB/s     wMB/s   rrqm/s   wrqm/s  %rrqm  %wrqm r_await w_await aqu-sz rareq-sz wareq-sz  svctm  %util
sdb           3523.00 3847.00     13.76     22.11     0.00  2198.00   0.00  36.36    0.17    0.21   0.00     4.00     5.88   0.14 100.00

2021년 09월 09일 12시 09분 53초
avg-cpu:  %user   %nice %system %iowait  %steal   %idle
           0.19    0.00    3.37    0.50    0.00   95.95

Device            r/s     w/s     rMB/s     wMB/s   rrqm/s   wrqm/s  %rrqm  %wrqm r_await w_await aqu-sz rareq-sz wareq-sz  svctm  %util
sdb           4337.00 4553.00     16.94     24.68     0.00  2042.00   0.00  30.96    0.15    0.22   0.00     4.00     5.55   0.11 100.00

2021년 09월 09일 12시 09분 54초
avg-cpu:  %user   %nice %system %iowait  %steal   %idle
           0.19    0.00    3.26    1.13    0.00   95.42

Device            r/s     w/s     rMB/s     wMB/s   rrqm/s   wrqm/s  %rrqm  %wrqm r_await w_await aqu-sz rareq-sz wareq-sz  svctm  %util
sdb           3916.00 4280.00     15.30     28.57     0.00  3437.00   0.00  44.54    0.16    0.23   0.02     4.00     6.84   0.12 100.00

2021년 09월 09일 12시 09분 55초
avg-cpu:  %user   %nice %system %iowait  %steal   %idle
           0.50    0.00    3.47    2.52    0.00   93.51

Device            r/s     w/s     rMB/s     wMB/s   rrqm/s   wrqm/s  %rrqm  %wrqm r_await w_await aqu-sz rareq-sz wareq-sz  svctm  %util
sdb           3373.00 3912.00     13.18     24.36     0.00  2901.00   0.00  42.58    0.17    0.23   0.03     4.00     6.38   0.14  98.80

2021년 09월 09일 12시 09분 56초
avg-cpu:  %user   %nice %system %iowait  %steal   %idle
           0.25    0.00    4.45    1.94    0.00   93.36

Device            r/s     w/s     rMB/s     wMB/s   rrqm/s   wrqm/s  %rrqm  %wrqm r_await w_await aqu-sz rareq-sz wareq-sz  svctm  %util
sdb           3311.00 3535.00     12.93     25.47     0.00  3249.00   0.00  47.89    0.18    0.25   0.00     4.00     7.38   0.15 100.00

2021년 09월 09일 12시 09분 57초
avg-cpu:  %user   %nice %system %iowait  %steal   %idle
           0.25    0.00    4.43    2.00    0.00   93.32

Device            r/s     w/s     rMB/s     wMB/s   rrqm/s   wrqm/s  %rrqm  %wrqm r_await w_await aqu-sz rareq-sz wareq-sz  svctm  %util
sdb           3340.00 3722.00     13.05     26.63     0.00  3475.00   0.00  48.28    0.18    0.24   0.00     4.00     7.33   0.14 100.00

2021년 09월 09일 12시 09분 58초
avg-cpu:  %user   %nice %system %iowait  %steal   %idle
           0.00    0.00    0.63    0.06    0.00   99.31

Device            r/s     w/s     rMB/s     wMB/s   rrqm/s   wrqm/s  %rrqm  %wrqm r_await w_await aqu-sz rareq-sz wareq-sz  svctm  %util
sdb            348.00  416.00      1.36      2.82     0.00   368.00   0.00  46.94    0.19    0.25   0.00     4.00     6.93   0.15  11.60

2021년 09월 09일 12시 09분 59초
avg-cpu:  %user   %nice %system %iowait  %steal   %idle
           0.06    0.00    0.06    0.00    0.00   99.87

Device            r/s     w/s     rMB/s     wMB/s   rrqm/s   wrqm/s  %rrqm  %wrqm r_await w_await aqu-sz rareq-sz wareq-sz  svctm  %util
sdb              0.00    0.00      0.00      0.00     0.00     0.00   0.00   0.00    0.00    0.00   0.00     0.00     0.00   0.00   0.00

2021년 09월 09일 12시 10분 00초
avg-cpu:  %user   %nice %system %iowait  %steal   %idle
           0.06    0.00    0.12    0.00    0.00   99.81

Device            r/s     w/s     rMB/s     wMB/s   rrqm/s   wrqm/s  %rrqm  %wrqm r_await w_await aqu-sz rareq-sz wareq-sz  svctm  %util
sdb              0.00    0.00      0.00      0.00     0.00     0.00   0.00   0.00    0.00    0.00   0.00     0.00     0.00   0.00   0.00

2021년 09월 09일 12시 10분 01초
avg-cpu:  %user   %nice %system %iowait  %steal   %idle
           0.06    0.00    0.06    0.00    0.00   99.88

Device            r/s     w/s     rMB/s     wMB/s   rrqm/s   wrqm/s  %rrqm  %wrqm r_await w_await aqu-sz rareq-sz wareq-sz  svctm  %util
sdb              0.00    0.00      0.00      0.00     0.00     0.00   0.00   0.00    0.00    0.00   0.00     0.00     0.00   0.00   0.00

2021년 09월 09일 12시 10분 02초
avg-cpu:  %user   %nice %system %iowait  %steal   %idle
           0.06    0.00    0.12    0.00    0.00   99.81

Device            r/s     w/s     rMB/s     wMB/s   rrqm/s   wrqm/s  %rrqm  %wrqm r_await w_await aqu-sz rareq-sz wareq-sz  svctm  %util
sdb              0.00    0.00      0.00      0.00     0.00     0.00   0.00   0.00    0.00    0.00   0.00     0.00     0.00   0.00   0.00

2021년 09월 09일 12시 10분 03초
avg-cpu:  %user   %nice %system %iowait  %steal   %idle
           0.00    0.00    0.13    0.00    0.00   99.87

Device            r/s     w/s     rMB/s     wMB/s   rrqm/s   wrqm/s  %rrqm  %wrqm r_await w_await aqu-sz rareq-sz wareq-sz  svctm  %util
sdb              0.00    2.00      0.00      0.29     0.00    73.00   0.00  97.33    0.00    1.50   0.00     0.00   150.00   2.00   0.40

2021년 09월 09일 12시 10분 04초
avg-cpu:  %user   %nice %system %iowait  %steal   %idle
           0.00    0.00    0.19    0.00    0.00   99.81

Device            r/s     w/s     rMB/s     wMB/s   rrqm/s   wrqm/s  %rrqm  %wrqm r_await w_await aqu-sz rareq-sz wareq-sz  svctm  %util
sdb              0.00    0.00      0.00      0.00     0.00     0.00   0.00   0.00    0.00    0.00   0.00     0.00     0.00   0.00   0.00

2021년 09월 09일 12시 10분 05초
avg-cpu:  %user   %nice %system %iowait  %steal   %idle
           0.00    0.00    0.06    0.00    0.00   99.94

Device            r/s     w/s     rMB/s     wMB/s   rrqm/s   wrqm/s  %rrqm  %wrqm r_await w_await aqu-sz rareq-sz wareq-sz  svctm  %util
sdb              0.00    0.00      0.00      0.00     0.00     0.00   0.00   0.00    0.00    0.00   0.00     0.00     0.00   0.00   0.00

2021년 09월 09일 12시 10분 06초
avg-cpu:  %user   %nice %system %iowait  %steal   %idle
           0.06    0.00    0.12    0.00    0.00   99.81

Device            r/s     w/s     rMB/s     wMB/s   rrqm/s   wrqm/s  %rrqm  %wrqm r_await w_await aqu-sz rareq-sz wareq-sz  svctm  %util
sdb              0.00    0.00      0.00      0.00     0.00     0.00   0.00   0.00    0.00    0.00   0.00     0.00     0.00   0.00   0.00

2021년 09월 09일 12시 10분 07초
avg-cpu:  %user   %nice %system %iowait  %steal   %idle
           0.00    0.00    0.12    0.00    0.00   99.88

Device            r/s     w/s     rMB/s     wMB/s   rrqm/s   wrqm/s  %rrqm  %wrqm r_await w_await aqu-sz rareq-sz wareq-sz  svctm  %util
sdb              0.00    0.00      0.00      0.00     0.00     0.00   0.00   0.00    0.00    0.00   0.00     0.00     0.00   0.00   0.00

2021년 09월 09일 12시 10분 08초
avg-cpu:  %user   %nice %system %iowait  %steal   %idle
           0.00    0.00    0.06    0.00    0.00   99.94

Device            r/s     w/s     rMB/s     wMB/s   rrqm/s   wrqm/s  %rrqm  %wrqm r_await w_await aqu-sz rareq-sz wareq-sz  svctm  %util
sdb              0.00    0.00      0.00      0.00     0.00     0.00   0.00   0.00    0.00    0.00   0.00     0.00     0.00   0.00   0.00

2021년 09월 09일 12시 10분 09초
avg-cpu:  %user   %nice %system %iowait  %steal   %idle
           0.00    0.00    0.06    0.00    0.00   99.94

Device            r/s     w/s     rMB/s     wMB/s   rrqm/s   wrqm/s  %rrqm  %wrqm r_await w_await aqu-sz rareq-sz wareq-sz  svctm  %util
sdb              0.00    0.00      0.00      0.00     0.00     0.00   0.00   0.00    0.00    0.00   0.00     0.00     0.00   0.00   0.00

2021년 09월 09일 12시 10분 10초
avg-cpu:  %user   %nice %system %iowait  %steal   %idle
           0.06    0.00    0.19    0.00    0.00   99.75

Device            r/s     w/s     rMB/s     wMB/s   rrqm/s   wrqm/s  %rrqm  %wrqm r_await w_await aqu-sz rareq-sz wareq-sz  svctm  %util
sdb              0.00    0.00      0.00      0.00     0.00     0.00   0.00   0.00    0.00    0.00   0.00     0.00     0.00   0.00   0.00

2021년 09월 09일 12시 10분 11초
avg-cpu:  %user   %nice %system %iowait  %steal   %idle
           0.06    0.00    0.06    0.00    0.00   99.88

Device            r/s     w/s     rMB/s     wMB/s   rrqm/s   wrqm/s  %rrqm  %wrqm r_await w_await aqu-sz rareq-sz wareq-sz  svctm  %util
sdb              0.00    0.00      0.00      0.00     0.00     0.00   0.00   0.00    0.00    0.00   0.00     0.00     0.00   0.00   0.00

2021년 09월 09일 12시 10분 12초
avg-cpu:  %user   %nice %system %iowait  %steal   %idle
           0.00    0.00    0.06    0.00    0.00   99.94

Device            r/s     w/s     rMB/s     wMB/s   rrqm/s   wrqm/s  %rrqm  %wrqm r_await w_await aqu-sz rareq-sz wareq-sz  svctm  %util
sdb              0.00    0.00      0.00      0.00     0.00     0.00   0.00   0.00    0.00    0.00   0.00     0.00     0.00   0.00   0.00

2021년 09월 09일 12시 10분 13초
avg-cpu:  %user   %nice %system %iowait  %steal   %idle
           0.12    0.00    0.12    0.00    0.00   99.75

Device            r/s     w/s     rMB/s     wMB/s   rrqm/s   wrqm/s  %rrqm  %wrqm r_await w_await aqu-sz rareq-sz wareq-sz  svctm  %util
sdb              0.00    0.00      0.00      0.00     0.00     0.00   0.00   0.00    0.00    0.00   0.00     0.00     0.00   0.00   0.00

2021년 09월 09일 12시 10분 14초
avg-cpu:  %user   %nice %system %iowait  %steal   %idle
           0.06    0.00    0.06    0.00    0.00   99.88

Device            r/s     w/s     rMB/s     wMB/s   rrqm/s   wrqm/s  %rrqm  %wrqm r_await w_await aqu-sz rareq-sz wareq-sz  svctm  %util
sdb              0.00    0.00      0.00      0.00     0.00     0.00   0.00   0.00    0.00    0.00   0.00     0.00     0.00   0.00   0.00

2021년 09월 09일 12시 10분 15초
avg-cpu:  %user   %nice %system %iowait  %steal   %idle
           0.00    0.00    0.06    0.00    0.00   99.94

Device            r/s     w/s     rMB/s     wMB/s   rrqm/s   wrqm/s  %rrqm  %wrqm r_await w_await aqu-sz rareq-sz wareq-sz  svctm  %util
sdb              0.00    0.00      0.00      0.00     0.00     0.00   0.00   0.00    0.00    0.00   0.00     0.00     0.00   0.00   0.00

2021년 09월 09일 12시 10분 16초
avg-cpu:  %user   %nice %system %iowait  %steal   %idle
           0.06    0.00    0.13    0.00    0.00   99.81

Device            r/s     w/s     rMB/s     wMB/s   rrqm/s   wrqm/s  %rrqm  %wrqm r_await w_await aqu-sz rareq-sz wareq-sz  svctm  %util
sdb              0.00    0.00      0.00      0.00     0.00     0.00   0.00   0.00    0.00    0.00   0.00     0.00     0.00   0.00   0.00

2021년 09월 09일 12시 10분 17초
avg-cpu:  %user   %nice %system %iowait  %steal   %idle
           0.06    0.00    0.00    0.00    0.00   99.94

Device            r/s     w/s     rMB/s     wMB/s   rrqm/s   wrqm/s  %rrqm  %wrqm r_await w_await aqu-sz rareq-sz wareq-sz  svctm  %util
sdb              0.00    0.00      0.00      0.00     0.00     0.00   0.00   0.00    0.00    0.00   0.00     0.00     0.00   0.00   0.00

2021년 09월 09일 12시 10분 18초
avg-cpu:  %user   %nice %system %iowait  %steal   %idle
           0.06    0.00    0.12    0.00    0.00   99.81

Device            r/s     w/s     rMB/s     wMB/s   rrqm/s   wrqm/s  %rrqm  %wrqm r_await w_await aqu-sz rareq-sz wareq-sz  svctm  %util
sdb              0.00    0.00      0.00      0.00     0.00     0.00   0.00   0.00    0.00    0.00   0.00     0.00     0.00   0.00   0.00

2021년 09월 09일 12시 10분 19초
avg-cpu:  %user   %nice %system %iowait  %steal   %idle
           0.06    0.00    0.06    0.00    0.00   99.87

Device            r/s     w/s     rMB/s     wMB/s   rrqm/s   wrqm/s  %rrqm  %wrqm r_await w_await aqu-sz rareq-sz wareq-sz  svctm  %util
sdb              0.00    0.00      0.00      0.00     0.00     0.00   0.00   0.00    0.00    0.00   0.00     0.00     0.00   0.00   0.00

2021년 09월 09일 12시 10분 20초
avg-cpu:  %user   %nice %system %iowait  %steal   %idle
           0.00    0.00    0.12    0.00    0.00   99.88

Device            r/s     w/s     rMB/s     wMB/s   rrqm/s   wrqm/s  %rrqm  %wrqm r_await w_await aqu-sz rareq-sz wareq-sz  svctm  %util
sdb              0.00    0.00      0.00      0.00     0.00     0.00   0.00   0.00    0.00    0.00   0.00     0.00     0.00   0.00   0.00

2021년 09월 09일 12시 10분 21초
avg-cpu:  %user   %nice %system %iowait  %steal   %idle
           0.13    0.00    0.13    0.00    0.00   99.75

Device            r/s     w/s     rMB/s     wMB/s   rrqm/s   wrqm/s  %rrqm  %wrqm r_await w_await aqu-sz rareq-sz wareq-sz  svctm  %util
sdb              0.00 3117.00      0.00     18.85     0.00  1711.00   0.00  35.44    0.00    0.18   0.00     0.00     6.19   0.02   7.20

2021년 09월 09일 12시 10분 22초
avg-cpu:  %user   %nice %system %iowait  %steal   %idle
           0.00    0.00    0.13    0.00    0.00   99.87

Device            r/s     w/s     rMB/s     wMB/s   rrqm/s   wrqm/s  %rrqm  %wrqm r_await w_await aqu-sz rareq-sz wareq-sz  svctm  %util
sdb              0.00  804.00      0.00      3.86     0.00   182.00   0.00  18.46    0.00    0.14   0.00     0.00     4.92   0.01   1.20

2021년 09월 09일 12시 10분 23초
avg-cpu:  %user   %nice %system %iowait  %steal   %idle
           0.00    0.00    0.31    0.00    0.00   99.69

Device            r/s     w/s     rMB/s     wMB/s   rrqm/s   wrqm/s  %rrqm  %wrqm r_await w_await aqu-sz rareq-sz wareq-sz  svctm  %util
sdb              0.00    0.00      0.00      0.00     0.00     0.00   0.00   0.00    0.00    0.00   0.00     0.00     0.00   0.00   0.00

2021년 09월 09일 12시 10분 24초
avg-cpu:  %user   %nice %system %iowait  %steal   %idle
           0.06    0.00    0.31    0.00    0.00   99.63

Device            r/s     w/s     rMB/s     wMB/s   rrqm/s   wrqm/s  %rrqm  %wrqm r_await w_await aqu-sz rareq-sz wareq-sz  svctm  %util
sdb              0.00    0.00      0.00      0.00     0.00     0.00   0.00   0.00    0.00    0.00   0.00     0.00     0.00   0.00   0.00

2021년 09월 09일 12시 10분 25초
avg-cpu:  %user   %nice %system %iowait  %steal   %idle
           0.00    0.00    0.19    0.00    0.00   99.81

Device            r/s     w/s     rMB/s     wMB/s   rrqm/s   wrqm/s  %rrqm  %wrqm r_await w_await aqu-sz rareq-sz wareq-sz  svctm  %util
sdb              0.00    0.00      0.00      0.00     0.00     0.00   0.00   0.00    0.00    0.00   0.00     0.00     0.00   0.00   0.00

2021년 09월 09일 12시 10분 26초
avg-cpu:  %user   %nice %system %iowait  %steal   %idle
           0.06    0.00    0.12    0.00    0.00   99.81

Device            r/s     w/s     rMB/s     wMB/s   rrqm/s   wrqm/s  %rrqm  %wrqm r_await w_await aqu-sz rareq-sz wareq-sz  svctm  %util
sdb              0.00    0.00      0.00      0.00     0.00     0.00   0.00   0.00    0.00    0.00   0.00     0.00     0.00   0.00   0.00

2021년 09월 09일 12시 10분 27초
avg-cpu:  %user   %nice %system %iowait  %steal   %idle
           0.06    0.00    0.12    0.00    0.00   99.81

Device            r/s     w/s     rMB/s     wMB/s   rrqm/s   wrqm/s  %rrqm  %wrqm r_await w_await aqu-sz rareq-sz wareq-sz  svctm  %util
sdb              0.00    0.00      0.00      0.00     0.00     0.00   0.00   0.00    0.00    0.00   0.00     0.00     0.00   0.00   0.00

2021년 09월 09일 12시 10분 28초
avg-cpu:  %user   %nice %system %iowait  %steal   %idle
           0.12    0.00    0.12    0.00    0.00   99.75

Device            r/s     w/s     rMB/s     wMB/s   rrqm/s   wrqm/s  %rrqm  %wrqm r_await w_await aqu-sz rareq-sz wareq-sz  svctm  %util
sdb              0.00    0.00      0.00      0.00     0.00     0.00   0.00   0.00    0.00    0.00   0.00     0.00     0.00   0.00   0.00

2021년 09월 09일 12시 10분 29초
avg-cpu:  %user   %nice %system %iowait  %steal   %idle
           0.06    0.00    0.12    0.00    0.00   99.81

Device            r/s     w/s     rMB/s     wMB/s   rrqm/s   wrqm/s  %rrqm  %wrqm r_await w_await aqu-sz rareq-sz wareq-sz  svctm  %util
sdb              0.00    0.00      0.00      0.00     0.00     0.00   0.00   0.00    0.00    0.00   0.00     0.00     0.00   0.00   0.00

2021년 09월 09일 12시 10분 30초
avg-cpu:  %user   %nice %system %iowait  %steal   %idle
           0.00    0.00    0.12    0.00    0.00   99.88

Device            r/s     w/s     rMB/s     wMB/s   rrqm/s   wrqm/s  %rrqm  %wrqm r_await w_await aqu-sz rareq-sz wareq-sz  svctm  %util
sdb              0.00    0.00      0.00      0.00     0.00     0.00   0.00   0.00    0.00    0.00   0.00     0.00     0.00   0.00   0.00

2021년 09월 09일 12시 10분 31초
avg-cpu:  %user   %nice %system %iowait  %steal   %idle
           0.06    0.00    0.12    0.00    0.00   99.81

Device            r/s     w/s     rMB/s     wMB/s   rrqm/s   wrqm/s  %rrqm  %wrqm r_await w_await aqu-sz rareq-sz wareq-sz  svctm  %util
sdb              0.00    0.00      0.00      0.00     0.00     0.00   0.00   0.00    0.00    0.00   0.00     0.00     0.00   0.00   0.00

2021년 09월 09일 12시 10분 32초
avg-cpu:  %user   %nice %system %iowait  %steal   %idle
           0.06    0.00    0.12    0.00    0.00   99.81

Device            r/s     w/s     rMB/s     wMB/s   rrqm/s   wrqm/s  %rrqm  %wrqm r_await w_await aqu-sz rareq-sz wareq-sz  svctm  %util
sdb              0.00    0.00      0.00      0.00     0.00     0.00   0.00   0.00    0.00    0.00   0.00     0.00     0.00   0.00   0.00

2021년 09월 09일 12시 10분 33초
avg-cpu:  %user   %nice %system %iowait  %steal   %idle
           0.06    0.00    0.19    0.00    0.00   99.75

Device            r/s     w/s     rMB/s     wMB/s   rrqm/s   wrqm/s  %rrqm  %wrqm r_await w_await aqu-sz rareq-sz wareq-sz  svctm  %util
sdb              0.00    0.00      0.00      0.00     0.00     0.00   0.00   0.00    0.00    0.00   0.00     0.00     0.00   0.00   0.00

2021년 09월 09일 12시 10분 34초
avg-cpu:  %user   %nice %system %iowait  %steal   %idle
           0.00    0.00    0.12    0.00    0.00   99.88

Device            r/s     w/s     rMB/s     wMB/s   rrqm/s   wrqm/s  %rrqm  %wrqm r_await w_await aqu-sz rareq-sz wareq-sz  svctm  %util
sdb              0.00    0.00      0.00      0.00     0.00     0.00   0.00   0.00    0.00    0.00   0.00     0.00     0.00   0.00   0.00

2021년 09월 09일 12시 10분 35초
avg-cpu:  %user   %nice %system %iowait  %steal   %idle
           0.00    0.00    0.19    0.00    0.00   99.81

Device            r/s     w/s     rMB/s     wMB/s   rrqm/s   wrqm/s  %rrqm  %wrqm r_await w_await aqu-sz rareq-sz wareq-sz  svctm  %util
sdb              0.00    0.00      0.00      0.00     0.00     0.00   0.00   0.00    0.00    0.00   0.00     0.00     0.00   0.00   0.00

2021년 09월 09일 12시 10분 36초
avg-cpu:  %user   %nice %system %iowait  %steal   %idle
           0.00    0.00    0.12    0.00    0.00   99.88

Device            r/s     w/s     rMB/s     wMB/s   rrqm/s   wrqm/s  %rrqm  %wrqm r_await w_await aqu-sz rareq-sz wareq-sz  svctm  %util
sdb              0.00    0.00      0.00      0.00     0.00     0.00   0.00   0.00    0.00    0.00   0.00     0.00     0.00   0.00   0.00

