Linux 5.5.8test (syslab-desk) 	2021년 09월 09일 	_x86_64_	(16 CPU)

2021년 09월 09일 17시 54분 15초
avg-cpu:  %user   %nice %system %iowait  %steal   %idle
           0.05    0.00    0.31    0.11    0.00   99.53

Device            r/s     w/s     rMB/s     wMB/s   rrqm/s   wrqm/s  %rrqm  %wrqm r_await w_await aqu-sz rareq-sz wareq-sz  svctm  %util
sdb             33.84  212.18      0.14      3.67     1.46   534.47   4.14  71.58    0.35    0.57   0.01     4.19    17.69   0.17   4.23

2021년 09월 09일 17시 54분 16초
avg-cpu:  %user   %nice %system %iowait  %steal   %idle
           0.06    0.00    0.00    0.00    0.00   99.94

Device            r/s     w/s     rMB/s     wMB/s   rrqm/s   wrqm/s  %rrqm  %wrqm r_await w_await aqu-sz rareq-sz wareq-sz  svctm  %util
sdb              0.00    0.00      0.00      0.00     0.00     0.00   0.00   0.00    0.00    0.00   0.00     0.00     0.00   0.00   0.00

2021년 09월 09일 17시 54분 17초
avg-cpu:  %user   %nice %system %iowait  %steal   %idle
           0.38    0.00    2.50    1.50    0.00   95.62

Device            r/s     w/s     rMB/s     wMB/s   rrqm/s   wrqm/s  %rrqm  %wrqm r_await w_await aqu-sz rareq-sz wareq-sz  svctm  %util
sdb           3368.00   14.00     13.89      0.06   183.00     0.00   5.15   0.00    0.09    0.21   0.00     4.22     4.57   0.21  69.60

2021년 09월 09일 17시 54분 18초
avg-cpu:  %user   %nice %system %iowait  %steal   %idle
           1.38    0.00    3.64    3.70    0.00   91.28

Device            r/s     w/s     rMB/s     wMB/s   rrqm/s   wrqm/s  %rrqm  %wrqm r_await w_await aqu-sz rareq-sz wareq-sz  svctm  %util
sdb           2076.00 1714.00     51.47      6.59 10757.00     0.00  83.82   0.00    0.22    0.17   0.00    25.39     3.93   0.26 100.00

2021년 09월 09일 17시 54분 19초
avg-cpu:  %user   %nice %system %iowait  %steal   %idle
           0.63    0.00    1.69    0.25    0.00   97.43

Device            r/s     w/s     rMB/s     wMB/s   rrqm/s   wrqm/s  %rrqm  %wrqm r_await w_await aqu-sz rareq-sz wareq-sz  svctm  %util
sdb           2721.00 2693.00     36.32      9.70  6369.00     0.00  70.07   0.00    0.16    0.16   0.00    13.67     3.69   0.18 100.00

2021년 09월 09일 17시 54분 20초
avg-cpu:  %user   %nice %system %iowait  %steal   %idle
           0.38    0.00    1.13    0.25    0.00   98.24

Device            r/s     w/s     rMB/s     wMB/s   rrqm/s   wrqm/s  %rrqm  %wrqm r_await w_await aqu-sz rareq-sz wareq-sz  svctm  %util
sdb           2946.00 2993.00     21.96     11.09  2594.00     0.00  46.82   0.00    0.14    0.16   0.00     7.63     3.80   0.17 100.00

2021년 09월 09일 17시 54분 21초
avg-cpu:  %user   %nice %system %iowait  %steal   %idle
           0.25    0.00    1.44    0.69    0.00   97.62

Device            r/s     w/s     rMB/s     wMB/s   rrqm/s   wrqm/s  %rrqm  %wrqm r_await w_await aqu-sz rareq-sz wareq-sz  svctm  %util
sdb           3028.00 3212.00     17.29     11.54  1353.00     0.00  30.88   0.00    0.13    0.16   0.00     5.85     3.68   0.16 100.00

2021년 09월 09일 17시 54분 22초
avg-cpu:  %user   %nice %system %iowait  %steal   %idle
           0.25    0.00    0.88    0.25    0.00   98.61

Device            r/s     w/s     rMB/s     wMB/s   rrqm/s   wrqm/s  %rrqm  %wrqm r_await w_await aqu-sz rareq-sz wareq-sz  svctm  %util
sdb           2860.00 3245.00     14.09     14.91   723.00  4138.00  20.18  56.05    0.13    0.16   0.01     5.04     4.70   0.16 100.00

2021년 09월 09일 17시 54분 23초
avg-cpu:  %user   %nice %system %iowait  %steal   %idle
           0.63    0.00    1.94    1.94    0.00   95.49

Device            r/s     w/s     rMB/s     wMB/s   rrqm/s   wrqm/s  %rrqm  %wrqm r_await w_await aqu-sz rareq-sz wareq-sz  svctm  %util
sdb           2668.00 2859.00     11.50     22.61   268.00     0.00   9.13   0.00    0.13    0.31   0.38     4.41     8.10   0.18  98.40

2021년 09월 09일 17시 54분 24초
avg-cpu:  %user   %nice %system %iowait  %steal   %idle
           0.50    0.00    1.07    0.19    0.00   98.24

Device            r/s     w/s     rMB/s     wMB/s   rrqm/s   wrqm/s  %rrqm  %wrqm r_await w_await aqu-sz rareq-sz wareq-sz  svctm  %util
sdb           2807.00 2909.00     11.56     10.83   147.00     0.00   4.98   0.00    0.14    0.17   0.00     4.22     3.81   0.17 100.00

2021년 09월 09일 17시 54분 25초
avg-cpu:  %user   %nice %system %iowait  %steal   %idle
           0.31    0.00    1.32    0.63    0.00   97.74

Device            r/s     w/s     rMB/s     wMB/s   rrqm/s   wrqm/s  %rrqm  %wrqm r_await w_await aqu-sz rareq-sz wareq-sz  svctm  %util
sdb           2880.00 3058.00     11.61     11.12    90.00     0.00   3.03   0.00    0.13    0.16   0.00     4.13     3.72   0.17 100.00

2021년 09월 09일 17시 54분 26초
avg-cpu:  %user   %nice %system %iowait  %steal   %idle
           0.44    0.00    1.56    0.25    0.00   97.75

Device            r/s     w/s     rMB/s     wMB/s   rrqm/s   wrqm/s  %rrqm  %wrqm r_await w_await aqu-sz rareq-sz wareq-sz  svctm  %util
sdb           2800.00 3064.00     11.30     10.86    89.00     0.00   3.08   0.00    0.14    0.16   0.00     4.13     3.63   0.17 100.00

2021년 09월 09일 17시 54분 27초
avg-cpu:  %user   %nice %system %iowait  %steal   %idle
           0.31    0.00    1.13    0.31    0.00   98.24

Device            r/s     w/s     rMB/s     wMB/s   rrqm/s   wrqm/s  %rrqm  %wrqm r_await w_await aqu-sz rareq-sz wareq-sz  svctm  %util
sdb           2908.00 3099.00     12.07     15.14   177.00  4250.00   5.74  57.83    0.13    0.17   0.01     4.25     5.00   0.17 100.00

2021년 09월 09일 17시 54분 28초
avg-cpu:  %user   %nice %system %iowait  %steal   %idle
           0.19    0.00    1.44    3.38    0.00   94.99

Device            r/s     w/s     rMB/s     wMB/s   rrqm/s   wrqm/s  %rrqm  %wrqm r_await w_await aqu-sz rareq-sz wareq-sz  svctm  %util
sdb           2891.00 3082.00     11.53     23.95    58.00     0.00   1.97   0.00    0.13    0.31   0.40     4.08     7.96   0.17 100.00

2021년 09월 09일 17시 54분 29초
avg-cpu:  %user   %nice %system %iowait  %steal   %idle
           0.56    0.00    1.50    0.31    0.00   97.62

Device            r/s     w/s     rMB/s     wMB/s   rrqm/s   wrqm/s  %rrqm  %wrqm r_await w_await aqu-sz rareq-sz wareq-sz  svctm  %util
sdb           2695.00 2848.00     10.77     10.41    59.00     0.00   2.14   0.00    0.14    0.18   0.02     4.09     3.74   0.18  98.00

2021년 09월 09일 17시 54분 30초
avg-cpu:  %user   %nice %system %iowait  %steal   %idle
           0.25    0.00    1.51    0.25    0.00   97.99

Device            r/s     w/s     rMB/s     wMB/s   rrqm/s   wrqm/s  %rrqm  %wrqm r_await w_await aqu-sz rareq-sz wareq-sz  svctm  %util
sdb           2680.00 3129.00     10.47     10.40     0.00     0.00   0.00   0.00    0.14    0.15   0.00     4.00     3.40   0.17 100.00

2021년 09월 09일 17시 54분 31초
avg-cpu:  %user   %nice %system %iowait  %steal   %idle
           0.25    0.00    1.19    3.20    0.00   95.35

Device            r/s     w/s     rMB/s     wMB/s   rrqm/s   wrqm/s  %rrqm  %wrqm r_await w_await aqu-sz rareq-sz wareq-sz  svctm  %util
sdb           2833.00 2922.00     11.31     10.97    61.00     0.00   2.11   0.00    0.15    0.16   0.00     4.09     3.85   0.17 100.00

2021년 09월 09일 17시 54분 32초
avg-cpu:  %user   %nice %system %iowait  %steal   %idle
           0.57    0.00    2.39    2.76    0.00   94.28

Device            r/s     w/s     rMB/s     wMB/s   rrqm/s   wrqm/s  %rrqm  %wrqm r_await w_await aqu-sz rareq-sz wareq-sz  svctm  %util
sdb           2557.00 2736.00     10.47     14.49   120.00  4023.00   4.48  59.52    0.15    0.18   0.02     4.19     5.42   0.19 100.00

2021년 09월 09일 17시 54분 33초
avg-cpu:  %user   %nice %system %iowait  %steal   %idle
           0.31    0.00    1.69    3.76    0.00   94.23

Device            r/s     w/s     rMB/s     wMB/s   rrqm/s   wrqm/s  %rrqm  %wrqm r_await w_await aqu-sz rareq-sz wareq-sz  svctm  %util
sdb           2774.00 2799.00     10.96     21.94    30.00     0.00   1.07   0.00    0.14    0.30   0.34     4.04     8.03   0.18 100.00

2021년 09월 09일 17시 54분 34초
avg-cpu:  %user   %nice %system %iowait  %steal   %idle
           0.44    0.00    1.38    3.45    0.00   94.73

Device            r/s     w/s     rMB/s     wMB/s   rrqm/s   wrqm/s  %rrqm  %wrqm r_await w_await aqu-sz rareq-sz wareq-sz  svctm  %util
sdb           2875.00 3015.00     11.35     11.14    29.00     0.00   1.00   0.00    0.13    0.16   0.00     4.04     3.78   0.17 100.00

2021년 09월 09일 17시 54분 35초
avg-cpu:  %user   %nice %system %iowait  %steal   %idle
           0.50    0.00    1.32    1.70    0.00   96.48

Device            r/s     w/s     rMB/s     wMB/s   rrqm/s   wrqm/s  %rrqm  %wrqm r_await w_await aqu-sz rareq-sz wareq-sz  svctm  %util
sdb           2857.00 3077.00     11.23     11.05    16.00     0.00   0.56   0.00    0.13    0.16   0.02     4.02     3.68   0.17  98.40

2021년 09월 09일 17시 54분 36초
avg-cpu:  %user   %nice %system %iowait  %steal   %idle
           0.38    0.00    1.07    0.25    0.00   98.30

Device            r/s     w/s     rMB/s     wMB/s   rrqm/s   wrqm/s  %rrqm  %wrqm r_await w_await aqu-sz rareq-sz wareq-sz  svctm  %util
sdb           2939.00 3419.00     11.57     11.36    21.00     0.00   0.71   0.00    0.12    0.15   0.00     4.03     3.40   0.16 100.00

2021년 09월 09일 17시 54분 37초
avg-cpu:  %user   %nice %system %iowait  %steal   %idle
           0.56    0.00    1.44    0.25    0.00   97.74

Device            r/s     w/s     rMB/s     wMB/s   rrqm/s   wrqm/s  %rrqm  %wrqm r_await w_await aqu-sz rareq-sz wareq-sz  svctm  %util
sdb           2891.00 3469.00     11.29     15.13     0.00  4429.00   0.00  56.08    0.12    0.15   0.01     4.00     4.47   0.16 100.00

2021년 09월 09일 17시 54분 38초
avg-cpu:  %user   %nice %system %iowait  %steal   %idle
           0.31    0.00    1.07    0.31    0.00   98.30

Device            r/s     w/s     rMB/s     wMB/s   rrqm/s   wrqm/s  %rrqm  %wrqm r_await w_await aqu-sz rareq-sz wareq-sz  svctm  %util
sdb           2773.00 3017.00     10.83     24.22     0.00     0.00   0.00   0.00    0.15    0.30   0.40     4.00     8.22   0.17 100.00

2021년 09월 09일 17시 54분 39초
avg-cpu:  %user   %nice %system %iowait  %steal   %idle
           0.44    0.00    1.19    3.26    0.00   95.10

Device            r/s     w/s     rMB/s     wMB/s   rrqm/s   wrqm/s  %rrqm  %wrqm r_await w_await aqu-sz rareq-sz wareq-sz  svctm  %util
sdb           2982.00 3417.00     11.77     11.54    29.00     0.00   0.96   0.00    0.13    0.15   0.00     4.04     3.46   0.16 100.00

2021년 09월 09일 17시 54분 40초
avg-cpu:  %user   %nice %system %iowait  %steal   %idle
           0.44    0.00    1.19    2.20    0.00   96.16

Device            r/s     w/s     rMB/s     wMB/s   rrqm/s   wrqm/s  %rrqm  %wrqm r_await w_await aqu-sz rareq-sz wareq-sz  svctm  %util
sdb           2909.00 3259.00     11.61     11.27    60.00     0.00   2.02   0.00    0.13    0.15   0.00     4.09     3.54   0.16 100.00

2021년 09월 09일 17시 54분 41초
avg-cpu:  %user   %nice %system %iowait  %steal   %idle
           0.31    0.00    1.63    1.82    0.00   96.24

Device            r/s     w/s     rMB/s     wMB/s   rrqm/s   wrqm/s  %rrqm  %wrqm r_await w_await aqu-sz rareq-sz wareq-sz  svctm  %util
sdb           2811.00 3131.00     10.98     10.89     0.00     0.00   0.00   0.00    0.13    0.16   0.02     4.00     3.56   0.17  98.40

2021년 09월 09일 17시 54분 42초
avg-cpu:  %user   %nice %system %iowait  %steal   %idle
           0.31    0.00    1.50    0.31    0.00   97.87

Device            r/s     w/s     rMB/s     wMB/s   rrqm/s   wrqm/s  %rrqm  %wrqm r_await w_await aqu-sz rareq-sz wareq-sz  svctm  %util
sdb           2860.00 3207.00     11.29     15.64    30.00  4342.00   1.04  57.52    0.13    0.16   0.02     4.04     4.99   0.16 100.00

2021년 09월 09일 17시 54분 43초
avg-cpu:  %user   %nice %system %iowait  %steal   %idle
           0.76    0.00    3.09    2.39    0.00   93.76

Device            r/s     w/s     rMB/s     wMB/s   rrqm/s   wrqm/s  %rrqm  %wrqm r_await w_await aqu-sz rareq-sz wareq-sz  svctm  %util
sdb           2372.00 2869.00      9.38     21.80    29.00    41.00   1.21   1.41    0.14    0.28   0.35     4.05     7.78   0.19 100.00

2021년 09월 09일 17시 54분 44초
avg-cpu:  %user   %nice %system %iowait  %steal   %idle
           0.44    0.00    1.32    3.26    0.00   94.98

Device            r/s     w/s     rMB/s     wMB/s   rrqm/s   wrqm/s  %rrqm  %wrqm r_await w_await aqu-sz rareq-sz wareq-sz  svctm  %util
sdb           2880.00 3085.00     11.25     11.11     0.00     0.00   0.00   0.00    0.14    0.16   0.00     4.00     3.69   0.17 100.00

2021년 09월 09일 17시 54분 45초
avg-cpu:  %user   %nice %system %iowait  %steal   %idle
           0.44    0.00    1.69    5.07    0.00   92.80

Device            r/s     w/s     rMB/s     wMB/s   rrqm/s   wrqm/s  %rrqm  %wrqm r_await w_await aqu-sz rareq-sz wareq-sz  svctm  %util
sdb           2882.00 3160.00     11.26     11.17     0.00     0.00   0.00   0.00    0.13    0.16   0.00     4.00     3.62   0.17 100.00

2021년 09월 09일 17시 54분 46초
avg-cpu:  %user   %nice %system %iowait  %steal   %idle
           0.57    0.00    1.76    4.78    0.00   92.89

Device            r/s     w/s     rMB/s     wMB/s   rrqm/s   wrqm/s  %rrqm  %wrqm r_await w_await aqu-sz rareq-sz wareq-sz  svctm  %util
sdb           2857.00 2917.00     11.16     11.02     0.00     0.00   0.00   0.00    0.13    0.16   0.00     4.00     3.87   0.17 100.00

2021년 09월 09일 17시 54분 47초
avg-cpu:  %user   %nice %system %iowait  %steal   %idle
           0.56    0.00    2.19    2.12    0.00   95.13

Device            r/s     w/s     rMB/s     wMB/s   rrqm/s   wrqm/s  %rrqm  %wrqm r_await w_await aqu-sz rareq-sz wareq-sz  svctm  %util
sdb           2695.00 2883.00     10.53     15.00     0.00  4129.00   0.00  58.88    0.14    0.18   0.04     4.00     5.33   0.18  98.40

2021년 09월 09일 17시 54분 48초
avg-cpu:  %user   %nice %system %iowait  %steal   %idle
           0.31    0.00    0.94    3.33    0.00   95.41

Device            r/s     w/s     rMB/s     wMB/s   rrqm/s   wrqm/s  %rrqm  %wrqm r_await w_await aqu-sz rareq-sz wareq-sz  svctm  %util
sdb           2815.00 3030.00     11.06     22.55    15.00     0.00   0.53   0.00    0.14    0.28   0.34     4.02     7.62   0.17 100.00

2021년 09월 09일 17시 54분 49초
avg-cpu:  %user   %nice %system %iowait  %steal   %idle
           0.25    0.00    1.44    5.32    0.00   92.99

Device            r/s     w/s     rMB/s     wMB/s   rrqm/s   wrqm/s  %rrqm  %wrqm r_await w_await aqu-sz rareq-sz wareq-sz  svctm  %util
sdb           2891.00 2987.00     11.29     11.20     0.00     0.00   0.00   0.00    0.14    0.17   0.00     4.00     3.84   0.17 100.00

2021년 09월 09일 17시 54분 50초
avg-cpu:  %user   %nice %system %iowait  %steal   %idle
           0.19    0.00    1.69    0.69    0.00   97.43

Device            r/s     w/s     rMB/s     wMB/s   rrqm/s   wrqm/s  %rrqm  %wrqm r_await w_await aqu-sz rareq-sz wareq-sz  svctm  %util
sdb           2982.00 3581.00     11.77     11.53    30.00     0.00   1.00   0.00    0.12    0.14   0.00     4.04     3.30   0.15 100.00

2021년 09월 09일 17시 54분 51초
avg-cpu:  %user   %nice %system %iowait  %steal   %idle
           0.50    0.00    1.81    1.93    0.00   95.76

Device            r/s     w/s     rMB/s     wMB/s   rrqm/s   wrqm/s  %rrqm  %wrqm r_await w_await aqu-sz rareq-sz wareq-sz  svctm  %util
sdb           3086.00 3404.00     12.05     11.92     0.00     0.00   0.00   0.00    0.12    0.15   0.00     4.00     3.59   0.15 100.00

2021년 09월 09일 17시 54분 52초
avg-cpu:  %user   %nice %system %iowait  %steal   %idle
           0.31    0.00    1.38    0.31    0.00   97.99

Device            r/s     w/s     rMB/s     wMB/s   rrqm/s   wrqm/s  %rrqm  %wrqm r_await w_await aqu-sz rareq-sz wareq-sz  svctm  %util
sdb           2881.00 3374.00     11.25     15.71     0.00  4421.00   0.00  56.72    0.13    0.16   0.02     4.00     4.77   0.16 100.00

2021년 09월 09일 17시 54분 53초
avg-cpu:  %user   %nice %system %iowait  %steal   %idle
           1.14    0.00    4.48    2.90    0.00   91.48

Device            r/s     w/s     rMB/s     wMB/s   rrqm/s   wrqm/s  %rrqm  %wrqm r_await w_await aqu-sz rareq-sz wareq-sz  svctm  %util
sdb           1521.00 6296.00      5.94     86.13     0.00 12854.00   0.00  67.12    0.20    0.75   0.45     4.00    14.01   0.13  99.60

2021년 09월 09일 17시 54분 54초
avg-cpu:  %user   %nice %system %iowait  %steal   %idle
           1.00    0.00    2.69    1.44    0.00   94.88

Device            r/s     w/s     rMB/s     wMB/s   rrqm/s   wrqm/s  %rrqm  %wrqm r_await w_await aqu-sz rareq-sz wareq-sz  svctm  %util
sdb           2666.00 3624.00     10.41     13.60     0.00   293.00   0.00   7.48    0.13    0.22   0.00     4.00     3.84   0.16 100.00

2021년 09월 09일 17시 54분 55초
avg-cpu:  %user   %nice %system %iowait  %steal   %idle
           0.88    0.00    3.13    0.56    0.00   95.43

Device            r/s     w/s     rMB/s     wMB/s   rrqm/s   wrqm/s  %rrqm  %wrqm r_await w_await aqu-sz rareq-sz wareq-sz  svctm  %util
sdb           2541.00 2578.00     10.05      9.79    30.00     0.00   1.17   0.00    0.15    0.17   0.00     4.05     3.89   0.20 100.00

2021년 09월 09일 17시 54분 56초
avg-cpu:  %user   %nice %system %iowait  %steal   %idle
           0.44    0.00    1.70    0.25    0.00   97.61

Device            r/s     w/s     rMB/s     wMB/s   rrqm/s   wrqm/s  %rrqm  %wrqm r_await w_await aqu-sz rareq-sz wareq-sz  svctm  %util
sdb           2681.00 2570.00     10.47     10.39     0.00     0.00   0.00   0.00    0.14    0.18   0.00     4.00     4.14   0.19 100.00

2021년 09월 09일 17시 54분 57초
avg-cpu:  %user   %nice %system %iowait  %steal   %idle
           0.44    0.00    1.07    0.38    0.00   98.11

Device            r/s     w/s     rMB/s     wMB/s   rrqm/s   wrqm/s  %rrqm  %wrqm r_await w_await aqu-sz rareq-sz wareq-sz  svctm  %util
sdb           2633.00 2587.00     10.29     10.19     0.00     0.00   0.00   0.00    0.15    0.18   0.02     4.00     4.03   0.19  98.40

2021년 09월 09일 17시 54분 58초
avg-cpu:  %user   %nice %system %iowait  %steal   %idle
           0.25    0.00    1.19    0.25    0.00   98.30

Device            r/s     w/s     rMB/s     wMB/s   rrqm/s   wrqm/s  %rrqm  %wrqm r_await w_await aqu-sz rareq-sz wareq-sz  svctm  %util
sdb           2913.00 3051.00     11.74     11.27    90.00     0.00   3.00   0.00    0.14    0.16   0.00     4.13     3.78   0.17 100.00

2021년 09월 09일 17시 54분 59초
avg-cpu:  %user   %nice %system %iowait  %steal   %idle
           0.38    0.00    1.07    3.40    0.00   95.15

Device            r/s     w/s     rMB/s     wMB/s   rrqm/s   wrqm/s  %rrqm  %wrqm r_await w_await aqu-sz rareq-sz wareq-sz  svctm  %util
sdb           2773.00 3220.00     10.95     26.34    30.00  3974.00   1.07  55.24    0.13    0.28   0.36     4.04     8.38   0.17 100.00

2021년 09월 09일 17시 55분 00초
avg-cpu:  %user   %nice %system %iowait  %steal   %idle
           0.25    0.00    1.13    2.14    0.00   96.48

Device            r/s     w/s     rMB/s     wMB/s   rrqm/s   wrqm/s  %rrqm  %wrqm r_await w_await aqu-sz rareq-sz wareq-sz  svctm  %util
sdb           2919.00 3392.00     11.40     11.33     0.00     0.00   0.00   0.00    0.13    0.15   0.00     4.00     3.42   0.16 100.00

2021년 09월 09일 17시 55분 01초
avg-cpu:  %user   %nice %system %iowait  %steal   %idle
           0.56    0.00    1.69    0.25    0.00   97.49

Device            r/s     w/s     rMB/s     wMB/s   rrqm/s   wrqm/s  %rrqm  %wrqm r_await w_await aqu-sz rareq-sz wareq-sz  svctm  %util
sdb           2763.00 3165.00     10.79     10.71     0.00     0.00   0.00   0.00    0.13    0.16   0.00     4.00     3.47   0.17 100.00

2021년 09월 09일 17시 55분 02초
avg-cpu:  %user   %nice %system %iowait  %steal   %idle
           0.31    0.00    1.38    0.56    0.00   97.74

Device            r/s     w/s     rMB/s     wMB/s   rrqm/s   wrqm/s  %rrqm  %wrqm r_await w_await aqu-sz rareq-sz wareq-sz  svctm  %util
sdb           2921.00 3126.00     11.41     11.29     0.00     0.00   0.00   0.00    0.13    0.16   0.00     4.00     3.70   0.17 100.00

2021년 09월 09일 17시 55분 03초
avg-cpu:  %user   %nice %system %iowait  %steal   %idle
           0.44    0.00    1.26    0.63    0.00   97.68

Device            r/s     w/s     rMB/s     wMB/s   rrqm/s   wrqm/s  %rrqm  %wrqm r_await w_await aqu-sz rareq-sz wareq-sz  svctm  %util
sdb           2814.00 3311.00     10.99     10.91     0.00     0.00   0.00   0.00    0.13    0.16   0.02     4.00     3.37   0.16  98.00

2021년 09월 09일 17시 55분 04초
avg-cpu:  %user   %nice %system %iowait  %steal   %idle
           1.01    0.00    3.15    3.78    0.00   92.06

Device            r/s     w/s     rMB/s     wMB/s   rrqm/s   wrqm/s  %rrqm  %wrqm r_await w_await aqu-sz rareq-sz wareq-sz  svctm  %util
sdb           2246.00 3147.00      8.77     25.52     0.00  4291.00   0.00  57.69    0.13    0.26   0.36     4.00     8.30   0.19 100.40

2021년 09월 09일 17시 55분 05초
avg-cpu:  %user   %nice %system %iowait  %steal   %idle
           0.88    0.00    2.50    1.82    0.00   94.80

Device            r/s     w/s     rMB/s     wMB/s   rrqm/s   wrqm/s  %rrqm  %wrqm r_await w_await aqu-sz rareq-sz wareq-sz  svctm  %util
sdb           2681.00 3068.00     10.47     10.38     0.00     0.00   0.00   0.00    0.13    0.15   0.00     4.00     3.47   0.17 100.00

2021년 09월 09일 17시 55분 06초
avg-cpu:  %user   %nice %system %iowait  %steal   %idle
           0.25    0.00    1.56    3.75    0.00   94.43

Device            r/s     w/s     rMB/s     wMB/s   rrqm/s   wrqm/s  %rrqm  %wrqm r_await w_await aqu-sz rareq-sz wareq-sz  svctm  %util
sdb           3024.00 3482.00     11.81     11.68     0.00     0.00   0.00   0.00    0.12    0.15   0.00     4.00     3.43   0.15 100.00

2021년 09월 09일 17시 55분 07초
avg-cpu:  %user   %nice %system %iowait  %steal   %idle
           0.75    0.00    2.32    2.75    0.00   94.18

Device            r/s     w/s     rMB/s     wMB/s   rrqm/s   wrqm/s  %rrqm  %wrqm r_await w_await aqu-sz rareq-sz wareq-sz  svctm  %util
sdb           2783.00 3099.00     10.87     10.76     0.00     0.00   0.00   0.00    0.13    0.15   0.00     4.00     3.56   0.17 100.00

2021년 09월 09일 17시 55분 08초
avg-cpu:  %user   %nice %system %iowait  %steal   %idle
           1.13    0.00    3.14    4.09    0.00   91.64

Device            r/s     w/s     rMB/s     wMB/s   rrqm/s   wrqm/s  %rrqm  %wrqm r_await w_await aqu-sz rareq-sz wareq-sz  svctm  %util
sdb           2500.00 2617.00      9.77      9.66     0.00     0.00   0.00   0.00    0.13    0.16   0.00     4.00     3.78   0.20 100.00

2021년 09월 09일 17시 55분 09초
avg-cpu:  %user   %nice %system %iowait  %steal   %idle
           1.37    0.00    4.18    3.93    0.00   90.52

Device            r/s     w/s     rMB/s     wMB/s   rrqm/s   wrqm/s  %rrqm  %wrqm r_await w_await aqu-sz rareq-sz wareq-sz  svctm  %util
sdb           2237.00 2343.00      8.74     24.68     0.00  4079.00   0.00  63.52    0.14    0.35   0.39     4.00    10.79   0.21  98.40

2021년 09월 09일 17시 55분 10초
avg-cpu:  %user   %nice %system %iowait  %steal   %idle
           1.62    0.00    4.43    3.74    0.00   90.21

Device            r/s     w/s     rMB/s     wMB/s   rrqm/s   wrqm/s  %rrqm  %wrqm r_await w_await aqu-sz rareq-sz wareq-sz  svctm  %util
sdb           2288.00 2493.00      8.94      8.85     0.00     0.00   0.00   0.00    0.14    0.16   0.00     4.00     3.64   0.21 100.00

2021년 09월 09일 17시 55분 11초
avg-cpu:  %user   %nice %system %iowait  %steal   %idle
           0.75    0.00    2.12    4.31    0.00   92.81

Device            r/s     w/s     rMB/s     wMB/s   rrqm/s   wrqm/s  %rrqm  %wrqm r_await w_await aqu-sz rareq-sz wareq-sz  svctm  %util
sdb           2833.00 3133.00     11.07     10.95     0.00     0.00   0.00   0.00    0.13    0.15   0.00     4.00     3.58   0.17 100.00

2021년 09월 09일 17시 55분 12초
avg-cpu:  %user   %nice %system %iowait  %steal   %idle
           0.50    0.00    1.56    4.75    0.00   93.19

Device            r/s     w/s     rMB/s     wMB/s   rrqm/s   wrqm/s  %rrqm  %wrqm r_await w_await aqu-sz rareq-sz wareq-sz  svctm  %util
sdb           3001.00 3398.00     11.72     11.59     0.00     0.00   0.00   0.00    0.12    0.15   0.00     4.00     3.49   0.16 100.00

2021년 09월 09일 17시 55분 13초
avg-cpu:  %user   %nice %system %iowait  %steal   %idle
           0.25    0.00    1.19    5.27    0.00   93.29

Device            r/s     w/s     rMB/s     wMB/s   rrqm/s   wrqm/s  %rrqm  %wrqm r_await w_await aqu-sz rareq-sz wareq-sz  svctm  %util
sdb           2905.00 2952.00     11.35     11.22     0.00     0.00   0.00   0.00    0.14    0.17   0.00     4.00     3.89   0.17 100.00

2021년 09월 09일 17시 55분 14초
avg-cpu:  %user   %nice %system %iowait  %steal   %idle
           0.88    0.00    2.51    1.89    0.00   94.72

Device            r/s     w/s     rMB/s     wMB/s   rrqm/s   wrqm/s  %rrqm  %wrqm r_await w_await aqu-sz rareq-sz wareq-sz  svctm  %util
sdb           2454.00 2513.00      9.70     25.66    29.00  4110.00   1.17  62.06    0.15    0.33   0.37     4.05    10.46   0.20 100.00

2021년 09월 09일 17시 55분 15초
avg-cpu:  %user   %nice %system %iowait  %steal   %idle
           0.38    0.00    1.57    3.19    0.00   94.87

Device            r/s     w/s     rMB/s     wMB/s   rrqm/s   wrqm/s  %rrqm  %wrqm r_await w_await aqu-sz rareq-sz wareq-sz  svctm  %util
sdb           2927.00 3589.00     11.43     11.36     0.00     0.00   0.00   0.00    0.12    0.14   0.01     4.00     3.24   0.15  98.80

2021년 09월 09일 17시 55분 16초
avg-cpu:  %user   %nice %system %iowait  %steal   %idle
           0.69    0.00    1.63    3.51    0.00   94.17

Device            r/s     w/s     rMB/s     wMB/s   rrqm/s   wrqm/s  %rrqm  %wrqm r_await w_await aqu-sz rareq-sz wareq-sz  svctm  %util
sdb           2862.00 3176.00     11.18     11.02     0.00     0.00   0.00   0.00    0.12    0.16   0.00     4.00     3.55   0.17 100.00

2021년 09월 09일 17시 55분 17초
avg-cpu:  %user   %nice %system %iowait  %steal   %idle
           0.38    0.00    1.44    5.31    0.00   92.88

Device            r/s     w/s     rMB/s     wMB/s   rrqm/s   wrqm/s  %rrqm  %wrqm r_await w_await aqu-sz rareq-sz wareq-sz  svctm  %util
sdb           2923.00 3104.00     11.54     11.32    29.00     0.00   0.98   0.00    0.14    0.16   0.00     4.04     3.73   0.17 100.00

2021년 09월 09일 17시 55분 18초
avg-cpu:  %user   %nice %system %iowait  %steal   %idle
           0.50    0.00    1.38    3.25    0.00   94.87

Device            r/s     w/s     rMB/s     wMB/s   rrqm/s   wrqm/s  %rrqm  %wrqm r_await w_await aqu-sz rareq-sz wareq-sz  svctm  %util
sdb           2779.00 3024.00     10.97     10.77    29.00     0.00   1.03   0.00    0.14    0.16   0.00     4.04     3.65   0.17 100.00

2021년 09월 09일 17시 55분 19초
avg-cpu:  %user   %nice %system %iowait  %steal   %idle
           0.50    0.00    1.44    3.70    0.00   94.35

Device            r/s     w/s     rMB/s     wMB/s   rrqm/s   wrqm/s  %rrqm  %wrqm r_await w_await aqu-sz rareq-sz wareq-sz  svctm  %util
sdb           2620.00 3366.00     10.23     26.72     0.00  4219.00   0.00  55.62    0.15    0.27   0.40     4.00     8.13   0.17 100.00

2021년 09월 09일 17시 55분 20초
avg-cpu:  %user   %nice %system %iowait  %steal   %idle
           0.63    0.00    1.94    1.94    0.00   95.49

Device            r/s     w/s     rMB/s     wMB/s   rrqm/s   wrqm/s  %rrqm  %wrqm r_await w_await aqu-sz rareq-sz wareq-sz  svctm  %util
sdb           2705.00 2922.00     10.57     10.48     0.00     0.00   0.00   0.00    0.14    0.16   0.00     4.00     3.67   0.18 100.00

2021년 09월 09일 17시 55분 21초
avg-cpu:  %user   %nice %system %iowait  %steal   %idle
           0.25    0.00    1.01    0.63    0.00   98.11

Device            r/s     w/s     rMB/s     wMB/s   rrqm/s   wrqm/s  %rrqm  %wrqm r_await w_await aqu-sz rareq-sz wareq-sz  svctm  %util
sdb           2898.00 3041.00     11.32     11.22     0.00     0.00   0.00   0.00    0.13    0.16   0.00     4.00     3.78   0.17 100.00

2021년 09월 09일 17시 55분 22초
avg-cpu:  %user   %nice %system %iowait  %steal   %idle
           0.88    0.00    2.32    1.82    0.00   94.98

Device            r/s     w/s     rMB/s     wMB/s   rrqm/s   wrqm/s  %rrqm  %wrqm r_await w_await aqu-sz rareq-sz wareq-sz  svctm  %util
sdb           2646.00 2730.00     10.34     10.23     0.00     0.00   0.00   0.00    0.13    0.17   0.02     4.00     3.84   0.18  98.80

2021년 09월 09일 17시 55분 23초
avg-cpu:  %user   %nice %system %iowait  %steal   %idle
           0.31    0.00    1.07    0.25    0.00   98.37

Device            r/s     w/s     rMB/s     wMB/s   rrqm/s   wrqm/s  %rrqm  %wrqm r_await w_await aqu-sz rareq-sz wareq-sz  svctm  %util
sdb           3018.00 3281.00     11.79     11.69     0.00     0.00   0.00   0.00    0.12    0.16   0.00     4.00     3.65   0.16 100.00

2021년 09월 09일 17시 55분 24초
avg-cpu:  %user   %nice %system %iowait  %steal   %idle
           0.38    0.00    1.19    3.64    0.00   94.79

Device            r/s     w/s     rMB/s     wMB/s   rrqm/s   wrqm/s  %rrqm  %wrqm r_await w_await aqu-sz rareq-sz wareq-sz  svctm  %util
sdb           2180.00 8048.00      8.52     86.19     0.00 14518.00   0.00  64.34    0.15    0.63   0.40     4.00    10.97   0.10 100.00

2021년 09월 09일 17시 55분 25초
avg-cpu:  %user   %nice %system %iowait  %steal   %idle
           0.19    0.00    1.63    4.70    0.00   93.48

Device            r/s     w/s     rMB/s     wMB/s   rrqm/s   wrqm/s  %rrqm  %wrqm r_await w_await aqu-sz rareq-sz wareq-sz  svctm  %util
sdb           2887.00 3362.00     11.28     11.20     0.00     0.00   0.00   0.00    0.13    0.16   0.02     4.00     3.41   0.16  98.40

2021년 09월 09일 17시 55분 26초
avg-cpu:  %user   %nice %system %iowait  %steal   %idle
           1.39    0.00    4.22    1.76    0.00   92.63

Device            r/s     w/s     rMB/s     wMB/s   rrqm/s   wrqm/s  %rrqm  %wrqm r_await w_await aqu-sz rareq-sz wareq-sz  svctm  %util
sdb           2142.00 2224.00      8.37      8.29     0.00     0.00   0.00   0.00    0.15    0.17   0.00     4.00     3.82   0.23 100.00

2021년 09월 09일 17시 55분 27초
avg-cpu:  %user   %nice %system %iowait  %steal   %idle
           1.13    0.00    3.14    2.76    0.00   92.96

Device            r/s     w/s     rMB/s     wMB/s   rrqm/s   wrqm/s  %rrqm  %wrqm r_await w_await aqu-sz rareq-sz wareq-sz  svctm  %util
sdb           2416.00 2573.00      9.44      9.29     0.00     0.00   0.00   0.00    0.14    0.16   0.00     4.00     3.70   0.20 100.00

2021년 09월 09일 17시 55분 28초
avg-cpu:  %user   %nice %system %iowait  %steal   %idle
           0.25    0.00    1.26    0.25    0.00   98.24

Device            r/s     w/s     rMB/s     wMB/s   rrqm/s   wrqm/s  %rrqm  %wrqm r_await w_await aqu-sz rareq-sz wareq-sz  svctm  %util
sdb           2860.00 3255.00     11.17     11.09     0.00     0.00   0.00   0.00    0.13    0.15   0.00     4.00     3.49   0.16 100.00

2021년 09월 09일 17시 55분 29초
avg-cpu:  %user   %nice %system %iowait  %steal   %idle
           0.31    0.00    1.13    0.38    0.00   98.18

Device            r/s     w/s     rMB/s     wMB/s   rrqm/s   wrqm/s  %rrqm  %wrqm r_await w_await aqu-sz rareq-sz wareq-sz  svctm  %util
sdb           2716.00 3109.00     10.61     25.35     0.00  3787.00   0.00  54.92    0.14    0.27   0.32     4.00     8.35   0.17 100.00

2021년 09월 09일 17시 55분 30초
avg-cpu:  %user   %nice %system %iowait  %steal   %idle
           0.94    0.00    2.25    1.00    0.00   95.82

Device            r/s     w/s     rMB/s     wMB/s   rrqm/s   wrqm/s  %rrqm  %wrqm r_await w_await aqu-sz rareq-sz wareq-sz  svctm  %util
sdb           2647.00 2860.00     10.34     10.25     0.00     0.00   0.00   0.00    0.14    0.16   0.00     4.00     3.67   0.18 100.00

2021년 09월 09일 17시 55분 31초
avg-cpu:  %user   %nice %system %iowait  %steal   %idle
           1.80    0.00    4.79    2.74    0.00   90.67

Device            r/s     w/s     rMB/s     wMB/s   rrqm/s   wrqm/s  %rrqm  %wrqm r_await w_await aqu-sz rareq-sz wareq-sz  svctm  %util
sdb           2160.00 2245.00      8.44      8.35     0.00     0.00   0.00   0.00    0.15    0.17   0.00     4.00     3.81   0.23 100.00

2021년 09월 09일 17시 55분 32초
avg-cpu:  %user   %nice %system %iowait  %steal   %idle
           0.56    0.00    2.19    0.81    0.00   96.43

Device            r/s     w/s     rMB/s     wMB/s   rrqm/s   wrqm/s  %rrqm  %wrqm r_await w_await aqu-sz rareq-sz wareq-sz  svctm  %util
sdb           2689.00 2927.00     10.50     10.41     0.00     0.00   0.00   0.00    0.14    0.16   0.00     4.00     3.64   0.18 100.00

2021년 09월 09일 17시 55분 33초
avg-cpu:  %user   %nice %system %iowait  %steal   %idle
           0.25    0.00    1.13    0.31    0.00   98.30

Device            r/s     w/s     rMB/s     wMB/s   rrqm/s   wrqm/s  %rrqm  %wrqm r_await w_await aqu-sz rareq-sz wareq-sz  svctm  %util
sdb           2859.00 3476.00     11.17     11.04     0.00     0.00   0.00   0.00    0.13    0.15   0.01     4.00     3.25   0.16  98.80

2021년 09월 09일 17시 55분 34초
avg-cpu:  %user   %nice %system %iowait  %steal   %idle
           0.50    0.00    1.57    0.31    0.00   97.62

Device            r/s     w/s     rMB/s     wMB/s   rrqm/s   wrqm/s  %rrqm  %wrqm r_await w_await aqu-sz rareq-sz wareq-sz  svctm  %util
sdb           2652.00 3133.00     10.36     25.54     0.00  3890.00   0.00  55.39    0.14    0.27   0.33     4.00     8.35   0.17 100.00

2021년 09월 09일 17시 55분 35초
avg-cpu:  %user   %nice %system %iowait  %steal   %idle
           0.94    0.00    2.95    4.33    0.00   91.78

Device            r/s     w/s     rMB/s     wMB/s   rrqm/s   wrqm/s  %rrqm  %wrqm r_await w_await aqu-sz rareq-sz wareq-sz  svctm  %util
sdb           2448.00 2759.00      9.56      9.46     0.00     0.00   0.00   0.00    0.14    0.16   0.00     4.00     3.51   0.19 100.00

2021년 09월 09일 17시 55분 36초
avg-cpu:  %user   %nice %system %iowait  %steal   %idle
           1.06    0.00    3.87    4.11    0.00   90.96

Device            r/s     w/s     rMB/s     wMB/s   rrqm/s   wrqm/s  %rrqm  %wrqm r_await w_await aqu-sz rareq-sz wareq-sz  svctm  %util
sdb           2315.84 2811.88      9.05      9.00     0.00     0.00   0.00   0.00    0.14    0.15   0.00     4.00     3.28   0.19  99.01

2021년 09월 09일 17시 55분 37초
avg-cpu:  %user   %nice %system %iowait  %steal   %idle
           0.56    0.00    1.94    1.25    0.00   96.25

Device            r/s     w/s     rMB/s     wMB/s   rrqm/s   wrqm/s  %rrqm  %wrqm r_await w_await aqu-sz rareq-sz wareq-sz  svctm  %util
sdb           2790.00 3170.00     10.90     10.77     0.00     0.00   0.00   0.00    0.13    0.15   0.00     4.00     3.48   0.17 100.00

2021년 09월 09일 17시 55분 38초
avg-cpu:  %user   %nice %system %iowait  %steal   %idle
           0.31    0.00    1.75    3.56    0.00   94.38

Device            r/s     w/s     rMB/s     wMB/s   rrqm/s   wrqm/s  %rrqm  %wrqm r_await w_await aqu-sz rareq-sz wareq-sz  svctm  %util
sdb           2963.00 3398.00     11.57     11.44     0.00     0.00   0.00   0.00    0.13    0.15   0.00     4.00     3.45   0.16 100.00

2021년 09월 09일 17시 55분 39초
avg-cpu:  %user   %nice %system %iowait  %steal   %idle
           0.82    0.00    2.52    4.41    0.00   92.26

Device            r/s     w/s     rMB/s     wMB/s   rrqm/s   wrqm/s  %rrqm  %wrqm r_await w_await aqu-sz rareq-sz wareq-sz  svctm  %util
sdb           2416.00 3063.00      9.44     25.01     0.00  3982.00   0.00  56.52    0.15    0.26   0.38     4.00     8.36   0.18  99.20

2021년 09월 09일 17시 55분 40초
avg-cpu:  %user   %nice %system %iowait  %steal   %idle
           0.88    0.00    2.32    3.26    0.00   93.53

Device            r/s     w/s     rMB/s     wMB/s   rrqm/s   wrqm/s  %rrqm  %wrqm r_await w_await aqu-sz rareq-sz wareq-sz  svctm  %util
sdb           2580.00 2673.00     10.08     10.01     0.00     0.00   0.00   0.00    0.14    0.17   0.00     4.00     3.83   0.19 100.00

2021년 09월 09일 17시 55분 41초
avg-cpu:  %user   %nice %system %iowait  %steal   %idle
           1.25    0.00    4.63    3.26    0.00   90.86

Device            r/s     w/s     rMB/s     wMB/s   rrqm/s   wrqm/s  %rrqm  %wrqm r_await w_await aqu-sz rareq-sz wareq-sz  svctm  %util
sdb           2237.00 2370.00      8.74      8.65     0.00     0.00   0.00   0.00    0.14    0.16   0.00     4.00     3.74   0.22 100.00

2021년 09월 09일 17시 55분 42초
avg-cpu:  %user   %nice %system %iowait  %steal   %idle
           0.69    0.00    2.39    3.08    0.00   93.85

Device            r/s     w/s     rMB/s     wMB/s   rrqm/s   wrqm/s  %rrqm  %wrqm r_await w_await aqu-sz rareq-sz wareq-sz  svctm  %util
sdb           2694.00 2984.00     10.52     10.43     0.00     0.00   0.00   0.00    0.13    0.16   0.00     4.00     3.58   0.18 100.00

2021년 09월 09일 17시 55분 43초
avg-cpu:  %user   %nice %system %iowait  %steal   %idle
           0.50    0.00    1.50    1.50    0.00   96.49

Device            r/s     w/s     rMB/s     wMB/s   rrqm/s   wrqm/s  %rrqm  %wrqm r_await w_await aqu-sz rareq-sz wareq-sz  svctm  %util
sdb           2962.00 3225.00     11.57     11.44     0.00     0.00   0.00   0.00    0.13    0.15   0.00     4.00     3.63   0.16 100.00

2021년 09월 09일 17시 55분 44초
avg-cpu:  %user   %nice %system %iowait  %steal   %idle
           0.31    0.00    1.50    3.70    0.00   94.48

Device            r/s     w/s     rMB/s     wMB/s   rrqm/s   wrqm/s  %rrqm  %wrqm r_await w_await aqu-sz rareq-sz wareq-sz  svctm  %util
sdb           2881.00 3583.00     11.25     26.82     0.00  3983.00   0.00  52.64    0.12    0.25   0.35     4.00     7.67   0.15 100.00

2021년 09월 09일 17시 55분 45초
avg-cpu:  %user   %nice %system %iowait  %steal   %idle
           0.63    0.00    1.50    2.19    0.00   95.68

Device            r/s     w/s     rMB/s     wMB/s   rrqm/s   wrqm/s  %rrqm  %wrqm r_await w_await aqu-sz rareq-sz wareq-sz  svctm  %util
sdb           2855.00 3433.00     11.15     11.05     0.00     0.00   0.00   0.00    0.12    0.15   0.02     4.00     3.30   0.16  98.80

2021년 09월 09일 17시 55분 46초
avg-cpu:  %user   %nice %system %iowait  %steal   %idle
           0.75    0.00    3.14    2.45    0.00   93.65

Device            r/s     w/s     rMB/s     wMB/s   rrqm/s   wrqm/s  %rrqm  %wrqm r_await w_await aqu-sz rareq-sz wareq-sz  svctm  %util
sdb           2558.00 2923.00      9.99      9.87     0.00     0.00   0.00   0.00    0.13    0.15   0.00     4.00     3.46   0.18 100.00

2021년 09월 09일 17시 55분 47초
avg-cpu:  %user   %nice %system %iowait  %steal   %idle
           1.06    0.00    4.62    2.69    0.00   91.63

Device            r/s     w/s     rMB/s     wMB/s   rrqm/s   wrqm/s  %rrqm  %wrqm r_await w_await aqu-sz rareq-sz wareq-sz  svctm  %util
sdb           2308.00 2735.00      9.02      8.96     0.00     0.00   0.00   0.00    0.13    0.15   0.00     4.00     3.35   0.20 100.00

2021년 09월 09일 17시 55분 48초
avg-cpu:  %user   %nice %system %iowait  %steal   %idle
           0.56    0.00    1.57    0.56    0.00   97.30

Device            r/s     w/s     rMB/s     wMB/s   rrqm/s   wrqm/s  %rrqm  %wrqm r_await w_await aqu-sz rareq-sz wareq-sz  svctm  %util
sdb           2908.00 3333.00     11.36     11.23     0.00     0.00   0.00   0.00    0.13    0.15   0.00     4.00     3.45   0.16 100.00

2021년 09월 09일 17시 55분 49초
avg-cpu:  %user   %nice %system %iowait  %steal   %idle
           0.38    0.00    1.07    0.31    0.00   98.24

Device            r/s     w/s     rMB/s     wMB/s   rrqm/s   wrqm/s  %rrqm  %wrqm r_await w_await aqu-sz rareq-sz wareq-sz  svctm  %util
sdb           2725.00 3519.00     10.64     27.59     0.00  4328.00   0.00  55.15    0.13    0.26   0.37     4.00     8.03   0.16 100.00

2021년 09월 09일 17시 55분 50초
avg-cpu:  %user   %nice %system %iowait  %steal   %idle
           0.25    0.00    0.94    0.38    0.00   98.43

Device            r/s     w/s     rMB/s     wMB/s   rrqm/s   wrqm/s  %rrqm  %wrqm r_await w_await aqu-sz rareq-sz wareq-sz  svctm  %util
sdb           2866.00 3029.00     11.20     11.07     0.00     0.00   0.00   0.00    0.14    0.16   0.00     4.00     3.74   0.17 100.00

2021년 09월 09일 17시 55분 51초
avg-cpu:  %user   %nice %system %iowait  %steal   %idle
           0.38    0.00    0.82    1.07    0.00   97.73

Device            r/s     w/s     rMB/s     wMB/s   rrqm/s   wrqm/s  %rrqm  %wrqm r_await w_await aqu-sz rareq-sz wareq-sz  svctm  %util
sdb           2710.00 2880.00     10.59     10.49     0.00     0.00   0.00   0.00    0.14    0.17   0.02     4.00     3.73   0.18  98.40

2021년 09월 09일 17시 55분 52초
avg-cpu:  %user   %nice %system %iowait  %steal   %idle
           0.38    0.00    1.01    2.77    0.00   95.85

Device            r/s     w/s     rMB/s     wMB/s   rrqm/s   wrqm/s  %rrqm  %wrqm r_await w_await aqu-sz rareq-sz wareq-sz  svctm  %util
sdb           2719.00 3230.00     10.62     10.56     0.00     0.00   0.00   0.00    0.14    0.16   0.00     4.00     3.35   0.17 100.00

2021년 09월 09일 17시 55분 53초
avg-cpu:  %user   %nice %system %iowait  %steal   %idle
           0.56    0.00    1.69    3.95    0.00   93.79

Device            r/s     w/s     rMB/s     wMB/s   rrqm/s   wrqm/s  %rrqm  %wrqm r_await w_await aqu-sz rareq-sz wareq-sz  svctm  %util
sdb           2907.00 3019.00     11.36     11.28     0.00     0.00   0.00   0.00    0.13    0.16   0.00     4.00     3.83   0.17 100.00

2021년 09월 09일 17시 55분 54초
avg-cpu:  %user   %nice %system %iowait  %steal   %idle
           0.88    0.00    3.39    2.70    0.00   93.04

Device            r/s     w/s     rMB/s     wMB/s   rrqm/s   wrqm/s  %rrqm  %wrqm r_await w_await aqu-sz rareq-sz wareq-sz  svctm  %util
sdb           2485.00 2612.00      9.71     25.89     0.00  4154.00   0.00  61.40    0.14    0.28   0.28     4.00    10.15   0.20 100.00

2021년 09월 09일 17시 55분 55초
avg-cpu:  %user   %nice %system %iowait  %steal   %idle
           1.44    0.00    3.02    4.08    0.00   91.46

Device            r/s     w/s     rMB/s     wMB/s   rrqm/s   wrqm/s  %rrqm  %wrqm r_await w_await aqu-sz rareq-sz wareq-sz  svctm  %util
sdb           2436.00 2663.00      9.52      9.41     0.00     0.00   0.00   0.00    0.14    0.16   0.00     4.00     3.62   0.20 100.00

2021년 09월 09일 17시 55분 56초
avg-cpu:  %user   %nice %system %iowait  %steal   %idle
           0.63    0.00    2.07    1.76    0.00   95.54

Device            r/s     w/s     rMB/s     wMB/s   rrqm/s   wrqm/s  %rrqm  %wrqm r_await w_await aqu-sz rareq-sz wareq-sz  svctm  %util
sdb           2586.00 2911.00     10.10     10.04     0.00     0.00   0.00   0.00    0.14    0.16   0.00     4.00     3.53   0.18 100.00

2021년 09월 09일 17시 55분 57초
avg-cpu:  %user   %nice %system %iowait  %steal   %idle
           0.25    0.00    1.44    0.25    0.00   98.06

Device            r/s     w/s     rMB/s     wMB/s   rrqm/s   wrqm/s  %rrqm  %wrqm r_await w_await aqu-sz rareq-sz wareq-sz  svctm  %util
sdb           2890.00 3509.00     11.29     11.18     0.00     0.00   0.00   0.00    0.13    0.14   0.00     4.00     3.26   0.16 100.00

2021년 09월 09일 17시 55분 58초
avg-cpu:  %user   %nice %system %iowait  %steal   %idle
           0.75    0.00    1.57    1.95    0.00   95.73

Device            r/s     w/s     rMB/s     wMB/s   rrqm/s   wrqm/s  %rrqm  %wrqm r_await w_await aqu-sz rareq-sz wareq-sz  svctm  %util
sdb           2707.00 2956.00     10.57     10.50     0.00     0.00   0.00   0.00    0.13    0.17   0.02     4.00     3.64   0.17  98.40

2021년 09월 09일 17시 55분 59초
avg-cpu:  %user   %nice %system %iowait  %steal   %idle
           0.44    0.00    1.13    1.51    0.00   96.92

Device            r/s     w/s     rMB/s     wMB/s   rrqm/s   wrqm/s  %rrqm  %wrqm r_await w_await aqu-sz rareq-sz wareq-sz  svctm  %util
sdb           2849.00 2848.00     11.13     26.99     0.00  4064.00   0.00  58.80    0.13    0.31   0.35     4.00     9.71   0.18 100.00

2021년 09월 09일 17시 56분 00초
avg-cpu:  %user   %nice %system %iowait  %steal   %idle
           0.25    0.00    0.88    0.44    0.00   98.42

Device            r/s     w/s     rMB/s     wMB/s   rrqm/s   wrqm/s  %rrqm  %wrqm r_await w_await aqu-sz rareq-sz wareq-sz  svctm  %util
sdb           2455.00 6839.00      9.59     59.86     0.00  8902.00   0.00  56.55    0.15    0.56   0.00     4.00     8.96   0.11 100.00

2021년 09월 09일 17시 56분 01초
avg-cpu:  %user   %nice %system %iowait  %steal   %idle
           0.25    0.00    0.95    0.38    0.00   98.42

Device            r/s     w/s     rMB/s     wMB/s   rrqm/s   wrqm/s  %rrqm  %wrqm r_await w_await aqu-sz rareq-sz wareq-sz  svctm  %util
sdb           2683.00 4789.00     10.48     30.74     0.00  3621.00   0.00  43.06    0.13    0.30   0.02     4.00     6.57   0.13  98.40

2021년 09월 09일 17시 56분 02초
avg-cpu:  %user   %nice %system %iowait  %steal   %idle
           0.13    0.00    1.01    3.34    0.00   95.53

Device            r/s     w/s     rMB/s     wMB/s   rrqm/s   wrqm/s  %rrqm  %wrqm r_await w_await aqu-sz rareq-sz wareq-sz  svctm  %util
sdb           2863.00 3252.00     11.18     11.10     0.00     0.00   0.00   0.00    0.13    0.16   0.00     4.00     3.49   0.16 100.00

2021년 09월 09일 17시 56분 03초
avg-cpu:  %user   %nice %system %iowait  %steal   %idle
           0.38    0.00    0.88    4.59    0.00   94.15

Device            r/s     w/s     rMB/s     wMB/s   rrqm/s   wrqm/s  %rrqm  %wrqm r_await w_await aqu-sz rareq-sz wareq-sz  svctm  %util
sdb           2978.00 3485.00     11.63     11.53     0.00     0.00   0.00   0.00    0.12    0.15   0.00     4.00     3.39   0.15 100.00

2021년 09월 09일 17시 56분 04초
avg-cpu:  %user   %nice %system %iowait  %steal   %idle
           0.19    0.00    1.32    5.08    0.00   93.41

Device            r/s     w/s     rMB/s     wMB/s   rrqm/s   wrqm/s  %rrqm  %wrqm r_await w_await aqu-sz rareq-sz wareq-sz  svctm  %util
sdb           2980.00 3407.00     11.64     11.54     0.00     0.00   0.00   0.00    0.13    0.15   0.00     4.00     3.47   0.16 100.00

2021년 09월 09일 17시 56분 05초
avg-cpu:  %user   %nice %system %iowait  %steal   %idle
           0.44    0.00    1.32    2.13    0.00   96.11

Device            r/s     w/s     rMB/s     wMB/s   rrqm/s   wrqm/s  %rrqm  %wrqm r_await w_await aqu-sz rareq-sz wareq-sz  svctm  %util
sdb           2902.00 3243.00     11.34     11.23     0.00     0.00   0.00   0.00    0.13    0.15   0.00     4.00     3.55   0.16 100.00

2021년 09월 09일 17시 56분 06초
avg-cpu:  %user   %nice %system %iowait  %steal   %idle
           0.44    0.00    1.07    0.38    0.00   98.11

Device            r/s     w/s     rMB/s     wMB/s   rrqm/s   wrqm/s  %rrqm  %wrqm r_await w_await aqu-sz rareq-sz wareq-sz  svctm  %util
sdb           2685.00 3244.00     10.49     29.09     0.00  4760.00   0.00  59.47    0.14    0.28   0.38     4.00     9.18   0.17 100.00

2021년 09월 09일 17시 56분 07초
avg-cpu:  %user   %nice %system %iowait  %steal   %idle
           0.82    0.00    2.13    0.31    0.00   96.74

Device            r/s     w/s     rMB/s     wMB/s   rrqm/s   wrqm/s  %rrqm  %wrqm r_await w_await aqu-sz rareq-sz wareq-sz  svctm  %util
sdb           2701.00 2762.00     10.55     10.43     0.00     0.00   0.00   0.00    0.13    0.17   0.02     4.00     3.87   0.18  98.80

2021년 09월 09일 17시 56분 08초
avg-cpu:  %user   %nice %system %iowait  %steal   %idle
           1.13    0.00    2.46    0.19    0.00   96.22

Device            r/s     w/s     rMB/s     wMB/s   rrqm/s   wrqm/s  %rrqm  %wrqm r_await w_await aqu-sz rareq-sz wareq-sz  svctm  %util
sdb           2555.00 2707.00      9.98      9.88     0.00     0.00   0.00   0.00    0.14    0.16   0.00     4.00     3.74   0.19 100.00

2021년 09월 09일 17시 56분 09초
avg-cpu:  %user   %nice %system %iowait  %steal   %idle
           0.44    0.00    1.19    1.82    0.00   96.55

Device            r/s     w/s     rMB/s     wMB/s   rrqm/s   wrqm/s  %rrqm  %wrqm r_await w_await aqu-sz rareq-sz wareq-sz  svctm  %util
sdb           2954.00 3614.00     11.54     11.43     0.00     0.00   0.00   0.00    0.13    0.14   0.00     4.00     3.24   0.15 100.00

2021년 09월 09일 17시 56분 10초
avg-cpu:  %user   %nice %system %iowait  %steal   %idle
           0.38    0.00    1.50    2.19    0.00   95.93

Device            r/s     w/s     rMB/s     wMB/s   rrqm/s   wrqm/s  %rrqm  %wrqm r_await w_await aqu-sz rareq-sz wareq-sz  svctm  %util
sdb           2804.00 3168.00     10.95     25.54     0.00  3744.00   0.00  54.17    0.13    0.25   0.28     4.00     8.25   0.17 100.00

2021년 09월 09일 17시 56분 11초
avg-cpu:  %user   %nice %system %iowait  %steal   %idle
           1.13    0.00    2.83    1.83    0.00   94.21

Device            r/s     w/s     rMB/s     wMB/s   rrqm/s   wrqm/s  %rrqm  %wrqm r_await w_await aqu-sz rareq-sz wareq-sz  svctm  %util
sdb           2549.00 3432.00      9.96      9.81     0.00     0.00   0.00   0.00    0.12    0.13   0.00     4.00     2.93   0.17 100.00

2021년 09월 09일 17시 56분 12초
avg-cpu:  %user   %nice %system %iowait  %steal   %idle
           0.94    0.00    2.39    3.21    0.00   93.46

Device            r/s     w/s     rMB/s     wMB/s   rrqm/s   wrqm/s  %rrqm  %wrqm r_await w_await aqu-sz rareq-sz wareq-sz  svctm  %util
sdb           2741.00 3864.00     10.71     10.62     0.00     0.00   0.00   0.00    0.12    0.12   0.00     4.00     2.81   0.15 100.00

2021년 09월 09일 17시 56분 13초
avg-cpu:  %user   %nice %system %iowait  %steal   %idle
           0.38    0.00    1.13    1.82    0.00   96.67

Device            r/s     w/s     rMB/s     wMB/s   rrqm/s   wrqm/s  %rrqm  %wrqm r_await w_await aqu-sz rareq-sz wareq-sz  svctm  %util
sdb           2780.00 3279.00     10.86     20.58     0.00  2498.00   0.00  43.24    0.13    0.20   0.13     4.00     6.43   0.16  98.80

2021년 09월 09일 17시 56분 14초
avg-cpu:  %user   %nice %system %iowait  %steal   %idle
           0.31    0.00    1.51    3.07    0.00   95.11

Device            r/s     w/s     rMB/s     wMB/s   rrqm/s   wrqm/s  %rrqm  %wrqm r_await w_await aqu-sz rareq-sz wareq-sz  svctm  %util
sdb           2967.00 3196.00     11.59     11.47     0.00     0.00   0.00   0.00    0.13    0.16   0.00     4.00     3.68   0.16 100.00

2021년 09월 09일 17시 56분 15초
avg-cpu:  %user   %nice %system %iowait  %steal   %idle
           0.25    0.00    1.32    0.19    0.00   98.24

Device            r/s     w/s     rMB/s     wMB/s   rrqm/s   wrqm/s  %rrqm  %wrqm r_await w_await aqu-sz rareq-sz wareq-sz  svctm  %util
sdb           3074.00 3656.00     12.01     11.84     0.00     0.00   0.00   0.00    0.12    0.14   0.00     4.00     3.32   0.15 100.00

2021년 09월 09일 17시 56분 16초
avg-cpu:  %user   %nice %system %iowait  %steal   %idle
           0.82    0.00    2.52    0.19    0.00   96.47

Device            r/s     w/s     rMB/s     wMB/s   rrqm/s   wrqm/s  %rrqm  %wrqm r_await w_await aqu-sz rareq-sz wareq-sz  svctm  %util
sdb           2419.00 2769.00      9.45      9.36     0.00     0.00   0.00   0.00    0.14    0.16   0.00     4.00     3.46   0.19 100.40

2021년 09월 09일 17시 56분 17초
avg-cpu:  %user   %nice %system %iowait  %steal   %idle
           1.14    0.00    3.72    0.13    0.00   95.01

Device            r/s     w/s     rMB/s     wMB/s   rrqm/s   wrqm/s  %rrqm  %wrqm r_await w_await aqu-sz rareq-sz wareq-sz  svctm  %util
sdb           2091.00 2408.00      8.17      8.09     0.00     0.00   0.00   0.00    0.15    0.17   0.00     4.00     3.44   0.22  99.60

2021년 09월 09일 17시 56분 18초
avg-cpu:  %user   %nice %system %iowait  %steal   %idle
           0.56    0.00    1.81    0.38    0.00   97.25

Device            r/s     w/s     rMB/s     wMB/s   rrqm/s   wrqm/s  %rrqm  %wrqm r_await w_await aqu-sz rareq-sz wareq-sz  svctm  %util
sdb           2669.00 2913.00     10.43     26.25     0.00  4045.00   0.00  58.13    0.14    0.30   0.37     4.00     9.23   0.18 100.00

2021년 09월 09일 17시 56분 19초
avg-cpu:  %user   %nice %system %iowait  %steal   %idle
           1.00    0.00    3.75    0.12    0.00   95.13

Device            r/s     w/s     rMB/s     wMB/s   rrqm/s   wrqm/s  %rrqm  %wrqm r_await w_await aqu-sz rareq-sz wareq-sz  svctm  %util
sdb           2445.00 3025.00      9.55      9.44     0.00     0.00   0.00   0.00    0.13    0.15   0.00     4.00     3.19   0.18 100.40

2021년 09월 09일 17시 56분 20초
avg-cpu:  %user   %nice %system %iowait  %steal   %idle
           0.63    0.00    2.14    0.32    0.00   96.91

Device            r/s     w/s     rMB/s     wMB/s   rrqm/s   wrqm/s  %rrqm  %wrqm r_await w_await aqu-sz rareq-sz wareq-sz  svctm  %util
sdb           2636.00 2778.00     10.30     10.16     0.00     0.00   0.00   0.00    0.13    0.17   0.02     4.00     3.75   0.18  98.80

2021년 09월 09일 17시 56분 21초
avg-cpu:  %user   %nice %system %iowait  %steal   %idle
           0.38    0.00    1.45    0.19    0.00   97.98

Device            r/s     w/s     rMB/s     wMB/s   rrqm/s   wrqm/s  %rrqm  %wrqm r_await w_await aqu-sz rareq-sz wareq-sz  svctm  %util
sdb           2931.00 3874.00     11.45     11.32     0.00     0.00   0.00   0.00    0.12    0.13   0.00     4.00     2.99   0.15  99.60

2021년 09월 09일 17시 56분 22초
avg-cpu:  %user   %nice %system %iowait  %steal   %idle
           0.56    0.00    1.38    0.25    0.00   97.80

Device            r/s     w/s     rMB/s     wMB/s   rrqm/s   wrqm/s  %rrqm  %wrqm r_await w_await aqu-sz rareq-sz wareq-sz  svctm  %util
sdb           2849.00 3550.00     11.13     11.01     0.00     0.00   0.00   0.00    0.13    0.14   0.00     4.00     3.18   0.16 100.00

2021년 09월 09일 17시 56분 23초
avg-cpu:  %user   %nice %system %iowait  %steal   %idle
           0.63    0.00    1.50    0.31    0.00   97.55

Device            r/s     w/s     rMB/s     wMB/s   rrqm/s   wrqm/s  %rrqm  %wrqm r_await w_await aqu-sz rareq-sz wareq-sz  svctm  %util
sdb           2786.00 3263.00     10.88     27.48     0.00  4256.00   0.00  56.60    0.14    0.27   0.40     4.00     8.63   0.17 100.40

2021년 09월 09일 17시 56분 24초
avg-cpu:  %user   %nice %system %iowait  %steal   %idle
           0.50    0.00    1.51    0.19    0.00   97.80

Device            r/s     w/s     rMB/s     wMB/s   rrqm/s   wrqm/s  %rrqm  %wrqm r_await w_await aqu-sz rareq-sz wareq-sz  svctm  %util
sdb           2937.00 4168.00     11.47     15.12     0.00   959.00   0.00  18.70    0.12    0.13   0.01     4.00     3.71   0.14 100.00

2021년 09월 09일 17시 56분 25초
avg-cpu:  %user   %nice %system %iowait  %steal   %idle
           0.25    0.00    0.88    0.50    0.00   98.36

Device            r/s     w/s     rMB/s     wMB/s   rrqm/s   wrqm/s  %rrqm  %wrqm r_await w_await aqu-sz rareq-sz wareq-sz  svctm  %util
sdb           3138.00 3469.00     12.26     12.14     0.00     0.00   0.00   0.00    0.11    0.15   0.02     4.00     3.58   0.15  98.40

2021년 09월 09일 17시 56분 26초
avg-cpu:  %user   %nice %system %iowait  %steal   %idle
           0.38    0.00    1.50    3.26    0.00   94.87

Device            r/s     w/s     rMB/s     wMB/s   rrqm/s   wrqm/s  %rrqm  %wrqm r_await w_await aqu-sz rareq-sz wareq-sz  svctm  %util
sdb           2886.00 3023.00     11.27     11.14     0.00     0.00   0.00   0.00    0.14    0.16   0.00     4.00     3.77   0.17 100.40

2021년 09월 09일 17시 56분 27초
avg-cpu:  %user   %nice %system %iowait  %steal   %idle
           0.38    0.00    1.01    4.65    0.00   93.97

Device            r/s     w/s     rMB/s     wMB/s   rrqm/s   wrqm/s  %rrqm  %wrqm r_await w_await aqu-sz rareq-sz wareq-sz  svctm  %util
sdb           2947.00 3089.00     11.51     11.41     0.00     0.00   0.00   0.00    0.13    0.16   0.00     4.00     3.78   0.17 100.00

2021년 09월 09일 17시 56분 28초
avg-cpu:  %user   %nice %system %iowait  %steal   %idle
           0.56    0.00    2.50    4.75    0.00   92.18

Device            r/s     w/s     rMB/s     wMB/s   rrqm/s   wrqm/s  %rrqm  %wrqm r_await w_await aqu-sz rareq-sz wareq-sz  svctm  %util
sdb           2614.00 2657.00     10.21     10.11     0.00     0.00   0.00   0.00    0.15    0.17   0.00     4.00     3.90   0.19 100.00

2021년 09월 09일 17시 56분 29초
avg-cpu:  %user   %nice %system %iowait  %steal   %idle
           1.37    0.00    4.62    2.62    0.00   91.39

Device            r/s     w/s     rMB/s     wMB/s   rrqm/s   wrqm/s  %rrqm  %wrqm r_await w_await aqu-sz rareq-sz wareq-sz  svctm  %util
sdb           2133.00 2549.00      8.33     25.02     0.00  4268.00   0.00  62.61    0.14    0.28   0.29     4.00    10.05   0.21 100.00

2021년 09월 09일 17시 56분 30초
avg-cpu:  %user   %nice %system %iowait  %steal   %idle
           0.81    0.00    3.44    2.75    0.00   92.99

Device            r/s     w/s     rMB/s     wMB/s   rrqm/s   wrqm/s  %rrqm  %wrqm r_await w_await aqu-sz rareq-sz wareq-sz  svctm  %util
sdb           2518.00 2802.00      9.84      9.73     0.00     0.00   0.00   0.00    0.14    0.15   0.00     4.00     3.56   0.19  99.60

2021년 09월 09일 17시 56분 31초
avg-cpu:  %user   %nice %system %iowait  %steal   %idle
           0.44    0.00    1.94    2.44    0.00   95.18

Device            r/s     w/s     rMB/s     wMB/s   rrqm/s   wrqm/s  %rrqm  %wrqm r_await w_await aqu-sz rareq-sz wareq-sz  svctm  %util
sdb           2333.00 6856.00      9.11     65.48     0.00 10685.00   0.00  60.91    0.15    0.58   0.38     4.00     9.78   0.11  99.20

2021년 09월 09일 17시 56분 32초
avg-cpu:  %user   %nice %system %iowait  %steal   %idle
           1.01    0.00    2.83    2.64    0.00   93.53

Device            r/s     w/s     rMB/s     wMB/s   rrqm/s   wrqm/s  %rrqm  %wrqm r_await w_await aqu-sz rareq-sz wareq-sz  svctm  %util
sdb           2398.00 4722.00      9.37     23.45     0.00  1947.00   0.00  29.19    0.14    0.34   0.00     4.00     5.08   0.14  99.60

2021년 09월 09일 17시 56분 33초
avg-cpu:  %user   %nice %system %iowait  %steal   %idle
           0.50    0.00    2.01    1.57    0.00   95.91

Device            r/s     w/s     rMB/s     wMB/s   rrqm/s   wrqm/s  %rrqm  %wrqm r_await w_await aqu-sz rareq-sz wareq-sz  svctm  %util
sdb           2684.00 3281.00     10.48     10.38     0.00     0.00   0.00   0.00    0.13    0.14   0.00     4.00     3.24   0.17 100.40

2021년 09월 09일 17시 56분 34초
avg-cpu:  %user   %nice %system %iowait  %steal   %idle
           0.44    0.00    0.95    0.19    0.00   98.42

Device            r/s     w/s     rMB/s     wMB/s   rrqm/s   wrqm/s  %rrqm  %wrqm r_await w_await aqu-sz rareq-sz wareq-sz  svctm  %util
sdb           2857.00 3279.00     11.16     11.07     0.00     0.00   0.00   0.00    0.13    0.15   0.00     4.00     3.46   0.16 100.00

2021년 09월 09일 17시 56분 35초
avg-cpu:  %user   %nice %system %iowait  %steal   %idle
           0.19    0.00    1.32    2.20    0.00   96.30

Device            r/s     w/s     rMB/s     wMB/s   rrqm/s   wrqm/s  %rrqm  %wrqm r_await w_await aqu-sz rareq-sz wareq-sz  svctm  %util
sdb           2996.00 3342.00     11.70     11.56     0.00     0.00   0.00   0.00    0.13    0.15   0.00     4.00     3.54   0.16 100.00

2021년 09월 09일 17시 56분 36초
avg-cpu:  %user   %nice %system %iowait  %steal   %idle
           0.25    0.00    1.26    0.75    0.00   97.74

Device            r/s     w/s     rMB/s     wMB/s   rrqm/s   wrqm/s  %rrqm  %wrqm r_await w_await aqu-sz rareq-sz wareq-sz  svctm  %util
sdb           2850.00 3146.00     11.13     11.05     0.00     0.00   0.00   0.00    0.13    0.16   0.02     4.00     3.60   0.16  98.80

2021년 09월 09일 17시 56분 37초
avg-cpu:  %user   %nice %system %iowait  %steal   %idle
           0.69    0.00    2.69    1.44    0.00   95.19

Device            r/s     w/s     rMB/s     wMB/s   rrqm/s   wrqm/s  %rrqm  %wrqm r_await w_await aqu-sz rareq-sz wareq-sz  svctm  %util
sdb           2677.00 3201.00     10.46     27.09     0.00  4276.00   0.00  57.19    0.13    0.26   0.34     4.00     8.67   0.17 100.00

2021년 09월 09일 17시 56분 38초
avg-cpu:  %user   %nice %system %iowait  %steal   %idle
           0.19    0.00    1.57    1.38    0.00   96.87

Device            r/s     w/s     rMB/s     wMB/s   rrqm/s   wrqm/s  %rrqm  %wrqm r_await w_await aqu-sz rareq-sz wareq-sz  svctm  %util
sdb           2935.00 3291.00     11.46     11.35     0.00     0.00   0.00   0.00    0.13    0.15   0.00     4.00     3.53   0.16 100.00

2021년 09월 09일 17시 56분 39초
avg-cpu:  %user   %nice %system %iowait  %steal   %idle
           0.38    0.00    1.44    0.19    0.00   97.99

Device            r/s     w/s     rMB/s     wMB/s   rrqm/s   wrqm/s  %rrqm  %wrqm r_await w_await aqu-sz rareq-sz wareq-sz  svctm  %util
sdb           3022.00 3470.00     11.80     11.66     0.00     0.00   0.00   0.00    0.12    0.15   0.00     4.00     3.44   0.15 100.00

2021년 09월 09일 17시 56분 40초
avg-cpu:  %user   %nice %system %iowait  %steal   %idle
           0.56    0.00    1.82    0.19    0.00   97.43

Device            r/s     w/s     rMB/s     wMB/s   rrqm/s   wrqm/s  %rrqm  %wrqm r_await w_await aqu-sz rareq-sz wareq-sz  svctm  %util
sdb           2856.00 3193.00     11.16     11.02     0.00     0.00   0.00   0.00    0.13    0.16   0.00     4.00     3.54   0.17 100.00

2021년 09월 09일 17시 56분 41초
avg-cpu:  %user   %nice %system %iowait  %steal   %idle
           0.63    0.00    2.13    0.19    0.00   97.05

Device            r/s     w/s     rMB/s     wMB/s   rrqm/s   wrqm/s  %rrqm  %wrqm r_await w_await aqu-sz rareq-sz wareq-sz  svctm  %util
sdb           2692.00 3034.00     10.52     10.46     0.00     0.00   0.00   0.00    0.13    0.16   0.00     4.00     3.53   0.17 100.00

2021년 09월 09일 17시 56분 42초
avg-cpu:  %user   %nice %system %iowait  %steal   %idle
           0.75    0.00    2.58    0.44    0.00   96.23

Device            r/s     w/s     rMB/s     wMB/s   rrqm/s   wrqm/s  %rrqm  %wrqm r_await w_await aqu-sz rareq-sz wareq-sz  svctm  %util
sdb           2353.00 2925.00      9.19     26.18     0.00  4345.00   0.00  59.77    0.15    0.29   0.40     4.00     9.17   0.19  98.80

2021년 09월 09일 17시 56분 43초
avg-cpu:  %user   %nice %system %iowait  %steal   %idle
           0.88    0.00    3.15    0.69    0.00   95.27

Device            r/s     w/s     rMB/s     wMB/s   rrqm/s   wrqm/s  %rrqm  %wrqm r_await w_await aqu-sz rareq-sz wareq-sz  svctm  %util
sdb           2186.00 3006.00      8.54     11.39     0.00   748.00   0.00  19.93    0.15    0.15   0.01     4.00     3.88   0.19 100.00

2021년 09월 09일 17시 56분 44초
avg-cpu:  %user   %nice %system %iowait  %steal   %idle
           0.44    0.00    1.07    0.57    0.00   97.92

Device            r/s     w/s     rMB/s     wMB/s   rrqm/s   wrqm/s  %rrqm  %wrqm r_await w_await aqu-sz rareq-sz wareq-sz  svctm  %util
sdb           2867.00 3645.00     11.20     11.11     0.00     0.00   0.00   0.00    0.13    0.14   0.00     4.00     3.12   0.15 100.00

2021년 09월 09일 17시 56분 45초
avg-cpu:  %user   %nice %system %iowait  %steal   %idle
           0.31    0.00    1.32    0.25    0.00   98.12

Device            r/s     w/s     rMB/s     wMB/s   rrqm/s   wrqm/s  %rrqm  %wrqm r_await w_await aqu-sz rareq-sz wareq-sz  svctm  %util
sdb           3060.00 3205.00     11.95     11.83     0.00     0.00   0.00   0.00    0.13    0.16   0.00     4.00     3.78   0.16 100.00

2021년 09월 09일 17시 56분 46초
avg-cpu:  %user   %nice %system %iowait  %steal   %idle
           0.25    0.00    0.88    3.34    0.00   95.53

Device            r/s     w/s     rMB/s     wMB/s   rrqm/s   wrqm/s  %rrqm  %wrqm r_await w_await aqu-sz rareq-sz wareq-sz  svctm  %util
sdb           3005.00 3041.00     11.74     11.57     0.00     0.00   0.00   0.00    0.13    0.17   0.00     4.00     3.90   0.17 100.00

2021년 09월 09일 17시 56분 47초
avg-cpu:  %user   %nice %system %iowait  %steal   %idle
           0.31    0.00    1.38    2.19    0.00   96.12

Device            r/s     w/s     rMB/s     wMB/s   rrqm/s   wrqm/s  %rrqm  %wrqm r_await w_await aqu-sz rareq-sz wareq-sz  svctm  %util
sdb           3005.00 3270.00     11.74     11.62     0.00     0.00   0.00   0.00    0.13    0.15   0.00     4.00     3.64   0.16 100.00

2021년 09월 09일 17시 56분 48초
avg-cpu:  %user   %nice %system %iowait  %steal   %idle
           1.50    0.00    4.67    0.37    0.00   93.46

Device            r/s     w/s     rMB/s     wMB/s   rrqm/s   wrqm/s  %rrqm  %wrqm r_await w_await aqu-sz rareq-sz wareq-sz  svctm  %util
sdb           2058.00 2388.00      8.04     24.78     0.00  4278.00   0.00  64.18    0.16    0.35   0.43     4.00    10.63   0.22  98.40

2021년 09월 09일 17시 56분 49초
avg-cpu:  %user   %nice %system %iowait  %steal   %idle
           0.81    0.00    2.56    3.19    0.00   93.44

Device            r/s     w/s     rMB/s     wMB/s   rrqm/s   wrqm/s  %rrqm  %wrqm r_await w_await aqu-sz rareq-sz wareq-sz  svctm  %util
sdb           2663.00 2859.00     10.40     10.28     0.00     0.00   0.00   0.00    0.14    0.16   0.00     4.00     3.68   0.18 100.00

2021년 09월 09일 17시 56분 50초
avg-cpu:  %user   %nice %system %iowait  %steal   %idle
           1.81    0.00    4.37    3.68    0.00   90.14

Device            r/s     w/s     rMB/s     wMB/s   rrqm/s   wrqm/s  %rrqm  %wrqm r_await w_await aqu-sz rareq-sz wareq-sz  svctm  %util
sdb           2236.00 2518.00      8.73      8.66     0.00     0.00   0.00   0.00    0.14    0.16   0.00     4.00     3.52   0.21 100.00

2021년 09월 09일 17시 56분 51초
avg-cpu:  %user   %nice %system %iowait  %steal   %idle
           0.75    0.00    3.31    3.44    0.00   92.50

Device            r/s     w/s     rMB/s     wMB/s   rrqm/s   wrqm/s  %rrqm  %wrqm r_await w_await aqu-sz rareq-sz wareq-sz  svctm  %util
sdb           2508.00 2738.00      9.80      9.73     0.00     0.00   0.00   0.00    0.14    0.17   0.00     4.00     3.64   0.19 100.00

2021년 09월 09일 17시 56분 52초
avg-cpu:  %user   %nice %system %iowait  %steal   %idle
           0.75    0.00    2.50    4.62    0.00   92.13

Device            r/s     w/s     rMB/s     wMB/s   rrqm/s   wrqm/s  %rrqm  %wrqm r_await w_await aqu-sz rareq-sz wareq-sz  svctm  %util
sdb           2649.00 2999.00     10.35     10.28     0.00     0.00   0.00   0.00    0.14    0.15   0.00     4.00     3.51   0.18 100.00

2021년 09월 09일 17시 56분 53초
avg-cpu:  %user   %nice %system %iowait  %steal   %idle
           0.94    0.00    2.69    1.56    0.00   94.81

Device            r/s     w/s     rMB/s     wMB/s   rrqm/s   wrqm/s  %rrqm  %wrqm r_await w_await aqu-sz rareq-sz wareq-sz  svctm  %util
sdb           2531.00 3063.00      9.89     24.73     0.00  3797.00   0.00  55.35    0.13    0.26   0.31     4.00     8.27   0.18 100.00

2021년 09월 09일 17시 56분 54초
avg-cpu:  %user   %nice %system %iowait  %steal   %idle
           0.19    0.00    1.44    3.26    0.00   95.11

Device            r/s     w/s     rMB/s     wMB/s   rrqm/s   wrqm/s  %rrqm  %wrqm r_await w_await aqu-sz rareq-sz wareq-sz  svctm  %util
sdb           3023.00 3450.00     11.81     11.68     0.00     0.00   0.00   0.00    0.12    0.15   0.00     4.00     3.47   0.15 100.00

2021년 09월 09일 17시 56분 55초
avg-cpu:  %user   %nice %system %iowait  %steal   %idle
           1.24    0.00    4.04    1.37    0.00   93.34

Device            r/s     w/s     rMB/s     wMB/s   rrqm/s   wrqm/s  %rrqm  %wrqm r_await w_await aqu-sz rareq-sz wareq-sz  svctm  %util
sdb           2261.00 2654.00      8.83      8.75     0.00     0.00   0.00   0.00    0.14    0.16   0.02     4.00     3.37   0.20  98.40

2021년 09월 09일 17시 56분 56초
avg-cpu:  %user   %nice %system %iowait  %steal   %idle
           0.06    0.00    1.07    0.25    0.00   98.61

Device            r/s     w/s     rMB/s     wMB/s   rrqm/s   wrqm/s  %rrqm  %wrqm r_await w_await aqu-sz rareq-sz wareq-sz  svctm  %util
sdb           3015.00 3532.00     11.78     11.64     0.00     0.00   0.00   0.00    0.12    0.14   0.00     4.00     3.38   0.15 100.00

2021년 09월 09일 17시 56분 57초
avg-cpu:  %user   %nice %system %iowait  %steal   %idle
           0.50    0.00    1.56    0.25    0.00   97.69

Device            r/s     w/s     rMB/s     wMB/s   rrqm/s   wrqm/s  %rrqm  %wrqm r_await w_await aqu-sz rareq-sz wareq-sz  svctm  %util
sdb           3025.00 3314.00     11.82     11.70     0.00     0.00   0.00   0.00    0.12    0.15   0.00     4.00     3.62   0.16 100.00

2021년 09월 09일 17시 56분 58초
avg-cpu:  %user   %nice %system %iowait  %steal   %idle
           0.44    0.00    1.32    0.31    0.00   97.93

Device            r/s     w/s     rMB/s     wMB/s   rrqm/s   wrqm/s  %rrqm  %wrqm r_await w_await aqu-sz rareq-sz wareq-sz  svctm  %util
sdb           3007.00 3647.00     11.75     28.66     0.00  4344.00   0.00  54.36    0.12    0.25   0.34     4.00     8.05   0.15 100.00

2021년 09월 09일 17시 56분 59초
avg-cpu:  %user   %nice %system %iowait  %steal   %idle
           0.19    0.00    1.19    1.63    0.00   96.99

Device            r/s     w/s     rMB/s     wMB/s   rrqm/s   wrqm/s  %rrqm  %wrqm r_await w_await aqu-sz rareq-sz wareq-sz  svctm  %util
sdb           3007.00 3277.00     11.75     11.62     0.00     0.00   0.00   0.00    0.13    0.15   0.00     4.00     3.63   0.16 100.00

2021년 09월 09일 17시 57분 00초
avg-cpu:  %user   %nice %system %iowait  %steal   %idle
           0.19    0.00    1.20    0.31    0.00   98.30

Device            r/s     w/s     rMB/s     wMB/s   rrqm/s   wrqm/s  %rrqm  %wrqm r_await w_await aqu-sz rareq-sz wareq-sz  svctm  %util
sdb           2861.00 3152.00     11.18     11.07     0.00     0.00   0.00   0.00    0.13    0.16   0.02     4.00     3.60   0.16  98.40

2021년 09월 09일 17시 57분 01초
avg-cpu:  %user   %nice %system %iowait  %steal   %idle
           1.00    0.00    2.56    2.75    0.00   93.68

Device            r/s     w/s     rMB/s     wMB/s   rrqm/s   wrqm/s  %rrqm  %wrqm r_await w_await aqu-sz rareq-sz wareq-sz  svctm  %util
sdb           2707.00 2877.00     10.57     10.47     0.00     0.00   0.00   0.00    0.13    0.16   0.00     4.00     3.73   0.18 100.00

2021년 09월 09일 17시 57분 02초
avg-cpu:  %user   %nice %system %iowait  %steal   %idle
           0.88    0.00    2.15    1.64    0.00   95.32

Device            r/s     w/s     rMB/s     wMB/s   rrqm/s   wrqm/s  %rrqm  %wrqm r_await w_await aqu-sz rareq-sz wareq-sz  svctm  %util
sdb           2035.00 8205.00      7.95     57.01     0.00  6441.00   0.00  43.98    0.16    0.51   0.00     4.00     7.11   0.10 100.00

2021년 09월 09일 17시 57분 03초
avg-cpu:  %user   %nice %system %iowait  %steal   %idle
           0.50    0.00    1.57    4.83    0.00   93.10

Device            r/s     w/s     rMB/s     wMB/s   rrqm/s   wrqm/s  %rrqm  %wrqm r_await w_await aqu-sz rareq-sz wareq-sz  svctm  %util
sdb           2847.00 3101.00     11.12     27.63     0.00  4226.00   0.00  57.68    0.13    0.30   0.40     4.00     9.12   0.17 100.00

2021년 09월 09일 17시 57분 04초
avg-cpu:  %user   %nice %system %iowait  %steal   %idle
           0.44    0.00    1.25    4.44    0.00   93.87

Device            r/s     w/s     rMB/s     wMB/s   rrqm/s   wrqm/s  %rrqm  %wrqm r_await w_await aqu-sz rareq-sz wareq-sz  svctm  %util
sdb           3009.00 3202.00     11.75     11.61     0.00     0.00   0.00   0.00    0.13    0.16   0.00     4.00     3.71   0.16 100.00

2021년 09월 09일 17시 57분 05초
avg-cpu:  %user   %nice %system %iowait  %steal   %idle
           0.88    0.00    2.51    4.26    0.00   92.35

Device            r/s     w/s     rMB/s     wMB/s   rrqm/s   wrqm/s  %rrqm  %wrqm r_await w_await aqu-sz rareq-sz wareq-sz  svctm  %util
sdb           2594.00 2900.00     10.13     10.04     0.00     0.00   0.00   0.00    0.13    0.16   0.02     4.00     3.54   0.18  98.80

2021년 09월 09일 17시 57분 06초
avg-cpu:  %user   %nice %system %iowait  %steal   %idle
           0.69    0.00    1.82    1.76    0.00   95.73

Device            r/s     w/s     rMB/s     wMB/s   rrqm/s   wrqm/s  %rrqm  %wrqm r_await w_await aqu-sz rareq-sz wareq-sz  svctm  %util
sdb           2797.00 3282.00     10.93     10.82     0.00     0.00   0.00   0.00    0.13    0.15   0.00     4.00     3.37   0.16 100.00

2021년 09월 09일 17시 57분 07초
avg-cpu:  %user   %nice %system %iowait  %steal   %idle
           0.50    0.00    0.94    0.25    0.00   98.30

Device            r/s     w/s     rMB/s     wMB/s   rrqm/s   wrqm/s  %rrqm  %wrqm r_await w_await aqu-sz rareq-sz wareq-sz  svctm  %util
sdb           2971.00 3194.00     11.61     11.50     0.00     0.00   0.00   0.00    0.13    0.16   0.00     4.00     3.69   0.16 100.00

2021년 09월 09일 17시 57분 08초
avg-cpu:  %user   %nice %system %iowait  %steal   %idle
           0.44    0.00    1.26    0.31    0.00   97.99

Device            r/s     w/s     rMB/s     wMB/s   rrqm/s   wrqm/s  %rrqm  %wrqm r_await w_await aqu-sz rareq-sz wareq-sz  svctm  %util
sdb           2882.00 3396.00     11.26     27.88     0.00  4263.00   0.00  55.66    0.14    0.27   0.37     4.00     8.41   0.16 100.00

2021년 09월 09일 17시 57분 09초
avg-cpu:  %user   %nice %system %iowait  %steal   %idle
           0.50    0.00    1.56    0.25    0.00   97.69

Device            r/s     w/s     rMB/s     wMB/s   rrqm/s   wrqm/s  %rrqm  %wrqm r_await w_await aqu-sz rareq-sz wareq-sz  svctm  %util
sdb           2919.00 4206.00     11.40     18.36     0.00  1797.00   0.00  29.94    0.12    0.14   0.06     4.00     4.47   0.14 100.00

2021년 09월 09일 17시 57분 10초
avg-cpu:  %user   %nice %system %iowait  %steal   %idle
           0.31    0.00    0.94    0.31    0.00   98.43

Device            r/s     w/s     rMB/s     wMB/s   rrqm/s   wrqm/s  %rrqm  %wrqm r_await w_await aqu-sz rareq-sz wareq-sz  svctm  %util
sdb           2843.00 3043.00     11.11     10.98     0.00     0.00   0.00   0.00    0.14    0.16   0.00     4.00     3.70   0.17 100.00

2021년 09월 09일 17시 57분 11초
avg-cpu:  %user   %nice %system %iowait  %steal   %idle
           0.44    0.00    1.26    0.31    0.00   97.99

Device            r/s     w/s     rMB/s     wMB/s   rrqm/s   wrqm/s  %rrqm  %wrqm r_await w_await aqu-sz rareq-sz wareq-sz  svctm  %util
sdb           2763.00 3160.00     10.79     10.70     0.00     0.00   0.00   0.00    0.14    0.16   0.02     4.00     3.47   0.17  98.40

2021년 09월 09일 17시 57분 12초
avg-cpu:  %user   %nice %system %iowait  %steal   %idle
           0.44    0.00    1.32    0.25    0.00   97.99

Device            r/s     w/s     rMB/s     wMB/s   rrqm/s   wrqm/s  %rrqm  %wrqm r_await w_await aqu-sz rareq-sz wareq-sz  svctm  %util
sdb           2956.00 3406.00     11.55     11.44     0.00     0.00   0.00   0.00    0.12    0.15   0.00     4.00     3.44   0.16 100.00

2021년 09월 09일 17시 57분 13초
avg-cpu:  %user   %nice %system %iowait  %steal   %idle
           0.38    0.00    1.07    0.19    0.00   98.37

Device            r/s     w/s     rMB/s     wMB/s   rrqm/s   wrqm/s  %rrqm  %wrqm r_await w_await aqu-sz rareq-sz wareq-sz  svctm  %util
sdb           3088.00 3210.00     12.06     11.89     0.00     0.00   0.00   0.00    0.12    0.16   0.00     4.00     3.79   0.16 100.00

2021년 09월 09일 17시 57분 14초
avg-cpu:  %user   %nice %system %iowait  %steal   %idle
           0.31    0.00    1.39    0.88    0.00   97.42

Device            r/s     w/s     rMB/s     wMB/s   rrqm/s   wrqm/s  %rrqm  %wrqm r_await w_await aqu-sz rareq-sz wareq-sz  svctm  %util
sdb           2834.00 3533.00     11.07     28.21     0.00  4390.00   0.00  55.41    0.13    0.27   0.42     4.00     8.18   0.16 100.00

2021년 09월 09일 17시 57분 15초
avg-cpu:  %user   %nice %system %iowait  %steal   %idle
           0.25    0.00    0.95    3.59    0.00   95.21

Device            r/s     w/s     rMB/s     wMB/s   rrqm/s   wrqm/s  %rrqm  %wrqm r_await w_await aqu-sz rareq-sz wareq-sz  svctm  %util
sdb           2992.00 3419.00     11.69     11.58     0.00     0.00   0.00   0.00    0.13    0.15   0.00     4.00     3.47   0.16 100.00

2021년 09월 09일 17시 57분 16초
avg-cpu:  %user   %nice %system %iowait  %steal   %idle
           0.38    0.00    1.19    2.32    0.00   96.11

Device            r/s     w/s     rMB/s     wMB/s   rrqm/s   wrqm/s  %rrqm  %wrqm r_await w_await aqu-sz rareq-sz wareq-sz  svctm  %util
sdb           2884.00 3474.00     11.27     11.13     0.00     0.00   0.00   0.00    0.13    0.15   0.02     4.00     3.28   0.15  98.40

2021년 09월 09일 17시 57분 17초
avg-cpu:  %user   %nice %system %iowait  %steal   %idle
           0.31    0.00    1.13    0.19    0.00   98.37

Device            r/s     w/s     rMB/s     wMB/s   rrqm/s   wrqm/s  %rrqm  %wrqm r_await w_await aqu-sz rareq-sz wareq-sz  svctm  %util
sdb           2929.00 3455.00     11.44     11.31     0.00     0.00   0.00   0.00    0.13    0.15   0.00     4.00     3.35   0.16 100.00

2021년 09월 09일 17시 57분 18초
avg-cpu:  %user   %nice %system %iowait  %steal   %idle
           0.00    0.00    0.13    0.00    0.00   99.87

Device            r/s     w/s     rMB/s     wMB/s   rrqm/s   wrqm/s  %rrqm  %wrqm r_await w_await aqu-sz rareq-sz wareq-sz  svctm  %util
sdb             14.00   20.00      0.05      0.06     0.00     0.00   0.00   0.00    0.14    0.15   0.00     4.00     3.20   0.12   0.40

2021년 09월 09일 17시 57분 19초
avg-cpu:  %user   %nice %system %iowait  %steal   %idle
           0.06    0.00    0.12    0.00    0.00   99.81

Device            r/s     w/s     rMB/s     wMB/s   rrqm/s   wrqm/s  %rrqm  %wrqm r_await w_await aqu-sz rareq-sz wareq-sz  svctm  %util
sdb              0.00    0.00      0.00      0.00     0.00     0.00   0.00   0.00    0.00    0.00   0.00     0.00     0.00   0.00   0.00

2021년 09월 09일 17시 57분 20초
avg-cpu:  %user   %nice %system %iowait  %steal   %idle
           0.00    0.00    0.13    0.00    0.00   99.87

Device            r/s     w/s     rMB/s     wMB/s   rrqm/s   wrqm/s  %rrqm  %wrqm r_await w_await aqu-sz rareq-sz wareq-sz  svctm  %util
sdb              0.00   20.00      0.00     11.86     0.00  3017.00   0.00  99.34    0.00    9.70   0.16     0.00   607.40   1.60   3.20

