Linux 5.5.8test (syslab-desk) 	2021년 09월 10일 	_x86_64_	(16 CPU)

2021년 09월 10일 15시 46분 02초
avg-cpu:  %user   %nice %system %iowait  %steal   %idle
           0.04    0.00    0.25    0.09    0.00   99.62

Device            r/s     w/s     rMB/s     wMB/s   rrqm/s   wrqm/s  %rrqm  %wrqm r_await w_await aqu-sz rareq-sz wareq-sz  svctm  %util
sdb             27.91  170.00      0.11      2.84     1.32   424.25   4.50  71.39    0.32    0.55   0.01     4.20    17.09   0.17   3.37

2021년 09월 10일 15시 46분 03초
avg-cpu:  %user   %nice %system %iowait  %steal   %idle
           0.00    0.00    0.13    0.00    0.00   99.87

Device            r/s     w/s     rMB/s     wMB/s   rrqm/s   wrqm/s  %rrqm  %wrqm r_await w_await aqu-sz rareq-sz wareq-sz  svctm  %util
sdb              0.00    0.00      0.00      0.00     0.00     0.00   0.00   0.00    0.00    0.00   0.00     0.00     0.00   0.00   0.00

2021년 09월 10일 15시 46분 04초
avg-cpu:  %user   %nice %system %iowait  %steal   %idle
           0.19    0.00    2.69    0.00    0.00   97.12

Device            r/s     w/s     rMB/s     wMB/s   rrqm/s   wrqm/s  %rrqm  %wrqm r_await w_await aqu-sz rareq-sz wareq-sz  svctm  %util
sdb           3189.00    1.00     12.47      0.00     0.00     0.00   0.00   0.00    0.09    1.00   0.00     4.00     0.00   0.19  61.60

2021년 09월 10일 15시 46분 05초
avg-cpu:  %user   %nice %system %iowait  %steal   %idle
           0.44    0.00    8.81    8.62    0.00   82.14

Device            r/s     w/s     rMB/s     wMB/s   rrqm/s   wrqm/s  %rrqm  %wrqm r_await w_await aqu-sz rareq-sz wareq-sz  svctm  %util
sdb           3378.00 3520.00     75.69     33.79 15532.00  5999.00  82.14  63.02    0.95    0.94   0.02    22.94     9.83   0.11  77.20

2021년 09월 10일 15시 46분 06초
avg-cpu:  %user   %nice %system %iowait  %steal   %idle
           0.81    0.00   13.75   15.12    0.00   70.32

Device            r/s     w/s     rMB/s     wMB/s   rrqm/s   wrqm/s  %rrqm  %wrqm r_await w_await aqu-sz rareq-sz wareq-sz  svctm  %util
sdb           5801.00 7084.00     42.54     69.54  4902.00 12570.00  45.80  63.96    0.90    0.81   0.36     7.51    10.05   0.08  97.60

2021년 09월 10일 15시 46분 07초
avg-cpu:  %user   %nice %system %iowait  %steal   %idle
           0.58    0.00   11.61   13.73    0.00   74.08

Device            r/s     w/s     rMB/s     wMB/s   rrqm/s   wrqm/s  %rrqm  %wrqm r_await w_await aqu-sz rareq-sz wareq-sz  svctm  %util
sdb           6095.00 8110.00     27.19     77.88   837.00 14320.00  12.07  63.84    0.83    0.74   0.06     4.57     9.83   0.07 100.00

2021년 09월 10일 15시 46분 08초
avg-cpu:  %user   %nice %system %iowait  %steal   %idle
           1.08    0.00   12.75   15.36    0.00   70.81

Device            r/s     w/s     rMB/s     wMB/s   rrqm/s   wrqm/s  %rrqm  %wrqm r_await w_await aqu-sz rareq-sz wareq-sz  svctm  %util
sdb           5758.00 8335.00     24.41     74.84   475.00 13834.00   7.62  62.40    0.86    0.75   0.34     4.34     9.19   0.07  98.40

2021년 09월 10일 15시 46분 09초
avg-cpu:  %user   %nice %system %iowait  %steal   %idle
           0.75    0.00   15.12   13.68    0.00   70.46

Device            r/s     w/s     rMB/s     wMB/s   rrqm/s   wrqm/s  %rrqm  %wrqm r_await w_await aqu-sz rareq-sz wareq-sz  svctm  %util
sdb           6149.00 8279.00     24.74     78.06   178.00 14386.00   2.81  63.47    0.83    0.75   0.05     4.12     9.65   0.07 100.00

2021년 09월 10일 15시 46분 10초
avg-cpu:  %user   %nice %system %iowait  %steal   %idle
           1.14    0.00   13.08   15.29    0.00   70.50

Device            r/s     w/s     rMB/s     wMB/s   rrqm/s   wrqm/s  %rrqm  %wrqm r_await w_await aqu-sz rareq-sz wareq-sz  svctm  %util
sdb           5965.00 8171.00     23.42     75.95    29.00 13832.00   0.48  62.86    0.84    0.78   0.46     4.02     9.52   0.07  97.60

2021년 09월 10일 15시 46분 11초
avg-cpu:  %user   %nice %system %iowait  %steal   %idle
           0.95    0.00   13.60   13.98    0.00   71.47

Device            r/s     w/s     rMB/s     wMB/s   rrqm/s   wrqm/s  %rrqm  %wrqm r_await w_await aqu-sz rareq-sz wareq-sz  svctm  %util
sdb           6036.00 8347.00     23.82     77.71    60.00 14374.00   0.98  63.26    0.82    0.76   0.00     4.04     9.53   0.07 100.00

2021년 09월 10일 15시 46분 12초
avg-cpu:  %user   %nice %system %iowait  %steal   %idle
           0.96    0.00   12.57   15.38    0.00   71.09

Device            r/s     w/s     rMB/s     wMB/s   rrqm/s   wrqm/s  %rrqm  %wrqm r_await w_await aqu-sz rareq-sz wareq-sz  svctm  %util
sdb           5724.00 8449.00     22.88     74.49   128.00 13791.00   2.19  62.01    0.85    0.75   0.16     4.09     9.03   0.07  98.40

2021년 09월 10일 15시 46분 13초
avg-cpu:  %user   %nice %system %iowait  %steal   %idle
           0.76    0.00   13.60   14.49    0.00   71.14

Device            r/s     w/s     rMB/s     wMB/s   rrqm/s   wrqm/s  %rrqm  %wrqm r_await w_await aqu-sz rareq-sz wareq-sz  svctm  %util
sdb           5844.00 8757.00     23.36     74.94   131.00 13670.00   2.19  60.95    0.84    0.73   0.02     4.09     8.76   0.07 100.00

2021년 09월 10일 15시 46분 14초
avg-cpu:  %user   %nice %system %iowait  %steal   %idle
           0.96    0.00   12.20   15.34    0.00   71.50

Device            r/s     w/s     rMB/s     wMB/s   rrqm/s   wrqm/s  %rrqm  %wrqm r_await w_await aqu-sz rareq-sz wareq-sz  svctm  %util
sdb           5824.00 8555.00     22.75     74.21     0.00 13632.00   0.00  61.44    0.85    0.75   0.28     4.00     8.88   0.07  98.40

2021년 09월 10일 15시 46분 15초
avg-cpu:  %user   %nice %system %iowait  %steal   %idle
           0.70    0.00   13.68   14.57    0.00   71.06

Device            r/s     w/s     rMB/s     wMB/s   rrqm/s   wrqm/s  %rrqm  %wrqm r_await w_await aqu-sz rareq-sz wareq-sz  svctm  %util
sdb           5997.00 8525.00     23.66     75.68    60.00 13791.00   0.99  61.80    0.84    0.75   0.03     4.04     9.09   0.07 100.00

2021년 09월 10일 15시 46분 16초
avg-cpu:  %user   %nice %system %iowait  %steal   %idle
           0.58    0.00   12.59   16.51    0.00   70.33

Device            r/s     w/s     rMB/s     wMB/s   rrqm/s   wrqm/s  %rrqm  %wrqm r_await w_await aqu-sz rareq-sz wareq-sz  svctm  %util
sdb           5725.00 8512.00     22.61     73.96    60.00 13656.00   1.04  61.60    0.86    0.76   0.36     4.04     8.90   0.07  98.00

2021년 09월 10일 15시 46분 17초
avg-cpu:  %user   %nice %system %iowait  %steal   %idle
           0.56    0.00   15.65   13.04    0.00   70.75

Device            r/s     w/s     rMB/s     wMB/s   rrqm/s   wrqm/s  %rrqm  %wrqm r_await w_await aqu-sz rareq-sz wareq-sz  svctm  %util
sdb           5933.00 8609.00     23.18     75.52     0.00 13808.00   0.00  61.60    0.84    0.74   0.02     4.00     8.98   0.07 100.00

2021년 09월 10일 15시 46분 18초
avg-cpu:  %user   %nice %system %iowait  %steal   %idle
           0.64    0.00   12.85   15.22    0.00   71.29

Device            r/s     w/s     rMB/s     wMB/s   rrqm/s   wrqm/s  %rrqm  %wrqm r_await w_await aqu-sz rareq-sz wareq-sz  svctm  %util
sdb           5684.00 8468.00     22.61     74.64   101.00 13823.00   1.75  62.01    0.84    0.76   0.32     4.07     9.03   0.07  98.40

2021년 09월 10일 15시 46분 19초
avg-cpu:  %user   %nice %system %iowait  %steal   %idle
           0.84    0.00   12.15   14.78    0.00   72.24

Device            r/s     w/s     rMB/s     wMB/s   rrqm/s   wrqm/s  %rrqm  %wrqm r_await w_await aqu-sz rareq-sz wareq-sz  svctm  %util
sdb           5984.00 8388.00     23.38     77.25     1.00 14282.00   0.02  63.00    0.85    0.75   0.14     4.00     9.43   0.07  99.60

2021년 09월 10일 15시 46분 20초
avg-cpu:  %user   %nice %system %iowait  %steal   %idle
           0.51    0.00   10.36   17.82    0.00   71.30

Device            r/s     w/s     rMB/s     wMB/s   rrqm/s   wrqm/s  %rrqm  %wrqm r_await w_await aqu-sz rareq-sz wareq-sz  svctm  %util
sdb           5044.00 7769.00     19.70     71.03     0.00 12809.00   0.00  62.25    0.64    0.62   0.04     4.00     9.36   0.08  98.40

2021년 09월 10일 15시 46분 21초
avg-cpu:  %user   %nice %system %iowait  %steal   %idle
           0.97    0.00   10.31   18.04    0.00   70.68

Device            r/s     w/s     rMB/s     wMB/s   rrqm/s   wrqm/s  %rrqm  %wrqm r_await w_await aqu-sz rareq-sz wareq-sz  svctm  %util
sdb           4749.00 8200.00     18.55     70.01     0.00 12637.00   0.00  60.65    0.61    0.59   0.02     4.00     8.74   0.08 100.00

2021년 09월 10일 15시 46분 22초
avg-cpu:  %user   %nice %system %iowait  %steal   %idle
           0.51    0.00   11.07   17.43    0.00   70.99

Device            r/s     w/s     rMB/s     wMB/s   rrqm/s   wrqm/s  %rrqm  %wrqm r_await w_await aqu-sz rareq-sz wareq-sz  svctm  %util
sdb           4745.00 7825.00     18.65     69.14    29.00 12491.00   0.61  61.48    0.60    0.64   0.30     4.03     9.05   0.08  98.40

2021년 09월 10일 15시 46분 23초
avg-cpu:  %user   %nice %system %iowait  %steal   %idle
           0.64    0.00   10.37   17.46    0.00   71.52

Device            r/s     w/s     rMB/s     wMB/s   rrqm/s   wrqm/s  %rrqm  %wrqm r_await w_await aqu-sz rareq-sz wareq-sz  svctm  %util
sdb           4696.00 8100.00     18.34     68.67     0.00 12341.00   0.00  60.37    0.61    0.60   0.00     4.00     8.68   0.08 100.00

2021년 09월 10일 15시 46분 24초
avg-cpu:  %user   %nice %system %iowait  %steal   %idle
           0.45    0.00   10.94   19.95    0.00   68.66

Device            r/s     w/s     rMB/s     wMB/s   rrqm/s   wrqm/s  %rrqm  %wrqm r_await w_await aqu-sz rareq-sz wareq-sz  svctm  %util
sdb           4705.00 8129.00     18.38     67.67     0.00 12105.00   0.00  59.83    0.62    0.62   0.32     4.00     8.52   0.08  98.40

2021년 09월 10일 15시 46분 25초
avg-cpu:  %user   %nice %system %iowait  %steal   %idle
           0.83    0.00   10.90   18.41    0.00   69.85

Device            r/s     w/s     rMB/s     wMB/s   rrqm/s   wrqm/s  %rrqm  %wrqm r_await w_await aqu-sz rareq-sz wareq-sz  svctm  %util
sdb           4727.00 7810.00     18.59     70.38    30.00 12723.00   0.63  61.96    0.58    0.59   0.00     4.03     9.23   0.08 100.00

2021년 09월 10일 15시 46분 26초
avg-cpu:  %user   %nice %system %iowait  %steal   %idle
           0.85    0.00    9.05   20.18    0.00   69.92

Device            r/s     w/s     rMB/s     wMB/s   rrqm/s   wrqm/s  %rrqm  %wrqm r_await w_await aqu-sz rareq-sz wareq-sz  svctm  %util
sdb           4600.00 7955.00     17.97     67.94     0.00 12284.00   0.00  60.69    0.59    0.62   0.08     4.00     8.75   0.08  98.00

2021년 09월 10일 15시 46분 27초
avg-cpu:  %user   %nice %system %iowait  %steal   %idle
           0.58    0.00   10.88   18.22    0.00   70.32

Device            r/s     w/s     rMB/s     wMB/s   rrqm/s   wrqm/s  %rrqm  %wrqm r_await w_await aqu-sz rareq-sz wareq-sz  svctm  %util
sdb           4771.00 8189.00     18.76     68.64    30.00 12293.00   0.62  60.02    0.59    0.59   0.00     4.03     8.58   0.08 100.00

2021년 09월 10일 15시 46분 28초
avg-cpu:  %user   %nice %system %iowait  %steal   %idle
           0.71    0.00   10.72   19.19    0.00   69.38

Device            r/s     w/s     rMB/s     wMB/s   rrqm/s   wrqm/s  %rrqm  %wrqm r_await w_await aqu-sz rareq-sz wareq-sz  svctm  %util
sdb           4558.00 8002.00     17.80     68.10     0.00 12312.00   0.00  60.61    0.58    0.62   0.09     4.00     8.71   0.08  98.40

2021년 09월 10일 15시 46분 29초
avg-cpu:  %user   %nice %system %iowait  %steal   %idle
           0.91    0.00    9.41   18.17    0.00   71.51

Device            r/s     w/s     rMB/s     wMB/s   rrqm/s   wrqm/s  %rrqm  %wrqm r_await w_await aqu-sz rareq-sz wareq-sz  svctm  %util
sdb           4574.00 7977.00     17.87     68.35     0.00 12277.00   0.00  60.62    0.60    0.61   0.00     4.00     8.77   0.08 100.00

2021년 09월 10일 15시 46분 30초
avg-cpu:  %user   %nice %system %iowait  %steal   %idle
           0.70    0.00   10.63   19.80    0.00   68.87

Device            r/s     w/s     rMB/s     wMB/s   rrqm/s   wrqm/s  %rrqm  %wrqm r_await w_await aqu-sz rareq-sz wareq-sz  svctm  %util
sdb           4545.00 8001.00     17.87     67.88    29.00 12322.00   0.63  60.63    0.60    0.61   0.04     4.03     8.69   0.08  98.40

2021년 09월 10일 15시 46분 31초
avg-cpu:  %user   %nice %system %iowait  %steal   %idle
           0.96    0.00   11.30   18.44    0.00   69.30

Device            r/s     w/s     rMB/s     wMB/s   rrqm/s   wrqm/s  %rrqm  %wrqm r_await w_await aqu-sz rareq-sz wareq-sz  svctm  %util
sdb           4691.00 8261.00     18.33     70.11     1.00 12629.00   0.02  60.45    0.59    0.58   0.00     4.00     8.69   0.08 100.00

2021년 09월 10일 15시 46분 32초
avg-cpu:  %user   %nice %system %iowait  %steal   %idle
           0.70    0.00   11.30   18.57    0.00   69.43

Device            r/s     w/s     rMB/s     wMB/s   rrqm/s   wrqm/s  %rrqm  %wrqm r_await w_await aqu-sz rareq-sz wareq-sz  svctm  %util
sdb           4519.00 7915.00     17.77     67.59    29.00 12212.00   0.64  60.67    0.58    0.61   0.06     4.03     8.74   0.08  98.40

2021년 09월 10일 15시 46분 33초
avg-cpu:  %user   %nice %system %iowait  %steal   %idle
           0.64    0.00   10.75   19.58    0.00   69.03

Device            r/s     w/s     rMB/s     wMB/s   rrqm/s   wrqm/s  %rrqm  %wrqm r_await w_await aqu-sz rareq-sz wareq-sz  svctm  %util
sdb           4640.00 8256.00     18.12     68.45     0.00 12180.00   0.00  59.60    0.59    0.61   0.02     4.00     8.49   0.08 100.00

2021년 09월 10일 15시 46분 34초
avg-cpu:  %user   %nice %system %iowait  %steal   %idle
           0.70    0.00   10.88   19.21    0.00   69.21

Device            r/s     w/s     rMB/s     wMB/s   rrqm/s   wrqm/s  %rrqm  %wrqm r_await w_await aqu-sz rareq-sz wareq-sz  svctm  %util
sdb           4637.00 7731.00     18.12     68.36     0.00 12339.00   0.00  61.48    0.59    0.62   0.12     4.00     9.05   0.08  98.00

2021년 09월 10일 15시 46분 35초
avg-cpu:  %user   %nice %system %iowait  %steal   %idle
           0.84    0.00   10.26   18.59    0.00   70.30

Device            r/s     w/s     rMB/s     wMB/s   rrqm/s   wrqm/s  %rrqm  %wrqm r_await w_await aqu-sz rareq-sz wareq-sz  svctm  %util
sdb           4758.00 8283.00     18.58     69.75     0.00 12517.00   0.00  60.18    0.60    0.60   0.00     4.00     8.62   0.08 100.00

2021년 09월 10일 15시 46분 36초
avg-cpu:  %user   %nice %system %iowait  %steal   %idle
           0.58    0.00    9.28   22.76    0.00   67.38

Device            r/s     w/s     rMB/s     wMB/s   rrqm/s   wrqm/s  %rrqm  %wrqm r_await w_await aqu-sz rareq-sz wareq-sz  svctm  %util
sdb           4248.00 11357.00     16.71    115.26    29.00 20143.00   0.68  63.95    0.84    1.03   0.58     4.03    10.39   0.06  98.40

2021년 09월 10일 15시 46분 37초
avg-cpu:  %user   %nice %system %iowait  %steal   %idle
           0.77    0.00   12.44   14.49    0.00   72.30

Device            r/s     w/s     rMB/s     wMB/s   rrqm/s   wrqm/s  %rrqm  %wrqm r_await w_await aqu-sz rareq-sz wareq-sz  svctm  %util
sdb           6361.00 8158.00     24.84     78.96     0.00 14521.00   0.00  64.03    0.82    0.76   0.01     4.00     9.91   0.07 100.00

2021년 09월 10일 15시 46분 38초
avg-cpu:  %user   %nice %system %iowait  %steal   %idle
           0.77    0.00   12.05   15.64    0.00   71.54

Device            r/s     w/s     rMB/s     wMB/s   rrqm/s   wrqm/s  %rrqm  %wrqm r_await w_await aqu-sz rareq-sz wareq-sz  svctm  %util
sdb           6023.00 8165.00     23.64     75.81    29.00 13937.00   0.48  63.06    0.84    0.77   0.32     4.02     9.51   0.07  98.40

2021년 09월 10일 15시 46분 39초
avg-cpu:  %user   %nice %system %iowait  %steal   %idle
           1.15    0.00   12.28   14.08    0.00   72.49

Device            r/s     w/s     rMB/s     wMB/s   rrqm/s   wrqm/s  %rrqm  %wrqm r_await w_await aqu-sz rareq-sz wareq-sz  svctm  %util
sdb           6080.00 8345.00     23.75     76.98     0.00 14096.00   0.00  62.81    0.83    0.75   0.04     4.00     9.45   0.07 100.00

2021년 09월 10일 15시 46분 40초
avg-cpu:  %user   %nice %system %iowait  %steal   %idle
           0.79    0.00   10.73   16.23    0.00   72.25

Device            r/s     w/s     rMB/s     wMB/s   rrqm/s   wrqm/s  %rrqm  %wrqm r_await w_await aqu-sz rareq-sz wareq-sz  svctm  %util
sdb           5974.00 8588.00     23.34     75.26     0.00 13714.00   0.00  61.49    0.85    0.74   0.30     4.00     8.97   0.07  98.40

2021년 09월 10일 15시 46분 41초
avg-cpu:  %user   %nice %system %iowait  %steal   %idle
           0.82    0.00   13.88   13.31    0.00   71.99

Device            r/s     w/s     rMB/s     wMB/s   rrqm/s   wrqm/s  %rrqm  %wrqm r_await w_await aqu-sz rareq-sz wareq-sz  svctm  %util
sdb           5888.00 8753.00     23.00     76.47     0.00 14185.00   0.00  61.84    0.82    0.74   0.02     4.00     8.95   0.07 100.00

2021년 09월 10일 15시 46분 42초
avg-cpu:  %user   %nice %system %iowait  %steal   %idle
           0.88    0.00   14.53   14.28    0.00   70.32

Device            r/s     w/s     rMB/s     wMB/s   rrqm/s   wrqm/s  %rrqm  %wrqm r_await w_await aqu-sz rareq-sz wareq-sz  svctm  %util
sdb           5964.00 8253.00     23.30     76.71     0.00 14137.00   0.00  63.14    0.83    0.74   0.10     4.00     9.52   0.07  98.40

2021년 09월 10일 15시 46분 43초
avg-cpu:  %user   %nice %system %iowait  %steal   %idle
           0.89    0.00   13.65   14.35    0.00   71.11

Device            r/s     w/s     rMB/s     wMB/s   rrqm/s   wrqm/s  %rrqm  %wrqm r_await w_await aqu-sz rareq-sz wareq-sz  svctm  %util
sdb           5944.00 8730.00     23.22     72.47     0.00 13004.00   0.00  59.83    0.83    0.74   0.02     4.00     8.50   0.07 100.00

2021년 09월 10일 15시 46분 44초
avg-cpu:  %user   %nice %system %iowait  %steal   %idle
           0.77    0.00   12.81   15.57    0.00   70.85

Device            r/s     w/s     rMB/s     wMB/s   rrqm/s   wrqm/s  %rrqm  %wrqm r_await w_await aqu-sz rareq-sz wareq-sz  svctm  %util
sdb           6178.00 8639.00     24.13     70.73     0.00 12450.00   0.00  59.04    0.83    0.73   0.28     4.00     8.38   0.07  98.40

2021년 09월 10일 15시 46분 45초
avg-cpu:  %user   %nice %system %iowait  %steal   %idle
           0.84    0.00   12.61   14.22    0.00   72.33

Device            r/s     w/s     rMB/s     wMB/s   rrqm/s   wrqm/s  %rrqm  %wrqm r_await w_await aqu-sz rareq-sz wareq-sz  svctm  %util
sdb           6220.00 8794.00     24.30     70.96     0.00 12441.00   0.00  58.59    0.81    0.74   0.03     4.00     8.26   0.07 100.00

2021년 09월 10일 15시 46분 46초
avg-cpu:  %user   %nice %system %iowait  %steal   %idle
           1.02    0.00   11.78   15.24    0.00   71.96

Device            r/s     w/s     rMB/s     wMB/s   rrqm/s   wrqm/s  %rrqm  %wrqm r_await w_await aqu-sz rareq-sz wareq-sz  svctm  %util
sdb           6377.23 8200.99     24.91     69.67     0.00 12163.37   0.00  59.73    0.84    0.77   0.39     4.00     8.70   0.07  97.43

2021년 09월 10일 15시 46분 47초
avg-cpu:  %user   %nice %system %iowait  %steal   %idle
           0.82    0.00   14.33   13.64    0.00   71.21

Device            r/s     w/s     rMB/s     wMB/s   rrqm/s   wrqm/s  %rrqm  %wrqm r_await w_await aqu-sz rareq-sz wareq-sz  svctm  %util
sdb           6168.00 9002.00     24.09     69.80     0.00 12141.00   0.00  57.42    0.80    0.72   0.01     4.00     7.94   0.07 100.00

2021년 09월 10일 15시 46분 48초
avg-cpu:  %user   %nice %system %iowait  %steal   %idle
           0.83    0.00   13.22   15.58    0.00   70.38

Device            r/s     w/s     rMB/s     wMB/s   rrqm/s   wrqm/s  %rrqm  %wrqm r_await w_await aqu-sz rareq-sz wareq-sz  svctm  %util
sdb           6241.00 8634.00     24.38     69.95     0.00 12154.00   0.00  58.47    0.84    0.76   0.38     4.00     8.30   0.07  98.40

2021년 09월 10일 15시 46분 49초
avg-cpu:  %user   %nice %system %iowait  %steal   %idle
           0.83    0.00   12.96   13.60    0.00   72.61

Device            r/s     w/s     rMB/s     wMB/s   rrqm/s   wrqm/s  %rrqm  %wrqm r_await w_await aqu-sz rareq-sz wareq-sz  svctm  %util
sdb           6329.00 8672.00     24.85     71.15    31.00 12460.00   0.49  58.96    0.80    0.72   0.02     4.02     8.40   0.07 100.00

2021년 09월 10일 15시 46분 50초
avg-cpu:  %user   %nice %system %iowait  %steal   %idle
           0.83    0.00   12.94   14.79    0.00   71.45

Device            r/s     w/s     rMB/s     wMB/s   rrqm/s   wrqm/s  %rrqm  %wrqm r_await w_await aqu-sz rareq-sz wareq-sz  svctm  %util
sdb           6026.00 8690.00     23.54     69.31     0.00 12123.00   0.00  58.25    0.82    0.73   0.27     4.00     8.17   0.07  98.40

2021년 09월 10일 15시 46분 51초
avg-cpu:  %user   %nice %system %iowait  %steal   %idle
           0.76    0.00   13.53   14.55    0.00   71.16

Device            r/s     w/s     rMB/s     wMB/s   rrqm/s   wrqm/s  %rrqm  %wrqm r_await w_await aqu-sz rareq-sz wareq-sz  svctm  %util
sdb           6203.00 8752.00     24.23     70.86     0.00 12450.00   0.00  58.72    0.77    0.70   0.00     4.00     8.29   0.07 100.00

2021년 09월 10일 15시 46분 52초
avg-cpu:  %user   %nice %system %iowait  %steal   %idle
           0.90    0.00   11.06   18.52    0.00   69.52

Device            r/s     w/s     rMB/s     wMB/s   rrqm/s   wrqm/s  %rrqm  %wrqm r_await w_await aqu-sz rareq-sz wareq-sz  svctm  %util
sdb           5267.00 8101.00     20.57     64.96     0.00 11107.00   0.00  57.82    0.60    0.59   0.05     4.00     8.21   0.07  98.40

2021년 09월 10일 15시 46분 53초
avg-cpu:  %user   %nice %system %iowait  %steal   %idle
           0.58    0.00   10.75   16.97    0.00   71.70

Device            r/s     w/s     rMB/s     wMB/s   rrqm/s   wrqm/s  %rrqm  %wrqm r_await w_await aqu-sz rareq-sz wareq-sz  svctm  %util
sdb           5182.00 8469.00     20.24     64.00     0.00 10988.00   0.00  56.47    0.64    0.60   0.00     4.00     7.74   0.07 100.00

2021년 09월 10일 15시 46분 54초
avg-cpu:  %user   %nice %system %iowait  %steal   %idle
           0.58    0.00   11.25   18.64    0.00   69.54

Device            r/s     w/s     rMB/s     wMB/s   rrqm/s   wrqm/s  %rrqm  %wrqm r_await w_await aqu-sz rareq-sz wareq-sz  svctm  %util
sdb           5057.00 8203.00     19.75     63.03     0.00 10750.00   0.00  56.72    0.64    0.62   0.28     4.00     7.87   0.07  98.00

2021년 09월 10일 15시 46분 55초
avg-cpu:  %user   %nice %system %iowait  %steal   %idle
           0.40    0.00    8.10   19.44    0.00   72.06

Device            r/s     w/s     rMB/s     wMB/s   rrqm/s   wrqm/s  %rrqm  %wrqm r_await w_await aqu-sz rareq-sz wareq-sz  svctm  %util
sdb           5349.00 8294.00     20.90     66.19     0.00 11337.00   0.00  57.75    0.62    0.59   0.02     4.00     8.17   0.07 100.00

2021년 09월 10일 15시 46분 56초
avg-cpu:  %user   %nice %system %iowait  %steal   %idle
           0.97    0.00   10.62   18.47    0.00   69.95

Device            r/s     w/s     rMB/s     wMB/s   rrqm/s   wrqm/s  %rrqm  %wrqm r_await w_await aqu-sz rareq-sz wareq-sz  svctm  %util
sdb           4989.00 8332.00     19.48     64.07     0.00 11095.00   0.00  57.11    0.62    0.61   0.06     4.00     7.87   0.07  98.40

2021년 09월 10일 15시 46분 57초
avg-cpu:  %user   %nice %system %iowait  %steal   %idle
           0.73    0.00    8.91   17.69    0.00   72.67

Device            r/s     w/s     rMB/s     wMB/s   rrqm/s   wrqm/s  %rrqm  %wrqm r_await w_await aqu-sz rareq-sz wareq-sz  svctm  %util
sdb           5036.00 8535.00     19.67     64.04     0.00 11010.00   0.00  56.33    0.64    0.61   0.05     4.00     7.68   0.07  99.60

2021년 09월 10일 15시 46분 58초
avg-cpu:  %user   %nice %system %iowait  %steal   %idle
           0.58    0.00   11.27   16.61    0.00   71.54

Device            r/s     w/s     rMB/s     wMB/s   rrqm/s   wrqm/s  %rrqm  %wrqm r_await w_await aqu-sz rareq-sz wareq-sz  svctm  %util
sdb           4992.00 8745.00     19.50     63.51     0.00 10886.00   0.00  55.45    0.63    0.61   0.00     4.00     7.44   0.07 100.00

2021년 09월 10일 15시 46분 59초
avg-cpu:  %user   %nice %system %iowait  %steal   %idle
           0.46    0.00    9.58   19.03    0.00   70.93

Device            r/s     w/s     rMB/s     wMB/s   rrqm/s   wrqm/s  %rrqm  %wrqm r_await w_await aqu-sz rareq-sz wareq-sz  svctm  %util
sdb           5050.00 8429.00     19.73     62.90     0.00 10741.00   0.00  56.03    0.65    0.63   0.20     4.00     7.64   0.07  98.40

2021년 09월 10일 15시 47분 00초
avg-cpu:  %user   %nice %system %iowait  %steal   %idle
           0.52    0.00    9.90   17.98    0.00   71.60

Device            r/s     w/s     rMB/s     wMB/s   rrqm/s   wrqm/s  %rrqm  %wrqm r_await w_await aqu-sz rareq-sz wareq-sz  svctm  %util
sdb           5005.00 8149.00     19.55     62.73     0.00 10748.00   0.00  56.88    0.61    0.62   0.00     4.00     7.88   0.08 100.00

2021년 09월 10일 15시 47분 01초
avg-cpu:  %user   %nice %system %iowait  %steal   %idle
           0.52    0.00   10.77   19.08    0.00   69.63

Device            r/s     w/s     rMB/s     wMB/s   rrqm/s   wrqm/s  %rrqm  %wrqm r_await w_await aqu-sz rareq-sz wareq-sz  svctm  %util
sdb           4937.00 8154.00     19.28     62.40     0.00 10680.00   0.00  56.71    0.60    0.61   0.03     4.00     7.84   0.08  98.40

2021년 09월 10일 15시 47분 02초
avg-cpu:  %user   %nice %system %iowait  %steal   %idle
           0.65    0.00   10.27   18.54    0.00   70.54

Device            r/s     w/s     rMB/s     wMB/s   rrqm/s   wrqm/s  %rrqm  %wrqm r_await w_await aqu-sz rareq-sz wareq-sz  svctm  %util
sdb           5117.00 8335.00     19.99     62.80     0.00 10728.00   0.00  56.28    0.63    0.63   0.00     4.00     7.71   0.07 100.00

2021년 09월 10일 15시 47분 03초
avg-cpu:  %user   %nice %system %iowait  %steal   %idle
           0.52    0.00    9.56   20.22    0.00   69.70

Device            r/s     w/s     rMB/s     wMB/s   rrqm/s   wrqm/s  %rrqm  %wrqm r_await w_await aqu-sz rareq-sz wareq-sz  svctm  %util
sdb           4995.00 8086.00     19.51     62.64     0.00 10698.00   0.00  56.95    0.63    0.62   0.30     4.00     7.93   0.08  98.40

2021년 09월 10일 15시 47분 04초
avg-cpu:  %user   %nice %system %iowait  %steal   %idle
           0.70    0.00   11.68   16.98    0.00   70.64

Device            r/s     w/s     rMB/s     wMB/s   rrqm/s   wrqm/s  %rrqm  %wrqm r_await w_await aqu-sz rareq-sz wareq-sz  svctm  %util
sdb           4895.00 8384.00     19.12     63.52     0.00 10891.00   0.00  56.50    0.61    0.61   0.00     4.00     7.76   0.08 100.00

2021년 09월 10일 15시 47분 05초
avg-cpu:  %user   %nice %system %iowait  %steal   %idle
           0.59    0.00    9.65   20.03    0.00   69.73

Device            r/s     w/s     rMB/s     wMB/s   rrqm/s   wrqm/s  %rrqm  %wrqm r_await w_await aqu-sz rareq-sz wareq-sz  svctm  %util
sdb           4708.00 8514.00     18.39     61.28     0.00 10553.00   0.00  55.35    0.63    0.62   0.28     4.00     7.37   0.07  98.40

2021년 09월 10일 15시 47분 06초
avg-cpu:  %user   %nice %system %iowait  %steal   %idle
           0.51    0.00   11.25   18.32    0.00   69.92

Device            r/s     w/s     rMB/s     wMB/s   rrqm/s   wrqm/s  %rrqm  %wrqm r_await w_await aqu-sz rareq-sz wareq-sz  svctm  %util
sdb           5073.00 8461.00     19.82     64.27     0.00 10874.00   0.00  56.24    0.59    0.59   0.00     4.00     7.78   0.07 100.00

2021년 09월 10일 15시 47분 07초
avg-cpu:  %user   %nice %system %iowait  %steal   %idle
           0.64    0.00    9.61   23.51    0.00   66.24

Device            r/s     w/s     rMB/s     wMB/s   rrqm/s   wrqm/s  %rrqm  %wrqm r_await w_await aqu-sz rareq-sz wareq-sz  svctm  %util
sdb           4052.00 10935.00     15.83    116.15     0.00 20926.00   0.00  65.68    0.77    0.97   0.16     4.00    10.88   0.07  98.80

2021년 09월 10일 15시 47분 08초
avg-cpu:  %user   %nice %system %iowait  %steal   %idle
           0.84    0.00   12.07   14.41    0.00   72.68

Device            r/s     w/s     rMB/s     wMB/s   rrqm/s   wrqm/s  %rrqm  %wrqm r_await w_await aqu-sz rareq-sz wareq-sz  svctm  %util
sdb           6395.00 8783.00     24.98     72.04     0.00 12572.00   0.00  58.87    0.81    0.73   0.01     4.00     8.40   0.07 100.00

2021년 09월 10일 15시 47분 09초
avg-cpu:  %user   %nice %system %iowait  %steal   %idle
           0.96    0.00   12.86   15.61    0.00   70.57

Device            r/s     w/s     rMB/s     wMB/s   rrqm/s   wrqm/s  %rrqm  %wrqm r_await w_await aqu-sz rareq-sz wareq-sz  svctm  %util
sdb           6174.00 8811.00     24.12     68.68     0.00 11884.00   0.00  57.42    0.82    0.75   0.26     4.00     7.98   0.07  98.40

2021년 09월 10일 15시 47분 10초
avg-cpu:  %user   %nice %system %iowait  %steal   %idle
           1.46    0.00   12.99   13.37    0.00   72.18

Device            r/s     w/s     rMB/s     wMB/s   rrqm/s   wrqm/s  %rrqm  %wrqm r_await w_await aqu-sz rareq-sz wareq-sz  svctm  %util
sdb           6379.00 8709.00     24.92     71.08     0.00 12384.00   0.00  58.71    0.82    0.74   0.00     4.00     8.36   0.07 100.00

2021년 09월 10일 15시 47분 11초
avg-cpu:  %user   %nice %system %iowait  %steal   %idle
           1.19    0.00   14.40   14.72    0.00   69.69

Device            r/s     w/s     rMB/s     wMB/s   rrqm/s   wrqm/s  %rrqm  %wrqm r_await w_await aqu-sz rareq-sz wareq-sz  svctm  %util
sdb           6139.00 8753.00     23.98     69.91     0.00 12265.00   0.00  58.35    0.82    0.73   0.24     4.00     8.18   0.07  98.80

2021년 09월 10일 15시 47분 12초
avg-cpu:  %user   %nice %system %iowait  %steal   %idle
           0.90    0.00   13.12   13.96    0.00   72.02

Device            r/s     w/s     rMB/s     wMB/s   rrqm/s   wrqm/s  %rrqm  %wrqm r_await w_await aqu-sz rareq-sz wareq-sz  svctm  %util
sdb           6073.00 9004.00     23.72     69.48     0.00 12179.00   0.00  57.49    0.80    0.73   0.02     4.00     7.90   0.07 100.80

2021년 09월 10일 15시 47분 13초
avg-cpu:  %user   %nice %system %iowait  %steal   %idle
           0.83    0.00   12.62   14.93    0.00   71.62

Device            r/s     w/s     rMB/s     wMB/s   rrqm/s   wrqm/s  %rrqm  %wrqm r_await w_await aqu-sz rareq-sz wareq-sz  svctm  %util
sdb           6056.00 8751.00     23.66     68.85     0.00 12105.00   0.00  58.04    0.83    0.74   0.24     4.00     8.06   0.07  99.60

2021년 09월 10일 15시 47분 14초
avg-cpu:  %user   %nice %system %iowait  %steal   %idle
           0.90    0.00   12.60   14.07    0.00   72.43

Device            r/s     w/s     rMB/s     wMB/s   rrqm/s   wrqm/s  %rrqm  %wrqm r_await w_await aqu-sz rareq-sz wareq-sz  svctm  %util
sdb           6102.00 8974.00     23.84     70.89     0.00 12436.00   0.00  58.09    0.80    0.73   0.01     4.00     8.09   0.07 100.00

2021년 09월 10일 15시 47분 15초
avg-cpu:  %user   %nice %system %iowait  %steal   %idle
           0.71    0.00   12.31   16.18    0.00   70.79

Device            r/s     w/s     rMB/s     wMB/s   rrqm/s   wrqm/s  %rrqm  %wrqm r_await w_await aqu-sz rareq-sz wareq-sz  svctm  %util
sdb           6245.00 8557.00     24.39     70.34     0.00 12275.00   0.00  58.92    0.83    0.73   0.18     4.00     8.42   0.07  98.40

2021년 09월 10일 15시 47분 16초
avg-cpu:  %user   %nice %system %iowait  %steal   %idle
           0.64    0.00   11.78   13.96    0.00   73.62

Device            r/s     w/s     rMB/s     wMB/s   rrqm/s   wrqm/s  %rrqm  %wrqm r_await w_await aqu-sz rareq-sz wareq-sz  svctm  %util
sdb           6422.00 8501.00     25.09     71.51     0.00 12495.00   0.00  59.51    0.81    0.74   0.00     4.00     8.61   0.07 100.00

2021년 09월 10일 15시 47분 17초
avg-cpu:  %user   %nice %system %iowait  %steal   %idle
           1.01    0.00   13.73   15.57    0.00   69.68

Device            r/s     w/s     rMB/s     wMB/s   rrqm/s   wrqm/s  %rrqm  %wrqm r_await w_await aqu-sz rareq-sz wareq-sz  svctm  %util
sdb           6051.00 8904.00     23.64     69.73     0.00 12242.00   0.00  57.89    0.81    0.75   0.32     4.00     8.02   0.07  98.40

2021년 09월 10일 15시 47분 18초
avg-cpu:  %user   %nice %system %iowait  %steal   %idle
           0.82    0.00   13.20   13.26    0.00   72.72

Device            r/s     w/s     rMB/s     wMB/s   rrqm/s   wrqm/s  %rrqm  %wrqm r_await w_await aqu-sz rareq-sz wareq-sz  svctm  %util
sdb           6341.00 8739.00     24.77     71.95     0.00 12612.00   0.00  59.07    0.82    0.74   0.02     4.00     8.43   0.07 100.00

2021년 09월 10일 15시 47분 19초
avg-cpu:  %user   %nice %system %iowait  %steal   %idle
           0.83    0.00   12.73   14.84    0.00   71.59

Device            r/s     w/s     rMB/s     wMB/s   rrqm/s   wrqm/s  %rrqm  %wrqm r_await w_await aqu-sz rareq-sz wareq-sz  svctm  %util
sdb           6379.00 8330.00     24.92     69.45     0.00 12044.00   0.00  59.11    0.83    0.75   0.25     4.00     8.54   0.07  98.80

2021년 09월 10일 15시 47분 20초
avg-cpu:  %user   %nice %system %iowait  %steal   %idle
           0.56    0.00   11.43    9.74    0.00   78.26

Device            r/s     w/s     rMB/s     wMB/s   rrqm/s   wrqm/s  %rrqm  %wrqm r_await w_await aqu-sz rareq-sz wareq-sz  svctm  %util
sdb           4736.00 6310.00     18.50     53.26     0.00  9361.00   0.00  59.73    0.80    0.73   0.02     4.00     8.64   0.07  74.00

2021년 09월 10일 15시 47분 21초
avg-cpu:  %user   %nice %system %iowait  %steal   %idle
           0.06    0.00    0.06    0.00    0.00   99.88

Device            r/s     w/s     rMB/s     wMB/s   rrqm/s   wrqm/s  %rrqm  %wrqm r_await w_await aqu-sz rareq-sz wareq-sz  svctm  %util
sdb              0.00    0.00      0.00      0.00     0.00     0.00   0.00   0.00    0.00    0.00   0.00     0.00     0.00   0.00   0.00

2021년 09월 10일 15시 47분 22초
avg-cpu:  %user   %nice %system %iowait  %steal   %idle
           0.06    0.00    0.06    0.00    0.00   99.87

Device            r/s     w/s     rMB/s     wMB/s   rrqm/s   wrqm/s  %rrqm  %wrqm r_await w_await aqu-sz rareq-sz wareq-sz  svctm  %util
sdb              0.00    0.00      0.00      0.00     0.00     0.00   0.00   0.00    0.00    0.00   0.00     0.00     0.00   0.00   0.00

2021년 09월 10일 15시 47분 23초
avg-cpu:  %user   %nice %system %iowait  %steal   %idle
           0.06    0.00    0.12    0.00    0.00   99.81

Device            r/s     w/s     rMB/s     wMB/s   rrqm/s   wrqm/s  %rrqm  %wrqm r_await w_await aqu-sz rareq-sz wareq-sz  svctm  %util
sdb              0.00    0.00      0.00      0.00     0.00     0.00   0.00   0.00    0.00    0.00   0.00     0.00     0.00   0.00   0.00

