Linux 5.5.8test (syslab-desk) 	2021년 09월 16일 	_x86_64_	(16 CPU)

2021년 09월 16일 00시 53분 43초
avg-cpu:  %user   %nice %system %iowait  %steal   %idle
           0.21    0.00    0.15    0.34    0.00   99.30

Device            r/s     w/s     rMB/s     wMB/s   rrqm/s   wrqm/s  %rrqm  %wrqm r_await w_await aqu-sz rareq-sz wareq-sz  svctm  %util
sdb             14.19  173.13      0.09      2.37     9.95   160.37  41.23  48.09    0.47    0.65   0.02     6.82    14.01   0.10   1.82

2021년 09월 16일 00시 53분 44초
avg-cpu:  %user   %nice %system %iowait  %steal   %idle
           0.00    0.00    0.19    0.06    0.00   99.75

Device            r/s     w/s     rMB/s     wMB/s   rrqm/s   wrqm/s  %rrqm  %wrqm r_await w_await aqu-sz rareq-sz wareq-sz  svctm  %util
sdb              0.00    0.00      0.00      0.00     0.00     0.00   0.00   0.00    0.00    0.00   0.00     0.00     0.00   0.00   0.00

2021년 09월 16일 00시 53분 45초
avg-cpu:  %user   %nice %system %iowait  %steal   %idle
           0.00    0.00    1.25    0.50    0.00   98.25

Device            r/s     w/s     rMB/s     wMB/s   rrqm/s   wrqm/s  %rrqm  %wrqm r_await w_await aqu-sz rareq-sz wareq-sz  svctm  %util
sdb            303.00 5691.00     40.33     22.20 10019.00    11.00  97.06   0.19    6.52    0.44   2.83   136.30     3.99   0.04  25.60

2021년 09월 16일 00시 53분 46초
avg-cpu:  %user   %nice %system %iowait  %steal   %idle
           0.06    0.00    3.03    1.77    0.00   95.14

Device            r/s     w/s     rMB/s     wMB/s   rrqm/s   wrqm/s  %rrqm  %wrqm r_await w_await aqu-sz rareq-sz wareq-sz  svctm  %util
sdb            760.00 32195.00    120.21    126.34 30014.00   162.00  97.53   0.50    7.88    0.44  11.33   161.97     4.02   0.03  98.40

2021년 09월 16일 00시 53분 47초
avg-cpu:  %user   %nice %system %iowait  %steal   %idle
           0.00    0.00    3.48    1.71    0.00   94.81

Device            r/s     w/s     rMB/s     wMB/s   rrqm/s   wrqm/s  %rrqm  %wrqm r_await w_await aqu-sz rareq-sz wareq-sz  svctm  %util
sdb            764.00 31402.00    122.26    123.31 32561.00   179.00  97.71   0.57    6.39    0.41   8.81   163.87     4.02   0.03  98.80

2021년 09월 16일 00시 53분 48초
avg-cpu:  %user   %nice %system %iowait  %steal   %idle
           0.06    0.00    3.27    1.32    0.00   95.34

Device            r/s     w/s     rMB/s     wMB/s   rrqm/s   wrqm/s  %rrqm  %wrqm r_await w_await aqu-sz rareq-sz wareq-sz  svctm  %util
sdb            574.00 32008.00    128.11    125.55 30196.00   145.00  98.13   0.45    9.51    0.37   9.26   228.54     4.02   0.03 100.00

2021년 09월 16일 00시 53분 49초
avg-cpu:  %user   %nice %system %iowait  %steal   %idle
           0.06    0.00    3.23    1.84    0.00   94.86

Device            r/s     w/s     rMB/s     wMB/s   rrqm/s   wrqm/s  %rrqm  %wrqm r_await w_await aqu-sz rareq-sz wareq-sz  svctm  %util
sdb            610.00 33381.00    120.20    130.88 30160.00   137.00  98.02   0.41    8.16    0.46  11.18   201.77     4.01   0.03  99.20

2021년 09월 16일 00시 53분 50초
avg-cpu:  %user   %nice %system %iowait  %steal   %idle
           0.06    0.00    2.91    1.45    0.00   95.58

Device            r/s     w/s     rMB/s     wMB/s   rrqm/s   wrqm/s  %rrqm  %wrqm r_await w_await aqu-sz rareq-sz wareq-sz  svctm  %util
sdb            712.00 30932.00    130.05    121.39 32581.00   150.00  97.86   0.48    8.46    0.38   9.28   187.04     4.02   0.03  98.80

2021년 09월 16일 00시 53분 51초
avg-cpu:  %user   %nice %system %iowait  %steal   %idle
           0.00    0.00    1.20    0.38    0.00   98.43

Device            r/s     w/s     rMB/s     wMB/s   rrqm/s   wrqm/s  %rrqm  %wrqm r_await w_await aqu-sz rareq-sz wareq-sz  svctm  %util
sdb            383.00 21462.00     70.00     84.08 17537.00    64.00  97.86   0.30    8.46    0.27   4.20   187.15     4.01   0.03  60.00

2021년 09월 16일 00시 53분 52초
avg-cpu:  %user   %nice %system %iowait  %steal   %idle
           0.00    0.00    0.12    0.00    0.00   99.88

Device            r/s     w/s     rMB/s     wMB/s   rrqm/s   wrqm/s  %rrqm  %wrqm r_await w_await aqu-sz rareq-sz wareq-sz  svctm  %util
sdb              0.00    0.00      0.00      0.00     0.00     0.00   0.00   0.00    0.00    0.00   0.00     0.00     0.00   0.00   0.00

2021년 09월 16일 00시 53분 53초
avg-cpu:  %user   %nice %system %iowait  %steal   %idle
           0.00    0.00    0.13    0.00    0.00   99.87

Device            r/s     w/s     rMB/s     wMB/s   rrqm/s   wrqm/s  %rrqm  %wrqm r_await w_await aqu-sz rareq-sz wareq-sz  svctm  %util
sdb              0.00    0.00      0.00      0.00     0.00     0.00   0.00   0.00    0.00    0.00   0.00     0.00     0.00   0.00   0.00

