Linux 5.5.8test (syslab-desk) 	2021년 09월 16일 	_x86_64_	(16 CPU)

2021년 09월 16일 00시 25분 10초
avg-cpu:  %user   %nice %system %iowait  %steal   %idle
           0.13    0.00    0.14    0.30    0.00   99.43

Device            r/s     w/s     rMB/s     wMB/s   rrqm/s   wrqm/s  %rrqm  %wrqm r_await w_await aqu-sz rareq-sz wareq-sz  svctm  %util
sdb             14.21  137.47      0.09      2.21     9.07   156.57  38.97  53.25    0.46    0.74   0.02     6.56    16.44   0.11   1.68

2021년 09월 16일 00시 25분 11초
avg-cpu:  %user   %nice %system %iowait  %steal   %idle
           0.12    0.00    0.06    0.00    0.00   99.81

Device            r/s     w/s     rMB/s     wMB/s   rrqm/s   wrqm/s  %rrqm  %wrqm r_await w_await aqu-sz rareq-sz wareq-sz  svctm  %util
sdb              0.00    0.00      0.00      0.00     0.00     0.00   0.00   0.00    0.00    0.00   0.00     0.00     0.00   0.00   0.00

2021년 09월 16일 00시 25분 12초
avg-cpu:  %user   %nice %system %iowait  %steal   %idle
           0.12    0.00    0.06    0.00    0.00   99.81

Device            r/s     w/s     rMB/s     wMB/s   rrqm/s   wrqm/s  %rrqm  %wrqm r_await w_await aqu-sz rareq-sz wareq-sz  svctm  %util
sdb              0.00    0.00      0.00      0.00     0.00     0.00   0.00   0.00    0.00    0.00   0.00     0.00     0.00   0.00   0.00

2021년 09월 16일 00시 25분 13초
avg-cpu:  %user   %nice %system %iowait  %steal   %idle
           0.06    0.00    0.44    0.62    0.00   98.88

Device            r/s     w/s     rMB/s     wMB/s   rrqm/s   wrqm/s  %rrqm  %wrqm r_await w_await aqu-sz rareq-sz wareq-sz  svctm  %util
sdb            197.00 3975.00     21.59     15.51  7485.00     0.00  97.44   0.00    4.09    0.34   1.08   112.22     3.99   0.04  14.80

2021년 09월 16일 00시 25분 14초
avg-cpu:  %user   %nice %system %iowait  %steal   %idle
           0.13    0.00    2.40    2.85    0.00   94.62

Device            r/s     w/s     rMB/s     wMB/s   rrqm/s   wrqm/s  %rrqm  %wrqm r_await w_await aqu-sz rareq-sz wareq-sz  svctm  %util
sdb            752.00 32236.00    131.65    125.92 32588.00    13.00  97.74   0.04    7.13    0.48  11.64   179.27     4.00   0.03  98.40

2021년 09월 16일 00시 25분 15초
avg-cpu:  %user   %nice %system %iowait  %steal   %idle
           0.06    0.00    2.77    2.65    0.00   94.51

Device            r/s     w/s     rMB/s     wMB/s   rrqm/s   wrqm/s  %rrqm  %wrqm r_await w_await aqu-sz rareq-sz wareq-sz  svctm  %util
sdb            698.00 33257.00    127.23    130.26 30082.00   101.00  97.73   0.30    7.24    0.41   9.74   186.66     4.01   0.03  98.40

2021년 09월 16일 00시 25분 16초
avg-cpu:  %user   %nice %system %iowait  %steal   %idle
           0.00    0.00    3.74    0.57    0.00   95.69

Device            r/s     w/s     rMB/s     wMB/s   rrqm/s   wrqm/s  %rrqm  %wrqm r_await w_await aqu-sz rareq-sz wareq-sz  svctm  %util
sdb            788.00 32086.00    120.14    125.29 29969.00     0.00  97.44   0.00    7.68    0.49  11.83   156.13     4.00   0.03  98.80

2021년 09월 16일 00시 25분 17초
avg-cpu:  %user   %nice %system %iowait  %steal   %idle
           0.06    0.00    3.60    1.45    0.00   94.89

Device            r/s     w/s     rMB/s     wMB/s   rrqm/s   wrqm/s  %rrqm  %wrqm r_await w_await aqu-sz rareq-sz wareq-sz  svctm  %util
sdb            867.00 30901.00    128.17    121.16 32453.00   130.00  97.40   0.42    7.14    0.42   9.86   151.38     4.02   0.03 100.00

2021년 09월 16일 00시 25분 18초
avg-cpu:  %user   %nice %system %iowait  %steal   %idle
           0.06    0.00    2.87    0.83    0.00   96.23

Device            r/s     w/s     rMB/s     wMB/s   rrqm/s   wrqm/s  %rrqm  %wrqm r_await w_await aqu-sz rareq-sz wareq-sz  svctm  %util
sdb            746.53 30692.08    118.98    119.84 29711.88     0.00  97.55   0.00    7.72    0.50  11.52   163.20     4.00   0.03  97.82

2021년 09월 16일 00시 25분 19초
avg-cpu:  %user   %nice %system %iowait  %steal   %idle
           0.06    0.00    2.41    0.57    0.00   96.96

Device            r/s     w/s     rMB/s     wMB/s   rrqm/s   wrqm/s  %rrqm  %wrqm r_await w_await aqu-sz rareq-sz wareq-sz  svctm  %util
sdb            449.00 23515.00     82.06     92.26 20050.00   112.00  97.81   0.47    8.36    0.45   7.44   187.14     4.02   0.03  71.20

2021년 09월 16일 00시 25분 20초
avg-cpu:  %user   %nice %system %iowait  %steal   %idle
           0.00    0.00    0.12    0.00    0.00   99.88

Device            r/s     w/s     rMB/s     wMB/s   rrqm/s   wrqm/s  %rrqm  %wrqm r_await w_await aqu-sz rareq-sz wareq-sz  svctm  %util
sdb              0.00    0.00      0.00      0.00     0.00     0.00   0.00   0.00    0.00    0.00   0.00     0.00     0.00   0.00   0.00

2021년 09월 16일 00시 25분 21초
avg-cpu:  %user   %nice %system %iowait  %steal   %idle
           0.00    0.00    0.06    0.00    0.00   99.94

Device            r/s     w/s     rMB/s     wMB/s   rrqm/s   wrqm/s  %rrqm  %wrqm r_await w_await aqu-sz rareq-sz wareq-sz  svctm  %util
sdb              0.00    0.00      0.00      0.00     0.00     0.00   0.00   0.00    0.00    0.00   0.00     0.00     0.00   0.00   0.00

