Linux 5.5.8test (syslab-desk) 	2021년 09월 16일 	_x86_64_	(16 CPU)

2021년 09월 16일 00시 32분 11초
avg-cpu:  %user   %nice %system %iowait  %steal   %idle
           0.16    0.00    0.15    0.31    0.00   99.38

Device            r/s     w/s     rMB/s     wMB/s   rrqm/s   wrqm/s  %rrqm  %wrqm r_await w_await aqu-sz rareq-sz wareq-sz  svctm  %util
sdb             14.20  149.32      0.09      2.26     9.36   157.85  39.73  51.39    0.46    0.70   0.02     6.65    15.51   0.11   1.72

2021년 09월 16일 00시 32분 12초
avg-cpu:  %user   %nice %system %iowait  %steal   %idle
           0.06    0.00    0.12    0.00    0.00   99.81

Device            r/s     w/s     rMB/s     wMB/s   rrqm/s   wrqm/s  %rrqm  %wrqm r_await w_await aqu-sz rareq-sz wareq-sz  svctm  %util
sdb              0.00    0.00      0.00      0.00     0.00     0.00   0.00   0.00    0.00    0.00   0.00     0.00     0.00   0.00   0.00

2021년 09월 16일 00시 32분 13초
avg-cpu:  %user   %nice %system %iowait  %steal   %idle
           0.00    0.00    0.50    0.00    0.00   99.50

Device            r/s     w/s     rMB/s     wMB/s   rrqm/s   wrqm/s  %rrqm  %wrqm r_await w_await aqu-sz rareq-sz wareq-sz  svctm  %util
sdb              0.00    0.00      0.00      0.00     0.00     0.00   0.00   0.00    0.00    0.00   0.00     0.00     0.00   0.00   0.00

2021년 09월 16일 00시 32분 14초
avg-cpu:  %user   %nice %system %iowait  %steal   %idle
           0.13    0.00    3.69    3.24    0.00   92.94

Device            r/s     w/s     rMB/s     wMB/s   rrqm/s   wrqm/s  %rrqm  %wrqm r_await w_await aqu-sz rareq-sz wareq-sz  svctm  %util
sdb            790.00 29378.00    123.61    115.00 32554.00    76.00  97.63   0.26    7.02    0.45  10.17   160.23     4.01   0.03  94.00

2021년 09월 16일 00시 32분 15초
avg-cpu:  %user   %nice %system %iowait  %steal   %idle
           0.06    0.00    3.15    2.59    0.00   94.20

Device            r/s     w/s     rMB/s     wMB/s   rrqm/s   wrqm/s  %rrqm  %wrqm r_await w_await aqu-sz rareq-sz wareq-sz  svctm  %util
sdb            652.00 31860.00    126.19    124.98 30124.00   148.00  97.88   0.46    7.78    0.42   9.57   198.18     4.02   0.03  98.80

2021년 09월 16일 00시 32분 16초
avg-cpu:  %user   %nice %system %iowait  %steal   %idle
           0.00    0.00    2.78    2.33    0.00   94.89

Device            r/s     w/s     rMB/s     wMB/s   rrqm/s   wrqm/s  %rrqm  %wrqm r_await w_await aqu-sz rareq-sz wareq-sz  svctm  %util
sdb            678.00 34027.00    130.84    133.49 32643.00   160.00  97.97   0.47    8.08    0.46  11.71   197.61     4.02   0.03 100.00

2021년 09월 16일 00시 32분 17초
avg-cpu:  %user   %nice %system %iowait  %steal   %idle
           0.06    0.00    2.52    2.08    0.00   95.33

Device            r/s     w/s     rMB/s     wMB/s   rrqm/s   wrqm/s  %rrqm  %wrqm r_await w_await aqu-sz rareq-sz wareq-sz  svctm  %util
sdb            667.00 31951.00    130.18    125.42 32659.00   169.00  98.00   0.53    8.68    0.49  12.48   199.86     4.02   0.03  98.80

2021년 09월 16일 00시 32분 18초
avg-cpu:  %user   %nice %system %iowait  %steal   %idle
           0.13    0.00    2.77    1.57    0.00   95.53

Device            r/s     w/s     rMB/s     wMB/s   rrqm/s   wrqm/s  %rrqm  %wrqm r_await w_await aqu-sz rareq-sz wareq-sz  svctm  %util
sdb            706.00 34005.00    122.55    133.42 32604.00   164.00  97.88   0.48    7.38    0.38   9.22   177.75     4.02   0.03  99.20

2021년 09월 16일 00시 32분 19초
avg-cpu:  %user   %nice %system %iowait  %steal   %idle
           0.00    0.00    2.64    1.82    0.00   95.53

Device            r/s     w/s     rMB/s     wMB/s   rrqm/s   wrqm/s  %rrqm  %wrqm r_await w_await aqu-sz rareq-sz wareq-sz  svctm  %util
sdb            575.00 28396.00    107.75    111.19 25072.00    78.00  97.76   0.27    8.80    0.42   9.62   191.89     4.01   0.03  85.20

2021년 09월 16일 00시 32분 20초
avg-cpu:  %user   %nice %system %iowait  %steal   %idle
           0.06    0.00    0.12    0.00    0.00   99.81

Device            r/s     w/s     rMB/s     wMB/s   rrqm/s   wrqm/s  %rrqm  %wrqm r_await w_await aqu-sz rareq-sz wareq-sz  svctm  %util
sdb              0.00    0.00      0.00      0.00     0.00     0.00   0.00   0.00    0.00    0.00   0.00     0.00     0.00   0.00   0.00

2021년 09월 16일 00시 32분 21초
avg-cpu:  %user   %nice %system %iowait  %steal   %idle
           0.00    0.00    0.12    0.00    0.00   99.88

Device            r/s     w/s     rMB/s     wMB/s   rrqm/s   wrqm/s  %rrqm  %wrqm r_await w_await aqu-sz rareq-sz wareq-sz  svctm  %util
sdb              0.00    0.00      0.00      0.00     0.00     0.00   0.00   0.00    0.00    0.00   0.00     0.00     0.00   0.00   0.00

2021년 09월 16일 00시 32분 22초
avg-cpu:  %user   %nice %system %iowait  %steal   %idle
           0.06    0.00    0.00    0.00    0.00   99.94

Device            r/s     w/s     rMB/s     wMB/s   rrqm/s   wrqm/s  %rrqm  %wrqm r_await w_await aqu-sz rareq-sz wareq-sz  svctm  %util
sdb              0.00    0.00      0.00      0.00     0.00     0.00   0.00   0.00    0.00    0.00   0.00     0.00     0.00   0.00   0.00

