Linux 5.5.8test (syslab-desk) 	2021년 09월 16일 	_x86_64_	(16 CPU)

2021년 09월 16일 00시 16분 58초
avg-cpu:  %user   %nice %system %iowait  %steal   %idle
           0.10    0.00    0.14    0.28    0.00   99.47

Device            r/s     w/s     rMB/s     wMB/s   rrqm/s   wrqm/s  %rrqm  %wrqm r_await w_await aqu-sz rareq-sz wareq-sz  svctm  %util
sdb             14.20  125.63      0.09      2.15     8.77   155.32  38.17  55.28    0.45    0.77   0.02     6.48    17.56   0.12   1.63

2021년 09월 16일 00시 16분 59초
avg-cpu:  %user   %nice %system %iowait  %steal   %idle
           0.06    0.00    0.12    0.00    0.00   99.81

Device            r/s     w/s     rMB/s     wMB/s   rrqm/s   wrqm/s  %rrqm  %wrqm r_await w_await aqu-sz rareq-sz wareq-sz  svctm  %util
sdb              0.00    0.00      0.00      0.00     0.00     0.00   0.00   0.00    0.00    0.00   0.00     0.00     0.00   0.00   0.00

2021년 09월 16일 00시 17분 00초
avg-cpu:  %user   %nice %system %iowait  %steal   %idle
           0.12    0.00    0.06    0.00    0.00   99.81

Device            r/s     w/s     rMB/s     wMB/s   rrqm/s   wrqm/s  %rrqm  %wrqm r_await w_await aqu-sz rareq-sz wareq-sz  svctm  %util
sdb              0.00    0.00      0.00      0.00     0.00     0.00   0.00   0.00    0.00    0.00   0.00     0.00     0.00   0.00   0.00

2021년 09월 16일 00시 17분 01초
avg-cpu:  %user   %nice %system %iowait  %steal   %idle
           0.06    0.00    1.77    0.38    0.00   97.79

Device            r/s     w/s     rMB/s     wMB/s   rrqm/s   wrqm/s  %rrqm  %wrqm r_await w_await aqu-sz rareq-sz wareq-sz  svctm  %util
sdb            690.00 15287.00     60.14     59.69 14704.00     0.00  95.52   0.00    4.38    0.23   2.27    89.26     4.00   0.03  54.40

2021년 09월 16일 00시 17분 02초
avg-cpu:  %user   %nice %system %iowait  %steal   %idle
           0.00    0.00    3.60    0.32    0.00   96.09

Device            r/s     w/s     rMB/s     wMB/s   rrqm/s   wrqm/s  %rrqm  %wrqm r_await w_await aqu-sz rareq-sz wareq-sz  svctm  %util
sdb           1177.00 28252.00    110.18    110.31 27030.00     0.00  95.83   0.00    5.07    0.25   4.83    95.86     4.00   0.03  98.80

2021년 09월 16일 00시 17분 03초
avg-cpu:  %user   %nice %system %iowait  %steal   %idle
           0.00    0.00    1.96    0.38    0.00   97.66

Device            r/s     w/s     rMB/s     wMB/s   rrqm/s   wrqm/s  %rrqm  %wrqm r_await w_await aqu-sz rareq-sz wareq-sz  svctm  %util
sdb           1190.00 30732.00    125.07    120.00 32109.00     0.00  96.43   0.00    6.29    0.21   5.90   107.62     4.00   0.03 100.00

2021년 09월 16일 00시 17분 04초
avg-cpu:  %user   %nice %system %iowait  %steal   %idle
           0.06    0.00    2.54    0.38    0.00   97.02

Device            r/s     w/s     rMB/s     wMB/s   rrqm/s   wrqm/s  %rrqm  %wrqm r_await w_await aqu-sz rareq-sz wareq-sz  svctm  %util
sdb           1141.00 29540.00    115.25    115.35 27083.00     0.00  95.96   0.00    5.49    0.24   5.15   103.44     4.00   0.03  98.80

2021년 09월 16일 00시 17분 05초
avg-cpu:  %user   %nice %system %iowait  %steal   %idle
           0.06    0.00    3.35    0.25    0.00   96.34

Device            r/s     w/s     rMB/s     wMB/s   rrqm/s   wrqm/s  %rrqm  %wrqm r_await w_await aqu-sz rareq-sz wareq-sz  svctm  %util
sdb           1198.00 29363.00    110.35    114.65 27227.00     0.00  95.79   0.00    4.99    0.23   4.52    94.32     4.00   0.03  98.80

2021년 09월 16일 00시 17분 06초
avg-cpu:  %user   %nice %system %iowait  %steal   %idle
           0.00    0.00    2.34    0.32    0.00   97.34

Device            r/s     w/s     rMB/s     wMB/s   rrqm/s   wrqm/s  %rrqm  %wrqm r_await w_await aqu-sz rareq-sz wareq-sz  svctm  %util
sdb           1130.00 29317.00    119.98    115.34 29410.00   221.00  96.30   0.75    6.24    0.22   5.50   108.73     4.03   0.03 100.00

2021년 09월 16일 00시 17분 07초
avg-cpu:  %user   %nice %system %iowait  %steal   %idle
           0.00    0.00    3.04    0.32    0.00   96.64

Device            r/s     w/s     rMB/s     wMB/s   rrqm/s   wrqm/s  %rrqm  %wrqm r_await w_await aqu-sz rareq-sz wareq-sz  svctm  %util
sdb           1176.00 29188.00    110.14    113.97 27019.00     0.00  95.83   0.00    5.09    0.24   4.61    95.90     4.00   0.03  98.80

2021년 09월 16일 00시 17분 08초
avg-cpu:  %user   %nice %system %iowait  %steal   %idle
           0.13    0.00    0.31    0.06    0.00   99.50

Device            r/s     w/s     rMB/s     wMB/s   rrqm/s   wrqm/s  %rrqm  %wrqm r_await w_await aqu-sz rareq-sz wareq-sz  svctm  %util
sdb            127.00 2961.00     10.00     11.56  2434.00     0.00  95.04   0.00    3.35    0.23   0.22    80.66     4.00   0.03   8.80

2021년 09월 16일 00시 17분 09초
avg-cpu:  %user   %nice %system %iowait  %steal   %idle
           0.06    0.00    0.06    0.00    0.00   99.87

Device            r/s     w/s     rMB/s     wMB/s   rrqm/s   wrqm/s  %rrqm  %wrqm r_await w_await aqu-sz rareq-sz wareq-sz  svctm  %util
sdb              0.00    0.00      0.00      0.00     0.00     0.00   0.00   0.00    0.00    0.00   0.00     0.00     0.00   0.00   0.00

