Linux 5.5.8test (syslab-desk) 	2021년 09월 16일 	_x86_64_	(16 CPU)

2021년 09월 16일 00시 38분 45초
avg-cpu:  %user   %nice %system %iowait  %steal   %idle
           0.18    0.00    0.15    0.33    0.00   99.34

Device            r/s     w/s     rMB/s     wMB/s   rrqm/s   wrqm/s  %rrqm  %wrqm r_await w_await aqu-sz rareq-sz wareq-sz  svctm  %util
sdb             14.20  161.25      0.09      2.32     9.66   159.16  40.49  49.67    0.46    0.68   0.02     6.73    14.71   0.10   1.77

2021년 09월 16일 00시 38분 46초
avg-cpu:  %user   %nice %system %iowait  %steal   %idle
           0.12    0.00    0.19    0.06    0.00   99.63

Device            r/s     w/s     rMB/s     wMB/s   rrqm/s   wrqm/s  %rrqm  %wrqm r_await w_await aqu-sz rareq-sz wareq-sz  svctm  %util
sdb              0.00    0.00      0.00      0.00     0.00     0.00   0.00   0.00    0.00    0.00   0.00     0.00     0.00   0.00   0.00

2021년 09월 16일 00시 38분 47초
avg-cpu:  %user   %nice %system %iowait  %steal   %idle
           0.06    0.00    0.06    0.00    0.00   99.88

Device            r/s     w/s     rMB/s     wMB/s   rrqm/s   wrqm/s  %rrqm  %wrqm r_await w_await aqu-sz rareq-sz wareq-sz  svctm  %util
sdb              0.00    0.00      0.00      0.00     0.00     0.00   0.00   0.00    0.00    0.00   0.00     0.00     0.00   0.00   0.00

2021년 09월 16일 00시 38분 48초
avg-cpu:  %user   %nice %system %iowait  %steal   %idle
           0.06    0.00    3.04    1.14    0.00   95.75

Device            r/s     w/s     rMB/s     wMB/s   rrqm/s   wrqm/s  %rrqm  %wrqm r_await w_await aqu-sz rareq-sz wareq-sz  svctm  %util
sdb            707.00 30207.00    120.32    118.32 30092.00   104.00  97.70   0.34    7.17    0.40   8.97   174.27     4.01   0.03  95.20

2021년 09월 16일 00시 38분 49초
avg-cpu:  %user   %nice %system %iowait  %steal   %idle
           0.06    0.00    2.89    2.27    0.00   94.78

Device            r/s     w/s     rMB/s     wMB/s   rrqm/s   wrqm/s  %rrqm  %wrqm r_await w_await aqu-sz rareq-sz wareq-sz  svctm  %util
sdb            650.00 31030.00    130.19    121.80 32679.00   164.00  98.05   0.53    7.73    0.43   9.94   205.10     4.02   0.03  99.20

2021년 09월 16일 00시 38분 50초
avg-cpu:  %user   %nice %system %iowait  %steal   %idle
           0.00    0.00    2.52    2.45    0.00   95.03

Device            r/s     w/s     rMB/s     wMB/s   rrqm/s   wrqm/s  %rrqm  %wrqm r_await w_await aqu-sz rareq-sz wareq-sz  svctm  %util
sdb            639.00 34685.00    130.18    136.09 32688.00   167.00  98.08   0.48    7.89    0.41  10.50   208.62     4.02   0.03  99.60

2021년 09월 16일 00시 38분 51초
avg-cpu:  %user   %nice %system %iowait  %steal   %idle
           0.06    0.00    2.40    1.58    0.00   95.95

Device            r/s     w/s     rMB/s     wMB/s   rrqm/s   wrqm/s  %rrqm  %wrqm r_await w_await aqu-sz rareq-sz wareq-sz  svctm  %util
sdb            703.00 32261.00    130.14    126.58 32614.00   156.00  97.89   0.48    7.74    0.48  11.72   189.57     4.02   0.03  98.80

2021년 09월 16일 00시 38분 52초
avg-cpu:  %user   %nice %system %iowait  %steal   %idle
           0.06    0.00    3.53    1.45    0.00   94.96

Device            r/s     w/s     rMB/s     wMB/s   rrqm/s   wrqm/s  %rrqm  %wrqm r_await w_await aqu-sz rareq-sz wareq-sz  svctm  %util
sdb            729.00 31833.00    120.16    124.86 30032.00   144.00  97.63   0.45    7.12    0.47  11.22   168.78     4.02   0.03  99.20

2021년 09월 16일 00시 38분 53초
avg-cpu:  %user   %nice %system %iowait  %steal   %idle
           0.06    0.00    2.90    2.46    0.00   94.58

Device            r/s     w/s     rMB/s     wMB/s   rrqm/s   wrqm/s  %rrqm  %wrqm r_await w_await aqu-sz rareq-sz wareq-sz  svctm  %util
sdb            636.00 32181.00    120.07    126.25 30101.00   144.00  97.93   0.45    7.66    0.42   9.69   193.31     4.02   0.03  96.40

2021년 09월 16일 00시 38분 54초
avg-cpu:  %user   %nice %system %iowait  %steal   %idle
           0.12    0.00    0.12    0.00    0.00   99.75

Device            r/s     w/s     rMB/s     wMB/s   rrqm/s   wrqm/s  %rrqm  %wrqm r_await w_await aqu-sz rareq-sz wareq-sz  svctm  %util
sdb              0.00    0.00      0.00      0.00     0.00     0.00   0.00   0.00    0.00    0.00   0.00     0.00     0.00   0.00   0.00

2021년 09월 16일 00시 38분 55초
avg-cpu:  %user   %nice %system %iowait  %steal   %idle
           0.44    0.00    0.25    0.00    0.00   99.31

Device            r/s     w/s     rMB/s     wMB/s   rrqm/s   wrqm/s  %rrqm  %wrqm r_await w_await aqu-sz rareq-sz wareq-sz  svctm  %util
sdb              5.00    0.00      0.00      0.00     0.00     0.00   0.00   0.00    0.40    0.00   0.00     0.30     0.00   1.60   0.80

2021년 09월 16일 00시 38분 56초
avg-cpu:  %user   %nice %system %iowait  %steal   %idle
           0.06    0.00    0.12    0.00    0.00   99.81

Device            r/s     w/s     rMB/s     wMB/s   rrqm/s   wrqm/s  %rrqm  %wrqm r_await w_await aqu-sz rareq-sz wareq-sz  svctm  %util
sdb              0.00    0.00      0.00      0.00     0.00     0.00   0.00   0.00    0.00    0.00   0.00     0.00     0.00   0.00   0.00

