Linux 5.5.8test (syslab-desk) 	2021년 09월 16일 	_x86_64_	(16 CPU)

2021년 09월 16일 12시 29분 30초
avg-cpu:  %user   %nice %system %iowait  %steal   %idle
           0.34    0.00    0.19    0.50    0.00   98.96

Device            r/s     w/s     rMB/s     wMB/s   rrqm/s   wrqm/s  %rrqm  %wrqm r_await w_await aqu-sz rareq-sz wareq-sz  svctm  %util
nvme0n1          2.41   21.77      0.01      0.82     0.01     4.21   0.39  16.20    0.38    9.11   0.16     4.02    38.54   0.05   0.11

2021년 09월 16일 12시 29분 31초
avg-cpu:  %user   %nice %system %iowait  %steal   %idle
           0.06    0.00    0.19    0.00    0.00   99.75

Device            r/s     w/s     rMB/s     wMB/s   rrqm/s   wrqm/s  %rrqm  %wrqm r_await w_await aqu-sz rareq-sz wareq-sz  svctm  %util
nvme0n1          0.00    0.00      0.00      0.00     0.00     0.00   0.00   0.00    0.00    0.00   0.00     0.00     0.00   0.00   0.00

2021년 09월 16일 12시 29분 32초
avg-cpu:  %user   %nice %system %iowait  %steal   %idle
           0.06    0.00    0.06    0.00    0.00   99.87

Device            r/s     w/s     rMB/s     wMB/s   rrqm/s   wrqm/s  %rrqm  %wrqm r_await w_await aqu-sz rareq-sz wareq-sz  svctm  %util
nvme0n1          0.00    0.00      0.00      0.00     0.00     0.00   0.00   0.00    0.00    0.00   0.00     0.00     0.00   0.00   0.00

2021년 09월 16일 12시 29분 33초
avg-cpu:  %user   %nice %system %iowait  %steal   %idle
           0.06    0.00    0.12    0.00    0.00   99.81

Device            r/s     w/s     rMB/s     wMB/s   rrqm/s   wrqm/s  %rrqm  %wrqm r_await w_await aqu-sz rareq-sz wareq-sz  svctm  %util
nvme0n1          0.00    0.00      0.00      0.00     0.00     0.00   0.00   0.00    0.00    0.00   0.00     0.00     0.00   0.00   0.00

2021년 09월 16일 12시 29분 34초
avg-cpu:  %user   %nice %system %iowait  %steal   %idle
           0.06    0.00    0.19    0.00    0.00   99.75

Device            r/s     w/s     rMB/s     wMB/s   rrqm/s   wrqm/s  %rrqm  %wrqm r_await w_await aqu-sz rareq-sz wareq-sz  svctm  %util
nvme0n1          0.00    0.00      0.00      0.00     0.00     0.00   0.00   0.00    0.00    0.00   0.00     0.00     0.00   0.00   0.00

2021년 09월 16일 12시 29분 35초
avg-cpu:  %user   %nice %system %iowait  %steal   %idle
           0.25    0.00    2.88    2.00    0.00   94.88

Device            r/s     w/s     rMB/s     wMB/s   rrqm/s   wrqm/s  %rrqm  %wrqm r_await w_await aqu-sz rareq-sz wareq-sz  svctm  %util
nvme0n1       5488.00    1.00     45.24      0.00  6090.00     0.00  52.60   0.00    0.07    0.00   0.00     8.44     0.00   0.12  68.40

2021년 09월 16일 12시 29분 36초
avg-cpu:  %user   %nice %system %iowait  %steal   %idle
           0.38    0.00    4.03    7.74    0.00   87.85

Device            r/s     w/s     rMB/s     wMB/s   rrqm/s   wrqm/s  %rrqm  %wrqm r_await w_await aqu-sz rareq-sz wareq-sz  svctm  %util
nvme0n1       28680.00 29932.00    112.03    111.58     0.00     0.00   0.00   0.00    0.46    0.23   0.58     4.00     3.82   0.02  99.20

2021년 09월 16일 12시 29분 37초
avg-cpu:  %user   %nice %system %iowait  %steal   %idle
           0.31    0.00    4.90    7.16    0.00   87.63

Device            r/s     w/s     rMB/s     wMB/s   rrqm/s   wrqm/s  %rrqm  %wrqm r_await w_await aqu-sz rareq-sz wareq-sz  svctm  %util
nvme0n1       28270.00 29439.00    110.43    109.76     0.00     0.00   0.00   0.00    0.48    0.24   0.23     4.00     3.82   0.02  99.20

2021년 09월 16일 12시 29분 38초
avg-cpu:  %user   %nice %system %iowait  %steal   %idle
           0.38    0.00    4.12    7.10    0.00   88.40

Device            r/s     w/s     rMB/s     wMB/s   rrqm/s   wrqm/s  %rrqm  %wrqm r_await w_await aqu-sz rareq-sz wareq-sz  svctm  %util
nvme0n1       28273.00 29603.00    110.44    110.19     0.00     0.00   0.00   0.00    0.45    0.25   0.02     4.00     3.81   0.02 100.00

2021년 09월 16일 12시 29분 39초
avg-cpu:  %user   %nice %system %iowait  %steal   %idle
           0.25    0.00    4.11    7.26    0.00   88.38

Device            r/s     w/s     rMB/s     wMB/s   rrqm/s   wrqm/s  %rrqm  %wrqm r_await w_await aqu-sz rareq-sz wareq-sz  svctm  %util
nvme0n1       30146.00 31353.00    117.76    117.39     0.00     0.00   0.00   0.00    0.47    0.26   0.50     4.00     3.83   0.02  98.80

2021년 09월 16일 12시 29분 40초
avg-cpu:  %user   %nice %system %iowait  %steal   %idle
           0.32    0.00    3.18    5.02    0.00   91.49

Device            r/s     w/s     rMB/s     wMB/s   rrqm/s   wrqm/s  %rrqm  %wrqm r_await w_await aqu-sz rareq-sz wareq-sz  svctm  %util
nvme0n1       30631.00 32021.00    119.65    119.16     0.00     0.00   0.00   0.00    0.45    0.26   0.36     4.00     3.81   0.02  99.20

2021년 09월 16일 12시 29분 41초
avg-cpu:  %user   %nice %system %iowait  %steal   %idle
           0.25    0.00    4.35    7.44    0.00   87.96

Device            r/s     w/s     rMB/s     wMB/s   rrqm/s   wrqm/s  %rrqm  %wrqm r_await w_await aqu-sz rareq-sz wareq-sz  svctm  %util
nvme0n1       29097.00 30342.00    113.66    117.75     0.00  1177.00   0.00   3.73    0.47    0.25   0.51     4.00     3.97   0.02  99.60

2021년 09월 16일 12시 29분 42초
avg-cpu:  %user   %nice %system %iowait  %steal   %idle
           0.32    0.00    4.11    7.22    0.00   88.35

Device            r/s     w/s     rMB/s     wMB/s   rrqm/s   wrqm/s  %rrqm  %wrqm r_await w_await aqu-sz rareq-sz wareq-sz  svctm  %util
nvme0n1       29062.00 30498.00    113.52    113.38     0.00     0.00   0.00   0.00    0.46    0.26   0.12     4.00     3.81   0.02 100.00

2021년 09월 16일 12시 29분 43초
avg-cpu:  %user   %nice %system %iowait  %steal   %idle
           0.13    0.00    3.49    7.68    0.00   88.70

Device            r/s     w/s     rMB/s     wMB/s   rrqm/s   wrqm/s  %rrqm  %wrqm r_await w_await aqu-sz rareq-sz wareq-sz  svctm  %util
nvme0n1       30223.00 31562.00    118.06    117.70     0.00     0.00   0.00   0.00    0.48    0.26   0.30     4.00     3.82   0.02  99.20

2021년 09월 16일 12시 29분 44초
avg-cpu:  %user   %nice %system %iowait  %steal   %idle
           0.25    0.00    3.91    7.64    0.00   88.19

Device            r/s     w/s     rMB/s     wMB/s   rrqm/s   wrqm/s  %rrqm  %wrqm r_await w_await aqu-sz rareq-sz wareq-sz  svctm  %util
nvme0n1       29918.00 31021.00    116.87    116.12     0.00     0.00   0.00   0.00    0.51    0.26   0.32     4.00     3.83   0.02  99.60

2021년 09월 16일 12시 29분 45초
avg-cpu:  %user   %nice %system %iowait  %steal   %idle
           0.19    0.00    3.99    7.41    0.00   88.42

Device            r/s     w/s     rMB/s     wMB/s   rrqm/s   wrqm/s  %rrqm  %wrqm r_await w_await aqu-sz rareq-sz wareq-sz  svctm  %util
nvme0n1       28925.00 30317.00    112.99    113.00     0.00     0.00   0.00   0.00    0.49    0.25   0.00     4.00     3.82   0.02  99.20

2021년 09월 16일 12시 29분 46초
avg-cpu:  %user   %nice %system %iowait  %steal   %idle
           0.19    0.00    3.81    7.56    0.00   88.44

Device            r/s     w/s     rMB/s     wMB/s   rrqm/s   wrqm/s  %rrqm  %wrqm r_await w_await aqu-sz rareq-sz wareq-sz  svctm  %util
nvme0n1       29785.00 31038.00    116.35    120.30     0.00  1161.00   0.00   3.61    0.49    0.26   0.02     4.00     3.97   0.02 100.00

2021년 09월 16일 12시 29분 47초
avg-cpu:  %user   %nice %system %iowait  %steal   %idle
           0.44    0.00    3.74    6.90    0.00   88.92

Device            r/s     w/s     rMB/s     wMB/s   rrqm/s   wrqm/s  %rrqm  %wrqm r_await w_await aqu-sz rareq-sz wareq-sz  svctm  %util
nvme0n1       28778.00 30219.00    112.41    112.34     0.00     0.00   0.00   0.00    0.45    0.26   0.03     4.00     3.81   0.02  98.40

2021년 09월 16일 12시 29분 48초
avg-cpu:  %user   %nice %system %iowait  %steal   %idle
           0.25    0.00    2.86    5.08    0.00   91.80

Device            r/s     w/s     rMB/s     wMB/s   rrqm/s   wrqm/s  %rrqm  %wrqm r_await w_await aqu-sz rareq-sz wareq-sz  svctm  %util
nvme0n1       31235.00 32667.00    122.01    121.72     0.00     0.00   0.00   0.00    0.45    0.28   0.20     4.00     3.82   0.02  99.20

2021년 09월 16일 12시 29분 49초
avg-cpu:  %user   %nice %system %iowait  %steal   %idle
           0.32    0.00    3.74    5.83    0.00   90.11

Device            r/s     w/s     rMB/s     wMB/s   rrqm/s   wrqm/s  %rrqm  %wrqm r_await w_await aqu-sz rareq-sz wareq-sz  svctm  %util
nvme0n1       31078.00 32427.00    121.40    120.90     0.00     0.00   0.00   0.00    0.43    0.27   0.02     4.00     3.82   0.02  99.20

2021년 09월 16일 12시 29분 50초
avg-cpu:  %user   %nice %system %iowait  %steal   %idle
           0.32    0.00    4.06    7.10    0.00   88.52

Device            r/s     w/s     rMB/s     wMB/s   rrqm/s   wrqm/s  %rrqm  %wrqm r_await w_await aqu-sz rareq-sz wareq-sz  svctm  %util
nvme0n1       29298.00 30556.00    114.45    114.14     0.00     0.00   0.00   0.00    0.45    0.26   0.00     4.00     3.83   0.02 100.00

2021년 09월 16일 12시 29분 51초
avg-cpu:  %user   %nice %system %iowait  %steal   %idle
           0.25    0.00    3.80    7.09    0.00   88.85

Device            r/s     w/s     rMB/s     wMB/s   rrqm/s   wrqm/s  %rrqm  %wrqm r_await w_await aqu-sz rareq-sz wareq-sz  svctm  %util
nvme0n1       29563.00 30790.00    115.48    120.15     0.00  1320.00   0.00   4.11    0.43    0.26   0.03     4.00     4.00   0.02  98.80

2021년 09월 16일 12시 29분 52초
avg-cpu:  %user   %nice %system %iowait  %steal   %idle
           0.19    0.00    3.16    5.25    0.00   91.39

Device            r/s     w/s     rMB/s     wMB/s   rrqm/s   wrqm/s  %rrqm  %wrqm r_await w_await aqu-sz rareq-sz wareq-sz  svctm  %util
nvme0n1       31829.00 33269.00    124.33    124.16     0.00     0.00   0.00   0.00    0.46    0.28   0.02     4.00     3.82   0.02  99.20

2021년 09월 16일 12시 29분 53초
avg-cpu:  %user   %nice %system %iowait  %steal   %idle
           0.38    0.00    3.87    7.29    0.00   88.46

Device            r/s     w/s     rMB/s     wMB/s   rrqm/s   wrqm/s  %rrqm  %wrqm r_await w_await aqu-sz rareq-sz wareq-sz  svctm  %util
nvme0n1       27601.00 28948.00    107.82    107.64     0.00     0.00   0.00   0.00    0.50    0.24   0.08     4.00     3.81   0.02 100.00

2021년 09월 16일 12시 29분 54초
avg-cpu:  %user   %nice %system %iowait  %steal   %idle
           0.25    0.00    4.41    7.55    0.00   87.79

Device            r/s     w/s     rMB/s     wMB/s   rrqm/s   wrqm/s  %rrqm  %wrqm r_await w_await aqu-sz rareq-sz wareq-sz  svctm  %util
nvme0n1       28878.00 30153.00    112.80    112.12     0.00     0.00   0.00   0.00    0.46    0.27   0.31     4.00     3.81   0.02  99.20

2021년 09월 16일 12시 29분 55초
avg-cpu:  %user   %nice %system %iowait  %steal   %idle
           0.44    0.00    3.99    7.16    0.00   88.40

Device            r/s     w/s     rMB/s     wMB/s   rrqm/s   wrqm/s  %rrqm  %wrqm r_await w_await aqu-sz rareq-sz wareq-sz  svctm  %util
nvme0n1       28891.00 30295.00    112.86    112.65     0.00     0.00   0.00   0.00    0.45    0.24   0.16     4.00     3.81   0.02  99.20

2021년 09월 16일 12시 29분 56초
avg-cpu:  %user   %nice %system %iowait  %steal   %idle
           0.19    0.00    4.49    7.33    0.00   88.00

Device            r/s     w/s     rMB/s     wMB/s   rrqm/s   wrqm/s  %rrqm  %wrqm r_await w_await aqu-sz rareq-sz wareq-sz  svctm  %util
nvme0n1       30251.00 31574.00    118.17    123.48     0.00  1372.00   0.00   4.16    0.47    0.26   0.26     4.00     4.00   0.02  99.20

2021년 09월 16일 12시 29분 57초
avg-cpu:  %user   %nice %system %iowait  %steal   %idle
           0.32    0.00    4.30    7.15    0.00   88.24

Device            r/s     w/s     rMB/s     wMB/s   rrqm/s   wrqm/s  %rrqm  %wrqm r_await w_await aqu-sz rareq-sz wareq-sz  svctm  %util
nvme0n1       30642.00 31965.00    119.70    119.38     0.00     0.00   0.00   0.00    0.47    0.24   0.06     4.00     3.82   0.02 100.00

2021년 09월 16일 12시 29분 58초
avg-cpu:  %user   %nice %system %iowait  %steal   %idle
           0.25    0.00    3.86    5.44    0.00   90.46

Device            r/s     w/s     rMB/s     wMB/s   rrqm/s   wrqm/s  %rrqm  %wrqm r_await w_await aqu-sz rareq-sz wareq-sz  svctm  %util
nvme0n1       29875.00 31264.00    116.70    116.15     0.00     0.00   0.00   0.00    0.48    0.28   0.51     4.00     3.80   0.02  99.20

2021년 09월 16일 12시 29분 59초
avg-cpu:  %user   %nice %system %iowait  %steal   %idle
           0.25    0.00    3.49    7.61    0.00   88.64

Device            r/s     w/s     rMB/s     wMB/s   rrqm/s   wrqm/s  %rrqm  %wrqm r_await w_await aqu-sz rareq-sz wareq-sz  svctm  %util
nvme0n1       29679.00 31092.00    115.93    115.79     0.00     0.00   0.00   0.00    0.50    0.25   0.54     4.00     3.81   0.02  99.20

2021년 09월 16일 12시 30분 00초
avg-cpu:  %user   %nice %system %iowait  %steal   %idle
           0.44    0.00    4.23    7.20    0.00   88.12

Device            r/s     w/s     rMB/s     wMB/s   rrqm/s   wrqm/s  %rrqm  %wrqm r_await w_await aqu-sz rareq-sz wareq-sz  svctm  %util
nvme0n1       29193.00 30643.00    114.04    113.49     0.00     0.00   0.00   0.00    0.47    0.25   0.02     4.00     3.79   0.02  99.60

2021년 09월 16일 12시 30분 01초
avg-cpu:  %user   %nice %system %iowait  %steal   %idle
           0.19    0.00    3.32    7.08    0.00   89.41

Device            r/s     w/s     rMB/s     wMB/s   rrqm/s   wrqm/s  %rrqm  %wrqm r_await w_await aqu-sz rareq-sz wareq-sz  svctm  %util
nvme0n1       28474.00 30077.00    111.23    115.73     0.00  1244.00   0.00   3.97    0.49    0.26   0.17     4.00     3.94   0.02 100.00

2021년 09월 16일 12시 30분 02초
avg-cpu:  %user   %nice %system %iowait  %steal   %idle
           0.31    0.00    4.28    7.43    0.00   87.97

Device            r/s     w/s     rMB/s     wMB/s   rrqm/s   wrqm/s  %rrqm  %wrqm r_await w_await aqu-sz rareq-sz wareq-sz  svctm  %util
nvme0n1       27934.00 29298.00    109.12    109.06     0.00     0.00   0.00   0.00    0.53    0.25   0.61     4.00     3.81   0.02  99.60

2021년 09월 16일 12시 30분 03초
avg-cpu:  %user   %nice %system %iowait  %steal   %idle
           0.32    0.00    4.11    7.33    0.00   88.24

Device            r/s     w/s     rMB/s     wMB/s   rrqm/s   wrqm/s  %rrqm  %wrqm r_await w_await aqu-sz rareq-sz wareq-sz  svctm  %util
nvme0n1       29549.00 30964.00    115.43    115.00     0.00     0.00   0.00   0.00    0.49    0.27   0.02     4.00     3.80   0.02  99.20

2021년 09월 16일 12시 30분 04초
avg-cpu:  %user   %nice %system %iowait  %steal   %idle
           0.06    0.00    2.92    8.44    0.00   88.58

Device            r/s     w/s     rMB/s     wMB/s   rrqm/s   wrqm/s  %rrqm  %wrqm r_await w_await aqu-sz rareq-sz wareq-sz  svctm  %util
nvme0n1       30698.00 32096.00    119.91    119.55     0.00     0.00   0.00   0.00    0.47    0.28   0.14     4.00     3.81   0.02  99.20

2021년 09월 16일 12시 30분 05초
avg-cpu:  %user   %nice %system %iowait  %steal   %idle
           0.13    0.00    3.72    7.95    0.00   88.19

Device            r/s     w/s     rMB/s     wMB/s   rrqm/s   wrqm/s  %rrqm  %wrqm r_await w_await aqu-sz rareq-sz wareq-sz  svctm  %util
nvme0n1       31567.00 32956.00    123.31    122.89     0.00     0.00   0.00   0.00    0.46    0.27   0.00     4.00     3.82   0.02 100.00

2021년 09월 16일 12시 30분 06초
avg-cpu:  %user   %nice %system %iowait  %steal   %idle
           0.38    0.00    3.71    8.06    0.00   87.85

Device            r/s     w/s     rMB/s     wMB/s   rrqm/s   wrqm/s  %rrqm  %wrqm r_await w_await aqu-sz rareq-sz wareq-sz  svctm  %util
nvme0n1       30364.00 31867.00    118.61    123.54     0.00  1300.00   0.00   3.92    0.53    0.29   1.45     4.00     3.97   0.02  99.20

2021년 09월 16일 12시 30분 07초
avg-cpu:  %user   %nice %system %iowait  %steal   %idle
           0.32    0.00    3.48    7.84    0.00   88.36

Device            r/s     w/s     rMB/s     wMB/s   rrqm/s   wrqm/s  %rrqm  %wrqm r_await w_await aqu-sz rareq-sz wareq-sz  svctm  %util
nvme0n1       29661.00 30916.00    115.86    115.50     0.00     0.00   0.00   0.00    0.50    0.26   0.93     4.00     3.83   0.02  99.20

2021년 09월 16일 12시 30분 08초
avg-cpu:  %user   %nice %system %iowait  %steal   %idle
           0.19    0.00    3.56    7.37    0.00   88.89

Device            r/s     w/s     rMB/s     wMB/s   rrqm/s   wrqm/s  %rrqm  %wrqm r_await w_await aqu-sz rareq-sz wareq-sz  svctm  %util
nvme0n1       29995.00 31395.00    117.17    116.79     0.00     0.00   0.00   0.00    0.48    0.26   0.19     4.00     3.81   0.02 100.00

2021년 09월 16일 12시 30분 09초
avg-cpu:  %user   %nice %system %iowait  %steal   %idle
           0.25    0.00    4.96    7.16    0.00   87.63

Device            r/s     w/s     rMB/s     wMB/s   rrqm/s   wrqm/s  %rrqm  %wrqm r_await w_await aqu-sz rareq-sz wareq-sz  svctm  %util
nvme0n1       29748.00 31132.00    116.20    115.79     0.00     0.00   0.00   0.00    0.45    0.25   0.00     4.00     3.81   0.02 100.00

2021년 09월 16일 12시 30분 10초
avg-cpu:  %user   %nice %system %iowait  %steal   %idle
           0.25    0.00    3.28    8.21    0.00   88.26

Device            r/s     w/s     rMB/s     wMB/s   rrqm/s   wrqm/s  %rrqm  %wrqm r_await w_await aqu-sz rareq-sz wareq-sz  svctm  %util
nvme0n1       30382.00 31630.00    118.68    117.75     0.00     0.00   0.00   0.00    0.50    0.27   0.61     4.00     3.81   0.02  99.20

2021년 09월 16일 12시 30분 11초
avg-cpu:  %user   %nice %system %iowait  %steal   %idle
           0.19    0.00    3.33    8.87    0.00   87.61

Device            r/s     w/s     rMB/s     wMB/s   rrqm/s   wrqm/s  %rrqm  %wrqm r_await w_await aqu-sz rareq-sz wareq-sz  svctm  %util
nvme0n1       29324.00 31381.00    114.55    150.48     0.00  8634.00   0.00  21.58    0.48    0.41   2.38     4.00     4.91   0.02  98.40

2021년 09월 16일 12시 30분 12초
avg-cpu:  %user   %nice %system %iowait  %steal   %idle
           0.32    0.00    3.23    8.04    0.00   88.41

Device            r/s     w/s     rMB/s     wMB/s   rrqm/s   wrqm/s  %rrqm  %wrqm r_await w_await aqu-sz rareq-sz wareq-sz  svctm  %util
nvme0n1       28479.00 29790.00    111.25    110.90     0.00     0.00   0.00   0.00    0.51    0.27   0.52     4.00     3.81   0.02  99.20

2021년 09월 16일 12시 30분 13초
avg-cpu:  %user   %nice %system %iowait  %steal   %idle
           0.13    0.00    4.42    7.32    0.00   88.14

Device            r/s     w/s     rMB/s     wMB/s   rrqm/s   wrqm/s  %rrqm  %wrqm r_await w_await aqu-sz rareq-sz wareq-sz  svctm  %util
nvme0n1       29111.00 30450.00    113.71    113.44     0.00     0.00   0.00   0.00    0.46    0.27   0.00     4.00     3.81   0.02 100.00

2021년 09월 16일 12시 30분 14초
avg-cpu:  %user   %nice %system %iowait  %steal   %idle
           0.25    0.00    4.45    4.45    0.00   90.85

Device            r/s     w/s     rMB/s     wMB/s   rrqm/s   wrqm/s  %rrqm  %wrqm r_await w_await aqu-sz rareq-sz wareq-sz  svctm  %util
nvme0n1       28743.00 30443.00    112.28    111.93     0.00     0.00   0.00   0.00    0.45    0.27   0.07     4.00     3.77   0.02  99.20

2021년 09월 16일 12시 30분 15초
avg-cpu:  %user   %nice %system %iowait  %steal   %idle
           0.06    0.00    5.35    4.29    0.00   90.29

Device            r/s     w/s     rMB/s     wMB/s   rrqm/s   wrqm/s  %rrqm  %wrqm r_await w_await aqu-sz rareq-sz wareq-sz  svctm  %util
nvme0n1       28079.00 29739.00    109.68    109.24     0.00     0.00   0.00   0.00    0.42    0.26   0.13     4.00     3.76   0.02  99.60

2021년 09월 16일 12시 30분 16초
avg-cpu:  %user   %nice %system %iowait  %steal   %idle
           0.31    0.00    4.17    4.74    0.00   90.78

Device            r/s     w/s     rMB/s     wMB/s   rrqm/s   wrqm/s  %rrqm  %wrqm r_await w_await aqu-sz rareq-sz wareq-sz  svctm  %util
nvme0n1       29678.00 31630.00    115.93    120.29     0.00  1177.00   0.00   3.59    0.45    0.28   0.22     4.00     3.89   0.02  99.20

2021년 09월 16일 12시 30분 17초
avg-cpu:  %user   %nice %system %iowait  %steal   %idle
           0.19    0.00    3.66    6.06    0.00   90.09

Device            r/s     w/s     rMB/s     wMB/s   rrqm/s   wrqm/s  %rrqm  %wrqm r_await w_await aqu-sz rareq-sz wareq-sz  svctm  %util
nvme0n1       29215.00 31012.00    114.12    113.70     0.00     0.00   0.00   0.00    0.45    0.27   0.04     4.00     3.75   0.02 100.00

2021년 09월 16일 12시 30분 18초
avg-cpu:  %user   %nice %system %iowait  %steal   %idle
           0.19    0.00    4.05    7.34    0.00   88.42

Device            r/s     w/s     rMB/s     wMB/s   rrqm/s   wrqm/s  %rrqm  %wrqm r_await w_await aqu-sz rareq-sz wareq-sz  svctm  %util
nvme0n1       27048.00 28834.00    105.66    105.33     0.00     0.00   0.00   0.00    0.43    0.24   0.02     4.00     3.74   0.02  98.80

2021년 09월 16일 12시 30분 19초
avg-cpu:  %user   %nice %system %iowait  %steal   %idle
           0.19    0.00    3.99    7.23    0.00   88.59

Device            r/s     w/s     rMB/s     wMB/s   rrqm/s   wrqm/s  %rrqm  %wrqm r_await w_await aqu-sz rareq-sz wareq-sz  svctm  %util
nvme0n1       28403.00 30085.00    110.95    110.59     0.00     0.00   0.00   0.00    0.46    0.25   0.02     4.00     3.76   0.02  99.20

2021년 09월 16일 12시 30분 20초
avg-cpu:  %user   %nice %system %iowait  %steal   %idle
           0.19    0.00    3.81    7.25    0.00   88.75

Device            r/s     w/s     rMB/s     wMB/s   rrqm/s   wrqm/s  %rrqm  %wrqm r_await w_await aqu-sz rareq-sz wareq-sz  svctm  %util
nvme0n1       26641.00 28437.00    104.07    103.73     0.00     0.00   0.00   0.00    0.43    0.24   0.00     4.00     3.74   0.02 100.00

2021년 09월 16일 12시 30분 21초
avg-cpu:  %user   %nice %system %iowait  %steal   %idle
           0.31    0.00    6.42    7.10    0.00   86.16

Device            r/s     w/s     rMB/s     wMB/s   rrqm/s   wrqm/s  %rrqm  %wrqm r_await w_await aqu-sz rareq-sz wareq-sz  svctm  %util
nvme0n1       27344.00 29018.00    106.81    111.27     0.00  1197.00   0.00   3.96    0.43    0.26   0.40     4.00     3.93   0.02  99.20

2021년 09월 16일 12시 30분 22초
avg-cpu:  %user   %nice %system %iowait  %steal   %idle
           0.32    0.00    4.24    7.14    0.00   88.31

Device            r/s     w/s     rMB/s     wMB/s   rrqm/s   wrqm/s  %rrqm  %wrqm r_await w_await aqu-sz rareq-sz wareq-sz  svctm  %util
nvme0n1       29491.00 30811.00    115.20    114.89     0.00     0.00   0.00   0.00    0.46    0.25   0.02     4.00     3.82   0.02  99.20

2021년 09월 16일 12시 30분 23초
avg-cpu:  %user   %nice %system %iowait  %steal   %idle
           0.19    0.00    2.92    4.51    0.00   92.38

Device            r/s     w/s     rMB/s     wMB/s   rrqm/s   wrqm/s  %rrqm  %wrqm r_await w_await aqu-sz rareq-sz wareq-sz  svctm  %util
nvme0n1       30909.00 32401.00    120.74    120.28     0.00     0.00   0.00   0.00    0.45    0.27   0.21     4.00     3.80   0.02  99.20

2021년 09월 16일 12시 30분 24초
avg-cpu:  %user   %nice %system %iowait  %steal   %idle
           0.06    0.00    3.56    6.22    0.00   90.16

Device            r/s     w/s     rMB/s     wMB/s   rrqm/s   wrqm/s  %rrqm  %wrqm r_await w_await aqu-sz rareq-sz wareq-sz  svctm  %util
nvme0n1       30264.00 31678.00    118.22    117.91     0.00     0.00   0.00   0.00    0.45    0.26   0.00     4.00     3.81   0.02 100.00

2021년 09월 16일 12시 30분 25초
avg-cpu:  %user   %nice %system %iowait  %steal   %idle
           0.25    0.00    3.93    7.29    0.00   88.52

Device            r/s     w/s     rMB/s     wMB/s   rrqm/s   wrqm/s  %rrqm  %wrqm r_await w_await aqu-sz rareq-sz wareq-sz  svctm  %util
nvme0n1       27816.00 29486.00    108.66    108.10     0.00     0.00   0.00   0.00    0.45    0.25   0.02     4.00     3.75   0.02  99.20

2021년 09월 16일 12시 30분 26초
avg-cpu:  %user   %nice %system %iowait  %steal   %idle
           0.25    0.00    4.48    7.31    0.00   87.96

Device            r/s     w/s     rMB/s     wMB/s   rrqm/s   wrqm/s  %rrqm  %wrqm r_await w_await aqu-sz rareq-sz wareq-sz  svctm  %util
nvme0n1       27009.00 28818.00    105.50    110.24     0.00  1222.00   0.00   4.07    0.51    0.28   1.73     4.00     3.92   0.02  99.20

2021년 09월 16일 12시 30분 27초
avg-cpu:  %user   %nice %system %iowait  %steal   %idle
           0.13    0.00    2.01    2.89    0.00   94.98

Device            r/s     w/s     rMB/s     wMB/s   rrqm/s   wrqm/s  %rrqm  %wrqm r_await w_await aqu-sz rareq-sz wareq-sz  svctm  %util
nvme0n1       11903.00 12520.00     46.50     46.43     0.00     0.00   0.00   0.00    0.46    0.25   0.00     4.00     3.80   0.02  40.80

2021년 09월 16일 12시 30분 28초
avg-cpu:  %user   %nice %system %iowait  %steal   %idle
           0.00    0.00    0.12    0.00    0.00   99.88

Device            r/s     w/s     rMB/s     wMB/s   rrqm/s   wrqm/s  %rrqm  %wrqm r_await w_await aqu-sz rareq-sz wareq-sz  svctm  %util
nvme0n1          0.00    0.00      0.00      0.00     0.00     0.00   0.00   0.00    0.00    0.00   0.00     0.00     0.00   0.00   0.00

2021년 09월 16일 12시 30분 29초
avg-cpu:  %user   %nice %system %iowait  %steal   %idle
           0.00    0.00    0.13    0.00    0.00   99.87

Device            r/s     w/s     rMB/s     wMB/s   rrqm/s   wrqm/s  %rrqm  %wrqm r_await w_await aqu-sz rareq-sz wareq-sz  svctm  %util
nvme0n1          0.00    0.00      0.00      0.00     0.00     0.00   0.00   0.00    0.00    0.00   0.00     0.00     0.00   0.00   0.00

